[ 2023-10-01T03:17:33+08:00 ] [ log ] www.at111.icu/99/ [运行时间：0.014066s][吞吐率：71.09req/s] [内存消耗：1,865.37kb] [文件加载：51]
[ error ] [8]未定义数组下标: 1

---------------------------------------------------------------
[ 2023-10-01T03:17:35+08:00 ] [ log ] www.at111.icu/99/favicon.ico [运行时间：0.009303s][吞吐率：107.49req/s] [内存消耗：1,650.74kb] [文件加载：44]
[ error ] [8]未定义数组下标: 1

---------------------------------------------------------------
[ 2023-10-01T03:17:39+08:00 ] [ log ] www.at111.icu/99/index/open.html [运行时间：0.012862s][吞吐率：77.75req/s] [内存消耗：1,865.13kb] [文件加载：50]
[ error ] [8]未定义数组下标: 1

---------------------------------------------------------------
[ 2023-10-01T03:23:43+08:00 ] [ log ] www.at111.icu/99/ [运行时间：0.019397s][吞吐率：51.55req/s] [内存消耗：1,864.81kb] [文件加载：51]
[ error ] [8]未定义数组下标: 1

---------------------------------------------------------------
[ 2023-10-01T04:18:15+08:00 ] [ log ] www.at111.icu/99/?uc_sm=1 [运行时间：0.011008s][吞吐率：90.84req/s] [内存消耗：1,865.98kb] [文件加载：51]
[ error ] [8]未定义数组下标: 1

---------------------------------------------------------------
[ 2023-10-01T04:18:15+08:00 ] [ log ] www.at111.icu/99/ [运行时间：0.010484s][吞吐率：95.38req/s] [内存消耗：1,865.34kb] [文件加载：51]
[ error ] [8]未定义数组下标: 1

---------------------------------------------------------------
[ 2023-10-01T05:52:53+08:00 ] [ log ] at111.icu/99/ [运行时间：0.010732s][吞吐率：93.18req/s] [内存消耗：1,865.34kb] [文件加载：51]
[ error ] [8]未定义数组下标: 1

---------------------------------------------------------------
[ 2023-10-01T05:52:55+08:00 ] [ log ] at111.icu/99/favicon.ico [运行时间：0.032671s][吞吐率：30.61req/s] [内存消耗：1,650.74kb] [文件加载：44]
[ error ] [8]未定义数组下标: 1

---------------------------------------------------------------
[ 2023-10-01T05:52:58+08:00 ] [ log ] at111.icu/99/index/open.html [运行时间：0.011187s][吞吐率：89.39req/s] [内存消耗：1,865.12kb] [文件加载：50]
[ error ] [8]未定义数组下标: 1

---------------------------------------------------------------
[ 2023-10-01T08:12:14+08:00 ] [ log ] www.at111.icu/99/ [运行时间：0.029465s][吞吐率：33.94req/s] [内存消耗：1,865.34kb] [文件加载：51]
[ error ] [8]未定义数组下标: 1

---------------------------------------------------------------
[ 2023-10-01T08:12:16+08:00 ] [ log ] www.at111.icu/99/favicon.ico [运行时间：0.011363s][吞吐率：88.00req/s] [内存消耗：1,650.74kb] [文件加载：44]
[ error ] [8]未定义数组下标: 1

---------------------------------------------------------------
[ 2023-10-01T08:12:19+08:00 ] [ log ] www.at111.icu/99/index/open.html [运行时间：0.010707s][吞吐率：93.40req/s] [内存消耗：1,865.13kb] [文件加载：50]
[ error ] [8]未定义数组下标: 1

---------------------------------------------------------------
[ 2023-10-01T10:10:09+08:00 ] [ log ] www.at111.icu/99/ [运行时间：0.033285s][吞吐率：30.04req/s] [内存消耗：1,865.34kb] [文件加载：51]
[ error ] [8]未定义数组下标: 1

---------------------------------------------------------------
[ 2023-10-01T10:10:12+08:00 ] [ log ] www.at111.icu/99/favicon.ico [运行时间：0.009817s][吞吐率：101.86req/s] [内存消耗：1,650.74kb] [文件加载：44]
[ error ] [8]未定义数组下标: 1

---------------------------------------------------------------
[ 2023-10-01T10:10:16+08:00 ] [ log ] www.at111.icu/99/index/open.html [运行时间：0.011538s][吞吐率：86.67req/s] [内存消耗：1,865.13kb] [文件加载：50]
[ error ] [8]未定义数组下标: 1

---------------------------------------------------------------
[ 2023-10-01T10:23:39+08:00 ] [ log ] www.at111.icu/99/ [运行时间：0.014819s][吞吐率：67.48req/s] [内存消耗：1,864.81kb] [文件加载：51]
[ error ] [8]未定义数组下标: 1

---------------------------------------------------------------
[ 2023-10-01T10:23:40+08:00 ] [ log ] www.at111.icu/99/favicon.ico [运行时间：0.009421s][吞吐率：106.14req/s] [内存消耗：1,650.74kb] [文件加载：44]
[ error ] [8]未定义数组下标: 1

---------------------------------------------------------------
[ 2023-10-01T10:23:45+08:00 ] [ log ] www.at111.icu/99/index/open.html [运行时间：0.019721s][吞吐率：50.71req/s] [内存消耗：1,865.13kb] [文件加载：50]
[ error ] [8]未定义数组下标: 1

---------------------------------------------------------------
[ 2023-10-01T10:26:27+08:00 ] [ log ] www.at111.icu/99/ [运行时间：0.039341s][吞吐率：25.42req/s] [内存消耗：1,865.34kb] [文件加载：51]
[ error ] [8]未定义数组下标: 1

---------------------------------------------------------------
[ 2023-10-01T10:26:29+08:00 ] [ log ] www.at111.icu/99/favicon.ico [运行时间：0.020787s][吞吐率：48.11req/s] [内存消耗：1,650.74kb] [文件加载：44]
[ error ] [8]未定义数组下标: 1

---------------------------------------------------------------
[ 2023-10-01T10:26:32+08:00 ] [ log ] www.at111.icu/99/index/open.html [运行时间：0.010996s][吞吐率：90.94req/s] [内存消耗：1,865.13kb] [文件加载：50]
[ error ] [8]未定义数组下标: 1

---------------------------------------------------------------
[ 2023-10-01T10:26:52+08:00 ] [ log ] www.at111.icu/99/ [运行时间：0.011404s][吞吐率：87.69req/s] [内存消耗：1,865.34kb] [文件加载：51]
[ error ] [8]未定义数组下标: 1

---------------------------------------------------------------
[ 2023-10-01T10:26:54+08:00 ] [ log ] www.at111.icu/99/favicon.ico [运行时间：0.025266s][吞吐率：39.58req/s] [内存消耗：1,650.74kb] [文件加载：44]
[ error ] [8]未定义数组下标: 1

---------------------------------------------------------------
[ 2023-10-01T10:26:57+08:00 ] [ log ] www.at111.icu/99/index/open.html [运行时间：0.020751s][吞吐率：48.19req/s] [内存消耗：1,865.13kb] [文件加载：50]
[ error ] [8]未定义数组下标: 1

---------------------------------------------------------------
[ 2023-10-01T11:07:41+08:00 ] [ log ] www.at111.icu/99/index/open.html [运行时间：0.037560s][吞吐率：26.62req/s] [内存消耗：1,857.95kb] [文件加载：47]
[ error ] [8]Undefined offset: 1

---------------------------------------------------------------
[ 2023-10-01T11:32:21+08:00 ] [ log ] www.at111.icu/99/ [运行时间：0.010895s][吞吐率：91.79req/s] [内存消耗：1,865.34kb] [文件加载：51]
[ error ] [8]未定义数组下标: 1

---------------------------------------------------------------
[ 2023-10-01T11:32:21+08:00 ] [ log ] www.at111.icu/99/ [运行时间：0.011096s][吞吐率：90.12req/s] [内存消耗：1,865.34kb] [文件加载：51]
[ error ] [8]未定义数组下标: 1

---------------------------------------------------------------
[ 2023-10-01T11:32:24+08:00 ] [ log ] www.at111.icu/99/index/open.html [运行时间：0.010618s][吞吐率：94.18req/s] [内存消耗：1,865.13kb] [文件加载：50]
[ error ] [8]未定义数组下标: 1

---------------------------------------------------------------
[ 2023-10-01T11:47:12+08:00 ] [ log ] www.at111.icu/99/ [运行时间：0.010940s][吞吐率：91.41req/s] [内存消耗：1,865.34kb] [文件加载：51]
[ error ] [8]未定义数组下标: 1

---------------------------------------------------------------
[ 2023-10-01T11:47:14+08:00 ] [ log ] www.at111.icu/99/favicon.ico [运行时间：0.034320s][吞吐率：29.14req/s] [内存消耗：1,650.74kb] [文件加载：44]
[ error ] [8]未定义数组下标: 1

---------------------------------------------------------------
[ 2023-10-01T11:47:16+08:00 ] [ log ] www.at111.icu/99/index/open.html [运行时间：0.015540s][吞吐率：64.35req/s] [内存消耗：1,865.13kb] [文件加载：50]
[ error ] [8]未定义数组下标: 1

---------------------------------------------------------------
[ 2023-10-01T11:58:38+08:00 ] [ log ] at111.icu/99/ [运行时间：0.012421s][吞吐率：80.51req/s] [内存消耗：1,865.34kb] [文件加载：51]
[ error ] [8]未定义数组下标: 1

---------------------------------------------------------------
[ 2023-10-01T11:58:40+08:00 ] [ log ] at111.icu/99/favicon.ico [运行时间：0.009763s][吞吐率：102.43req/s] [内存消耗：1,650.74kb] [文件加载：44]
[ error ] [8]未定义数组下标: 1

---------------------------------------------------------------
[ 2023-10-01T11:58:42+08:00 ] [ log ] at111.icu/99/index/open.html [运行时间：0.032065s][吞吐率：31.19req/s] [内存消耗：1,865.12kb] [文件加载：50]
[ error ] [8]未定义数组下标: 1

---------------------------------------------------------------
[ 2023-10-01T12:08:58+08:00 ] [ log ] www.at111.icu/99/ [运行时间：0.011055s][吞吐率：90.46req/s] [内存消耗：1,865.34kb] [文件加载：51]
[ error ] [8]未定义数组下标: 1

---------------------------------------------------------------
[ 2023-10-01T12:09:01+08:00 ] [ log ] www.at111.icu/99/index/open.html [运行时间：0.010731s][吞吐率：93.19req/s] [内存消耗：1,865.13kb] [文件加载：50]
[ error ] [8]未定义数组下标: 1

---------------------------------------------------------------
[ 2023-10-01T12:34:44+08:00 ] [ log ] www.at111.icu/99/ [运行时间：0.039848s][吞吐率：25.10req/s] [内存消耗：1,865.34kb] [文件加载：51]
[ error ] [8]未定义数组下标: 1

---------------------------------------------------------------
[ 2023-10-01T12:34:46+08:00 ] [ log ] www.at111.icu/99/favicon.ico [运行时间：0.010039s][吞吐率：99.61req/s] [内存消耗：1,650.74kb] [文件加载：44]
[ error ] [8]未定义数组下标: 1

---------------------------------------------------------------
[ 2023-10-01T12:34:48+08:00 ] [ log ] www.at111.icu/99/index/open.html [运行时间：0.012281s][吞吐率：81.43req/s] [内存消耗：1,865.13kb] [文件加载：50]
[ error ] [8]未定义数组下标: 1

---------------------------------------------------------------
[ 2023-10-01T12:43:14+08:00 ] [ log ] at111.icu/99/ [运行时间：0.011521s][吞吐率：86.80req/s] [内存消耗：1,865.34kb] [文件加载：51]
[ error ] [8]未定义数组下标: 1

---------------------------------------------------------------
[ 2023-10-01T12:43:14+08:00 ] [ log ] at111.icu/99/favicon.ico [运行时间：0.009320s][吞吐率：107.30req/s] [内存消耗：1,650.74kb] [文件加载：44]
[ error ] [8]未定义数组下标: 1

---------------------------------------------------------------
[ 2023-10-01T12:43:14+08:00 ] [ log ] at111.icu/99/favicon.ico [运行时间：0.009516s][吞吐率：105.09req/s] [内存消耗：1,650.74kb] [文件加载：44]
[ error ] [8]未定义数组下标: 1

---------------------------------------------------------------
[ 2023-10-01T12:43:18+08:00 ] [ log ] at111.icu/99/index/open.html [运行时间：0.011042s][吞吐率：90.56req/s] [内存消耗：1,865.12kb] [文件加载：50]
[ error ] [8]未定义数组下标: 1

---------------------------------------------------------------
[ 2023-10-01T12:58:44+08:00 ] [ log ] www.at111.icu/99/ [运行时间：0.010534s][吞吐率：94.93req/s] [内存消耗：1,864.81kb] [文件加载：51]
[ error ] [8]未定义数组下标: 1

---------------------------------------------------------------
[ 2023-10-01T12:58:47+08:00 ] [ log ] www.at111.icu/99/favicon.ico [运行时间：0.017480s][吞吐率：57.21req/s] [内存消耗：1,650.74kb] [文件加载：44]
[ error ] [8]未定义数组下标: 1

---------------------------------------------------------------
[ 2023-10-01T12:58:50+08:00 ] [ log ] www.at111.icu/99/index/open.html [运行时间：0.010770s][吞吐率：92.85req/s] [内存消耗：1,865.13kb] [文件加载：50]
[ error ] [8]未定义数组下标: 1

---------------------------------------------------------------
[ 2023-10-01T13:52:13+08:00 ] [ log ] www.at111.icu/99/ [运行时间：0.040357s][吞吐率：24.78req/s] [内存消耗：1,865.34kb] [文件加载：51]
[ error ] [8]未定义数组下标: 1

---------------------------------------------------------------
[ 2023-10-01T14:17:21+08:00 ] [ log ] www.at111.icu/99/ [运行时间：0.015053s][吞吐率：66.43req/s] [内存消耗：1,864.81kb] [文件加载：51]
[ error ] [8]未定义数组下标: 1

---------------------------------------------------------------
[ 2023-10-01T14:17:22+08:00 ] [ log ] www.at111.icu/99/favicon.ico [运行时间：0.014717s][吞吐率：67.95req/s] [内存消耗：1,650.74kb] [文件加载：44]
[ error ] [8]未定义数组下标: 1

---------------------------------------------------------------
[ 2023-10-01T14:17:24+08:00 ] [ log ] www.at111.icu/99/index/open.html [运行时间：0.011018s][吞吐率：90.76req/s] [内存消耗：1,865.13kb] [文件加载：50]
[ error ] [8]未定义数组下标: 1

---------------------------------------------------------------
[ 2023-10-01T16:56:45+08:00 ] [ log ] www.at111.icu/99/ [运行时间：0.023362s][吞吐率：42.80req/s] [内存消耗：1,865.34kb] [文件加载：51]
[ error ] [8]未定义数组下标: 1

---------------------------------------------------------------
[ 2023-10-01T16:56:46+08:00 ] [ log ] www.at111.icu/99/favicon.ico [运行时间：0.009879s][吞吐率：101.23req/s] [内存消耗：1,650.74kb] [文件加载：44]
[ error ] [8]未定义数组下标: 1

---------------------------------------------------------------
[ 2023-10-01T16:58:25+08:00 ] [ log ] at111.icu/99/ [运行时间：0.011316s][吞吐率：88.37req/s] [内存消耗：1,865.34kb] [文件加载：51]
[ error ] [8]未定义数组下标: 1

---------------------------------------------------------------
[ 2023-10-01T16:58:26+08:00 ] [ log ] at111.icu/99/favicon.ico [运行时间：0.009886s][吞吐率：101.15req/s] [内存消耗：1,650.74kb] [文件加载：44]
[ error ] [8]未定义数组下标: 1

---------------------------------------------------------------
[ 2023-10-01T16:59:38+08:00 ] [ log ] at111.icu/99/ [运行时间：0.015862s][吞吐率：63.04req/s] [内存消耗：1,865.34kb] [文件加载：51]
[ error ] [8]未定义数组下标: 1

---------------------------------------------------------------
[ 2023-10-01T16:59:53+08:00 ] [ log ] at111.icu/99/ [运行时间：0.010750s][吞吐率：93.02req/s] [内存消耗：1,864.80kb] [文件加载：51]
[ error ] [8]未定义数组下标: 1

---------------------------------------------------------------
[ 2023-10-01T17:00:05+08:00 ] [ log ] at111.icu/99/favicon.ico [运行时间：0.009352s][吞吐率：106.93req/s] [内存消耗：1,650.74kb] [文件加载：44]
[ error ] [8]未定义数组下标: 1

---------------------------------------------------------------
[ 2023-10-01T17:00:10+08:00 ] [ log ] www.at111.icu/99/ [运行时间：0.014454s][吞吐率：69.19req/s] [内存消耗：1,865.34kb] [文件加载：51]
[ error ] [8]未定义数组下标: 1

---------------------------------------------------------------
[ 2023-10-01T17:00:11+08:00 ] [ log ] www.at111.icu/99/favicon.ico [运行时间：0.013563s][吞吐率：73.73req/s] [内存消耗：1,650.74kb] [文件加载：44]
[ error ] [8]未定义数组下标: 1

---------------------------------------------------------------
[ 2023-10-01T17:00:13+08:00 ] [ log ] www.at111.icu/99/index/open.html [运行时间：0.011584s][吞吐率：86.33req/s] [内存消耗：1,865.13kb] [文件加载：50]
[ error ] [8]未定义数组下标: 1

---------------------------------------------------------------
[ 2023-10-01T17:00:14+08:00 ] [ log ] at111.icu/99/ [运行时间：0.010797s][吞吐率：92.62req/s] [内存消耗：1,865.34kb] [文件加载：51]
[ error ] [8]未定义数组下标: 1

---------------------------------------------------------------
[ 2023-10-01T17:00:14+08:00 ] [ log ] at111.icu/99/ [运行时间：0.017122s][吞吐率：58.41req/s] [内存消耗：1,865.34kb] [文件加载：51]
[ error ] [8]未定义数组下标: 1

---------------------------------------------------------------
[ 2023-10-01T17:00:15+08:00 ] [ log ] at111.icu/99/favicon.ico [运行时间：0.009453s][吞吐率：105.79req/s] [内存消耗：1,650.74kb] [文件加载：44]
[ error ] [8]未定义数组下标: 1

---------------------------------------------------------------
[ 2023-10-01T17:00:16+08:00 ] [ log ] at111.icu/99/favicon.ico [运行时间：0.009355s][吞吐率：106.89req/s] [内存消耗：1,650.74kb] [文件加载：44]
[ error ] [8]未定义数组下标: 1

---------------------------------------------------------------
[ 2023-10-01T17:00:18+08:00 ] [ log ] at111.icu/99/index/open.html [运行时间：0.011402s][吞吐率：87.70req/s] [内存消耗：1,865.12kb] [文件加载：50]
[ error ] [8]未定义数组下标: 1

---------------------------------------------------------------
[ 2023-10-01T17:01:59+08:00 ] [ log ] at111.icu/99/index/open.html [运行时间：0.011235s][吞吐率：89.01req/s] [内存消耗：1,865.12kb] [文件加载：50]
[ error ] [8]未定义数组下标: 1

---------------------------------------------------------------
[ 2023-10-01T17:08:29+08:00 ] [ log ] www.at111.icu/99/ [运行时间：0.010802s][吞吐率：92.58req/s] [内存消耗：1,865.34kb] [文件加载：51]
[ error ] [8]未定义数组下标: 1

---------------------------------------------------------------
[ 2023-10-01T17:08:32+08:00 ] [ log ] www.at111.icu/99/favicon.ico [运行时间：0.009488s][吞吐率：105.40req/s] [内存消耗：1,650.74kb] [文件加载：44]
[ error ] [8]未定义数组下标: 1

---------------------------------------------------------------
[ 2023-10-01T17:08:35+08:00 ] [ log ] www.at111.icu/99/index/open.html [运行时间：0.015154s][吞吐率：65.99req/s] [内存消耗：1,865.13kb] [文件加载：50]
[ error ] [8]未定义数组下标: 1

---------------------------------------------------------------
[ 2023-10-01T17:09:14+08:00 ] [ log ] www.at111.icu/99/ [运行时间：0.011601s][吞吐率：86.20req/s] [内存消耗：1,864.81kb] [文件加载：51]
[ error ] [8]未定义数组下标: 1

---------------------------------------------------------------
[ 2023-10-01T17:09:21+08:00 ] [ log ] www.at111.icu/99/index/open.html [运行时间：0.015926s][吞吐率：62.79req/s] [内存消耗：1,865.13kb] [文件加载：50]
[ error ] [8]未定义数组下标: 1

---------------------------------------------------------------
[ 2023-10-01T17:09:21+08:00 ] [ log ] www.at111.icu/99/index/open.html [运行时间：0.010661s][吞吐率：93.80req/s] [内存消耗：1,865.13kb] [文件加载：50]
[ error ] [8]未定义数组下标: 1

---------------------------------------------------------------
[ 2023-10-01T17:12:53+08:00 ] [ log ] at111.icu/99/ [运行时间：0.010849s][吞吐率：92.17req/s] [内存消耗：1,865.34kb] [文件加载：51]
[ error ] [8]未定义数组下标: 1

---------------------------------------------------------------
[ 2023-10-01T17:12:56+08:00 ] [ log ] at111.icu/99/favicon.ico [运行时间：0.029195s][吞吐率：34.25req/s] [内存消耗：1,650.74kb] [文件加载：44]
[ error ] [8]未定义数组下标: 1

---------------------------------------------------------------
[ 2023-10-01T17:12:58+08:00 ] [ log ] at111.icu/99/index/open.html [运行时间：0.012826s][吞吐率：77.97req/s] [内存消耗：1,865.12kb] [文件加载：50]
[ error ] [8]未定义数组下标: 1

---------------------------------------------------------------
[ 2023-10-01T17:24:32+08:00 ] [ log ] www.at111.icu/99/ [运行时间：0.015770s][吞吐率：63.41req/s] [内存消耗：1,865.34kb] [文件加载：51]
[ error ] [8]未定义数组下标: 1

---------------------------------------------------------------
[ 2023-10-01T17:24:32+08:00 ] [ log ] www.at111.icu/99/favicon.ico [运行时间：0.009518s][吞吐率：105.06req/s] [内存消耗：1,650.74kb] [文件加载：44]
[ error ] [8]未定义数组下标: 1

---------------------------------------------------------------
[ 2023-10-01T17:24:34+08:00 ] [ log ] www.at111.icu/99/index/open.html [运行时间：0.015067s][吞吐率：66.37req/s] [内存消耗：1,865.13kb] [文件加载：50]
[ error ] [8]未定义数组下标: 1

---------------------------------------------------------------
[ 2023-10-01T17:29:35+08:00 ] [ log ] www.at111.icu/99/ [运行时间：0.015204s][吞吐率：65.77req/s] [内存消耗：1,864.81kb] [文件加载：51]
[ error ] [8]未定义数组下标: 1

---------------------------------------------------------------
[ 2023-10-01T17:29:37+08:00 ] [ log ] www.at111.icu/99/favicon.ico [运行时间：0.009893s][吞吐率：101.08req/s] [内存消耗：1,650.74kb] [文件加载：44]
[ error ] [8]未定义数组下标: 1

---------------------------------------------------------------
[ 2023-10-01T17:29:40+08:00 ] [ log ] www.at111.icu/99/index/open.html [运行时间：0.012151s][吞吐率：82.30req/s] [内存消耗：1,865.13kb] [文件加载：50]
[ error ] [8]未定义数组下标: 1

---------------------------------------------------------------
[ 2023-10-01T17:31:13+08:00 ] [ log ] www.at111.icu/99/ [运行时间：0.010715s][吞吐率：93.33req/s] [内存消耗：1,864.81kb] [文件加载：51]
[ error ] [8]未定义数组下标: 1

---------------------------------------------------------------
[ 2023-10-01T17:31:16+08:00 ] [ log ] www.at111.icu/99/index/open.html [运行时间：0.027439s][吞吐率：36.44req/s] [内存消耗：1,865.13kb] [文件加载：50]
[ error ] [8]未定义数组下标: 1

---------------------------------------------------------------
[ 2023-10-01T17:34:02+08:00 ] [ log ] www.at111.icu/99/ [运行时间：0.010911s][吞吐率：91.65req/s] [内存消耗：1,864.81kb] [文件加载：51]
[ error ] [8]未定义数组下标: 1

---------------------------------------------------------------
[ 2023-10-01T17:34:05+08:00 ] [ log ] www.at111.icu/99/index/open.html [运行时间：0.011243s][吞吐率：88.95req/s] [内存消耗：1,865.13kb] [文件加载：50]
[ error ] [8]未定义数组下标: 1

---------------------------------------------------------------
[ 2023-10-01T17:35:32+08:00 ] [ log ] www.at111.icu/99/ [运行时间：0.014439s][吞吐率：69.26req/s] [内存消耗：1,864.81kb] [文件加载：51]
[ error ] [8]未定义数组下标: 1

---------------------------------------------------------------
[ 2023-10-01T17:35:32+08:00 ] [ log ] www.at111.icu/99/favicon.ico [运行时间：0.009863s][吞吐率：101.39req/s] [内存消耗：1,650.74kb] [文件加载：44]
[ error ] [8]未定义数组下标: 1

---------------------------------------------------------------
[ 2023-10-01T17:35:35+08:00 ] [ log ] www.at111.icu/99/index/open.html [运行时间：0.010615s][吞吐率：94.21req/s] [内存消耗：1,865.13kb] [文件加载：50]
[ error ] [8]未定义数组下标: 1

---------------------------------------------------------------
[ 2023-10-01T17:58:31+08:00 ] [ log ] www.at333.icu/99/ [运行时间：0.010639s][吞吐率：93.99req/s] [内存消耗：1,865.34kb] [文件加载：51]
[ error ] [8]未定义数组下标: 1

---------------------------------------------------------------
[ 2023-10-01T17:58:32+08:00 ] [ log ] www.at333.icu/99/favicon.ico [运行时间：0.009638s][吞吐率：103.76req/s] [内存消耗：1,650.74kb] [文件加载：44]
[ error ] [8]未定义数组下标: 1

---------------------------------------------------------------
[ 2023-10-01T17:58:35+08:00 ] [ log ] www.at333.icu/99/index/open.html [运行时间：0.013197s][吞吐率：75.78req/s] [内存消耗：1,865.13kb] [文件加载：50]
[ error ] [8]未定义数组下标: 1

---------------------------------------------------------------
[ 2023-10-01T17:59:15+08:00 ] [ log ] www.at333.icu/99/ [运行时间：0.020007s][吞吐率：49.98req/s] [内存消耗：1,865.34kb] [文件加载：51]
[ error ] [8]未定义数组下标: 1

---------------------------------------------------------------
[ 2023-10-01T17:59:34+08:00 ] [ log ] www.at333.icu/99/favicon.ico [运行时间：0.009438s][吞吐率：105.95req/s] [内存消耗：1,650.74kb] [文件加载：44]
[ error ] [8]未定义数组下标: 1

---------------------------------------------------------------
[ 2023-10-01T17:59:45+08:00 ] [ log ] www.at333.icu/99/index/open.html [运行时间：0.013889s][吞吐率：72.00req/s] [内存消耗：1,865.13kb] [文件加载：50]
[ error ] [8]未定义数组下标: 1

---------------------------------------------------------------
[ 2023-10-01T18:01:33+08:00 ] [ log ] www.at333.icu/99/ [运行时间：0.039943s][吞吐率：25.04req/s] [内存消耗：1,864.81kb] [文件加载：51]
[ error ] [8]未定义数组下标: 1

---------------------------------------------------------------
[ 2023-10-01T18:16:06+08:00 ] [ log ] www.at111.icu/99/ [运行时间：0.010766s][吞吐率：92.88req/s] [内存消耗：1,864.81kb] [文件加载：51]
[ error ] [8]未定义数组下标: 1

---------------------------------------------------------------
[ 2023-10-01T18:16:06+08:00 ] [ log ] www.at111.icu/99/favicon.ico [运行时间：0.014668s][吞吐率：68.18req/s] [内存消耗：1,650.74kb] [文件加载：44]
[ error ] [8]未定义数组下标: 1

---------------------------------------------------------------
[ 2023-10-01T18:16:09+08:00 ] [ log ] www.at111.icu/99/index/open.html [运行时间：0.012901s][吞吐率：77.51req/s] [内存消耗：1,865.13kb] [文件加载：50]
[ error ] [8]未定义数组下标: 1

---------------------------------------------------------------
[ 2023-10-01T18:24:10+08:00 ] [ log ] at111.icu/99/?uc_sm=1 [运行时间：0.011480s][吞吐率：87.11req/s] [内存消耗：1,865.97kb] [文件加载：51]
[ error ] [8]未定义数组下标: 1

---------------------------------------------------------------
[ 2023-10-01T18:24:10+08:00 ] [ log ] at111.icu/99/ [运行时间：0.010459s][吞吐率：95.61req/s] [内存消耗：1,865.34kb] [文件加载：51]
[ error ] [8]未定义数组下标: 1

---------------------------------------------------------------
[ 2023-10-01T18:24:12+08:00 ] [ log ] at111.icu/99/favicon.ico [运行时间：0.009269s][吞吐率：107.89req/s] [内存消耗：1,650.74kb] [文件加载：44]
[ error ] [8]未定义数组下标: 1

---------------------------------------------------------------
[ 2023-10-01T18:24:14+08:00 ] [ log ] at111.icu/99/index/open.html [运行时间：0.011525s][吞吐率：86.77req/s] [内存消耗：1,865.12kb] [文件加载：50]
[ error ] [8]未定义数组下标: 1

---------------------------------------------------------------
[ 2023-10-01T18:37:30+08:00 ] [ log ] at111.icu/99/ [运行时间：0.011586s][吞吐率：86.31req/s] [内存消耗：1,864.80kb] [文件加载：51]
[ error ] [8]未定义数组下标: 1

---------------------------------------------------------------
[ 2023-10-01T18:37:30+08:00 ] [ log ] at111.icu/99/?uc_sm=1 [运行时间：0.010789s][吞吐率：92.69req/s] [内存消耗：1,865.44kb] [文件加载：51]
[ error ] [8]未定义数组下标: 1

---------------------------------------------------------------
[ 2023-10-01T18:37:31+08:00 ] [ log ] at111.icu/99/favicon.ico [运行时间：0.009941s][吞吐率：100.59req/s] [内存消耗：1,650.74kb] [文件加载：44]
[ error ] [8]未定义数组下标: 1

---------------------------------------------------------------
[ 2023-10-01T18:37:33+08:00 ] [ log ] at111.icu/99/index/open.html [运行时间：0.012326s][吞吐率：81.13req/s] [内存消耗：1,865.12kb] [文件加载：50]
[ error ] [8]未定义数组下标: 1

---------------------------------------------------------------
[ 2023-10-01T18:40:56+08:00 ] [ log ] at111.icu/99/ [运行时间：0.015627s][吞吐率：63.99req/s] [内存消耗：1,865.34kb] [文件加载：51]
[ error ] [8]未定义数组下标: 1

---------------------------------------------------------------
[ 2023-10-01T18:40:57+08:00 ] [ log ] at111.icu/99/favicon.ico [运行时间：0.009330s][吞吐率：107.18req/s] [内存消耗：1,650.74kb] [文件加载：44]
[ error ] [8]未定义数组下标: 1

---------------------------------------------------------------
[ 2023-10-01T18:40:58+08:00 ] [ log ] at111.icu/99/index/open.html [运行时间：0.013491s][吞吐率：74.12req/s] [内存消耗：1,865.12kb] [文件加载：50]
[ error ] [8]未定义数组下标: 1

---------------------------------------------------------------
[ 2023-10-01T18:41:59+08:00 ] [ log ] at111.icu/99/ [运行时间：0.010739s][吞吐率：93.12req/s] [内存消耗：1,865.34kb] [文件加载：51]
[ error ] [8]未定义数组下标: 1

---------------------------------------------------------------
[ 2023-10-01T18:43:26+08:00 ] [ log ] at111.icu/99/ [运行时间：0.025771s][吞吐率：38.80req/s] [内存消耗：1,865.34kb] [文件加载：51]
[ error ] [8]未定义数组下标: 1

---------------------------------------------------------------
[ 2023-10-01T18:43:28+08:00 ] [ log ] at111.icu/99/favicon.ico [运行时间：0.009317s][吞吐率：107.33req/s] [内存消耗：1,650.74kb] [文件加载：44]
[ error ] [8]未定义数组下标: 1

---------------------------------------------------------------
[ 2023-10-01T18:43:28+08:00 ] [ log ] at111.icu/99/ [运行时间：0.010556s][吞吐率：94.73req/s] [内存消耗：1,864.80kb] [文件加载：51]
[ error ] [8]未定义数组下标: 1

---------------------------------------------------------------
[ 2023-10-01T18:43:30+08:00 ] [ log ] at111.icu/99/ [运行时间：0.010615s][吞吐率：94.21req/s] [内存消耗：1,864.80kb] [文件加载：51]
[ error ] [8]未定义数组下标: 1

---------------------------------------------------------------
[ 2023-10-01T18:43:32+08:00 ] [ log ] at111.icu/99/index/open.html [运行时间：0.010518s][吞吐率：95.07req/s] [内存消耗：1,865.12kb] [文件加载：50]
[ error ] [8]未定义数组下标: 1

---------------------------------------------------------------
[ 2023-10-01T18:44:37+08:00 ] [ log ] at111.icu/99/ [运行时间：0.010727s][吞吐率：93.22req/s] [内存消耗：1,864.84kb] [文件加载：51]
[ error ] [8]未定义数组下标: 1

---------------------------------------------------------------
[ 2023-10-01T19:01:45+08:00 ] [ log ] at111.icu/99/ [运行时间：0.028188s][吞吐率：35.48req/s] [内存消耗：1,865.34kb] [文件加载：51]
[ error ] [8]未定义数组下标: 1

---------------------------------------------------------------
[ 2023-10-01T19:01:46+08:00 ] [ log ] at111.icu/99/favicon.ico [运行时间：0.009160s][吞吐率：109.17req/s] [内存消耗：1,650.74kb] [文件加载：44]
[ error ] [8]未定义数组下标: 1

---------------------------------------------------------------
[ 2023-10-01T19:01:47+08:00 ] [ log ] at111.icu/99/index/open.html [运行时间：0.011251s][吞吐率：88.88req/s] [内存消耗：1,865.12kb] [文件加载：50]
[ error ] [8]未定义数组下标: 1

---------------------------------------------------------------
[ 2023-10-01T19:29:02+08:00 ] [ log ] at111.icu/99/ [运行时间：0.016046s][吞吐率：62.32req/s] [内存消耗：1,865.34kb] [文件加载：51]
[ error ] [8]未定义数组下标: 1

---------------------------------------------------------------
[ 2023-10-01T19:29:05+08:00 ] [ log ] at111.icu/99/favicon.ico [运行时间：0.009506s][吞吐率：105.20req/s] [内存消耗：1,650.74kb] [文件加载：44]
[ error ] [8]未定义数组下标: 1

---------------------------------------------------------------
[ 2023-10-01T19:29:10+08:00 ] [ log ] at111.icu/99/index/open.html [运行时间：0.013556s][吞吐率：73.77req/s] [内存消耗：1,865.12kb] [文件加载：50]
[ error ] [8]未定义数组下标: 1

---------------------------------------------------------------
[ 2023-10-01T19:32:14+08:00 ] [ log ] at111.icu/99/ [运行时间：0.028910s][吞吐率：34.59req/s] [内存消耗：1,864.80kb] [文件加载：51]
[ error ] [8]未定义数组下标: 1

---------------------------------------------------------------
[ 2023-10-01T20:35:29+08:00 ] [ log ] www.at111.icu/99/ [运行时间：0.013865s][吞吐率：72.12req/s] [内存消耗：1,865.34kb] [文件加载：51]
[ error ] [8]未定义数组下标: 1

---------------------------------------------------------------
[ 2023-10-01T20:35:30+08:00 ] [ log ] www.at111.icu/99/favicon.ico [运行时间：0.011930s][吞吐率：83.82req/s] [内存消耗：1,650.74kb] [文件加载：44]
[ error ] [8]未定义数组下标: 1

---------------------------------------------------------------
[ 2023-10-01T20:35:32+08:00 ] [ log ] www.at111.icu/99/index/open.html [运行时间：0.014486s][吞吐率：69.03req/s] [内存消耗：1,865.13kb] [文件加载：50]
[ error ] [8]未定义数组下标: 1

---------------------------------------------------------------
[ 2023-10-01T20:43:12+08:00 ] [ log ] at111.icu/99/ [运行时间：0.015094s][吞吐率：66.25req/s] [内存消耗：1,865.34kb] [文件加载：51]
[ error ] [8]未定义数组下标: 1

---------------------------------------------------------------
[ 2023-10-01T20:43:15+08:00 ] [ log ] at111.icu/99/favicon.ico [运行时间：0.009563s][吞吐率：104.57req/s] [内存消耗：1,650.74kb] [文件加载：44]
[ error ] [8]未定义数组下标: 1

---------------------------------------------------------------
[ 2023-10-01T20:43:17+08:00 ] [ log ] at111.icu/99/index/open.html [运行时间：0.013951s][吞吐率：71.68req/s] [内存消耗：1,865.12kb] [文件加载：50]
[ error ] [8]未定义数组下标: 1

---------------------------------------------------------------
[ 2023-10-01T20:46:46+08:00 ] [ log ] at111.icu/99/ [运行时间：0.010733s][吞吐率：93.17req/s] [内存消耗：1,864.80kb] [文件加载：51]
[ error ] [8]未定义数组下标: 1

---------------------------------------------------------------
[ 2023-10-01T20:59:55+08:00 ] [ log ] www.at111.icu/99/ [运行时间：0.014690s][吞吐率：68.07req/s] [内存消耗：1,865.34kb] [文件加载：51]
[ error ] [8]未定义数组下标: 1

---------------------------------------------------------------
[ 2023-10-01T20:59:55+08:00 ] [ log ] www.at111.icu/99/favicon.ico [运行时间：0.010079s][吞吐率：99.22req/s] [内存消耗：1,650.74kb] [文件加载：44]
[ error ] [8]未定义数组下标: 1

---------------------------------------------------------------
[ 2023-10-01T20:59:58+08:00 ] [ log ] www.at111.icu/99/index/open.html [运行时间：0.012685s][吞吐率：78.83req/s] [内存消耗：1,865.13kb] [文件加载：50]
[ error ] [8]未定义数组下标: 1

---------------------------------------------------------------
[ 2023-10-01T22:51:34+08:00 ] [ log ] at111.icu/99/ [运行时间：0.029417s][吞吐率：33.99req/s] [内存消耗：1,857.63kb] [文件加载：48]
[ error ] [8]Undefined offset: 1

---------------------------------------------------------------
[ 2023-10-01T22:53:02+08:00 ] [ log ] at111.icu/99/index/open.html [运行时间：0.034481s][吞吐率：29.00req/s] [内存消耗：1,857.95kb] [文件加载：47]
[ error ] [8]Undefined offset: 1

---------------------------------------------------------------
