[ 2023-10-02T00:10:54+08:00 ] [ log ] at111.icu/99/ [运行时间：0.011150s][吞吐率：89.69req/s] [内存消耗：1,857.63kb] [文件加载：48]
[ error ] [8]Undefined offset: 1

---------------------------------------------------------------
[ 2023-10-02T00:10:56+08:00 ] [ log ] at111.icu/99/favicon.ico [运行时间：0.009662s][吞吐率：103.50req/s] [内存消耗：1,643.13kb] [文件加载：42]
[ error ] [8]Undefined offset: 1

---------------------------------------------------------------
[ 2023-10-02T01:03:47+08:00 ] [ log ] at111.icu/99/ [运行时间：0.011116s][吞吐率：89.96req/s] [内存消耗：1,865.34kb] [文件加载：51]
[ error ] [8]未定义数组下标: 1

---------------------------------------------------------------
[ 2023-10-02T01:03:48+08:00 ] [ log ] at111.icu/99/favicon.ico [运行时间：0.010238s][吞吐率：97.68req/s] [内存消耗：1,650.74kb] [文件加载：44]
[ error ] [8]未定义数组下标: 1

---------------------------------------------------------------
[ 2023-10-02T01:03:49+08:00 ] [ log ] at111.icu/99/favicon.ico [运行时间：0.009668s][吞吐率：103.44req/s] [内存消耗：1,650.74kb] [文件加载：44]
[ error ] [8]未定义数组下标: 1

---------------------------------------------------------------
[ 2023-10-02T01:03:49+08:00 ] [ log ] at111.icu/99/favicon.ico [运行时间：0.009302s][吞吐率：107.50req/s] [内存消耗：1,650.74kb] [文件加载：44]
[ error ] [8]未定义数组下标: 1

---------------------------------------------------------------
[ 2023-10-02T01:03:51+08:00 ] [ log ] at111.icu/99/index/open.html [运行时间：0.011351s][吞吐率：88.10req/s] [内存消耗：1,865.12kb] [文件加载：50]
[ error ] [8]未定义数组下标: 1

---------------------------------------------------------------
[ 2023-10-02T03:32:36+08:00 ] [ log ] at111.icu/99/?uc_sm=1 [运行时间：0.017612s][吞吐率：56.78req/s] [内存消耗：1,865.97kb] [文件加载：51]
[ error ] [8]未定义数组下标: 1

---------------------------------------------------------------
[ 2023-10-02T03:32:38+08:00 ] [ log ] at111.icu/99/ [运行时间：0.015199s][吞吐率：65.79req/s] [内存消耗：1,865.34kb] [文件加载：51]
[ error ] [8]未定义数组下标: 1

---------------------------------------------------------------
[ 2023-10-02T03:32:42+08:00 ] [ log ] at111.icu/99/favicon.ico [运行时间：0.010660s][吞吐率：93.81req/s] [内存消耗：1,650.74kb] [文件加载：44]
[ error ] [8]未定义数组下标: 1

---------------------------------------------------------------
[ 2023-10-02T03:32:52+08:00 ] [ log ] at111.icu/99/index/open.html [运行时间：0.011377s][吞吐率：87.90req/s] [内存消耗：1,865.12kb] [文件加载：50]
[ error ] [8]未定义数组下标: 1

---------------------------------------------------------------
[ 2023-10-02T06:16:57+08:00 ] [ log ] at111.icu/99/?uc_sm=1&from=wh10331 [运行时间：0.010968s][吞吐率：91.17req/s] [内存消耗：1,865.98kb] [文件加载：51]
[ error ] [8]未定义数组下标: 1

---------------------------------------------------------------
[ 2023-10-02T06:16:57+08:00 ] [ log ] at111.icu/99/ [运行时间：0.011047s][吞吐率：90.52req/s] [内存消耗：1,865.34kb] [文件加载：51]
[ error ] [8]未定义数组下标: 1

---------------------------------------------------------------
[ 2023-10-02T06:16:59+08:00 ] [ log ] at111.icu/99/favicon.ico [运行时间：0.009626s][吞吐率：103.88req/s] [内存消耗：1,650.74kb] [文件加载：44]
[ error ] [8]未定义数组下标: 1

---------------------------------------------------------------
[ 2023-10-02T06:17:02+08:00 ] [ log ] at111.icu/99/index/open.html [运行时间：0.014796s][吞吐率：67.59req/s] [内存消耗：1,865.12kb] [文件加载：50]
[ error ] [8]未定义数组下标: 1

---------------------------------------------------------------
[ 2023-10-02T08:12:11+08:00 ] [ log ] www.at111.icu/99/ [运行时间：0.015402s][吞吐率：64.93req/s] [内存消耗：1,865.34kb] [文件加载：51]
[ error ] [8]未定义数组下标: 1

---------------------------------------------------------------
[ 2023-10-02T08:12:15+08:00 ] [ log ] www.at111.icu/99/ [运行时间：0.010785s][吞吐率：92.72req/s] [内存消耗：1,864.81kb] [文件加载：51]
[ error ] [8]未定义数组下标: 1

---------------------------------------------------------------
[ 2023-10-02T08:12:30+08:00 ] [ log ] www.at111.icu/99/favicon.ico [运行时间：0.009735s][吞吐率：102.72req/s] [内存消耗：1,650.74kb] [文件加载：44]
[ error ] [8]未定义数组下标: 1

---------------------------------------------------------------
[ 2023-10-02T08:12:47+08:00 ] [ log ] www.at111.icu/99/index/open.html [运行时间：0.010584s][吞吐率：94.48req/s] [内存消耗：1,865.13kb] [文件加载：50]
[ error ] [8]未定义数组下标: 1

---------------------------------------------------------------
[ 2023-10-02T08:13:48+08:00 ] [ log ] www.at111.icu/99/ [运行时间：0.011008s][吞吐率：90.84req/s] [内存消耗：1,865.34kb] [文件加载：51]
[ error ] [8]未定义数组下标: 1

---------------------------------------------------------------
[ 2023-10-02T08:13:48+08:00 ] [ log ] www.at111.icu/99/favicon.ico [运行时间：0.009192s][吞吐率：108.79req/s] [内存消耗：1,650.74kb] [文件加载：44]
[ error ] [8]未定义数组下标: 1

---------------------------------------------------------------
[ 2023-10-02T08:13:51+08:00 ] [ log ] www.at111.icu/99/index/open.html [运行时间：0.010527s][吞吐率：94.99req/s] [内存消耗：1,865.13kb] [文件加载：50]
[ error ] [8]未定义数组下标: 1

---------------------------------------------------------------
[ 2023-10-02T09:50:54+08:00 ] [ log ] www.at111.icu/99/ [运行时间：0.011905s][吞吐率：84.00req/s] [内存消耗：1,865.34kb] [文件加载：51]
[ error ] [8]未定义数组下标: 1

---------------------------------------------------------------
[ 2023-10-02T09:50:55+08:00 ] [ log ] www.at111.icu/99/favicon.ico [运行时间：0.009792s][吞吐率：102.13req/s] [内存消耗：1,650.74kb] [文件加载：44]
[ error ] [8]未定义数组下标: 1

---------------------------------------------------------------
[ 2023-10-02T09:50:57+08:00 ] [ log ] www.at111.icu/99/index/open.html [运行时间：0.014581s][吞吐率：68.58req/s] [内存消耗：1,865.13kb] [文件加载：50]
[ error ] [8]未定义数组下标: 1

---------------------------------------------------------------
[ 2023-10-02T11:38:52+08:00 ] [ log ] www.at111.icu/99/ [运行时间：0.010718s][吞吐率：93.30req/s] [内存消耗：1,865.34kb] [文件加载：51]
[ error ] [8]未定义数组下标: 1

---------------------------------------------------------------
[ 2023-10-02T11:38:53+08:00 ] [ log ] www.at111.icu/99/favicon.ico [运行时间：0.011549s][吞吐率：86.59req/s] [内存消耗：1,650.74kb] [文件加载：44]
[ error ] [8]未定义数组下标: 1

---------------------------------------------------------------
[ 2023-10-02T11:38:57+08:00 ] [ log ] www.at111.icu/99/index/open.html [运行时间：0.010631s][吞吐率：94.07req/s] [内存消耗：1,865.13kb] [文件加载：50]
[ error ] [8]未定义数组下标: 1

---------------------------------------------------------------
[ 2023-10-02T12:18:18+08:00 ] [ log ] www.at111.icu/99/index/open.html [运行时间：0.010923s][吞吐率：91.55req/s] [内存消耗：1,865.16kb] [文件加载：50]
[ error ] [8]未定义数组下标: 1

---------------------------------------------------------------
[ 2023-10-02T12:28:12+08:00 ] [ log ] at111.icu/99/ [运行时间：0.011074s][吞吐率：90.30req/s] [内存消耗：1,865.34kb] [文件加载：51]
[ error ] [8]未定义数组下标: 1

---------------------------------------------------------------
[ 2023-10-02T12:28:15+08:00 ] [ log ] at111.icu/99/favicon.ico [运行时间：0.009380s][吞吐率：106.61req/s] [内存消耗：1,650.74kb] [文件加载：44]
[ error ] [8]未定义数组下标: 1

---------------------------------------------------------------
[ 2023-10-02T12:28:18+08:00 ] [ log ] at111.icu/99/index/open.html [运行时间：0.011111s][吞吐率：90.00req/s] [内存消耗：1,865.12kb] [文件加载：50]
[ error ] [8]未定义数组下标: 1

---------------------------------------------------------------
[ 2023-10-02T12:31:14+08:00 ] [ log ] at111.icu/99/ [运行时间：0.018704s][吞吐率：53.46req/s] [内存消耗：1,865.34kb] [文件加载：51]
[ error ] [8]未定义数组下标: 1

---------------------------------------------------------------
[ 2023-10-02T12:31:15+08:00 ] [ log ] at111.icu/99/favicon.ico [运行时间：0.011479s][吞吐率：87.11req/s] [内存消耗：1,650.74kb] [文件加载：44]
[ error ] [8]未定义数组下标: 1

---------------------------------------------------------------
[ 2023-10-02T12:31:17+08:00 ] [ log ] at111.icu/99/index/open.html [运行时间：0.010632s][吞吐率：94.06req/s] [内存消耗：1,865.12kb] [文件加载：50]
[ error ] [8]未定义数组下标: 1

---------------------------------------------------------------
[ 2023-10-02T12:31:18+08:00 ] [ log ] at111.icu/99/index/open.html [运行时间：0.020388s][吞吐率：49.05req/s] [内存消耗：1,865.12kb] [文件加载：50]
[ error ] [8]未定义数组下标: 1

---------------------------------------------------------------
[ 2023-10-02T12:32:50+08:00 ] [ log ] at111.icu/99/ [运行时间：0.010760s][吞吐率：92.94req/s] [内存消耗：1,864.80kb] [文件加载：51]
[ error ] [8]未定义数组下标: 1

---------------------------------------------------------------
[ 2023-10-02T12:32:51+08:00 ] [ log ] at111.icu/99/favicon.ico [运行时间：0.009362s][吞吐率：106.81req/s] [内存消耗：1,650.74kb] [文件加载：44]
[ error ] [8]未定义数组下标: 1

---------------------------------------------------------------
[ 2023-10-02T12:47:54+08:00 ] [ log ] at111.icu/99/ [运行时间：0.014856s][吞吐率：67.31req/s] [内存消耗：1,864.80kb] [文件加载：51]
[ error ] [8]未定义数组下标: 1

---------------------------------------------------------------
[ 2023-10-02T12:47:55+08:00 ] [ log ] at111.icu/99/favicon.ico [运行时间：0.016499s][吞吐率：60.61req/s] [内存消耗：1,650.74kb] [文件加载：44]
[ error ] [8]未定义数组下标: 1

---------------------------------------------------------------
[ 2023-10-02T12:47:58+08:00 ] [ log ] at111.icu/99/index/open.html [运行时间：0.010758s][吞吐率：92.95req/s] [内存消耗：1,865.12kb] [文件加载：50]
[ error ] [8]未定义数组下标: 1

---------------------------------------------------------------
[ 2023-10-02T12:54:38+08:00 ] [ log ] at111.icu/99/ [运行时间：0.022513s][吞吐率：44.42req/s] [内存消耗：1,865.34kb] [文件加载：51]
[ error ] [8]未定义数组下标: 1

---------------------------------------------------------------
[ 2023-10-02T12:54:41+08:00 ] [ log ] at111.icu/99/index/open.html [运行时间：0.034827s][吞吐率：28.71req/s] [内存消耗：1,865.12kb] [文件加载：50]
[ error ] [8]未定义数组下标: 1

---------------------------------------------------------------
[ 2023-10-02T13:42:49+08:00 ] [ log ] at111.icu/99/ [运行时间：0.037601s][吞吐率：26.60req/s] [内存消耗：1,865.34kb] [文件加载：51]
[ error ] [8]未定义数组下标: 1

---------------------------------------------------------------
[ 2023-10-02T13:42:50+08:00 ] [ log ] at111.icu/99/favicon.ico [运行时间：0.010429s][吞吐率：95.89req/s] [内存消耗：1,650.74kb] [文件加载：44]
[ error ] [8]未定义数组下标: 1

---------------------------------------------------------------
[ 2023-10-02T13:42:52+08:00 ] [ log ] at111.icu/99/index/open.html [运行时间：0.010603s][吞吐率：94.31req/s] [内存消耗：1,865.12kb] [文件加载：50]
[ error ] [8]未定义数组下标: 1

---------------------------------------------------------------
[ 2023-10-02T14:39:18+08:00 ] [ log ] www.at111.icu/99/ [运行时间：0.015661s][吞吐率：63.85req/s] [内存消耗：1,865.34kb] [文件加载：51]
[ error ] [8]未定义数组下标: 1

---------------------------------------------------------------
[ 2023-10-02T14:39:21+08:00 ] [ log ] www.at111.icu/99/favicon.ico [运行时间：0.009587s][吞吐率：104.31req/s] [内存消耗：1,650.74kb] [文件加载：44]
[ error ] [8]未定义数组下标: 1

---------------------------------------------------------------
[ 2023-10-02T14:39:24+08:00 ] [ log ] www.at111.icu/99/index/open.html [运行时间：0.010649s][吞吐率：93.91req/s] [内存消耗：1,865.13kb] [文件加载：50]
[ error ] [8]未定义数组下标: 1

---------------------------------------------------------------
[ 2023-10-02T15:04:06+08:00 ] [ log ] www.at111.icu/99/ [运行时间：0.010684s][吞吐率：93.60req/s] [内存消耗：1,864.81kb] [文件加载：51]
[ error ] [8]未定义数组下标: 1

---------------------------------------------------------------
[ 2023-10-02T15:04:07+08:00 ] [ log ] www.at111.icu/99/favicon.ico [运行时间：0.020546s][吞吐率：48.67req/s] [内存消耗：1,650.74kb] [文件加载：44]
[ error ] [8]未定义数组下标: 1

---------------------------------------------------------------
[ 2023-10-02T15:06:23+08:00 ] [ log ] www.at111.icu/99/index/open.html [运行时间：0.014647s][吞吐率：68.27req/s] [内存消耗：1,865.13kb] [文件加载：50]
[ error ] [8]未定义数组下标: 1

---------------------------------------------------------------
[ 2023-10-02T16:38:34+08:00 ] [ log ] at111.icu/99/ [运行时间：0.011683s][吞吐率：85.59req/s] [内存消耗：1,865.34kb] [文件加载：51]
[ error ] [8]未定义数组下标: 1

---------------------------------------------------------------
[ 2023-10-02T16:38:35+08:00 ] [ log ] at111.icu/99/favicon.ico [运行时间：0.009758s][吞吐率：102.48req/s] [内存消耗：1,650.74kb] [文件加载：44]
[ error ] [8]未定义数组下标: 1

---------------------------------------------------------------
[ 2023-10-02T16:38:38+08:00 ] [ log ] at111.icu/99/index/open.html [运行时间：0.035839s][吞吐率：27.90req/s] [内存消耗：1,865.12kb] [文件加载：50]
[ error ] [8]未定义数组下标: 1

---------------------------------------------------------------
[ 2023-10-02T17:15:59+08:00 ] [ log ] at111.icu/99/ [运行时间：0.037587s][吞吐率：26.60req/s] [内存消耗：1,865.34kb] [文件加载：51]
[ error ] [8]未定义数组下标: 1

---------------------------------------------------------------
[ 2023-10-02T17:16:01+08:00 ] [ log ] at111.icu/99/favicon.ico [运行时间：0.010060s][吞吐率：99.41req/s] [内存消耗：1,650.74kb] [文件加载：44]
[ error ] [8]未定义数组下标: 1

---------------------------------------------------------------
[ 2023-10-02T17:16:04+08:00 ] [ log ] at111.icu/99/index/open.html [运行时间：0.010457s][吞吐率：95.63req/s] [内存消耗：1,865.12kb] [文件加载：50]
[ error ] [8]未定义数组下标: 1

---------------------------------------------------------------
[ 2023-10-02T17:41:45+08:00 ] [ log ] www.at111.icu/99/ [运行时间：0.011252s][吞吐率：88.87req/s] [内存消耗：1,865.34kb] [文件加载：51]
[ error ] [8]未定义数组下标: 1

---------------------------------------------------------------
[ 2023-10-02T17:41:49+08:00 ] [ log ] www.at111.icu/99/favicon.ico [运行时间：0.009282s][吞吐率：107.73req/s] [内存消耗：1,650.74kb] [文件加载：44]
[ error ] [8]未定义数组下标: 1

---------------------------------------------------------------
[ 2023-10-02T17:41:51+08:00 ] [ log ] www.at111.icu/99/index/open.html [运行时间：0.013733s][吞吐率：72.82req/s] [内存消耗：1,865.13kb] [文件加载：50]
[ error ] [8]未定义数组下标: 1

---------------------------------------------------------------
[ 2023-10-02T18:00:41+08:00 ] [ log ] at111.icu/99/ [运行时间：0.010668s][吞吐率：93.74req/s] [内存消耗：1,865.34kb] [文件加载：51]
[ error ] [8]未定义数组下标: 1

---------------------------------------------------------------
[ 2023-10-02T18:00:42+08:00 ] [ log ] at111.icu/99/favicon.ico [运行时间：0.009237s][吞吐率：108.26req/s] [内存消耗：1,650.74kb] [文件加载：44]
[ error ] [8]未定义数组下标: 1

---------------------------------------------------------------
[ 2023-10-02T18:00:43+08:00 ] [ log ] at111.icu/99/index/open.html [运行时间：0.016551s][吞吐率：60.42req/s] [内存消耗：1,865.12kb] [文件加载：50]
[ error ] [8]未定义数组下标: 1

---------------------------------------------------------------
[ 2023-10-02T18:00:45+08:00 ] [ log ] at111.icu/99/index/open.html [运行时间：0.010522s][吞吐率：95.04req/s] [内存消耗：1,865.12kb] [文件加载：50]
[ error ] [8]未定义数组下标: 1

---------------------------------------------------------------
[ 2023-10-02T19:28:14+08:00 ] [ log ] at111.icu/99/ [运行时间：0.010863s][吞吐率：92.06req/s] [内存消耗：1,865.34kb] [文件加载：51]
[ error ] [8]未定义数组下标: 1

---------------------------------------------------------------
[ 2023-10-02T19:28:15+08:00 ] [ log ] at111.icu/99/favicon.ico [运行时间：0.009843s][吞吐率：101.60req/s] [内存消耗：1,650.74kb] [文件加载：44]
[ error ] [8]未定义数组下标: 1

---------------------------------------------------------------
[ 2023-10-02T19:28:17+08:00 ] [ log ] at111.icu/99/index/open.html [运行时间：0.010605s][吞吐率：94.29req/s] [内存消耗：1,865.12kb] [文件加载：50]
[ error ] [8]未定义数组下标: 1

---------------------------------------------------------------
[ 2023-10-02T21:02:03+08:00 ] [ log ] at111.icu/99/?uc_sm=1&from=wh10331 [运行时间：0.010947s][吞吐率：91.35req/s] [内存消耗：1,865.98kb] [文件加载：51]
[ error ] [8]未定义数组下标: 1

---------------------------------------------------------------
[ 2023-10-02T21:02:03+08:00 ] [ log ] at111.icu/99/ [运行时间：0.011442s][吞吐率：87.40req/s] [内存消耗：1,865.34kb] [文件加载：51]
[ error ] [8]未定义数组下标: 1

---------------------------------------------------------------
[ 2023-10-02T21:02:03+08:00 ] [ log ] at111.icu/99/favicon.ico [运行时间：0.016101s][吞吐率：62.11req/s] [内存消耗：1,650.74kb] [文件加载：44]
[ error ] [8]未定义数组下标: 1

---------------------------------------------------------------
[ 2023-10-02T21:02:06+08:00 ] [ log ] at111.icu/99/index/open.html [运行时间：0.016013s][吞吐率：62.45req/s] [内存消耗：1,865.12kb] [文件加载：50]
[ error ] [8]未定义数组下标: 1

---------------------------------------------------------------
[ 2023-10-02T23:27:26+08:00 ] [ log ] at111.icu/99/ [运行时间：0.011486s][吞吐率：87.06req/s] [内存消耗：1,865.34kb] [文件加载：51]
[ error ] [8]未定义数组下标: 1

---------------------------------------------------------------
[ 2023-10-02T23:27:30+08:00 ] [ log ] at111.icu/99/favicon.ico [运行时间：0.009300s][吞吐率：107.53req/s] [内存消耗：1,650.74kb] [文件加载：44]
[ error ] [8]未定义数组下标: 1

---------------------------------------------------------------
[ 2023-10-02T23:27:32+08:00 ] [ log ] at111.icu/99/index/open.html [运行时间：0.029496s][吞吐率：33.90req/s] [内存消耗：1,865.12kb] [文件加载：50]
[ error ] [8]未定义数组下标: 1

---------------------------------------------------------------
