[ 2023-10-03T09:33:06+08:00 ] [ log ] www.at111.icu/99/ [运行时间：0.014965s][吞吐率：66.82req/s] [内存消耗：1,865.34kb] [文件加载：51]
[ error ] [8]未定义数组下标: 1

---------------------------------------------------------------
[ 2023-10-03T09:33:07+08:00 ] [ log ] www.at111.icu/99/favicon.ico [运行时间：0.035636s][吞吐率：28.06req/s] [内存消耗：1,650.74kb] [文件加载：44]
[ error ] [8]未定义数组下标: 1

---------------------------------------------------------------
[ 2023-10-03T09:36:30+08:00 ] [ log ] www.at111.icu/99/ [运行时间：0.010708s][吞吐率：93.39req/s] [内存消耗：1,864.81kb] [文件加载：51]
[ error ] [8]未定义数组下标: 1

---------------------------------------------------------------
[ 2023-10-03T09:36:34+08:00 ] [ log ] www.at111.icu/99/favicon.ico [运行时间：0.009745s][吞吐率：102.62req/s] [内存消耗：1,650.74kb] [文件加载：44]
[ error ] [8]未定义数组下标: 1

---------------------------------------------------------------
[ 2023-10-03T09:56:40+08:00 ] [ log ] www.at111.icu/99/ [运行时间：0.011445s][吞吐率：87.37req/s] [内存消耗：1,864.81kb] [文件加载：51]
[ error ] [8]未定义数组下标: 1

---------------------------------------------------------------
[ 2023-10-03T09:56:41+08:00 ] [ log ] www.at111.icu/99/favicon.ico [运行时间：0.009946s][吞吐率：100.54req/s] [内存消耗：1,650.74kb] [文件加载：44]
[ error ] [8]未定义数组下标: 1

---------------------------------------------------------------
[ 2023-10-03T09:56:43+08:00 ] [ log ] www.at111.icu/99/index/open.html [运行时间：0.010716s][吞吐率：93.32req/s] [内存消耗：1,865.13kb] [文件加载：50]
[ error ] [8]未定义数组下标: 1

---------------------------------------------------------------
[ 2023-10-03T11:01:09+08:00 ] [ log ] www.at111.icu/99/ [运行时间：0.010933s][吞吐率：91.47req/s] [内存消耗：1,865.34kb] [文件加载：51]
[ error ] [8]未定义数组下标: 1

---------------------------------------------------------------
[ 2023-10-03T11:01:09+08:00 ] [ log ] www.at111.icu/99/favicon.ico [运行时间：0.010340s][吞吐率：96.71req/s] [内存消耗：1,650.74kb] [文件加载：44]
[ error ] [8]未定义数组下标: 1

---------------------------------------------------------------
[ 2023-10-03T11:01:12+08:00 ] [ log ] www.at111.icu/99/index/open.html [运行时间：0.011268s][吞吐率：88.75req/s] [内存消耗：1,865.13kb] [文件加载：50]
[ error ] [8]未定义数组下标: 1

---------------------------------------------------------------
[ 2023-10-03T11:01:27+08:00 ] [ log ] www.at111.icu/99/index/open.html [运行时间：0.010688s][吞吐率：93.56req/s] [内存消耗：1,865.13kb] [文件加载：50]
[ error ] [8]未定义数组下标: 1

---------------------------------------------------------------
[ 2023-10-03T11:38:21+08:00 ] [ log ] www.at111.icu/99/ [运行时间：0.011716s][吞吐率：85.35req/s] [内存消耗：1,865.34kb] [文件加载：51]
[ error ] [8]未定义数组下标: 1

---------------------------------------------------------------
[ 2023-10-03T11:38:22+08:00 ] [ log ] www.at111.icu/99/favicon.ico [运行时间：0.009233s][吞吐率：108.31req/s] [内存消耗：1,650.74kb] [文件加载：44]
[ error ] [8]未定义数组下标: 1

---------------------------------------------------------------
[ 2023-10-03T11:38:24+08:00 ] [ log ] www.at111.icu/99/index/open.html [运行时间：0.015708s][吞吐率：63.66req/s] [内存消耗：1,865.13kb] [文件加载：50]
[ error ] [8]未定义数组下标: 1

---------------------------------------------------------------
[ 2023-10-03T11:38:31+08:00 ] [ log ] www.at111.icu/99/index/open.html [运行时间：0.012480s][吞吐率：80.13req/s] [内存消耗：1,865.13kb] [文件加载：50]
[ error ] [8]未定义数组下标: 1

---------------------------------------------------------------
[ 2023-10-03T11:39:15+08:00 ] [ log ] www.at111.icu/99/ [运行时间：0.010685s][吞吐率：93.59req/s] [内存消耗：1,865.34kb] [文件加载：51]
[ error ] [8]未定义数组下标: 1

---------------------------------------------------------------
[ 2023-10-03T11:39:16+08:00 ] [ log ] www.at111.icu/99/ [运行时间：0.033791s][吞吐率：29.59req/s] [内存消耗：1,865.34kb] [文件加载：51]
[ error ] [8]未定义数组下标: 1

---------------------------------------------------------------
[ 2023-10-03T11:39:24+08:00 ] [ log ] www.at111.icu/99/favicon.ico [运行时间：0.009635s][吞吐率：103.79req/s] [内存消耗：1,650.74kb] [文件加载：44]
[ error ] [8]未定义数组下标: 1

---------------------------------------------------------------
[ 2023-10-03T11:39:41+08:00 ] [ log ] www.at111.icu/99/index/open.html [运行时间：0.011414s][吞吐率：87.61req/s] [内存消耗：1,865.13kb] [文件加载：50]
[ error ] [8]未定义数组下标: 1

---------------------------------------------------------------
[ 2023-10-03T12:03:18+08:00 ] [ log ] www.at111.icu/99/ [运行时间：0.011148s][吞吐率：89.70req/s] [内存消耗：1,865.34kb] [文件加载：51]
[ error ] [8]未定义数组下标: 1

---------------------------------------------------------------
[ 2023-10-03T12:03:18+08:00 ] [ log ] www.at111.icu/99/favicon.ico [运行时间：0.021795s][吞吐率：45.88req/s] [内存消耗：1,650.74kb] [文件加载：44]
[ error ] [8]未定义数组下标: 1

---------------------------------------------------------------
[ 2023-10-03T12:03:20+08:00 ] [ log ] www.at111.icu/99/index/open.html [运行时间：0.011701s][吞吐率：85.46req/s] [内存消耗：1,865.13kb] [文件加载：50]
[ error ] [8]未定义数组下标: 1

---------------------------------------------------------------
[ 2023-10-03T12:04:56+08:00 ] [ log ] www.at111.icu/99/index/open.html [运行时间：0.011171s][吞吐率：89.52req/s] [内存消耗：1,865.13kb] [文件加载：50]
[ error ] [8]未定义数组下标: 1

---------------------------------------------------------------
[ 2023-10-03T12:05:03+08:00 ] [ log ] www.at111.icu/99/ [运行时间：0.011111s][吞吐率：90.00req/s] [内存消耗：1,864.81kb] [文件加载：51]
[ error ] [8]未定义数组下标: 1

---------------------------------------------------------------
[ 2023-10-03T12:05:03+08:00 ] [ log ] www.at111.icu/99/favicon.ico [运行时间：0.027063s][吞吐率：36.95req/s] [内存消耗：1,650.74kb] [文件加载：44]
[ error ] [8]未定义数组下标: 1

---------------------------------------------------------------
[ 2023-10-03T12:05:05+08:00 ] [ log ] www.at111.icu/99/index/open.html [运行时间：0.013511s][吞吐率：74.01req/s] [内存消耗：1,865.13kb] [文件加载：50]
[ error ] [8]未定义数组下标: 1

---------------------------------------------------------------
[ 2023-10-03T12:07:54+08:00 ] [ log ] www.at111.icu/99/index/open.html [运行时间：0.010965s][吞吐率：91.20req/s] [内存消耗：1,865.13kb] [文件加载：50]
[ error ] [8]未定义数组下标: 1

---------------------------------------------------------------
[ 2023-10-03T12:10:05+08:00 ] [ log ] www.at111.icu/99/index/open.html [运行时间：0.011337s][吞吐率：88.21req/s] [内存消耗：1,865.13kb] [文件加载：50]
[ error ] [8]未定义数组下标: 1

---------------------------------------------------------------
[ 2023-10-03T12:31:08+08:00 ] [ log ] at111.icu/99/ [运行时间：0.011442s][吞吐率：87.40req/s] [内存消耗：1,865.34kb] [文件加载：51]
[ error ] [8]未定义数组下标: 1

---------------------------------------------------------------
[ 2023-10-03T12:31:14+08:00 ] [ log ] at111.icu/99/favicon.ico [运行时间：0.012907s][吞吐率：77.48req/s] [内存消耗：1,650.74kb] [文件加载：44]
[ error ] [8]未定义数组下标: 1

---------------------------------------------------------------
[ 2023-10-03T12:31:17+08:00 ] [ log ] at111.icu/99/index/open.html [运行时间：0.010693s][吞吐率：93.52req/s] [内存消耗：1,865.12kb] [文件加载：50]
[ error ] [8]未定义数组下标: 1

---------------------------------------------------------------
[ 2023-10-03T12:50:42+08:00 ] [ log ] at111.icu/99/ [运行时间：0.022220s][吞吐率：45.00req/s] [内存消耗：1,864.80kb] [文件加载：51]
[ error ] [8]未定义数组下标: 1

---------------------------------------------------------------
[ 2023-10-03T12:50:45+08:00 ] [ log ] at111.icu/99/favicon.ico [运行时间：0.019032s][吞吐率：52.54req/s] [内存消耗：1,650.74kb] [文件加载：44]
[ error ] [8]未定义数组下标: 1

---------------------------------------------------------------
[ 2023-10-03T12:50:45+08:00 ] [ log ] at111.icu/99/index/open.html [运行时间：0.011134s][吞吐率：89.82req/s] [内存消耗：1,865.12kb] [文件加载：50]
[ error ] [8]未定义数组下标: 1

---------------------------------------------------------------
[ 2023-10-03T12:50:49+08:00 ] [ log ] at111.icu/99/favicon.ico [运行时间：0.013841s][吞吐率：72.25req/s] [内存消耗：1,650.74kb] [文件加载：44]
[ error ] [8]未定义数组下标: 1

---------------------------------------------------------------
[ 2023-10-03T13:03:03+08:00 ] [ log ] www.at111.icu/99/ [运行时间：0.010872s][吞吐率：91.98req/s] [内存消耗：1,865.34kb] [文件加载：51]
[ error ] [8]未定义数组下标: 1

---------------------------------------------------------------
[ 2023-10-03T13:03:06+08:00 ] [ log ] www.at111.icu/99/favicon.ico [运行时间：0.009325s][吞吐率：107.24req/s] [内存消耗：1,650.74kb] [文件加载：44]
[ error ] [8]未定义数组下标: 1

---------------------------------------------------------------
[ 2023-10-03T13:03:08+08:00 ] [ log ] www.at111.icu/99/index/open.html [运行时间：0.010692s][吞吐率：93.53req/s] [内存消耗：1,865.13kb] [文件加载：50]
[ error ] [8]未定义数组下标: 1

---------------------------------------------------------------
[ 2023-10-03T14:34:40+08:00 ] [ log ] www.at111.icu/99/ [运行时间：0.038728s][吞吐率：25.82req/s] [内存消耗：1,865.34kb] [文件加载：51]
[ error ] [8]未定义数组下标: 1

---------------------------------------------------------------
[ 2023-10-03T14:34:41+08:00 ] [ log ] www.at111.icu/99/favicon.ico [运行时间：0.016609s][吞吐率：60.21req/s] [内存消耗：1,650.74kb] [文件加载：44]
[ error ] [8]未定义数组下标: 1

---------------------------------------------------------------
[ 2023-10-03T14:34:43+08:00 ] [ log ] www.at111.icu/99/index/open.html [运行时间：0.028965s][吞吐率：34.52req/s] [内存消耗：1,865.13kb] [文件加载：50]
[ error ] [8]未定义数组下标: 1

---------------------------------------------------------------
[ 2023-10-03T15:48:44+08:00 ] [ log ] www.at111.icu/99/ [运行时间：0.012534s][吞吐率：79.78req/s] [内存消耗：1,865.34kb] [文件加载：51]
[ error ] [8]未定义数组下标: 1

---------------------------------------------------------------
[ 2023-10-03T15:48:45+08:00 ] [ log ] www.at111.icu/99/favicon.ico [运行时间：0.030190s][吞吐率：33.12req/s] [内存消耗：1,650.74kb] [文件加载：44]
[ error ] [8]未定义数组下标: 1

---------------------------------------------------------------
[ 2023-10-03T15:48:47+08:00 ] [ log ] www.at111.icu/99/index/open.html [运行时间：0.015698s][吞吐率：63.70req/s] [内存消耗：1,865.13kb] [文件加载：50]
[ error ] [8]未定义数组下标: 1

---------------------------------------------------------------
[ 2023-10-03T15:57:29+08:00 ] [ log ] www.at111.icu/99/ [运行时间：0.011093s][吞吐率：90.15req/s] [内存消耗：1,864.81kb] [文件加载：51]
[ error ] [8]未定义数组下标: 1

---------------------------------------------------------------
[ 2023-10-03T15:57:34+08:00 ] [ log ] www.at111.icu/99/favicon.ico [运行时间：0.009771s][吞吐率：102.35req/s] [内存消耗：1,650.74kb] [文件加载：44]
[ error ] [8]未定义数组下标: 1

---------------------------------------------------------------
[ 2023-10-03T16:02:12+08:00 ] [ log ] www.at111.icu/99/ [运行时间：0.011073s][吞吐率：90.31req/s] [内存消耗：1,864.81kb] [文件加载：51]
[ error ] [8]未定义数组下标: 1

---------------------------------------------------------------
[ 2023-10-03T16:02:13+08:00 ] [ log ] www.at111.icu/99/favicon.ico [运行时间：0.027887s][吞吐率：35.86req/s] [内存消耗：1,650.74kb] [文件加载：44]
[ error ] [8]未定义数组下标: 1

---------------------------------------------------------------
[ 2023-10-03T16:02:15+08:00 ] [ log ] www.at111.icu/99/index/open.html [运行时间：0.027657s][吞吐率：36.16req/s] [内存消耗：1,865.13kb] [文件加载：50]
[ error ] [8]未定义数组下标: 1

---------------------------------------------------------------
[ 2023-10-03T16:07:55+08:00 ] [ log ] at111.icu/99/ [运行时间：0.010781s][吞吐率：92.76req/s] [内存消耗：1,865.34kb] [文件加载：51]
[ error ] [8]未定义数组下标: 1

---------------------------------------------------------------
[ 2023-10-03T16:07:56+08:00 ] [ log ] at111.icu/99/favicon.ico [运行时间：0.009475s][吞吐率：105.54req/s] [内存消耗：1,650.74kb] [文件加载：44]
[ error ] [8]未定义数组下标: 1

---------------------------------------------------------------
[ 2023-10-03T16:07:58+08:00 ] [ log ] at111.icu/99/index/open.html [运行时间：0.010788s][吞吐率：92.70req/s] [内存消耗：1,865.12kb] [文件加载：50]
[ error ] [8]未定义数组下标: 1

---------------------------------------------------------------
[ 2023-10-03T16:55:25+08:00 ] [ log ] www.at111.icu/99/index/open.html [运行时间：0.011268s][吞吐率：88.75req/s] [内存消耗：1,865.66kb] [文件加载：50]
[ error ] [8]未定义数组下标: 1

---------------------------------------------------------------
[ 2023-10-03T16:55:30+08:00 ] [ log ] www.at111.icu/99/ [运行时间：0.010699s][吞吐率：93.47req/s] [内存消耗：1,865.34kb] [文件加载：51]
[ error ] [8]未定义数组下标: 1

---------------------------------------------------------------
[ 2023-10-03T16:55:31+08:00 ] [ log ] www.at111.icu/99/favicon.ico [运行时间：0.009840s][吞吐率：101.63req/s] [内存消耗：1,650.74kb] [文件加载：44]
[ error ] [8]未定义数组下标: 1

---------------------------------------------------------------
[ 2023-10-03T16:55:33+08:00 ] [ log ] www.at111.icu/99/index/open.html [运行时间：0.032580s][吞吐率：30.69req/s] [内存消耗：1,865.13kb] [文件加载：50]
[ error ] [8]未定义数组下标: 1

---------------------------------------------------------------
[ 2023-10-03T18:09:11+08:00 ] [ log ] www.at111.icu/99/ [运行时间：0.011122s][吞吐率：89.91req/s] [内存消耗：1,865.34kb] [文件加载：51]
[ error ] [8]未定义数组下标: 1

---------------------------------------------------------------
[ 2023-10-03T18:09:11+08:00 ] [ log ] www.at111.icu/99/favicon.ico [运行时间：0.009429s][吞吐率：106.06req/s] [内存消耗：1,650.74kb] [文件加载：44]
[ error ] [8]未定义数组下标: 1

---------------------------------------------------------------
[ 2023-10-03T18:09:13+08:00 ] [ log ] www.at111.icu/99/index/open.html [运行时间：0.011040s][吞吐率：90.58req/s] [内存消耗：1,865.13kb] [文件加载：50]
[ error ] [8]未定义数组下标: 1

---------------------------------------------------------------
[ 2023-10-03T19:28:13+08:00 ] [ log ] at111.icu/99/ [运行时间：0.011478s][吞吐率：87.12req/s] [内存消耗：1,865.34kb] [文件加载：51]
[ error ] [8]未定义数组下标: 1

---------------------------------------------------------------
[ 2023-10-03T19:28:14+08:00 ] [ log ] at111.icu/99/favicon.ico [运行时间：0.009375s][吞吐率：106.67req/s] [内存消耗：1,650.74kb] [文件加载：44]
[ error ] [8]未定义数组下标: 1

---------------------------------------------------------------
[ 2023-10-03T19:28:17+08:00 ] [ log ] at111.icu/99/index/open.html [运行时间：0.010622s][吞吐率：94.14req/s] [内存消耗：1,865.12kb] [文件加载：50]
[ error ] [8]未定义数组下标: 1

---------------------------------------------------------------
[ 2023-10-03T19:55:53+08:00 ] [ log ] at111.icu/99/ [运行时间：0.011186s][吞吐率：89.40req/s] [内存消耗：1,864.80kb] [文件加载：51]
[ error ] [8]未定义数组下标: 1

---------------------------------------------------------------
[ 2023-10-03T19:55:55+08:00 ] [ log ] at111.icu/99/favicon.ico [运行时间：0.009622s][吞吐率：103.93req/s] [内存消耗：1,650.74kb] [文件加载：44]
[ error ] [8]未定义数组下标: 1

---------------------------------------------------------------
[ 2023-10-03T19:55:57+08:00 ] [ log ] at111.icu/99/index/open.html [运行时间：0.015028s][吞吐率：66.54req/s] [内存消耗：1,865.12kb] [文件加载：50]
[ error ] [8]未定义数组下标: 1

---------------------------------------------------------------
[ 2023-10-03T20:11:24+08:00 ] [ log ] www.at111.icu/99/ [运行时间：0.010842s][吞吐率：92.23req/s] [内存消耗：1,865.34kb] [文件加载：51]
[ error ] [8]未定义数组下标: 1

---------------------------------------------------------------
[ 2023-10-03T20:11:24+08:00 ] [ log ] www.at111.icu/99/favicon.ico [运行时间：0.010289s][吞吐率：97.19req/s] [内存消耗：1,650.74kb] [文件加载：44]
[ error ] [8]未定义数组下标: 1

---------------------------------------------------------------
[ 2023-10-03T20:11:27+08:00 ] [ log ] www.at111.icu/99/index/open.html [运行时间：0.010515s][吞吐率：95.10req/s] [内存消耗：1,865.13kb] [文件加载：50]
[ error ] [8]未定义数组下标: 1

---------------------------------------------------------------
[ 2023-10-03T20:19:08+08:00 ] [ log ] www.at111.icu/99/ [运行时间：0.010722s][吞吐率：93.27req/s] [内存消耗：1,864.81kb] [文件加载：51]
[ error ] [8]未定义数组下标: 1

---------------------------------------------------------------
[ 2023-10-03T20:19:58+08:00 ] [ log ] www.at111.icu/99/ [运行时间：0.010700s][吞吐率：93.46req/s] [内存消耗：1,864.81kb] [文件加载：51]
[ error ] [8]未定义数组下标: 1

---------------------------------------------------------------
[ 2023-10-03T20:20:04+08:00 ] [ log ] www.at111.icu/99/favicon.ico [运行时间：0.009535s][吞吐率：104.88req/s] [内存消耗：1,650.74kb] [文件加载：44]
[ error ] [8]未定义数组下标: 1

---------------------------------------------------------------
[ 2023-10-03T21:04:29+08:00 ] [ log ] www.at111.icu/99/ [运行时间：0.010716s][吞吐率：93.32req/s] [内存消耗：1,865.34kb] [文件加载：51]
[ error ] [8]未定义数组下标: 1

---------------------------------------------------------------
[ 2023-10-03T21:04:29+08:00 ] [ log ] www.at111.icu/99/ [运行时间：0.011435s][吞吐率：87.45req/s] [内存消耗：1,865.34kb] [文件加载：51]
[ error ] [8]未定义数组下标: 1

---------------------------------------------------------------
[ 2023-10-03T21:04:36+08:00 ] [ log ] www.at111.icu/99/index/open.html [运行时间：0.010555s][吞吐率：94.74req/s] [内存消耗：1,865.13kb] [文件加载：50]
[ error ] [8]未定义数组下标: 1

---------------------------------------------------------------
[ 2023-10-03T21:30:43+08:00 ] [ log ] www.at111.icu/99/ [运行时间：0.011686s][吞吐率：85.57req/s] [内存消耗：1,865.34kb] [文件加载：51]
[ error ] [8]未定义数组下标: 1

---------------------------------------------------------------
[ 2023-10-03T21:30:44+08:00 ] [ log ] www.at111.icu/99/favicon.ico [运行时间：0.009351s][吞吐率：106.94req/s] [内存消耗：1,650.74kb] [文件加载：44]
[ error ] [8]未定义数组下标: 1

---------------------------------------------------------------
[ 2023-10-03T21:30:46+08:00 ] [ log ] www.at111.icu/99/index/open.html [运行时间：0.010552s][吞吐率：94.77req/s] [内存消耗：1,865.13kb] [文件加载：50]
[ error ] [8]未定义数组下标: 1

---------------------------------------------------------------
[ 2023-10-03T21:51:09+08:00 ] [ log ] www.at111.icu/99/ [运行时间：0.010825s][吞吐率：92.38req/s] [内存消耗：1,864.81kb] [文件加载：51]
[ error ] [8]未定义数组下标: 1

---------------------------------------------------------------
[ 2023-10-03T21:51:26+08:00 ] [ log ] www.at111.icu/99/ [运行时间：0.014321s][吞吐率：69.83req/s] [内存消耗：1,864.81kb] [文件加载：51]
[ error ] [8]未定义数组下标: 1

---------------------------------------------------------------
[ 2023-10-03T21:51:42+08:00 ] [ log ] www.at111.icu/99/favicon.ico [运行时间：0.009368s][吞吐率：106.75req/s] [内存消耗：1,650.74kb] [文件加载：44]
[ error ] [8]未定义数组下标: 1

---------------------------------------------------------------
[ 2023-10-03T21:52:03+08:00 ] [ log ] www.at111.icu/99/index/open.html [运行时间：0.011262s][吞吐率：88.79req/s] [内存消耗：1,865.13kb] [文件加载：50]
[ error ] [8]未定义数组下标: 1

---------------------------------------------------------------
[ 2023-10-03T21:57:27+08:00 ] [ log ] www.at111.icu/99/ [运行时间：0.016747s][吞吐率：59.71req/s] [内存消耗：1,864.81kb] [文件加载：51]
[ error ] [8]未定义数组下标: 1

---------------------------------------------------------------
[ 2023-10-03T21:57:28+08:00 ] [ log ] www.at111.icu/99/favicon.ico [运行时间：0.009609s][吞吐率：104.07req/s] [内存消耗：1,650.74kb] [文件加载：44]
[ error ] [8]未定义数组下标: 1

---------------------------------------------------------------
[ 2023-10-03T21:57:30+08:00 ] [ log ] www.at111.icu/99/index/open.html [运行时间：0.023322s][吞吐率：42.88req/s] [内存消耗：1,865.13kb] [文件加载：50]
[ error ] [8]未定义数组下标: 1

---------------------------------------------------------------
[ 2023-10-03T21:58:10+08:00 ] [ log ] www.at111.icu/99/ [运行时间：0.033665s][吞吐率：29.70req/s] [内存消耗：1,864.81kb] [文件加载：51]
[ error ] [8]未定义数组下标: 1

---------------------------------------------------------------
[ 2023-10-03T21:58:14+08:00 ] [ log ] www.at111.icu/99/index/open.html [运行时间：0.015643s][吞吐率：63.93req/s] [内存消耗：1,865.13kb] [文件加载：50]
[ error ] [8]未定义数组下标: 1

---------------------------------------------------------------
[ 2023-10-03T23:07:12+08:00 ] [ log ] at333.icu/99/ [运行时间：0.014987s][吞吐率：66.72req/s] [内存消耗：1,865.34kb] [文件加载：51]
[ error ] [8]未定义数组下标: 1

---------------------------------------------------------------
[ 2023-10-03T23:09:45+08:00 ] [ log ] www.at333.icu/99/ [运行时间：0.010980s][吞吐率：91.08req/s] [内存消耗：1,865.34kb] [文件加载：51]
[ error ] [8]未定义数组下标: 1

---------------------------------------------------------------
[ 2023-10-03T23:09:46+08:00 ] [ log ] www.at333.icu/99/favicon.ico [运行时间：0.009412s][吞吐率：106.25req/s] [内存消耗：1,650.74kb] [文件加载：44]
[ error ] [8]未定义数组下标: 1

---------------------------------------------------------------
[ 2023-10-03T23:09:46+08:00 ] [ log ] www.at333.icu/99/favicon.ico [运行时间：0.009309s][吞吐率：107.43req/s] [内存消耗：1,650.74kb] [文件加载：44]
[ error ] [8]未定义数组下标: 1

---------------------------------------------------------------
[ 2023-10-03T23:09:53+08:00 ] [ log ] www.at333.icu/99/index/open.html [运行时间：0.039605s][吞吐率：25.25req/s] [内存消耗：1,865.13kb] [文件加载：50]
[ error ] [8]未定义数组下标: 1

---------------------------------------------------------------
[ 2023-10-03T23:12:50+08:00 ] [ log ] at111.icu/99/ [运行时间：0.011433s][吞吐率：87.47req/s] [内存消耗：1,865.34kb] [文件加载：51]
[ error ] [8]未定义数组下标: 1

---------------------------------------------------------------
[ 2023-10-03T23:12:52+08:00 ] [ log ] at111.icu/99/favicon.ico [运行时间：0.009320s][吞吐率：107.30req/s] [内存消耗：1,650.74kb] [文件加载：44]
[ error ] [8]未定义数组下标: 1

---------------------------------------------------------------
[ 2023-10-03T23:12:52+08:00 ] [ log ] at111.icu/99/favicon.ico [运行时间：0.009347s][吞吐率：106.98req/s] [内存消耗：1,650.74kb] [文件加载：44]
[ error ] [8]未定义数组下标: 1

---------------------------------------------------------------
[ 2023-10-03T23:12:54+08:00 ] [ log ] at111.icu/99/index/open.html [运行时间：0.011059s][吞吐率：90.42req/s] [内存消耗：1,865.12kb] [文件加载：50]
[ error ] [8]未定义数组下标: 1

---------------------------------------------------------------
