[ 2023-10-04T00:14:11+08:00 ] [ log ] www.at111.icu/99/ [运行时间：0.011707s][吞吐率：85.42req/s] [内存消耗：1,865.34kb] [文件加载：51]
[ error ] [8]未定义数组下标: 1

---------------------------------------------------------------
[ 2023-10-04T00:14:14+08:00 ] [ log ] www.at111.icu/99/favicon.ico [运行时间：0.009284s][吞吐率：107.71req/s] [内存消耗：1,650.74kb] [文件加载：44]
[ error ] [8]未定义数组下标: 1

---------------------------------------------------------------
[ 2023-10-04T00:14:19+08:00 ] [ log ] www.at111.icu/99/index/open.html [运行时间：0.010757s][吞吐率：92.96req/s] [内存消耗：1,865.13kb] [文件加载：50]
[ error ] [8]未定义数组下标: 1

---------------------------------------------------------------
[ 2023-10-04T00:14:47+08:00 ] [ log ] www.at111.icu/99/ [运行时间：0.011029s][吞吐率：90.67req/s] [内存消耗：1,864.81kb] [文件加载：51]
[ error ] [8]未定义数组下标: 1

---------------------------------------------------------------
[ 2023-10-04T00:14:47+08:00 ] [ log ] www.at111.icu/99/favicon.ico [运行时间：0.031968s][吞吐率：31.28req/s] [内存消耗：1,650.74kb] [文件加载：44]
[ error ] [8]未定义数组下标: 1

---------------------------------------------------------------
[ 2023-10-04T00:14:50+08:00 ] [ log ] www.at111.icu/99/index/open.html [运行时间：0.010577s][吞吐率：94.55req/s] [内存消耗：1,865.13kb] [文件加载：50]
[ error ] [8]未定义数组下标: 1

---------------------------------------------------------------
[ 2023-10-04T00:14:56+08:00 ] [ log ] www.at111.icu/99/ [运行时间：0.013212s][吞吐率：75.69req/s] [内存消耗：1,864.81kb] [文件加载：51]
[ error ] [8]未定义数组下标: 1

---------------------------------------------------------------
[ 2023-10-04T00:28:29+08:00 ] [ log ] www.at111.icu/99/ [运行时间：0.040457s][吞吐率：24.72req/s] [内存消耗：1,864.81kb] [文件加载：51]
[ error ] [8]未定义数组下标: 1

---------------------------------------------------------------
[ 2023-10-04T00:28:30+08:00 ] [ log ] www.at111.icu/99/favicon.ico [运行时间：0.029364s][吞吐率：34.06req/s] [内存消耗：1,650.74kb] [文件加载：44]
[ error ] [8]未定义数组下标: 1

---------------------------------------------------------------
[ 2023-10-04T00:28:33+08:00 ] [ log ] www.at111.icu/99/index/open.html [运行时间：0.010734s][吞吐率：93.16req/s] [内存消耗：1,865.13kb] [文件加载：50]
[ error ] [8]未定义数组下标: 1

---------------------------------------------------------------
[ 2023-10-04T00:30:32+08:00 ] [ log ] www.at111.icu/99/ [运行时间：0.010753s][吞吐率：93.00req/s] [内存消耗：1,864.81kb] [文件加载：51]
[ error ] [8]未定义数组下标: 1

---------------------------------------------------------------
[ 2023-10-04T00:30:33+08:00 ] [ log ] www.at111.icu/99/favicon.ico [运行时间：0.009351s][吞吐率：106.94req/s] [内存消耗：1,650.74kb] [文件加载：44]
[ error ] [8]未定义数组下标: 1

---------------------------------------------------------------
[ 2023-10-04T00:30:36+08:00 ] [ log ] www.at111.icu/99/index/open.html [运行时间：0.016632s][吞吐率：60.12req/s] [内存消耗：1,865.13kb] [文件加载：50]
[ error ] [8]未定义数组下标: 1

---------------------------------------------------------------
[ 2023-10-04T04:44:27+08:00 ] [ log ] at111.icu/99/ [运行时间：0.010857s][吞吐率：92.11req/s] [内存消耗：1,865.34kb] [文件加载：51]
[ error ] [8]未定义数组下标: 1

---------------------------------------------------------------
[ 2023-10-04T04:44:28+08:00 ] [ log ] at111.icu/99/favicon.ico [运行时间：0.009260s][吞吐率：107.99req/s] [内存消耗：1,650.74kb] [文件加载：44]
[ error ] [8]未定义数组下标: 1

---------------------------------------------------------------
[ 2023-10-04T04:44:31+08:00 ] [ log ] at111.icu/99/index/open.html [运行时间：0.010734s][吞吐率：93.16req/s] [内存消耗：1,865.12kb] [文件加载：50]
[ error ] [8]未定义数组下标: 1

---------------------------------------------------------------
[ 2023-10-04T05:01:14+08:00 ] [ log ] at111.icu/99/ [运行时间：0.040345s][吞吐率：24.79req/s] [内存消耗：1,864.80kb] [文件加载：51]
[ error ] [8]未定义数组下标: 1

---------------------------------------------------------------
[ 2023-10-04T05:01:14+08:00 ] [ log ] at111.icu/99/?uc_sm=1&from=wh10331 [运行时间：0.020045s][吞吐率：49.89req/s] [内存消耗：1,865.45kb] [文件加载：51]
[ error ] [8]未定义数组下标: 1

---------------------------------------------------------------
[ 2023-10-04T05:01:14+08:00 ] [ log ] at111.icu/99/favicon.ico [运行时间：0.009267s][吞吐率：107.91req/s] [内存消耗：1,650.74kb] [文件加载：44]
[ error ] [8]未定义数组下标: 1

---------------------------------------------------------------
[ 2023-10-04T05:01:18+08:00 ] [ log ] at111.icu/99/index/open.html [运行时间：0.011069s][吞吐率：90.34req/s] [内存消耗：1,865.12kb] [文件加载：50]
[ error ] [8]未定义数组下标: 1

---------------------------------------------------------------
[ 2023-10-04T06:22:03+08:00 ] [ log ] www.at111.icu/99/ [运行时间：0.011317s][吞吐率：88.36req/s] [内存消耗：1,865.34kb] [文件加载：51]
[ error ] [8]未定义数组下标: 1

---------------------------------------------------------------
[ 2023-10-04T06:22:06+08:00 ] [ log ] www.at111.icu/99/favicon.ico [运行时间：0.012837s][吞吐率：77.90req/s] [内存消耗：1,650.74kb] [文件加载：44]
[ error ] [8]未定义数组下标: 1

---------------------------------------------------------------
[ 2023-10-04T06:22:27+08:00 ] [ log ] www.at111.icu/99/ [运行时间：0.010825s][吞吐率：92.38req/s] [内存消耗：1,864.81kb] [文件加载：51]
[ error ] [8]未定义数组下标: 1

---------------------------------------------------------------
[ 2023-10-04T06:22:28+08:00 ] [ log ] www.at111.icu/99/favicon.ico [运行时间：0.012927s][吞吐率：77.36req/s] [内存消耗：1,650.74kb] [文件加载：44]
[ error ] [8]未定义数组下标: 1

---------------------------------------------------------------
[ 2023-10-04T06:22:30+08:00 ] [ log ] www.at111.icu/99/index/open.html [运行时间：0.011058s][吞吐率：90.43req/s] [内存消耗：1,865.13kb] [文件加载：50]
[ error ] [8]未定义数组下标: 1

---------------------------------------------------------------
[ 2023-10-04T06:38:46+08:00 ] [ log ] www.at111.icu/99/ [运行时间：0.010716s][吞吐率：93.32req/s] [内存消耗：1,864.81kb] [文件加载：51]
[ error ] [8]未定义数组下标: 1

---------------------------------------------------------------
[ 2023-10-04T06:38:55+08:00 ] [ log ] www.at111.icu/99/favicon.ico [运行时间：0.009455s][吞吐率：105.76req/s] [内存消耗：1,650.74kb] [文件加载：44]
[ error ] [8]未定义数组下标: 1

---------------------------------------------------------------
[ 2023-10-04T07:37:54+08:00 ] [ log ] www.at111.icu/99/ [运行时间：0.010782s][吞吐率：92.75req/s] [内存消耗：1,865.34kb] [文件加载：51]
[ error ] [8]未定义数组下标: 1

---------------------------------------------------------------
[ 2023-10-04T07:41:16+08:00 ] [ log ] www.at111.icu/99/ [运行时间：0.010761s][吞吐率：92.93req/s] [内存消耗：1,864.81kb] [文件加载：51]
[ error ] [8]未定义数组下标: 1

---------------------------------------------------------------
[ 2023-10-04T07:41:17+08:00 ] [ log ] www.at111.icu/99/ [运行时间：0.010965s][吞吐率：91.20req/s] [内存消耗：1,864.81kb] [文件加载：51]
[ error ] [8]未定义数组下标: 1

---------------------------------------------------------------
[ 2023-10-04T07:41:17+08:00 ] [ log ] www.at111.icu/99/ [运行时间：0.011158s][吞吐率：89.62req/s] [内存消耗：1,864.81kb] [文件加载：51]
[ error ] [8]未定义数组下标: 1

---------------------------------------------------------------
[ 2023-10-04T07:41:24+08:00 ] [ log ] www.at111.icu/99/favicon.ico [运行时间：0.009547s][吞吐率：104.74req/s] [内存消耗：1,650.74kb] [文件加载：44]
[ error ] [8]未定义数组下标: 1

---------------------------------------------------------------
[ 2023-10-04T07:41:24+08:00 ] [ log ] www.at111.icu/99/favicon.ico [运行时间：0.009541s][吞吐率：104.81req/s] [内存消耗：1,650.74kb] [文件加载：44]
[ error ] [8]未定义数组下标: 1

---------------------------------------------------------------
[ 2023-10-04T07:41:24+08:00 ] [ log ] www.at111.icu/99/favicon.ico [运行时间：0.009381s][吞吐率：106.60req/s] [内存消耗：1,650.74kb] [文件加载：44]
[ error ] [8]未定义数组下标: 1

---------------------------------------------------------------
[ 2023-10-04T07:41:26+08:00 ] [ log ] www.at111.icu/99/ [运行时间：0.011272s][吞吐率：88.71req/s] [内存消耗：1,864.81kb] [文件加载：51]
[ error ] [8]未定义数组下标: 1

---------------------------------------------------------------
[ 2023-10-04T07:41:27+08:00 ] [ log ] www.at111.icu/99/favicon.ico [运行时间：0.009286s][吞吐率：107.69req/s] [内存消耗：1,650.74kb] [文件加载：44]
[ error ] [8]未定义数组下标: 1

---------------------------------------------------------------
[ 2023-10-04T07:41:33+08:00 ] [ log ] www.at111.icu/99/index/open.html [运行时间：0.019246s][吞吐率：51.96req/s] [内存消耗：1,865.13kb] [文件加载：50]
[ error ] [8]未定义数组下标: 1

---------------------------------------------------------------
[ 2023-10-04T07:42:56+08:00 ] [ log ] www.at111.icu/99/ [运行时间：0.011647s][吞吐率：85.86req/s] [内存消耗：1,864.81kb] [文件加载：51]
[ error ] [8]未定义数组下标: 1

---------------------------------------------------------------
[ 2023-10-04T07:42:56+08:00 ] [ log ] www.at111.icu/99/favicon.ico [运行时间：0.010945s][吞吐率：91.37req/s] [内存消耗：1,650.74kb] [文件加载：44]
[ error ] [8]未定义数组下标: 1

---------------------------------------------------------------
[ 2023-10-04T09:26:51+08:00 ] [ log ] at333.icu/99/ [运行时间：0.015224s][吞吐率：65.69req/s] [内存消耗：1,865.34kb] [文件加载：51]
[ error ] [8]未定义数组下标: 1

---------------------------------------------------------------
[ 2023-10-04T09:26:52+08:00 ] [ log ] at333.icu/99/favicon.ico [运行时间：0.009421s][吞吐率：106.15req/s] [内存消耗：1,650.74kb] [文件加载：44]
[ error ] [8]未定义数组下标: 1

---------------------------------------------------------------
[ 2023-10-04T09:26:56+08:00 ] [ log ] at333.icu/99/index/open.html [运行时间：0.011003s][吞吐率：90.88req/s] [内存消耗：1,865.12kb] [文件加载：50]
[ error ] [8]未定义数组下标: 1

---------------------------------------------------------------
[ 2023-10-04T10:45:44+08:00 ] [ log ] at111.icu/99/ [运行时间：0.010829s][吞吐率：92.34req/s] [内存消耗：1,865.34kb] [文件加载：51]
[ error ] [8]未定义数组下标: 1

---------------------------------------------------------------
[ 2023-10-04T10:45:48+08:00 ] [ log ] at111.icu/99/favicon.ico [运行时间：0.009371s][吞吐率：106.71req/s] [内存消耗：1,650.74kb] [文件加载：44]
[ error ] [8]未定义数组下标: 1

---------------------------------------------------------------
[ 2023-10-04T10:45:56+08:00 ] [ log ] at111.icu/99/index/open.html [运行时间：0.026141s][吞吐率：38.25req/s] [内存消耗：1,865.12kb] [文件加载：50]
[ error ] [8]未定义数组下标: 1

---------------------------------------------------------------
[ 2023-10-04T10:54:09+08:00 ] [ log ] at111.icu/99/ [运行时间：0.012129s][吞吐率：82.45req/s] [内存消耗：1,864.80kb] [文件加载：51]
[ error ] [8]未定义数组下标: 1

---------------------------------------------------------------
[ 2023-10-04T10:54:09+08:00 ] [ log ] at111.icu/99/favicon.ico [运行时间：0.009258s][吞吐率：108.01req/s] [内存消耗：1,650.74kb] [文件加载：44]
[ error ] [8]未定义数组下标: 1

---------------------------------------------------------------
[ 2023-10-04T10:54:12+08:00 ] [ log ] at111.icu/99/index/open.html [运行时间：0.013380s][吞吐率：74.74req/s] [内存消耗：1,865.12kb] [文件加载：50]
[ error ] [8]未定义数组下标: 1

---------------------------------------------------------------
[ 2023-10-04T10:56:53+08:00 ] [ log ] at111.icu/99/ [运行时间：0.011056s][吞吐率：90.45req/s] [内存消耗：1,864.80kb] [文件加载：51]
[ error ] [8]未定义数组下标: 1

---------------------------------------------------------------
[ 2023-10-04T10:56:54+08:00 ] [ log ] at111.icu/99/favicon.ico [运行时间：0.015053s][吞吐率：66.43req/s] [内存消耗：1,650.74kb] [文件加载：44]
[ error ] [8]未定义数组下标: 1

---------------------------------------------------------------
[ 2023-10-04T11:04:57+08:00 ] [ log ] www.at111.icu/99/ [运行时间：0.038423s][吞吐率：26.03req/s] [内存消耗：1,865.34kb] [文件加载：51]
[ error ] [8]未定义数组下标: 1

---------------------------------------------------------------
[ 2023-10-04T11:05:00+08:00 ] [ log ] www.at111.icu/99/favicon.ico [运行时间：0.009444s][吞吐率：105.89req/s] [内存消耗：1,650.74kb] [文件加载：44]
[ error ] [8]未定义数组下标: 1

---------------------------------------------------------------
[ 2023-10-04T11:05:03+08:00 ] [ log ] www.at111.icu/99/index/open.html [运行时间：0.048255s][吞吐率：20.72req/s] [内存消耗：1,865.13kb] [文件加载：50]
[ error ] [8]未定义数组下标: 1

---------------------------------------------------------------
[ 2023-10-04T11:05:50+08:00 ] [ log ] www.at111.icu/99/ [运行时间：0.010749s][吞吐率：93.03req/s] [内存消耗：1,865.34kb] [文件加载：51]
[ error ] [8]未定义数组下标: 1

---------------------------------------------------------------
[ 2023-10-04T11:05:50+08:00 ] [ log ] www.at111.icu/99/ [运行时间：0.011551s][吞吐率：86.57req/s] [内存消耗：1,865.34kb] [文件加载：51]
[ error ] [8]未定义数组下标: 1

---------------------------------------------------------------
[ 2023-10-04T11:05:50+08:00 ] [ log ] www.at111.icu/99/ [运行时间：0.010997s][吞吐率：90.93req/s] [内存消耗：1,865.34kb] [文件加载：51]
[ error ] [8]未定义数组下标: 1

---------------------------------------------------------------
[ 2023-10-04T11:05:51+08:00 ] [ log ] www.at111.icu/99/favicon.ico [运行时间：0.014238s][吞吐率：70.24req/s] [内存消耗：1,650.74kb] [文件加载：44]
[ error ] [8]未定义数组下标: 1

---------------------------------------------------------------
[ 2023-10-04T11:05:51+08:00 ] [ log ] www.at111.icu/99/favicon.ico [运行时间：0.009303s][吞吐率：107.49req/s] [内存消耗：1,650.74kb] [文件加载：44]
[ error ] [8]未定义数组下标: 1

---------------------------------------------------------------
[ 2023-10-04T11:05:51+08:00 ] [ log ] www.at111.icu/99/favicon.ico [运行时间：0.009230s][吞吐率：108.34req/s] [内存消耗：1,650.74kb] [文件加载：44]
[ error ] [8]未定义数组下标: 1

---------------------------------------------------------------
[ 2023-10-04T11:05:55+08:00 ] [ log ] www.at111.icu/99/index/open.html [运行时间：0.010714s][吞吐率：93.34req/s] [内存消耗：1,865.13kb] [文件加载：50]
[ error ] [8]未定义数组下标: 1

---------------------------------------------------------------
[ 2023-10-04T11:06:41+08:00 ] [ log ] www.at111.icu/99/ [运行时间：0.011181s][吞吐率：89.44req/s] [内存消耗：1,864.81kb] [文件加载：51]
[ error ] [8]未定义数组下标: 1

---------------------------------------------------------------
[ 2023-10-04T11:06:41+08:00 ] [ log ] www.at111.icu/99/ [运行时间：0.010716s][吞吐率：93.32req/s] [内存消耗：1,864.81kb] [文件加载：51]
[ error ] [8]未定义数组下标: 1

---------------------------------------------------------------
[ 2023-10-04T11:06:42+08:00 ] [ log ] www.at111.icu/99/favicon.ico [运行时间：0.009102s][吞吐率：109.86req/s] [内存消耗：1,650.74kb] [文件加载：44]
[ error ] [8]未定义数组下标: 1

---------------------------------------------------------------
[ 2023-10-04T11:06:42+08:00 ] [ log ] www.at111.icu/99/favicon.ico [运行时间：0.009524s][吞吐率：105.00req/s] [内存消耗：1,650.74kb] [文件加载：44]
[ error ] [8]未定义数组下标: 1

---------------------------------------------------------------
[ 2023-10-04T11:27:08+08:00 ] [ log ] at111.icu/99/ [运行时间：0.011501s][吞吐率：86.95req/s] [内存消耗：1,864.80kb] [文件加载：51]
[ error ] [8]未定义数组下标: 1

---------------------------------------------------------------
[ 2023-10-04T11:27:09+08:00 ] [ log ] at111.icu/99/favicon.ico [运行时间：0.009874s][吞吐率：101.28req/s] [内存消耗：1,650.74kb] [文件加载：44]
[ error ] [8]未定义数组下标: 1

---------------------------------------------------------------
[ 2023-10-04T11:27:11+08:00 ] [ log ] at111.icu/99/index/open.html [运行时间：0.011177s][吞吐率：89.47req/s] [内存消耗：1,865.12kb] [文件加载：50]
[ error ] [8]未定义数组下标: 1

---------------------------------------------------------------
[ 2023-10-04T11:48:29+08:00 ] [ log ] at111.icu/99/?uc_sm=1 [运行时间：0.010809s][吞吐率：92.52req/s] [内存消耗：1,865.97kb] [文件加载：51]
[ error ] [8]未定义数组下标: 1

---------------------------------------------------------------
[ 2023-10-04T11:48:32+08:00 ] [ log ] at111.icu/99/?uc_sm=1 [运行时间：0.011090s][吞吐率：90.17req/s] [内存消耗：1,865.97kb] [文件加载：51]
[ error ] [8]未定义数组下标: 1

---------------------------------------------------------------
[ 2023-10-04T11:48:39+08:00 ] [ log ] at111.icu/99/?uc_sm=1 [运行时间：0.010984s][吞吐率：91.04req/s] [内存消耗：1,865.97kb] [文件加载：51]
[ error ] [8]未定义数组下标: 1

---------------------------------------------------------------
[ 2023-10-04T11:54:23+08:00 ] [ log ] at333.icu/99/ [运行时间：0.012523s][吞吐率：79.85req/s] [内存消耗：1,865.34kb] [文件加载：51]
[ error ] [8]未定义数组下标: 1

---------------------------------------------------------------
[ 2023-10-04T11:54:28+08:00 ] [ log ] at333.icu/99/index/open.html [运行时间：0.010641s][吞吐率：93.98req/s] [内存消耗：1,865.12kb] [文件加载：50]
[ error ] [8]未定义数组下标: 1

---------------------------------------------------------------
[ 2023-10-04T11:57:36+08:00 ] [ log ] at333.icu/99/ [运行时间：0.037783s][吞吐率：26.47req/s] [内存消耗：1,865.34kb] [文件加载：51]
[ error ] [8]未定义数组下标: 1

---------------------------------------------------------------
[ 2023-10-04T11:57:37+08:00 ] [ log ] at333.icu/99/favicon.ico [运行时间：0.030881s][吞吐率：32.38req/s] [内存消耗：1,650.74kb] [文件加载：44]
[ error ] [8]未定义数组下标: 1

---------------------------------------------------------------
[ 2023-10-04T11:57:40+08:00 ] [ log ] at333.icu/99/index/open.html [运行时间：0.015896s][吞吐率：62.91req/s] [内存消耗：1,865.12kb] [文件加载：50]
[ error ] [8]未定义数组下标: 1

---------------------------------------------------------------
[ 2023-10-04T11:59:52+08:00 ] [ log ] www.at111.icu/99/ [运行时间：0.011488s][吞吐率：87.05req/s] [内存消耗：1,864.81kb] [文件加载：51]
[ error ] [8]未定义数组下标: 1

---------------------------------------------------------------
[ 2023-10-04T11:59:53+08:00 ] [ log ] www.at111.icu/99/favicon.ico [运行时间：0.009295s][吞吐率：107.58req/s] [内存消耗：1,650.74kb] [文件加载：44]
[ error ] [8]未定义数组下标: 1

---------------------------------------------------------------
[ 2023-10-04T11:59:55+08:00 ] [ log ] www.at111.icu/99/index/open.html [运行时间：0.037728s][吞吐率：26.51req/s] [内存消耗：1,865.13kb] [文件加载：50]
[ error ] [8]未定义数组下标: 1

---------------------------------------------------------------
[ 2023-10-04T12:04:09+08:00 ] [ log ] at333.icu/99/ [运行时间：0.042957s][吞吐率：23.28req/s] [内存消耗：1,864.80kb] [文件加载：51]
[ error ] [8]未定义数组下标: 1

---------------------------------------------------------------
[ 2023-10-04T12:04:10+08:00 ] [ log ] at333.icu/99/favicon.ico [运行时间：0.013018s][吞吐率：76.82req/s] [内存消耗：1,650.74kb] [文件加载：44]
[ error ] [8]未定义数组下标: 1

---------------------------------------------------------------
[ 2023-10-04T12:29:15+08:00 ] [ log ] at333.icu/99/ [运行时间：0.032003s][吞吐率：31.25req/s] [内存消耗：1,864.80kb] [文件加载：51]
[ error ] [8]未定义数组下标: 1

---------------------------------------------------------------
[ 2023-10-04T12:29:17+08:00 ] [ log ] at333.icu/99/favicon.ico [运行时间：0.012425s][吞吐率：80.48req/s] [内存消耗：1,650.74kb] [文件加载：44]
[ error ] [8]未定义数组下标: 1

---------------------------------------------------------------
[ 2023-10-04T12:29:21+08:00 ] [ log ] at333.icu/99/index/open.html [运行时间：0.039874s][吞吐率：25.08req/s] [内存消耗：1,865.12kb] [文件加载：50]
[ error ] [8]未定义数组下标: 1

---------------------------------------------------------------
[ 2023-10-04T12:30:52+08:00 ] [ log ] www.at111.icu/99/ [运行时间：0.010686s][吞吐率：93.58req/s] [内存消耗：1,865.34kb] [文件加载：51]
[ error ] [8]未定义数组下标: 1

---------------------------------------------------------------
[ 2023-10-04T12:30:52+08:00 ] [ log ] www.at111.icu/99/favicon.ico [运行时间：0.009817s][吞吐率：101.86req/s] [内存消耗：1,650.74kb] [文件加载：44]
[ error ] [8]未定义数组下标: 1

---------------------------------------------------------------
[ 2023-10-04T12:30:55+08:00 ] [ log ] www.at111.icu/99/index/open.html [运行时间：0.033852s][吞吐率：29.54req/s] [内存消耗：1,865.13kb] [文件加载：50]
[ error ] [8]未定义数组下标: 1

---------------------------------------------------------------
[ 2023-10-04T12:47:22+08:00 ] [ log ] at111.icu/99/ [运行时间：0.011263s][吞吐率：88.79req/s] [内存消耗：1,864.84kb] [文件加载：51]
[ error ] [8]未定义数组下标: 1

---------------------------------------------------------------
[ 2023-10-04T12:48:59+08:00 ] [ log ] at111.icu/99/ [运行时间：0.011241s][吞吐率：88.96req/s] [内存消耗：1,865.34kb] [文件加载：51]
[ error ] [8]未定义数组下标: 1

---------------------------------------------------------------
[ 2023-10-04T12:49:04+08:00 ] [ log ] at111.icu/99/index/open.html [运行时间：0.031572s][吞吐率：31.67req/s] [内存消耗：1,865.12kb] [文件加载：50]
[ error ] [8]未定义数组下标: 1

---------------------------------------------------------------
[ 2023-10-04T13:10:53+08:00 ] [ log ] at333.icu/99/ [运行时间：0.011904s][吞吐率：84.01req/s] [内存消耗：1,865.34kb] [文件加载：51]
[ error ] [8]未定义数组下标: 1

---------------------------------------------------------------
[ 2023-10-04T13:10:54+08:00 ] [ log ] at333.icu/99/favicon.ico [运行时间：0.009265s][吞吐率：107.93req/s] [内存消耗：1,650.74kb] [文件加载：44]
[ error ] [8]未定义数组下标: 1

---------------------------------------------------------------
[ 2023-10-04T13:10:56+08:00 ] [ log ] at333.icu/99/index/open.html [运行时间：0.037264s][吞吐率：26.84req/s] [内存消耗：1,865.12kb] [文件加载：50]
[ error ] [8]未定义数组下标: 1

---------------------------------------------------------------
[ 2023-10-04T13:53:26+08:00 ] [ log ] www.at111.icu/99/ [运行时间：0.010745s][吞吐率：93.07req/s] [内存消耗：1,865.34kb] [文件加载：51]
[ error ] [8]未定义数组下标: 1

---------------------------------------------------------------
[ 2023-10-04T13:53:27+08:00 ] [ log ] www.at111.icu/99/favicon.ico [运行时间：0.010294s][吞吐率：97.14req/s] [内存消耗：1,650.74kb] [文件加载：44]
[ error ] [8]未定义数组下标: 1

---------------------------------------------------------------
[ 2023-10-04T13:53:30+08:00 ] [ log ] www.at111.icu/99/index/open.html [运行时间：0.032760s][吞吐率：30.52req/s] [内存消耗：1,865.13kb] [文件加载：50]
[ error ] [8]未定义数组下标: 1

---------------------------------------------------------------
[ 2023-10-04T13:54:37+08:00 ] [ log ] www.at111.icu/99/index [运行时间：0.011505s][吞吐率：86.92req/s] [内存消耗：1,868.02kb] [文件加载：51]
[ error ] [8]未定义数组下标: 1

---------------------------------------------------------------
[ 2023-10-04T13:54:38+08:00 ] [ log ] www.at111.icu/99/favicon.ico [运行时间：0.016588s][吞吐率：60.28req/s] [内存消耗：1,650.74kb] [文件加载：44]
[ error ] [8]未定义数组下标: 1

---------------------------------------------------------------
[ 2023-10-04T13:54:40+08:00 ] [ log ] www.at111.icu/99/index/open.html [运行时间：0.014432s][吞吐率：69.29req/s] [内存消耗：1,865.13kb] [文件加载：50]
[ error ] [8]未定义数组下标: 1

---------------------------------------------------------------
[ 2023-10-04T14:07:44+08:00 ] [ log ] www.at111.icu/99/ [运行时间：0.015251s][吞吐率：65.57req/s] [内存消耗：1,864.81kb] [文件加载：51]
[ error ] [8]未定义数组下标: 1

---------------------------------------------------------------
[ 2023-10-04T14:07:45+08:00 ] [ log ] www.at111.icu/99/favicon.ico [运行时间：0.015863s][吞吐率：63.04req/s] [内存消耗：1,650.74kb] [文件加载：44]
[ error ] [8]未定义数组下标: 1

---------------------------------------------------------------
[ 2023-10-04T14:07:47+08:00 ] [ log ] www.at111.icu/99/index/open.html [运行时间：0.014253s][吞吐率：70.16req/s] [内存消耗：1,865.13kb] [文件加载：50]
[ error ] [8]未定义数组下标: 1

---------------------------------------------------------------
[ 2023-10-04T14:10:21+08:00 ] [ log ] www.at111.icu/99/ [运行时间：0.011355s][吞吐率：88.07req/s] [内存消耗：1,864.81kb] [文件加载：51]
[ error ] [8]未定义数组下标: 1

---------------------------------------------------------------
[ 2023-10-04T14:10:21+08:00 ] [ log ] www.at111.icu/99/favicon.ico [运行时间：0.009182s][吞吐率：108.91req/s] [内存消耗：1,650.74kb] [文件加载：44]
[ error ] [8]未定义数组下标: 1

---------------------------------------------------------------
[ 2023-10-04T14:10:50+08:00 ] [ log ] www.at111.icu/99/ [运行时间：0.013609s][吞吐率：73.48req/s] [内存消耗：1,864.81kb] [文件加载：51]
[ error ] [8]未定义数组下标: 1

---------------------------------------------------------------
[ 2023-10-04T14:11:00+08:00 ] [ log ] www.at111.icu/99/favicon.ico [运行时间：0.009177s][吞吐率：108.97req/s] [内存消耗：1,650.74kb] [文件加载：44]
[ error ] [8]未定义数组下标: 1

---------------------------------------------------------------
[ 2023-10-04T14:11:06+08:00 ] [ log ] www.at111.icu/99/index/open.html [运行时间：0.010682s][吞吐率：93.62req/s] [内存消耗：1,865.13kb] [文件加载：50]
[ error ] [8]未定义数组下标: 1

---------------------------------------------------------------
[ 2023-10-04T14:11:06+08:00 ] [ log ] www.at111.icu/99/index/open.html [运行时间：0.010683s][吞吐率：93.61req/s] [内存消耗：1,865.13kb] [文件加载：50]
[ error ] [8]未定义数组下标: 1

---------------------------------------------------------------
[ 2023-10-04T16:01:28+08:00 ] [ log ] www.at111.icu/99/ [运行时间：0.011154s][吞吐率：89.65req/s] [内存消耗：1,865.34kb] [文件加载：51]
[ error ] [8]未定义数组下标: 1

---------------------------------------------------------------
[ 2023-10-04T16:01:29+08:00 ] [ log ] www.at111.icu/99/favicon.ico [运行时间：0.032715s][吞吐率：30.57req/s] [内存消耗：1,650.74kb] [文件加载：44]
[ error ] [8]未定义数组下标: 1

---------------------------------------------------------------
[ 2023-10-04T16:01:32+08:00 ] [ log ] www.at111.icu/99/index/open.html [运行时间：0.010673s][吞吐率：93.69req/s] [内存消耗：1,865.13kb] [文件加载：50]
[ error ] [8]未定义数组下标: 1

---------------------------------------------------------------
[ 2023-10-04T16:08:57+08:00 ] [ log ] www.at111.icu/99/favicon.ico [运行时间：0.016274s][吞吐率：61.45req/s] [内存消耗：1,651.27kb] [文件加载：44]
[ error ] [8]未定义数组下标: 1

---------------------------------------------------------------
[ 2023-10-04T16:08:58+08:00 ] [ log ] www.at111.icu/99/favicon.ico [运行时间：0.014562s][吞吐率：68.67req/s] [内存消耗：1,650.74kb] [文件加载：44]
[ error ] [8]未定义数组下标: 1

---------------------------------------------------------------
[ 2023-10-04T16:11:49+08:00 ] [ log ] www.at111.icu/99/ [运行时间：0.038323s][吞吐率：26.09req/s] [内存消耗：1,864.81kb] [文件加载：51]
[ error ] [8]未定义数组下标: 1

---------------------------------------------------------------
[ 2023-10-04T16:11:50+08:00 ] [ log ] www.at111.icu/99/favicon.ico [运行时间：0.017366s][吞吐率：57.58req/s] [内存消耗：1,650.74kb] [文件加载：44]
[ error ] [8]未定义数组下标: 1

---------------------------------------------------------------
[ 2023-10-04T16:11:52+08:00 ] [ log ] www.at111.icu/99/index/open.html [运行时间：0.010991s][吞吐率：90.98req/s] [内存消耗：1,865.13kb] [文件加载：50]
[ error ] [8]未定义数组下标: 1

---------------------------------------------------------------
[ 2023-10-04T16:13:35+08:00 ] [ log ] www.at111.icu/99/ [运行时间：0.010903s][吞吐率：91.72req/s] [内存消耗：1,864.81kb] [文件加载：51]
[ error ] [8]未定义数组下标: 1

---------------------------------------------------------------
[ 2023-10-04T16:13:35+08:00 ] [ log ] www.at111.icu/99/favicon.ico [运行时间：0.009450s][吞吐率：105.82req/s] [内存消耗：1,650.74kb] [文件加载：44]
[ error ] [8]未定义数组下标: 1

---------------------------------------------------------------
[ 2023-10-04T17:26:31+08:00 ] [ log ] www.at111.icu/99/ [运行时间：0.011148s][吞吐率：89.70req/s] [内存消耗：1,865.34kb] [文件加载：51]
[ error ] [8]未定义数组下标: 1

---------------------------------------------------------------
[ 2023-10-04T17:26:36+08:00 ] [ log ] www.at111.icu/99/favicon.ico [运行时间：0.011420s][吞吐率：87.57req/s] [内存消耗：1,650.74kb] [文件加载：44]
[ error ] [8]未定义数组下标: 1

---------------------------------------------------------------
[ 2023-10-04T17:26:38+08:00 ] [ log ] www.at111.icu/99/index/open.html [运行时间：0.010641s][吞吐率：93.98req/s] [内存消耗：1,865.13kb] [文件加载：50]
[ error ] [8]未定义数组下标: 1

---------------------------------------------------------------
[ 2023-10-04T17:47:11+08:00 ] [ log ] www.at111.icu/99/ [运行时间：0.011210s][吞吐率：89.20req/s] [内存消耗：1,865.34kb] [文件加载：51]
[ error ] [8]未定义数组下标: 1

---------------------------------------------------------------
[ 2023-10-04T17:47:12+08:00 ] [ log ] www.at111.icu/99/favicon.ico [运行时间：0.009314s][吞吐率：107.36req/s] [内存消耗：1,650.74kb] [文件加载：44]
[ error ] [8]未定义数组下标: 1

---------------------------------------------------------------
[ 2023-10-04T17:47:14+08:00 ] [ log ] www.at111.icu/99/index/open.html [运行时间：0.015307s][吞吐率：65.33req/s] [内存消耗：1,865.13kb] [文件加载：50]
[ error ] [8]未定义数组下标: 1

---------------------------------------------------------------
[ 2023-10-04T17:47:57+08:00 ] [ log ] www.at111.icu/99/ [运行时间：0.018569s][吞吐率：53.85req/s] [内存消耗：1,864.81kb] [文件加载：51]
[ error ] [8]未定义数组下标: 1

---------------------------------------------------------------
[ 2023-10-04T18:21:29+08:00 ] [ log ] www.at111.icu/99/ [运行时间：0.012137s][吞吐率：82.39req/s] [内存消耗：1,864.81kb] [文件加载：51]
[ error ] [8]未定义数组下标: 1

---------------------------------------------------------------
[ 2023-10-04T18:21:30+08:00 ] [ log ] www.at111.icu/99/favicon.ico [运行时间：0.009626s][吞吐率：103.89req/s] [内存消耗：1,650.74kb] [文件加载：44]
[ error ] [8]未定义数组下标: 1

---------------------------------------------------------------
[ 2023-10-04T18:21:32+08:00 ] [ log ] www.at111.icu/99/index/open.html [运行时间：0.011270s][吞吐率：88.73req/s] [内存消耗：1,865.13kb] [文件加载：50]
[ error ] [8]未定义数组下标: 1

---------------------------------------------------------------
[ 2023-10-04T18:22:57+08:00 ] [ log ] www.at111.icu/99/ [运行时间：0.011315s][吞吐率：88.38req/s] [内存消耗：1,864.81kb] [文件加载：51]
[ error ] [8]未定义数组下标: 1

---------------------------------------------------------------
[ 2023-10-04T18:22:58+08:00 ] [ log ] www.at111.icu/99/favicon.ico [运行时间：0.010064s][吞吐率：99.37req/s] [内存消耗：1,650.74kb] [文件加载：44]
[ error ] [8]未定义数组下标: 1

---------------------------------------------------------------
[ 2023-10-04T18:23:00+08:00 ] [ log ] www.at111.icu/99/index/open.html [运行时间：0.010784s][吞吐率：92.73req/s] [内存消耗：1,865.13kb] [文件加载：50]
[ error ] [8]未定义数组下标: 1

---------------------------------------------------------------
[ 2023-10-04T18:23:05+08:00 ] [ log ] www.at111.icu/99/ [运行时间：0.010705s][吞吐率：93.41req/s] [内存消耗：1,864.81kb] [文件加载：51]
[ error ] [8]未定义数组下标: 1

---------------------------------------------------------------
[ 2023-10-04T18:30:17+08:00 ] [ log ] www.at111.icu/99/ [运行时间：0.034773s][吞吐率：28.76req/s] [内存消耗：1,864.81kb] [文件加载：51]
[ error ] [8]未定义数组下标: 1

---------------------------------------------------------------
[ 2023-10-04T18:30:18+08:00 ] [ log ] www.at111.icu/99/favicon.ico [运行时间：0.013822s][吞吐率：72.35req/s] [内存消耗：1,650.74kb] [文件加载：44]
[ error ] [8]未定义数组下标: 1

---------------------------------------------------------------
[ 2023-10-04T18:30:20+08:00 ] [ log ] www.at111.icu/99/index/open.html [运行时间：0.011100s][吞吐率：90.09req/s] [内存消耗：1,865.13kb] [文件加载：50]
[ error ] [8]未定义数组下标: 1

---------------------------------------------------------------
[ 2023-10-04T18:34:10+08:00 ] [ log ] www.at111.icu/99/ [运行时间：0.011626s][吞吐率：86.01req/s] [内存消耗：1,864.81kb] [文件加载：51]
[ error ] [8]未定义数组下标: 1

---------------------------------------------------------------
[ 2023-10-04T18:34:11+08:00 ] [ log ] www.at111.icu/99/favicon.ico [运行时间：0.012621s][吞吐率：79.23req/s] [内存消耗：1,650.74kb] [文件加载：44]
[ error ] [8]未定义数组下标: 1

---------------------------------------------------------------
[ 2023-10-04T18:34:13+08:00 ] [ log ] www.at111.icu/99/index/open.html [运行时间：0.011187s][吞吐率：89.39req/s] [内存消耗：1,865.13kb] [文件加载：50]
[ error ] [8]未定义数组下标: 1

---------------------------------------------------------------
[ 2023-10-04T18:54:36+08:00 ] [ log ] www.at111.icu/99/ [运行时间：0.012127s][吞吐率：82.46req/s] [内存消耗：1,865.34kb] [文件加载：51]
[ error ] [8]未定义数组下标: 1

---------------------------------------------------------------
[ 2023-10-04T18:54:37+08:00 ] [ log ] www.at111.icu/99/favicon.ico [运行时间：0.017361s][吞吐率：57.60req/s] [内存消耗：1,650.74kb] [文件加载：44]
[ error ] [8]未定义数组下标: 1

---------------------------------------------------------------
[ 2023-10-04T18:54:39+08:00 ] [ log ] www.at111.icu/99/index/open.html [运行时间：0.013831s][吞吐率：72.30req/s] [内存消耗：1,865.13kb] [文件加载：50]
[ error ] [8]未定义数组下标: 1

---------------------------------------------------------------
[ 2023-10-04T19:28:59+08:00 ] [ log ] at333.icu/99/ [运行时间：0.015654s][吞吐率：63.88req/s] [内存消耗：1,865.34kb] [文件加载：51]
[ error ] [8]未定义数组下标: 1

---------------------------------------------------------------
[ 2023-10-04T19:29:00+08:00 ] [ log ] at333.icu/99/favicon.ico [运行时间：0.009921s][吞吐率：100.80req/s] [内存消耗：1,650.74kb] [文件加载：44]
[ error ] [8]未定义数组下标: 1

---------------------------------------------------------------
[ 2023-10-04T19:29:03+08:00 ] [ log ] at333.icu/99/index/open.html [运行时间：0.011254s][吞吐率：88.86req/s] [内存消耗：1,865.12kb] [文件加载：50]
[ error ] [8]未定义数组下标: 1

---------------------------------------------------------------
[ 2023-10-04T20:03:32+08:00 ] [ log ] at333.icu/99/ [运行时间：0.011939s][吞吐率：83.76req/s] [内存消耗：1,864.80kb] [文件加载：51]
[ error ] [8]未定义数组下标: 1

---------------------------------------------------------------
[ 2023-10-04T20:03:33+08:00 ] [ log ] at333.icu/99/favicon.ico [运行时间：0.012999s][吞吐率：76.93req/s] [内存消耗：1,650.74kb] [文件加载：44]
[ error ] [8]未定义数组下标: 1

---------------------------------------------------------------
[ 2023-10-04T20:03:37+08:00 ] [ log ] at333.icu/99/index/open.html [运行时间：0.010676s][吞吐率：93.67req/s] [内存消耗：1,865.12kb] [文件加载：50]
[ error ] [8]未定义数组下标: 1

---------------------------------------------------------------
[ 2023-10-04T20:07:26+08:00 ] [ log ] www.at111.icu/99/favicon.ico [运行时间：0.009604s][吞吐率：104.12req/s] [内存消耗：1,651.27kb] [文件加载：44]
[ error ] [8]未定义数组下标: 1

---------------------------------------------------------------
[ 2023-10-04T20:07:31+08:00 ] [ log ] www.at111.icu/99/ [运行时间：0.039838s][吞吐率：25.10req/s] [内存消耗：1,865.34kb] [文件加载：51]
[ error ] [8]未定义数组下标: 1

---------------------------------------------------------------
[ 2023-10-04T20:07:31+08:00 ] [ log ] www.at111.icu/99/favicon.ico [运行时间：0.011223s][吞吐率：89.10req/s] [内存消耗：1,650.74kb] [文件加载：44]
[ error ] [8]未定义数组下标: 1

---------------------------------------------------------------
[ 2023-10-04T20:07:34+08:00 ] [ log ] www.at111.icu/99/index/open.html [运行时间：0.015015s][吞吐率：66.60req/s] [内存消耗：1,865.13kb] [文件加载：50]
[ error ] [8]未定义数组下标: 1

---------------------------------------------------------------
[ 2023-10-04T20:31:15+08:00 ] [ log ] www.at111.icu/99/ [运行时间：0.010728s][吞吐率：93.22req/s] [内存消耗：1,864.81kb] [文件加载：51]
[ error ] [8]未定义数组下标: 1

---------------------------------------------------------------
[ 2023-10-04T20:31:16+08:00 ] [ log ] www.at111.icu/99/favicon.ico [运行时间：0.010244s][吞吐率：97.62req/s] [内存消耗：1,650.74kb] [文件加载：44]
[ error ] [8]未定义数组下标: 1

---------------------------------------------------------------
[ 2023-10-04T20:41:23+08:00 ] [ log ] www.at111.icu/99/ [运行时间：0.011494s][吞吐率：87.00req/s] [内存消耗：1,864.81kb] [文件加载：51]
[ error ] [8]未定义数组下标: 1

---------------------------------------------------------------
[ 2023-10-04T20:41:24+08:00 ] [ log ] www.at111.icu/99/favicon.ico [运行时间：0.009342s][吞吐率：107.04req/s] [内存消耗：1,650.74kb] [文件加载：44]
[ error ] [8]未定义数组下标: 1

---------------------------------------------------------------
[ 2023-10-04T20:41:26+08:00 ] [ log ] www.at111.icu/99/index/open.html [运行时间：0.034399s][吞吐率：29.07req/s] [内存消耗：1,865.13kb] [文件加载：50]
[ error ] [8]未定义数组下标: 1

---------------------------------------------------------------
[ 2023-10-04T20:41:44+08:00 ] [ log ] www.at111.icu/99/favicon.ico [运行时间：0.009365s][吞吐率：106.78req/s] [内存消耗：1,650.74kb] [文件加载：44]
[ error ] [8]未定义数组下标: 1

---------------------------------------------------------------
[ 2023-10-04T20:41:46+08:00 ] [ log ] www.at111.icu/99/favicon.ico [运行时间：0.019384s][吞吐率：51.59req/s] [内存消耗：1,650.74kb] [文件加载：44]
[ error ] [8]未定义数组下标: 1

---------------------------------------------------------------
[ 2023-10-04T20:53:07+08:00 ] [ log ] www.at111.icu/99/ [运行时间：0.013249s][吞吐率：75.48req/s] [内存消耗：1,864.81kb] [文件加载：51]
[ error ] [8]未定义数组下标: 1

---------------------------------------------------------------
[ 2023-10-04T20:53:10+08:00 ] [ log ] www.at111.icu/99/index/open.html [运行时间：0.011072s][吞吐率：90.32req/s] [内存消耗：1,865.13kb] [文件加载：50]
[ error ] [8]未定义数组下标: 1

---------------------------------------------------------------
[ 2023-10-04T21:31:28+08:00 ] [ log ] www.at111.icu/99/i [运行时间：0.029940s][吞吐率：33.40req/s] [内存消耗：1,651.21kb] [文件加载：44]
[ error ] [8]未定义数组下标: 1

---------------------------------------------------------------
[ 2023-10-04T21:31:53+08:00 ] [ log ] www.at111.icu/99/i [运行时间：0.012589s][吞吐率：79.43req/s] [内存消耗：1,650.68kb] [文件加载：44]
[ error ] [8]未定义数组下标: 1

---------------------------------------------------------------
[ 2023-10-04T21:47:47+08:00 ] [ log ] at333.icu/99/ [运行时间：0.011481s][吞吐率：87.10req/s] [内存消耗：1,865.34kb] [文件加载：51]
[ error ] [8]未定义数组下标: 1

---------------------------------------------------------------
[ 2023-10-04T21:47:58+08:00 ] [ log ] at333.icu/99/favicon.ico [运行时间：0.009857s][吞吐率：101.45req/s] [内存消耗：1,650.74kb] [文件加载：44]
[ error ] [8]未定义数组下标: 1

---------------------------------------------------------------
[ 2023-10-04T21:48:02+08:00 ] [ log ] at333.icu/99/index/open.html [运行时间：0.011205s][吞吐率：89.25req/s] [内存消耗：1,865.12kb] [文件加载：50]
[ error ] [8]未定义数组下标: 1

---------------------------------------------------------------
[ 2023-10-04T21:51:56+08:00 ] [ log ] www.at111.icu/99/ [运行时间：0.022113s][吞吐率：45.22req/s] [内存消耗：1,864.81kb] [文件加载：51]
[ error ] [8]未定义数组下标: 1

---------------------------------------------------------------
[ 2023-10-04T21:51:56+08:00 ] [ log ] www.at111.icu/99/favicon.ico [运行时间：0.013127s][吞吐率：76.18req/s] [内存消耗：1,650.74kb] [文件加载：44]
[ error ] [8]未定义数组下标: 1

---------------------------------------------------------------
[ 2023-10-04T21:51:58+08:00 ] [ log ] www.at111.icu/99/index/open.html [运行时间：0.011567s][吞吐率：86.45req/s] [内存消耗：1,865.13kb] [文件加载：50]
[ error ] [8]未定义数组下标: 1

---------------------------------------------------------------
[ 2023-10-04T21:54:24+08:00 ] [ log ] www.at111.icu/99/ [运行时间：0.011743s][吞吐率：85.16req/s] [内存消耗：1,864.81kb] [文件加载：51]
[ error ] [8]未定义数组下标: 1

---------------------------------------------------------------
[ 2023-10-04T21:54:26+08:00 ] [ log ] www.at111.icu/99/favicon.ico [运行时间：0.013771s][吞吐率：72.62req/s] [内存消耗：1,650.74kb] [文件加载：44]
[ error ] [8]未定义数组下标: 1

---------------------------------------------------------------
[ 2023-10-04T21:54:27+08:00 ] [ log ] www.at111.icu/99/index/open.html [运行时间：0.010611s][吞吐率：94.24req/s] [内存消耗：1,865.13kb] [文件加载：50]
[ error ] [8]未定义数组下标: 1

---------------------------------------------------------------
[ 2023-10-04T21:58:30+08:00 ] [ log ] www.at111.icu/99/ [运行时间：0.013819s][吞吐率：72.36req/s] [内存消耗：1,865.34kb] [文件加载：51]
[ error ] [8]未定义数组下标: 1

---------------------------------------------------------------
[ 2023-10-04T21:58:31+08:00 ] [ log ] www.at111.icu/99/favicon.ico [运行时间：0.014634s][吞吐率：68.33req/s] [内存消耗：1,650.74kb] [文件加载：44]
[ error ] [8]未定义数组下标: 1

---------------------------------------------------------------
[ 2023-10-04T21:58:34+08:00 ] [ log ] www.at111.icu/99/index/open.html [运行时间：0.039828s][吞吐率：25.11req/s] [内存消耗：1,865.13kb] [文件加载：50]
[ error ] [8]未定义数组下标: 1

---------------------------------------------------------------
[ 2023-10-04T22:00:09+08:00 ] [ log ] www.at111.icu/99/ [运行时间：0.010912s][吞吐率：91.64req/s] [内存消耗：1,864.81kb] [文件加载：51]
[ error ] [8]未定义数组下标: 1

---------------------------------------------------------------
[ 2023-10-04T22:00:13+08:00 ] [ log ] www.at111.icu/99/ [运行时间：0.010915s][吞吐率：91.62req/s] [内存消耗：1,864.81kb] [文件加载：51]
[ error ] [8]未定义数组下标: 1

---------------------------------------------------------------
[ 2023-10-04T22:00:13+08:00 ] [ log ] www.at111.icu/99/favicon.ico [运行时间：0.009670s][吞吐率：103.41req/s] [内存消耗：1,650.74kb] [文件加载：44]
[ error ] [8]未定义数组下标: 1

---------------------------------------------------------------
[ 2023-10-04T22:00:15+08:00 ] [ log ] www.at111.icu/99/index/open.html [运行时间：0.013849s][吞吐率：72.21req/s] [内存消耗：1,865.13kb] [文件加载：50]
[ error ] [8]未定义数组下标: 1

---------------------------------------------------------------
[ 2023-10-04T22:00:37+08:00 ] [ log ] www.at111.icu/99/favicon.ico [运行时间：0.013060s][吞吐率：76.57req/s] [内存消耗：1,650.74kb] [文件加载：44]
[ error ] [8]未定义数组下标: 1

---------------------------------------------------------------
