[ 2023-10-05T06:16:53+08:00 ] [ log ] www.at111.icu/99/index [运行时间：0.010840s][吞吐率：92.25req/s] [内存消耗：1,868.55kb] [文件加载：51]
[ error ] [8]未定义数组下标: 1

---------------------------------------------------------------
[ 2023-10-05T06:16:54+08:00 ] [ log ] www.at111.icu/99/favicon.ico [运行时间：0.009474s][吞吐率：105.55req/s] [内存消耗：1,650.74kb] [文件加载：44]
[ error ] [8]未定义数组下标: 1

---------------------------------------------------------------
[ 2023-10-05T06:16:56+08:00 ] [ log ] www.at111.icu/99/index/open.html [运行时间：0.010579s][吞吐率：94.53req/s] [内存消耗：1,865.13kb] [文件加载：50]
[ error ] [8]未定义数组下标: 1

---------------------------------------------------------------
[ 2023-10-05T09:47:10+08:00 ] [ log ] www.at111.icu/99/index [运行时间：0.013404s][吞吐率：74.60req/s] [内存消耗：1,868.55kb] [文件加载：51]
[ error ] [8]未定义数组下标: 1

---------------------------------------------------------------
[ 2023-10-05T09:47:12+08:00 ] [ log ] www.at111.icu/99/favicon.ico [运行时间：0.009839s][吞吐率：101.64req/s] [内存消耗：1,650.74kb] [文件加载：44]
[ error ] [8]未定义数组下标: 1

---------------------------------------------------------------
[ 2023-10-05T09:47:15+08:00 ] [ log ] www.at111.icu/99/index/open.html [运行时间：0.010618s][吞吐率：94.18req/s] [内存消耗：1,865.13kb] [文件加载：50]
[ error ] [8]未定义数组下标: 1

---------------------------------------------------------------
[ 2023-10-05T09:52:33+08:00 ] [ log ] www.at111.icu/99/index [运行时间：0.011076s][吞吐率：90.29req/s] [内存消耗：1,868.02kb] [文件加载：51]
[ error ] [8]未定义数组下标: 1

---------------------------------------------------------------
[ 2023-10-05T09:52:34+08:00 ] [ log ] www.at111.icu/99/favicon.ico [运行时间：0.009220s][吞吐率：108.46req/s] [内存消耗：1,650.74kb] [文件加载：44]
[ error ] [8]未定义数组下标: 1

---------------------------------------------------------------
[ 2023-10-05T09:52:37+08:00 ] [ log ] www.at111.icu/99/index/open.html [运行时间：0.011425s][吞吐率：87.53req/s] [内存消耗：1,865.13kb] [文件加载：50]
[ error ] [8]未定义数组下标: 1

---------------------------------------------------------------
[ 2023-10-05T09:53:18+08:00 ] [ log ] www.at111.icu/99/index [运行时间：0.011077s][吞吐率：90.28req/s] [内存消耗：1,868.02kb] [文件加载：51]
[ error ] [8]未定义数组下标: 1

---------------------------------------------------------------
[ 2023-10-05T09:53:18+08:00 ] [ log ] www.at111.icu/99/favicon.ico [运行时间：0.009945s][吞吐率：100.55req/s] [内存消耗：1,650.74kb] [文件加载：44]
[ error ] [8]未定义数组下标: 1

---------------------------------------------------------------
[ 2023-10-05T10:13:54+08:00 ] [ log ] www.at111.icu/99/ [运行时间：0.010658s][吞吐率：93.83req/s] [内存消耗：1,865.34kb] [文件加载：51]
[ error ] [8]未定义数组下标: 1

---------------------------------------------------------------
[ 2023-10-05T10:13:54+08:00 ] [ log ] www.at111.icu/99/favicon.ico [运行时间：0.010103s][吞吐率：98.98req/s] [内存消耗：1,650.74kb] [文件加载：44]
[ error ] [8]未定义数组下标: 1

---------------------------------------------------------------
[ 2023-10-05T10:13:57+08:00 ] [ log ] www.at111.icu/99/index/open.html [运行时间：0.010659s][吞吐率：93.82req/s] [内存消耗：1,865.13kb] [文件加载：50]
[ error ] [8]未定义数组下标: 1

---------------------------------------------------------------
[ 2023-10-05T10:16:10+08:00 ] [ log ] www.at111.icu/99/index [运行时间：0.011131s][吞吐率：89.84req/s] [内存消耗：1,868.02kb] [文件加载：51]
[ error ] [8]未定义数组下标: 1

---------------------------------------------------------------
[ 2023-10-05T10:16:11+08:00 ] [ log ] www.at111.icu/99/favicon.ico [运行时间：0.009790s][吞吐率：102.15req/s] [内存消耗：1,650.74kb] [文件加载：44]
[ error ] [8]未定义数组下标: 1

---------------------------------------------------------------
[ 2023-10-05T11:14:34+08:00 ] [ log ] at111.icu/99/?uc_sm=1 [运行时间：0.010785s][吞吐率：92.72req/s] [内存消耗：1,865.97kb] [文件加载：51]
[ error ] [8]未定义数组下标: 1

---------------------------------------------------------------
[ 2023-10-05T11:14:42+08:00 ] [ log ] at111.icu/99/ [运行时间：0.011144s][吞吐率：89.74req/s] [内存消耗：1,865.34kb] [文件加载：51]
[ error ] [8]未定义数组下标: 1

---------------------------------------------------------------
[ 2023-10-05T11:14:43+08:00 ] [ log ] at111.icu/99/favicon.ico [运行时间：0.010261s][吞吐率：97.46req/s] [内存消耗：1,650.74kb] [文件加载：44]
[ error ] [8]未定义数组下标: 1

---------------------------------------------------------------
[ 2023-10-05T11:14:45+08:00 ] [ log ] at111.icu/99/index/open.html [运行时间：0.010522s][吞吐率：95.04req/s] [内存消耗：1,865.12kb] [文件加载：50]
[ error ] [8]未定义数组下标: 1

---------------------------------------------------------------
[ 2023-10-05T11:15:08+08:00 ] [ log ] www.at111.icu/99/index [运行时间：0.010841s][吞吐率：92.24req/s] [内存消耗：1,868.55kb] [文件加载：51]
[ error ] [8]未定义数组下标: 1

---------------------------------------------------------------
[ 2023-10-05T11:15:09+08:00 ] [ log ] www.at111.icu/99/favicon.ico [运行时间：0.009548s][吞吐率：104.73req/s] [内存消耗：1,650.74kb] [文件加载：44]
[ error ] [8]未定义数组下标: 1

---------------------------------------------------------------
[ 2023-10-05T11:15:12+08:00 ] [ log ] www.at111.icu/99/index/open.html [运行时间：0.011522s][吞吐率：86.79req/s] [内存消耗：1,865.13kb] [文件加载：50]
[ error ] [8]未定义数组下标: 1

---------------------------------------------------------------
[ 2023-10-05T11:15:51+08:00 ] [ log ] at111.icu/99/index/login/login [运行时间：0.009455s][吞吐率：105.76req/s] [内存消耗：1,651.72kb] [文件加载：45]
[ error ] [8]未定义数组下标: 1

---------------------------------------------------------------
[ 2023-10-05T11:16:06+08:00 ] [ log ] www.at111.icu/99/index [运行时间：0.010711s][吞吐率：93.36req/s] [内存消耗：1,868.02kb] [文件加载：51]
[ error ] [8]未定义数组下标: 1

---------------------------------------------------------------
[ 2023-10-05T11:16:06+08:00 ] [ log ] www.at111.icu/99/favicon.ico [运行时间：0.009408s][吞吐率：106.29req/s] [内存消耗：1,650.74kb] [文件加载：44]
[ error ] [8]未定义数组下标: 1

---------------------------------------------------------------
[ 2023-10-05T11:16:08+08:00 ] [ log ] www.at111.icu/99/index/open.html [运行时间：0.010605s][吞吐率：94.29req/s] [内存消耗：1,865.13kb] [文件加载：50]
[ error ] [8]未定义数组下标: 1

---------------------------------------------------------------
[ 2023-10-05T11:45:02+08:00 ] [ log ] at111.icu/99/ [运行时间：0.010771s][吞吐率：92.84req/s] [内存消耗：1,865.34kb] [文件加载：51]
[ error ] [8]未定义数组下标: 1

---------------------------------------------------------------
[ 2023-10-05T11:45:02+08:00 ] [ log ] at111.icu/99/favicon.ico [运行时间：0.009412s][吞吐率：106.25req/s] [内存消耗：1,650.74kb] [文件加载：44]
[ error ] [8]未定义数组下标: 1

---------------------------------------------------------------
[ 2023-10-05T11:45:07+08:00 ] [ log ] at111.icu/99/index/open.html [运行时间：0.010731s][吞吐率：93.19req/s] [内存消耗：1,865.12kb] [文件加载：50]
[ error ] [8]未定义数组下标: 1

---------------------------------------------------------------
[ 2023-10-05T11:45:24+08:00 ] [ log ] at111.icu/99/ [运行时间：0.020651s][吞吐率：48.42req/s] [内存消耗：1,864.80kb] [文件加载：51]
[ error ] [8]未定义数组下标: 1

---------------------------------------------------------------
[ 2023-10-05T11:46:09+08:00 ] [ log ] at111.icu/99/ [运行时间：0.010805s][吞吐率：92.55req/s] [内存消耗：1,865.34kb] [文件加载：51]
[ error ] [8]未定义数组下标: 1

---------------------------------------------------------------
[ 2023-10-05T11:46:10+08:00 ] [ log ] at111.icu/99/favicon.ico [运行时间：0.009208s][吞吐率：108.60req/s] [内存消耗：1,650.74kb] [文件加载：44]
[ error ] [8]未定义数组下标: 1

---------------------------------------------------------------
[ 2023-10-05T11:46:13+08:00 ] [ log ] at111.icu/99/index/open.html [运行时间：0.029564s][吞吐率：33.83req/s] [内存消耗：1,865.12kb] [文件加载：50]
[ error ] [8]未定义数组下标: 1

---------------------------------------------------------------
[ 2023-10-05T11:46:29+08:00 ] [ log ] at111.icu/99/ [运行时间：0.010722s][吞吐率：93.27req/s] [内存消耗：1,864.80kb] [文件加载：51]
[ error ] [8]未定义数组下标: 1

---------------------------------------------------------------
[ 2023-10-05T11:46:30+08:00 ] [ log ] at111.icu/99/favicon.ico [运行时间：0.009904s][吞吐率：100.97req/s] [内存消耗：1,650.74kb] [文件加载：44]
[ error ] [8]未定义数组下标: 1

---------------------------------------------------------------
[ 2023-10-05T11:47:12+08:00 ] [ log ] at111.icu/99/ [运行时间：0.010855s][吞吐率：92.12req/s] [内存消耗：1,864.80kb] [文件加载：51]
[ error ] [8]未定义数组下标: 1

---------------------------------------------------------------
[ 2023-10-05T11:47:13+08:00 ] [ log ] at111.icu/99/favicon.ico [运行时间：0.009841s][吞吐率：101.61req/s] [内存消耗：1,650.74kb] [文件加载：44]
[ error ] [8]未定义数组下标: 1

---------------------------------------------------------------
[ 2023-10-05T11:47:15+08:00 ] [ log ] at111.icu/99/index/open.html [运行时间：0.014163s][吞吐率：70.61req/s] [内存消耗：1,865.12kb] [文件加载：50]
[ error ] [8]未定义数组下标: 1

---------------------------------------------------------------
[ 2023-10-05T11:50:41+08:00 ] [ log ] at111.icu/99/ [运行时间：0.014066s][吞吐率：71.09req/s] [内存消耗：1,864.80kb] [文件加载：51]
[ error ] [8]未定义数组下标: 1

---------------------------------------------------------------
[ 2023-10-05T11:51:02+08:00 ] [ log ] www.at111.icu/99/index [运行时间：0.024380s][吞吐率：41.02req/s] [内存消耗：1,868.02kb] [文件加载：51]
[ error ] [8]未定义数组下标: 1

---------------------------------------------------------------
[ 2023-10-05T11:51:03+08:00 ] [ log ] www.at111.icu/99/favicon.ico [运行时间：0.009136s][吞吐率：109.46req/s] [内存消耗：1,650.74kb] [文件加载：44]
[ error ] [8]未定义数组下标: 1

---------------------------------------------------------------
[ 2023-10-05T11:51:05+08:00 ] [ log ] www.at111.icu/99/index/open.html [运行时间：0.021733s][吞吐率：46.01req/s] [内存消耗：1,865.13kb] [文件加载：50]
[ error ] [8]未定义数组下标: 1

---------------------------------------------------------------
[ 2023-10-05T11:52:04+08:00 ] [ log ] at111.icu/99/index/open.html [运行时间：0.010650s][吞吐率：93.90req/s] [内存消耗：1,865.12kb] [文件加载：50]
[ error ] [8]未定义数组下标: 1

---------------------------------------------------------------
[ 2023-10-05T12:06:28+08:00 ] [ log ] www.at111.icu/99/ [运行时间：0.011671s][吞吐率：85.68req/s] [内存消耗：1,864.81kb] [文件加载：51]
[ error ] [8]未定义数组下标: 1

---------------------------------------------------------------
[ 2023-10-05T12:06:29+08:00 ] [ log ] www.at111.icu/99/favicon.ico [运行时间：0.009385s][吞吐率：106.55req/s] [内存消耗：1,650.74kb] [文件加载：44]
[ error ] [8]未定义数组下标: 1

---------------------------------------------------------------
[ 2023-10-05T12:06:31+08:00 ] [ log ] www.at111.icu/99/index/open.html [运行时间：0.013295s][吞吐率：75.22req/s] [内存消耗：1,865.13kb] [文件加载：50]
[ error ] [8]未定义数组下标: 1

---------------------------------------------------------------
[ 2023-10-05T12:30:34+08:00 ] [ log ] at333.icu/99/ [运行时间：0.025045s][吞吐率：39.93req/s] [内存消耗：1,865.34kb] [文件加载：51]
[ error ] [8]未定义数组下标: 1

---------------------------------------------------------------
[ 2023-10-05T12:30:35+08:00 ] [ log ] at333.icu/99/favicon.ico [运行时间：0.009472s][吞吐率：105.57req/s] [内存消耗：1,650.74kb] [文件加载：44]
[ error ] [8]未定义数组下标: 1

---------------------------------------------------------------
[ 2023-10-05T12:30:38+08:00 ] [ log ] at333.icu/99/index/open.html [运行时间：0.011318s][吞吐率：88.36req/s] [内存消耗：1,865.12kb] [文件加载：50]
[ error ] [8]未定义数组下标: 1

---------------------------------------------------------------
[ 2023-10-05T12:32:40+08:00 ] [ log ] at333.icu/99/ [运行时间：0.010928s][吞吐率：91.51req/s] [内存消耗：1,864.80kb] [文件加载：51]
[ error ] [8]未定义数组下标: 1

---------------------------------------------------------------
[ 2023-10-05T12:32:41+08:00 ] [ log ] at333.icu/99/favicon.ico [运行时间：0.009951s][吞吐率：100.49req/s] [内存消耗：1,650.74kb] [文件加载：44]
[ error ] [8]未定义数组下标: 1

---------------------------------------------------------------
[ 2023-10-05T12:41:33+08:00 ] [ log ] www.at111.icu/99/ [运行时间：0.011233s][吞吐率：89.02req/s] [内存消耗：1,865.34kb] [文件加载：51]
[ error ] [8]未定义数组下标: 1

---------------------------------------------------------------
[ 2023-10-05T12:41:34+08:00 ] [ log ] www.at111.icu/99/ [运行时间：0.015537s][吞吐率：64.36req/s] [内存消耗：1,864.81kb] [文件加载：51]
[ error ] [8]未定义数组下标: 1

---------------------------------------------------------------
[ 2023-10-05T12:41:41+08:00 ] [ log ] www.at111.icu/99/favicon.ico [运行时间：0.013435s][吞吐率：74.43req/s] [内存消耗：1,650.74kb] [文件加载：44]
[ error ] [8]未定义数组下标: 1

---------------------------------------------------------------
[ 2023-10-05T12:41:42+08:00 ] [ log ] www.at111.icu/99/favicon.ico [运行时间：0.010184s][吞吐率：98.20req/s] [内存消耗：1,650.74kb] [文件加载：44]
[ error ] [8]未定义数组下标: 1

---------------------------------------------------------------
[ 2023-10-05T12:41:50+08:00 ] [ log ] www.at111.icu/99/index/open.html [运行时间：0.010623s][吞吐率：94.14req/s] [内存消耗：1,865.13kb] [文件加载：50]
[ error ] [8]未定义数组下标: 1

---------------------------------------------------------------
[ 2023-10-05T12:41:50+08:00 ] [ log ] www.at111.icu/99/index/open.html [运行时间：0.010675s][吞吐率：93.68req/s] [内存消耗：1,865.13kb] [文件加载：50]
[ error ] [8]未定义数组下标: 1

---------------------------------------------------------------
[ 2023-10-05T12:48:04+08:00 ] [ log ] at333.icu/99/ [运行时间：0.010853s][吞吐率：92.14req/s] [内存消耗：1,864.80kb] [文件加载：51]
[ error ] [8]未定义数组下标: 1

---------------------------------------------------------------
[ 2023-10-05T12:48:06+08:00 ] [ log ] at333.icu/99/favicon.ico [运行时间：0.012901s][吞吐率：77.51req/s] [内存消耗：1,650.74kb] [文件加载：44]
[ error ] [8]未定义数组下标: 1

---------------------------------------------------------------
[ 2023-10-05T12:48:09+08:00 ] [ log ] at333.icu/99/index/open.html [运行时间：0.010636s][吞吐率：94.02req/s] [内存消耗：1,865.12kb] [文件加载：50]
[ error ] [8]未定义数组下标: 1

---------------------------------------------------------------
[ 2023-10-05T13:39:27+08:00 ] [ log ] at111.icu/99/ [运行时间：0.011422s][吞吐率：87.55req/s] [内存消耗：1,865.34kb] [文件加载：51]
[ error ] [8]未定义数组下标: 1

---------------------------------------------------------------
[ 2023-10-05T13:39:30+08:00 ] [ log ] at111.icu/99/favicon.ico [运行时间：0.009823s][吞吐率：101.80req/s] [内存消耗：1,650.74kb] [文件加载：44]
[ error ] [8]未定义数组下标: 1

---------------------------------------------------------------
[ 2023-10-05T13:40:03+08:00 ] [ log ] at111.icu/99/index/open.html [运行时间：0.010596s][吞吐率：94.38req/s] [内存消耗：1,865.12kb] [文件加载：50]
[ error ] [8]未定义数组下标: 1

---------------------------------------------------------------
[ 2023-10-05T13:46:55+08:00 ] [ log ] at111.icu/99/ [运行时间：0.010684s][吞吐率：93.60req/s] [内存消耗：1,864.80kb] [文件加载：51]
[ error ] [8]未定义数组下标: 1

---------------------------------------------------------------
[ 2023-10-05T13:46:55+08:00 ] [ log ] at111.icu/99/favicon.ico [运行时间：0.009324s][吞吐率：107.25req/s] [内存消耗：1,650.74kb] [文件加载：44]
[ error ] [8]未定义数组下标: 1

---------------------------------------------------------------
[ 2023-10-05T13:46:58+08:00 ] [ log ] at111.icu/99/index/open.html [运行时间：0.010694s][吞吐率：93.51req/s] [内存消耗：1,865.12kb] [文件加载：50]
[ error ] [8]未定义数组下标: 1

---------------------------------------------------------------
[ 2023-10-05T13:47:59+08:00 ] [ log ] at111.icu/99/index/open.html [运行时间：0.014724s][吞吐率：67.92req/s] [内存消耗：1,865.12kb] [文件加载：50]
[ error ] [8]未定义数组下标: 1

---------------------------------------------------------------
[ 2023-10-05T14:23:15+08:00 ] [ log ] at111.icu/99/ [运行时间：0.016076s][吞吐率：62.20req/s] [内存消耗：1,864.80kb] [文件加载：51]
[ error ] [8]未定义数组下标: 1

---------------------------------------------------------------
[ 2023-10-05T14:23:15+08:00 ] [ log ] at111.icu/99/favicon.ico [运行时间：0.028318s][吞吐率：35.31req/s] [内存消耗：1,650.74kb] [文件加载：44]
[ error ] [8]未定义数组下标: 1

---------------------------------------------------------------
[ 2023-10-05T14:23:18+08:00 ] [ log ] at111.icu/99/index/open.html [运行时间：0.010486s][吞吐率：95.36req/s] [内存消耗：1,865.12kb] [文件加载：50]
[ error ] [8]未定义数组下标: 1

---------------------------------------------------------------
[ 2023-10-05T14:29:13+08:00 ] [ log ] at111.icu/99/ [运行时间：0.032403s][吞吐率：30.86req/s] [内存消耗：1,865.34kb] [文件加载：51]
[ error ] [8]未定义数组下标: 1

---------------------------------------------------------------
[ 2023-10-05T14:29:14+08:00 ] [ log ] at111.icu/99/favicon.ico [运行时间：0.018565s][吞吐率：53.86req/s] [内存消耗：1,650.74kb] [文件加载：44]
[ error ] [8]未定义数组下标: 1

---------------------------------------------------------------
[ 2023-10-05T14:29:16+08:00 ] [ log ] at111.icu/99/index/open.html [运行时间：0.010650s][吞吐率：93.90req/s] [内存消耗：1,865.12kb] [文件加载：50]
[ error ] [8]未定义数组下标: 1

---------------------------------------------------------------
[ 2023-10-05T14:34:40+08:00 ] [ log ] at111.icu/99/ [运行时间：0.010859s][吞吐率：92.09req/s] [内存消耗：1,864.80kb] [文件加载：51]
[ error ] [8]未定义数组下标: 1

---------------------------------------------------------------
[ 2023-10-05T14:34:41+08:00 ] [ log ] at111.icu/99/favicon.ico [运行时间：0.009229s][吞吐率：108.35req/s] [内存消耗：1,650.74kb] [文件加载：44]
[ error ] [8]未定义数组下标: 1

---------------------------------------------------------------
[ 2023-10-05T14:34:43+08:00 ] [ log ] at111.icu/99/index/open.html [运行时间：0.010931s][吞吐率：91.48req/s] [内存消耗：1,865.12kb] [文件加载：50]
[ error ] [8]未定义数组下标: 1

---------------------------------------------------------------
[ 2023-10-05T14:39:16+08:00 ] [ log ] at111.icu/99/ [运行时间：0.033440s][吞吐率：29.90req/s] [内存消耗：1,865.34kb] [文件加载：51]
[ error ] [8]未定义数组下标: 1

---------------------------------------------------------------
[ 2023-10-05T14:39:17+08:00 ] [ log ] at111.icu/99/favicon.ico [运行时间：0.009694s][吞吐率：103.16req/s] [内存消耗：1,650.74kb] [文件加载：44]
[ error ] [8]未定义数组下标: 1

---------------------------------------------------------------
[ 2023-10-05T14:39:18+08:00 ] [ log ] at111.icu/99/favicon.ico [运行时间：0.009395s][吞吐率：106.44req/s] [内存消耗：1,650.74kb] [文件加载：44]
[ error ] [8]未定义数组下标: 1

---------------------------------------------------------------
[ 2023-10-05T14:39:20+08:00 ] [ log ] at111.icu/99/index/open.html [运行时间：0.030258s][吞吐率：33.05req/s] [内存消耗：1,865.12kb] [文件加载：50]
[ error ] [8]未定义数组下标: 1

---------------------------------------------------------------
[ 2023-10-05T14:39:49+08:00 ] [ log ] www.at111.icu/99/ [运行时间：0.010820s][吞吐率：92.42req/s] [内存消耗：1,865.34kb] [文件加载：51]
[ error ] [8]未定义数组下标: 1

---------------------------------------------------------------
[ 2023-10-05T14:39:53+08:00 ] [ log ] www.at111.icu/99/favicon.ico [运行时间：0.009864s][吞吐率：101.38req/s] [内存消耗：1,650.74kb] [文件加载：44]
[ error ] [8]未定义数组下标: 1

---------------------------------------------------------------
[ 2023-10-05T14:40:02+08:00 ] [ log ] www.at111.icu/99/index/open.html [运行时间：0.011506s][吞吐率：86.91req/s] [内存消耗：1,865.13kb] [文件加载：50]
[ error ] [8]未定义数组下标: 1

---------------------------------------------------------------
[ 2023-10-05T14:40:34+08:00 ] [ log ] www.at111.icu/99/?uc_sm=1 [运行时间：0.018685s][吞吐率：53.52req/s] [内存消耗：1,865.45kb] [文件加载：51]
[ error ] [8]未定义数组下标: 1

---------------------------------------------------------------
[ 2023-10-05T14:44:46+08:00 ] [ log ] at111.icu/99/ [运行时间：0.010705s][吞吐率：93.41req/s] [内存消耗：1,865.34kb] [文件加载：51]
[ error ] [8]未定义数组下标: 1

---------------------------------------------------------------
[ 2023-10-05T14:44:49+08:00 ] [ log ] at111.icu/99/index/open.html [运行时间：0.012523s][吞吐率：79.85req/s] [内存消耗：1,865.12kb] [文件加载：50]
[ error ] [8]未定义数组下标: 1

---------------------------------------------------------------
[ 2023-10-05T14:45:55+08:00 ] [ log ] www.at111.icu/99/index/open.html [运行时间：0.010737s][吞吐率：93.14req/s] [内存消耗：1,865.13kb] [文件加载：50]
[ error ] [8]未定义数组下标: 1

---------------------------------------------------------------
[ 2023-10-05T14:45:32+08:00 ] [ log ] 27.102.107.132/99/ [运行时间：0.055445s][吞吐率：18.04req/s] [内存消耗：1,865.34kb] [文件加载：51]
[ error ] [8]未定义数组下标: 1

---------------------------------------------------------------
[ 2023-10-05T14:45:32+08:00 ] [ log ] 27.102.107.132/99/favicon.ico [运行时间：0.045111s][吞吐率：22.17req/s] [内存消耗：1,650.74kb] [文件加载：44]
[ error ] [8]未定义数组下标: 1

---------------------------------------------------------------
[ 2023-10-05T14:45:32+08:00 ] [ log ] 27.102.107.132/99/favicon.ico [运行时间：0.009664s][吞吐率：103.48req/s] [内存消耗：1,650.74kb] [文件加载：44]
[ error ] [8]未定义数组下标: 1

---------------------------------------------------------------
[ 2023-10-05T15:03:52+08:00 ] [ log ] www.at177.icu/99/ [运行时间：0.051967s][吞吐率：19.24req/s] [内存消耗：1,865.34kb] [文件加载：51]
[ error ] [8]未定义数组下标: 1

---------------------------------------------------------------
[ 2023-10-05T15:03:53+08:00 ] [ log ] www.at177.icu/99/favicon.ico [运行时间：0.016946s][吞吐率：59.01req/s] [内存消耗：1,650.74kb] [文件加载：44]
[ error ] [8]未定义数组下标: 1

---------------------------------------------------------------
[ 2023-10-05T15:03:53+08:00 ] [ log ] www.at177.icu/99/favicon.ico [运行时间：0.010125s][吞吐率：98.77req/s] [内存消耗：1,650.74kb] [文件加载：44]
[ error ] [8]未定义数组下标: 1

---------------------------------------------------------------
[ 2023-10-05T15:04:35+08:00 ] [ log ] www.at177.icu/99/ [运行时间：0.051627s][吞吐率：19.37req/s] [内存消耗：1,864.81kb] [文件加载：51]
[ error ] [8]未定义数组下标: 1

---------------------------------------------------------------
[ 2023-10-05T15:04:35+08:00 ] [ log ] www.at177.icu/99/favicon.ico [运行时间：0.010029s][吞吐率：99.71req/s] [内存消耗：1,650.74kb] [文件加载：44]
[ error ] [8]未定义数组下标: 1

---------------------------------------------------------------
[ 2023-10-05T15:04:37+08:00 ] [ log ] www.at177.icu/99/ [运行时间：0.050719s][吞吐率：19.72req/s] [内存消耗：1,864.81kb] [文件加载：51]
[ error ] [8]未定义数组下标: 1

---------------------------------------------------------------
[ 2023-10-05T15:04:37+08:00 ] [ log ] www.at177.icu/99/favicon.ico [运行时间：0.009246s][吞吐率：108.15req/s] [内存消耗：1,650.74kb] [文件加载：44]
[ error ] [8]未定义数组下标: 1

---------------------------------------------------------------
[ 2023-10-05T15:04:41+08:00 ] [ log ] www.at177.icu/99/index/open.html [运行时间：0.047943s][吞吐率：20.86req/s] [内存消耗：1,865.13kb] [文件加载：50]
[ error ] [8]未定义数组下标: 1

---------------------------------------------------------------
[ 2023-10-05T15:12:42+08:00 ] [ log ] www.at177.icu/99/ [运行时间：0.051615s][吞吐率：19.37req/s] [内存消耗：1,865.34kb] [文件加载：51]
[ error ] [8]未定义数组下标: 1

---------------------------------------------------------------
[ 2023-10-05T15:12:43+08:00 ] [ log ] www.at177.icu/99/favicon.ico [运行时间：0.043638s][吞吐率：22.92req/s] [内存消耗：1,650.74kb] [文件加载：44]
[ error ] [8]未定义数组下标: 1

---------------------------------------------------------------
[ 2023-10-05T15:12:43+08:00 ] [ log ] www.at177.icu/99/favicon.ico [运行时间：0.042049s][吞吐率：23.78req/s] [内存消耗：1,650.74kb] [文件加载：44]
[ error ] [8]未定义数组下标: 1

---------------------------------------------------------------
[ 2023-10-05T15:12:47+08:00 ] [ log ] www.at177.icu/99/index/open.html [运行时间：0.047980s][吞吐率：20.84req/s] [内存消耗：1,865.13kb] [文件加载：50]
[ error ] [8]未定义数组下标: 1

---------------------------------------------------------------
[ 2023-10-05T18:23:33+08:00 ] [ log ] www.at177.icu/99/ [运行时间：0.047858s][吞吐率：20.90req/s] [内存消耗：1,865.34kb] [文件加载：51]
[ error ] [8]未定义数组下标: 1

---------------------------------------------------------------
[ 2023-10-05T18:23:35+08:00 ] [ log ] www.at177.icu/99/favicon.ico [运行时间：0.036966s][吞吐率：27.05req/s] [内存消耗：1,650.74kb] [文件加载：44]
[ error ] [8]未定义数组下标: 1

---------------------------------------------------------------
[ 2023-10-05T18:23:35+08:00 ] [ log ] www.at177.icu/99/favicon.ico [运行时间：0.045312s][吞吐率：22.07req/s] [内存消耗：1,650.74kb] [文件加载：44]
[ error ] [8]未定义数组下标: 1

---------------------------------------------------------------
[ 2023-10-05T18:23:38+08:00 ] [ log ] www.at177.icu/99/index/open.html [运行时间：0.047466s][吞吐率：21.07req/s] [内存消耗：1,865.13kb] [文件加载：50]
[ error ] [8]未定义数组下标: 1

---------------------------------------------------------------
[ 2023-10-05T18:33:42+08:00 ] [ log ] www.at177.icu/99/ [运行时间：0.048322s][吞吐率：20.69req/s] [内存消耗：1,865.34kb] [文件加载：51]
[ error ] [8]未定义数组下标: 1

---------------------------------------------------------------
[ 2023-10-05T18:33:43+08:00 ] [ log ] www.at177.icu/99/favicon.ico [运行时间：0.042077s][吞吐率：23.77req/s] [内存消耗：1,650.74kb] [文件加载：44]
[ error ] [8]未定义数组下标: 1

---------------------------------------------------------------
[ 2023-10-05T18:33:45+08:00 ] [ log ] www.at177.icu/99/index/open.html [运行时间：0.047319s][吞吐率：21.13req/s] [内存消耗：1,865.13kb] [文件加载：50]
[ error ] [8]未定义数组下标: 1

---------------------------------------------------------------
[ 2023-10-05T18:37:50+08:00 ] [ log ] at177.icu/99/ [运行时间：0.047132s][吞吐率：21.22req/s] [内存消耗：1,865.34kb] [文件加载：51]
[ error ] [8]未定义数组下标: 1

---------------------------------------------------------------
[ 2023-10-05T18:37:51+08:00 ] [ log ] at177.icu/99/favicon.ico [运行时间：0.041584s][吞吐率：24.05req/s] [内存消耗：1,650.74kb] [文件加载：44]
[ error ] [8]未定义数组下标: 1

---------------------------------------------------------------
[ 2023-10-05T18:37:53+08:00 ] [ log ] at177.icu/99/index/open.html [运行时间：0.047099s][吞吐率：21.23req/s] [内存消耗：1,865.12kb] [文件加载：50]
[ error ] [8]未定义数组下标: 1

---------------------------------------------------------------
[ 2023-10-05T18:40:38+08:00 ] [ log ] at177.icu/99/ [运行时间：0.047873s][吞吐率：20.89req/s] [内存消耗：1,865.34kb] [文件加载：51]
[ error ] [8]未定义数组下标: 1

---------------------------------------------------------------
[ 2023-10-05T18:40:39+08:00 ] [ log ] at177.icu/99/favicon.ico [运行时间：0.041373s][吞吐率：24.17req/s] [内存消耗：1,650.74kb] [文件加载：44]
[ error ] [8]未定义数组下标: 1

---------------------------------------------------------------
[ 2023-10-05T18:40:42+08:00 ] [ log ] at177.icu/99/index/open.html [运行时间：0.047367s][吞吐率：21.11req/s] [内存消耗：1,865.12kb] [文件加载：50]
[ error ] [8]未定义数组下标: 1

---------------------------------------------------------------
[ 2023-10-05T19:10:47+08:00 ] [ log ] at177.icu/99/ [运行时间：0.034202s][吞吐率：29.24req/s] [内存消耗：1,865.34kb] [文件加载：51]
[ error ] [8]未定义数组下标: 1

---------------------------------------------------------------
[ 2023-10-05T19:10:51+08:00 ] [ log ] at177.icu/99/index/open.html [运行时间：0.036712s][吞吐率：27.24req/s] [内存消耗：1,865.12kb] [文件加载：50]
[ error ] [8]未定义数组下标: 1

---------------------------------------------------------------
[ 2023-10-05T19:19:08+08:00 ] [ log ] at177.icu/99/ [运行时间：0.047482s][吞吐率：21.06req/s] [内存消耗：1,865.34kb] [文件加载：51]
[ error ] [8]未定义数组下标: 1

---------------------------------------------------------------
[ 2023-10-05T19:19:09+08:00 ] [ log ] at177.icu/99/favicon.ico [运行时间：0.042018s][吞吐率：23.80req/s] [内存消耗：1,650.74kb] [文件加载：44]
[ error ] [8]未定义数组下标: 1

---------------------------------------------------------------
[ 2023-10-05T19:19:09+08:00 ] [ log ] at177.icu/99/favicon.ico [运行时间：0.008961s][吞吐率：111.60req/s] [内存消耗：1,650.74kb] [文件加载：44]
[ error ] [8]未定义数组下标: 1

---------------------------------------------------------------
[ 2023-10-05T19:19:28+08:00 ] [ log ] at177.icu/99/ [运行时间：0.019532s][吞吐率：51.20req/s] [内存消耗：1,864.80kb] [文件加载：51]
[ error ] [8]未定义数组下标: 1

---------------------------------------------------------------
[ 2023-10-05T19:19:28+08:00 ] [ log ] at177.icu/99/favicon.ico [运行时间：0.041828s][吞吐率：23.91req/s] [内存消耗：1,650.74kb] [文件加载：44]
[ error ] [8]未定义数组下标: 1

---------------------------------------------------------------
[ 2023-10-05T19:19:29+08:00 ] [ log ] at177.icu/99/favicon.ico [运行时间：0.041213s][吞吐率：24.26req/s] [内存消耗：1,650.74kb] [文件加载：44]
[ error ] [8]未定义数组下标: 1

---------------------------------------------------------------
[ 2023-10-05T19:19:38+08:00 ] [ log ] at177.icu/99/ [运行时间：0.027536s][吞吐率：36.32req/s] [内存消耗：1,864.80kb] [文件加载：51]
[ error ] [8]未定义数组下标: 1

---------------------------------------------------------------
[ 2023-10-05T19:19:38+08:00 ] [ log ] at177.icu/99/favicon.ico [运行时间：0.032969s][吞吐率：30.33req/s] [内存消耗：1,650.74kb] [文件加载：44]
[ error ] [8]未定义数组下标: 1

---------------------------------------------------------------
[ 2023-10-05T19:22:49+08:00 ] [ log ] at177.icu/99/ [运行时间：0.047847s][吞吐率：20.90req/s] [内存消耗：1,864.80kb] [文件加载：51]
[ error ] [8]未定义数组下标: 1

---------------------------------------------------------------
[ 2023-10-05T19:22:50+08:00 ] [ log ] at177.icu/99/favicon.ico [运行时间：0.042655s][吞吐率：23.44req/s] [内存消耗：1,650.74kb] [文件加载：44]
[ error ] [8]未定义数组下标: 1

---------------------------------------------------------------
[ 2023-10-05T19:22:53+08:00 ] [ log ] at177.icu/99/index/open.html [运行时间：0.047524s][吞吐率：21.04req/s] [内存消耗：1,865.12kb] [文件加载：50]
[ error ] [8]未定义数组下标: 1

---------------------------------------------------------------
