[ 2023-10-06T02:24:56+08:00 ] [ log ] at177.icu/99/ [运行时间：0.037968s][吞吐率：26.34req/s] [内存消耗：1,865.34kb] [文件加载：51]
[ error ] [8]未定义数组下标: 1

---------------------------------------------------------------
[ 2023-10-06T02:25:00+08:00 ] [ log ] at177.icu/99/index/open.html [运行时间：0.023240s][吞吐率：43.03req/s] [内存消耗：1,865.12kb] [文件加载：50]
[ error ] [8]未定义数组下标: 1

---------------------------------------------------------------
[ 2023-10-06T02:28:22+08:00 ] [ log ] at177.icu/99/ [运行时间：0.014676s][吞吐率：68.14req/s] [内存消耗：1,864.80kb] [文件加载：51]
[ error ] [8]未定义数组下标: 1

---------------------------------------------------------------
[ 2023-10-06T02:28:25+08:00 ] [ log ] at177.icu/99/index/open.html [运行时间：0.047327s][吞吐率：21.13req/s] [内存消耗：1,865.12kb] [文件加载：50]
[ error ] [8]未定义数组下标: 1

---------------------------------------------------------------
[ 2023-10-06T03:22:27+08:00 ] [ log ] at177.icu/99/ [运行时间：0.047164s][吞吐率：21.20req/s] [内存消耗：1,864.80kb] [文件加载：51]
[ error ] [8]未定义数组下标: 1

---------------------------------------------------------------
[ 2023-10-06T03:22:30+08:00 ] [ log ] at177.icu/99/index/open.html [运行时间：0.047188s][吞吐率：21.19req/s] [内存消耗：1,865.12kb] [文件加载：50]
[ error ] [8]未定义数组下标: 1

---------------------------------------------------------------
[ 2023-10-06T03:23:56+08:00 ] [ log ] at177.icu/99/ [运行时间：0.046568s][吞吐率：21.47req/s] [内存消耗：1,864.80kb] [文件加载：51]
[ error ] [8]未定义数组下标: 1

---------------------------------------------------------------
[ 2023-10-06T03:23:59+08:00 ] [ log ] at177.icu/99/index/open.html [运行时间：0.046728s][吞吐率：21.40req/s] [内存消耗：1,865.12kb] [文件加载：50]
[ error ] [8]未定义数组下标: 1

---------------------------------------------------------------
[ 2023-10-06T14:07:06+08:00 ] [ log ] www.at177.icu/99/ [运行时间：0.046361s][吞吐率：21.57req/s] [内存消耗：1,865.34kb] [文件加载：51]
[ error ] [8]未定义数组下标: 1

---------------------------------------------------------------
[ 2023-10-06T14:07:09+08:00 ] [ log ] www.at177.icu/99/index/open.html [运行时间：0.046569s][吞吐率：21.47req/s] [内存消耗：1,865.13kb] [文件加载：50]
[ error ] [8]未定义数组下标: 1

---------------------------------------------------------------
[ 2023-10-06T15:28:34+08:00 ] [ log ] at177.icu/99/ [运行时间：0.043035s][吞吐率：23.24req/s] [内存消耗：1,865.34kb] [文件加载：51]
[ error ] [8]未定义数组下标: 1

---------------------------------------------------------------
[ 2023-10-06T15:28:35+08:00 ] [ log ] at177.icu/99/favicon.ico [运行时间：0.041730s][吞吐率：23.96req/s] [内存消耗：1,650.74kb] [文件加载：44]
[ error ] [8]未定义数组下标: 1

---------------------------------------------------------------
[ 2023-10-06T15:28:42+08:00 ] [ log ] at177.icu/99/index/open.html [运行时间：0.055984s][吞吐率：17.86req/s] [内存消耗：1,865.12kb] [文件加载：50]
[ error ] [8]未定义数组下标: 1

---------------------------------------------------------------
[ 2023-10-06T15:59:49+08:00 ] [ log ] at177.icu/99/ [运行时间：0.034942s][吞吐率：28.62req/s] [内存消耗：1,865.34kb] [文件加载：51]
[ error ] [8]未定义数组下标: 1

---------------------------------------------------------------
[ 2023-10-06T15:59:50+08:00 ] [ log ] at177.icu/99/favicon.ico [运行时间：0.040652s][吞吐率：24.60req/s] [内存消耗：1,650.74kb] [文件加载：44]
[ error ] [8]未定义数组下标: 1

---------------------------------------------------------------
[ 2023-10-06T15:59:53+08:00 ] [ log ] at177.icu/99/ [运行时间：0.048212s][吞吐率：20.74req/s] [内存消耗：1,865.34kb] [文件加载：51]
[ error ] [8]未定义数组下标: 1

---------------------------------------------------------------
[ 2023-10-06T15:59:54+08:00 ] [ log ] at177.icu/99/favicon.ico [运行时间：0.042570s][吞吐率：23.49req/s] [内存消耗：1,650.74kb] [文件加载：44]
[ error ] [8]未定义数组下标: 1

---------------------------------------------------------------
[ 2023-10-06T15:59:57+08:00 ] [ log ] at177.icu/99/index/open.html [运行时间：0.046996s][吞吐率：21.28req/s] [内存消耗：1,865.12kb] [文件加载：50]
[ error ] [8]未定义数组下标: 1

---------------------------------------------------------------
[ 2023-10-06T16:00:00+08:00 ] [ log ] at177.icu/99/ [运行时间：0.045911s][吞吐率：21.78req/s] [内存消耗：1,857.63kb] [文件加载：48]
[ error ] [8]Undefined offset: 1

---------------------------------------------------------------
[ 2023-10-06T16:00:03+08:00 ] [ log ] at177.icu/99/ [运行时间：0.021777s][吞吐率：45.92req/s] [内存消耗：1,857.63kb] [文件加载：48]
[ error ] [8]Undefined offset: 1

---------------------------------------------------------------
[ 2023-10-06T16:00:15+08:00 ] [ log ] at177.icu/99/ [运行时间：0.047601s][吞吐率：21.01req/s] [内存消耗：1,864.80kb] [文件加载：51]
[ error ] [8]未定义数组下标: 1

---------------------------------------------------------------
[ 2023-10-06T16:00:29+08:00 ] [ log ] at177.icu/99/ [运行时间：0.048639s][吞吐率：20.56req/s] [内存消耗：1,865.34kb] [文件加载：51]
[ error ] [8]未定义数组下标: 1

---------------------------------------------------------------
[ 2023-10-06T16:00:32+08:00 ] [ log ] at177.icu/99/index/open.html [运行时间：0.046462s][吞吐率：21.52req/s] [内存消耗：1,865.12kb] [文件加载：50]
[ error ] [8]未定义数组下标: 1

---------------------------------------------------------------
[ 2023-10-06T16:00:38+08:00 ] [ log ] at177.icu/99/index/open.html [运行时间：0.046096s][吞吐率：21.69req/s] [内存消耗：1,865.12kb] [文件加载：50]
[ error ] [8]未定义数组下标: 1

---------------------------------------------------------------
[ 2023-10-06T16:01:05+08:00 ] [ log ] at177.icu/99/index/open.html [运行时间：0.045946s][吞吐率：21.76req/s] [内存消耗：1,865.15kb] [文件加载：50]
[ error ] [8]未定义数组下标: 1

---------------------------------------------------------------
[ 2023-10-06T16:01:05+08:00 ] [ log ] at177.icu/99/index/open.html [运行时间：0.050371s][吞吐率：19.85req/s] [内存消耗：1,865.15kb] [文件加载：50]
[ error ] [8]未定义数组下标: 1

---------------------------------------------------------------
[ 2023-10-06T16:01:19+08:00 ] [ log ] at177.icu/99/ [运行时间：0.045985s][吞吐率：21.75req/s] [内存消耗：1,864.84kb] [文件加载：51]
[ error ] [8]未定义数组下标: 1

---------------------------------------------------------------
[ 2023-10-06T16:01:29+08:00 ] [ log ] at177.icu/99/ [运行时间：0.037728s][吞吐率：26.51req/s] [内存消耗：1,864.84kb] [文件加载：51]
[ error ] [8]未定义数组下标: 1

---------------------------------------------------------------
[ 2023-10-06T16:01:58+08:00 ] [ log ] at177.icu/99/ [运行时间：0.047763s][吞吐率：20.94req/s] [内存消耗：1,857.63kb] [文件加载：48]
[ error ] [8]Undefined offset: 1

---------------------------------------------------------------
[ 2023-10-06T16:02:02+08:00 ] [ log ] at177.icu/99/index/open.html [运行时间：0.046966s][吞吐率：21.29req/s] [内存消耗：1,857.41kb] [文件加载：47]
[ error ] [8]Undefined offset: 1

---------------------------------------------------------------
[ 2023-10-06T16:03:49+08:00 ] [ log ] at177.icu/99/ [运行时间：0.047105s][吞吐率：21.23req/s] [内存消耗：1,857.63kb] [文件加载：48]
[ error ] [8]Undefined offset: 1

---------------------------------------------------------------
[ 2023-10-06T16:03:53+08:00 ] [ log ] at177.icu/99/index/open.html [运行时间：0.047448s][吞吐率：21.08req/s] [内存消耗：1,857.41kb] [文件加载：47]
[ error ] [8]Undefined offset: 1

---------------------------------------------------------------
[ 2023-10-06T16:04:22+08:00 ] [ log ] at177.icu/99/ [运行时间：0.046441s][吞吐率：21.53req/s] [内存消耗：1,857.63kb] [文件加载：48]
[ error ] [8]Undefined offset: 1

---------------------------------------------------------------
[ 2023-10-06T16:04:24+08:00 ] [ log ] at177.icu/99/ [运行时间：0.014949s][吞吐率：66.89req/s] [内存消耗：1,857.10kb] [文件加载：48]
[ error ] [8]Undefined offset: 1

---------------------------------------------------------------
[ 2023-10-06T16:04:24+08:00 ] [ log ] at177.icu/99/favicon.ico [运行时间：0.008991s][吞吐率：111.22req/s] [内存消耗：1,643.13kb] [文件加载：42]
[ error ] [8]Undefined offset: 1

---------------------------------------------------------------
[ 2023-10-06T16:04:27+08:00 ] [ log ] at177.icu/99/index/open.html [运行时间：0.047172s][吞吐率：21.20req/s] [内存消耗：1,857.41kb] [文件加载：47]
[ error ] [8]Undefined offset: 1

---------------------------------------------------------------
[ 2023-10-06T16:04:27+08:00 ] [ log ] at177.icu/99/index/open.html [运行时间：0.025145s][吞吐率：39.77req/s] [内存消耗：1,857.41kb] [文件加载：47]
[ error ] [8]Undefined offset: 1

---------------------------------------------------------------
[ 2023-10-06T16:05:07+08:00 ] [ log ] at177.icu/99/ [运行时间：0.046585s][吞吐率：21.47req/s] [内存消耗：1,857.10kb] [文件加载：48]
[ error ] [8]Undefined offset: 1

---------------------------------------------------------------
[ 2023-10-06T16:05:09+08:00 ] [ log ] at177.icu/99/index/open.html [运行时间：0.047476s][吞吐率：21.06req/s] [内存消耗：1,857.41kb] [文件加载：47]
[ error ] [8]Undefined offset: 1

---------------------------------------------------------------
[ 2023-10-06T16:06:30+08:00 ] [ log ] at177.icu/99/ [运行时间：0.047626s][吞吐率：21.00req/s] [内存消耗：1,857.63kb] [文件加载：48]
[ error ] [8]Undefined offset: 1

---------------------------------------------------------------
[ 2023-10-06T16:06:44+08:00 ] [ log ] at177.icu/99/index/open.html [运行时间：0.045731s][吞吐率：21.87req/s] [内存消耗：1,857.41kb] [文件加载：47]
[ error ] [8]Undefined offset: 1

---------------------------------------------------------------
[ 2023-10-06T16:07:29+08:00 ] [ log ] at177.icu/99/ [运行时间：0.047997s][吞吐率：20.83req/s] [内存消耗：1,857.10kb] [文件加载：48]
[ error ] [8]Undefined offset: 1

---------------------------------------------------------------
[ 2023-10-06T16:07:31+08:00 ] [ log ] at177.icu/99/index/open.html [运行时间：0.045349s][吞吐率：22.05req/s] [内存消耗：1,857.41kb] [文件加载：47]
[ error ] [8]Undefined offset: 1

---------------------------------------------------------------
[ 2023-10-06T16:08:36+08:00 ] [ log ] at177.icu/99/ [运行时间：0.047457s][吞吐率：21.07req/s] [内存消耗：1,857.10kb] [文件加载：48]
[ error ] [8]Undefined offset: 1

---------------------------------------------------------------
[ 2023-10-06T16:08:40+08:00 ] [ log ] at177.icu/99/ [运行时间：0.047005s][吞吐率：21.27req/s] [内存消耗：1,857.10kb] [文件加载：48]
[ error ] [8]Undefined offset: 1

---------------------------------------------------------------
[ 2023-10-06T16:08:42+08:00 ] [ log ] at177.icu/99/index/open.html [运行时间：0.028142s][吞吐率：35.53req/s] [内存消耗：1,857.41kb] [文件加载：47]
[ error ] [8]Undefined offset: 1

---------------------------------------------------------------
[ 2023-10-06T16:08:42+08:00 ] [ log ] at177.icu/99/index/open.html [运行时间：0.046703s][吞吐率：21.41req/s] [内存消耗：1,857.41kb] [文件加载：47]
[ error ] [8]Undefined offset: 1

---------------------------------------------------------------
[ 2023-10-06T16:10:02+08:00 ] [ log ] at177.icu/99/ [运行时间：0.047312s][吞吐率：21.14req/s] [内存消耗：1,857.10kb] [文件加载：48]
[ error ] [8]Undefined offset: 1

---------------------------------------------------------------
[ 2023-10-06T16:10:41+08:00 ] [ log ] at177.icu/99/ [运行时间：0.046378s][吞吐率：21.56req/s] [内存消耗：1,857.10kb] [文件加载：48]
[ error ] [8]Undefined offset: 1

---------------------------------------------------------------
[ 2023-10-06T16:10:44+08:00 ] [ log ] at177.icu/99/index/open.html [运行时间：0.046334s][吞吐率：21.58req/s] [内存消耗：1,857.41kb] [文件加载：47]
[ error ] [8]Undefined offset: 1

---------------------------------------------------------------
[ 2023-10-06T16:10:54+08:00 ] [ log ] at177.icu/99/ [运行时间：0.046927s][吞吐率：21.31req/s] [内存消耗：1,857.10kb] [文件加载：48]
[ error ] [8]Undefined offset: 1

---------------------------------------------------------------
[ 2023-10-06T16:10:57+08:00 ] [ log ] at177.icu/99/index/open.html [运行时间：0.045402s][吞吐率：22.03req/s] [内存消耗：1,857.41kb] [文件加载：47]
[ error ] [8]Undefined offset: 1

---------------------------------------------------------------
[ 2023-10-06T16:13:40+08:00 ] [ log ] at177.icu/99/ [运行时间：0.047052s][吞吐率：21.25req/s] [内存消耗：1,865.34kb] [文件加载：51]
[ error ] [8]未定义数组下标: 1

---------------------------------------------------------------
[ 2023-10-06T16:13:41+08:00 ] [ log ] at177.icu/99/ [运行时间：0.048248s][吞吐率：20.73req/s] [内存消耗：1,865.34kb] [文件加载：51]
[ error ] [8]未定义数组下标: 1

---------------------------------------------------------------
[ 2023-10-06T16:13:41+08:00 ] [ log ] at177.icu/99/favicon.ico [运行时间：0.042487s][吞吐率：23.54req/s] [内存消耗：1,650.74kb] [文件加载：44]
[ error ] [8]未定义数组下标: 1

---------------------------------------------------------------
[ 2023-10-06T16:13:45+08:00 ] [ log ] at177.icu/99/index/open.html [运行时间：0.045295s][吞吐率：22.08req/s] [内存消耗：1,865.12kb] [文件加载：50]
[ error ] [8]未定义数组下标: 1

---------------------------------------------------------------
[ 2023-10-06T16:13:45+08:00 ] [ log ] at177.icu/99/favicon.ico [运行时间：0.040060s][吞吐率：24.96req/s] [内存消耗：1,651.27kb] [文件加载：44]
[ error ] [8]未定义数组下标: 1

---------------------------------------------------------------
[ 2023-10-06T16:13:48+08:00 ] [ log ] at177.icu/99/favicon.ico [运行时间：0.041654s][吞吐率：24.01req/s] [内存消耗：1,650.74kb] [文件加载：44]
[ error ] [8]未定义数组下标: 1

---------------------------------------------------------------
[ 2023-10-06T16:15:14+08:00 ] [ log ] at177.icu/99/ [运行时间：0.039441s][吞吐率：25.35req/s] [内存消耗：1,865.34kb] [文件加载：51]
[ error ] [8]未定义数组下标: 1

---------------------------------------------------------------
[ 2023-10-06T16:15:15+08:00 ] [ log ] at177.icu/99/favicon.ico [运行时间：0.025428s][吞吐率：39.33req/s] [内存消耗：1,650.74kb] [文件加载：44]
[ error ] [8]未定义数组下标: 1

---------------------------------------------------------------
[ 2023-10-06T16:15:29+08:00 ] [ log ] at177.icu/99/index/open.html [运行时间：0.031679s][吞吐率：31.57req/s] [内存消耗：1,865.12kb] [文件加载：50]
[ error ] [8]未定义数组下标: 1

---------------------------------------------------------------
[ 2023-10-06T16:15:50+08:00 ] [ log ] at177.icu/99/ [运行时间：0.045390s][吞吐率：22.03req/s] [内存消耗：1,857.10kb] [文件加载：48]
[ error ] [8]Undefined offset: 1

---------------------------------------------------------------
[ 2023-10-06T16:15:53+08:00 ] [ log ] at177.icu/99/index/open.html [运行时间：0.046849s][吞吐率：21.35req/s] [内存消耗：1,857.41kb] [文件加载：47]
[ error ] [8]Undefined offset: 1

---------------------------------------------------------------
[ 2023-10-06T16:23:51+08:00 ] [ log ] at177.icu/99/ [运行时间：0.046529s][吞吐率：21.49req/s] [内存消耗：1,864.80kb] [文件加载：51]
[ error ] [8]未定义数组下标: 1

---------------------------------------------------------------
[ 2023-10-06T16:23:54+08:00 ] [ log ] at177.icu/99/index/open.html [运行时间：0.048647s][吞吐率：20.56req/s] [内存消耗：1,865.12kb] [文件加载：50]
[ error ] [8]未定义数组下标: 1

---------------------------------------------------------------
[ 2023-10-06T16:24:22+08:00 ] [ log ] at177.icu/99/ [运行时间：0.044159s][吞吐率：22.65req/s] [内存消耗：1,857.63kb] [文件加载：48]
[ error ] [8]Undefined offset: 1

---------------------------------------------------------------
[ 2023-10-06T16:24:24+08:00 ] [ log ] at177.icu/99/favicon.ico [运行时间：0.041495s][吞吐率：24.10req/s] [内存消耗：1,643.13kb] [文件加载：42]
[ error ] [8]Undefined offset: 1

---------------------------------------------------------------
[ 2023-10-06T16:24:26+08:00 ] [ log ] at177.icu/99/index/open.html [运行时间：0.046875s][吞吐率：21.33req/s] [内存消耗：1,857.41kb] [文件加载：47]
[ error ] [8]Undefined offset: 1

---------------------------------------------------------------
[ 2023-10-06T16:32:44+08:00 ] [ log ] at177.icu/99/ [运行时间：0.047149s][吞吐率：21.21req/s] [内存消耗：1,864.80kb] [文件加载：51]
[ error ] [8]未定义数组下标: 1

---------------------------------------------------------------
[ 2023-10-06T16:32:47+08:00 ] [ log ] at177.icu/99/index/open.html [运行时间：0.047156s][吞吐率：21.21req/s] [内存消耗：1,865.12kb] [文件加载：50]
[ error ] [8]未定义数组下标: 1

---------------------------------------------------------------
[ 2023-10-06T16:58:53+08:00 ] [ log ] at177.icu/99/ [运行时间：0.048643s][吞吐率：20.56req/s] [内存消耗：1,865.34kb] [文件加载：51]
[ error ] [8]未定义数组下标: 1

---------------------------------------------------------------
[ 2023-10-06T16:58:54+08:00 ] [ log ] at177.icu/99/favicon.ico [运行时间：0.041772s][吞吐率：23.94req/s] [内存消耗：1,650.74kb] [文件加载：44]
[ error ] [8]未定义数组下标: 1

---------------------------------------------------------------
[ 2023-10-06T16:58:55+08:00 ] [ log ] at177.icu/99/favicon.ico [运行时间：0.042163s][吞吐率：23.72req/s] [内存消耗：1,650.74kb] [文件加载：44]
[ error ] [8]未定义数组下标: 1

---------------------------------------------------------------
[ 2023-10-06T16:58:55+08:00 ] [ log ] at177.icu/99/favicon.ico [运行时间：0.032530s][吞吐率：30.74req/s] [内存消耗：1,650.74kb] [文件加载：44]
[ error ] [8]未定义数组下标: 1

---------------------------------------------------------------
[ 2023-10-06T16:58:57+08:00 ] [ log ] at177.icu/99/index/open.html [运行时间：0.046673s][吞吐率：21.43req/s] [内存消耗：1,865.12kb] [文件加载：50]
[ error ] [8]未定义数组下标: 1

---------------------------------------------------------------
[ 2023-10-06T17:45:44+08:00 ] [ log ] at177.icu/99/ [运行时间：0.047213s][吞吐率：21.18req/s] [内存消耗：1,865.34kb] [文件加载：51]
[ error ] [8]未定义数组下标: 1

---------------------------------------------------------------
[ 2023-10-06T17:45:49+08:00 ] [ log ] at177.icu/99/index/open.html [运行时间：0.046911s][吞吐率：21.32req/s] [内存消耗：1,865.12kb] [文件加载：50]
[ error ] [8]未定义数组下标: 1

---------------------------------------------------------------
[ 2023-10-06T18:16:47+08:00 ] [ log ] at177.icu/99/ [运行时间：0.047466s][吞吐率：21.07req/s] [内存消耗：1,864.80kb] [文件加载：51]
[ error ] [8]未定义数组下标: 1

---------------------------------------------------------------
[ 2023-10-06T18:16:50+08:00 ] [ log ] at177.icu/99/index/open.html [运行时间：0.047168s][吞吐率：21.20req/s] [内存消耗：1,865.12kb] [文件加载：50]
[ error ] [8]未定义数组下标: 1

---------------------------------------------------------------
[ 2023-10-06T18:17:49+08:00 ] [ log ] at177.icu/99/ [运行时间：0.048101s][吞吐率：20.79req/s] [内存消耗：1,864.80kb] [文件加载：51]
[ error ] [8]未定义数组下标: 1

---------------------------------------------------------------
[ 2023-10-06T18:17:52+08:00 ] [ log ] at177.icu/99/index/open.html [运行时间：0.047330s][吞吐率：21.13req/s] [内存消耗：1,865.12kb] [文件加载：50]
[ error ] [8]未定义数组下标: 1

---------------------------------------------------------------
[ 2023-10-06T18:25:36+08:00 ] [ log ] at177.icu/99/ [运行时间：0.046684s][吞吐率：21.42req/s] [内存消耗：1,864.80kb] [文件加载：51]
[ error ] [8]未定义数组下标: 1

---------------------------------------------------------------
[ 2023-10-06T18:25:39+08:00 ] [ log ] at177.icu/99/index/open.html [运行时间：0.047474s][吞吐率：21.06req/s] [内存消耗：1,865.12kb] [文件加载：50]
[ error ] [8]未定义数组下标: 1

---------------------------------------------------------------
[ 2023-10-06T18:34:21+08:00 ] [ log ] at177.icu/99/ [运行时间：0.048713s][吞吐率：20.53req/s] [内存消耗：1,865.34kb] [文件加载：51]
[ error ] [8]未定义数组下标: 1

---------------------------------------------------------------
[ 2023-10-06T19:26:47+08:00 ] [ log ] at177.icu/99/ [运行时间：0.046976s][吞吐率：21.29req/s] [内存消耗：1,865.34kb] [文件加载：51]
[ error ] [8]未定义数组下标: 1

---------------------------------------------------------------
[ 2023-10-06T19:26:50+08:00 ] [ log ] at177.icu/99/index/open.html [运行时间：0.036067s][吞吐率：27.73req/s] [内存消耗：1,865.12kb] [文件加载：50]
[ error ] [8]未定义数组下标: 1

---------------------------------------------------------------
[ 2023-10-06T19:28:05+08:00 ] [ log ] at177.icu/99/ [运行时间：0.046656s][吞吐率：21.43req/s] [内存消耗：1,857.63kb] [文件加载：48]
[ error ] [8]Undefined offset: 1

---------------------------------------------------------------
[ 2023-10-06T19:45:40+08:00 ] [ log ] at177.icu/99/ [运行时间：0.047518s][吞吐率：21.04req/s] [内存消耗：1,864.80kb] [文件加载：51]
[ error ] [8]未定义数组下标: 1

---------------------------------------------------------------
[ 2023-10-06T19:45:43+08:00 ] [ log ] at177.icu/99/index/open.html [运行时间：0.046731s][吞吐率：21.40req/s] [内存消耗：1,865.12kb] [文件加载：50]
[ error ] [8]未定义数组下标: 1

---------------------------------------------------------------
[ 2023-10-06T20:29:00+08:00 ] [ log ] at177.icu/99/ [运行时间：0.048062s][吞吐率：20.81req/s] [内存消耗：1,865.34kb] [文件加载：51]
[ error ] [8]未定义数组下标: 1

---------------------------------------------------------------
[ 2023-10-06T20:29:03+08:00 ] [ log ] at177.icu/99/index/open.html [运行时间：0.047545s][吞吐率：21.03req/s] [内存消耗：1,865.12kb] [文件加载：50]
[ error ] [8]未定义数组下标: 1

---------------------------------------------------------------
[ 2023-10-06T21:10:22+08:00 ] [ log ] at177.icu/99/ [运行时间：0.041587s][吞吐率：24.05req/s] [内存消耗：1,864.80kb] [文件加载：51]
[ error ] [8]未定义数组下标: 1

---------------------------------------------------------------
[ 2023-10-06T21:10:28+08:00 ] [ log ] at177.icu/99/index/open.html [运行时间：0.047658s][吞吐率：20.98req/s] [内存消耗：1,865.12kb] [文件加载：50]
[ error ] [8]未定义数组下标: 1

---------------------------------------------------------------
[ 2023-10-06T21:12:06+08:00 ] [ log ] at177.icu/99/ [运行时间：0.047552s][吞吐率：21.03req/s] [内存消耗：1,865.34kb] [文件加载：51]
[ error ] [8]未定义数组下标: 1

---------------------------------------------------------------
[ 2023-10-06T21:12:07+08:00 ] [ log ] at177.icu/99/favicon.ico [运行时间：0.042268s][吞吐率：23.66req/s] [内存消耗：1,650.74kb] [文件加载：44]
[ error ] [8]未定义数组下标: 1

---------------------------------------------------------------
[ 2023-10-06T21:12:10+08:00 ] [ log ] at177.icu/99/index/open.html [运行时间：0.047131s][吞吐率：21.22req/s] [内存消耗：1,865.12kb] [文件加载：50]
[ error ] [8]未定义数组下标: 1

---------------------------------------------------------------
