[ 2023-10-07T14:23:57+08:00 ] [ log ] at177.icu/99/ [运行时间：0.047120s][吞吐率：21.22req/s] [内存消耗：1,857.63kb] [文件加载：48]
[ error ] [8]Undefined offset: 1

---------------------------------------------------------------
[ 2023-10-07T19:25:39+08:00 ] [ log ] at177.icu/99/ [运行时间：0.048472s][吞吐率：20.63req/s] [内存消耗：1,865.34kb] [文件加载：51]
[ error ] [8]未定义数组下标: 1

---------------------------------------------------------------
[ 2023-10-07T19:25:42+08:00 ] [ log ] at177.icu/99/index/open.html [运行时间：0.046696s][吞吐率：21.42req/s] [内存消耗：1,865.12kb] [文件加载：50]
[ error ] [8]未定义数组下标: 1

---------------------------------------------------------------
[ 2023-10-07T19:25:55+08:00 ] [ log ] at177.icu/99/ [运行时间：0.047510s][吞吐率：21.05req/s] [内存消耗：1,864.80kb] [文件加载：51]
[ error ] [8]未定义数组下标: 1

---------------------------------------------------------------
[ 2023-10-07T19:26:01+08:00 ] [ log ] at177.icu/99/ [运行时间：0.047402s][吞吐率：21.10req/s] [内存消耗：1,864.80kb] [文件加载：51]
[ error ] [8]未定义数组下标: 1

---------------------------------------------------------------
[ 2023-10-07T19:26:10+08:00 ] [ log ] at177.icu/99/ [运行时间：0.046313s][吞吐率：21.59req/s] [内存消耗：1,864.80kb] [文件加载：51]
[ error ] [8]未定义数组下标: 1

---------------------------------------------------------------
[ 2023-10-07T19:26:13+08:00 ] [ log ] at177.icu/99/ [运行时间：0.047976s][吞吐率：20.84req/s] [内存消耗：1,864.80kb] [文件加载：51]
[ error ] [8]未定义数组下标: 1

---------------------------------------------------------------
[ 2023-10-07T19:26:16+08:00 ] [ log ] at177.icu/99/index/open.html [运行时间：0.047031s][吞吐率：21.26req/s] [内存消耗：1,865.12kb] [文件加载：50]
[ error ] [8]未定义数组下标: 1

---------------------------------------------------------------
[ 2023-10-07T19:31:23+08:00 ] [ log ] at177.icu/99/ [运行时间：0.046987s][吞吐率：21.28req/s] [内存消耗：1,864.80kb] [文件加载：51]
[ error ] [8]未定义数组下标: 1

---------------------------------------------------------------
[ 2023-10-07T19:31:26+08:00 ] [ log ] at177.icu/99/index/open.html [运行时间：0.046830s][吞吐率：21.35req/s] [内存消耗：1,865.12kb] [文件加载：50]
[ error ] [8]未定义数组下标: 1

---------------------------------------------------------------
[ 2023-10-07T19:38:31+08:00 ] [ log ] at177.icu/99/ [运行时间：0.035118s][吞吐率：28.48req/s] [内存消耗：1,865.34kb] [文件加载：51]
[ error ] [8]未定义数组下标: 1

---------------------------------------------------------------
[ 2023-10-07T19:38:35+08:00 ] [ log ] at177.icu/99/index/open.html [运行时间：0.047192s][吞吐率：21.19req/s] [内存消耗：1,865.12kb] [文件加载：50]
[ error ] [8]未定义数组下标: 1

---------------------------------------------------------------
[ 2023-10-07T20:19:25+08:00 ] [ log ] at178.icu/99/ [运行时间：0.047906s][吞吐率：20.87req/s] [内存消耗：1,865.34kb] [文件加载：51]
[ error ] [8]未定义数组下标: 1

---------------------------------------------------------------
[ 2023-10-07T20:19:26+08:00 ] [ log ] at178.icu/99/favicon.ico [运行时间：0.042550s][吞吐率：23.50req/s] [内存消耗：1,650.74kb] [文件加载：44]
[ error ] [8]未定义数组下标: 1

---------------------------------------------------------------
[ 2023-10-07T20:19:28+08:00 ] [ log ] at178.icu/99/index/open.html [运行时间：0.045997s][吞吐率：21.74req/s] [内存消耗：1,865.12kb] [文件加载：50]
[ error ] [8]未定义数组下标: 1

---------------------------------------------------------------
