[ 2023-10-08T10:57:13+08:00 ] [ log ] at177.icu/99/ [运行时间：0.035458s][吞吐率：28.20req/s] [内存消耗：1,864.84kb] [文件加载：51]
[ error ] [8]未定义数组下标: 1

---------------------------------------------------------------
[ 2023-10-08T11:27:41+08:00 ] [ log ] at178.icu/99/ [运行时间：0.047347s][吞吐率：21.12req/s] [内存消耗：1,865.34kb] [文件加载：51]
[ error ] [8]未定义数组下标: 1

---------------------------------------------------------------
[ 2023-10-08T12:38:45+08:00 ] [ log ] at177.icu/99/ [运行时间：0.018027s][吞吐率：55.47req/s] [内存消耗：1,857.63kb] [文件加载：48]
[ error ] [8]Undefined offset: 1

---------------------------------------------------------------
[ 2023-10-08T12:38:45+08:00 ] [ log ] at177.icu/99/favicon.ico [运行时间：0.024635s][吞吐率：40.59req/s] [内存消耗：1,643.13kb] [文件加载：42]
[ error ] [8]Undefined offset: 1

---------------------------------------------------------------
[ 2023-10-08T15:16:15+08:00 ] [ log ] at177.icu/99/ [运行时间：0.046776s][吞吐率：21.38req/s] [内存消耗：1,857.63kb] [文件加载：48]
[ error ] [8]Undefined offset: 1

---------------------------------------------------------------
[ 2023-10-08T15:27:51+08:00 ] [ log ] at178.icu/99/ [运行时间：0.046926s][吞吐率：21.31req/s] [内存消耗：1,865.34kb] [文件加载：51]
[ error ] [8]未定义数组下标: 1

---------------------------------------------------------------
[ 2023-10-08T15:27:52+08:00 ] [ log ] at178.icu/99/favicon.ico [运行时间：0.040332s][吞吐率：24.79req/s] [内存消耗：1,650.74kb] [文件加载：44]
[ error ] [8]未定义数组下标: 1

---------------------------------------------------------------
[ 2023-10-08T15:27:55+08:00 ] [ log ] at178.icu/99/index/open.html [运行时间：0.046865s][吞吐率：21.34req/s] [内存消耗：1,865.12kb] [文件加载：50]
[ error ] [8]未定义数组下标: 1

---------------------------------------------------------------
[ 2023-10-08T17:38:08+08:00 ] [ log ] at178.icu/99/ [运行时间：0.047327s][吞吐率：21.13req/s] [内存消耗：1,865.34kb] [文件加载：51]
[ error ] [8]未定义数组下标: 1

---------------------------------------------------------------
[ 2023-10-08T17:38:11+08:00 ] [ log ] at177.icu/99/ [运行时间：0.047301s][吞吐率：21.14req/s] [内存消耗：1,865.34kb] [文件加载：51]
[ error ] [8]未定义数组下标: 1

---------------------------------------------------------------
[ 2023-10-08T17:38:13+08:00 ] [ log ] at177.icu/99/index/open.html [运行时间：0.044395s][吞吐率：22.53req/s] [内存消耗：1,865.12kb] [文件加载：50]
[ error ] [8]未定义数组下标: 1

---------------------------------------------------------------
[ 2023-10-08T19:59:06+08:00 ] [ log ] at178.icu/99/ [运行时间：0.038773s][吞吐率：25.79req/s] [内存消耗：1,865.34kb] [文件加载：51]
[ error ] [8]未定义数组下标: 1

---------------------------------------------------------------
[ 2023-10-08T19:59:12+08:00 ] [ log ] at178.icu/99/index/open.html [运行时间：0.048428s][吞吐率：20.65req/s] [内存消耗：1,865.12kb] [文件加载：50]
[ error ] [8]未定义数组下标: 1

---------------------------------------------------------------
[ 2023-10-08T20:07:07+08:00 ] [ log ] at178.icu/99/ [运行时间：0.047284s][吞吐率：21.15req/s] [内存消耗：1,857.63kb] [文件加载：48]
[ error ] [8]Undefined offset: 1

---------------------------------------------------------------
[ 2023-10-08T20:07:28+08:00 ] [ log ] at178.icu/99/ [运行时间：0.046587s][吞吐率：21.47req/s] [内存消耗：1,865.34kb] [文件加载：51]
[ error ] [8]未定义数组下标: 1

---------------------------------------------------------------
[ 2023-10-08T20:07:29+08:00 ] [ log ] at178.icu/99/favicon.ico [运行时间：0.041690s][吞吐率：23.99req/s] [内存消耗：1,650.74kb] [文件加载：44]
[ error ] [8]未定义数组下标: 1

---------------------------------------------------------------
[ 2023-10-08T20:07:43+08:00 ] [ log ] at178.icu/99/index/open.html [运行时间：0.047072s][吞吐率：21.24req/s] [内存消耗：1,865.12kb] [文件加载：50]
[ error ] [8]未定义数组下标: 1

---------------------------------------------------------------
[ 2023-10-08T20:13:49+08:00 ] [ log ] at178.icu/99/ [运行时间：0.011421s][吞吐率：87.56req/s] [内存消耗：1,864.80kb] [文件加载：51]
[ error ] [8]未定义数组下标: 1

---------------------------------------------------------------
[ 2023-10-08T20:13:50+08:00 ] [ log ] at178.icu/99/favicon.ico [运行时间：0.042575s][吞吐率：23.49req/s] [内存消耗：1,650.74kb] [文件加载：44]
[ error ] [8]未定义数组下标: 1

---------------------------------------------------------------
[ 2023-10-08T20:13:54+08:00 ] [ log ] at178.icu/99/index/open.html [运行时间：0.046735s][吞吐率：21.40req/s] [内存消耗：1,865.12kb] [文件加载：50]
[ error ] [8]未定义数组下标: 1

---------------------------------------------------------------
[ 2023-10-08T20:15:48+08:00 ] [ log ] at178.icu/99/ [运行时间：0.047470s][吞吐率：21.07req/s] [内存消耗：1,864.80kb] [文件加载：51]
[ error ] [8]未定义数组下标: 1

---------------------------------------------------------------
[ 2023-10-08T20:15:53+08:00 ] [ log ] at178.icu/99/index/open.html [运行时间：0.035856s][吞吐率：27.89req/s] [内存消耗：1,865.12kb] [文件加载：50]
[ error ] [8]未定义数组下标: 1

---------------------------------------------------------------
[ 2023-10-08T20:24:52+08:00 ] [ log ] at178.icu/99/ [运行时间：0.046949s][吞吐率：21.30req/s] [内存消耗：1,864.80kb] [文件加载：51]
[ error ] [8]未定义数组下标: 1

---------------------------------------------------------------
[ 2023-10-08T20:24:53+08:00 ] [ log ] at178.icu/99/favicon.ico [运行时间：0.040464s][吞吐率：24.71req/s] [内存消耗：1,650.74kb] [文件加载：44]
[ error ] [8]未定义数组下标: 1

---------------------------------------------------------------
[ 2023-10-08T20:24:56+08:00 ] [ log ] at178.icu/99/index/open.html [运行时间：0.046124s][吞吐率：21.68req/s] [内存消耗：1,865.12kb] [文件加载：50]
[ error ] [8]未定义数组下标: 1

---------------------------------------------------------------
