[ 2023-10-20T18:02:53+08:00 ] [ log ] at178.icu/99/ [运行时间：0.047125s][吞吐率：21.22req/s] [内存消耗：1,865.34kb] [文件加载：51]
[ error ] [8]未定义数组下标: 1

---------------------------------------------------------------
[ 2023-10-20T18:03:10+08:00 ] [ log ] at178.icu/99/ [运行时间：0.047152s][吞吐率：21.21req/s] [内存消耗：1,864.80kb] [文件加载：51]
[ error ] [8]未定义数组下标: 1

---------------------------------------------------------------
[ 2023-10-20T18:03:14+08:00 ] [ log ] at178.icu/99/ [运行时间：0.048010s][吞吐率：20.83req/s] [内存消耗：1,865.34kb] [文件加载：51]
[ error ] [8]未定义数组下标: 1

---------------------------------------------------------------
[ 2023-10-20T18:03:14+08:00 ] [ log ] at178.icu/99/index/open.html [运行时间：0.046343s][吞吐率：21.58req/s] [内存消耗：1,865.12kb] [文件加载：50]
[ error ] [8]未定义数组下标: 1

---------------------------------------------------------------
[ 2023-10-20T18:03:18+08:00 ] [ log ] at178.icu/99/index/open.html [运行时间：0.046352s][吞吐率：21.57req/s] [内存消耗：1,865.12kb] [文件加载：50]
[ error ] [8]未定义数组下标: 1

---------------------------------------------------------------
[ 2023-10-20T18:03:19+08:00 ] [ log ] at178.icu/99/ [运行时间：0.043506s][吞吐率：22.99req/s] [内存消耗：1,865.34kb] [文件加载：51]
[ error ] [8]未定义数组下标: 1

---------------------------------------------------------------
[ 2023-10-20T18:03:21+08:00 ] [ log ] at178.icu/99/favicon.ico [运行时间：0.041533s][吞吐率：24.08req/s] [内存消耗：1,650.74kb] [文件加载：44]
[ error ] [8]未定义数组下标: 1

---------------------------------------------------------------
[ 2023-10-20T18:03:22+08:00 ] [ log ] at178.icu/99/favicon.ico [运行时间：0.032272s][吞吐率：30.99req/s] [内存消耗：1,650.74kb] [文件加载：44]
[ error ] [8]未定义数组下标: 1

---------------------------------------------------------------
[ 2023-10-20T18:03:25+08:00 ] [ log ] at178.icu/99/index/open.html [运行时间：0.046773s][吞吐率：21.38req/s] [内存消耗：1,865.12kb] [文件加载：50]
[ error ] [8]未定义数组下标: 1

---------------------------------------------------------------
[ 2023-10-20T18:17:54+08:00 ] [ log ] at178.icu/99/ [运行时间：0.054702s][吞吐率：18.28req/s] [内存消耗：1,864.80kb] [文件加载：51]
[ error ] [8]未定义数组下标: 1

---------------------------------------------------------------
[ 2023-10-20T18:17:59+08:00 ] [ log ] at178.icu/99/index/open.html [运行时间：0.046836s][吞吐率：21.35req/s] [内存消耗：1,865.12kb] [文件加载：50]
[ error ] [8]未定义数组下标: 1

---------------------------------------------------------------
[ 2023-10-20T18:33:34+08:00 ] [ log ] at178.icu/99/ [运行时间：0.047495s][吞吐率：21.05req/s] [内存消耗：1,864.80kb] [文件加载：51]
[ error ] [8]未定义数组下标: 1

---------------------------------------------------------------
[ 2023-10-20T18:33:35+08:00 ] [ log ] at178.icu/99/favicon.ico [运行时间：0.041388s][吞吐率：24.16req/s] [内存消耗：1,650.74kb] [文件加载：44]
[ error ] [8]未定义数组下标: 1

---------------------------------------------------------------
[ 2023-10-20T18:51:24+08:00 ] [ log ] io3o.cc/99/ [运行时间：0.167687s][吞吐率：5.96req/s] [内存消耗：1,866.48kb] [文件加载：51]
[ error ] [8]未定义数组下标: 1

---------------------------------------------------------------
[ 2023-10-20T18:51:24+08:00 ] [ log ] io3o.cc/99/favicon.ico [运行时间：0.011266s][吞吐率：88.76req/s] [内存消耗：1,651.88kb] [文件加载：44]
[ error ] [8]未定义数组下标: 1

---------------------------------------------------------------
[ 2023-10-20T18:51:24+08:00 ] [ log ] io3o.cc/99/favicon.ico [运行时间：0.009970s][吞吐率：100.30req/s] [内存消耗：1,651.88kb] [文件加载：44]
[ error ] [8]未定义数组下标: 1

---------------------------------------------------------------
[ 2023-10-20T18:51:28+08:00 ] [ log ] io3o.cc/99/index/open.html [运行时间：0.016133s][吞吐率：61.98req/s] [内存消耗：1,866.27kb] [文件加载：50]
[ error ] [8]未定义数组下标: 1

---------------------------------------------------------------
[ 2023-10-20T18:52:58+08:00 ] [ log ] io3o.cc/99/ [运行时间：0.011570s][吞吐率：86.43req/s] [内存消耗：1,865.95kb] [文件加载：51]
[ error ] [8]未定义数组下标: 1

---------------------------------------------------------------
[ 2023-10-20T18:52:58+08:00 ] [ log ] io3o.cc/99/favicon.ico [运行时间：0.009853s][吞吐率：101.49req/s] [内存消耗：1,651.88kb] [文件加载：44]
[ error ] [8]未定义数组下标: 1

---------------------------------------------------------------
[ 2023-10-20T18:52:58+08:00 ] [ log ] io3o.cc/99/favicon.ico [运行时间：0.009927s][吞吐率：100.74req/s] [内存消耗：1,651.88kb] [文件加载：44]
[ error ] [8]未定义数组下标: 1

---------------------------------------------------------------
[ 2023-10-20T18:53:02+08:00 ] [ log ] io3o.cc/99/index/open.html [运行时间：0.011003s][吞吐率：90.88req/s] [内存消耗：1,871.77kb] [文件加载：50]
[ error ] [8]未定义数组下标: 1

---------------------------------------------------------------
