[ 2023-07-28T23:36:14+08:00 ] [ log ] at1777.com/99/ [运行时间：0.038766s][吞吐率：25.80req/s] [内存消耗：2,006.48kb] [文件加载：54]
[ error ] [8]未定义数组下标: 1

---------------------------------------------------------------
[ 2023-07-28T23:36:15+08:00 ] [ log ] at1777.com/99/favicon.ico [运行时间：0.009515s][吞吐率：105.10req/s] [内存消耗：1,650.84kb] [文件加载：44]
[ error ] [8]未定义数组下标: 1

---------------------------------------------------------------
[ 2023-07-28T23:36:15+08:00 ] [ log ] at1777.com/99/favicon.ico [运行时间：0.009552s][吞吐率：104.69req/s] [内存消耗：1,650.84kb] [文件加载：44]
[ error ] [8]未定义数组下标: 1

---------------------------------------------------------------
[ 2023-07-28T23:36:18+08:00 ] [ log ] at1777.com/99/index/open.html [运行时间：0.010882s][吞吐率：91.90req/s] [内存消耗：1,865.27kb] [文件加载：50]
[ error ] [8]未定义数组下标: 1

---------------------------------------------------------------
[ 2023-07-28T23:36:29+08:00 ] [ log ] at1777.com/99/index/open.html [运行时间：0.030617s][吞吐率：32.66req/s] [内存消耗：1,865.27kb] [文件加载：50]
[ error ] [8]未定义数组下标: 1

---------------------------------------------------------------
[ 2023-07-28T23:37:20+08:00 ] [ log ] at1777.com/99/index/open.html [运行时间：0.011395s][吞吐率：87.76req/s] [内存消耗：1,865.27kb] [文件加载：50]
[ error ] [8]未定义数组下标: 1

---------------------------------------------------------------
[ 2023-07-28T23:37:47+08:00 ] [ log ] at1777.com/99/ [运行时间：0.025489s][吞吐率：39.23req/s] [内存消耗：1,864.88kb] [文件加载：51]
[ error ] [8]未定义数组下标: 1

---------------------------------------------------------------
[ 2023-07-28T23:37:47+08:00 ] [ log ] at1777.com/99/favicon.ico [运行时间：0.027939s][吞吐率：35.79req/s] [内存消耗：1,650.84kb] [文件加载：44]
[ error ] [8]未定义数组下标: 1

---------------------------------------------------------------
[ 2023-07-28T23:37:50+08:00 ] [ log ] at1777.com/99/ [运行时间：0.033461s][吞吐率：29.89req/s] [内存消耗：1,864.88kb] [文件加载：51]
[ error ] [8]未定义数组下标: 1

---------------------------------------------------------------
[ 2023-07-28T23:37:50+08:00 ] [ log ] at1777.com/99/favicon.ico [运行时间：0.013149s][吞吐率：76.05req/s] [内存消耗：1,650.84kb] [文件加载：44]
[ error ] [8]未定义数组下标: 1

---------------------------------------------------------------
[ 2023-07-28T23:38:00+08:00 ] [ log ] at1777.com/99/index/open.html [运行时间：0.011359s][吞吐率：88.04req/s] [内存消耗：1,865.27kb] [文件加载：50]
[ error ] [8]未定义数组下标: 1

---------------------------------------------------------------
[ 2023-07-28T23:39:42+08:00 ] [ log ] at1777.com/99/index/open.html [运行时间：0.010346s][吞吐率：96.66req/s] [内存消耗：1,822.34kb] [文件加载：48]
[ error ] [8]未定义数组下标: 1

---------------------------------------------------------------
[ 2023-07-28T23:39:51+08:00 ] [ log ] at1777.com/99/index/open.html [运行时间：0.010160s][吞吐率：98.43req/s] [内存消耗：1,822.34kb] [文件加载：48]
[ error ] [8]未定义数组下标: 1

---------------------------------------------------------------
[ 2023-07-28T23:40:25+08:00 ] [ log ] at1777.com/99/index/open.html [运行时间：0.032354s][吞吐率：30.91req/s] [内存消耗：1,865.21kb] [文件加载：50]
[ error ] [8]未定义数组下标: 1

---------------------------------------------------------------
[ 2023-07-28T23:40:28+08:00 ] [ log ] at1777.com/99/index/open.html [运行时间：0.040140s][吞吐率：24.91req/s] [内存消耗：1,865.21kb] [文件加载：50]
[ error ] [8]未定义数组下标: 1

---------------------------------------------------------------
[ 2023-07-28T23:41:33+08:00 ] [ log ] at1777.com/99/index/open.html [运行时间：0.010793s][吞吐率：92.65req/s] [内存消耗：1,865.21kb] [文件加载：50]
[ error ] [8]未定义数组下标: 1

---------------------------------------------------------------
[ 2023-07-28T23:41:59+08:00 ] [ log ] at1777.com/99/index/open.html [运行时间：0.010779s][吞吐率：92.77req/s] [内存消耗：1,865.21kb] [文件加载：50]
[ error ] [8]未定义数组下标: 1

---------------------------------------------------------------
[ 2023-07-28T23:43:29+08:00 ] [ log ] at1777.com/99/index/open.html [运行时间：0.014440s][吞吐率：69.25req/s] [内存消耗：1,865.12kb] [文件加载：50]
[ error ] [8]未定义数组下标: 1

---------------------------------------------------------------
[ 2023-07-28T23:43:33+08:00 ] [ log ] at1777.com/99/index/open.html [运行时间：0.035148s][吞吐率：28.45req/s] [内存消耗：1,865.12kb] [文件加载：50]
[ error ] [8]未定义数组下标: 1

---------------------------------------------------------------
[ 2023-07-28T23:44:13+08:00 ] [ log ] at1777.com/99/ [运行时间：0.010883s][吞吐率：91.89req/s] [内存消耗：1,865.26kb] [文件加载：51]
[ error ] [8]未定义数组下标: 1

---------------------------------------------------------------
[ 2023-07-28T23:44:14+08:00 ] [ log ] at1777.com/99/favicon.ico [运行时间：0.028831s][吞吐率：34.68req/s] [内存消耗：1,650.74kb] [文件加载：44]
[ error ] [8]未定义数组下标: 1

---------------------------------------------------------------
[ 2023-07-28T23:44:15+08:00 ] [ log ] at1777.com/99/favicon.ico [运行时间：0.009353s][吞吐率：106.92req/s] [内存消耗：1,650.74kb] [文件加载：44]
[ error ] [8]未定义数组下标: 1

---------------------------------------------------------------
[ 2023-07-28T23:44:19+08:00 ] [ log ] at1777.com/99/ [运行时间：0.012070s][吞吐率：82.85req/s] [内存消耗：1,864.73kb] [文件加载：51]
[ error ] [8]未定义数组下标: 1

---------------------------------------------------------------
[ 2023-07-28T23:44:20+08:00 ] [ log ] at1777.com/99/favicon.ico [运行时间：0.009664s][吞吐率：103.48req/s] [内存消耗：1,650.74kb] [文件加载：44]
[ error ] [8]未定义数组下标: 1

---------------------------------------------------------------
[ 2023-07-28T23:44:23+08:00 ] [ log ] at1777.com/99/index/open.html [运行时间：0.021639s][吞吐率：46.21req/s] [内存消耗：1,865.13kb] [文件加载：50]
[ error ] [8]未定义数组下标: 1

---------------------------------------------------------------
[ 2023-07-28T23:44:40+08:00 ] [ log ] at1777.com/99/index/open.html [运行时间：0.013773s][吞吐率：72.61req/s] [内存消耗：1,865.13kb] [文件加载：50]
[ error ] [8]未定义数组下标: 1

---------------------------------------------------------------
[ 2023-07-28T23:44:51+08:00 ] [ log ] at1777.com/99/index/open.html [运行时间：0.011260s][吞吐率：88.81req/s] [内存消耗：1,865.12kb] [文件加载：50]
[ error ] [8]未定义数组下标: 1

---------------------------------------------------------------
[ 2023-07-28T23:45:34+08:00 ] [ log ] www.at1777.com/99/index/open.html [运行时间：0.036338s][吞吐率：27.52req/s] [内存消耗：1,865.66kb] [文件加载：50]
[ error ] [8]未定义数组下标: 1

---------------------------------------------------------------
[ 2023-07-28T23:47:07+08:00 ] [ log ] at1777.com/99/index/open.html [运行时间：0.011680s][吞吐率：85.62req/s] [内存消耗：1,865.12kb] [文件加载：50]
[ error ] [8]未定义数组下标: 1

---------------------------------------------------------------
[ 2023-07-28T23:49:44+08:00 ] [ log ] at1777.com/99/ [运行时间：0.011102s][吞吐率：90.07req/s] [内存消耗：1,864.80kb] [文件加载：51]
[ error ] [8]未定义数组下标: 1

---------------------------------------------------------------
[ 2023-07-28T23:49:45+08:00 ] [ log ] at1777.com/99/favicon.ico [运行时间：0.009479s][吞吐率：105.50req/s] [内存消耗：1,650.74kb] [文件加载：44]
[ error ] [8]未定义数组下标: 1

---------------------------------------------------------------
[ 2023-07-28T23:49:48+08:00 ] [ log ] at1777.com/99/index/open.html [运行时间：0.010762s][吞吐率：92.92req/s] [内存消耗：1,865.12kb] [文件加载：50]
[ error ] [8]未定义数组下标: 1

---------------------------------------------------------------
[ 2023-07-28T23:50:06+08:00 ] [ log ] at1777.com/99/ [运行时间：0.015786s][吞吐率：63.35req/s] [内存消耗：1,864.80kb] [文件加载：51]
[ error ] [8]未定义数组下标: 1

---------------------------------------------------------------
[ 2023-07-28T23:50:06+08:00 ] [ log ] at1777.com/99/favicon.ico [运行时间：0.009490s][吞吐率：105.37req/s] [内存消耗：1,650.74kb] [文件加载：44]
[ error ] [8]未定义数组下标: 1

---------------------------------------------------------------
[ 2023-07-28T23:50:08+08:00 ] [ log ] at1777.com/99/ [运行时间：0.010829s][吞吐率：92.34req/s] [内存消耗：1,864.80kb] [文件加载：51]
[ error ] [8]未定义数组下标: 1

---------------------------------------------------------------
[ 2023-07-28T23:50:08+08:00 ] [ log ] at1777.com/99/favicon.ico [运行时间：0.011074s][吞吐率：90.30req/s] [内存消耗：1,650.74kb] [文件加载：44]
[ error ] [8]未定义数组下标: 1

---------------------------------------------------------------
[ 2023-07-28T23:50:11+08:00 ] [ log ] at1777.com/99/ [运行时间：0.010764s][吞吐率：92.90req/s] [内存消耗：1,864.80kb] [文件加载：51]
[ error ] [8]未定义数组下标: 1

---------------------------------------------------------------
[ 2023-07-28T23:51:08+08:00 ] [ log ] at1777.com/99/ [运行时间：0.011122s][吞吐率：89.91req/s] [内存消耗：1,864.73kb] [文件加载：51]
[ error ] [8]未定义数组下标: 1

---------------------------------------------------------------
[ 2023-07-28T23:51:08+08:00 ] [ log ] at1777.com/99/favicon.ico [运行时间：0.009630s][吞吐率：103.84req/s] [内存消耗：1,650.74kb] [文件加载：44]
[ error ] [8]未定义数组下标: 1

---------------------------------------------------------------
[ 2023-07-28T23:51:11+08:00 ] [ log ] at1777.com/99/index/open.html [运行时间：0.013077s][吞吐率：76.47req/s] [内存消耗：1,865.12kb] [文件加载：50]
[ error ] [8]未定义数组下标: 1

---------------------------------------------------------------
[ 2023-07-28T23:51:28+08:00 ] [ log ] at1777.com/99/index/open.html [运行时间：0.011652s][吞吐率：85.82req/s] [内存消耗：1,865.12kb] [文件加载：50]
[ error ] [8]未定义数组下标: 1

---------------------------------------------------------------
[ 2023-07-28T23:53:48+08:00 ] [ log ] www.at1777.com/99/index/open.html [运行时间：0.018545s][吞吐率：53.92req/s] [内存消耗：1,865.13kb] [文件加载：50]
[ error ] [8]未定义数组下标: 1

---------------------------------------------------------------
