[ 2023-09-01T00:58:02+08:00 ] [ log ] at521.icu/99/ [运行时间：0.011109s][吞吐率：90.02req/s] [内存消耗：1,857.66kb] [文件加载：48]
[ error ] [8]Undefined offset: 1

---------------------------------------------------------------
[ 2023-09-01T00:58:03+08:00 ] [ log ] at521.icu/99/favicon.ico [运行时间：0.013927s][吞吐率：71.80req/s] [内存消耗：1,643.13kb] [文件加载：42]
[ error ] [8]Undefined offset: 1

---------------------------------------------------------------
[ 2023-09-01T03:47:27+08:00 ] [ log ] at888.icu/99/ [运行时间：0.033762s][吞吐率：29.62req/s] [内存消耗：1,865.34kb] [文件加载：51]
[ error ] [8]未定义数组下标: 1

---------------------------------------------------------------
[ 2023-09-01T03:47:28+08:00 ] [ log ] at888.icu/99/favicon.ico [运行时间：0.009867s][吞吐率：101.35req/s] [内存消耗：1,650.74kb] [文件加载：44]
[ error ] [8]未定义数组下标: 1

---------------------------------------------------------------
[ 2023-09-01T03:47:31+08:00 ] [ log ] at888.icu/99/index/open.html [运行时间：0.011326s][吞吐率：88.29req/s] [内存消耗：1,865.12kb] [文件加载：50]
[ error ] [8]未定义数组下标: 1

---------------------------------------------------------------
[ 2023-09-01T03:54:02+08:00 ] [ log ] at888.icu/99/ [运行时间：0.017987s][吞吐率：55.60req/s] [内存消耗：1,864.80kb] [文件加载：51]
[ error ] [8]未定义数组下标: 1

---------------------------------------------------------------
[ 2023-09-01T03:54:03+08:00 ] [ log ] at888.icu/99/favicon.ico [运行时间：0.009446s][吞吐率：105.86req/s] [内存消耗：1,650.74kb] [文件加载：44]
[ error ] [8]未定义数组下标: 1

---------------------------------------------------------------
[ 2023-09-01T08:15:33+08:00 ] [ log ] at521.icu/99/?uc_sm=1 [运行时间：0.016016s][吞吐率：62.44req/s] [内存消耗：1,865.97kb] [文件加载：51]
[ error ] [8]未定义数组下标: 1

---------------------------------------------------------------
[ 2023-09-01T08:15:34+08:00 ] [ log ] at521.icu/99/ [运行时间：0.011537s][吞吐率：86.68req/s] [内存消耗：1,865.34kb] [文件加载：51]
[ error ] [8]未定义数组下标: 1

---------------------------------------------------------------
[ 2023-09-01T08:15:36+08:00 ] [ log ] at521.icu/99/ [运行时间：0.010861s][吞吐率：92.07req/s] [内存消耗：1,865.34kb] [文件加载：51]
[ error ] [8]未定义数组下标: 1

---------------------------------------------------------------
[ 2023-09-01T08:15:36+08:00 ] [ log ] at521.icu/99/ [运行时间：0.010775s][吞吐率：92.81req/s] [内存消耗：1,865.34kb] [文件加载：51]
[ error ] [8]未定义数组下标: 1

---------------------------------------------------------------
[ 2023-09-01T08:15:39+08:00 ] [ log ] at521.icu/99/ [运行时间：0.021875s][吞吐率：45.71req/s] [内存消耗：1,865.34kb] [文件加载：51]
[ error ] [8]未定义数组下标: 1

---------------------------------------------------------------
[ 2023-09-01T08:15:41+08:00 ] [ log ] at521.icu/99/ [运行时间：0.011600s][吞吐率：86.21req/s] [内存消耗：1,865.34kb] [文件加载：51]
[ error ] [8]未定义数组下标: 1

---------------------------------------------------------------
[ 2023-09-01T08:15:41+08:00 ] [ log ] at521.icu/99/ [运行时间：0.011366s][吞吐率：87.98req/s] [内存消耗：1,865.34kb] [文件加载：51]
[ error ] [8]未定义数组下标: 1

---------------------------------------------------------------
[ 2023-09-01T08:15:41+08:00 ] [ log ] at521.icu/99/ [运行时间：0.011169s][吞吐率：89.53req/s] [内存消耗：1,865.34kb] [文件加载：51]
[ error ] [8]未定义数组下标: 1

---------------------------------------------------------------
[ 2023-09-01T08:15:41+08:00 ] [ log ] at521.icu/99/ [运行时间：0.010924s][吞吐率：91.54req/s] [内存消耗：1,865.34kb] [文件加载：51]
[ error ] [8]未定义数组下标: 1

---------------------------------------------------------------
[ 2023-09-01T08:15:41+08:00 ] [ log ] at521.icu/99/ [运行时间：0.010927s][吞吐率：91.52req/s] [内存消耗：1,865.34kb] [文件加载：51]
[ error ] [8]未定义数组下标: 1

---------------------------------------------------------------
[ 2023-09-01T08:15:41+08:00 ] [ log ] at521.icu/99/ [运行时间：0.010772s][吞吐率：92.83req/s] [内存消耗：1,865.34kb] [文件加载：51]
[ error ] [8]未定义数组下标: 1

---------------------------------------------------------------
[ 2023-09-01T08:15:41+08:00 ] [ log ] at521.icu/99/ [运行时间：0.010905s][吞吐率：91.70req/s] [内存消耗：1,865.34kb] [文件加载：51]
[ error ] [8]未定义数组下标: 1

---------------------------------------------------------------
[ 2023-09-01T08:15:42+08:00 ] [ log ] at521.icu/99/ [运行时间：0.010716s][吞吐率：93.32req/s] [内存消耗：1,865.34kb] [文件加载：51]
[ error ] [8]未定义数组下标: 1

---------------------------------------------------------------
[ 2023-09-01T08:15:42+08:00 ] [ log ] at521.icu/99/ [运行时间：0.010966s][吞吐率：91.19req/s] [内存消耗：1,865.34kb] [文件加载：51]
[ error ] [8]未定义数组下标: 1

---------------------------------------------------------------
[ 2023-09-01T08:15:42+08:00 ] [ log ] at521.icu/99/ [运行时间：0.011069s][吞吐率：90.34req/s] [内存消耗：1,865.34kb] [文件加载：51]
[ error ] [8]未定义数组下标: 1

---------------------------------------------------------------
[ 2023-09-01T08:15:43+08:00 ] [ log ] at521.icu/99/ [运行时间：0.011031s][吞吐率：90.65req/s] [内存消耗：1,865.34kb] [文件加载：51]
[ error ] [8]未定义数组下标: 1

---------------------------------------------------------------
[ 2023-09-01T08:15:43+08:00 ] [ log ] at521.icu/99/ [运行时间：0.011233s][吞吐率：89.02req/s] [内存消耗：1,865.34kb] [文件加载：51]
[ error ] [8]未定义数组下标: 1

---------------------------------------------------------------
[ 2023-09-01T08:15:43+08:00 ] [ log ] at521.icu/99/ [运行时间：0.011356s][吞吐率：88.06req/s] [内存消耗：1,865.34kb] [文件加载：51]
[ error ] [8]未定义数组下标: 1

---------------------------------------------------------------
[ 2023-09-01T08:15:43+08:00 ] [ log ] at521.icu/99/ [运行时间：0.011424s][吞吐率：87.53req/s] [内存消耗：1,865.34kb] [文件加载：51]
[ error ] [8]未定义数组下标: 1

---------------------------------------------------------------
[ 2023-09-01T08:15:43+08:00 ] [ log ] at521.icu/99/ [运行时间：0.010995s][吞吐率：90.95req/s] [内存消耗：1,865.34kb] [文件加载：51]
[ error ] [8]未定义数组下标: 1

---------------------------------------------------------------
[ 2023-09-01T08:15:44+08:00 ] [ log ] at521.icu/99/ [运行时间：0.011279s][吞吐率：88.66req/s] [内存消耗：1,865.34kb] [文件加载：51]
[ error ] [8]未定义数组下标: 1

---------------------------------------------------------------
[ 2023-09-01T08:15:44+08:00 ] [ log ] at521.icu/99/ [运行时间：0.010679s][吞吐率：93.64req/s] [内存消耗：1,865.34kb] [文件加载：51]
[ error ] [8]未定义数组下标: 1

---------------------------------------------------------------
[ 2023-09-01T08:15:44+08:00 ] [ log ] at521.icu/99/ [运行时间：0.010938s][吞吐率：91.42req/s] [内存消耗：1,865.34kb] [文件加载：51]
[ error ] [8]未定义数组下标: 1

---------------------------------------------------------------
[ 2023-09-01T08:15:45+08:00 ] [ log ] at521.icu/99/ [运行时间：0.011184s][吞吐率：89.41req/s] [内存消耗：1,865.34kb] [文件加载：51]
[ error ] [8]未定义数组下标: 1

---------------------------------------------------------------
[ 2023-09-01T08:15:45+08:00 ] [ log ] at521.icu/99/ [运行时间：0.010655s][吞吐率：93.85req/s] [内存消耗：1,865.34kb] [文件加载：51]
[ error ] [8]未定义数组下标: 1

---------------------------------------------------------------
[ 2023-09-01T08:15:45+08:00 ] [ log ] at521.icu/99/ [运行时间：0.010890s][吞吐率：91.83req/s] [内存消耗：1,865.34kb] [文件加载：51]
[ error ] [8]未定义数组下标: 1

---------------------------------------------------------------
[ 2023-09-01T08:15:45+08:00 ] [ log ] at521.icu/99/ [运行时间：0.011055s][吞吐率：90.46req/s] [内存消耗：1,865.34kb] [文件加载：51]
[ error ] [8]未定义数组下标: 1

---------------------------------------------------------------
[ 2023-09-01T08:15:45+08:00 ] [ log ] at521.icu/99/ [运行时间：0.011641s][吞吐率：85.90req/s] [内存消耗：1,865.34kb] [文件加载：51]
[ error ] [8]未定义数组下标: 1

---------------------------------------------------------------
[ 2023-09-01T08:15:45+08:00 ] [ log ] at521.icu/99/ [运行时间：0.011479s][吞吐率：87.12req/s] [内存消耗：1,865.34kb] [文件加载：51]
[ error ] [8]未定义数组下标: 1

---------------------------------------------------------------
[ 2023-09-01T08:15:45+08:00 ] [ log ] at521.icu/99/ [运行时间：0.015807s][吞吐率：63.26req/s] [内存消耗：1,865.34kb] [文件加载：51]
[ error ] [8]未定义数组下标: 1

---------------------------------------------------------------
[ 2023-09-01T08:15:45+08:00 ] [ log ] at521.icu/99/ [运行时间：0.010943s][吞吐率：91.38req/s] [内存消耗：1,865.34kb] [文件加载：51]
[ error ] [8]未定义数组下标: 1

---------------------------------------------------------------
[ 2023-09-01T08:16:03+08:00 ] [ log ] at521.icu/99/?uc_sm=1 [运行时间：0.011610s][吞吐率：86.13req/s] [内存消耗：1,865.97kb] [文件加载：51]
[ error ] [8]未定义数组下标: 1

---------------------------------------------------------------
[ 2023-09-01T08:27:15+08:00 ] [ log ] at521.icu/99/?uc_sm=1&from=wh10331 [运行时间：0.012849s][吞吐率：77.83req/s] [内存消耗：1,865.98kb] [文件加载：51]
[ error ] [8]未定义数组下标: 1

---------------------------------------------------------------
[ 2023-09-01T08:27:17+08:00 ] [ log ] at521.icu/99/ [运行时间：0.011422s][吞吐率：87.55req/s] [内存消耗：1,865.34kb] [文件加载：51]
[ error ] [8]未定义数组下标: 1

---------------------------------------------------------------
[ 2023-09-01T09:09:29+08:00 ] [ log ] at1666.com/99/ [运行时间：0.011066s][吞吐率：90.37req/s] [内存消耗：1,865.34kb] [文件加载：51]
[ error ] [8]未定义数组下标: 1

---------------------------------------------------------------
[ 2023-09-01T09:09:30+08:00 ] [ log ] at1666.com/99/favicon.ico [运行时间：0.013578s][吞吐率：73.65req/s] [内存消耗：1,650.74kb] [文件加载：44]
[ error ] [8]未定义数组下标: 1

---------------------------------------------------------------
[ 2023-09-01T09:09:32+08:00 ] [ log ] at1666.com/99/index/open.html [运行时间：0.015006s][吞吐率：66.64req/s] [内存消耗：1,865.12kb] [文件加载：50]
[ error ] [8]未定义数组下标: 1

---------------------------------------------------------------
[ 2023-09-01T09:31:25+08:00 ] [ log ] at1666.com/99/ [运行时间：0.011226s][吞吐率：89.08req/s] [内存消耗：1,864.80kb] [文件加载：51]
[ error ] [8]未定义数组下标: 1

---------------------------------------------------------------
[ 2023-09-01T09:46:02+08:00 ] [ log ] at888.icu/99/ [运行时间：0.010922s][吞吐率：91.56req/s] [内存消耗：1,865.34kb] [文件加载：51]
[ error ] [8]未定义数组下标: 1

---------------------------------------------------------------
[ 2023-09-01T09:46:03+08:00 ] [ log ] at888.icu/99/favicon.ico [运行时间：0.009540s][吞吐率：104.82req/s] [内存消耗：1,650.74kb] [文件加载：44]
[ error ] [8]未定义数组下标: 1

---------------------------------------------------------------
[ 2023-09-01T09:46:05+08:00 ] [ log ] at888.icu/99/index/open.html [运行时间：0.011067s][吞吐率：90.36req/s] [内存消耗：1,865.12kb] [文件加载：50]
[ error ] [8]未定义数组下标: 1

---------------------------------------------------------------
[ 2023-09-01T10:13:56+08:00 ] [ log ] at521.icu/99/ [运行时间：0.013113s][吞吐率：76.26req/s] [内存消耗：1,865.34kb] [文件加载：51]
[ error ] [8]未定义数组下标: 1

---------------------------------------------------------------
[ 2023-09-01T10:13:56+08:00 ] [ log ] at521.icu/99/ [运行时间：0.010729s][吞吐率：93.20req/s] [内存消耗：1,865.34kb] [文件加载：51]
[ error ] [8]未定义数组下标: 1

---------------------------------------------------------------
[ 2023-09-01T10:14:03+08:00 ] [ log ] at521.icu/99/ [运行时间：0.011126s][吞吐率：89.88req/s] [内存消耗：1,865.34kb] [文件加载：51]
[ error ] [8]未定义数组下标: 1

---------------------------------------------------------------
[ 2023-09-01T10:14:03+08:00 ] [ log ] at521.icu/99/ [运行时间：0.016363s][吞吐率：61.11req/s] [内存消耗：1,865.34kb] [文件加载：51]
[ error ] [8]未定义数组下标: 1

---------------------------------------------------------------
[ 2023-09-01T10:14:04+08:00 ] [ log ] at521.icu/99/favicon.ico [运行时间：0.009535s][吞吐率：104.88req/s] [内存消耗：1,650.74kb] [文件加载：44]
[ error ] [8]未定义数组下标: 1

---------------------------------------------------------------
[ 2023-09-01T10:23:53+08:00 ] [ log ] at521.icu/99/ [运行时间：0.016210s][吞吐率：61.69req/s] [内存消耗：1,865.34kb] [文件加载：51]
[ error ] [8]未定义数组下标: 1

---------------------------------------------------------------
[ 2023-09-01T10:23:54+08:00 ] [ log ] at521.icu/99/favicon.ico [运行时间：0.009446s][吞吐率：105.87req/s] [内存消耗：1,650.74kb] [文件加载：44]
[ error ] [8]未定义数组下标: 1

---------------------------------------------------------------
[ 2023-09-01T10:23:58+08:00 ] [ log ] at521.icu/99/index/open.html [运行时间：0.010563s][吞吐率：94.67req/s] [内存消耗：1,865.12kb] [文件加载：50]
[ error ] [8]未定义数组下标: 1

---------------------------------------------------------------
[ 2023-09-01T11:12:57+08:00 ] [ log ] at521.icu/99/ [运行时间：0.010864s][吞吐率：92.05req/s] [内存消耗：1,864.80kb] [文件加载：51]
[ error ] [8]未定义数组下标: 1

---------------------------------------------------------------
[ 2023-09-01T11:12:59+08:00 ] [ log ] at521.icu/99/ [运行时间：0.022148s][吞吐率：45.15req/s] [内存消耗：1,864.80kb] [文件加载：51]
[ error ] [8]未定义数组下标: 1

---------------------------------------------------------------
[ 2023-09-01T11:13:00+08:00 ] [ log ] at521.icu/99/favicon.ico [运行时间：0.009341s][吞吐率：107.05req/s] [内存消耗：1,650.74kb] [文件加载：44]
[ error ] [8]未定义数组下标: 1

---------------------------------------------------------------
[ 2023-09-01T11:31:19+08:00 ] [ log ] at666.icu/99/index/open.html [运行时间：0.028278s][吞吐率：35.36req/s] [内存消耗：1,865.65kb] [文件加载：50]
[ error ] [8]未定义数组下标: 1

---------------------------------------------------------------
[ 2023-09-01T11:33:20+08:00 ] [ log ] at1666.com/99/ [运行时间：0.010930s][吞吐率：91.49req/s] [内存消耗：1,865.34kb] [文件加载：51]
[ error ] [8]未定义数组下标: 1

---------------------------------------------------------------
[ 2023-09-01T11:33:21+08:00 ] [ log ] at1666.com/99/favicon.ico [运行时间：0.010066s][吞吐率：99.34req/s] [内存消耗：1,650.74kb] [文件加载：44]
[ error ] [8]未定义数组下标: 1

---------------------------------------------------------------
[ 2023-09-01T11:33:23+08:00 ] [ log ] at1666.com/99/index/open.html [运行时间：0.011315s][吞吐率：88.38req/s] [内存消耗：1,865.12kb] [文件加载：50]
[ error ] [8]未定义数组下标: 1

---------------------------------------------------------------
[ 2023-09-01T11:35:51+08:00 ] [ log ] at888.icu/99/ [运行时间：0.013699s][吞吐率：73.00req/s] [内存消耗：1,865.34kb] [文件加载：51]
[ error ] [8]未定义数组下标: 1

---------------------------------------------------------------
[ 2023-09-01T11:35:52+08:00 ] [ log ] at888.icu/99/favicon.ico [运行时间：0.010401s][吞吐率：96.14req/s] [内存消耗：1,650.74kb] [文件加载：44]
[ error ] [8]未定义数组下标: 1

---------------------------------------------------------------
[ 2023-09-01T11:35:53+08:00 ] [ log ] at888.icu/99/index/open.html [运行时间：0.010805s][吞吐率：92.55req/s] [内存消耗：1,865.12kb] [文件加载：50]
[ error ] [8]未定义数组下标: 1

---------------------------------------------------------------
[ 2023-09-01T12:10:47+08:00 ] [ log ] at888.icu/99/ [运行时间：0.010926s][吞吐率：91.52req/s] [内存消耗：1,865.34kb] [文件加载：51]
[ error ] [8]未定义数组下标: 1

---------------------------------------------------------------
[ 2023-09-01T12:10:48+08:00 ] [ log ] at888.icu/99/favicon.ico [运行时间：0.009676s][吞吐率：103.35req/s] [内存消耗：1,650.74kb] [文件加载：44]
[ error ] [8]未定义数组下标: 1

---------------------------------------------------------------
[ 2023-09-01T12:10:51+08:00 ] [ log ] at888.icu/99/index/open.html [运行时间：0.025600s][吞吐率：39.06req/s] [内存消耗：1,865.12kb] [文件加载：50]
[ error ] [8]未定义数组下标: 1

---------------------------------------------------------------
[ 2023-09-01T12:34:22+08:00 ] [ log ] at521.icu/99/index/open.html [运行时间：0.011934s][吞吐率：83.80req/s] [内存消耗：1,865.65kb] [文件加载：50]
[ error ] [8]未定义数组下标: 1

---------------------------------------------------------------
[ 2023-09-01T12:34:22+08:00 ] [ log ] at521.icu/99/index/open.html [运行时间：0.010624s][吞吐率：94.13req/s] [内存消耗：1,865.65kb] [文件加载：50]
[ error ] [8]未定义数组下标: 1

---------------------------------------------------------------
[ 2023-09-01T12:42:48+08:00 ] [ log ] at666.icu/99/index/open.html [运行时间：0.011226s][吞吐率：89.08req/s] [内存消耗：1,865.65kb] [文件加载：50]
[ error ] [8]未定义数组下标: 1

---------------------------------------------------------------
[ 2023-09-01T12:46:51+08:00 ] [ log ] at521.icu/99/ [运行时间：0.010709s][吞吐率：93.38req/s] [内存消耗：1,864.80kb] [文件加载：51]
[ error ] [8]未定义数组下标: 1

---------------------------------------------------------------
[ 2023-09-01T12:46:52+08:00 ] [ log ] at521.icu/99/favicon.ico [运行时间：0.009404s][吞吐率：106.34req/s] [内存消耗：1,650.74kb] [文件加载：44]
[ error ] [8]未定义数组下标: 1

---------------------------------------------------------------
[ 2023-09-01T13:01:53+08:00 ] [ log ] at888.icu/99/ [运行时间：0.011064s][吞吐率：90.38req/s] [内存消耗：1,865.34kb] [文件加载：51]
[ error ] [8]未定义数组下标: 1

---------------------------------------------------------------
[ 2023-09-01T13:01:55+08:00 ] [ log ] at888.icu/99/favicon.ico [运行时间：0.014142s][吞吐率：70.71req/s] [内存消耗：1,650.74kb] [文件加载：44]
[ error ] [8]未定义数组下标: 1

---------------------------------------------------------------
[ 2023-09-01T13:01:58+08:00 ] [ log ] at888.icu/99/index/open.html [运行时间：0.010956s][吞吐率：91.27req/s] [内存消耗：1,865.12kb] [文件加载：50]
[ error ] [8]未定义数组下标: 1

---------------------------------------------------------------
[ 2023-09-01T13:02:55+08:00 ] [ log ] at521.icu/99/ [运行时间：0.018895s][吞吐率：52.92req/s] [内存消耗：1,865.34kb] [文件加载：51]
[ error ] [8]未定义数组下标: 1

---------------------------------------------------------------
[ 2023-09-01T13:02:56+08:00 ] [ log ] at521.icu/99/favicon.ico [运行时间：0.010079s][吞吐率：99.21req/s] [内存消耗：1,650.74kb] [文件加载：44]
[ error ] [8]未定义数组下标: 1

---------------------------------------------------------------
[ 2023-09-01T13:02:58+08:00 ] [ log ] at521.icu/99/index/open.html [运行时间：0.013711s][吞吐率：72.93req/s] [内存消耗：1,865.12kb] [文件加载：50]
[ error ] [8]未定义数组下标: 1

---------------------------------------------------------------
[ 2023-09-01T13:05:50+08:00 ] [ log ] at1666.com/99/ [运行时间：0.011354s][吞吐率：88.07req/s] [内存消耗：1,865.34kb] [文件加载：51]
[ error ] [8]未定义数组下标: 1

---------------------------------------------------------------
[ 2023-09-01T13:05:52+08:00 ] [ log ] at1666.com/99/favicon.ico [运行时间：0.010076s][吞吐率：99.25req/s] [内存消耗：1,650.74kb] [文件加载：44]
[ error ] [8]未定义数组下标: 1

---------------------------------------------------------------
[ 2023-09-01T13:05:56+08:00 ] [ log ] at1666.com/99/index/open.html [运行时间：0.011552s][吞吐率：86.56req/s] [内存消耗：1,865.12kb] [文件加载：50]
[ error ] [8]未定义数组下标: 1

---------------------------------------------------------------
[ 2023-09-01T13:06:17+08:00 ] [ log ] at888.icu/99/ [运行时间：0.014858s][吞吐率：67.30req/s] [内存消耗：1,865.34kb] [文件加载：51]
[ error ] [8]未定义数组下标: 1

---------------------------------------------------------------
[ 2023-09-01T13:06:18+08:00 ] [ log ] at888.icu/99/favicon.ico [运行时间：0.011389s][吞吐率：87.81req/s] [内存消耗：1,650.74kb] [文件加载：44]
[ error ] [8]未定义数组下标: 1

---------------------------------------------------------------
[ 2023-09-01T13:06:20+08:00 ] [ log ] at888.icu/99/index/open.html [运行时间：0.010556s][吞吐率：94.73req/s] [内存消耗：1,865.12kb] [文件加载：50]
[ error ] [8]未定义数组下标: 1

---------------------------------------------------------------
[ 2023-09-01T13:09:39+08:00 ] [ log ] at888.icu/99/ [运行时间：0.014893s][吞吐率：67.15req/s] [内存消耗：1,864.80kb] [文件加载：51]
[ error ] [8]未定义数组下标: 1

---------------------------------------------------------------
[ 2023-09-01T13:09:40+08:00 ] [ log ] at888.icu/99/favicon.ico [运行时间：0.024677s][吞吐率：40.52req/s] [内存消耗：1,650.74kb] [文件加载：44]
[ error ] [8]未定义数组下标: 1

---------------------------------------------------------------
[ 2023-09-01T13:28:44+08:00 ] [ log ] at888.icu/99/ [运行时间：0.012038s][吞吐率：83.07req/s] [内存消耗：1,864.80kb] [文件加载：51]
[ error ] [8]未定义数组下标: 1

---------------------------------------------------------------
[ 2023-09-01T13:28:48+08:00 ] [ log ] at888.icu/99/favicon.ico [运行时间：0.009330s][吞吐率：107.18req/s] [内存消耗：1,650.74kb] [文件加载：44]
[ error ] [8]未定义数组下标: 1

---------------------------------------------------------------
[ 2023-09-01T13:28:53+08:00 ] [ log ] at888.icu/99/index/open.html [运行时间：0.024663s][吞吐率：40.55req/s] [内存消耗：1,865.12kb] [文件加载：50]
[ error ] [8]未定义数组下标: 1

---------------------------------------------------------------
[ 2023-09-01T16:23:27+08:00 ] [ log ] at521.icu/99/ [运行时间：0.015254s][吞吐率：65.56req/s] [内存消耗：1,865.34kb] [文件加载：51]
[ error ] [8]未定义数组下标: 1

---------------------------------------------------------------
[ 2023-09-01T16:23:32+08:00 ] [ log ] at521.icu/99/index/open.html [运行时间：0.011267s][吞吐率：88.76req/s] [内存消耗：1,865.12kb] [文件加载：50]
[ error ] [8]未定义数组下标: 1

---------------------------------------------------------------
[ 2023-09-01T16:36:57+08:00 ] [ log ] at521.icu/99/ [运行时间：0.010833s][吞吐率：92.31req/s] [内存消耗：1,865.34kb] [文件加载：51]
[ error ] [8]未定义数组下标: 1

---------------------------------------------------------------
[ 2023-09-01T16:36:58+08:00 ] [ log ] at521.icu/99/ [运行时间：0.010834s][吞吐率：92.30req/s] [内存消耗：1,865.34kb] [文件加载：51]
[ error ] [8]未定义数组下标: 1

---------------------------------------------------------------
[ 2023-09-01T16:36:59+08:00 ] [ log ] at521.icu/99/favicon.ico [运行时间：0.009263s][吞吐率：107.96req/s] [内存消耗：1,650.74kb] [文件加载：44]
[ error ] [8]未定义数组下标: 1

---------------------------------------------------------------
[ 2023-09-01T16:37:17+08:00 ] [ log ] at521.icu/99/index/open.html [运行时间：0.018587s][吞吐率：53.80req/s] [内存消耗：1,865.12kb] [文件加载：50]
[ error ] [8]未定义数组下标: 1

---------------------------------------------------------------
[ 2023-09-01T17:25:33+08:00 ] [ log ] at521.icu/99/ [运行时间：0.011223s][吞吐率：89.10req/s] [内存消耗：1,864.80kb] [文件加载：51]
[ error ] [8]未定义数组下标: 1

---------------------------------------------------------------
[ 2023-09-01T17:25:44+08:00 ] [ log ] at521.icu/99/?uc_sm=1&from=wh10331 [运行时间：0.011361s][吞吐率：88.02req/s] [内存消耗：1,865.45kb] [文件加载：51]
[ error ] [8]未定义数组下标: 1

---------------------------------------------------------------
[ 2023-09-01T17:25:49+08:00 ] [ log ] at521.icu/99/index/open.html [运行时间：0.011016s][吞吐率：90.78req/s] [内存消耗：1,865.12kb] [文件加载：50]
[ error ] [8]未定义数组下标: 1

---------------------------------------------------------------
[ 2023-09-01T17:34:56+08:00 ] [ log ] at1666.com/99/ [运行时间：0.011720s][吞吐率：85.32req/s] [内存消耗：1,865.34kb] [文件加载：51]
[ error ] [8]未定义数组下标: 1

---------------------------------------------------------------
[ 2023-09-01T17:34:58+08:00 ] [ log ] at1666.com/99/favicon.ico [运行时间：0.009833s][吞吐率：101.70req/s] [内存消耗：1,650.74kb] [文件加载：44]
[ error ] [8]未定义数组下标: 1

---------------------------------------------------------------
[ 2023-09-01T17:35:00+08:00 ] [ log ] at1666.com/99/index/open.html [运行时间：0.032648s][吞吐率：30.63req/s] [内存消耗：1,865.12kb] [文件加载：50]
[ error ] [8]未定义数组下标: 1

---------------------------------------------------------------
[ 2023-09-01T18:31:23+08:00 ] [ log ] at521.icu/99/ [运行时间：0.011063s][吞吐率：90.39req/s] [内存消耗：1,865.34kb] [文件加载：51]
[ error ] [8]未定义数组下标: 1

---------------------------------------------------------------
[ 2023-09-01T18:31:24+08:00 ] [ log ] at521.icu/99/favicon.ico [运行时间：0.013352s][吞吐率：74.89req/s] [内存消耗：1,650.74kb] [文件加载：44]
[ error ] [8]未定义数组下标: 1

---------------------------------------------------------------
[ 2023-09-01T18:31:27+08:00 ] [ log ] at521.icu/99/index/open.html [运行时间：0.010837s][吞吐率：92.28req/s] [内存消耗：1,865.12kb] [文件加载：50]
[ error ] [8]未定义数组下标: 1

---------------------------------------------------------------
[ 2023-09-01T18:47:19+08:00 ] [ log ] at521.icu/99/ [运行时间：0.013317s][吞吐率：75.09req/s] [内存消耗：1,865.34kb] [文件加载：51]
[ error ] [8]未定义数组下标: 1

---------------------------------------------------------------
[ 2023-09-01T18:47:32+08:00 ] [ log ] at521.icu/99/ [运行时间：0.010785s][吞吐率：92.72req/s] [内存消耗：1,865.34kb] [文件加载：51]
[ error ] [8]未定义数组下标: 1

---------------------------------------------------------------
[ 2023-09-01T18:47:38+08:00 ] [ log ] at521.icu/99/favicon.ico [运行时间：0.009377s][吞吐率：106.64req/s] [内存消耗：1,650.74kb] [文件加载：44]
[ error ] [8]未定义数组下标: 1

---------------------------------------------------------------
[ 2023-09-01T18:47:50+08:00 ] [ log ] at521.icu/99/index/open.html [运行时间：0.010981s][吞吐率：91.07req/s] [内存消耗：1,865.12kb] [文件加载：50]
[ error ] [8]未定义数组下标: 1

---------------------------------------------------------------
[ 2023-09-01T18:47:58+08:00 ] [ log ] at521.icu/99/favicon.ico [运行时间：0.009172s][吞吐率：109.03req/s] [内存消耗：1,650.74kb] [文件加载：44]
[ error ] [8]未定义数组下标: 1

---------------------------------------------------------------
[ 2023-09-01T19:04:33+08:00 ] [ log ] at521.icu/99/ [运行时间：0.011366s][吞吐率：87.98req/s] [内存消耗：1,864.80kb] [文件加载：51]
[ error ] [8]未定义数组下标: 1

---------------------------------------------------------------
[ 2023-09-01T19:04:34+08:00 ] [ log ] at521.icu/99/favicon.ico [运行时间：0.015535s][吞吐率：64.37req/s] [内存消耗：1,650.74kb] [文件加载：44]
[ error ] [8]未定义数组下标: 1

---------------------------------------------------------------
[ 2023-09-01T19:04:37+08:00 ] [ log ] at521.icu/99/index/open.html [运行时间：0.011328s][吞吐率：88.28req/s] [内存消耗：1,865.12kb] [文件加载：50]
[ error ] [8]未定义数组下标: 1

---------------------------------------------------------------
[ 2023-09-01T19:56:12+08:00 ] [ log ] asd123111.icu/99/?uc_sm=1 [运行时间：0.010760s][吞吐率：92.94req/s] [内存消耗：1,865.98kb] [文件加载：51]
[ error ] [8]未定义数组下标: 1

---------------------------------------------------------------
[ 2023-09-01T19:56:12+08:00 ] [ log ] asd123111.icu/99/ [运行时间：0.011308s][吞吐率：88.43req/s] [内存消耗：1,865.34kb] [文件加载：51]
[ error ] [8]未定义数组下标: 1

---------------------------------------------------------------
[ 2023-09-01T19:57:24+08:00 ] [ log ] asd123111.icu/99/images/favicon.ico [运行时间：0.009962s][吞吐率：100.38req/s] [内存消耗：1,650.84kb] [文件加载：44]
[ error ] [8]未定义数组下标: 1

---------------------------------------------------------------
[ 2023-09-01T19:57:28+08:00 ] [ log ] asd123111.icu/99/ [运行时间：0.010676s][吞吐率：93.67req/s] [内存消耗：1,864.81kb] [文件加载：51]
[ error ] [8]未定义数组下标: 1

---------------------------------------------------------------
[ 2023-09-01T19:57:28+08:00 ] [ log ] asd123111.icu/99/favicon.ico [运行时间：0.010131s][吞吐率：98.71req/s] [内存消耗：1,650.74kb] [文件加载：44]
[ error ] [8]未定义数组下标: 1

---------------------------------------------------------------
[ 2023-09-01T19:57:30+08:00 ] [ log ] asd123111.icu/99/index/open.html [运行时间：0.010681s][吞吐率：93.62req/s] [内存消耗：1,865.13kb] [文件加载：50]
[ error ] [8]未定义数组下标: 1

---------------------------------------------------------------
[ 2023-09-01T20:00:37+08:00 ] [ log ] at521.icu/99/ [运行时间：0.010755s][吞吐率：92.98req/s] [内存消耗：1,865.34kb] [文件加载：51]
[ error ] [8]未定义数组下标: 1

---------------------------------------------------------------
[ 2023-09-01T20:00:39+08:00 ] [ log ] at521.icu/99/favicon.ico [运行时间：0.009524s][吞吐率：105.00req/s] [内存消耗：1,650.74kb] [文件加载：44]
[ error ] [8]未定义数组下标: 1

---------------------------------------------------------------
[ 2023-09-01T20:00:41+08:00 ] [ log ] at521.icu/99/index/open.html [运行时间：0.011439s][吞吐率：87.42req/s] [内存消耗：1,865.12kb] [文件加载：50]
[ error ] [8]未定义数组下标: 1

---------------------------------------------------------------
[ 2023-09-01T20:01:41+08:00 ] [ log ] at888.icu/99/ [运行时间：0.010992s][吞吐率：90.97req/s] [内存消耗：1,865.34kb] [文件加载：51]
[ error ] [8]未定义数组下标: 1

---------------------------------------------------------------
[ 2023-09-01T20:01:46+08:00 ] [ log ] at888.icu/99/favicon.ico [运行时间：0.013939s][吞吐率：71.74req/s] [内存消耗：1,650.74kb] [文件加载：44]
[ error ] [8]未定义数组下标: 1

---------------------------------------------------------------
[ 2023-09-01T20:01:51+08:00 ] [ log ] at888.icu/99/index/open.html [运行时间：0.018236s][吞吐率：54.84req/s] [内存消耗：1,865.12kb] [文件加载：50]
[ error ] [8]未定义数组下标: 1

---------------------------------------------------------------
[ 2023-09-01T20:02:00+08:00 ] [ log ] at888.icu/99/ [运行时间：0.010520s][吞吐率：95.06req/s] [内存消耗：1,865.34kb] [文件加载：51]
[ error ] [8]未定义数组下标: 1

---------------------------------------------------------------
[ 2023-09-01T20:02:20+08:00 ] [ log ] at888.icu/99/ [运行时间：0.022859s][吞吐率：43.75req/s] [内存消耗：1,865.34kb] [文件加载：51]
[ error ] [8]未定义数组下标: 1

---------------------------------------------------------------
[ 2023-09-01T20:02:25+08:00 ] [ log ] at888.icu/99/favicon.ico [运行时间：0.011340s][吞吐率：88.18req/s] [内存消耗：1,650.74kb] [文件加载：44]
[ error ] [8]未定义数组下标: 1

---------------------------------------------------------------
[ 2023-09-01T20:02:29+08:00 ] [ log ] at888.icu/99/index/open.html [运行时间：0.010718s][吞吐率：93.30req/s] [内存消耗：1,865.12kb] [文件加载：50]
[ error ] [8]未定义数组下标: 1

---------------------------------------------------------------
[ 2023-09-01T20:26:59+08:00 ] [ log ] at888.icu/99/ [运行时间：0.014219s][吞吐率：70.33req/s] [内存消耗：1,864.80kb] [文件加载：51]
[ error ] [8]未定义数组下标: 1

---------------------------------------------------------------
[ 2023-09-01T20:27:00+08:00 ] [ log ] at888.icu/99/favicon.ico [运行时间：0.010282s][吞吐率：97.26req/s] [内存消耗：1,650.74kb] [文件加载：44]
[ error ] [8]未定义数组下标: 1

---------------------------------------------------------------
[ 2023-09-01T20:27:04+08:00 ] [ log ] at888.icu/99/index/open.html [运行时间：0.011238s][吞吐率：88.98req/s] [内存消耗：1,865.12kb] [文件加载：50]
[ error ] [8]未定义数组下标: 1

---------------------------------------------------------------
[ 2023-09-01T20:38:01+08:00 ] [ log ] at1666.com/99/ [运行时间：0.010909s][吞吐率：91.67req/s] [内存消耗：1,865.34kb] [文件加载：51]
[ error ] [8]未定义数组下标: 1

---------------------------------------------------------------
[ 2023-09-01T20:38:04+08:00 ] [ log ] at1666.com/99/favicon.ico [运行时间：0.016097s][吞吐率：62.12req/s] [内存消耗：1,650.74kb] [文件加载：44]
[ error ] [8]未定义数组下标: 1

---------------------------------------------------------------
[ 2023-09-01T20:38:07+08:00 ] [ log ] at1666.com/99/index/open.html [运行时间：0.010822s][吞吐率：92.40req/s] [内存消耗：1,865.12kb] [文件加载：50]
[ error ] [8]未定义数组下标: 1

---------------------------------------------------------------
[ 2023-09-01T21:38:26+08:00 ] [ log ] at888.icu/99/ [运行时间：0.014211s][吞吐率：70.37req/s] [内存消耗：1,865.34kb] [文件加载：51]
[ error ] [8]未定义数组下标: 1

---------------------------------------------------------------
[ 2023-09-01T21:38:30+08:00 ] [ log ] at888.icu/99/favicon.ico [运行时间：0.009518s][吞吐率：105.06req/s] [内存消耗：1,650.74kb] [文件加载：44]
[ error ] [8]未定义数组下标: 1

---------------------------------------------------------------
[ 2023-09-01T21:38:33+08:00 ] [ log ] at888.icu/99/index/open.html [运行时间：0.032973s][吞吐率：30.33req/s] [内存消耗：1,865.12kb] [文件加载：50]
[ error ] [8]未定义数组下标: 1

---------------------------------------------------------------
[ 2023-09-01T22:02:15+08:00 ] [ log ] at521.icu/99/ [运行时间：0.010873s][吞吐率：91.97req/s] [内存消耗：1,865.34kb] [文件加载：51]
[ error ] [8]未定义数组下标: 1

---------------------------------------------------------------
[ 2023-09-01T22:02:17+08:00 ] [ log ] at521.icu/99/favicon.ico [运行时间：0.013641s][吞吐率：73.31req/s] [内存消耗：1,650.74kb] [文件加载：44]
[ error ] [8]未定义数组下标: 1

---------------------------------------------------------------
