[ 2023-09-02T03:25:01+08:00 ] [ log ] at521.icu/99/ [运行时间：0.014472s][吞吐率：69.10req/s] [内存消耗：1,865.34kb] [文件加载：51]
[ error ] [8]未定义数组下标: 1

---------------------------------------------------------------
[ 2023-09-02T03:25:02+08:00 ] [ log ] at521.icu/99/favicon.ico [运行时间：0.009257s][吞吐率：108.03req/s] [内存消耗：1,650.74kb] [文件加载：44]
[ error ] [8]未定义数组下标: 1

---------------------------------------------------------------
[ 2023-09-02T03:25:13+08:00 ] [ log ] at521.icu/99/index/open.html [运行时间：0.011302s][吞吐率：88.48req/s] [内存消耗：1,865.12kb] [文件加载：50]
[ error ] [8]未定义数组下标: 1

---------------------------------------------------------------
[ 2023-09-02T04:49:58+08:00 ] [ log ] at521.icu/99/ [运行时间：0.010968s][吞吐率：91.17req/s] [内存消耗：1,865.34kb] [文件加载：51]
[ error ] [8]未定义数组下标: 1

---------------------------------------------------------------
[ 2023-09-02T04:50:09+08:00 ] [ log ] at521.icu/99/index/open.html [运行时间：0.032567s][吞吐率：30.71req/s] [内存消耗：1,865.12kb] [文件加载：50]
[ error ] [8]未定义数组下标: 1

---------------------------------------------------------------
[ 2023-09-02T04:50:32+08:00 ] [ log ] at521.icu/99/ [运行时间：0.017310s][吞吐率：57.77req/s] [内存消耗：1,864.80kb] [文件加载：51]
[ error ] [8]未定义数组下标: 1

---------------------------------------------------------------
[ 2023-09-02T04:50:33+08:00 ] [ log ] at521.icu/99/favicon.ico [运行时间：0.015765s][吞吐率：63.43req/s] [内存消耗：1,650.74kb] [文件加载：44]
[ error ] [8]未定义数组下标: 1

---------------------------------------------------------------
[ 2023-09-02T04:53:16+08:00 ] [ log ] at521.icu/99/index/open.html [运行时间：0.013811s][吞吐率：72.41req/s] [内存消耗：1,865.12kb] [文件加载：50]
[ error ] [8]未定义数组下标: 1

---------------------------------------------------------------
[ 2023-09-02T05:17:25+08:00 ] [ log ] at777.icu/99/ [运行时间：0.010861s][吞吐率：92.07req/s] [内存消耗：1,865.34kb] [文件加载：51]
[ error ] [8]未定义数组下标: 1

---------------------------------------------------------------
[ 2023-09-02T05:17:29+08:00 ] [ log ] at777.icu/99/favicon.ico [运行时间：0.016004s][吞吐率：62.48req/s] [内存消耗：1,650.74kb] [文件加载：44]
[ error ] [8]未定义数组下标: 1

---------------------------------------------------------------
[ 2023-09-02T05:17:32+08:00 ] [ log ] at777.icu/99/index/open.html [运行时间：0.038450s][吞吐率：26.01req/s] [内存消耗：1,865.12kb] [文件加载：50]
[ error ] [8]未定义数组下标: 1

---------------------------------------------------------------
[ 2023-09-02T06:06:20+08:00 ] [ log ] at777.icu/99/ [运行时间：0.016322s][吞吐率：61.27req/s] [内存消耗：1,864.80kb] [文件加载：51]
[ error ] [8]未定义数组下标: 1

---------------------------------------------------------------
[ 2023-09-02T06:06:22+08:00 ] [ log ] at777.icu/99/favicon.ico [运行时间：0.010045s][吞吐率：99.55req/s] [内存消耗：1,650.74kb] [文件加载：44]
[ error ] [8]未定义数组下标: 1

---------------------------------------------------------------
[ 2023-09-02T06:06:25+08:00 ] [ log ] at777.icu/99/index/open.html [运行时间：0.016188s][吞吐率：61.77req/s] [内存消耗：1,865.12kb] [文件加载：50]
[ error ] [8]未定义数组下标: 1

---------------------------------------------------------------
[ 2023-09-02T07:08:24+08:00 ] [ log ] at888.icu/99/ [运行时间：0.015084s][吞吐率：66.30req/s] [内存消耗：1,865.34kb] [文件加载：51]
[ error ] [8]未定义数组下标: 1

---------------------------------------------------------------
[ 2023-09-02T07:08:27+08:00 ] [ log ] at888.icu/99/favicon.ico [运行时间：0.010442s][吞吐率：95.77req/s] [内存消耗：1,650.74kb] [文件加载：44]
[ error ] [8]未定义数组下标: 1

---------------------------------------------------------------
[ 2023-09-02T07:08:29+08:00 ] [ log ] at888.icu/99/index/open.html [运行时间：0.011086s][吞吐率：90.20req/s] [内存消耗：1,865.12kb] [文件加载：50]
[ error ] [8]未定义数组下标: 1

---------------------------------------------------------------
[ 2023-09-02T08:45:29+08:00 ] [ log ] at521.icu/99/ [运行时间：0.033234s][吞吐率：30.09req/s] [内存消耗：1,865.34kb] [文件加载：51]
[ error ] [8]未定义数组下标: 1

---------------------------------------------------------------
[ 2023-09-02T08:45:30+08:00 ] [ log ] at521.icu/99/favicon.ico [运行时间：0.027752s][吞吐率：36.03req/s] [内存消耗：1,650.74kb] [文件加载：44]
[ error ] [8]未定义数组下标: 1

---------------------------------------------------------------
[ 2023-09-02T08:45:34+08:00 ] [ log ] at521.icu/99/index/open.html [运行时间：0.010990s][吞吐率：90.99req/s] [内存消耗：1,865.12kb] [文件加载：50]
[ error ] [8]未定义数组下标: 1

---------------------------------------------------------------
[ 2023-09-02T10:00:14+08:00 ] [ log ] at521.icu/99/ [运行时间：0.021282s][吞吐率：46.99req/s] [内存消耗：1,865.34kb] [文件加载：51]
[ error ] [8]未定义数组下标: 1

---------------------------------------------------------------
[ 2023-09-02T10:00:15+08:00 ] [ log ] at521.icu/99/favicon.ico [运行时间：0.009909s][吞吐率：100.92req/s] [内存消耗：1,650.74kb] [文件加载：44]
[ error ] [8]未定义数组下标: 1

---------------------------------------------------------------
[ 2023-09-02T10:00:18+08:00 ] [ log ] at521.icu/99/index/open.html [运行时间：0.040093s][吞吐率：24.94req/s] [内存消耗：1,865.12kb] [文件加载：50]
[ error ] [8]未定义数组下标: 1

---------------------------------------------------------------
[ 2023-09-02T10:32:01+08:00 ] [ log ] asd123111.icu/99/ [运行时间：0.011751s][吞吐率：85.10req/s] [内存消耗：1,865.34kb] [文件加载：51]
[ error ] [8]未定义数组下标: 1

---------------------------------------------------------------
[ 2023-09-02T10:32:01+08:00 ] [ log ] asd123111.icu/99/?uc_sm=1 [运行时间：0.011505s][吞吐率：86.92req/s] [内存消耗：1,865.98kb] [文件加载：51]
[ error ] [8]未定义数组下标: 1

---------------------------------------------------------------
[ 2023-09-02T10:32:02+08:00 ] [ log ] asd123111.icu/99/favicon.ico [运行时间：0.010346s][吞吐率：96.66req/s] [内存消耗：1,650.74kb] [文件加载：44]
[ error ] [8]未定义数组下标: 1

---------------------------------------------------------------
[ 2023-09-02T10:32:04+08:00 ] [ log ] asd123111.icu/99/index/open.html [运行时间：0.012073s][吞吐率：82.83req/s] [内存消耗：1,865.13kb] [文件加载：50]
[ error ] [8]未定义数组下标: 1

---------------------------------------------------------------
[ 2023-09-02T10:34:25+08:00 ] [ log ] at521.icu/99/ [运行时间：0.010876s][吞吐率：91.94req/s] [内存消耗：1,864.80kb] [文件加载：51]
[ error ] [8]未定义数组下标: 1

---------------------------------------------------------------
[ 2023-09-02T10:34:26+08:00 ] [ log ] at521.icu/99/favicon.ico [运行时间：0.009167s][吞吐率：109.09req/s] [内存消耗：1,650.74kb] [文件加载：44]
[ error ] [8]未定义数组下标: 1

---------------------------------------------------------------
[ 2023-09-02T10:34:27+08:00 ] [ log ] at521.icu/99/index/open.html [运行时间：0.011079s][吞吐率：90.26req/s] [内存消耗：1,865.12kb] [文件加载：50]
[ error ] [8]未定义数组下标: 1

---------------------------------------------------------------
[ 2023-09-02T11:02:30+08:00 ] [ log ] asd123111.icu/99/?uc_sm=1 [运行时间：0.010708s][吞吐率：93.39req/s] [内存消耗：1,865.98kb] [文件加载：51]
[ error ] [8]未定义数组下标: 1

---------------------------------------------------------------
[ 2023-09-02T11:02:31+08:00 ] [ log ] asd123111.icu/99/ [运行时间：0.012358s][吞吐率：80.92req/s] [内存消耗：1,865.34kb] [文件加载：51]
[ error ] [8]未定义数组下标: 1

---------------------------------------------------------------
[ 2023-09-02T11:02:32+08:00 ] [ log ] asd123111.icu/99/favicon.ico [运行时间：0.009534s][吞吐率：104.89req/s] [内存消耗：1,650.74kb] [文件加载：44]
[ error ] [8]未定义数组下标: 1

---------------------------------------------------------------
[ 2023-09-02T11:02:34+08:00 ] [ log ] asd123111.icu/99/index/open.html [运行时间：0.013456s][吞吐率：74.32req/s] [内存消耗：1,865.13kb] [文件加载：50]
[ error ] [8]未定义数组下标: 1

---------------------------------------------------------------
[ 2023-09-02T11:31:47+08:00 ] [ log ] at666.icu/99/index/open.html [运行时间：0.010931s][吞吐率：91.48req/s] [内存消耗：1,865.65kb] [文件加载：50]
[ error ] [8]未定义数组下标: 1

---------------------------------------------------------------
[ 2023-09-02T11:35:45+08:00 ] [ log ] at888.icu/99/ [运行时间：0.013124s][吞吐率：76.20req/s] [内存消耗：1,865.34kb] [文件加载：51]
[ error ] [8]未定义数组下标: 1

---------------------------------------------------------------
[ 2023-09-02T11:35:50+08:00 ] [ log ] at888.icu/99/favicon.ico [运行时间：0.025561s][吞吐率：39.12req/s] [内存消耗：1,650.74kb] [文件加载：44]
[ error ] [8]未定义数组下标: 1

---------------------------------------------------------------
[ 2023-09-02T11:35:52+08:00 ] [ log ] at888.icu/99/index/open.html [运行时间：0.011529s][吞吐率：86.74req/s] [内存消耗：1,865.12kb] [文件加载：50]
[ error ] [8]未定义数组下标: 1

---------------------------------------------------------------
[ 2023-09-02T11:57:02+08:00 ] [ log ] at666.icu/99/index/open.html [运行时间：0.018355s][吞吐率：54.48req/s] [内存消耗：1,865.12kb] [文件加载：50]
[ error ] [8]未定义数组下标: 1

---------------------------------------------------------------
[ 2023-09-02T13:11:33+08:00 ] [ log ] at1666.com/99/ [运行时间：0.016533s][吞吐率：60.48req/s] [内存消耗：1,865.34kb] [文件加载：51]
[ error ] [8]未定义数组下标: 1

---------------------------------------------------------------
[ 2023-09-02T13:11:35+08:00 ] [ log ] at1666.com/99/favicon.ico [运行时间：0.012547s][吞吐率：79.70req/s] [内存消耗：1,650.74kb] [文件加载：44]
[ error ] [8]未定义数组下标: 1

---------------------------------------------------------------
[ 2023-09-02T13:11:40+08:00 ] [ log ] at1666.com/99/index/open.html [运行时间：0.013259s][吞吐率：75.42req/s] [内存消耗：1,865.12kb] [文件加载：50]
[ error ] [8]未定义数组下标: 1

---------------------------------------------------------------
[ 2023-09-02T15:43:06+08:00 ] [ log ] at666.icu/99/index/open.html [运行时间：0.033374s][吞吐率：29.96req/s] [内存消耗：1,865.65kb] [文件加载：50]
[ error ] [8]未定义数组下标: 1

---------------------------------------------------------------
[ 2023-09-02T16:59:36+08:00 ] [ log ] at888.icu/99/index/open.html [运行时间：0.010938s][吞吐率：91.42req/s] [内存消耗：1,865.15kb] [文件加载：50]
[ error ] [8]未定义数组下标: 1

---------------------------------------------------------------
[ 2023-09-02T17:23:26+08:00 ] [ log ] at521.icu/99/ [运行时间：0.035305s][吞吐率：28.32req/s] [内存消耗：1,865.34kb] [文件加载：51]
[ error ] [8]未定义数组下标: 1

---------------------------------------------------------------
[ 2023-09-02T17:23:29+08:00 ] [ log ] at521.icu/99/favicon.ico [运行时间：0.015854s][吞吐率：63.08req/s] [内存消耗：1,650.74kb] [文件加载：44]
[ error ] [8]未定义数组下标: 1

---------------------------------------------------------------
[ 2023-09-02T17:23:39+08:00 ] [ log ] at521.icu/99/index/open.html [运行时间：0.012513s][吞吐率：79.92req/s] [内存消耗：1,865.12kb] [文件加载：50]
[ error ] [8]未定义数组下标: 1

---------------------------------------------------------------
[ 2023-09-02T17:27:24+08:00 ] [ log ] at521.icu/99/ [运行时间：0.014986s][吞吐率：66.73req/s] [内存消耗：1,864.80kb] [文件加载：51]
[ error ] [8]未定义数组下标: 1

---------------------------------------------------------------
[ 2023-09-02T17:27:25+08:00 ] [ log ] at521.icu/99/ [运行时间：0.011265s][吞吐率：88.77req/s] [内存消耗：1,864.80kb] [文件加载：51]
[ error ] [8]未定义数组下标: 1

---------------------------------------------------------------
[ 2023-09-02T17:27:41+08:00 ] [ log ] at521.icu/99/ [运行时间：0.014179s][吞吐率：70.53req/s] [内存消耗：1,864.80kb] [文件加载：51]
[ error ] [8]未定义数组下标: 1

---------------------------------------------------------------
[ 2023-09-02T17:27:44+08:00 ] [ log ] at521.icu/99/favicon.ico [运行时间：0.009428s][吞吐率：106.07req/s] [内存消耗：1,650.74kb] [文件加载：44]
[ error ] [8]未定义数组下标: 1

---------------------------------------------------------------
[ 2023-09-02T17:27:47+08:00 ] [ log ] at521.icu/99/index/open.html [运行时间：0.015849s][吞吐率：63.10req/s] [内存消耗：1,865.12kb] [文件加载：50]
[ error ] [8]未定义数组下标: 1

---------------------------------------------------------------
[ 2023-09-02T17:31:33+08:00 ] [ log ] at666.icu/99/ [运行时间：0.010684s][吞吐率：93.60req/s] [内存消耗：1,865.34kb] [文件加载：51]
[ error ] [8]未定义数组下标: 1

---------------------------------------------------------------
[ 2023-09-02T17:31:34+08:00 ] [ log ] at666.icu/99/favicon.ico [运行时间：0.009474s][吞吐率：105.55req/s] [内存消耗：1,650.74kb] [文件加载：44]
[ error ] [8]未定义数组下标: 1

---------------------------------------------------------------
[ 2023-09-02T17:31:37+08:00 ] [ log ] at666.icu/99/ [运行时间：0.010845s][吞吐率：92.21req/s] [内存消耗：1,865.34kb] [文件加载：51]
[ error ] [8]未定义数组下标: 1

---------------------------------------------------------------
[ 2023-09-02T17:31:40+08:00 ] [ log ] at666.icu/99/index/open.html [运行时间：0.014318s][吞吐率：69.84req/s] [内存消耗：1,865.12kb] [文件加载：50]
[ error ] [8]未定义数组下标: 1

---------------------------------------------------------------
[ 2023-09-02T17:47:40+08:00 ] [ log ] at1666.com/99/ [运行时间：0.010587s][吞吐率：94.46req/s] [内存消耗：1,865.34kb] [文件加载：51]
[ error ] [8]未定义数组下标: 1

---------------------------------------------------------------
[ 2023-09-02T17:47:41+08:00 ] [ log ] at1666.com/99/favicon.ico [运行时间：0.033365s][吞吐率：29.97req/s] [内存消耗：1,650.74kb] [文件加载：44]
[ error ] [8]未定义数组下标: 1

---------------------------------------------------------------
[ 2023-09-02T17:47:44+08:00 ] [ log ] at1666.com/99/index/open.html [运行时间：0.010845s][吞吐率：92.21req/s] [内存消耗：1,865.12kb] [文件加载：50]
[ error ] [8]未定义数组下标: 1

---------------------------------------------------------------
[ 2023-09-02T17:50:30+08:00 ] [ log ] at521.icu/99/ [运行时间：0.010952s][吞吐率：91.31req/s] [内存消耗：1,865.34kb] [文件加载：51]
[ error ] [8]未定义数组下标: 1

---------------------------------------------------------------
[ 2023-09-02T17:50:32+08:00 ] [ log ] at521.icu/99/favicon.ico [运行时间：0.009421s][吞吐率：106.14req/s] [内存消耗：1,650.74kb] [文件加载：44]
[ error ] [8]未定义数组下标: 1

---------------------------------------------------------------
[ 2023-09-02T17:50:37+08:00 ] [ log ] at521.icu/99/index/open.html [运行时间：0.010911s][吞吐率：91.65req/s] [内存消耗：1,865.12kb] [文件加载：50]
[ error ] [8]未定义数组下标: 1

---------------------------------------------------------------
[ 2023-09-02T17:50:55+08:00 ] [ log ] at521.icu/99/ [运行时间：0.026271s][吞吐率：38.06req/s] [内存消耗：1,864.80kb] [文件加载：51]
[ error ] [8]未定义数组下标: 1

---------------------------------------------------------------
[ 2023-09-02T17:51:06+08:00 ] [ log ] at521.icu/99/favicon.ico [运行时间：0.009922s][吞吐率：100.79req/s] [内存消耗：1,650.74kb] [文件加载：44]
[ error ] [8]未定义数组下标: 1

---------------------------------------------------------------
[ 2023-09-02T17:53:29+08:00 ] [ log ] at521.icu/99/index/open.html [运行时间：0.010778s][吞吐率：92.78req/s] [内存消耗：1,865.12kb] [文件加载：50]
[ error ] [8]未定义数组下标: 1

---------------------------------------------------------------
[ 2023-09-02T18:25:41+08:00 ] [ log ] at521.icu/99/ [运行时间：0.011084s][吞吐率：90.22req/s] [内存消耗：1,864.80kb] [文件加载：51]
[ error ] [8]未定义数组下标: 1

---------------------------------------------------------------
[ 2023-09-02T18:25:43+08:00 ] [ log ] at521.icu/99/favicon.ico [运行时间：0.009879s][吞吐率：101.22req/s] [内存消耗：1,650.74kb] [文件加载：44]
[ error ] [8]未定义数组下标: 1

---------------------------------------------------------------
[ 2023-09-02T18:25:45+08:00 ] [ log ] at521.icu/99/index/open.html [运行时间：0.030184s][吞吐率：33.13req/s] [内存消耗：1,865.12kb] [文件加载：50]
[ error ] [8]未定义数组下标: 1

---------------------------------------------------------------
[ 2023-09-02T18:30:58+08:00 ] [ log ] at522.icu/99/ [运行时间：0.011017s][吞吐率：90.77req/s] [内存消耗：1,865.34kb] [文件加载：51]
[ error ] [8]未定义数组下标: 1

---------------------------------------------------------------
[ 2023-09-02T18:30:59+08:00 ] [ log ] at522.icu/99/ [运行时间：0.011447s][吞吐率：87.36req/s] [内存消耗：1,865.34kb] [文件加载：51]
[ error ] [8]未定义数组下标: 1

---------------------------------------------------------------
[ 2023-09-02T18:31:02+08:00 ] [ log ] at522.icu/99/favicon.ico [运行时间：0.009207s][吞吐率：108.61req/s] [内存消耗：1,650.74kb] [文件加载：44]
[ error ] [8]未定义数组下标: 1

---------------------------------------------------------------
[ 2023-09-02T18:31:06+08:00 ] [ log ] at522.icu/99/index/open.html [运行时间：0.015375s][吞吐率：65.04req/s] [内存消耗：1,865.12kb] [文件加载：50]
[ error ] [8]未定义数组下标: 1

---------------------------------------------------------------
[ 2023-09-02T18:32:53+08:00 ] [ log ] asd123111.icu/99/ [运行时间：0.030543s][吞吐率：32.74req/s] [内存消耗：1,865.34kb] [文件加载：51]
[ error ] [8]未定义数组下标: 1

---------------------------------------------------------------
[ 2023-09-02T18:32:54+08:00 ] [ log ] asd123111.icu/99/favicon.ico [运行时间：0.013995s][吞吐率：71.45req/s] [内存消耗：1,650.74kb] [文件加载：44]
[ error ] [8]未定义数组下标: 1

---------------------------------------------------------------
[ 2023-09-02T18:32:56+08:00 ] [ log ] asd123111.icu/99/index/open.html [运行时间：0.010647s][吞吐率：93.92req/s] [内存消耗：1,865.13kb] [文件加载：50]
[ error ] [8]未定义数组下标: 1

---------------------------------------------------------------
[ 2023-09-02T18:33:21+08:00 ] [ log ] asd123111.icu/99/ [运行时间：0.010524s][吞吐率：95.02req/s] [内存消耗：1,864.81kb] [文件加载：51]
[ error ] [8]未定义数组下标: 1

---------------------------------------------------------------
[ 2023-09-02T18:33:25+08:00 ] [ log ] asd123111.icu/99/index/open.html [运行时间：0.012041s][吞吐率：83.05req/s] [内存消耗：1,865.13kb] [文件加载：50]
[ error ] [8]未定义数组下标: 1

---------------------------------------------------------------
[ 2023-09-02T18:33:38+08:00 ] [ log ] asd123111.icu/99/ [运行时间：0.010849s][吞吐率：92.17req/s] [内存消耗：1,864.81kb] [文件加载：51]
[ error ] [8]未定义数组下标: 1

---------------------------------------------------------------
[ 2023-09-02T18:33:41+08:00 ] [ log ] asd123111.icu/99/index/open.html [运行时间：0.010702s][吞吐率：93.44req/s] [内存消耗：1,865.13kb] [文件加载：50]
[ error ] [8]未定义数组下标: 1

---------------------------------------------------------------
[ 2023-09-02T19:07:36+08:00 ] [ log ] at521.icu/99/ [运行时间：0.014879s][吞吐率：67.21req/s] [内存消耗：1,865.34kb] [文件加载：51]
[ error ] [8]未定义数组下标: 1

---------------------------------------------------------------
[ 2023-09-02T19:07:53+08:00 ] [ log ] at521.icu/99/ [运行时间：0.015117s][吞吐率：66.15req/s] [内存消耗：1,865.34kb] [文件加载：51]
[ error ] [8]未定义数组下标: 1

---------------------------------------------------------------
[ 2023-09-02T19:08:04+08:00 ] [ log ] at521.icu/99/index/open.html [运行时间：0.010531s][吞吐率：94.96req/s] [内存消耗：1,865.12kb] [文件加载：50]
[ error ] [8]未定义数组下标: 1

---------------------------------------------------------------
[ 2023-09-02T19:08:05+08:00 ] [ log ] at521.icu/99/favicon.ico [运行时间：0.009448s][吞吐率：105.84req/s] [内存消耗：1,650.74kb] [文件加载：44]
[ error ] [8]未定义数组下标: 1

---------------------------------------------------------------
[ 2023-09-02T19:23:28+08:00 ] [ log ] at888.icu/99/ [运行时间：0.011059s][吞吐率：90.42req/s] [内存消耗：1,865.34kb] [文件加载：51]
[ error ] [8]未定义数组下标: 1

---------------------------------------------------------------
[ 2023-09-02T19:23:29+08:00 ] [ log ] at888.icu/99/favicon.ico [运行时间：0.010042s][吞吐率：99.58req/s] [内存消耗：1,650.74kb] [文件加载：44]
[ error ] [8]未定义数组下标: 1

---------------------------------------------------------------
[ 2023-09-02T19:23:31+08:00 ] [ log ] at888.icu/99/index/open.html [运行时间：0.011344s][吞吐率：88.15req/s] [内存消耗：1,865.12kb] [文件加载：50]
[ error ] [8]未定义数组下标: 1

---------------------------------------------------------------
[ 2023-09-02T19:44:20+08:00 ] [ log ] at521.icu/99/ [运行时间：0.032971s][吞吐率：30.33req/s] [内存消耗：1,865.34kb] [文件加载：51]
[ error ] [8]未定义数组下标: 1

---------------------------------------------------------------
[ 2023-09-02T19:48:00+08:00 ] [ log ] at521.icu/99/ [运行时间：0.010790s][吞吐率：92.68req/s] [内存消耗：1,865.34kb] [文件加载：51]
[ error ] [8]未定义数组下标: 1

---------------------------------------------------------------
[ 2023-09-02T19:48:01+08:00 ] [ log ] at521.icu/99/favicon.ico [运行时间：0.013463s][吞吐率：74.28req/s] [内存消耗：1,650.74kb] [文件加载：44]
[ error ] [8]未定义数组下标: 1

---------------------------------------------------------------
[ 2023-09-02T19:48:23+08:00 ] [ log ] at521.icu/99/index/open.html [运行时间：0.010453s][吞吐率：95.67req/s] [内存消耗：1,865.12kb] [文件加载：50]
[ error ] [8]未定义数组下标: 1

---------------------------------------------------------------
[ 2023-09-02T19:50:52+08:00 ] [ log ] at521.icu/99/?uc_sm=1 [运行时间：0.039943s][吞吐率：25.04req/s] [内存消耗：1,865.44kb] [文件加载：51]
[ error ] [8]未定义数组下标: 1

---------------------------------------------------------------
[ 2023-09-02T19:51:08+08:00 ] [ log ] at521.icu/99/index/open.html [运行时间：0.010538s][吞吐率：94.90req/s] [内存消耗：1,865.12kb] [文件加载：50]
[ error ] [8]未定义数组下标: 1

---------------------------------------------------------------
[ 2023-09-02T19:54:11+08:00 ] [ log ] at521.icu/99/ [运行时间：0.033112s][吞吐率：30.20req/s] [内存消耗：1,864.80kb] [文件加载：51]
[ error ] [8]未定义数组下标: 1

---------------------------------------------------------------
[ 2023-09-02T19:54:12+08:00 ] [ log ] at521.icu/99/favicon.ico [运行时间：0.010088s][吞吐率：99.13req/s] [内存消耗：1,650.74kb] [文件加载：44]
[ error ] [8]未定义数组下标: 1

---------------------------------------------------------------
[ 2023-09-02T19:54:15+08:00 ] [ log ] at521.icu/99/index/open.html [运行时间：0.011096s][吞吐率：90.12req/s] [内存消耗：1,865.12kb] [文件加载：50]
[ error ] [8]未定义数组下标: 1

---------------------------------------------------------------
[ 2023-09-02T20:02:11+08:00 ] [ log ] at888.icu/99/ [运行时间：0.032398s][吞吐率：30.87req/s] [内存消耗：1,865.34kb] [文件加载：51]
[ error ] [8]未定义数组下标: 1

---------------------------------------------------------------
[ 2023-09-02T20:02:12+08:00 ] [ log ] at888.icu/99/favicon.ico [运行时间：0.014403s][吞吐率：69.43req/s] [内存消耗：1,650.74kb] [文件加载：44]
[ error ] [8]未定义数组下标: 1

---------------------------------------------------------------
[ 2023-09-02T20:02:15+08:00 ] [ log ] at888.icu/99/index/open.html [运行时间：0.010627s][吞吐率：94.10req/s] [内存消耗：1,865.12kb] [文件加载：50]
[ error ] [8]未定义数组下标: 1

---------------------------------------------------------------
[ 2023-09-02T20:30:20+08:00 ] [ log ] at1666.com/99/ [运行时间：0.036883s][吞吐率：27.11req/s] [内存消耗：1,865.34kb] [文件加载：51]
[ error ] [8]未定义数组下标: 1

---------------------------------------------------------------
[ 2023-09-02T20:30:29+08:00 ] [ log ] at1666.com/99/favicon.ico [运行时间：0.028450s][吞吐率：35.15req/s] [内存消耗：1,650.74kb] [文件加载：44]
[ error ] [8]未定义数组下标: 1

---------------------------------------------------------------
[ 2023-09-02T20:30:30+08:00 ] [ log ] at1666.com/99/index/open.html [运行时间：0.016357s][吞吐率：61.14req/s] [内存消耗：1,865.12kb] [文件加载：50]
[ error ] [8]未定义数组下标: 1

---------------------------------------------------------------
[ 2023-09-02T20:30:31+08:00 ] [ log ] at1666.com/99/favicon.ico [运行时间：0.012953s][吞吐率：77.20req/s] [内存消耗：1,650.74kb] [文件加载：44]
[ error ] [8]未定义数组下标: 1

---------------------------------------------------------------
[ 2023-09-02T20:38:06+08:00 ] [ log ] at521.icu/99/ [运行时间：0.011239s][吞吐率：88.98req/s] [内存消耗：1,864.80kb] [文件加载：51]
[ error ] [8]未定义数组下标: 1

---------------------------------------------------------------
[ 2023-09-02T20:38:08+08:00 ] [ log ] at521.icu/99/favicon.ico [运行时间：0.009420s][吞吐率：106.16req/s] [内存消耗：1,650.74kb] [文件加载：44]
[ error ] [8]未定义数组下标: 1

---------------------------------------------------------------
[ 2023-09-02T20:38:19+08:00 ] [ log ] at522.icu/99/ [运行时间：0.027087s][吞吐率：36.92req/s] [内存消耗：1,865.34kb] [文件加载：51]
[ error ] [8]未定义数组下标: 1

---------------------------------------------------------------
[ 2023-09-02T20:38:21+08:00 ] [ log ] at522.icu/99/favicon.ico [运行时间：0.009741s][吞吐率：102.66req/s] [内存消耗：1,650.74kb] [文件加载：44]
[ error ] [8]未定义数组下标: 1

---------------------------------------------------------------
[ 2023-09-02T20:38:24+08:00 ] [ log ] at522.icu/99/index/open.html [运行时间：0.022650s][吞吐率：44.15req/s] [内存消耗：1,865.12kb] [文件加载：50]
[ error ] [8]未定义数组下标: 1

---------------------------------------------------------------
[ 2023-09-02T20:39:04+08:00 ] [ log ] at521.icu/99/index/open.html [运行时间：0.038277s][吞吐率：26.13req/s] [内存消耗：1,865.12kb] [文件加载：50]
[ error ] [8]未定义数组下标: 1

---------------------------------------------------------------
[ 2023-09-02T21:28:15+08:00 ] [ log ] at521.icu/99/ [运行时间：0.011025s][吞吐率：90.70req/s] [内存消耗：1,865.34kb] [文件加载：51]
[ error ] [8]未定义数组下标: 1

---------------------------------------------------------------
[ 2023-09-02T21:28:15+08:00 ] [ log ] at521.icu/99/ [运行时间：0.010808s][吞吐率：92.52req/s] [内存消耗：1,865.34kb] [文件加载：51]
[ error ] [8]未定义数组下标: 1

---------------------------------------------------------------
[ 2023-09-02T21:28:16+08:00 ] [ log ] at521.icu/99/ [运行时间：0.010838s][吞吐率：92.27req/s] [内存消耗：1,865.34kb] [文件加载：51]
[ error ] [8]未定义数组下标: 1

---------------------------------------------------------------
[ 2023-09-02T21:28:16+08:00 ] [ log ] at521.icu/99/ [运行时间：0.010981s][吞吐率：91.07req/s] [内存消耗：1,865.34kb] [文件加载：51]
[ error ] [8]未定义数组下标: 1

---------------------------------------------------------------
[ 2023-09-02T21:28:17+08:00 ] [ log ] at521.icu/99/ [运行时间：0.010781s][吞吐率：92.76req/s] [内存消耗：1,865.34kb] [文件加载：51]
[ error ] [8]未定义数组下标: 1

---------------------------------------------------------------
[ 2023-09-02T21:28:17+08:00 ] [ log ] at521.icu/99/ [运行时间：0.010982s][吞吐率：91.06req/s] [内存消耗：1,865.34kb] [文件加载：51]
[ error ] [8]未定义数组下标: 1

---------------------------------------------------------------
[ 2023-09-02T21:28:18+08:00 ] [ log ] at521.icu/99/ [运行时间：0.010927s][吞吐率：91.52req/s] [内存消耗：1,865.34kb] [文件加载：51]
[ error ] [8]未定义数组下标: 1

---------------------------------------------------------------
[ 2023-09-02T21:28:19+08:00 ] [ log ] at521.icu/99/ [运行时间：0.010950s][吞吐率：91.32req/s] [内存消耗：1,865.34kb] [文件加载：51]
[ error ] [8]未定义数组下标: 1

---------------------------------------------------------------
[ 2023-09-02T21:28:20+08:00 ] [ log ] at521.icu/99/ [运行时间：0.011323s][吞吐率：88.32req/s] [内存消耗：1,865.34kb] [文件加载：51]
[ error ] [8]未定义数组下标: 1

---------------------------------------------------------------
[ 2023-09-02T21:28:20+08:00 ] [ log ] at521.icu/99/ [运行时间：0.011022s][吞吐率：90.73req/s] [内存消耗：1,865.34kb] [文件加载：51]
[ error ] [8]未定义数组下标: 1

---------------------------------------------------------------
[ 2023-09-02T21:28:20+08:00 ] [ log ] at521.icu/99/ [运行时间：0.010757s][吞吐率：92.96req/s] [内存消耗：1,865.34kb] [文件加载：51]
[ error ] [8]未定义数组下标: 1

---------------------------------------------------------------
[ 2023-09-02T21:28:20+08:00 ] [ log ] at521.icu/99/ [运行时间：0.010918s][吞吐率：91.59req/s] [内存消耗：1,865.34kb] [文件加载：51]
[ error ] [8]未定义数组下标: 1

---------------------------------------------------------------
[ 2023-09-02T21:28:20+08:00 ] [ log ] at521.icu/99/ [运行时间：0.011663s][吞吐率：85.74req/s] [内存消耗：1,865.34kb] [文件加载：51]
[ error ] [8]未定义数组下标: 1

---------------------------------------------------------------
[ 2023-09-02T21:28:20+08:00 ] [ log ] at521.icu/99/ [运行时间：0.010871s][吞吐率：91.99req/s] [内存消耗：1,865.34kb] [文件加载：51]
[ error ] [8]未定义数组下标: 1

---------------------------------------------------------------
[ 2023-09-02T21:28:32+08:00 ] [ log ] at521.icu/99/ [运行时间：0.010632s][吞吐率：94.06req/s] [内存消耗：1,865.34kb] [文件加载：51]
[ error ] [8]未定义数组下标: 1

---------------------------------------------------------------
[ 2023-09-02T21:28:32+08:00 ] [ log ] at521.icu/99/ [运行时间：0.010935s][吞吐率：91.45req/s] [内存消耗：1,865.34kb] [文件加载：51]
[ error ] [8]未定义数组下标: 1

---------------------------------------------------------------
[ 2023-09-02T21:28:32+08:00 ] [ log ] at521.icu/99/ [运行时间：0.010758s][吞吐率：92.95req/s] [内存消耗：1,865.34kb] [文件加载：51]
[ error ] [8]未定义数组下标: 1

---------------------------------------------------------------
[ 2023-09-02T21:28:32+08:00 ] [ log ] at521.icu/99/ [运行时间：0.013245s][吞吐率：75.50req/s] [内存消耗：1,865.34kb] [文件加载：51]
[ error ] [8]未定义数组下标: 1

---------------------------------------------------------------
[ 2023-09-02T21:28:32+08:00 ] [ log ] at521.icu/99/ [运行时间：0.011225s][吞吐率：89.09req/s] [内存消耗：1,865.34kb] [文件加载：51]
[ error ] [8]未定义数组下标: 1

---------------------------------------------------------------
[ 2023-09-02T21:28:32+08:00 ] [ log ] at521.icu/99/ [运行时间：0.011684s][吞吐率：85.59req/s] [内存消耗：1,865.34kb] [文件加载：51]
[ error ] [8]未定义数组下标: 1

---------------------------------------------------------------
[ 2023-09-02T21:36:39+08:00 ] [ log ] at521.icu/99/ [运行时间：0.015447s][吞吐率：64.74req/s] [内存消耗：1,865.34kb] [文件加载：51]
[ error ] [8]未定义数组下标: 1

---------------------------------------------------------------
[ 2023-09-02T21:50:35+08:00 ] [ log ] at888.icu/99/ [运行时间：0.010854s][吞吐率：92.13req/s] [内存消耗：1,865.34kb] [文件加载：51]
[ error ] [8]未定义数组下标: 1

---------------------------------------------------------------
[ 2023-09-02T21:50:36+08:00 ] [ log ] at888.icu/99/favicon.ico [运行时间：0.014815s][吞吐率：67.50req/s] [内存消耗：1,650.74kb] [文件加载：44]
[ error ] [8]未定义数组下标: 1

---------------------------------------------------------------
[ 2023-09-02T21:50:39+08:00 ] [ log ] at888.icu/99/index/open.html [运行时间：0.010681s][吞吐率：93.62req/s] [内存消耗：1,865.12kb] [文件加载：50]
[ error ] [8]未定义数组下标: 1

---------------------------------------------------------------
[ 2023-09-02T21:54:27+08:00 ] [ log ] at888.icu/99/ [运行时间：0.014735s][吞吐率：67.87req/s] [内存消耗：1,864.80kb] [文件加载：51]
[ error ] [8]未定义数组下标: 1

---------------------------------------------------------------
[ 2023-09-02T21:54:27+08:00 ] [ log ] at888.icu/99/favicon.ico [运行时间：0.010927s][吞吐率：91.52req/s] [内存消耗：1,650.74kb] [文件加载：44]
[ error ] [8]未定义数组下标: 1

---------------------------------------------------------------
[ 2023-09-02T21:54:29+08:00 ] [ log ] at888.icu/99/index/open.html [运行时间：0.014649s][吞吐率：68.26req/s] [内存消耗：1,865.12kb] [文件加载：50]
[ error ] [8]未定义数组下标: 1

---------------------------------------------------------------
[ 2023-09-02T21:56:00+08:00 ] [ log ] at888.icu/99/ [运行时间：0.031166s][吞吐率：32.09req/s] [内存消耗：1,864.80kb] [文件加载：51]
[ error ] [8]未定义数组下标: 1

---------------------------------------------------------------
[ 2023-09-02T21:56:03+08:00 ] [ log ] at888.icu/99/favicon.ico [运行时间：0.010130s][吞吐率：98.72req/s] [内存消耗：1,650.74kb] [文件加载：44]
[ error ] [8]未定义数组下标: 1

---------------------------------------------------------------
[ 2023-09-02T21:56:06+08:00 ] [ log ] at888.icu/99/index/open.html [运行时间：0.028243s][吞吐率：35.41req/s] [内存消耗：1,865.12kb] [文件加载：50]
[ error ] [8]未定义数组下标: 1

---------------------------------------------------------------
[ 2023-09-02T22:24:45+08:00 ] [ log ] at444.icu/99/ [运行时间：0.034189s][吞吐率：29.25req/s] [内存消耗：1,865.34kb] [文件加载：51]
[ error ] [8]未定义数组下标: 1

---------------------------------------------------------------
[ 2023-09-02T22:24:46+08:00 ] [ log ] at444.icu/99/favicon.ico [运行时间：0.013144s][吞吐率：76.08req/s] [内存消耗：1,650.74kb] [文件加载：44]
[ error ] [8]未定义数组下标: 1

---------------------------------------------------------------
[ 2023-09-02T22:24:49+08:00 ] [ log ] at444.icu/99/index/open.html [运行时间：0.023904s][吞吐率：41.83req/s] [内存消耗：1,865.12kb] [文件加载：50]
[ error ] [8]未定义数组下标: 1

---------------------------------------------------------------
[ 2023-09-02T22:25:16+08:00 ] [ log ] at444.icu/99/ [运行时间：0.011232s][吞吐率：89.03req/s] [内存消耗：1,864.80kb] [文件加载：51]
[ error ] [8]未定义数组下标: 1

---------------------------------------------------------------
[ 2023-09-02T22:25:19+08:00 ] [ log ] at444.icu/99/index/open.html [运行时间：0.010884s][吞吐率：91.88req/s] [内存消耗：1,865.12kb] [文件加载：50]
[ error ] [8]未定义数组下标: 1

---------------------------------------------------------------
[ 2023-09-02T22:26:47+08:00 ] [ log ] at888.icu/99/ [运行时间：0.011631s][吞吐率：85.98req/s] [内存消耗：1,865.34kb] [文件加载：51]
[ error ] [8]未定义数组下标: 1

---------------------------------------------------------------
[ 2023-09-02T22:26:51+08:00 ] [ log ] at888.icu/99/index/open.html [运行时间：0.012134s][吞吐率：82.41req/s] [内存消耗：1,865.12kb] [文件加载：50]
[ error ] [8]未定义数组下标: 1

---------------------------------------------------------------
[ 2023-09-02T22:44:18+08:00 ] [ log ] at888.icu/99/index/open.html [运行时间：0.039707s][吞吐率：25.18req/s] [内存消耗：1,857.95kb] [文件加载：47]
[ error ] [8]Undefined offset: 1

---------------------------------------------------------------
