[ 2023-09-04T00:38:51+08:00 ] [ log ] at521.icu/99/ [运行时间：0.011405s][吞吐率：87.68req/s] [内存消耗：1,865.34kb] [文件加载：51]
[ error ] [8]未定义数组下标: 1

---------------------------------------------------------------
[ 2023-09-04T02:50:08+08:00 ] [ log ] at521.icu/99/ [运行时间：0.010800s][吞吐率：92.59req/s] [内存消耗：1,865.34kb] [文件加载：51]
[ error ] [8]未定义数组下标: 1

---------------------------------------------------------------
[ 2023-09-04T02:50:09+08:00 ] [ log ] at521.icu/99/favicon.ico [运行时间：0.009419s][吞吐率：106.17req/s] [内存消耗：1,650.74kb] [文件加载：44]
[ error ] [8]未定义数组下标: 1

---------------------------------------------------------------
[ 2023-09-04T03:43:48+08:00 ] [ log ] at521.icu/99/?uc_sm=1 [运行时间：0.014386s][吞吐率：69.51req/s] [内存消耗：1,865.97kb] [文件加载：51]
[ error ] [8]未定义数组下标: 1

---------------------------------------------------------------
[ 2023-09-04T04:03:45+08:00 ] [ log ] at522.icu/99/ [运行时间：0.021038s][吞吐率：47.53req/s] [内存消耗：1,865.34kb] [文件加载：51]
[ error ] [8]未定义数组下标: 1

---------------------------------------------------------------
[ 2023-09-04T04:03:47+08:00 ] [ log ] at522.icu/99/favicon.ico [运行时间：0.011079s][吞吐率：90.26req/s] [内存消耗：1,650.74kb] [文件加载：44]
[ error ] [8]未定义数组下标: 1

---------------------------------------------------------------
[ 2023-09-04T04:03:51+08:00 ] [ log ] at522.icu/99/index/open.html [运行时间：0.010876s][吞吐率：91.95req/s] [内存消耗：1,865.12kb] [文件加载：50]
[ error ] [8]未定义数组下标: 1

---------------------------------------------------------------
[ 2023-09-04T06:47:57+08:00 ] [ log ] at888.icu/99/ [运行时间：0.014293s][吞吐率：69.96req/s] [内存消耗：1,857.63kb] [文件加载：48]
[ error ] [8]Undefined offset: 1

---------------------------------------------------------------
[ 2023-09-04T08:48:22+08:00 ] [ log ] at521.icu/99/ [运行时间：0.011297s][吞吐率：88.52req/s] [内存消耗：1,865.34kb] [文件加载：51]
[ error ] [8]未定义数组下标: 1

---------------------------------------------------------------
[ 2023-09-04T08:48:22+08:00 ] [ log ] at521.icu/99/ [运行时间：0.010795s][吞吐率：92.64req/s] [内存消耗：1,865.34kb] [文件加载：51]
[ error ] [8]未定义数组下标: 1

---------------------------------------------------------------
[ 2023-09-04T08:48:23+08:00 ] [ log ] at521.icu/99/ [运行时间：0.011611s][吞吐率：86.13req/s] [内存消耗：1,865.34kb] [文件加载：51]
[ error ] [8]未定义数组下标: 1

---------------------------------------------------------------
[ 2023-09-04T08:48:23+08:00 ] [ log ] at521.icu/99/ [运行时间：0.011058s][吞吐率：90.43req/s] [内存消耗：1,865.34kb] [文件加载：51]
[ error ] [8]未定义数组下标: 1

---------------------------------------------------------------
[ 2023-09-04T08:48:24+08:00 ] [ log ] at521.icu/99/favicon.ico [运行时间：0.014511s][吞吐率：68.91req/s] [内存消耗：1,650.74kb] [文件加载：44]
[ error ] [8]未定义数组下标: 1

---------------------------------------------------------------
[ 2023-09-04T08:48:56+08:00 ] [ log ] at521.icu/99/?uc_sm=1 [运行时间：0.011622s][吞吐率：86.04req/s] [内存消耗：1,865.44kb] [文件加载：51]
[ error ] [8]未定义数组下标: 1

---------------------------------------------------------------
[ 2023-09-04T08:49:08+08:00 ] [ log ] at521.icu/99/?uc_sm=1 [运行时间：0.015832s][吞吐率：63.16req/s] [内存消耗：1,865.44kb] [文件加载：51]
[ error ] [8]未定义数组下标: 1

---------------------------------------------------------------
[ 2023-09-04T08:49:09+08:00 ] [ log ] at521.icu/99/ [运行时间：0.011275s][吞吐率：88.69req/s] [内存消耗：1,864.80kb] [文件加载：51]
[ error ] [8]未定义数组下标: 1

---------------------------------------------------------------
[ 2023-09-04T08:49:10+08:00 ] [ log ] at521.icu/99/favicon.ico [运行时间：0.009720s][吞吐率：102.88req/s] [内存消耗：1,650.74kb] [文件加载：44]
[ error ] [8]未定义数组下标: 1

---------------------------------------------------------------
[ 2023-09-04T08:49:12+08:00 ] [ log ] at521.icu/99/index/open.html [运行时间：0.010774s][吞吐率：92.82req/s] [内存消耗：1,865.12kb] [文件加载：50]
[ error ] [8]未定义数组下标: 1

---------------------------------------------------------------
[ 2023-09-04T09:00:48+08:00 ] [ log ] at666.icu/99/index/open.html [运行时间：0.010681s][吞吐率：93.62req/s] [内存消耗：1,865.65kb] [文件加载：50]
[ error ] [8]未定义数组下标: 1

---------------------------------------------------------------
[ 2023-09-04T09:37:55+08:00 ] [ log ] at522.icu/99/ [运行时间：0.033912s][吞吐率：29.49req/s] [内存消耗：1,865.34kb] [文件加载：51]
[ error ] [8]未定义数组下标: 1

---------------------------------------------------------------
[ 2023-09-04T09:37:56+08:00 ] [ log ] at522.icu/99/favicon.ico [运行时间：0.022135s][吞吐率：45.18req/s] [内存消耗：1,650.74kb] [文件加载：44]
[ error ] [8]未定义数组下标: 1

---------------------------------------------------------------
[ 2023-09-04T09:38:03+08:00 ] [ log ] at522.icu/99/index/open.html [运行时间：0.011311s][吞吐率：88.41req/s] [内存消耗：1,865.12kb] [文件加载：50]
[ error ] [8]未定义数组下标: 1

---------------------------------------------------------------
[ 2023-09-04T09:40:21+08:00 ] [ log ] at522.icu/99/ [运行时间：0.010912s][吞吐率：91.64req/s] [内存消耗：1,864.80kb] [文件加载：51]
[ error ] [8]未定义数组下标: 1

---------------------------------------------------------------
[ 2023-09-04T09:40:23+08:00 ] [ log ] at522.icu/99/favicon.ico [运行时间：0.016174s][吞吐率：61.83req/s] [内存消耗：1,650.74kb] [文件加载：44]
[ error ] [8]未定义数组下标: 1

---------------------------------------------------------------
[ 2023-09-04T10:09:27+08:00 ] [ log ] at521.icu/99/ [运行时间：0.027094s][吞吐率：36.91req/s] [内存消耗：1,865.34kb] [文件加载：51]
[ error ] [8]未定义数组下标: 1

---------------------------------------------------------------
[ 2023-09-04T10:09:36+08:00 ] [ log ] at521.icu/99/index/open.html [运行时间：0.010734s][吞吐率：93.16req/s] [内存消耗：1,865.12kb] [文件加载：50]
[ error ] [8]未定义数组下标: 1

---------------------------------------------------------------
[ 2023-09-04T10:09:36+08:00 ] [ log ] at521.icu/99/favicon.ico [运行时间：0.009430s][吞吐率：106.05req/s] [内存消耗：1,650.74kb] [文件加载：44]
[ error ] [8]未定义数组下标: 1

---------------------------------------------------------------
[ 2023-09-04T10:13:06+08:00 ] [ log ] at521.icu/99/ [运行时间：0.011778s][吞吐率：84.90req/s] [内存消耗：1,865.34kb] [文件加载：51]
[ error ] [8]未定义数组下标: 1

---------------------------------------------------------------
[ 2023-09-04T10:13:06+08:00 ] [ log ] at521.icu/99/ [运行时间：0.010676s][吞吐率：93.67req/s] [内存消耗：1,865.34kb] [文件加载：51]
[ error ] [8]未定义数组下标: 1

---------------------------------------------------------------
[ 2023-09-04T10:13:07+08:00 ] [ log ] at521.icu/99/ [运行时间：0.010802s][吞吐率：92.58req/s] [内存消耗：1,865.34kb] [文件加载：51]
[ error ] [8]未定义数组下标: 1

---------------------------------------------------------------
[ 2023-09-04T10:13:07+08:00 ] [ log ] at521.icu/99/ [运行时间：0.010687s][吞吐率：93.57req/s] [内存消耗：1,865.34kb] [文件加载：51]
[ error ] [8]未定义数组下标: 1

---------------------------------------------------------------
[ 2023-09-04T10:13:07+08:00 ] [ log ] at521.icu/99/ [运行时间：0.010784s][吞吐率：92.73req/s] [内存消耗：1,865.34kb] [文件加载：51]
[ error ] [8]未定义数组下标: 1

---------------------------------------------------------------
[ 2023-09-04T10:13:07+08:00 ] [ log ] at521.icu/99/ [运行时间：0.010950s][吞吐率：91.32req/s] [内存消耗：1,865.34kb] [文件加载：51]
[ error ] [8]未定义数组下标: 1

---------------------------------------------------------------
[ 2023-09-04T10:13:07+08:00 ] [ log ] at521.icu/99/ [运行时间：0.010801s][吞吐率：92.58req/s] [内存消耗：1,865.34kb] [文件加载：51]
[ error ] [8]未定义数组下标: 1

---------------------------------------------------------------
[ 2023-09-04T10:13:18+08:00 ] [ log ] at521.icu/99/?uc_sm=1 [运行时间：0.011691s][吞吐率：85.54req/s] [内存消耗：1,865.97kb] [文件加载：51]
[ error ] [8]未定义数组下标: 1

---------------------------------------------------------------
[ 2023-09-04T10:13:19+08:00 ] [ log ] at521.icu/99/ [运行时间：0.010855s][吞吐率：92.12req/s] [内存消耗：1,865.34kb] [文件加载：51]
[ error ] [8]未定义数组下标: 1

---------------------------------------------------------------
[ 2023-09-04T10:13:19+08:00 ] [ log ] at521.icu/99/ [运行时间：0.011076s][吞吐率：90.29req/s] [内存消耗：1,865.34kb] [文件加载：51]
[ error ] [8]未定义数组下标: 1

---------------------------------------------------------------
[ 2023-09-04T10:13:20+08:00 ] [ log ] at521.icu/99/ [运行时间：0.011857s][吞吐率：84.34req/s] [内存消耗：1,865.34kb] [文件加载：51]
[ error ] [8]未定义数组下标: 1

---------------------------------------------------------------
[ 2023-09-04T10:13:20+08:00 ] [ log ] at521.icu/99/ [运行时间：0.010624s][吞吐率：94.13req/s] [内存消耗：1,865.34kb] [文件加载：51]
[ error ] [8]未定义数组下标: 1

---------------------------------------------------------------
[ 2023-09-04T10:13:20+08:00 ] [ log ] at521.icu/99/ [运行时间：0.010759s][吞吐率：92.94req/s] [内存消耗：1,865.34kb] [文件加载：51]
[ error ] [8]未定义数组下标: 1

---------------------------------------------------------------
[ 2023-09-04T10:13:20+08:00 ] [ log ] at521.icu/99/ [运行时间：0.010754s][吞吐率：92.99req/s] [内存消耗：1,865.34kb] [文件加载：51]
[ error ] [8]未定义数组下标: 1

---------------------------------------------------------------
[ 2023-09-04T10:13:21+08:00 ] [ log ] at521.icu/99/favicon.ico [运行时间：0.010497s][吞吐率：95.26req/s] [内存消耗：1,650.74kb] [文件加载：44]
[ error ] [8]未定义数组下标: 1

---------------------------------------------------------------
[ 2023-09-04T10:36:02+08:00 ] [ log ] at521.icu/99/index/open.html [运行时间：0.010810s][吞吐率：92.51req/s] [内存消耗：1,865.12kb] [文件加载：50]
[ error ] [8]未定义数组下标: 1

---------------------------------------------------------------
[ 2023-09-04T10:40:34+08:00 ] [ log ] at521.icu/99/?uc_sm=1&from=wh10331 [运行时间：0.011153s][吞吐率：89.66req/s] [内存消耗：1,865.45kb] [文件加载：51]
[ error ] [8]未定义数组下标: 1

---------------------------------------------------------------
[ 2023-09-04T10:40:35+08:00 ] [ log ] at521.icu/99/ [运行时间：0.010829s][吞吐率：92.34req/s] [内存消耗：1,864.80kb] [文件加载：51]
[ error ] [8]未定义数组下标: 1

---------------------------------------------------------------
[ 2023-09-04T10:40:35+08:00 ] [ log ] at521.icu/99/ [运行时间：0.010782s][吞吐率：92.75req/s] [内存消耗：1,864.80kb] [文件加载：51]
[ error ] [8]未定义数组下标: 1

---------------------------------------------------------------
[ 2023-09-04T10:40:36+08:00 ] [ log ] at521.icu/99/ [运行时间：0.015421s][吞吐率：64.85req/s] [内存消耗：1,864.80kb] [文件加载：51]
[ error ] [8]未定义数组下标: 1

---------------------------------------------------------------
[ 2023-09-04T10:40:36+08:00 ] [ log ] at521.icu/99/ [运行时间：0.012045s][吞吐率：83.02req/s] [内存消耗：1,864.80kb] [文件加载：51]
[ error ] [8]未定义数组下标: 1

---------------------------------------------------------------
[ 2023-09-04T10:40:41+08:00 ] [ log ] at521.icu/99/?uc_sm=1 [运行时间：0.011693s][吞吐率：85.52req/s] [内存消耗：1,865.44kb] [文件加载：51]
[ error ] [8]未定义数组下标: 1

---------------------------------------------------------------
[ 2023-09-04T10:53:30+08:00 ] [ log ] at777.icu/99/ [运行时间：0.010974s][吞吐率：91.12req/s] [内存消耗：1,865.34kb] [文件加载：51]
[ error ] [8]未定义数组下标: 1

---------------------------------------------------------------
[ 2023-09-04T10:53:32+08:00 ] [ log ] at777.icu/99/favicon.ico [运行时间：0.011510s][吞吐率：86.88req/s] [内存消耗：1,650.74kb] [文件加载：44]
[ error ] [8]未定义数组下标: 1

---------------------------------------------------------------
[ 2023-09-04T10:53:35+08:00 ] [ log ] at777.icu/99/index/open.html [运行时间：0.016906s][吞吐率：59.15req/s] [内存消耗：1,865.12kb] [文件加载：50]
[ error ] [8]未定义数组下标: 1

---------------------------------------------------------------
[ 2023-09-04T10:54:07+08:00 ] [ log ] at777.icu/99/ [运行时间：0.011140s][吞吐率：89.77req/s] [内存消耗：1,864.80kb] [文件加载：51]
[ error ] [8]未定义数组下标: 1

---------------------------------------------------------------
[ 2023-09-04T10:54:11+08:00 ] [ log ] at777.icu/99/index/open.html [运行时间：0.015509s][吞吐率：64.48req/s] [内存消耗：1,865.12kb] [文件加载：50]
[ error ] [8]未定义数组下标: 1

---------------------------------------------------------------
[ 2023-09-04T10:54:35+08:00 ] [ log ] at777.icu/99/ [运行时间：0.037784s][吞吐率：26.47req/s] [内存消耗：1,864.80kb] [文件加载：51]
[ error ] [8]未定义数组下标: 1

---------------------------------------------------------------
[ 2023-09-04T10:54:40+08:00 ] [ log ] at777.icu/99/index/open.html [运行时间：0.010804s][吞吐率：92.56req/s] [内存消耗：1,865.12kb] [文件加载：50]
[ error ] [8]未定义数组下标: 1

---------------------------------------------------------------
[ 2023-09-04T10:55:18+08:00 ] [ log ] at777.icu/99/index/open.html [运行时间：0.040762s][吞吐率：24.53req/s] [内存消耗：1,865.12kb] [文件加载：50]
[ error ] [8]未定义数组下标: 1

---------------------------------------------------------------
[ 2023-09-04T10:55:36+08:00 ] [ log ] at777.icu/99/index/open.html [运行时间：0.011007s][吞吐率：90.85req/s] [内存消耗：1,865.12kb] [文件加载：50]
[ error ] [8]未定义数组下标: 1

---------------------------------------------------------------
[ 2023-09-04T10:56:30+08:00 ] [ log ] at777.icu/99/ [运行时间：0.021557s][吞吐率：46.39req/s] [内存消耗：1,864.80kb] [文件加载：51]
[ error ] [8]未定义数组下标: 1

---------------------------------------------------------------
[ 2023-09-04T10:56:31+08:00 ] [ log ] at777.icu/99/favicon.ico [运行时间：0.009920s][吞吐率：100.81req/s] [内存消耗：1,650.74kb] [文件加载：44]
[ error ] [8]未定义数组下标: 1

---------------------------------------------------------------
[ 2023-09-04T10:56:33+08:00 ] [ log ] at777.icu/99/index/open.html [运行时间：0.011528s][吞吐率：86.75req/s] [内存消耗：1,865.12kb] [文件加载：50]
[ error ] [8]未定义数组下标: 1

---------------------------------------------------------------
[ 2023-09-04T11:03:00+08:00 ] [ log ] at777.icu/99/ [运行时间：0.037551s][吞吐率：26.63req/s] [内存消耗：1,864.80kb] [文件加载：51]
[ error ] [8]未定义数组下标: 1

---------------------------------------------------------------
[ 2023-09-04T11:03:01+08:00 ] [ log ] at777.icu/99/favicon.ico [运行时间：0.010000s][吞吐率：100.00req/s] [内存消耗：1,650.74kb] [文件加载：44]
[ error ] [8]未定义数组下标: 1

---------------------------------------------------------------
[ 2023-09-04T11:03:03+08:00 ] [ log ] at777.icu/99/index/open.html [运行时间：0.012057s][吞吐率：82.94req/s] [内存消耗：1,865.12kb] [文件加载：50]
[ error ] [8]未定义数组下标: 1

---------------------------------------------------------------
[ 2023-09-04T11:08:32+08:00 ] [ log ] at521.icu/99/?uc_sm=1 [运行时间：0.011007s][吞吐率：90.85req/s] [内存消耗：1,865.44kb] [文件加载：51]
[ error ] [8]未定义数组下标: 1

---------------------------------------------------------------
[ 2023-09-04T11:08:32+08:00 ] [ log ] at521.icu/99/?uc_sm=1 [运行时间：0.015193s][吞吐率：65.82req/s] [内存消耗：1,865.44kb] [文件加载：51]
[ error ] [8]未定义数组下标: 1

---------------------------------------------------------------
[ 2023-09-04T11:08:33+08:00 ] [ log ] at521.icu/99/ [运行时间：0.010706s][吞吐率：93.41req/s] [内存消耗：1,864.80kb] [文件加载：51]
[ error ] [8]未定义数组下标: 1

---------------------------------------------------------------
[ 2023-09-04T11:08:33+08:00 ] [ log ] at521.icu/99/ [运行时间：0.013832s][吞吐率：72.30req/s] [内存消耗：1,864.80kb] [文件加载：51]
[ error ] [8]未定义数组下标: 1

---------------------------------------------------------------
[ 2023-09-04T11:08:34+08:00 ] [ log ] at521.icu/99/ [运行时间：0.015406s][吞吐率：64.91req/s] [内存消耗：1,864.80kb] [文件加载：51]
[ error ] [8]未定义数组下标: 1

---------------------------------------------------------------
[ 2023-09-04T11:09:06+08:00 ] [ log ] at521.icu/99/?uc_sm=1 [运行时间：0.010643s][吞吐率：93.96req/s] [内存消耗：1,865.44kb] [文件加载：51]
[ error ] [8]未定义数组下标: 1

---------------------------------------------------------------
[ 2023-09-04T11:15:23+08:00 ] [ log ] at521.icu/99/?uc_sm=1 [运行时间：0.011265s][吞吐率：88.77req/s] [内存消耗：1,865.97kb] [文件加载：51]
[ error ] [8]未定义数组下标: 1

---------------------------------------------------------------
[ 2023-09-04T11:15:33+08:00 ] [ log ] at521.icu/99/?uc_sm=1 [运行时间：0.011182s][吞吐率：89.43req/s] [内存消耗：1,865.97kb] [文件加载：51]
[ error ] [8]未定义数组下标: 1

---------------------------------------------------------------
[ 2023-09-04T11:15:33+08:00 ] [ log ] at521.icu/99/ [运行时间：0.011453s][吞吐率：87.31req/s] [内存消耗：1,865.34kb] [文件加载：51]
[ error ] [8]未定义数组下标: 1

---------------------------------------------------------------
[ 2023-09-04T11:15:34+08:00 ] [ log ] at521.icu/99/favicon.ico [运行时间：0.010070s][吞吐率：99.31req/s] [内存消耗：1,650.74kb] [文件加载：44]
[ error ] [8]未定义数组下标: 1

---------------------------------------------------------------
[ 2023-09-04T11:15:36+08:00 ] [ log ] at521.icu/99/index/open.html [运行时间：0.011006s][吞吐率：90.86req/s] [内存消耗：1,865.12kb] [文件加载：50]
[ error ] [8]未定义数组下标: 1

---------------------------------------------------------------
[ 2023-09-04T11:15:44+08:00 ] [ log ] at521.icu/99/?uc_sm=1 [运行时间：0.013063s][吞吐率：76.55req/s] [内存消耗：1,865.44kb] [文件加载：51]
[ error ] [8]未定义数组下标: 1

---------------------------------------------------------------
[ 2023-09-04T11:15:44+08:00 ] [ log ] at521.icu/99/ [运行时间：0.025562s][吞吐率：39.12req/s] [内存消耗：1,864.80kb] [文件加载：51]
[ error ] [8]未定义数组下标: 1

---------------------------------------------------------------
[ 2023-09-04T11:15:44+08:00 ] [ log ] at521.icu/99/ [运行时间：0.010946s][吞吐率：91.36req/s] [内存消耗：1,864.80kb] [文件加载：51]
[ error ] [8]未定义数组下标: 1

---------------------------------------------------------------
[ 2023-09-04T11:15:45+08:00 ] [ log ] at521.icu/99/favicon.ico [运行时间：0.009227s][吞吐率：108.38req/s] [内存消耗：1,650.74kb] [文件加载：44]
[ error ] [8]未定义数组下标: 1

---------------------------------------------------------------
[ 2023-09-04T11:15:49+08:00 ] [ log ] at521.icu/99/index/open.html [运行时间：0.035902s][吞吐率：27.85req/s] [内存消耗：1,865.12kb] [文件加载：50]
[ error ] [8]未定义数组下标: 1

---------------------------------------------------------------
[ 2023-09-04T11:21:29+08:00 ] [ log ] at522.icu/99/ [运行时间：0.011400s][吞吐率：87.72req/s] [内存消耗：1,865.34kb] [文件加载：51]
[ error ] [8]未定义数组下标: 1

---------------------------------------------------------------
[ 2023-09-04T11:21:30+08:00 ] [ log ] at522.icu/99/favicon.ico [运行时间：0.012095s][吞吐率：82.68req/s] [内存消耗：1,650.74kb] [文件加载：44]
[ error ] [8]未定义数组下标: 1

---------------------------------------------------------------
[ 2023-09-04T11:21:33+08:00 ] [ log ] at522.icu/99/index/open.html [运行时间：0.010915s][吞吐率：91.62req/s] [内存消耗：1,865.12kb] [文件加载：50]
[ error ] [8]未定义数组下标: 1

---------------------------------------------------------------
[ 2023-09-04T11:23:46+08:00 ] [ log ] at888.icu/99/ [运行时间：0.013759s][吞吐率：72.68req/s] [内存消耗：1,865.34kb] [文件加载：51]
[ error ] [8]未定义数组下标: 1

---------------------------------------------------------------
[ 2023-09-04T11:23:47+08:00 ] [ log ] at888.icu/99/favicon.ico [运行时间：0.009379s][吞吐率：106.62req/s] [内存消耗：1,650.74kb] [文件加载：44]
[ error ] [8]未定义数组下标: 1

---------------------------------------------------------------
[ 2023-09-04T11:23:57+08:00 ] [ log ] at888.icu/99/index/open.html [运行时间：0.010668s][吞吐率：93.74req/s] [内存消耗：1,865.12kb] [文件加载：50]
[ error ] [8]未定义数组下标: 1

---------------------------------------------------------------
[ 2023-09-04T11:27:49+08:00 ] [ log ] at521.icu/99/?uc_sm=1 [运行时间：0.010922s][吞吐率：91.56req/s] [内存消耗：1,865.44kb] [文件加载：51]
[ error ] [8]未定义数组下标: 1

---------------------------------------------------------------
[ 2023-09-04T11:27:57+08:00 ] [ log ] at521.icu/99/ [运行时间：0.010892s][吞吐率：91.81req/s] [内存消耗：1,864.80kb] [文件加载：51]
[ error ] [8]未定义数组下标: 1

---------------------------------------------------------------
[ 2023-09-04T11:28:19+08:00 ] [ log ] at521.icu/99/ [运行时间：0.012259s][吞吐率：81.57req/s] [内存消耗：1,864.80kb] [文件加载：51]
[ error ] [8]未定义数组下标: 1

---------------------------------------------------------------
[ 2023-09-04T11:28:19+08:00 ] [ log ] at521.icu/99/ [运行时间：0.010795s][吞吐率：92.63req/s] [内存消耗：1,864.80kb] [文件加载：51]
[ error ] [8]未定义数组下标: 1

---------------------------------------------------------------
[ 2023-09-04T11:28:20+08:00 ] [ log ] at521.icu/99/ [运行时间：0.010958s][吞吐率：91.26req/s] [内存消耗：1,864.80kb] [文件加载：51]
[ error ] [8]未定义数组下标: 1

---------------------------------------------------------------
[ 2023-09-04T11:28:20+08:00 ] [ log ] at521.icu/99/ [运行时间：0.010920s][吞吐率：91.57req/s] [内存消耗：1,864.80kb] [文件加载：51]
[ error ] [8]未定义数组下标: 1

---------------------------------------------------------------
[ 2023-09-04T11:28:25+08:00 ] [ log ] at521.icu/99/?uc_sm=1 [运行时间：0.014427s][吞吐率：69.31req/s] [内存消耗：1,865.44kb] [文件加载：51]
[ error ] [8]未定义数组下标: 1

---------------------------------------------------------------
[ 2023-09-04T11:28:47+08:00 ] [ log ] at521.icu/99/?uc_sm=1 [运行时间：0.011265s][吞吐率：88.77req/s] [内存消耗：1,865.44kb] [文件加载：51]
[ error ] [8]未定义数组下标: 1

---------------------------------------------------------------
[ 2023-09-04T11:28:47+08:00 ] [ log ] at521.icu/99/?uc_sm=1 [运行时间：0.010811s][吞吐率：92.50req/s] [内存消耗：1,865.44kb] [文件加载：51]
[ error ] [8]未定义数组下标: 1

---------------------------------------------------------------
[ 2023-09-04T11:28:57+08:00 ] [ log ] at521.icu/99/?uc_sm=1 [运行时间：0.011447s][吞吐率：87.36req/s] [内存消耗：1,865.44kb] [文件加载：51]
[ error ] [8]未定义数组下标: 1

---------------------------------------------------------------
[ 2023-09-04T11:30:11+08:00 ] [ log ] at666.icu/99/index/open.html [运行时间：0.010618s][吞吐率：94.18req/s] [内存消耗：1,865.65kb] [文件加载：50]
[ error ] [8]未定义数组下标: 1

---------------------------------------------------------------
[ 2023-09-04T11:49:17+08:00 ] [ log ] at666.icu/99/index/open.html [运行时间：0.014686s][吞吐率：68.09req/s] [内存消耗：1,865.12kb] [文件加载：50]
[ error ] [8]未定义数组下标: 1

---------------------------------------------------------------
[ 2023-09-04T12:00:49+08:00 ] [ log ] at666.icu/99/index/open.html [运行时间：0.010539s][吞吐率：94.89req/s] [内存消耗：1,865.12kb] [文件加载：50]
[ error ] [8]未定义数组下标: 1

---------------------------------------------------------------
[ 2023-09-04T12:23:53+08:00 ] [ log ] at888.icu/99/ [运行时间：0.031215s][吞吐率：32.04req/s] [内存消耗：1,865.34kb] [文件加载：51]
[ error ] [8]未定义数组下标: 1

---------------------------------------------------------------
[ 2023-09-04T12:23:54+08:00 ] [ log ] at888.icu/99/favicon.ico [运行时间：0.010132s][吞吐率：98.70req/s] [内存消耗：1,650.74kb] [文件加载：44]
[ error ] [8]未定义数组下标: 1

---------------------------------------------------------------
[ 2023-09-04T12:23:55+08:00 ] [ log ] at888.icu/99/index/open.html [运行时间：0.013589s][吞吐率：73.59req/s] [内存消耗：1,865.12kb] [文件加载：50]
[ error ] [8]未定义数组下标: 1

---------------------------------------------------------------
[ 2023-09-04T12:34:57+08:00 ] [ log ] at522.icu/99/ [运行时间：0.010918s][吞吐率：91.59req/s] [内存消耗：1,865.34kb] [文件加载：51]
[ error ] [8]未定义数组下标: 1

---------------------------------------------------------------
[ 2023-09-04T12:34:59+08:00 ] [ log ] at522.icu/99/favicon.ico [运行时间：0.025844s][吞吐率：38.69req/s] [内存消耗：1,650.74kb] [文件加载：44]
[ error ] [8]未定义数组下标: 1

---------------------------------------------------------------
[ 2023-09-04T12:35:02+08:00 ] [ log ] at522.icu/99/index/open.html [运行时间：0.010759s][吞吐率：92.95req/s] [内存消耗：1,865.12kb] [文件加载：50]
[ error ] [8]未定义数组下标: 1

---------------------------------------------------------------
[ 2023-09-04T12:59:40+08:00 ] [ log ] at666.icu/99/index/open.html [运行时间：0.010949s][吞吐率：91.33req/s] [内存消耗：1,865.65kb] [文件加载：50]
[ error ] [8]未定义数组下标: 1

---------------------------------------------------------------
[ 2023-09-04T12:59:53+08:00 ] [ log ] at1666.com/99/ [运行时间：0.022756s][吞吐率：43.94req/s] [内存消耗：1,865.34kb] [文件加载：51]
[ error ] [8]未定义数组下标: 1

---------------------------------------------------------------
[ 2023-09-04T12:59:54+08:00 ] [ log ] at1666.com/99/favicon.ico [运行时间：0.017414s][吞吐率：57.42req/s] [内存消耗：1,650.74kb] [文件加载：44]
[ error ] [8]未定义数组下标: 1

---------------------------------------------------------------
[ 2023-09-04T12:59:56+08:00 ] [ log ] at1666.com/99/index/open.html [运行时间：0.010806s][吞吐率：92.54req/s] [内存消耗：1,865.12kb] [文件加载：50]
[ error ] [8]未定义数组下标: 1

---------------------------------------------------------------
[ 2023-09-04T13:01:28+08:00 ] [ log ] at666.icu/99/index/open.html [运行时间：0.011012s][吞吐率：90.81req/s] [内存消耗：1,865.15kb] [文件加载：50]
[ error ] [8]未定义数组下标: 1

---------------------------------------------------------------
[ 2023-09-04T13:01:37+08:00 ] [ log ] at666.icu/99/index/open.html [运行时间：0.010670s][吞吐率：93.72req/s] [内存消耗：1,865.15kb] [文件加载：50]
[ error ] [8]未定义数组下标: 1

---------------------------------------------------------------
[ 2023-09-04T14:06:12+08:00 ] [ log ] at521.icu/99/ [运行时间：0.016044s][吞吐率：62.33req/s] [内存消耗：1,865.34kb] [文件加载：51]
[ error ] [8]未定义数组下标: 1

---------------------------------------------------------------
[ 2023-09-04T14:06:15+08:00 ] [ log ] at521.icu/99/ [运行时间：0.015193s][吞吐率：65.82req/s] [内存消耗：1,865.34kb] [文件加载：51]
[ error ] [8]未定义数组下标: 1

---------------------------------------------------------------
[ 2023-09-04T14:06:15+08:00 ] [ log ] at521.icu/99/ [运行时间：0.010756s][吞吐率：92.97req/s] [内存消耗：1,865.34kb] [文件加载：51]
[ error ] [8]未定义数组下标: 1

---------------------------------------------------------------
[ 2023-09-04T15:37:56+08:00 ] [ log ] at666.icu/99/index/open.html [运行时间：0.011420s][吞吐率：87.57req/s] [内存消耗：1,865.65kb] [文件加载：50]
[ error ] [8]未定义数组下标: 1

---------------------------------------------------------------
[ 2023-09-04T17:20:04+08:00 ] [ log ] at888.icu/99/ [运行时间：0.012069s][吞吐率：82.86req/s] [内存消耗：1,865.34kb] [文件加载：51]
[ error ] [8]未定义数组下标: 1

---------------------------------------------------------------
[ 2023-09-04T17:20:08+08:00 ] [ log ] at888.icu/99/favicon.ico [运行时间：0.009788s][吞吐率：102.17req/s] [内存消耗：1,650.74kb] [文件加载：44]
[ error ] [8]未定义数组下标: 1

---------------------------------------------------------------
[ 2023-09-04T17:20:10+08:00 ] [ log ] at888.icu/99/index/open.html [运行时间：0.010552s][吞吐率：94.77req/s] [内存消耗：1,865.12kb] [文件加载：50]
[ error ] [8]未定义数组下标: 1

---------------------------------------------------------------
[ 2023-09-04T17:51:48+08:00 ] [ log ] at521.icu/99/?uc_sm=1 [运行时间：0.038636s][吞吐率：25.88req/s] [内存消耗：1,865.97kb] [文件加载：51]
[ error ] [8]未定义数组下标: 1

---------------------------------------------------------------
[ 2023-09-04T17:51:49+08:00 ] [ log ] at521.icu/99/ [运行时间：0.013864s][吞吐率：72.13req/s] [内存消耗：1,865.34kb] [文件加载：51]
[ error ] [8]未定义数组下标: 1

---------------------------------------------------------------
[ 2023-09-04T17:51:59+08:00 ] [ log ] at521.icu/99/?uc_sm=1 [运行时间：0.010760s][吞吐率：92.94req/s] [内存消耗：1,865.97kb] [文件加载：51]
[ error ] [8]未定义数组下标: 1

---------------------------------------------------------------
[ 2023-09-04T17:52:01+08:00 ] [ log ] at521.icu/99/ [运行时间：0.010950s][吞吐率：91.33req/s] [内存消耗：1,865.34kb] [文件加载：51]
[ error ] [8]未定义数组下标: 1

---------------------------------------------------------------
[ 2023-09-04T17:52:01+08:00 ] [ log ] at521.icu/99/ [运行时间：0.011069s][吞吐率：90.34req/s] [内存消耗：1,865.34kb] [文件加载：51]
[ error ] [8]未定义数组下标: 1

---------------------------------------------------------------
[ 2023-09-04T17:54:42+08:00 ] [ log ] at522.icu/99/ [运行时间：0.012116s][吞吐率：82.54req/s] [内存消耗：1,865.34kb] [文件加载：51]
[ error ] [8]未定义数组下标: 1

---------------------------------------------------------------
[ 2023-09-04T17:54:44+08:00 ] [ log ] at522.icu/99/favicon.ico [运行时间：0.009259s][吞吐率：108.00req/s] [内存消耗：1,650.74kb] [文件加载：44]
[ error ] [8]未定义数组下标: 1

---------------------------------------------------------------
[ 2023-09-04T17:54:47+08:00 ] [ log ] at522.icu/99/index/open.html [运行时间：0.013545s][吞吐率：73.83req/s] [内存消耗：1,865.12kb] [文件加载：50]
[ error ] [8]未定义数组下标: 1

---------------------------------------------------------------
[ 2023-09-04T17:55:54+08:00 ] [ log ] at522.icu/99/ [运行时间：0.026398s][吞吐率：37.88req/s] [内存消耗：1,864.80kb] [文件加载：51]
[ error ] [8]未定义数组下标: 1

---------------------------------------------------------------
[ 2023-09-04T17:56:17+08:00 ] [ log ] at522.icu/99/index/open.html [运行时间：0.013449s][吞吐率：74.36req/s] [内存消耗：1,865.12kb] [文件加载：50]
[ error ] [8]未定义数组下标: 1

---------------------------------------------------------------
[ 2023-09-04T18:03:18+08:00 ] [ log ] at522.icu/99/ [运行时间：0.021759s][吞吐率：45.96req/s] [内存消耗：1,865.34kb] [文件加载：51]
[ error ] [8]未定义数组下标: 1

---------------------------------------------------------------
[ 2023-09-04T18:03:19+08:00 ] [ log ] at522.icu/99/favicon.ico [运行时间：0.009389s][吞吐率：106.51req/s] [内存消耗：1,650.74kb] [文件加载：44]
[ error ] [8]未定义数组下标: 1

---------------------------------------------------------------
[ 2023-09-04T18:03:22+08:00 ] [ log ] at522.icu/99/index/open.html [运行时间：0.019102s][吞吐率：52.35req/s] [内存消耗：1,865.12kb] [文件加载：50]
[ error ] [8]未定义数组下标: 1

---------------------------------------------------------------
[ 2023-09-04T18:06:12+08:00 ] [ log ] at521.icu/99/ [运行时间：0.011578s][吞吐率：86.37req/s] [内存消耗：1,865.34kb] [文件加载：51]
[ error ] [8]未定义数组下标: 1

---------------------------------------------------------------
[ 2023-09-04T18:06:13+08:00 ] [ log ] at521.icu/99/favicon.ico [运行时间：0.010236s][吞吐率：97.69req/s] [内存消耗：1,650.74kb] [文件加载：44]
[ error ] [8]未定义数组下标: 1

---------------------------------------------------------------
[ 2023-09-04T18:06:26+08:00 ] [ log ] at521.icu/99/index/open.html [运行时间：0.015815s][吞吐率：63.23req/s] [内存消耗：1,865.12kb] [文件加载：50]
[ error ] [8]未定义数组下标: 1

---------------------------------------------------------------
[ 2023-09-04T18:17:09+08:00 ] [ log ] at522.icu/99/ [运行时间：0.011547s][吞吐率：86.60req/s] [内存消耗：1,864.80kb] [文件加载：51]
[ error ] [8]未定义数组下标: 1

---------------------------------------------------------------
[ 2023-09-04T18:17:10+08:00 ] [ log ] at522.icu/99/favicon.ico [运行时间：0.009717s][吞吐率：102.91req/s] [内存消耗：1,650.74kb] [文件加载：44]
[ error ] [8]未定义数组下标: 1

---------------------------------------------------------------
[ 2023-09-04T18:17:16+08:00 ] [ log ] at522.icu/99/index/open.html [运行时间：0.011021s][吞吐率：90.73req/s] [内存消耗：1,865.12kb] [文件加载：50]
[ error ] [8]未定义数组下标: 1

---------------------------------------------------------------
[ 2023-09-04T18:54:31+08:00 ] [ log ] at1666.com/99/ [运行时间：0.010875s][吞吐率：91.95req/s] [内存消耗：1,865.34kb] [文件加载：51]
[ error ] [8]未定义数组下标: 1

---------------------------------------------------------------
[ 2023-09-04T18:54:47+08:00 ] [ log ] at888.icu/99/ [运行时间：0.011394s][吞吐率：87.77req/s] [内存消耗：1,865.34kb] [文件加载：51]
[ error ] [8]未定义数组下标: 1

---------------------------------------------------------------
[ 2023-09-04T18:54:49+08:00 ] [ log ] at888.icu/99/favicon.ico [运行时间：0.015353s][吞吐率：65.13req/s] [内存消耗：1,650.74kb] [文件加载：44]
[ error ] [8]未定义数组下标: 1

---------------------------------------------------------------
[ 2023-09-04T18:54:52+08:00 ] [ log ] at888.icu/99/index/open.html [运行时间：0.011496s][吞吐率：86.99req/s] [内存消耗：1,865.12kb] [文件加载：50]
[ error ] [8]未定义数组下标: 1

---------------------------------------------------------------
[ 2023-09-04T19:01:30+08:00 ] [ log ] at522.icu/99/ [运行时间：0.011689s][吞吐率：85.55req/s] [内存消耗：1,865.34kb] [文件加载：51]
[ error ] [8]未定义数组下标: 1

---------------------------------------------------------------
[ 2023-09-04T19:01:30+08:00 ] [ log ] at522.icu/99/favicon.ico [运行时间：0.009806s][吞吐率：101.98req/s] [内存消耗：1,650.74kb] [文件加载：44]
[ error ] [8]未定义数组下标: 1

---------------------------------------------------------------
[ 2023-09-04T19:01:33+08:00 ] [ log ] at522.icu/99/index/open.html [运行时间：0.010659s][吞吐率：93.82req/s] [内存消耗：1,865.12kb] [文件加载：50]
[ error ] [8]未定义数组下标: 1

---------------------------------------------------------------
[ 2023-09-04T19:02:42+08:00 ] [ log ] at522.icu/99/ [运行时间：0.025730s][吞吐率：38.86req/s] [内存消耗：1,864.80kb] [文件加载：51]
[ error ] [8]未定义数组下标: 1

---------------------------------------------------------------
[ 2023-09-04T19:02:43+08:00 ] [ log ] at522.icu/99/favicon.ico [运行时间：0.026517s][吞吐率：37.71req/s] [内存消耗：1,650.74kb] [文件加载：44]
[ error ] [8]未定义数组下标: 1

---------------------------------------------------------------
[ 2023-09-04T19:02:48+08:00 ] [ log ] at522.icu/99/index/open.html [运行时间：0.011219s][吞吐率：89.13req/s] [内存消耗：1,865.12kb] [文件加载：50]
[ error ] [8]未定义数组下标: 1

---------------------------------------------------------------
[ 2023-09-04T19:13:34+08:00 ] [ log ] at521.icu/99/ [运行时间：0.012858s][吞吐率：77.77req/s] [内存消耗：1,865.34kb] [文件加载：51]
[ error ] [8]未定义数组下标: 1

---------------------------------------------------------------
[ 2023-09-04T19:13:41+08:00 ] [ log ] at521.icu/99/ [运行时间：0.019796s][吞吐率：50.52req/s] [内存消耗：1,865.34kb] [文件加载：51]
[ error ] [8]未定义数组下标: 1

---------------------------------------------------------------
[ 2023-09-04T19:13:41+08:00 ] [ log ] at521.icu/99/ [运行时间：0.011841s][吞吐率：84.45req/s] [内存消耗：1,865.34kb] [文件加载：51]
[ error ] [8]未定义数组下标: 1

---------------------------------------------------------------
[ 2023-09-04T19:15:34+08:00 ] [ log ] at521.icu/99/?uc_sm=1&from=wh10331 [运行时间：0.012059s][吞吐率：82.93req/s] [内存消耗：1,865.98kb] [文件加载：51]
[ error ] [8]未定义数组下标: 1

---------------------------------------------------------------
[ 2023-09-04T19:15:34+08:00 ] [ log ] at521.icu/99/?uc_sm=1&from=wh10331 [运行时间：0.010759s][吞吐率：92.95req/s] [内存消耗：1,865.98kb] [文件加载：51]
[ error ] [8]未定义数组下标: 1

---------------------------------------------------------------
[ 2023-09-04T19:15:35+08:00 ] [ log ] at521.icu/99/ [运行时间：0.011231s][吞吐率：89.04req/s] [内存消耗：1,865.34kb] [文件加载：51]
[ error ] [8]未定义数组下标: 1

---------------------------------------------------------------
[ 2023-09-04T19:15:35+08:00 ] [ log ] at521.icu/99/ [运行时间：0.010643s][吞吐率：93.96req/s] [内存消耗：1,865.34kb] [文件加载：51]
[ error ] [8]未定义数组下标: 1

---------------------------------------------------------------
[ 2023-09-04T19:15:35+08:00 ] [ log ] at521.icu/99/ [运行时间：0.010749s][吞吐率：93.03req/s] [内存消耗：1,865.34kb] [文件加载：51]
[ error ] [8]未定义数组下标: 1

---------------------------------------------------------------
[ 2023-09-04T19:38:05+08:00 ] [ log ] at888.icu/99/ [运行时间：0.010963s][吞吐率：91.21req/s] [内存消耗：1,865.34kb] [文件加载：51]
[ error ] [8]未定义数组下标: 1

---------------------------------------------------------------
[ 2023-09-04T19:38:09+08:00 ] [ log ] at888.icu/99/index/open.html [运行时间：0.014030s][吞吐率：71.28req/s] [内存消耗：1,865.12kb] [文件加载：50]
[ error ] [8]未定义数组下标: 1

---------------------------------------------------------------
[ 2023-09-04T19:40:00+08:00 ] [ log ] at888.icu/99/ [运行时间：0.012537s][吞吐率：79.76req/s] [内存消耗：1,864.80kb] [文件加载：51]
[ error ] [8]未定义数组下标: 1

---------------------------------------------------------------
[ 2023-09-04T19:40:05+08:00 ] [ log ] at888.icu/99/index/open.html [运行时间：0.010957s][吞吐率：91.27req/s] [内存消耗：1,865.12kb] [文件加载：50]
[ error ] [8]未定义数组下标: 1

---------------------------------------------------------------
[ 2023-09-04T19:41:41+08:00 ] [ log ] at888.icu/99/ [运行时间：0.018735s][吞吐率：53.38req/s] [内存消耗：1,864.80kb] [文件加载：51]
[ error ] [8]未定义数组下标: 1

---------------------------------------------------------------
[ 2023-09-04T19:41:59+08:00 ] [ log ] at888.icu/99/ [运行时间：0.030188s][吞吐率：33.13req/s] [内存消耗：1,864.80kb] [文件加载：51]
[ error ] [8]未定义数组下标: 1

---------------------------------------------------------------
[ 2023-09-04T19:42:07+08:00 ] [ log ] at888.icu/99/ [运行时间：0.010573s][吞吐率：94.58req/s] [内存消耗：1,864.80kb] [文件加载：51]
[ error ] [8]未定义数组下标: 1

---------------------------------------------------------------
[ 2023-09-04T19:42:10+08:00 ] [ log ] at888.icu/99/index/open.html [运行时间：0.025243s][吞吐率：39.62req/s] [内存消耗：1,865.12kb] [文件加载：50]
[ error ] [8]未定义数组下标: 1

---------------------------------------------------------------
[ 2023-09-04T19:44:34+08:00 ] [ log ] at888.icu/99/ [运行时间：0.012280s][吞吐率：81.43req/s] [内存消耗：1,864.80kb] [文件加载：51]
[ error ] [8]未定义数组下标: 1

---------------------------------------------------------------
[ 2023-09-04T19:47:30+08:00 ] [ log ] at888.icu/99/ [运行时间：0.010769s][吞吐率：92.86req/s] [内存消耗：1,864.80kb] [文件加载：51]
[ error ] [8]未定义数组下标: 1

---------------------------------------------------------------
[ 2023-09-04T19:47:34+08:00 ] [ log ] at888.icu/99/index/open.html [运行时间：0.013173s][吞吐率：75.91req/s] [内存消耗：1,865.12kb] [文件加载：50]
[ error ] [8]未定义数组下标: 1

---------------------------------------------------------------
[ 2023-09-04T19:48:11+08:00 ] [ log ] at888.icu/99/ [运行时间：0.016371s][吞吐率：61.08req/s] [内存消耗：1,864.80kb] [文件加载：51]
[ error ] [8]未定义数组下标: 1

---------------------------------------------------------------
[ 2023-09-04T19:48:19+08:00 ] [ log ] at522.icu/99/ [运行时间：0.010860s][吞吐率：92.08req/s] [内存消耗：1,865.34kb] [文件加载：51]
[ error ] [8]未定义数组下标: 1

---------------------------------------------------------------
[ 2023-09-04T19:48:22+08:00 ] [ log ] at522.icu/99/favicon.ico [运行时间：0.009554s][吞吐率：104.67req/s] [内存消耗：1,650.74kb] [文件加载：44]
[ error ] [8]未定义数组下标: 1

---------------------------------------------------------------
[ 2023-09-04T19:48:34+08:00 ] [ log ] at522.icu/99/index/open.html [运行时间：0.014178s][吞吐率：70.53req/s] [内存消耗：1,865.12kb] [文件加载：50]
[ error ] [8]未定义数组下标: 1

---------------------------------------------------------------
[ 2023-09-04T19:49:20+08:00 ] [ log ] at522.icu/99/ [运行时间：0.039674s][吞吐率：25.21req/s] [内存消耗：1,865.34kb] [文件加载：51]
[ error ] [8]未定义数组下标: 1

---------------------------------------------------------------
[ 2023-09-04T19:49:34+08:00 ] [ log ] at522.icu/99/index/open.html [运行时间：0.013162s][吞吐率：75.98req/s] [内存消耗：1,865.65kb] [文件加载：50]
[ error ] [8]未定义数组下标: 1

---------------------------------------------------------------
[ 2023-09-04T20:04:15+08:00 ] [ log ] at1666.com/99/ [运行时间：0.014545s][吞吐率：68.75req/s] [内存消耗：1,865.34kb] [文件加载：51]
[ error ] [8]未定义数组下标: 1

---------------------------------------------------------------
[ 2023-09-04T20:04:21+08:00 ] [ log ] at1666.com/99/favicon.ico [运行时间：0.010471s][吞吐率：95.50req/s] [内存消耗：1,650.74kb] [文件加载：44]
[ error ] [8]未定义数组下标: 1

---------------------------------------------------------------
[ 2023-09-04T20:04:22+08:00 ] [ log ] at1666.com/99/index/open.html [运行时间：0.010540s][吞吐率：94.88req/s] [内存消耗：1,865.12kb] [文件加载：50]
[ error ] [8]未定义数组下标: 1

---------------------------------------------------------------
[ 2023-09-04T20:14:07+08:00 ] [ log ] at522.icu/99/ [运行时间：0.010798s][吞吐率：92.61req/s] [内存消耗：1,865.34kb] [文件加载：51]
[ error ] [8]未定义数组下标: 1

---------------------------------------------------------------
[ 2023-09-04T20:14:08+08:00 ] [ log ] at522.icu/99/favicon.ico [运行时间：0.020436s][吞吐率：48.93req/s] [内存消耗：1,650.74kb] [文件加载：44]
[ error ] [8]未定义数组下标: 1

---------------------------------------------------------------
[ 2023-09-04T20:14:13+08:00 ] [ log ] at522.icu/99/index/open.html [运行时间：0.010604s][吞吐率：94.30req/s] [内存消耗：1,865.12kb] [文件加载：50]
[ error ] [8]未定义数组下标: 1

---------------------------------------------------------------
[ 2023-09-04T20:19:39+08:00 ] [ log ] at522.icu/99/ [运行时间：0.018105s][吞吐率：55.23req/s] [内存消耗：1,865.34kb] [文件加载：51]
[ error ] [8]未定义数组下标: 1

---------------------------------------------------------------
[ 2023-09-04T20:19:40+08:00 ] [ log ] at522.icu/99/favicon.ico [运行时间：0.009925s][吞吐率：100.76req/s] [内存消耗：1,650.74kb] [文件加载：44]
[ error ] [8]未定义数组下标: 1

---------------------------------------------------------------
[ 2023-09-04T20:19:47+08:00 ] [ log ] at522.icu/99/index/open.html [运行时间：0.011848s][吞吐率：84.40req/s] [内存消耗：1,865.12kb] [文件加载：50]
[ error ] [8]未定义数组下标: 1

---------------------------------------------------------------
[ 2023-09-04T20:34:19+08:00 ] [ log ] at888.icu/99/ [运行时间：0.010803s][吞吐率：92.57req/s] [内存消耗：1,865.34kb] [文件加载：51]
[ error ] [8]未定义数组下标: 1

---------------------------------------------------------------
[ 2023-09-04T20:34:24+08:00 ] [ log ] at888.icu/99/favicon.ico [运行时间：0.035699s][吞吐率：28.01req/s] [内存消耗：1,650.74kb] [文件加载：44]
[ error ] [8]未定义数组下标: 1

---------------------------------------------------------------
[ 2023-09-04T20:34:25+08:00 ] [ log ] at888.icu/99/favicon.ico [运行时间：0.012665s][吞吐率：78.96req/s] [内存消耗：1,650.74kb] [文件加载：44]
[ error ] [8]未定义数组下标: 1

---------------------------------------------------------------
[ 2023-09-04T20:34:26+08:00 ] [ log ] at888.icu/99/index/open.html [运行时间：0.011563s][吞吐率：86.48req/s] [内存消耗：1,865.12kb] [文件加载：50]
[ error ] [8]未定义数组下标: 1

---------------------------------------------------------------
[ 2023-09-04T20:38:34+08:00 ] [ log ] at888.icu/99/ [运行时间：0.024183s][吞吐率：41.35req/s] [内存消耗：1,864.80kb] [文件加载：51]
[ error ] [8]未定义数组下标: 1

---------------------------------------------------------------
[ 2023-09-04T20:38:34+08:00 ] [ log ] at888.icu/99/favicon.ico [运行时间：0.026886s][吞吐率：37.19req/s] [内存消耗：1,650.74kb] [文件加载：44]
[ error ] [8]未定义数组下标: 1

---------------------------------------------------------------
[ 2023-09-04T20:38:37+08:00 ] [ log ] at888.icu/99/index/open.html [运行时间：0.010633s][吞吐率：94.05req/s] [内存消耗：1,865.12kb] [文件加载：50]
[ error ] [8]未定义数组下标: 1

---------------------------------------------------------------
[ 2023-09-04T20:52:45+08:00 ] [ log ] at888.icu/99/ [运行时间：0.011458s][吞吐率：87.28req/s] [内存消耗：1,864.80kb] [文件加载：51]
[ error ] [8]未定义数组下标: 1

---------------------------------------------------------------
[ 2023-09-04T20:52:47+08:00 ] [ log ] at888.icu/99/favicon.ico [运行时间：0.033046s][吞吐率：30.26req/s] [内存消耗：1,650.74kb] [文件加载：44]
[ error ] [8]未定义数组下标: 1

---------------------------------------------------------------
[ 2023-09-04T20:52:50+08:00 ] [ log ] at888.icu/99/index/open.html [运行时间：0.015610s][吞吐率：64.06req/s] [内存消耗：1,865.12kb] [文件加载：50]
[ error ] [8]未定义数组下标: 1

---------------------------------------------------------------
[ 2023-09-04T20:56:54+08:00 ] [ log ] at888.icu/99/ [运行时间：0.010926s][吞吐率：91.52req/s] [内存消耗：1,864.80kb] [文件加载：51]
[ error ] [8]未定义数组下标: 1

---------------------------------------------------------------
[ 2023-09-04T20:56:55+08:00 ] [ log ] at888.icu/99/favicon.ico [运行时间：0.009423s][吞吐率：106.12req/s] [内存消耗：1,650.74kb] [文件加载：44]
[ error ] [8]未定义数组下标: 1

---------------------------------------------------------------
[ 2023-09-04T20:56:57+08:00 ] [ log ] at888.icu/99/index/open.html [运行时间：0.010782s][吞吐率：92.75req/s] [内存消耗：1,865.12kb] [文件加载：50]
[ error ] [8]未定义数组下标: 1

---------------------------------------------------------------
[ 2023-09-04T21:00:28+08:00 ] [ log ] at888.icu/99/ [运行时间：0.013576s][吞吐率：73.66req/s] [内存消耗：1,864.80kb] [文件加载：51]
[ error ] [8]未定义数组下标: 1

---------------------------------------------------------------
[ 2023-09-04T21:00:29+08:00 ] [ log ] at888.icu/99/favicon.ico [运行时间：0.009367s][吞吐率：106.76req/s] [内存消耗：1,650.74kb] [文件加载：44]
[ error ] [8]未定义数组下标: 1

---------------------------------------------------------------
[ 2023-09-04T21:00:31+08:00 ] [ log ] at888.icu/99/index/open.html [运行时间：0.010861s][吞吐率：92.07req/s] [内存消耗：1,865.12kb] [文件加载：50]
[ error ] [8]未定义数组下标: 1

---------------------------------------------------------------
[ 2023-09-04T22:25:00+08:00 ] [ log ] at521.icu/99/ [运行时间：0.011385s][吞吐率：87.84req/s] [内存消耗：1,865.34kb] [文件加载：51]
[ error ] [8]未定义数组下标: 1

---------------------------------------------------------------
[ 2023-09-04T22:25:00+08:00 ] [ log ] at521.icu/99/ [运行时间：0.010727s][吞吐率：93.22req/s] [内存消耗：1,865.34kb] [文件加载：51]
[ error ] [8]未定义数组下标: 1

---------------------------------------------------------------
[ 2023-09-04T22:25:00+08:00 ] [ log ] at521.icu/99/ [运行时间：0.010814s][吞吐率：92.47req/s] [内存消耗：1,865.34kb] [文件加载：51]
[ error ] [8]未定义数组下标: 1

---------------------------------------------------------------
[ 2023-09-04T22:25:03+08:00 ] [ log ] at521.icu/99/ [运行时间：0.039727s][吞吐率：25.17req/s] [内存消耗：1,865.34kb] [文件加载：51]
[ error ] [8]未定义数组下标: 1

---------------------------------------------------------------
[ 2023-09-04T22:25:05+08:00 ] [ log ] at521.icu/99/ [运行时间：0.036116s][吞吐率：27.69req/s] [内存消耗：1,865.34kb] [文件加载：51]
[ error ] [8]未定义数组下标: 1

---------------------------------------------------------------
[ 2023-09-04T22:25:05+08:00 ] [ log ] at521.icu/99/ [运行时间：0.023482s][吞吐率：42.59req/s] [内存消耗：1,865.34kb] [文件加载：51]
[ error ] [8]未定义数组下标: 1

---------------------------------------------------------------
[ 2023-09-04T22:25:22+08:00 ] [ log ] at521.icu/99/?uc_sm=1 [运行时间：0.012306s][吞吐率：81.26req/s] [内存消耗：1,865.97kb] [文件加载：51]
[ error ] [8]未定义数组下标: 1

---------------------------------------------------------------
[ 2023-09-04T22:25:22+08:00 ] [ log ] at521.icu/99/?uc_sm=1 [运行时间：0.010840s][吞吐率：92.25req/s] [内存消耗：1,865.97kb] [文件加载：51]
[ error ] [8]未定义数组下标: 1

---------------------------------------------------------------
[ 2023-09-04T22:25:22+08:00 ] [ log ] at521.icu/99/?uc_sm=1 [运行时间：0.010777s][吞吐率：92.79req/s] [内存消耗：1,865.97kb] [文件加载：51]
[ error ] [8]未定义数组下标: 1

---------------------------------------------------------------
