[ 2023-09-05T00:57:47+08:00 ] [ log ] at522.icu/99/ [运行时间：0.010571s][吞吐率：94.60req/s] [内存消耗：1,857.63kb] [文件加载：48]
[ error ] [8]Undefined offset: 1

---------------------------------------------------------------
[ 2023-09-05T00:57:50+08:00 ] [ log ] at522.icu/99/favicon.ico [运行时间：0.022632s][吞吐率：44.18req/s] [内存消耗：1,643.13kb] [文件加载：42]
[ error ] [8]Undefined offset: 1

---------------------------------------------------------------
[ 2023-09-05T03:00:42+08:00 ] [ log ] at666.icu/99/ [运行时间：0.011392s][吞吐率：87.78req/s] [内存消耗：1,865.34kb] [文件加载：51]
[ error ] [8]未定义数组下标: 1

---------------------------------------------------------------
[ 2023-09-05T03:00:43+08:00 ] [ log ] at666.icu/99/favicon.ico [运行时间：0.009750s][吞吐率：102.56req/s] [内存消耗：1,650.74kb] [文件加载：44]
[ error ] [8]未定义数组下标: 1

---------------------------------------------------------------
[ 2023-09-05T03:01:12+08:00 ] [ log ] at522.icu/99/ [运行时间：0.011551s][吞吐率：86.57req/s] [内存消耗：1,865.34kb] [文件加载：51]
[ error ] [8]未定义数组下标: 1

---------------------------------------------------------------
[ 2023-09-05T03:01:13+08:00 ] [ log ] at522.icu/99/favicon.ico [运行时间：0.009829s][吞吐率：101.74req/s] [内存消耗：1,650.74kb] [文件加载：44]
[ error ] [8]未定义数组下标: 1

---------------------------------------------------------------
[ 2023-09-05T05:09:56+08:00 ] [ log ] at666.icu/99/ [运行时间：0.011071s][吞吐率：90.32req/s] [内存消耗：1,857.63kb] [文件加载：48]
[ error ] [8]Undefined offset: 1

---------------------------------------------------------------
[ 2023-09-05T05:09:57+08:00 ] [ log ] at666.icu/99/favicon.ico [运行时间：0.012535s][吞吐率：79.78req/s] [内存消耗：1,643.13kb] [文件加载：42]
[ error ] [8]Undefined offset: 1

---------------------------------------------------------------
[ 2023-09-05T05:10:03+08:00 ] [ log ] at666.icu/99/ [运行时间：0.013311s][吞吐率：75.13req/s] [内存消耗：1,864.84kb] [文件加载：51]
[ error ] [8]未定义数组下标: 1

---------------------------------------------------------------
[ 2023-09-05T06:47:38+08:00 ] [ log ] at521.icu/99/ [运行时间：0.011404s][吞吐率：87.69req/s] [内存消耗：1,865.34kb] [文件加载：51]
[ error ] [8]未定义数组下标: 1

---------------------------------------------------------------
[ 2023-09-05T06:47:38+08:00 ] [ log ] at521.icu/99/ [运行时间：0.015831s][吞吐率：63.17req/s] [内存消耗：1,865.34kb] [文件加载：51]
[ error ] [8]未定义数组下标: 1

---------------------------------------------------------------
[ 2023-09-05T06:47:38+08:00 ] [ log ] at521.icu/99/ [运行时间：0.010809s][吞吐率：92.52req/s] [内存消耗：1,865.34kb] [文件加载：51]
[ error ] [8]未定义数组下标: 1

---------------------------------------------------------------
[ 2023-09-05T06:47:38+08:00 ] [ log ] at521.icu/99/ [运行时间：0.010936s][吞吐率：91.44req/s] [内存消耗：1,865.34kb] [文件加载：51]
[ error ] [8]未定义数组下标: 1

---------------------------------------------------------------
[ 2023-09-05T06:47:39+08:00 ] [ log ] at521.icu/99/ [运行时间：0.011558s][吞吐率：86.52req/s] [内存消耗：1,865.34kb] [文件加载：51]
[ error ] [8]未定义数组下标: 1

---------------------------------------------------------------
[ 2023-09-05T06:51:30+08:00 ] [ log ] at521.icu/99/?uc_sm=1 [运行时间：0.011168s][吞吐率：89.54req/s] [内存消耗：1,865.97kb] [文件加载：51]
[ error ] [8]未定义数组下标: 1

---------------------------------------------------------------
[ 2023-09-05T07:02:44+08:00 ] [ log ] at521.icu/99/ [运行时间：0.015766s][吞吐率：63.43req/s] [内存消耗：1,865.34kb] [文件加载：51]
[ error ] [8]未定义数组下标: 1

---------------------------------------------------------------
[ 2023-09-05T07:02:44+08:00 ] [ log ] at521.icu/99/ [运行时间：0.015180s][吞吐率：65.88req/s] [内存消耗：1,865.34kb] [文件加载：51]
[ error ] [8]未定义数组下标: 1

---------------------------------------------------------------
[ 2023-09-05T07:02:45+08:00 ] [ log ] at521.icu/99/ [运行时间：0.015024s][吞吐率：66.56req/s] [内存消耗：1,865.34kb] [文件加载：51]
[ error ] [8]未定义数组下标: 1

---------------------------------------------------------------
[ 2023-09-05T07:02:45+08:00 ] [ log ] at521.icu/99/ [运行时间：0.010644s][吞吐率：93.95req/s] [内存消耗：1,865.34kb] [文件加载：51]
[ error ] [8]未定义数组下标: 1

---------------------------------------------------------------
[ 2023-09-05T07:02:57+08:00 ] [ log ] at521.icu/99/ [运行时间：0.010834s][吞吐率：92.30req/s] [内存消耗：1,865.34kb] [文件加载：51]
[ error ] [8]未定义数组下标: 1

---------------------------------------------------------------
[ 2023-09-05T07:02:57+08:00 ] [ log ] at521.icu/99/ [运行时间：0.010913s][吞吐率：91.63req/s] [内存消耗：1,865.34kb] [文件加载：51]
[ error ] [8]未定义数组下标: 1

---------------------------------------------------------------
[ 2023-09-05T08:16:48+08:00 ] [ log ] at521.icu/99/ [运行时间：0.014566s][吞吐率：68.65req/s] [内存消耗：1,865.34kb] [文件加载：51]
[ error ] [8]未定义数组下标: 1

---------------------------------------------------------------
[ 2023-09-05T08:16:48+08:00 ] [ log ] at521.icu/99/ [运行时间：0.014927s][吞吐率：66.99req/s] [内存消耗：1,865.34kb] [文件加载：51]
[ error ] [8]未定义数组下标: 1

---------------------------------------------------------------
[ 2023-09-05T08:16:48+08:00 ] [ log ] at521.icu/99/ [运行时间：0.011367s][吞吐率：87.97req/s] [内存消耗：1,865.34kb] [文件加载：51]
[ error ] [8]未定义数组下标: 1

---------------------------------------------------------------
[ 2023-09-05T09:49:34+08:00 ] [ log ] at666.icu/99/index/open.html [运行时间：0.011299s][吞吐率：88.50req/s] [内存消耗：1,865.65kb] [文件加载：50]
[ error ] [8]未定义数组下标: 1

---------------------------------------------------------------
[ 2023-09-05T09:53:52+08:00 ] [ log ] at521.icu/99/ [运行时间：0.010971s][吞吐率：91.15req/s] [内存消耗：1,865.34kb] [文件加载：51]
[ error ] [8]未定义数组下标: 1

---------------------------------------------------------------
[ 2023-09-05T09:53:56+08:00 ] [ log ] at521.icu/99/ [运行时间：0.039299s][吞吐率：25.45req/s] [内存消耗：1,865.34kb] [文件加载：51]
[ error ] [8]未定义数组下标: 1

---------------------------------------------------------------
[ 2023-09-05T09:53:58+08:00 ] [ log ] at521.icu/99/ [运行时间：0.010942s][吞吐率：91.39req/s] [内存消耗：1,865.34kb] [文件加载：51]
[ error ] [8]未定义数组下标: 1

---------------------------------------------------------------
[ 2023-09-05T09:53:58+08:00 ] [ log ] at521.icu/99/ [运行时间：0.010947s][吞吐率：91.35req/s] [内存消耗：1,865.34kb] [文件加载：51]
[ error ] [8]未定义数组下标: 1

---------------------------------------------------------------
[ 2023-09-05T09:55:17+08:00 ] [ log ] at521.icu/99/ [运行时间：0.011040s][吞吐率：90.58req/s] [内存消耗：1,865.34kb] [文件加载：51]
[ error ] [8]未定义数组下标: 1

---------------------------------------------------------------
[ 2023-09-05T09:55:18+08:00 ] [ log ] at521.icu/99/ [运行时间：0.014866s][吞吐率：67.27req/s] [内存消耗：1,865.34kb] [文件加载：51]
[ error ] [8]未定义数组下标: 1

---------------------------------------------------------------
[ 2023-09-05T09:55:18+08:00 ] [ log ] at521.icu/99/ [运行时间：0.010643s][吞吐率：93.96req/s] [内存消耗：1,865.34kb] [文件加载：51]
[ error ] [8]未定义数组下标: 1

---------------------------------------------------------------
[ 2023-09-05T09:56:45+08:00 ] [ log ] at521.icu/99/ [运行时间：0.010773s][吞吐率：92.82req/s] [内存消耗：1,865.34kb] [文件加载：51]
[ error ] [8]未定义数组下标: 1

---------------------------------------------------------------
[ 2023-09-05T09:56:45+08:00 ] [ log ] at521.icu/99/ [运行时间：0.011634s][吞吐率：85.95req/s] [内存消耗：1,865.34kb] [文件加载：51]
[ error ] [8]未定义数组下标: 1

---------------------------------------------------------------
[ 2023-09-05T10:48:09+08:00 ] [ log ] at521.icu/99/ [运行时间：0.011391s][吞吐率：87.79req/s] [内存消耗：1,865.34kb] [文件加载：51]
[ error ] [8]未定义数组下标: 1

---------------------------------------------------------------
[ 2023-09-05T10:48:09+08:00 ] [ log ] at521.icu/99/ [运行时间：0.010900s][吞吐率：91.74req/s] [内存消耗：1,865.34kb] [文件加载：51]
[ error ] [8]未定义数组下标: 1

---------------------------------------------------------------
[ 2023-09-05T10:48:12+08:00 ] [ log ] at521.icu/99/ [运行时间：0.029110s][吞吐率：34.35req/s] [内存消耗：1,865.34kb] [文件加载：51]
[ error ] [8]未定义数组下标: 1

---------------------------------------------------------------
[ 2023-09-05T10:48:12+08:00 ] [ log ] at521.icu/99/ [运行时间：0.010740s][吞吐率：93.11req/s] [内存消耗：1,865.34kb] [文件加载：51]
[ error ] [8]未定义数组下标: 1

---------------------------------------------------------------
[ 2023-09-05T10:48:16+08:00 ] [ log ] at521.icu/99/ [运行时间：0.010946s][吞吐率：91.36req/s] [内存消耗：1,865.34kb] [文件加载：51]
[ error ] [8]未定义数组下标: 1

---------------------------------------------------------------
[ 2023-09-05T10:48:17+08:00 ] [ log ] at521.icu/99/ [运行时间：0.024676s][吞吐率：40.53req/s] [内存消耗：1,865.34kb] [文件加载：51]
[ error ] [8]未定义数组下标: 1

---------------------------------------------------------------
[ 2023-09-05T10:48:17+08:00 ] [ log ] at521.icu/99/ [运行时间：0.011744s][吞吐率：85.15req/s] [内存消耗：1,865.34kb] [文件加载：51]
[ error ] [8]未定义数组下标: 1

---------------------------------------------------------------
[ 2023-09-05T10:49:52+08:00 ] [ log ] at521.icu/99/?uc_sm=1&from=wh10331 [运行时间：0.011067s][吞吐率：90.36req/s] [内存消耗：1,865.98kb] [文件加载：51]
[ error ] [8]未定义数组下标: 1

---------------------------------------------------------------
[ 2023-09-05T10:49:54+08:00 ] [ log ] at521.icu/99/ [运行时间：0.014746s][吞吐率：67.82req/s] [内存消耗：1,865.34kb] [文件加载：51]
[ error ] [8]未定义数组下标: 1

---------------------------------------------------------------
[ 2023-09-05T10:49:56+08:00 ] [ log ] at521.icu/99/ [运行时间：0.010755s][吞吐率：92.98req/s] [内存消耗：1,865.34kb] [文件加载：51]
[ error ] [8]未定义数组下标: 1

---------------------------------------------------------------
[ 2023-09-05T11:00:10+08:00 ] [ log ] asd123111.icu/99/?uc_sm=1 [运行时间：0.039544s][吞吐率：25.29req/s] [内存消耗：1,865.98kb] [文件加载：51]
[ error ] [8]未定义数组下标: 1

---------------------------------------------------------------
[ 2023-09-05T11:07:02+08:00 ] [ log ] at521.icu/99/ [运行时间：0.039742s][吞吐率：25.16req/s] [内存消耗：1,865.34kb] [文件加载：51]
[ error ] [8]未定义数组下标: 1

---------------------------------------------------------------
[ 2023-09-05T11:07:04+08:00 ] [ log ] at521.icu/99/ [运行时间：0.011568s][吞吐率：86.45req/s] [内存消耗：1,865.34kb] [文件加载：51]
[ error ] [8]未定义数组下标: 1

---------------------------------------------------------------
[ 2023-09-05T11:07:07+08:00 ] [ log ] at521.icu/99/ [运行时间：0.016011s][吞吐率：62.46req/s] [内存消耗：1,865.34kb] [文件加载：51]
[ error ] [8]未定义数组下标: 1

---------------------------------------------------------------
[ 2023-09-05T11:07:08+08:00 ] [ log ] at521.icu/99/ [运行时间：0.011408s][吞吐率：87.66req/s] [内存消耗：1,865.34kb] [文件加载：51]
[ error ] [8]未定义数组下标: 1

---------------------------------------------------------------
[ 2023-09-05T11:07:08+08:00 ] [ log ] at521.icu/99/ [运行时间：0.011747s][吞吐率：85.13req/s] [内存消耗：1,865.34kb] [文件加载：51]
[ error ] [8]未定义数组下标: 1

---------------------------------------------------------------
[ 2023-09-05T11:07:26+08:00 ] [ log ] at521.icu/99/ [运行时间：0.013559s][吞吐率：73.75req/s] [内存消耗：1,865.34kb] [文件加载：51]
[ error ] [8]未定义数组下标: 1

---------------------------------------------------------------
[ 2023-09-05T11:07:26+08:00 ] [ log ] at521.icu/99/ [运行时间：0.010626s][吞吐率：94.11req/s] [内存消耗：1,865.34kb] [文件加载：51]
[ error ] [8]未定义数组下标: 1

---------------------------------------------------------------
[ 2023-09-05T11:07:26+08:00 ] [ log ] at521.icu/99/ [运行时间：0.011677s][吞吐率：85.64req/s] [内存消耗：1,865.34kb] [文件加载：51]
[ error ] [8]未定义数组下标: 1

---------------------------------------------------------------
[ 2023-09-05T11:07:26+08:00 ] [ log ] at521.icu/99/ [运行时间：0.010720s][吞吐率：93.28req/s] [内存消耗：1,865.34kb] [文件加载：51]
[ error ] [8]未定义数组下标: 1

---------------------------------------------------------------
[ 2023-09-05T11:07:27+08:00 ] [ log ] at521.icu/99/ [运行时间：0.010867s][吞吐率：92.02req/s] [内存消耗：1,865.34kb] [文件加载：51]
[ error ] [8]未定义数组下标: 1

---------------------------------------------------------------
[ 2023-09-05T11:07:27+08:00 ] [ log ] at521.icu/99/ [运行时间：0.010946s][吞吐率：91.36req/s] [内存消耗：1,865.34kb] [文件加载：51]
[ error ] [8]未定义数组下标: 1

---------------------------------------------------------------
[ 2023-09-05T11:07:27+08:00 ] [ log ] at521.icu/99/ [运行时间：0.011233s][吞吐率：89.02req/s] [内存消耗：1,865.34kb] [文件加载：51]
[ error ] [8]未定义数组下标: 1

---------------------------------------------------------------
[ 2023-09-05T11:07:27+08:00 ] [ log ] at521.icu/99/ [运行时间：0.010779s][吞吐率：92.77req/s] [内存消耗：1,865.34kb] [文件加载：51]
[ error ] [8]未定义数组下标: 1

---------------------------------------------------------------
[ 2023-09-05T11:07:48+08:00 ] [ log ] at521.icu/99/ [运行时间：0.011683s][吞吐率：85.59req/s] [内存消耗：1,865.34kb] [文件加载：51]
[ error ] [8]未定义数组下标: 1

---------------------------------------------------------------
[ 2023-09-05T11:07:48+08:00 ] [ log ] at521.icu/99/ [运行时间：0.011027s][吞吐率：90.69req/s] [内存消耗：1,865.34kb] [文件加载：51]
[ error ] [8]未定义数组下标: 1

---------------------------------------------------------------
[ 2023-09-05T11:07:51+08:00 ] [ log ] at521.icu/99/ [运行时间：0.013915s][吞吐率：71.86req/s] [内存消耗：1,865.34kb] [文件加载：51]
[ error ] [8]未定义数组下标: 1

---------------------------------------------------------------
[ 2023-09-05T11:07:51+08:00 ] [ log ] at521.icu/99/ [运行时间：0.010432s][吞吐率：95.86req/s] [内存消耗：1,865.34kb] [文件加载：51]
[ error ] [8]未定义数组下标: 1

---------------------------------------------------------------
[ 2023-09-05T11:07:52+08:00 ] [ log ] at521.icu/99/ [运行时间：0.011071s][吞吐率：90.33req/s] [内存消耗：1,865.34kb] [文件加载：51]
[ error ] [8]未定义数组下标: 1

---------------------------------------------------------------
[ 2023-09-05T11:07:52+08:00 ] [ log ] at521.icu/99/ [运行时间：0.010768s][吞吐率：92.87req/s] [内存消耗：1,865.34kb] [文件加载：51]
[ error ] [8]未定义数组下标: 1

---------------------------------------------------------------
[ 2023-09-05T11:07:55+08:00 ] [ log ] at521.icu/99/ [运行时间：0.011643s][吞吐率：85.89req/s] [内存消耗：1,865.34kb] [文件加载：51]
[ error ] [8]未定义数组下标: 1

---------------------------------------------------------------
[ 2023-09-05T11:07:55+08:00 ] [ log ] at521.icu/99/ [运行时间：0.013997s][吞吐率：71.44req/s] [内存消耗：1,865.34kb] [文件加载：51]
[ error ] [8]未定义数组下标: 1

---------------------------------------------------------------
[ 2023-09-05T11:08:04+08:00 ] [ log ] at521.icu/99/?uc_sm=1 [运行时间：0.016250s][吞吐率：61.54req/s] [内存消耗：1,865.97kb] [文件加载：51]
[ error ] [8]未定义数组下标: 1

---------------------------------------------------------------
[ 2023-09-05T11:08:05+08:00 ] [ log ] at521.icu/99/?uc_sm=1 [运行时间：0.035624s][吞吐率：28.07req/s] [内存消耗：1,865.97kb] [文件加载：51]
[ error ] [8]未定义数组下标: 1

---------------------------------------------------------------
[ 2023-09-05T11:08:05+08:00 ] [ log ] at521.icu/99/ [运行时间：0.021815s][吞吐率：45.84req/s] [内存消耗：1,865.34kb] [文件加载：51]
[ error ] [8]未定义数组下标: 1

---------------------------------------------------------------
[ 2023-09-05T11:22:13+08:00 ] [ log ] at521.icu/99/ [运行时间：0.013507s][吞吐率：74.03req/s] [内存消耗：1,865.34kb] [文件加载：51]
[ error ] [8]未定义数组下标: 1

---------------------------------------------------------------
[ 2023-09-05T11:22:23+08:00 ] [ log ] at521.icu/99/ [运行时间：0.011003s][吞吐率：90.88req/s] [内存消耗：1,865.34kb] [文件加载：51]
[ error ] [8]未定义数组下标: 1

---------------------------------------------------------------
[ 2023-09-05T11:22:26+08:00 ] [ log ] at521.icu/99/ [运行时间：0.011005s][吞吐率：90.87req/s] [内存消耗：1,865.34kb] [文件加载：51]
[ error ] [8]未定义数组下标: 1

---------------------------------------------------------------
[ 2023-09-05T11:22:26+08:00 ] [ log ] at521.icu/99/ [运行时间：0.011553s][吞吐率：86.56req/s] [内存消耗：1,865.34kb] [文件加载：51]
[ error ] [8]未定义数组下标: 1

---------------------------------------------------------------
[ 2023-09-05T12:01:55+08:00 ] [ log ] at522.icu/99/ [运行时间：0.010928s][吞吐率：91.51req/s] [内存消耗：1,865.34kb] [文件加载：51]
[ error ] [8]未定义数组下标: 1

---------------------------------------------------------------
[ 2023-09-05T12:01:55+08:00 ] [ log ] at522.icu/99/favicon.ico [运行时间：0.009493s][吞吐率：105.34req/s] [内存消耗：1,650.74kb] [文件加载：44]
[ error ] [8]未定义数组下标: 1

---------------------------------------------------------------
[ 2023-09-05T12:01:59+08:00 ] [ log ] at522.icu/99/index/open.html [运行时间：0.021863s][吞吐率：45.74req/s] [内存消耗：1,865.12kb] [文件加载：50]
[ error ] [8]未定义数组下标: 1

---------------------------------------------------------------
[ 2023-09-05T12:39:40+08:00 ] [ log ] at666.icu/99/index/open.html [运行时间：0.010863s][吞吐率：92.06req/s] [内存消耗：1,865.65kb] [文件加载：50]
[ error ] [8]未定义数组下标: 1

---------------------------------------------------------------
[ 2023-09-05T12:45:06+08:00 ] [ log ] at522.icu/99/ [运行时间：0.010875s][吞吐率：91.95req/s] [内存消耗：1,865.34kb] [文件加载：51]
[ error ] [8]未定义数组下标: 1

---------------------------------------------------------------
[ 2023-09-05T12:45:10+08:00 ] [ log ] at522.icu/99/ [运行时间：0.011331s][吞吐率：88.25req/s] [内存消耗：1,864.80kb] [文件加载：51]
[ error ] [8]未定义数组下标: 1

---------------------------------------------------------------
[ 2023-09-05T12:45:11+08:00 ] [ log ] at522.icu/99/favicon.ico [运行时间：0.009450s][吞吐率：105.82req/s] [内存消耗：1,650.74kb] [文件加载：44]
[ error ] [8]未定义数组下标: 1

---------------------------------------------------------------
[ 2023-09-05T12:45:13+08:00 ] [ log ] at522.icu/99/index/open.html [运行时间：0.010934s][吞吐率：91.46req/s] [内存消耗：1,865.12kb] [文件加载：50]
[ error ] [8]未定义数组下标: 1

---------------------------------------------------------------
[ 2023-09-05T12:49:21+08:00 ] [ log ] at521.icu/99/?uc_sm=1&from=wh10331 [运行时间：0.011493s][吞吐率：87.01req/s] [内存消耗：1,865.98kb] [文件加载：51]
[ error ] [8]未定义数组下标: 1

---------------------------------------------------------------
[ 2023-09-05T12:49:21+08:00 ] [ log ] at521.icu/99/?uc_sm=1&from=wh10331 [运行时间：0.011137s][吞吐率：89.79req/s] [内存消耗：1,865.98kb] [文件加载：51]
[ error ] [8]未定义数组下标: 1

---------------------------------------------------------------
[ 2023-09-05T12:49:21+08:00 ] [ log ] at521.icu/99/?uc_sm=1&from=wh10331 [运行时间：0.011204s][吞吐率：89.25req/s] [内存消耗：1,865.98kb] [文件加载：51]
[ error ] [8]未定义数组下标: 1

---------------------------------------------------------------
[ 2023-09-05T12:49:21+08:00 ] [ log ] at521.icu/99/?uc_sm=1&from=wh10331 [运行时间：0.011299s][吞吐率：88.50req/s] [内存消耗：1,865.98kb] [文件加载：51]
[ error ] [8]未定义数组下标: 1

---------------------------------------------------------------
[ 2023-09-05T12:49:23+08:00 ] [ log ] at521.icu/99/ [运行时间：0.030120s][吞吐率：33.20req/s] [内存消耗：1,865.34kb] [文件加载：51]
[ error ] [8]未定义数组下标: 1

---------------------------------------------------------------
[ 2023-09-05T12:49:23+08:00 ] [ log ] at521.icu/99/ [运行时间：0.012651s][吞吐率：79.05req/s] [内存消耗：1,865.34kb] [文件加载：51]
[ error ] [8]未定义数组下标: 1

---------------------------------------------------------------
[ 2023-09-05T12:49:24+08:00 ] [ log ] at521.icu/99/ [运行时间：0.012262s][吞吐率：81.55req/s] [内存消耗：1,865.34kb] [文件加载：51]
[ error ] [8]未定义数组下标: 1

---------------------------------------------------------------
[ 2023-09-05T12:49:29+08:00 ] [ log ] at521.icu/99/ [运行时间：0.011420s][吞吐率：87.57req/s] [内存消耗：1,865.34kb] [文件加载：51]
[ error ] [8]未定义数组下标: 1

---------------------------------------------------------------
[ 2023-09-05T12:49:29+08:00 ] [ log ] at521.icu/99/ [运行时间：0.010991s][吞吐率：90.98req/s] [内存消耗：1,865.34kb] [文件加载：51]
[ error ] [8]未定义数组下标: 1

---------------------------------------------------------------
[ 2023-09-05T12:49:30+08:00 ] [ log ] at521.icu/99/ [运行时间：0.018482s][吞吐率：54.11req/s] [内存消耗：1,865.34kb] [文件加载：51]
[ error ] [8]未定义数组下标: 1

---------------------------------------------------------------
[ 2023-09-05T12:49:41+08:00 ] [ log ] at521.icu/99/ [运行时间：0.026699s][吞吐率：37.45req/s] [内存消耗：1,865.34kb] [文件加载：51]
[ error ] [8]未定义数组下标: 1

---------------------------------------------------------------
[ 2023-09-05T12:49:42+08:00 ] [ log ] at521.icu/99/favicon.ico [运行时间：0.013175s][吞吐率：75.90req/s] [内存消耗：1,650.74kb] [文件加载：44]
[ error ] [8]未定义数组下标: 1

---------------------------------------------------------------
[ 2023-09-05T12:49:49+08:00 ] [ log ] at521.icu/99/index/open.html [运行时间：0.010822s][吞吐率：92.40req/s] [内存消耗：1,865.12kb] [文件加载：50]
[ error ] [8]未定义数组下标: 1

---------------------------------------------------------------
[ 2023-09-05T12:56:58+08:00 ] [ log ] at888.icu/99/ [运行时间：0.011184s][吞吐率：89.41req/s] [内存消耗：1,865.34kb] [文件加载：51]
[ error ] [8]未定义数组下标: 1

---------------------------------------------------------------
[ 2023-09-05T12:57:02+08:00 ] [ log ] at888.icu/99/favicon.ico [运行时间：0.009554s][吞吐率：104.67req/s] [内存消耗：1,650.74kb] [文件加载：44]
[ error ] [8]未定义数组下标: 1

---------------------------------------------------------------
[ 2023-09-05T12:57:04+08:00 ] [ log ] at888.icu/99/index/open.html [运行时间：0.025035s][吞吐率：39.94req/s] [内存消耗：1,865.12kb] [文件加载：50]
[ error ] [8]未定义数组下标: 1

---------------------------------------------------------------
[ 2023-09-05T12:58:17+08:00 ] [ log ] at521.icu/99/index/open.html [运行时间：0.011592s][吞吐率：86.27req/s] [内存消耗：1,865.12kb] [文件加载：50]
[ error ] [8]未定义数组下标: 1

---------------------------------------------------------------
[ 2023-09-05T12:58:33+08:00 ] [ log ] at521.icu/99/ [运行时间：0.011091s][吞吐率：90.16req/s] [内存消耗：1,864.80kb] [文件加载：51]
[ error ] [8]未定义数组下标: 1

---------------------------------------------------------------
[ 2023-09-05T12:58:38+08:00 ] [ log ] at521.icu/99/index/open.html [运行时间：0.032462s][吞吐率：30.81req/s] [内存消耗：1,865.12kb] [文件加载：50]
[ error ] [8]未定义数组下标: 1

---------------------------------------------------------------
[ 2023-09-05T13:08:08+08:00 ] [ log ] at521.icu/99/index/open.html [运行时间：0.017502s][吞吐率：57.14req/s] [内存消耗：1,865.12kb] [文件加载：50]
[ error ] [8]未定义数组下标: 1

---------------------------------------------------------------
[ 2023-09-05T13:21:47+08:00 ] [ log ] at1666.com/99/ [运行时间：0.011216s][吞吐率：89.16req/s] [内存消耗：1,865.34kb] [文件加载：51]
[ error ] [8]未定义数组下标: 1

---------------------------------------------------------------
[ 2023-09-05T13:22:00+08:00 ] [ log ] at1666.com/99/ [运行时间：0.011567s][吞吐率：86.45req/s] [内存消耗：1,865.34kb] [文件加载：51]
[ error ] [8]未定义数组下标: 1

---------------------------------------------------------------
[ 2023-09-05T13:22:08+08:00 ] [ log ] at1666.com/99/favicon.ico [运行时间：0.025147s][吞吐率：39.77req/s] [内存消耗：1,650.74kb] [文件加载：44]
[ error ] [8]未定义数组下标: 1

---------------------------------------------------------------
[ 2023-09-05T13:22:09+08:00 ] [ log ] at1666.com/99/index/open.html [运行时间：0.014817s][吞吐率：67.49req/s] [内存消耗：1,865.12kb] [文件加载：50]
[ error ] [8]未定义数组下标: 1

---------------------------------------------------------------
[ 2023-09-05T13:22:09+08:00 ] [ log ] at1666.com/99/favicon.ico [运行时间：0.014033s][吞吐率：71.26req/s] [内存消耗：1,650.74kb] [文件加载：44]
[ error ] [8]未定义数组下标: 1

---------------------------------------------------------------
[ 2023-09-05T13:32:20+08:00 ] [ log ] at888.icu/99/ [运行时间：0.017802s][吞吐率：56.17req/s] [内存消耗：1,865.34kb] [文件加载：51]
[ error ] [8]未定义数组下标: 1

---------------------------------------------------------------
[ 2023-09-05T13:32:22+08:00 ] [ log ] at888.icu/99/favicon.ico [运行时间：0.010030s][吞吐率：99.70req/s] [内存消耗：1,650.74kb] [文件加载：44]
[ error ] [8]未定义数组下标: 1

---------------------------------------------------------------
[ 2023-09-05T13:32:24+08:00 ] [ log ] at888.icu/99/index/open.html [运行时间：0.032521s][吞吐率：30.75req/s] [内存消耗：1,865.12kb] [文件加载：50]
[ error ] [8]未定义数组下标: 1

---------------------------------------------------------------
[ 2023-09-05T13:33:59+08:00 ] [ log ] at888.icu/99/ [运行时间：0.011719s][吞吐率：85.33req/s] [内存消耗：1,864.80kb] [文件加载：51]
[ error ] [8]未定义数组下标: 1

---------------------------------------------------------------
[ 2023-09-05T13:34:00+08:00 ] [ log ] at888.icu/99/favicon.ico [运行时间：0.009403s][吞吐率：106.35req/s] [内存消耗：1,650.74kb] [文件加载：44]
[ error ] [8]未定义数组下标: 1

---------------------------------------------------------------
[ 2023-09-05T13:34:02+08:00 ] [ log ] at888.icu/99/index/open.html [运行时间：0.010767s][吞吐率：92.88req/s] [内存消耗：1,865.12kb] [文件加载：50]
[ error ] [8]未定义数组下标: 1

---------------------------------------------------------------
[ 2023-09-05T13:42:13+08:00 ] [ log ] at522.icu/99/ [运行时间：0.011339s][吞吐率：88.19req/s] [内存消耗：1,864.80kb] [文件加载：51]
[ error ] [8]未定义数组下标: 1

---------------------------------------------------------------
[ 2023-09-05T13:42:13+08:00 ] [ log ] at522.icu/99/favicon.ico [运行时间：0.009872s][吞吐率：101.30req/s] [内存消耗：1,650.74kb] [文件加载：44]
[ error ] [8]未定义数组下标: 1

---------------------------------------------------------------
[ 2023-09-05T13:42:16+08:00 ] [ log ] at522.icu/99/index/open.html [运行时间：0.010606s][吞吐率：94.29req/s] [内存消耗：1,865.12kb] [文件加载：50]
[ error ] [8]未定义数组下标: 1

---------------------------------------------------------------
[ 2023-09-05T14:07:40+08:00 ] [ log ] at522.icu/99/ [运行时间：0.027695s][吞吐率：36.11req/s] [内存消耗：1,865.34kb] [文件加载：51]
[ error ] [8]未定义数组下标: 1

---------------------------------------------------------------
[ 2023-09-05T14:07:41+08:00 ] [ log ] at522.icu/99/favicon.ico [运行时间：0.009875s][吞吐率：101.27req/s] [内存消耗：1,650.74kb] [文件加载：44]
[ error ] [8]未定义数组下标: 1

---------------------------------------------------------------
[ 2023-09-05T14:07:44+08:00 ] [ log ] at522.icu/99/index/open.html [运行时间：0.010887s][吞吐率：91.85req/s] [内存消耗：1,865.12kb] [文件加载：50]
[ error ] [8]未定义数组下标: 1

---------------------------------------------------------------
[ 2023-09-05T16:41:04+08:00 ] [ log ] at888.icu/99/ [运行时间：0.011623s][吞吐率：86.04req/s] [内存消耗：1,865.34kb] [文件加载：51]
[ error ] [8]未定义数组下标: 1

---------------------------------------------------------------
[ 2023-09-05T16:41:07+08:00 ] [ log ] at888.icu/99/favicon.ico [运行时间：0.017571s][吞吐率：56.91req/s] [内存消耗：1,650.74kb] [文件加载：44]
[ error ] [8]未定义数组下标: 1

---------------------------------------------------------------
[ 2023-09-05T16:41:09+08:00 ] [ log ] at888.icu/99/index/open.html [运行时间：0.015982s][吞吐率：62.57req/s] [内存消耗：1,865.12kb] [文件加载：50]
[ error ] [8]未定义数组下标: 1

---------------------------------------------------------------
[ 2023-09-05T16:45:21+08:00 ] [ log ] asd123111.icu/99/?uc_sm=1 [运行时间：0.038459s][吞吐率：26.00req/s] [内存消耗：1,865.98kb] [文件加载：51]
[ error ] [8]未定义数组下标: 1

---------------------------------------------------------------
[ 2023-09-05T17:02:31+08:00 ] [ log ] at666.icu/99/index/open.html [运行时间：0.011945s][吞吐率：83.72req/s] [内存消耗：1,865.65kb] [文件加载：50]
[ error ] [8]未定义数组下标: 1

---------------------------------------------------------------
[ 2023-09-05T17:11:05+08:00 ] [ log ] at666.icu/99/index/open.html [运行时间：0.010889s][吞吐率：91.84req/s] [内存消耗：1,865.12kb] [文件加载：50]
[ error ] [8]未定义数组下标: 1

---------------------------------------------------------------
[ 2023-09-05T17:31:47+08:00 ] [ log ] at521.icu/99/ [运行时间：0.010998s][吞吐率：90.93req/s] [内存消耗：1,865.34kb] [文件加载：51]
[ error ] [8]未定义数组下标: 1

---------------------------------------------------------------
[ 2023-09-05T17:31:48+08:00 ] [ log ] at521.icu/99/ [运行时间：0.010847s][吞吐率：92.19req/s] [内存消耗：1,865.34kb] [文件加载：51]
[ error ] [8]未定义数组下标: 1

---------------------------------------------------------------
[ 2023-09-05T17:31:48+08:00 ] [ log ] at521.icu/99/ [运行时间：0.011367s][吞吐率：87.98req/s] [内存消耗：1,865.34kb] [文件加载：51]
[ error ] [8]未定义数组下标: 1

---------------------------------------------------------------
[ 2023-09-05T17:38:47+08:00 ] [ log ] at521.icu/99/?uc_sm=1&from=wh10331 [运行时间：0.033743s][吞吐率：29.64req/s] [内存消耗：1,865.98kb] [文件加载：51]
[ error ] [8]未定义数组下标: 1

---------------------------------------------------------------
[ 2023-09-05T17:38:50+08:00 ] [ log ] at521.icu/99/ [运行时间：0.010921s][吞吐率：91.57req/s] [内存消耗：1,865.34kb] [文件加载：51]
[ error ] [8]未定义数组下标: 1

---------------------------------------------------------------
[ 2023-09-05T17:38:53+08:00 ] [ log ] at521.icu/99/?uc_sm=1&from=wh10331 [运行时间：0.016267s][吞吐率：61.47req/s] [内存消耗：1,865.98kb] [文件加载：51]
[ error ] [8]未定义数组下标: 1

---------------------------------------------------------------
[ 2023-09-05T17:38:53+08:00 ] [ log ] at521.icu/99/ [运行时间：0.010921s][吞吐率：91.57req/s] [内存消耗：1,865.34kb] [文件加载：51]
[ error ] [8]未定义数组下标: 1

---------------------------------------------------------------
[ 2023-09-05T17:38:54+08:00 ] [ log ] at521.icu/99/ [运行时间：0.010747s][吞吐率：93.05req/s] [内存消耗：1,865.34kb] [文件加载：51]
[ error ] [8]未定义数组下标: 1

---------------------------------------------------------------
[ 2023-09-05T17:38:55+08:00 ] [ log ] at521.icu/99/ [运行时间：0.010735s][吞吐率：93.16req/s] [内存消耗：1,865.34kb] [文件加载：51]
[ error ] [8]未定义数组下标: 1

---------------------------------------------------------------
[ 2023-09-05T17:38:56+08:00 ] [ log ] at521.icu/99/ [运行时间：0.039642s][吞吐率：25.23req/s] [内存消耗：1,865.34kb] [文件加载：51]
[ error ] [8]未定义数组下标: 1

---------------------------------------------------------------
[ 2023-09-05T17:38:57+08:00 ] [ log ] at521.icu/99/ [运行时间：0.019665s][吞吐率：50.85req/s] [内存消耗：1,865.34kb] [文件加载：51]
[ error ] [8]未定义数组下标: 1

---------------------------------------------------------------
[ 2023-09-05T17:38:57+08:00 ] [ log ] at521.icu/99/ [运行时间：0.016260s][吞吐率：61.50req/s] [内存消耗：1,865.34kb] [文件加载：51]
[ error ] [8]未定义数组下标: 1

---------------------------------------------------------------
[ 2023-09-05T18:06:35+08:00 ] [ log ] at521.icu/99/?uc_sm=1 [运行时间：0.011131s][吞吐率：89.84req/s] [内存消耗：1,865.97kb] [文件加载：51]
[ error ] [8]未定义数组下标: 1

---------------------------------------------------------------
[ 2023-09-05T18:06:38+08:00 ] [ log ] at521.icu/99/ [运行时间：0.017587s][吞吐率：56.86req/s] [内存消耗：1,865.34kb] [文件加载：51]
[ error ] [8]未定义数组下标: 1

---------------------------------------------------------------
[ 2023-09-05T18:06:38+08:00 ] [ log ] at521.icu/99/ [运行时间：0.010755s][吞吐率：92.98req/s] [内存消耗：1,865.34kb] [文件加载：51]
[ error ] [8]未定义数组下标: 1

---------------------------------------------------------------
[ 2023-09-05T18:06:38+08:00 ] [ log ] at521.icu/99/ [运行时间：0.011608s][吞吐率：86.15req/s] [内存消耗：1,865.34kb] [文件加载：51]
[ error ] [8]未定义数组下标: 1

---------------------------------------------------------------
[ 2023-09-05T18:06:39+08:00 ] [ log ] at521.icu/99/ [运行时间：0.010921s][吞吐率：91.57req/s] [内存消耗：1,865.34kb] [文件加载：51]
[ error ] [8]未定义数组下标: 1

---------------------------------------------------------------
[ 2023-09-05T18:06:39+08:00 ] [ log ] at521.icu/99/ [运行时间：0.015835s][吞吐率：63.15req/s] [内存消耗：1,865.34kb] [文件加载：51]
[ error ] [8]未定义数组下标: 1

---------------------------------------------------------------
[ 2023-09-05T18:06:40+08:00 ] [ log ] at521.icu/99/favicon.ico [运行时间：0.009292s][吞吐率：107.62req/s] [内存消耗：1,650.74kb] [文件加载：44]
[ error ] [8]未定义数组下标: 1

---------------------------------------------------------------
[ 2023-09-05T18:06:43+08:00 ] [ log ] at521.icu/99/index/open.html [运行时间：0.015807s][吞吐率：63.26req/s] [内存消耗：1,865.12kb] [文件加载：50]
[ error ] [8]未定义数组下标: 1

---------------------------------------------------------------
[ 2023-09-05T18:06:49+08:00 ] [ log ] at521.icu/99/ [运行时间：0.011477s][吞吐率：87.13req/s] [内存消耗：1,864.80kb] [文件加载：51]
[ error ] [8]未定义数组下标: 1

---------------------------------------------------------------
[ 2023-09-05T18:06:52+08:00 ] [ log ] at521.icu/99/index/open.html [运行时间：0.010692s][吞吐率：93.53req/s] [内存消耗：1,865.12kb] [文件加载：50]
[ error ] [8]未定义数组下标: 1

---------------------------------------------------------------
[ 2023-09-05T18:23:22+08:00 ] [ log ] at521.icu/99/ [运行时间：0.011430s][吞吐率：87.49req/s] [内存消耗：1,864.80kb] [文件加载：51]
[ error ] [8]未定义数组下标: 1

---------------------------------------------------------------
[ 2023-09-05T18:24:15+08:00 ] [ log ] at521.icu/99/?uc_sm=1&from=wh10331 [运行时间：0.010941s][吞吐率：91.40req/s] [内存消耗：1,865.45kb] [文件加载：51]
[ error ] [8]未定义数组下标: 1

---------------------------------------------------------------
[ 2023-09-05T18:30:20+08:00 ] [ log ] at522.icu/99/ [运行时间：0.029556s][吞吐率：33.83req/s] [内存消耗：1,865.34kb] [文件加载：51]
[ error ] [8]未定义数组下标: 1

---------------------------------------------------------------
[ 2023-09-05T18:30:21+08:00 ] [ log ] at522.icu/99/favicon.ico [运行时间：0.009685s][吞吐率：103.25req/s] [内存消耗：1,650.74kb] [文件加载：44]
[ error ] [8]未定义数组下标: 1

---------------------------------------------------------------
[ 2023-09-05T18:31:11+08:00 ] [ log ] at522.icu/99/index/open.html [运行时间：0.010567s][吞吐率：94.63req/s] [内存消耗：1,865.12kb] [文件加载：50]
[ error ] [8]未定义数组下标: 1

---------------------------------------------------------------
[ 2023-09-05T19:29:16+08:00 ] [ log ] at522.icu/99/ [运行时间：0.010995s][吞吐率：90.95req/s] [内存消耗：1,865.34kb] [文件加载：51]
[ error ] [8]未定义数组下标: 1

---------------------------------------------------------------
[ 2023-09-05T19:29:16+08:00 ] [ log ] at522.icu/99/favicon.ico [运行时间：0.009713s][吞吐率：102.96req/s] [内存消耗：1,650.74kb] [文件加载：44]
[ error ] [8]未定义数组下标: 1

---------------------------------------------------------------
[ 2023-09-05T19:29:18+08:00 ] [ log ] at522.icu/99/index/open.html [运行时间：0.015016s][吞吐率：66.60req/s] [内存消耗：1,865.12kb] [文件加载：50]
[ error ] [8]未定义数组下标: 1

---------------------------------------------------------------
[ 2023-09-05T20:05:10+08:00 ] [ log ] at521.icu/99/ [运行时间：0.015710s][吞吐率：63.65req/s] [内存消耗：1,865.34kb] [文件加载：51]
[ error ] [8]未定义数组下标: 1

---------------------------------------------------------------
[ 2023-09-05T20:05:11+08:00 ] [ log ] at521.icu/99/ [运行时间：0.020928s][吞吐率：47.78req/s] [内存消耗：1,865.34kb] [文件加载：51]
[ error ] [8]未定义数组下标: 1

---------------------------------------------------------------
[ 2023-09-05T20:05:11+08:00 ] [ log ] at521.icu/99/ [运行时间：0.011152s][吞吐率：89.67req/s] [内存消耗：1,865.34kb] [文件加载：51]
[ error ] [8]未定义数组下标: 1

---------------------------------------------------------------
[ 2023-09-05T20:05:11+08:00 ] [ log ] at521.icu/99/ [运行时间：0.011042s][吞吐率：90.56req/s] [内存消耗：1,865.34kb] [文件加载：51]
[ error ] [8]未定义数组下标: 1

---------------------------------------------------------------
[ 2023-09-05T20:05:13+08:00 ] [ log ] at521.icu/99/ [运行时间：0.011715s][吞吐率：85.36req/s] [内存消耗：1,865.34kb] [文件加载：51]
[ error ] [8]未定义数组下标: 1

---------------------------------------------------------------
[ 2023-09-05T20:05:13+08:00 ] [ log ] at521.icu/99/ [运行时间：0.010735s][吞吐率：93.15req/s] [内存消耗：1,865.34kb] [文件加载：51]
[ error ] [8]未定义数组下标: 1

---------------------------------------------------------------
[ 2023-09-05T20:05:14+08:00 ] [ log ] at521.icu/99/ [运行时间：0.012712s][吞吐率：78.67req/s] [内存消耗：1,865.34kb] [文件加载：51]
[ error ] [8]未定义数组下标: 1

---------------------------------------------------------------
[ 2023-09-05T20:05:14+08:00 ] [ log ] at521.icu/99/ [运行时间：0.010735s][吞吐率：93.15req/s] [内存消耗：1,865.34kb] [文件加载：51]
[ error ] [8]未定义数组下标: 1

---------------------------------------------------------------
[ 2023-09-05T20:05:14+08:00 ] [ log ] at521.icu/99/ [运行时间：0.011497s][吞吐率：86.98req/s] [内存消耗：1,865.34kb] [文件加载：51]
[ error ] [8]未定义数组下标: 1

---------------------------------------------------------------
[ 2023-09-05T20:05:14+08:00 ] [ log ] at521.icu/99/ [运行时间：0.011308s][吞吐率：88.43req/s] [内存消耗：1,865.34kb] [文件加载：51]
[ error ] [8]未定义数组下标: 1

---------------------------------------------------------------
[ 2023-09-05T20:05:14+08:00 ] [ log ] at521.icu/99/ [运行时间：0.012831s][吞吐率：77.94req/s] [内存消耗：1,865.34kb] [文件加载：51]
[ error ] [8]未定义数组下标: 1

---------------------------------------------------------------
[ 2023-09-05T20:05:16+08:00 ] [ log ] at521.icu/99/favicon.ico [运行时间：0.037342s][吞吐率：26.78req/s] [内存消耗：1,650.74kb] [文件加载：44]
[ error ] [8]未定义数组下标: 1

---------------------------------------------------------------
[ 2023-09-05T20:05:34+08:00 ] [ log ] at521.icu/99/index/open.html [运行时间：0.010530s][吞吐率：94.97req/s] [内存消耗：1,865.12kb] [文件加载：50]
[ error ] [8]未定义数组下标: 1

---------------------------------------------------------------
[ 2023-09-05T20:05:52+08:00 ] [ log ] at521.icu/99/?uc_sm=1 [运行时间：0.011311s][吞吐率：88.41req/s] [内存消耗：1,865.44kb] [文件加载：51]
[ error ] [8]未定义数组下标: 1

---------------------------------------------------------------
[ 2023-09-05T20:05:52+08:00 ] [ log ] at521.icu/99/?uc_sm=1 [运行时间：0.011293s][吞吐率：88.55req/s] [内存消耗：1,865.44kb] [文件加载：51]
[ error ] [8]未定义数组下标: 1

---------------------------------------------------------------
[ 2023-09-05T20:06:18+08:00 ] [ log ] at521.icu/99/?uc_sm=1 [运行时间：0.010971s][吞吐率：91.15req/s] [内存消耗：1,865.44kb] [文件加载：51]
[ error ] [8]未定义数组下标: 1

---------------------------------------------------------------
[ 2023-09-05T20:06:19+08:00 ] [ log ] at521.icu/99/ [运行时间：0.010957s][吞吐率：91.27req/s] [内存消耗：1,864.80kb] [文件加载：51]
[ error ] [8]未定义数组下标: 1

---------------------------------------------------------------
[ 2023-09-05T20:06:19+08:00 ] [ log ] at521.icu/99/ [运行时间：0.010988s][吞吐率：91.01req/s] [内存消耗：1,864.80kb] [文件加载：51]
[ error ] [8]未定义数组下标: 1

---------------------------------------------------------------
[ 2023-09-05T20:06:19+08:00 ] [ log ] at521.icu/99/ [运行时间：0.011160s][吞吐率：89.61req/s] [内存消耗：1,864.80kb] [文件加载：51]
[ error ] [8]未定义数组下标: 1

---------------------------------------------------------------
[ 2023-09-05T20:06:19+08:00 ] [ log ] at521.icu/99/ [运行时间：0.010606s][吞吐率：94.29req/s] [内存消耗：1,864.80kb] [文件加载：51]
[ error ] [8]未定义数组下标: 1

---------------------------------------------------------------
[ 2023-09-05T20:06:19+08:00 ] [ log ] at521.icu/99/ [运行时间：0.011311s][吞吐率：88.41req/s] [内存消耗：1,864.80kb] [文件加载：51]
[ error ] [8]未定义数组下标: 1

---------------------------------------------------------------
[ 2023-09-05T20:06:20+08:00 ] [ log ] at521.icu/99/ [运行时间：0.010579s][吞吐率：94.53req/s] [内存消耗：1,864.80kb] [文件加载：51]
[ error ] [8]未定义数组下标: 1

---------------------------------------------------------------
[ 2023-09-05T20:06:20+08:00 ] [ log ] at521.icu/99/ [运行时间：0.011397s][吞吐率：87.74req/s] [内存消耗：1,864.80kb] [文件加载：51]
[ error ] [8]未定义数组下标: 1

---------------------------------------------------------------
[ 2023-09-05T20:06:20+08:00 ] [ log ] at521.icu/99/ [运行时间：0.010984s][吞吐率：91.04req/s] [内存消耗：1,864.80kb] [文件加载：51]
[ error ] [8]未定义数组下标: 1

---------------------------------------------------------------
[ 2023-09-05T20:06:20+08:00 ] [ log ] at521.icu/99/ [运行时间：0.011776s][吞吐率：84.92req/s] [内存消耗：1,864.80kb] [文件加载：51]
[ error ] [8]未定义数组下标: 1

---------------------------------------------------------------
[ 2023-09-05T20:06:27+08:00 ] [ log ] at521.icu/99/?uc_sm=1 [运行时间：0.020390s][吞吐率：49.04req/s] [内存消耗：1,865.44kb] [文件加载：51]
[ error ] [8]未定义数组下标: 1

---------------------------------------------------------------
[ 2023-09-05T20:06:27+08:00 ] [ log ] at521.icu/99/?uc_sm=1 [运行时间：0.011831s][吞吐率：84.52req/s] [内存消耗：1,865.44kb] [文件加载：51]
[ error ] [8]未定义数组下标: 1

---------------------------------------------------------------
[ 2023-09-05T20:06:27+08:00 ] [ log ] at521.icu/99/ [运行时间：0.010999s][吞吐率：90.92req/s] [内存消耗：1,864.80kb] [文件加载：51]
[ error ] [8]未定义数组下标: 1

---------------------------------------------------------------
[ 2023-09-05T20:06:27+08:00 ] [ log ] at521.icu/99/favicon.ico [运行时间：0.009432s][吞吐率：106.02req/s] [内存消耗：1,650.74kb] [文件加载：44]
[ error ] [8]未定义数组下标: 1

---------------------------------------------------------------
[ 2023-09-05T20:06:31+08:00 ] [ log ] at521.icu/99/index/open.html [运行时间：0.011497s][吞吐率：86.98req/s] [内存消耗：1,865.12kb] [文件加载：50]
[ error ] [8]未定义数组下标: 1

---------------------------------------------------------------
[ 2023-09-05T20:06:41+08:00 ] [ log ] at521.icu/99/?uc_sm=1 [运行时间：0.011288s][吞吐率：88.59req/s] [内存消耗：1,865.44kb] [文件加载：51]
[ error ] [8]未定义数组下标: 1

---------------------------------------------------------------
[ 2023-09-05T20:06:41+08:00 ] [ log ] at521.icu/99/?uc_sm=1 [运行时间：0.013038s][吞吐率：76.70req/s] [内存消耗：1,865.44kb] [文件加载：51]
[ error ] [8]未定义数组下标: 1

---------------------------------------------------------------
[ 2023-09-05T20:06:42+08:00 ] [ log ] at521.icu/99/ [运行时间：0.011164s][吞吐率：89.57req/s] [内存消耗：1,864.80kb] [文件加载：51]
[ error ] [8]未定义数组下标: 1

---------------------------------------------------------------
[ 2023-09-05T20:06:42+08:00 ] [ log ] at521.icu/99/ [运行时间：0.010956s][吞吐率：91.28req/s] [内存消耗：1,864.80kb] [文件加载：51]
[ error ] [8]未定义数组下标: 1

---------------------------------------------------------------
[ 2023-09-05T20:06:42+08:00 ] [ log ] at521.icu/99/ [运行时间：0.010866s][吞吐率：92.03req/s] [内存消耗：1,864.80kb] [文件加载：51]
[ error ] [8]未定义数组下标: 1

---------------------------------------------------------------
[ 2023-09-05T20:06:49+08:00 ] [ log ] at521.icu/99/?uc_sm=1 [运行时间：0.011509s][吞吐率：86.89req/s] [内存消耗：1,865.44kb] [文件加载：51]
[ error ] [8]未定义数组下标: 1

---------------------------------------------------------------
[ 2023-09-05T20:06:49+08:00 ] [ log ] at521.icu/99/?uc_sm=1 [运行时间：0.010801s][吞吐率：92.58req/s] [内存消耗：1,865.44kb] [文件加载：51]
[ error ] [8]未定义数组下标: 1

---------------------------------------------------------------
[ 2023-09-05T20:06:50+08:00 ] [ log ] at521.icu/99/ [运行时间：0.011192s][吞吐率：89.35req/s] [内存消耗：1,864.80kb] [文件加载：51]
[ error ] [8]未定义数组下标: 1

---------------------------------------------------------------
[ 2023-09-05T20:06:50+08:00 ] [ log ] at521.icu/99/ [运行时间：0.010550s][吞吐率：94.79req/s] [内存消耗：1,864.80kb] [文件加载：51]
[ error ] [8]未定义数组下标: 1

---------------------------------------------------------------
[ 2023-09-05T20:06:50+08:00 ] [ log ] at521.icu/99/ [运行时间：0.010602s][吞吐率：94.32req/s] [内存消耗：1,864.80kb] [文件加载：51]
[ error ] [8]未定义数组下标: 1

---------------------------------------------------------------
[ 2023-09-05T20:06:50+08:00 ] [ log ] at521.icu/99/ [运行时间：0.011338s][吞吐率：88.20req/s] [内存消耗：1,864.80kb] [文件加载：51]
[ error ] [8]未定义数组下标: 1

---------------------------------------------------------------
[ 2023-09-05T20:06:50+08:00 ] [ log ] at521.icu/99/ [运行时间：0.010407s][吞吐率：96.09req/s] [内存消耗：1,864.80kb] [文件加载：51]
[ error ] [8]未定义数组下标: 1

---------------------------------------------------------------
[ 2023-09-05T20:06:50+08:00 ] [ log ] at521.icu/99/ [运行时间：0.010698s][吞吐率：93.48req/s] [内存消耗：1,864.80kb] [文件加载：51]
[ error ] [8]未定义数组下标: 1

---------------------------------------------------------------
[ 2023-09-05T20:06:51+08:00 ] [ log ] at521.icu/99/ [运行时间：0.022807s][吞吐率：43.85req/s] [内存消耗：1,864.80kb] [文件加载：51]
[ error ] [8]未定义数组下标: 1

---------------------------------------------------------------
[ 2023-09-05T20:07:05+08:00 ] [ log ] at521.icu/99/?uc_sm=1 [运行时间：0.011004s][吞吐率：90.87req/s] [内存消耗：1,865.44kb] [文件加载：51]
[ error ] [8]未定义数组下标: 1

---------------------------------------------------------------
[ 2023-09-05T20:07:05+08:00 ] [ log ] at521.icu/99/?uc_sm=1 [运行时间：0.011030s][吞吐率：90.66req/s] [内存消耗：1,865.44kb] [文件加载：51]
[ error ] [8]未定义数组下标: 1

---------------------------------------------------------------
[ 2023-09-05T20:07:05+08:00 ] [ log ] at521.icu/99/?uc_sm=1 [运行时间：0.010758s][吞吐率：92.95req/s] [内存消耗：1,865.44kb] [文件加载：51]
[ error ] [8]未定义数组下标: 1

---------------------------------------------------------------
[ 2023-09-05T20:07:05+08:00 ] [ log ] at521.icu/99/ [运行时间：0.010485s][吞吐率：95.37req/s] [内存消耗：1,864.80kb] [文件加载：51]
[ error ] [8]未定义数组下标: 1

---------------------------------------------------------------
[ 2023-09-05T20:07:05+08:00 ] [ log ] at521.icu/99/ [运行时间：0.010597s][吞吐率：94.37req/s] [内存消耗：1,864.80kb] [文件加载：51]
[ error ] [8]未定义数组下标: 1

---------------------------------------------------------------
[ 2023-09-05T20:07:05+08:00 ] [ log ] at521.icu/99/ [运行时间：0.015382s][吞吐率：65.01req/s] [内存消耗：1,864.80kb] [文件加载：51]
[ error ] [8]未定义数组下标: 1

---------------------------------------------------------------
[ 2023-09-05T20:07:05+08:00 ] [ log ] at521.icu/99/ [运行时间：0.014632s][吞吐率：68.34req/s] [内存消耗：1,864.80kb] [文件加载：51]
[ error ] [8]未定义数组下标: 1

---------------------------------------------------------------
[ 2023-09-05T20:07:06+08:00 ] [ log ] at521.icu/99/ [运行时间：0.011448s][吞吐率：87.35req/s] [内存消耗：1,864.80kb] [文件加载：51]
[ error ] [8]未定义数组下标: 1

---------------------------------------------------------------
[ 2023-09-05T20:07:06+08:00 ] [ log ] at521.icu/99/ [运行时间：0.010884s][吞吐率：91.88req/s] [内存消耗：1,864.80kb] [文件加载：51]
[ error ] [8]未定义数组下标: 1

---------------------------------------------------------------
[ 2023-09-05T20:07:09+08:00 ] [ log ] at521.icu/99/?uc_sm=1 [运行时间：0.011470s][吞吐率：87.19req/s] [内存消耗：1,865.44kb] [文件加载：51]
[ error ] [8]未定义数组下标: 1

---------------------------------------------------------------
[ 2023-09-05T20:07:09+08:00 ] [ log ] at521.icu/99/?uc_sm=1 [运行时间：0.010708s][吞吐率：93.39req/s] [内存消耗：1,865.44kb] [文件加载：51]
[ error ] [8]未定义数组下标: 1

---------------------------------------------------------------
[ 2023-09-05T20:07:09+08:00 ] [ log ] at521.icu/99/?uc_sm=1 [运行时间：0.010773s][吞吐率：92.82req/s] [内存消耗：1,865.44kb] [文件加载：51]
[ error ] [8]未定义数组下标: 1

---------------------------------------------------------------
[ 2023-09-05T20:07:11+08:00 ] [ log ] at521.icu/99/ [运行时间：0.011387s][吞吐率：87.82req/s] [内存消耗：1,864.80kb] [文件加载：51]
[ error ] [8]未定义数组下标: 1

---------------------------------------------------------------
[ 2023-09-05T20:29:25+08:00 ] [ log ] at777.icu/99/ [运行时间：0.011593s][吞吐率：86.26req/s] [内存消耗：1,865.34kb] [文件加载：51]
[ error ] [8]未定义数组下标: 1

---------------------------------------------------------------
[ 2023-09-05T20:29:38+08:00 ] [ log ] at777.icu/99/index/open.html [运行时间：0.011284s][吞吐率：88.62req/s] [内存消耗：1,865.12kb] [文件加载：50]
[ error ] [8]未定义数组下标: 1

---------------------------------------------------------------
[ 2023-09-05T20:48:04+08:00 ] [ log ] at521.icu/99/ [运行时间：0.037565s][吞吐率：26.62req/s] [内存消耗：1,865.34kb] [文件加载：51]
[ error ] [8]未定义数组下标: 1

---------------------------------------------------------------
[ 2023-09-05T20:48:07+08:00 ] [ log ] at521.icu/99/ [运行时间：0.011103s][吞吐率：90.06req/s] [内存消耗：1,865.34kb] [文件加载：51]
[ error ] [8]未定义数组下标: 1

---------------------------------------------------------------
[ 2023-09-05T21:45:20+08:00 ] [ log ] at1666.com/99/ [运行时间：0.026302s][吞吐率：38.02req/s] [内存消耗：1,865.34kb] [文件加载：51]
[ error ] [8]未定义数组下标: 1

---------------------------------------------------------------
[ 2023-09-05T21:45:23+08:00 ] [ log ] at1666.com/99/favicon.ico [运行时间：0.015931s][吞吐率：62.77req/s] [内存消耗：1,650.74kb] [文件加载：44]
[ error ] [8]未定义数组下标: 1

---------------------------------------------------------------
[ 2023-09-05T21:45:25+08:00 ] [ log ] at1666.com/99/index/open.html [运行时间：0.012845s][吞吐率：77.85req/s] [内存消耗：1,865.12kb] [文件加载：50]
[ error ] [8]未定义数组下标: 1

---------------------------------------------------------------
[ 2023-09-05T21:50:56+08:00 ] [ log ] at522.icu/99/ [运行时间：0.012791s][吞吐率：78.18req/s] [内存消耗：1,865.34kb] [文件加载：51]
[ error ] [8]未定义数组下标: 1

---------------------------------------------------------------
[ 2023-09-05T21:50:57+08:00 ] [ log ] at522.icu/99/favicon.ico [运行时间：0.020415s][吞吐率：48.98req/s] [内存消耗：1,650.74kb] [文件加载：44]
[ error ] [8]未定义数组下标: 1

---------------------------------------------------------------
[ 2023-09-05T21:51:00+08:00 ] [ log ] at522.icu/99/index/open.html [运行时间：0.014945s][吞吐率：66.91req/s] [内存消耗：1,865.12kb] [文件加载：50]
[ error ] [8]未定义数组下标: 1

---------------------------------------------------------------
[ 2023-09-05T22:09:12+08:00 ] [ log ] at522.icu/99/ [运行时间：0.014732s][吞吐率：67.88req/s] [内存消耗：1,865.34kb] [文件加载：51]
[ error ] [8]未定义数组下标: 1

---------------------------------------------------------------
[ 2023-09-05T22:09:13+08:00 ] [ log ] at522.icu/99/favicon.ico [运行时间：0.012911s][吞吐率：77.45req/s] [内存消耗：1,650.74kb] [文件加载：44]
[ error ] [8]未定义数组下标: 1

---------------------------------------------------------------
[ 2023-09-05T22:09:15+08:00 ] [ log ] at522.icu/99/index/open.html [运行时间：0.010856s][吞吐率：92.12req/s] [内存消耗：1,865.12kb] [文件加载：50]
[ error ] [8]未定义数组下标: 1

---------------------------------------------------------------
[ 2023-09-05T22:46:45+08:00 ] [ log ] at521.icu/99/ [运行时间：0.015821s][吞吐率：63.21req/s] [内存消耗：1,865.34kb] [文件加载：51]
[ error ] [8]未定义数组下标: 1

---------------------------------------------------------------
[ 2023-09-05T22:46:45+08:00 ] [ log ] at521.icu/99/ [运行时间：0.010700s][吞吐率：93.46req/s] [内存消耗：1,865.34kb] [文件加载：51]
[ error ] [8]未定义数组下标: 1

---------------------------------------------------------------
[ 2023-09-05T22:46:46+08:00 ] [ log ] at521.icu/99/ [运行时间：0.015029s][吞吐率：66.54req/s] [内存消耗：1,865.34kb] [文件加载：51]
[ error ] [8]未定义数组下标: 1

---------------------------------------------------------------
[ 2023-09-05T22:46:46+08:00 ] [ log ] at521.icu/99/ [运行时间：0.010721s][吞吐率：93.28req/s] [内存消耗：1,865.34kb] [文件加载：51]
[ error ] [8]未定义数组下标: 1

---------------------------------------------------------------
[ 2023-09-05T22:47:02+08:00 ] [ log ] at521.icu/99/?uc_sm=1 [运行时间：0.013446s][吞吐率：74.37req/s] [内存消耗：1,865.97kb] [文件加载：51]
[ error ] [8]未定义数组下标: 1

---------------------------------------------------------------
[ 2023-09-05T22:47:02+08:00 ] [ log ] at521.icu/99/?uc_sm=1 [运行时间：0.010667s][吞吐率：93.75req/s] [内存消耗：1,865.97kb] [文件加载：51]
[ error ] [8]未定义数组下标: 1

---------------------------------------------------------------
[ 2023-09-05T22:47:03+08:00 ] [ log ] at521.icu/99/ [运行时间：0.015263s][吞吐率：65.52req/s] [内存消耗：1,865.34kb] [文件加载：51]
[ error ] [8]未定义数组下标: 1

---------------------------------------------------------------
[ 2023-09-05T22:47:03+08:00 ] [ log ] at521.icu/99/ [运行时间：0.010905s][吞吐率：91.70req/s] [内存消耗：1,865.34kb] [文件加载：51]
[ error ] [8]未定义数组下标: 1

---------------------------------------------------------------
[ 2023-09-05T22:47:04+08:00 ] [ log ] at521.icu/99/ [运行时间：0.016397s][吞吐率：60.99req/s] [内存消耗：1,865.34kb] [文件加载：51]
[ error ] [8]未定义数组下标: 1

---------------------------------------------------------------
