[ 2023-09-06T00:24:52+08:00 ] [ log ] at521.icu/99/ [运行时间：0.011170s][吞吐率：89.53req/s] [内存消耗：1,865.34kb] [文件加载：51]
[ error ] [8]未定义数组下标: 1

---------------------------------------------------------------
[ 2023-09-06T00:24:52+08:00 ] [ log ] at521.icu/99/ [运行时间：0.010926s][吞吐率：91.52req/s] [内存消耗：1,865.34kb] [文件加载：51]
[ error ] [8]未定义数组下标: 1

---------------------------------------------------------------
[ 2023-09-06T00:24:53+08:00 ] [ log ] at521.icu/99/ [运行时间：0.011822s][吞吐率：84.59req/s] [内存消耗：1,865.34kb] [文件加载：51]
[ error ] [8]未定义数组下标: 1

---------------------------------------------------------------
[ 2023-09-06T00:24:53+08:00 ] [ log ] at521.icu/99/ [运行时间：0.010659s][吞吐率：93.82req/s] [内存消耗：1,865.34kb] [文件加载：51]
[ error ] [8]未定义数组下标: 1

---------------------------------------------------------------
[ 2023-09-06T00:24:56+08:00 ] [ log ] at521.icu/99/favicon.ico [运行时间：0.011860s][吞吐率：84.32req/s] [内存消耗：1,650.74kb] [文件加载：44]
[ error ] [8]未定义数组下标: 1

---------------------------------------------------------------
[ 2023-09-06T00:25:17+08:00 ] [ log ] at521.icu/99/index/open.html [运行时间：0.010810s][吞吐率：92.51req/s] [内存消耗：1,865.12kb] [文件加载：50]
[ error ] [8]未定义数组下标: 1

---------------------------------------------------------------
[ 2023-09-06T00:25:31+08:00 ] [ log ] at521.icu/99/ [运行时间：0.017039s][吞吐率：58.69req/s] [内存消耗：1,864.80kb] [文件加载：51]
[ error ] [8]未定义数组下标: 1

---------------------------------------------------------------
[ 2023-09-06T00:25:34+08:00 ] [ log ] at521.icu/99/index/open.html [运行时间：0.037528s][吞吐率：26.65req/s] [内存消耗：1,865.12kb] [文件加载：50]
[ error ] [8]未定义数组下标: 1

---------------------------------------------------------------
[ 2023-09-06T00:25:46+08:00 ] [ log ] at521.icu/99/index/open.html [运行时间：0.010909s][吞吐率：91.67req/s] [内存消耗：1,865.12kb] [文件加载：50]
[ error ] [8]未定义数组下标: 1

---------------------------------------------------------------
[ 2023-09-06T00:25:46+08:00 ] [ log ] at521.icu/99/index/open.html [运行时间：0.010780s][吞吐率：92.76req/s] [内存消耗：1,865.12kb] [文件加载：50]
[ error ] [8]未定义数组下标: 1

---------------------------------------------------------------
[ 2023-09-06T00:25:47+08:00 ] [ log ] at521.icu/99/index/open.html [运行时间：0.011749s][吞吐率：85.11req/s] [内存消耗：1,865.12kb] [文件加载：50]
[ error ] [8]未定义数组下标: 1

---------------------------------------------------------------
[ 2023-09-06T00:26:42+08:00 ] [ log ] at521.icu/99/?uc_sm=1 [运行时间：0.011511s][吞吐率：86.87req/s] [内存消耗：1,865.44kb] [文件加载：51]
[ error ] [8]未定义数组下标: 1

---------------------------------------------------------------
[ 2023-09-06T00:26:42+08:00 ] [ log ] at521.icu/99/ [运行时间：0.011006s][吞吐率：90.86req/s] [内存消耗：1,864.80kb] [文件加载：51]
[ error ] [8]未定义数组下标: 1

---------------------------------------------------------------
[ 2023-09-06T00:26:43+08:00 ] [ log ] at521.icu/99/favicon.ico [运行时间：0.013056s][吞吐率：76.59req/s] [内存消耗：1,650.74kb] [文件加载：44]
[ error ] [8]未定义数组下标: 1

---------------------------------------------------------------
[ 2023-09-06T00:26:45+08:00 ] [ log ] at521.icu/99/index/open.html [运行时间：0.014422s][吞吐率：69.34req/s] [内存消耗：1,865.12kb] [文件加载：50]
[ error ] [8]未定义数组下标: 1

---------------------------------------------------------------
[ 2023-09-06T00:34:37+08:00 ] [ log ] at521.icu/99/ [运行时间：0.010995s][吞吐率：90.95req/s] [内存消耗：1,864.80kb] [文件加载：51]
[ error ] [8]未定义数组下标: 1

---------------------------------------------------------------
[ 2023-09-06T00:34:37+08:00 ] [ log ] at521.icu/99/ [运行时间：0.010679s][吞吐率：93.64req/s] [内存消耗：1,864.80kb] [文件加载：51]
[ error ] [8]未定义数组下标: 1

---------------------------------------------------------------
[ 2023-09-06T00:34:38+08:00 ] [ log ] at521.icu/99/ [运行时间：0.010926s][吞吐率：91.52req/s] [内存消耗：1,864.80kb] [文件加载：51]
[ error ] [8]未定义数组下标: 1

---------------------------------------------------------------
[ 2023-09-06T00:34:38+08:00 ] [ log ] at521.icu/99/favicon.ico [运行时间：0.009906s][吞吐率：100.95req/s] [内存消耗：1,650.74kb] [文件加载：44]
[ error ] [8]未定义数组下标: 1

---------------------------------------------------------------
[ 2023-09-06T00:34:42+08:00 ] [ log ] at521.icu/99/index/open.html [运行时间：0.023008s][吞吐率：43.46req/s] [内存消耗：1,865.12kb] [文件加载：50]
[ error ] [8]未定义数组下标: 1

---------------------------------------------------------------
[ 2023-09-06T00:34:55+08:00 ] [ log ] at521.icu/99/ [运行时间：0.010864s][吞吐率：92.05req/s] [内存消耗：1,864.80kb] [文件加载：51]
[ error ] [8]未定义数组下标: 1

---------------------------------------------------------------
[ 2023-09-06T00:34:55+08:00 ] [ log ] at521.icu/99/ [运行时间：0.011985s][吞吐率：83.44req/s] [内存消耗：1,864.80kb] [文件加载：51]
[ error ] [8]未定义数组下标: 1

---------------------------------------------------------------
[ 2023-09-06T00:34:55+08:00 ] [ log ] at521.icu/99/ [运行时间：0.015530s][吞吐率：64.39req/s] [内存消耗：1,864.80kb] [文件加载：51]
[ error ] [8]未定义数组下标: 1

---------------------------------------------------------------
[ 2023-09-06T00:34:56+08:00 ] [ log ] at521.icu/99/ [运行时间：0.016290s][吞吐率：61.39req/s] [内存消耗：1,864.80kb] [文件加载：51]
[ error ] [8]未定义数组下标: 1

---------------------------------------------------------------
[ 2023-09-06T00:34:57+08:00 ] [ log ] at521.icu/99/ [运行时间：0.011211s][吞吐率：89.20req/s] [内存消耗：1,864.80kb] [文件加载：51]
[ error ] [8]未定义数组下标: 1

---------------------------------------------------------------
[ 2023-09-06T00:34:57+08:00 ] [ log ] at521.icu/99/ [运行时间：0.010585s][吞吐率：94.47req/s] [内存消耗：1,864.80kb] [文件加载：51]
[ error ] [8]未定义数组下标: 1

---------------------------------------------------------------
[ 2023-09-06T00:34:57+08:00 ] [ log ] at521.icu/99/ [运行时间：0.010809s][吞吐率：92.52req/s] [内存消耗：1,864.80kb] [文件加载：51]
[ error ] [8]未定义数组下标: 1

---------------------------------------------------------------
[ 2023-09-06T00:35:04+08:00 ] [ log ] at521.icu/99/?uc_sm=1&from=wh10331 [运行时间：0.010943s][吞吐率：91.38req/s] [内存消耗：1,865.45kb] [文件加载：51]
[ error ] [8]未定义数组下标: 1

---------------------------------------------------------------
[ 2023-09-06T00:35:04+08:00 ] [ log ] at521.icu/99/ [运行时间：0.011647s][吞吐率：85.86req/s] [内存消耗：1,864.80kb] [文件加载：51]
[ error ] [8]未定义数组下标: 1

---------------------------------------------------------------
[ 2023-09-06T00:35:05+08:00 ] [ log ] at521.icu/99/ [运行时间：0.011086s][吞吐率：90.20req/s] [内存消耗：1,864.80kb] [文件加载：51]
[ error ] [8]未定义数组下标: 1

---------------------------------------------------------------
[ 2023-09-06T00:35:05+08:00 ] [ log ] at521.icu/99/ [运行时间：0.010730s][吞吐率：93.20req/s] [内存消耗：1,864.80kb] [文件加载：51]
[ error ] [8]未定义数组下标: 1

---------------------------------------------------------------
[ 2023-09-06T00:35:05+08:00 ] [ log ] at521.icu/99/ [运行时间：0.011796s][吞吐率：84.77req/s] [内存消耗：1,864.80kb] [文件加载：51]
[ error ] [8]未定义数组下标: 1

---------------------------------------------------------------
[ 2023-09-06T00:35:05+08:00 ] [ log ] at521.icu/99/ [运行时间：0.011463s][吞吐率：87.24req/s] [内存消耗：1,864.80kb] [文件加载：51]
[ error ] [8]未定义数组下标: 1

---------------------------------------------------------------
[ 2023-09-06T00:41:55+08:00 ] [ log ] at521.icu/99/ [运行时间：0.010893s][吞吐率：91.80req/s] [内存消耗：1,864.80kb] [文件加载：51]
[ error ] [8]未定义数组下标: 1

---------------------------------------------------------------
[ 2023-09-06T01:36:40+08:00 ] [ log ] at521.icu/99/ [运行时间：0.012480s][吞吐率：80.13req/s] [内存消耗：1,865.34kb] [文件加载：51]
[ error ] [8]未定义数组下标: 1

---------------------------------------------------------------
[ 2023-09-06T01:36:41+08:00 ] [ log ] at521.icu/99/ [运行时间：0.010830s][吞吐率：92.33req/s] [内存消耗：1,865.34kb] [文件加载：51]
[ error ] [8]未定义数组下标: 1

---------------------------------------------------------------
[ 2023-09-06T01:36:56+08:00 ] [ log ] at521.icu/99/?uc_sm=1 [运行时间：0.011598s][吞吐率：86.22req/s] [内存消耗：1,865.97kb] [文件加载：51]
[ error ] [8]未定义数组下标: 1

---------------------------------------------------------------
[ 2023-09-06T01:36:57+08:00 ] [ log ] at521.icu/99/ [运行时间：0.033707s][吞吐率：29.67req/s] [内存消耗：1,865.34kb] [文件加载：51]
[ error ] [8]未定义数组下标: 1

---------------------------------------------------------------
[ 2023-09-06T01:36:57+08:00 ] [ log ] at521.icu/99/ [运行时间：0.018369s][吞吐率：54.44req/s] [内存消耗：1,865.34kb] [文件加载：51]
[ error ] [8]未定义数组下标: 1

---------------------------------------------------------------
[ 2023-09-06T01:36:58+08:00 ] [ log ] at521.icu/99/ [运行时间：0.014115s][吞吐率：70.85req/s] [内存消耗：1,865.34kb] [文件加载：51]
[ error ] [8]未定义数组下标: 1

---------------------------------------------------------------
[ 2023-09-06T01:37:03+08:00 ] [ log ] at521.icu/99/ [运行时间：0.014007s][吞吐率：71.39req/s] [内存消耗：1,865.34kb] [文件加载：51]
[ error ] [8]未定义数组下标: 1

---------------------------------------------------------------
[ 2023-09-06T01:37:03+08:00 ] [ log ] at521.icu/99/ [运行时间：0.010554s][吞吐率：94.75req/s] [内存消耗：1,865.34kb] [文件加载：51]
[ error ] [8]未定义数组下标: 1

---------------------------------------------------------------
[ 2023-09-06T01:37:05+08:00 ] [ log ] at521.icu/99/ [运行时间：0.010935s][吞吐率：91.45req/s] [内存消耗：1,865.34kb] [文件加载：51]
[ error ] [8]未定义数组下标: 1

---------------------------------------------------------------
[ 2023-09-06T01:37:13+08:00 ] [ log ] at521.icu/99/ [运行时间：0.012112s][吞吐率：82.56req/s] [内存消耗：1,865.34kb] [文件加载：51]
[ error ] [8]未定义数组下标: 1

---------------------------------------------------------------
[ 2023-09-06T01:37:13+08:00 ] [ log ] at521.icu/99/ [运行时间：0.014668s][吞吐率：68.18req/s] [内存消耗：1,865.34kb] [文件加载：51]
[ error ] [8]未定义数组下标: 1

---------------------------------------------------------------
[ 2023-09-06T01:37:13+08:00 ] [ log ] at521.icu/99/ [运行时间：0.010496s][吞吐率：95.28req/s] [内存消耗：1,865.34kb] [文件加载：51]
[ error ] [8]未定义数组下标: 1

---------------------------------------------------------------
[ 2023-09-06T01:37:14+08:00 ] [ log ] at521.icu/99/ [运行时间：0.011645s][吞吐率：85.87req/s] [内存消耗：1,865.34kb] [文件加载：51]
[ error ] [8]未定义数组下标: 1

---------------------------------------------------------------
[ 2023-09-06T01:37:14+08:00 ] [ log ] at521.icu/99/favicon.ico [运行时间：0.009800s][吞吐率：102.04req/s] [内存消耗：1,650.74kb] [文件加载：44]
[ error ] [8]未定义数组下标: 1

---------------------------------------------------------------
[ 2023-09-06T01:37:23+08:00 ] [ log ] at521.icu/99/index/open.html [运行时间：0.010843s][吞吐率：92.23req/s] [内存消耗：1,865.12kb] [文件加载：50]
[ error ] [8]未定义数组下标: 1

---------------------------------------------------------------
[ 2023-09-06T01:37:33+08:00 ] [ log ] at521.icu/99/ [运行时间：0.011981s][吞吐率：83.47req/s] [内存消耗：1,864.80kb] [文件加载：51]
[ error ] [8]未定义数组下标: 1

---------------------------------------------------------------
[ 2023-09-06T01:37:33+08:00 ] [ log ] at521.icu/99/favicon.ico [运行时间：0.022007s][吞吐率：45.44req/s] [内存消耗：1,650.74kb] [文件加载：44]
[ error ] [8]未定义数组下标: 1

---------------------------------------------------------------
[ 2023-09-06T01:37:44+08:00 ] [ log ] at521.icu/99/?uc_sm=1 [运行时间：0.011478s][吞吐率：87.12req/s] [内存消耗：1,865.44kb] [文件加载：51]
[ error ] [8]未定义数组下标: 1

---------------------------------------------------------------
[ 2023-09-06T01:37:44+08:00 ] [ log ] at521.icu/99/?uc_sm=1 [运行时间：0.011674s][吞吐率：85.66req/s] [内存消耗：1,865.44kb] [文件加载：51]
[ error ] [8]未定义数组下标: 1

---------------------------------------------------------------
[ 2023-09-06T01:37:44+08:00 ] [ log ] at521.icu/99/?uc_sm=1 [运行时间：0.014494s][吞吐率：68.99req/s] [内存消耗：1,865.44kb] [文件加载：51]
[ error ] [8]未定义数组下标: 1

---------------------------------------------------------------
[ 2023-09-06T01:37:47+08:00 ] [ log ] at521.icu/99/index/open.html [运行时间：0.011668s][吞吐率：85.70req/s] [内存消耗：1,865.12kb] [文件加载：50]
[ error ] [8]未定义数组下标: 1

---------------------------------------------------------------
[ 2023-09-06T01:44:47+08:00 ] [ log ] at521.icu/99/ [运行时间：0.012962s][吞吐率：77.15req/s] [内存消耗：1,864.80kb] [文件加载：51]
[ error ] [8]未定义数组下标: 1

---------------------------------------------------------------
[ 2023-09-06T01:44:47+08:00 ] [ log ] at521.icu/99/ [运行时间：0.019432s][吞吐率：51.46req/s] [内存消耗：1,864.80kb] [文件加载：51]
[ error ] [8]未定义数组下标: 1

---------------------------------------------------------------
[ 2023-09-06T01:44:48+08:00 ] [ log ] at521.icu/99/ [运行时间：0.011630s][吞吐率：85.98req/s] [内存消耗：1,864.80kb] [文件加载：51]
[ error ] [8]未定义数组下标: 1

---------------------------------------------------------------
[ 2023-09-06T01:44:48+08:00 ] [ log ] at521.icu/99/ [运行时间：0.010908s][吞吐率：91.68req/s] [内存消耗：1,864.80kb] [文件加载：51]
[ error ] [8]未定义数组下标: 1

---------------------------------------------------------------
[ 2023-09-06T01:44:48+08:00 ] [ log ] at521.icu/99/ [运行时间：0.010795s][吞吐率：92.63req/s] [内存消耗：1,864.80kb] [文件加载：51]
[ error ] [8]未定义数组下标: 1

---------------------------------------------------------------
[ 2023-09-06T01:44:48+08:00 ] [ log ] at521.icu/99/ [运行时间：0.010766s][吞吐率：92.88req/s] [内存消耗：1,864.80kb] [文件加载：51]
[ error ] [8]未定义数组下标: 1

---------------------------------------------------------------
[ 2023-09-06T01:44:56+08:00 ] [ log ] at521.icu/99/?uc_sm=1 [运行时间：0.011151s][吞吐率：89.68req/s] [内存消耗：1,865.44kb] [文件加载：51]
[ error ] [8]未定义数组下标: 1

---------------------------------------------------------------
[ 2023-09-06T01:44:56+08:00 ] [ log ] at521.icu/99/?uc_sm=1 [运行时间：0.011207s][吞吐率：89.23req/s] [内存消耗：1,865.44kb] [文件加载：51]
[ error ] [8]未定义数组下标: 1

---------------------------------------------------------------
[ 2023-09-06T01:44:56+08:00 ] [ log ] at521.icu/99/?uc_sm=1 [运行时间：0.011043s][吞吐率：90.56req/s] [内存消耗：1,865.44kb] [文件加载：51]
[ error ] [8]未定义数组下标: 1

---------------------------------------------------------------
[ 2023-09-06T01:44:56+08:00 ] [ log ] at521.icu/99/ [运行时间：0.011229s][吞吐率：89.06req/s] [内存消耗：1,864.80kb] [文件加载：51]
[ error ] [8]未定义数组下标: 1

---------------------------------------------------------------
[ 2023-09-06T01:44:56+08:00 ] [ log ] at521.icu/99/ [运行时间：0.010599s][吞吐率：94.35req/s] [内存消耗：1,864.80kb] [文件加载：51]
[ error ] [8]未定义数组下标: 1

---------------------------------------------------------------
[ 2023-09-06T01:44:56+08:00 ] [ log ] at521.icu/99/ [运行时间：0.011434s][吞吐率：87.46req/s] [内存消耗：1,864.80kb] [文件加载：51]
[ error ] [8]未定义数组下标: 1

---------------------------------------------------------------
[ 2023-09-06T01:44:57+08:00 ] [ log ] at521.icu/99/ [运行时间：0.010981s][吞吐率：91.07req/s] [内存消耗：1,864.80kb] [文件加载：51]
[ error ] [8]未定义数组下标: 1

---------------------------------------------------------------
[ 2023-09-06T01:44:57+08:00 ] [ log ] at521.icu/99/ [运行时间：0.010760s][吞吐率：92.94req/s] [内存消耗：1,864.80kb] [文件加载：51]
[ error ] [8]未定义数组下标: 1

---------------------------------------------------------------
[ 2023-09-06T01:44:57+08:00 ] [ log ] at521.icu/99/ [运行时间：0.011482s][吞吐率：87.09req/s] [内存消耗：1,864.80kb] [文件加载：51]
[ error ] [8]未定义数组下标: 1

---------------------------------------------------------------
[ 2023-09-06T01:45:26+08:00 ] [ log ] at521.icu/99/?uc_sm=1 [运行时间：0.010784s][吞吐率：92.73req/s] [内存消耗：1,865.44kb] [文件加载：51]
[ error ] [8]未定义数组下标: 1

---------------------------------------------------------------
[ 2023-09-06T01:45:26+08:00 ] [ log ] at521.icu/99/?uc_sm=1 [运行时间：0.010821s][吞吐率：92.41req/s] [内存消耗：1,865.44kb] [文件加载：51]
[ error ] [8]未定义数组下标: 1

---------------------------------------------------------------
[ 2023-09-06T01:45:26+08:00 ] [ log ] at521.icu/99/?uc_sm=1 [运行时间：0.011149s][吞吐率：89.69req/s] [内存消耗：1,865.44kb] [文件加载：51]
[ error ] [8]未定义数组下标: 1

---------------------------------------------------------------
[ 2023-09-06T01:46:01+08:00 ] [ log ] at521.icu/99/?uc_sm=1 [运行时间：0.011247s][吞吐率：88.91req/s] [内存消耗：1,865.44kb] [文件加载：51]
[ error ] [8]未定义数组下标: 1

---------------------------------------------------------------
[ 2023-09-06T01:46:01+08:00 ] [ log ] at521.icu/99/?uc_sm=1 [运行时间：0.010680s][吞吐率：93.63req/s] [内存消耗：1,865.44kb] [文件加载：51]
[ error ] [8]未定义数组下标: 1

---------------------------------------------------------------
[ 2023-09-06T01:46:01+08:00 ] [ log ] at521.icu/99/?uc_sm=1 [运行时间：0.010837s][吞吐率：92.28req/s] [内存消耗：1,865.44kb] [文件加载：51]
[ error ] [8]未定义数组下标: 1

---------------------------------------------------------------
[ 2023-09-06T01:46:07+08:00 ] [ log ] at521.icu/99/?uc_sm=1 [运行时间：0.011281s][吞吐率：88.64req/s] [内存消耗：1,865.44kb] [文件加载：51]
[ error ] [8]未定义数组下标: 1

---------------------------------------------------------------
[ 2023-09-06T01:46:07+08:00 ] [ log ] at521.icu/99/?uc_sm=1 [运行时间：0.011226s][吞吐率：89.08req/s] [内存消耗：1,865.44kb] [文件加载：51]
[ error ] [8]未定义数组下标: 1

---------------------------------------------------------------
[ 2023-09-06T01:46:07+08:00 ] [ log ] at521.icu/99/?uc_sm=1 [运行时间：0.010533s][吞吐率：94.94req/s] [内存消耗：1,865.44kb] [文件加载：51]
[ error ] [8]未定义数组下标: 1

---------------------------------------------------------------
[ 2023-09-06T01:47:11+08:00 ] [ log ] at521.icu/99/?uc_sm=1 [运行时间：0.011023s][吞吐率：90.72req/s] [内存消耗：1,865.44kb] [文件加载：51]
[ error ] [8]未定义数组下标: 1

---------------------------------------------------------------
[ 2023-09-06T01:47:11+08:00 ] [ log ] at521.icu/99/?uc_sm=1 [运行时间：0.010948s][吞吐率：91.34req/s] [内存消耗：1,865.44kb] [文件加载：51]
[ error ] [8]未定义数组下标: 1

---------------------------------------------------------------
[ 2023-09-06T01:47:15+08:00 ] [ log ] at521.icu/99/?uc_sm=1 [运行时间：0.014970s][吞吐率：66.80req/s] [内存消耗：1,865.44kb] [文件加载：51]
[ error ] [8]未定义数组下标: 1

---------------------------------------------------------------
[ 2023-09-06T01:47:15+08:00 ] [ log ] at521.icu/99/?uc_sm=1 [运行时间：0.010359s][吞吐率：96.53req/s] [内存消耗：1,865.44kb] [文件加载：51]
[ error ] [8]未定义数组下标: 1

---------------------------------------------------------------
[ 2023-09-06T01:47:15+08:00 ] [ log ] at521.icu/99/?uc_sm=1 [运行时间：0.011355s][吞吐率：88.07req/s] [内存消耗：1,865.44kb] [文件加载：51]
[ error ] [8]未定义数组下标: 1

---------------------------------------------------------------
[ 2023-09-06T01:47:27+08:00 ] [ log ] at521.icu/99/ [运行时间：0.012800s][吞吐率：78.13req/s] [内存消耗：1,864.80kb] [文件加载：51]
[ error ] [8]未定义数组下标: 1

---------------------------------------------------------------
[ 2023-09-06T01:47:27+08:00 ] [ log ] at521.icu/99/ [运行时间：0.010831s][吞吐率：92.33req/s] [内存消耗：1,864.80kb] [文件加载：51]
[ error ] [8]未定义数组下标: 1

---------------------------------------------------------------
[ 2023-09-06T01:47:27+08:00 ] [ log ] at521.icu/99/ [运行时间：0.010848s][吞吐率：92.18req/s] [内存消耗：1,864.80kb] [文件加载：51]
[ error ] [8]未定义数组下标: 1

---------------------------------------------------------------
[ 2023-09-06T01:47:28+08:00 ] [ log ] at521.icu/99/ [运行时间：0.011199s][吞吐率：89.29req/s] [内存消耗：1,864.80kb] [文件加载：51]
[ error ] [8]未定义数组下标: 1

---------------------------------------------------------------
[ 2023-09-06T01:47:28+08:00 ] [ log ] at521.icu/99/ [运行时间：0.011466s][吞吐率：87.21req/s] [内存消耗：1,864.80kb] [文件加载：51]
[ error ] [8]未定义数组下标: 1

---------------------------------------------------------------
[ 2023-09-06T01:47:39+08:00 ] [ log ] at521.icu/99/?uc_sm=1 [运行时间：0.010577s][吞吐率：94.55req/s] [内存消耗：1,865.44kb] [文件加载：51]
[ error ] [8]未定义数组下标: 1

---------------------------------------------------------------
[ 2023-09-06T01:47:39+08:00 ] [ log ] at521.icu/99/?uc_sm=1 [运行时间：0.010947s][吞吐率：91.35req/s] [内存消耗：1,865.44kb] [文件加载：51]
[ error ] [8]未定义数组下标: 1

---------------------------------------------------------------
[ 2023-09-06T01:52:01+08:00 ] [ log ] at521.icu/99/ [运行时间：0.010725s][吞吐率：93.24req/s] [内存消耗：1,864.80kb] [文件加载：51]
[ error ] [8]未定义数组下标: 1

---------------------------------------------------------------
[ 2023-09-06T01:52:01+08:00 ] [ log ] at521.icu/99/ [运行时间：0.011231s][吞吐率：89.04req/s] [内存消耗：1,864.80kb] [文件加载：51]
[ error ] [8]未定义数组下标: 1

---------------------------------------------------------------
[ 2023-09-06T01:52:02+08:00 ] [ log ] at521.icu/99/ [运行时间：0.011163s][吞吐率：89.58req/s] [内存消耗：1,864.80kb] [文件加载：51]
[ error ] [8]未定义数组下标: 1

---------------------------------------------------------------
[ 2023-09-06T01:57:12+08:00 ] [ log ] at888.icu/99/ [运行时间：0.011390s][吞吐率：87.79req/s] [内存消耗：1,865.34kb] [文件加载：51]
[ error ] [8]未定义数组下标: 1

---------------------------------------------------------------
[ 2023-09-06T01:57:18+08:00 ] [ log ] at888.icu/99/favicon.ico [运行时间：0.009300s][吞吐率：107.53req/s] [内存消耗：1,650.74kb] [文件加载：44]
[ error ] [8]未定义数组下标: 1

---------------------------------------------------------------
[ 2023-09-06T01:57:27+08:00 ] [ log ] at888.icu/99/index/open.html [运行时间：0.011315s][吞吐率：88.38req/s] [内存消耗：1,865.12kb] [文件加载：50]
[ error ] [8]未定义数组下标: 1

---------------------------------------------------------------
[ 2023-09-06T01:58:58+08:00 ] [ log ] at888.icu/99/index/open.html [运行时间：0.010588s][吞吐率：94.45req/s] [内存消耗：1,865.12kb] [文件加载：50]
[ error ] [8]未定义数组下标: 1

---------------------------------------------------------------
[ 2023-09-06T01:59:08+08:00 ] [ log ] at888.icu/99/ [运行时间：0.010751s][吞吐率：93.01req/s] [内存消耗：1,864.80kb] [文件加载：51]
[ error ] [8]未定义数组下标: 1

---------------------------------------------------------------
[ 2023-09-06T01:59:08+08:00 ] [ log ] at888.icu/99/favicon.ico [运行时间：0.010042s][吞吐率：99.58req/s] [内存消耗：1,650.74kb] [文件加载：44]
[ error ] [8]未定义数组下标: 1

---------------------------------------------------------------
[ 2023-09-06T01:59:11+08:00 ] [ log ] at888.icu/99/index/open.html [运行时间：0.010983s][吞吐率：91.05req/s] [内存消耗：1,865.12kb] [文件加载：50]
[ error ] [8]未定义数组下标: 1

---------------------------------------------------------------
[ 2023-09-06T02:01:12+08:00 ] [ log ] at521.icu/99/?uc_sm=1 [运行时间：0.010799s][吞吐率：92.60req/s] [内存消耗：1,865.44kb] [文件加载：51]
[ error ] [8]未定义数组下标: 1

---------------------------------------------------------------
[ 2023-09-06T02:01:12+08:00 ] [ log ] at521.icu/99/ [运行时间：0.025249s][吞吐率：39.61req/s] [内存消耗：1,864.80kb] [文件加载：51]
[ error ] [8]未定义数组下标: 1

---------------------------------------------------------------
[ 2023-09-06T02:01:13+08:00 ] [ log ] at521.icu/99/ [运行时间：0.013856s][吞吐率：72.17req/s] [内存消耗：1,864.80kb] [文件加载：51]
[ error ] [8]未定义数组下标: 1

---------------------------------------------------------------
[ 2023-09-06T02:01:13+08:00 ] [ log ] at521.icu/99/favicon.ico [运行时间：0.012740s][吞吐率：78.49req/s] [内存消耗：1,650.74kb] [文件加载：44]
[ error ] [8]未定义数组下标: 1

---------------------------------------------------------------
[ 2023-09-06T02:01:17+08:00 ] [ log ] at521.icu/99/index/open.html [运行时间：0.011351s][吞吐率：88.10req/s] [内存消耗：1,865.12kb] [文件加载：50]
[ error ] [8]未定义数组下标: 1

---------------------------------------------------------------
[ 2023-09-06T02:01:27+08:00 ] [ log ] at521.icu/99/?uc_sm=1 [运行时间：0.011382s][吞吐率：87.86req/s] [内存消耗：1,865.44kb] [文件加载：51]
[ error ] [8]未定义数组下标: 1

---------------------------------------------------------------
[ 2023-09-06T02:01:27+08:00 ] [ log ] at521.icu/99/?uc_sm=1 [运行时间：0.011276s][吞吐率：88.68req/s] [内存消耗：1,865.44kb] [文件加载：51]
[ error ] [8]未定义数组下标: 1

---------------------------------------------------------------
[ 2023-09-06T02:01:27+08:00 ] [ log ] at521.icu/99/ [运行时间：0.011310s][吞吐率：88.42req/s] [内存消耗：1,864.80kb] [文件加载：51]
[ error ] [8]未定义数组下标: 1

---------------------------------------------------------------
[ 2023-09-06T02:01:28+08:00 ] [ log ] at521.icu/99/favicon.ico [运行时间：0.009939s][吞吐率：100.61req/s] [内存消耗：1,650.74kb] [文件加载：44]
[ error ] [8]未定义数组下标: 1

---------------------------------------------------------------
[ 2023-09-06T02:01:33+08:00 ] [ log ] at521.icu/99/index/open.html [运行时间：0.013027s][吞吐率：76.76req/s] [内存消耗：1,865.12kb] [文件加载：50]
[ error ] [8]未定义数组下标: 1

---------------------------------------------------------------
[ 2023-09-06T02:02:11+08:00 ] [ log ] at521.icu/99/index/open.html [运行时间：0.010720s][吞吐率：93.28req/s] [内存消耗：1,865.12kb] [文件加载：50]
[ error ] [8]未定义数组下标: 1

---------------------------------------------------------------
[ 2023-09-06T02:02:23+08:00 ] [ log ] at521.icu/99/index/open.html [运行时间：0.015246s][吞吐率：65.59req/s] [内存消耗：1,865.12kb] [文件加载：50]
[ error ] [8]未定义数组下标: 1

---------------------------------------------------------------
[ 2023-09-06T02:02:23+08:00 ] [ log ] at521.icu/99/index/open.html [运行时间：0.010644s][吞吐率：93.95req/s] [内存消耗：1,865.12kb] [文件加载：50]
[ error ] [8]未定义数组下标: 1

---------------------------------------------------------------
[ 2023-09-06T02:02:23+08:00 ] [ log ] at521.icu/99/index/open.html [运行时间：0.010075s][吞吐率：99.26req/s] [内存消耗：1,865.12kb] [文件加载：50]
[ error ] [8]未定义数组下标: 1

---------------------------------------------------------------
[ 2023-09-06T02:02:39+08:00 ] [ log ] at521.icu/99/index/open.html [运行时间：0.010766s][吞吐率：92.89req/s] [内存消耗：1,865.12kb] [文件加载：50]
[ error ] [8]未定义数组下标: 1

---------------------------------------------------------------
[ 2023-09-06T02:02:39+08:00 ] [ log ] at521.icu/99/index/open.html [运行时间：0.011329s][吞吐率：88.27req/s] [内存消耗：1,865.12kb] [文件加载：50]
[ error ] [8]未定义数组下标: 1

---------------------------------------------------------------
[ 2023-09-06T02:22:22+08:00 ] [ log ] at521.icu/99/index/open.html [运行时间：0.011302s][吞吐率：88.48req/s] [内存消耗：1,865.12kb] [文件加载：50]
[ error ] [8]未定义数组下标: 1

---------------------------------------------------------------
[ 2023-09-06T02:22:31+08:00 ] [ log ] at521.icu/99/index/open.html [运行时间：0.010861s][吞吐率：92.07req/s] [内存消耗：1,865.12kb] [文件加载：50]
[ error ] [8]未定义数组下标: 1

---------------------------------------------------------------
[ 2023-09-06T02:22:31+08:00 ] [ log ] at521.icu/99/index/open.html [运行时间：0.010625s][吞吐率：94.12req/s] [内存消耗：1,865.12kb] [文件加载：50]
[ error ] [8]未定义数组下标: 1

---------------------------------------------------------------
[ 2023-09-06T02:22:41+08:00 ] [ log ] at521.icu/99/index/open.html [运行时间：0.010680s][吞吐率：93.63req/s] [内存消耗：1,865.12kb] [文件加载：50]
[ error ] [8]未定义数组下标: 1

---------------------------------------------------------------
[ 2023-09-06T02:23:27+08:00 ] [ log ] at521.icu/99/index/open.html [运行时间：0.010735s][吞吐率：93.15req/s] [内存消耗：1,865.12kb] [文件加载：50]
[ error ] [8]未定义数组下标: 1

---------------------------------------------------------------
[ 2023-09-06T02:23:35+08:00 ] [ log ] at521.icu/99/index/open.html [运行时间：0.011181s][吞吐率：89.44req/s] [内存消耗：1,865.12kb] [文件加载：50]
[ error ] [8]未定义数组下标: 1

---------------------------------------------------------------
[ 2023-09-06T02:23:40+08:00 ] [ log ] at521.icu/99/index/open.html [运行时间：0.013134s][吞吐率：76.14req/s] [内存消耗：1,865.12kb] [文件加载：50]
[ error ] [8]未定义数组下标: 1

---------------------------------------------------------------
[ 2023-09-06T02:28:44+08:00 ] [ log ] at521.icu/99/ [运行时间：0.011613s][吞吐率：86.11req/s] [内存消耗：1,864.80kb] [文件加载：51]
[ error ] [8]未定义数组下标: 1

---------------------------------------------------------------
[ 2023-09-06T02:28:45+08:00 ] [ log ] at521.icu/99/ [运行时间：0.011521s][吞吐率：86.80req/s] [内存消耗：1,864.80kb] [文件加载：51]
[ error ] [8]未定义数组下标: 1

---------------------------------------------------------------
[ 2023-09-06T02:28:45+08:00 ] [ log ] at521.icu/99/ [运行时间：0.010943s][吞吐率：91.38req/s] [内存消耗：1,864.80kb] [文件加载：51]
[ error ] [8]未定义数组下标: 1

---------------------------------------------------------------
[ 2023-09-06T02:28:45+08:00 ] [ log ] at521.icu/99/ [运行时间：0.010862s][吞吐率：92.07req/s] [内存消耗：1,864.80kb] [文件加载：51]
[ error ] [8]未定义数组下标: 1

---------------------------------------------------------------
[ 2023-09-06T02:28:50+08:00 ] [ log ] at521.icu/99/ [运行时间：0.010979s][吞吐率：91.08req/s] [内存消耗：1,864.80kb] [文件加载：51]
[ error ] [8]未定义数组下标: 1

---------------------------------------------------------------
[ 2023-09-06T02:28:50+08:00 ] [ log ] at521.icu/99/ [运行时间：0.010679s][吞吐率：93.64req/s] [内存消耗：1,864.80kb] [文件加载：51]
[ error ] [8]未定义数组下标: 1

---------------------------------------------------------------
[ 2023-09-06T02:28:51+08:00 ] [ log ] at521.icu/99/ [运行时间：0.013967s][吞吐率：71.60req/s] [内存消耗：1,864.80kb] [文件加载：51]
[ error ] [8]未定义数组下标: 1

---------------------------------------------------------------
[ 2023-09-06T02:28:51+08:00 ] [ log ] at521.icu/99/ [运行时间：0.015773s][吞吐率：63.40req/s] [内存消耗：1,864.80kb] [文件加载：51]
[ error ] [8]未定义数组下标: 1

---------------------------------------------------------------
[ 2023-09-06T02:28:51+08:00 ] [ log ] at521.icu/99/ [运行时间：0.010681s][吞吐率：93.62req/s] [内存消耗：1,864.80kb] [文件加载：51]
[ error ] [8]未定义数组下标: 1

---------------------------------------------------------------
[ 2023-09-06T02:28:57+08:00 ] [ log ] at521.icu/99/ [运行时间：0.011731s][吞吐率：85.24req/s] [内存消耗：1,864.80kb] [文件加载：51]
[ error ] [8]未定义数组下标: 1

---------------------------------------------------------------
[ 2023-09-06T02:28:57+08:00 ] [ log ] at521.icu/99/ [运行时间：0.011427s][吞吐率：87.51req/s] [内存消耗：1,864.80kb] [文件加载：51]
[ error ] [8]未定义数组下标: 1

---------------------------------------------------------------
[ 2023-09-06T02:28:58+08:00 ] [ log ] at521.icu/99/ [运行时间：0.011530s][吞吐率：86.73req/s] [内存消耗：1,864.80kb] [文件加载：51]
[ error ] [8]未定义数组下标: 1

---------------------------------------------------------------
[ 2023-09-06T02:28:58+08:00 ] [ log ] at521.icu/99/ [运行时间：0.010964s][吞吐率：91.21req/s] [内存消耗：1,864.80kb] [文件加载：51]
[ error ] [8]未定义数组下标: 1

---------------------------------------------------------------
[ 2023-09-06T02:28:58+08:00 ] [ log ] at521.icu/99/ [运行时间：0.011094s][吞吐率：90.14req/s] [内存消耗：1,864.80kb] [文件加载：51]
[ error ] [8]未定义数组下标: 1

---------------------------------------------------------------
[ 2023-09-06T02:28:58+08:00 ] [ log ] at521.icu/99/ [运行时间：0.010859s][吞吐率：92.09req/s] [内存消耗：1,864.80kb] [文件加载：51]
[ error ] [8]未定义数组下标: 1

---------------------------------------------------------------
[ 2023-09-06T02:29:08+08:00 ] [ log ] at521.icu/99/?uc_sm=1 [运行时间：0.011163s][吞吐率：89.58req/s] [内存消耗：1,865.44kb] [文件加载：51]
[ error ] [8]未定义数组下标: 1

---------------------------------------------------------------
[ 2023-09-06T02:42:29+08:00 ] [ log ] at521.icu/99/index/open.html [运行时间：0.034746s][吞吐率：28.78req/s] [内存消耗：1,865.65kb] [文件加载：50]
[ error ] [8]未定义数组下标: 1

---------------------------------------------------------------
[ 2023-09-06T02:42:29+08:00 ] [ log ] at521.icu/99/index/open.html [运行时间：0.015091s][吞吐率：66.26req/s] [内存消耗：1,865.65kb] [文件加载：50]
[ error ] [8]未定义数组下标: 1

---------------------------------------------------------------
[ 2023-09-06T02:42:29+08:00 ] [ log ] at521.icu/99/index/open.html [运行时间：0.011305s][吞吐率：88.46req/s] [内存消耗：1,865.65kb] [文件加载：50]
[ error ] [8]未定义数组下标: 1

---------------------------------------------------------------
[ 2023-09-06T02:42:37+08:00 ] [ log ] at521.icu/99/index/open.html [运行时间：0.010892s][吞吐率：91.81req/s] [内存消耗：1,865.65kb] [文件加载：50]
[ error ] [8]未定义数组下标: 1

---------------------------------------------------------------
[ 2023-09-06T02:42:48+08:00 ] [ log ] at521.icu/99/?uc_sm=1 [运行时间：0.017505s][吞吐率：57.13req/s] [内存消耗：1,865.97kb] [文件加载：51]
[ error ] [8]未定义数组下标: 1

---------------------------------------------------------------
[ 2023-09-06T02:42:48+08:00 ] [ log ] at521.icu/99/ [运行时间：0.011126s][吞吐率：89.88req/s] [内存消耗：1,865.34kb] [文件加载：51]
[ error ] [8]未定义数组下标: 1

---------------------------------------------------------------
[ 2023-09-06T02:42:48+08:00 ] [ log ] at521.icu/99/ [运行时间：0.010985s][吞吐率：91.03req/s] [内存消耗：1,865.34kb] [文件加载：51]
[ error ] [8]未定义数组下标: 1

---------------------------------------------------------------
[ 2023-09-06T02:42:49+08:00 ] [ log ] at521.icu/99/ [运行时间：0.011632s][吞吐率：85.97req/s] [内存消耗：1,865.34kb] [文件加载：51]
[ error ] [8]未定义数组下标: 1

---------------------------------------------------------------
[ 2023-09-06T02:42:56+08:00 ] [ log ] at521.icu/99/?uc_sm=1 [运行时间：0.028893s][吞吐率：34.61req/s] [内存消耗：1,865.97kb] [文件加载：51]
[ error ] [8]未定义数组下标: 1

---------------------------------------------------------------
[ 2023-09-06T02:42:57+08:00 ] [ log ] at521.icu/99/ [运行时间：0.011041s][吞吐率：90.57req/s] [内存消耗：1,865.34kb] [文件加载：51]
[ error ] [8]未定义数组下标: 1

---------------------------------------------------------------
[ 2023-09-06T02:42:57+08:00 ] [ log ] at521.icu/99/ [运行时间：0.010704s][吞吐率：93.42req/s] [内存消耗：1,865.34kb] [文件加载：51]
[ error ] [8]未定义数组下标: 1

---------------------------------------------------------------
[ 2023-09-06T02:42:57+08:00 ] [ log ] at521.icu/99/ [运行时间：0.014483s][吞吐率：69.05req/s] [内存消耗：1,865.34kb] [文件加载：51]
[ error ] [8]未定义数组下标: 1

---------------------------------------------------------------
[ 2023-09-06T02:42:57+08:00 ] [ log ] at521.icu/99/ [运行时间：0.011541s][吞吐率：86.65req/s] [内存消耗：1,865.34kb] [文件加载：51]
[ error ] [8]未定义数组下标: 1

---------------------------------------------------------------
[ 2023-09-06T08:24:19+08:00 ] [ log ] at521.icu/99/?uc_sm=1&from=wh10331 [运行时间：0.012744s][吞吐率：78.47req/s] [内存消耗：1,865.98kb] [文件加载：51]
[ error ] [8]未定义数组下标: 1

---------------------------------------------------------------
[ 2023-09-06T08:24:20+08:00 ] [ log ] at521.icu/99/?uc_sm=1&from=wh10331 [运行时间：0.010581s][吞吐率：94.51req/s] [内存消耗：1,865.98kb] [文件加载：51]
[ error ] [8]未定义数组下标: 1

---------------------------------------------------------------
[ 2023-09-06T08:24:21+08:00 ] [ log ] at521.icu/99/ [运行时间：0.010834s][吞吐率：92.30req/s] [内存消耗：1,865.34kb] [文件加载：51]
[ error ] [8]未定义数组下标: 1

---------------------------------------------------------------
[ 2023-09-06T08:24:22+08:00 ] [ log ] at521.icu/99/ [运行时间：0.010646s][吞吐率：93.93req/s] [内存消耗：1,865.34kb] [文件加载：51]
[ error ] [8]未定义数组下标: 1

---------------------------------------------------------------
[ 2023-09-06T08:24:23+08:00 ] [ log ] at521.icu/99/ [运行时间：0.010785s][吞吐率：92.72req/s] [内存消耗：1,865.34kb] [文件加载：51]
[ error ] [8]未定义数组下标: 1

---------------------------------------------------------------
[ 2023-09-06T08:24:23+08:00 ] [ log ] at521.icu/99/ [运行时间：0.010921s][吞吐率：91.57req/s] [内存消耗：1,865.34kb] [文件加载：51]
[ error ] [8]未定义数组下标: 1

---------------------------------------------------------------
[ 2023-09-06T08:24:25+08:00 ] [ log ] at521.icu/99/ [运行时间：0.011514s][吞吐率：86.85req/s] [内存消耗：1,865.34kb] [文件加载：51]
[ error ] [8]未定义数组下标: 1

---------------------------------------------------------------
[ 2023-09-06T08:24:25+08:00 ] [ log ] at521.icu/99/ [运行时间：0.010581s][吞吐率：94.51req/s] [内存消耗：1,865.34kb] [文件加载：51]
[ error ] [8]未定义数组下标: 1

---------------------------------------------------------------
[ 2023-09-06T08:25:06+08:00 ] [ log ] at521.icu/99/?uc_sm=1 [运行时间：0.011876s][吞吐率：84.20req/s] [内存消耗：1,865.97kb] [文件加载：51]
[ error ] [8]未定义数组下标: 1

---------------------------------------------------------------
[ 2023-09-06T08:38:44+08:00 ] [ log ] at521.icu/99/?uc_sm=1&from=wh10331 [运行时间：0.018917s][吞吐率：52.86req/s] [内存消耗：1,865.98kb] [文件加载：51]
[ error ] [8]未定义数组下标: 1

---------------------------------------------------------------
[ 2023-09-06T08:38:44+08:00 ] [ log ] at521.icu/99/ [运行时间：0.014365s][吞吐率：69.61req/s] [内存消耗：1,865.34kb] [文件加载：51]
[ error ] [8]未定义数组下标: 1

---------------------------------------------------------------
[ 2023-09-06T08:38:45+08:00 ] [ log ] at521.icu/99/ [运行时间：0.014848s][吞吐率：67.35req/s] [内存消耗：1,865.34kb] [文件加载：51]
[ error ] [8]未定义数组下标: 1

---------------------------------------------------------------
[ 2023-09-06T08:38:54+08:00 ] [ log ] at521.icu/99/ [运行时间：0.013910s][吞吐率：71.89req/s] [内存消耗：1,865.34kb] [文件加载：51]
[ error ] [8]未定义数组下标: 1

---------------------------------------------------------------
[ 2023-09-06T08:38:54+08:00 ] [ log ] at521.icu/99/ [运行时间：0.017769s][吞吐率：56.28req/s] [内存消耗：1,865.34kb] [文件加载：51]
[ error ] [8]未定义数组下标: 1

---------------------------------------------------------------
[ 2023-09-06T08:38:55+08:00 ] [ log ] at521.icu/99/ [运行时间：0.011203s][吞吐率：89.26req/s] [内存消耗：1,865.34kb] [文件加载：51]
[ error ] [8]未定义数组下标: 1

---------------------------------------------------------------
[ 2023-09-06T08:38:55+08:00 ] [ log ] at521.icu/99/ [运行时间：0.010570s][吞吐率：94.61req/s] [内存消耗：1,865.34kb] [文件加载：51]
[ error ] [8]未定义数组下标: 1

---------------------------------------------------------------
[ 2023-09-06T08:38:55+08:00 ] [ log ] at521.icu/99/ [运行时间：0.010992s][吞吐率：90.97req/s] [内存消耗：1,865.34kb] [文件加载：51]
[ error ] [8]未定义数组下标: 1

---------------------------------------------------------------
[ 2023-09-06T08:38:55+08:00 ] [ log ] at521.icu/99/favicon.ico [运行时间：0.009436s][吞吐率：105.98req/s] [内存消耗：1,650.74kb] [文件加载：44]
[ error ] [8]未定义数组下标: 1

---------------------------------------------------------------
[ 2023-09-06T08:39:15+08:00 ] [ log ] at521.icu/99/index/open.html [运行时间：0.010519s][吞吐率：95.07req/s] [内存消耗：1,865.12kb] [文件加载：50]
[ error ] [8]未定义数组下标: 1

---------------------------------------------------------------
[ 2023-09-06T08:39:25+08:00 ] [ log ] at521.icu/99/ [运行时间：0.013546s][吞吐率：73.82req/s] [内存消耗：1,864.80kb] [文件加载：51]
[ error ] [8]未定义数组下标: 1

---------------------------------------------------------------
[ 2023-09-06T08:39:27+08:00 ] [ log ] at521.icu/99/index/open.html [运行时间：0.010826s][吞吐率：92.37req/s] [内存消耗：1,865.12kb] [文件加载：50]
[ error ] [8]未定义数组下标: 1

---------------------------------------------------------------
[ 2023-09-06T08:40:15+08:00 ] [ log ] at521.icu/99/index/open.html [运行时间：0.011379s][吞吐率：87.88req/s] [内存消耗：1,865.12kb] [文件加载：50]
[ error ] [8]未定义数组下标: 1

---------------------------------------------------------------
[ 2023-09-06T11:03:58+08:00 ] [ log ] at666.icu/99/index/open.html [运行时间：0.014611s][吞吐率：68.44req/s] [内存消耗：1,865.65kb] [文件加载：50]
[ error ] [8]未定义数组下标: 1

---------------------------------------------------------------
[ 2023-09-06T11:04:20+08:00 ] [ log ] at666.icu/99/index/open.html [运行时间：0.017024s][吞吐率：58.74req/s] [内存消耗：1,865.12kb] [文件加载：50]
[ error ] [8]未定义数组下标: 1

---------------------------------------------------------------
[ 2023-09-06T12:50:58+08:00 ] [ log ] at666.icu/99/ [运行时间：0.010703s][吞吐率：93.43req/s] [内存消耗：1,865.34kb] [文件加载：51]
[ error ] [8]未定义数组下标: 1

---------------------------------------------------------------
[ 2023-09-06T12:51:01+08:00 ] [ log ] at666.icu/99/ [运行时间：0.010801s][吞吐率：92.58req/s] [内存消耗：1,864.80kb] [文件加载：51]
[ error ] [8]未定义数组下标: 1

---------------------------------------------------------------
[ 2023-09-06T12:51:02+08:00 ] [ log ] at666.icu/99/favicon.ico [运行时间：0.009261s][吞吐率：107.98req/s] [内存消耗：1,650.74kb] [文件加载：44]
[ error ] [8]未定义数组下标: 1

---------------------------------------------------------------
[ 2023-09-06T12:51:04+08:00 ] [ log ] at666.icu/99/index/open.html [运行时间：0.032321s][吞吐率：30.94req/s] [内存消耗：1,865.12kb] [文件加载：50]
[ error ] [8]未定义数组下标: 1

---------------------------------------------------------------
[ 2023-09-06T13:05:57+08:00 ] [ log ] at1666.com/99/ [运行时间：0.040476s][吞吐率：24.71req/s] [内存消耗：1,865.34kb] [文件加载：51]
[ error ] [8]未定义数组下标: 1

---------------------------------------------------------------
[ 2023-09-06T13:05:59+08:00 ] [ log ] at1666.com/99/favicon.ico [运行时间：0.028851s][吞吐率：34.66req/s] [内存消耗：1,650.74kb] [文件加载：44]
[ error ] [8]未定义数组下标: 1

---------------------------------------------------------------
[ 2023-09-06T13:06:00+08:00 ] [ log ] at1666.com/99/index/open.html [运行时间：0.015550s][吞吐率：64.31req/s] [内存消耗：1,865.12kb] [文件加载：50]
[ error ] [8]未定义数组下标: 1

---------------------------------------------------------------
[ 2023-09-06T13:31:09+08:00 ] [ log ] at666.icu/99/ [运行时间：0.011640s][吞吐率：85.91req/s] [内存消耗：1,857.63kb] [文件加载：48]
[ error ] [8]Undefined offset: 1

---------------------------------------------------------------
[ 2023-09-06T16:32:26+08:00 ] [ log ] at521.icu/99/ [运行时间：0.017647s][吞吐率：56.67req/s] [内存消耗：1,865.34kb] [文件加载：51]
[ error ] [8]未定义数组下标: 1

---------------------------------------------------------------
[ 2023-09-06T16:32:32+08:00 ] [ log ] at521.icu/99/ [运行时间：0.010841s][吞吐率：92.24req/s] [内存消耗：1,865.34kb] [文件加载：51]
[ error ] [8]未定义数组下标: 1

---------------------------------------------------------------
[ 2023-09-06T16:32:33+08:00 ] [ log ] at521.icu/99/ [运行时间：0.012574s][吞吐率：79.53req/s] [内存消耗：1,865.34kb] [文件加载：51]
[ error ] [8]未定义数组下标: 1

---------------------------------------------------------------
[ 2023-09-06T17:45:47+08:00 ] [ log ] at521.icu/99/ [运行时间：0.012173s][吞吐率：82.15req/s] [内存消耗：1,865.34kb] [文件加载：51]
[ error ] [8]未定义数组下标: 1

---------------------------------------------------------------
[ 2023-09-06T17:45:47+08:00 ] [ log ] at521.icu/99/ [运行时间：0.011303s][吞吐率：88.47req/s] [内存消耗：1,865.34kb] [文件加载：51]
[ error ] [8]未定义数组下标: 1

---------------------------------------------------------------
[ 2023-09-06T17:45:48+08:00 ] [ log ] at521.icu/99/?uc_sm=1 [运行时间：0.010949s][吞吐率：91.33req/s] [内存消耗：1,865.97kb] [文件加载：51]
[ error ] [8]未定义数组下标: 1

---------------------------------------------------------------
[ 2023-09-06T17:45:48+08:00 ] [ log ] at521.icu/99/ [运行时间：0.010921s][吞吐率：91.57req/s] [内存消耗：1,865.34kb] [文件加载：51]
[ error ] [8]未定义数组下标: 1

---------------------------------------------------------------
[ 2023-09-06T17:45:48+08:00 ] [ log ] at521.icu/99/ [运行时间：0.011486s][吞吐率：87.06req/s] [内存消耗：1,865.34kb] [文件加载：51]
[ error ] [8]未定义数组下标: 1

---------------------------------------------------------------
[ 2023-09-06T17:45:49+08:00 ] [ log ] at521.icu/99/ [运行时间：0.011578s][吞吐率：86.37req/s] [内存消耗：1,865.34kb] [文件加载：51]
[ error ] [8]未定义数组下标: 1

---------------------------------------------------------------
[ 2023-09-06T17:45:49+08:00 ] [ log ] at521.icu/99/ [运行时间：0.011028s][吞吐率：90.68req/s] [内存消耗：1,865.34kb] [文件加载：51]
[ error ] [8]未定义数组下标: 1

---------------------------------------------------------------
[ 2023-09-06T17:45:49+08:00 ] [ log ] at521.icu/99/ [运行时间：0.010628s][吞吐率：94.09req/s] [内存消耗：1,865.34kb] [文件加载：51]
[ error ] [8]未定义数组下标: 1

---------------------------------------------------------------
[ 2023-09-06T17:45:49+08:00 ] [ log ] at521.icu/99/ [运行时间：0.010749s][吞吐率：93.03req/s] [内存消耗：1,865.34kb] [文件加载：51]
[ error ] [8]未定义数组下标: 1

---------------------------------------------------------------
[ 2023-09-06T17:45:49+08:00 ] [ log ] at521.icu/99/ [运行时间：0.010724s][吞吐率：93.25req/s] [内存消耗：1,865.34kb] [文件加载：51]
[ error ] [8]未定义数组下标: 1

---------------------------------------------------------------
[ 2023-09-06T17:45:49+08:00 ] [ log ] at521.icu/99/ [运行时间：0.012701s][吞吐率：78.73req/s] [内存消耗：1,865.34kb] [文件加载：51]
[ error ] [8]未定义数组下标: 1

---------------------------------------------------------------
[ 2023-09-06T17:45:56+08:00 ] [ log ] at521.icu/99/ [运行时间：0.014552s][吞吐率：68.72req/s] [内存消耗：1,865.34kb] [文件加载：51]
[ error ] [8]未定义数组下标: 1

---------------------------------------------------------------
[ 2023-09-06T17:45:56+08:00 ] [ log ] at521.icu/99/ [运行时间：0.011073s][吞吐率：90.31req/s] [内存消耗：1,865.34kb] [文件加载：51]
[ error ] [8]未定义数组下标: 1

---------------------------------------------------------------
[ 2023-09-06T17:45:57+08:00 ] [ log ] at521.icu/99/favicon.ico [运行时间：0.013432s][吞吐率：74.45req/s] [内存消耗：1,650.74kb] [文件加载：44]
[ error ] [8]未定义数组下标: 1

---------------------------------------------------------------
[ 2023-09-06T17:46:00+08:00 ] [ log ] at521.icu/99/index/open.html [运行时间：0.012912s][吞吐率：77.45req/s] [内存消耗：1,865.12kb] [文件加载：50]
[ error ] [8]未定义数组下标: 1

---------------------------------------------------------------
[ 2023-09-06T17:46:05+08:00 ] [ log ] at521.icu/99/?uc_sm=1 [运行时间：0.010495s][吞吐率：95.28req/s] [内存消耗：1,865.44kb] [文件加载：51]
[ error ] [8]未定义数组下标: 1

---------------------------------------------------------------
[ 2023-09-06T18:00:11+08:00 ] [ log ] at521.icu/99/ [运行时间：0.011021s][吞吐率：90.74req/s] [内存消耗：1,865.34kb] [文件加载：51]
[ error ] [8]未定义数组下标: 1

---------------------------------------------------------------
[ 2023-09-06T18:00:12+08:00 ] [ log ] at521.icu/99/favicon.ico [运行时间：0.013454s][吞吐率：74.33req/s] [内存消耗：1,650.74kb] [文件加载：44]
[ error ] [8]未定义数组下标: 1

---------------------------------------------------------------
[ 2023-09-06T18:00:15+08:00 ] [ log ] at521.icu/99/index/open.html [运行时间：0.010618s][吞吐率：94.18req/s] [内存消耗：1,865.12kb] [文件加载：50]
[ error ] [8]未定义数组下标: 1

---------------------------------------------------------------
[ 2023-09-06T18:00:29+08:00 ] [ log ] at521.icu/99/ [运行时间：0.011161s][吞吐率：89.60req/s] [内存消耗：1,864.80kb] [文件加载：51]
[ error ] [8]未定义数组下标: 1

---------------------------------------------------------------
[ 2023-09-06T18:00:31+08:00 ] [ log ] at521.icu/99/favicon.ico [运行时间：0.009264s][吞吐率：107.94req/s] [内存消耗：1,650.74kb] [文件加载：44]
[ error ] [8]未定义数组下标: 1

---------------------------------------------------------------
[ 2023-09-06T18:00:31+08:00 ] [ log ] at521.icu/99/ [运行时间：0.010674s][吞吐率：93.69req/s] [内存消耗：1,864.80kb] [文件加载：51]
[ error ] [8]未定义数组下标: 1

---------------------------------------------------------------
[ 2023-09-06T18:00:35+08:00 ] [ log ] at521.icu/99/index/open.html [运行时间：0.011274s][吞吐率：88.70req/s] [内存消耗：1,865.12kb] [文件加载：50]
[ error ] [8]未定义数组下标: 1

---------------------------------------------------------------
[ 2023-09-06T18:01:03+08:00 ] [ log ] at521.icu/99/ [运行时间：0.040319s][吞吐率：24.80req/s] [内存消耗：1,864.80kb] [文件加载：51]
[ error ] [8]未定义数组下标: 1

---------------------------------------------------------------
[ 2023-09-06T18:01:07+08:00 ] [ log ] at521.icu/99/favicon.ico [运行时间：0.009354s][吞吐率：106.90req/s] [内存消耗：1,650.74kb] [文件加载：44]
[ error ] [8]未定义数组下标: 1

---------------------------------------------------------------
[ 2023-09-06T18:01:08+08:00 ] [ log ] at521.icu/99/index/open.html [运行时间：0.010861s][吞吐率：92.07req/s] [内存消耗：1,865.12kb] [文件加载：50]
[ error ] [8]未定义数组下标: 1

---------------------------------------------------------------
[ 2023-09-06T18:01:25+08:00 ] [ log ] at521.icu/99/index/open.html [运行时间：0.016607s][吞吐率：60.22req/s] [内存消耗：1,865.12kb] [文件加载：50]
[ error ] [8]未定义数组下标: 1

---------------------------------------------------------------
[ 2023-09-06T18:02:11+08:00 ] [ log ] at521.icu/99/ [运行时间：0.011174s][吞吐率：89.49req/s] [内存消耗：1,864.80kb] [文件加载：51]
[ error ] [8]未定义数组下标: 1

---------------------------------------------------------------
[ 2023-09-06T18:02:12+08:00 ] [ log ] at521.icu/99/favicon.ico [运行时间：0.009335s][吞吐率：107.12req/s] [内存消耗：1,650.74kb] [文件加载：44]
[ error ] [8]未定义数组下标: 1

---------------------------------------------------------------
[ 2023-09-06T18:02:14+08:00 ] [ log ] at521.icu/99/index/open.html [运行时间：0.015474s][吞吐率：64.63req/s] [内存消耗：1,865.12kb] [文件加载：50]
[ error ] [8]未定义数组下标: 1

---------------------------------------------------------------
[ 2023-09-06T18:06:18+08:00 ] [ log ] at521.icu/99/ [运行时间：0.012990s][吞吐率：76.98req/s] [内存消耗：1,864.80kb] [文件加载：51]
[ error ] [8]未定义数组下标: 1

---------------------------------------------------------------
[ 2023-09-06T18:06:19+08:00 ] [ log ] at521.icu/99/favicon.ico [运行时间：0.013715s][吞吐率：72.91req/s] [内存消耗：1,650.74kb] [文件加载：44]
[ error ] [8]未定义数组下标: 1

---------------------------------------------------------------
[ 2023-09-06T18:06:21+08:00 ] [ log ] at521.icu/99/index/open.html [运行时间：0.017562s][吞吐率：56.94req/s] [内存消耗：1,865.12kb] [文件加载：50]
[ error ] [8]未定义数组下标: 1

---------------------------------------------------------------
[ 2023-09-06T18:11:06+08:00 ] [ log ] at521.icu/99/ [运行时间：0.010873s][吞吐率：91.97req/s] [内存消耗：1,864.80kb] [文件加载：51]
[ error ] [8]未定义数组下标: 1

---------------------------------------------------------------
[ 2023-09-06T18:11:07+08:00 ] [ log ] at521.icu/99/favicon.ico [运行时间：0.015144s][吞吐率：66.03req/s] [内存消耗：1,650.74kb] [文件加载：44]
[ error ] [8]未定义数组下标: 1

---------------------------------------------------------------
[ 2023-09-06T18:12:49+08:00 ] [ log ] at521.icu/99/ [运行时间：0.011616s][吞吐率：86.09req/s] [内存消耗：1,864.80kb] [文件加载：51]
[ error ] [8]未定义数组下标: 1

---------------------------------------------------------------
[ 2023-09-06T18:12:50+08:00 ] [ log ] at521.icu/99/favicon.ico [运行时间：0.014223s][吞吐率：70.31req/s] [内存消耗：1,650.74kb] [文件加载：44]
[ error ] [8]未定义数组下标: 1

---------------------------------------------------------------
[ 2023-09-06T18:12:52+08:00 ] [ log ] at521.icu/99/index/open.html [运行时间：0.010647s][吞吐率：93.92req/s] [内存消耗：1,865.12kb] [文件加载：50]
[ error ] [8]未定义数组下标: 1

---------------------------------------------------------------
[ 2023-09-06T18:13:05+08:00 ] [ log ] at521.icu/99/index/open.html [运行时间：0.011164s][吞吐率：89.57req/s] [内存消耗：1,865.12kb] [文件加载：50]
[ error ] [8]未定义数组下标: 1

---------------------------------------------------------------
[ 2023-09-06T18:13:08+08:00 ] [ log ] at521.icu/99/index/open.html [运行时间：0.012127s][吞吐率：82.46req/s] [内存消耗：1,865.12kb] [文件加载：50]
[ error ] [8]未定义数组下标: 1

---------------------------------------------------------------
[ 2023-09-06T18:13:17+08:00 ] [ log ] at521.icu/99/ [运行时间：0.011286s][吞吐率：88.61req/s] [内存消耗：1,864.80kb] [文件加载：51]
[ error ] [8]未定义数组下标: 1

---------------------------------------------------------------
[ 2023-09-06T18:13:18+08:00 ] [ log ] at521.icu/99/favicon.ico [运行时间：0.012705s][吞吐率：78.71req/s] [内存消耗：1,650.74kb] [文件加载：44]
[ error ] [8]未定义数组下标: 1

---------------------------------------------------------------
[ 2023-09-06T18:13:22+08:00 ] [ log ] at521.icu/99/index/open.html [运行时间：0.014861s][吞吐率：67.29req/s] [内存消耗：1,865.12kb] [文件加载：50]
[ error ] [8]未定义数组下标: 1

---------------------------------------------------------------
[ 2023-09-06T18:23:09+08:00 ] [ log ] at521.icu/99/ [运行时间：0.011076s][吞吐率：90.29req/s] [内存消耗：1,864.80kb] [文件加载：51]
[ error ] [8]未定义数组下标: 1

---------------------------------------------------------------
[ 2023-09-06T18:23:10+08:00 ] [ log ] at521.icu/99/favicon.ico [运行时间：0.013482s][吞吐率：74.17req/s] [内存消耗：1,650.74kb] [文件加载：44]
[ error ] [8]未定义数组下标: 1

---------------------------------------------------------------
[ 2023-09-06T18:23:12+08:00 ] [ log ] at521.icu/99/index/open.html [运行时间：0.011466s][吞吐率：87.21req/s] [内存消耗：1,865.12kb] [文件加载：50]
[ error ] [8]未定义数组下标: 1

---------------------------------------------------------------
[ 2023-09-06T18:23:21+08:00 ] [ log ] at521.icu/99/ [运行时间：0.011803s][吞吐率：84.72req/s] [内存消耗：1,864.80kb] [文件加载：51]
[ error ] [8]未定义数组下标: 1

---------------------------------------------------------------
[ 2023-09-06T18:23:21+08:00 ] [ log ] at521.icu/99/favicon.ico [运行时间：0.010086s][吞吐率：99.15req/s] [内存消耗：1,650.74kb] [文件加载：44]
[ error ] [8]未定义数组下标: 1

---------------------------------------------------------------
[ 2023-09-06T18:23:24+08:00 ] [ log ] at521.icu/99/index/open.html [运行时间：0.014662s][吞吐率：68.20req/s] [内存消耗：1,865.12kb] [文件加载：50]
[ error ] [8]未定义数组下标: 1

---------------------------------------------------------------
[ 2023-09-06T18:30:13+08:00 ] [ log ] at522.icu/99/ [运行时间：0.010692s][吞吐率：93.53req/s] [内存消耗：1,865.34kb] [文件加载：51]
[ error ] [8]未定义数组下标: 1

---------------------------------------------------------------
[ 2023-09-06T18:30:13+08:00 ] [ log ] at522.icu/99/favicon.ico [运行时间：0.014472s][吞吐率：69.10req/s] [内存消耗：1,650.74kb] [文件加载：44]
[ error ] [8]未定义数组下标: 1

---------------------------------------------------------------
[ 2023-09-06T18:30:15+08:00 ] [ log ] at522.icu/99/index/open.html [运行时间：0.017432s][吞吐率：57.37req/s] [内存消耗：1,865.12kb] [文件加载：50]
[ error ] [8]未定义数组下标: 1

---------------------------------------------------------------
[ 2023-09-06T18:34:11+08:00 ] [ log ] at521.icu/99/ [运行时间：0.040004s][吞吐率：25.00req/s] [内存消耗：1,864.80kb] [文件加载：51]
[ error ] [8]未定义数组下标: 1

---------------------------------------------------------------
[ 2023-09-06T18:34:12+08:00 ] [ log ] at521.icu/99/favicon.ico [运行时间：0.014044s][吞吐率：71.20req/s] [内存消耗：1,650.74kb] [文件加载：44]
[ error ] [8]未定义数组下标: 1

---------------------------------------------------------------
[ 2023-09-06T18:34:13+08:00 ] [ log ] at521.icu/99/index/open.html [运行时间：0.010641s][吞吐率：93.98req/s] [内存消耗：1,865.12kb] [文件加载：50]
[ error ] [8]未定义数组下标: 1

---------------------------------------------------------------
[ 2023-09-06T18:43:34+08:00 ] [ log ] at521.icu/99/ [运行时间：0.011338s][吞吐率：88.20req/s] [内存消耗：1,864.80kb] [文件加载：51]
[ error ] [8]未定义数组下标: 1

---------------------------------------------------------------
[ 2023-09-06T18:43:35+08:00 ] [ log ] at521.icu/99/favicon.ico [运行时间：0.009570s][吞吐率：104.49req/s] [内存消耗：1,650.74kb] [文件加载：44]
[ error ] [8]未定义数组下标: 1

---------------------------------------------------------------
[ 2023-09-06T18:43:37+08:00 ] [ log ] at521.icu/99/index/open.html [运行时间：0.016543s][吞吐率：60.45req/s] [内存消耗：1,865.12kb] [文件加载：50]
[ error ] [8]未定义数组下标: 1

---------------------------------------------------------------
[ 2023-09-06T18:50:46+08:00 ] [ log ] at522.icu/99/ [运行时间：0.011378s][吞吐率：87.89req/s] [内存消耗：1,865.34kb] [文件加载：51]
[ error ] [8]未定义数组下标: 1

---------------------------------------------------------------
[ 2023-09-06T18:50:48+08:00 ] [ log ] at522.icu/99/favicon.ico [运行时间：0.009370s][吞吐率：106.73req/s] [内存消耗：1,650.74kb] [文件加载：44]
[ error ] [8]未定义数组下标: 1

---------------------------------------------------------------
[ 2023-09-06T18:52:54+08:00 ] [ log ] at521.icu/99/ [运行时间：0.010827s][吞吐率：92.36req/s] [内存消耗：1,864.80kb] [文件加载：51]
[ error ] [8]未定义数组下标: 1

---------------------------------------------------------------
[ 2023-09-06T18:52:55+08:00 ] [ log ] at521.icu/99/favicon.ico [运行时间：0.010101s][吞吐率：99.00req/s] [内存消耗：1,650.74kb] [文件加载：44]
[ error ] [8]未定义数组下标: 1

---------------------------------------------------------------
[ 2023-09-06T18:52:57+08:00 ] [ log ] at521.icu/99/index/open.html [运行时间：0.010785s][吞吐率：92.72req/s] [内存消耗：1,865.12kb] [文件加载：50]
[ error ] [8]未定义数组下标: 1

---------------------------------------------------------------
[ 2023-09-06T18:53:11+08:00 ] [ log ] at521.icu/99/ [运行时间：0.011340s][吞吐率：88.18req/s] [内存消耗：1,864.80kb] [文件加载：51]
[ error ] [8]未定义数组下标: 1

---------------------------------------------------------------
[ 2023-09-06T18:53:12+08:00 ] [ log ] at521.icu/99/favicon.ico [运行时间：0.009878s][吞吐率：101.24req/s] [内存消耗：1,650.74kb] [文件加载：44]
[ error ] [8]未定义数组下标: 1

---------------------------------------------------------------
[ 2023-09-06T18:53:13+08:00 ] [ log ] at521.icu/99/index/open.html [运行时间：0.010692s][吞吐率：93.53req/s] [内存消耗：1,865.12kb] [文件加载：50]
[ error ] [8]未定义数组下标: 1

---------------------------------------------------------------
[ 2023-09-06T18:55:32+08:00 ] [ log ] at522.icu/99/ [运行时间：0.011213s][吞吐率：89.18req/s] [内存消耗：1,865.34kb] [文件加载：51]
[ error ] [8]未定义数组下标: 1

---------------------------------------------------------------
[ 2023-09-06T18:55:35+08:00 ] [ log ] at522.icu/99/favicon.ico [运行时间：0.009928s][吞吐率：100.73req/s] [内存消耗：1,650.74kb] [文件加载：44]
[ error ] [8]未定义数组下标: 1

---------------------------------------------------------------
[ 2023-09-06T18:55:37+08:00 ] [ log ] at522.icu/99/index/open.html [运行时间：0.011016s][吞吐率：90.78req/s] [内存消耗：1,865.12kb] [文件加载：50]
[ error ] [8]未定义数组下标: 1

---------------------------------------------------------------
[ 2023-09-06T19:28:46+08:00 ] [ log ] at666.icu/99/ [运行时间：0.011583s][吞吐率：86.33req/s] [内存消耗：1,865.34kb] [文件加载：51]
[ error ] [8]未定义数组下标: 1

---------------------------------------------------------------
[ 2023-09-06T19:28:47+08:00 ] [ log ] at666.icu/99/favicon.ico [运行时间：0.009729s][吞吐率：102.78req/s] [内存消耗：1,650.74kb] [文件加载：44]
[ error ] [8]未定义数组下标: 1

---------------------------------------------------------------
[ 2023-09-06T19:28:48+08:00 ] [ log ] at666.icu/99/index/open.html [运行时间：0.012051s][吞吐率：82.98req/s] [内存消耗：1,865.12kb] [文件加载：50]
[ error ] [8]未定义数组下标: 1

---------------------------------------------------------------
