[ 2023-09-07T08:30:49+08:00 ] [ log ] asd123111.icu/99/?uc_sm=1 [运行时间：0.011464s][吞吐率：87.23req/s] [内存消耗：1,865.98kb] [文件加载：51]
[ error ] [8]未定义数组下标: 1

---------------------------------------------------------------
[ 2023-09-07T09:21:16+08:00 ] [ log ] at522.icu/99/ [运行时间：0.010878s][吞吐率：91.93req/s] [内存消耗：1,865.34kb] [文件加载：51]
[ error ] [8]未定义数组下标: 1

---------------------------------------------------------------
[ 2023-09-07T09:21:17+08:00 ] [ log ] at522.icu/99/favicon.ico [运行时间：0.014796s][吞吐率：67.59req/s] [内存消耗：1,650.74kb] [文件加载：44]
[ error ] [8]未定义数组下标: 1

---------------------------------------------------------------
[ 2023-09-07T09:21:19+08:00 ] [ log ] at522.icu/99/index/open.html [运行时间：0.010724s][吞吐率：93.25req/s] [内存消耗：1,865.12kb] [文件加载：50]
[ error ] [8]未定义数组下标: 1

---------------------------------------------------------------
[ 2023-09-07T10:57:03+08:00 ] [ log ] at521.icu/99/ [运行时间：0.011353s][吞吐率：88.08req/s] [内存消耗：1,865.34kb] [文件加载：51]
[ error ] [8]未定义数组下标: 1

---------------------------------------------------------------
[ 2023-09-07T10:57:04+08:00 ] [ log ] at521.icu/99/ [运行时间：0.010871s][吞吐率：91.99req/s] [内存消耗：1,865.34kb] [文件加载：51]
[ error ] [8]未定义数组下标: 1

---------------------------------------------------------------
[ 2023-09-07T10:57:05+08:00 ] [ log ] at521.icu/99/?uc_sm=1&from=wh10331 [运行时间：0.010854s][吞吐率：92.13req/s] [内存消耗：1,865.98kb] [文件加载：51]
[ error ] [8]未定义数组下标: 1

---------------------------------------------------------------
[ 2023-09-07T10:57:19+08:00 ] [ log ] at521.icu/99/?uc_sm=1&from=wh10331 [运行时间：0.011116s][吞吐率：89.96req/s] [内存消耗：1,865.98kb] [文件加载：51]
[ error ] [8]未定义数组下标: 1

---------------------------------------------------------------
[ 2023-09-07T10:57:19+08:00 ] [ log ] at521.icu/99/ [运行时间：0.010777s][吞吐率：92.79req/s] [内存消耗：1,865.34kb] [文件加载：51]
[ error ] [8]未定义数组下标: 1

---------------------------------------------------------------
[ 2023-09-07T10:57:19+08:00 ] [ log ] at521.icu/99/ [运行时间：0.010833s][吞吐率：92.31req/s] [内存消耗：1,865.34kb] [文件加载：51]
[ error ] [8]未定义数组下标: 1

---------------------------------------------------------------
[ 2023-09-07T10:57:19+08:00 ] [ log ] at521.icu/99/ [运行时间：0.017303s][吞吐率：57.79req/s] [内存消耗：1,865.34kb] [文件加载：51]
[ error ] [8]未定义数组下标: 1

---------------------------------------------------------------
[ 2023-09-07T10:57:19+08:00 ] [ log ] at521.icu/99/ [运行时间：0.011986s][吞吐率：83.43req/s] [内存消耗：1,865.34kb] [文件加载：51]
[ error ] [8]未定义数组下标: 1

---------------------------------------------------------------
[ 2023-09-07T10:57:20+08:00 ] [ log ] at521.icu/99/ [运行时间：0.017869s][吞吐率：55.96req/s] [内存消耗：1,865.34kb] [文件加载：51]
[ error ] [8]未定义数组下标: 1

---------------------------------------------------------------
[ 2023-09-07T10:57:20+08:00 ] [ log ] at521.icu/99/ [运行时间：0.011146s][吞吐率：89.72req/s] [内存消耗：1,865.34kb] [文件加载：51]
[ error ] [8]未定义数组下标: 1

---------------------------------------------------------------
[ 2023-09-07T10:57:25+08:00 ] [ log ] at521.icu/99/ [运行时间：0.017936s][吞吐率：55.75req/s] [内存消耗：1,865.34kb] [文件加载：51]
[ error ] [8]未定义数组下标: 1

---------------------------------------------------------------
[ 2023-09-07T10:57:25+08:00 ] [ log ] at521.icu/99/ [运行时间：0.010609s][吞吐率：94.26req/s] [内存消耗：1,865.34kb] [文件加载：51]
[ error ] [8]未定义数组下标: 1

---------------------------------------------------------------
[ 2023-09-07T10:57:25+08:00 ] [ log ] at521.icu/99/ [运行时间：0.011080s][吞吐率：90.25req/s] [内存消耗：1,865.34kb] [文件加载：51]
[ error ] [8]未定义数组下标: 1

---------------------------------------------------------------
[ 2023-09-07T10:57:26+08:00 ] [ log ] at521.icu/99/?uc_sm=1&from=wh10331 [运行时间：0.011274s][吞吐率：88.70req/s] [内存消耗：1,865.98kb] [文件加载：51]
[ error ] [8]未定义数组下标: 1

---------------------------------------------------------------
[ 2023-09-07T10:57:39+08:00 ] [ log ] at521.icu/99/?uc_sm=1&from=wh10331 [运行时间：0.010709s][吞吐率：93.38req/s] [内存消耗：1,865.98kb] [文件加载：51]
[ error ] [8]未定义数组下标: 1

---------------------------------------------------------------
[ 2023-09-07T10:57:39+08:00 ] [ log ] at521.icu/99/?uc_sm=1&from=wh10331 [运行时间：0.010836s][吞吐率：92.29req/s] [内存消耗：1,865.98kb] [文件加载：51]
[ error ] [8]未定义数组下标: 1

---------------------------------------------------------------
[ 2023-09-07T10:57:39+08:00 ] [ log ] at521.icu/99/?uc_sm=1&from=wh10331 [运行时间：0.010486s][吞吐率：95.36req/s] [内存消耗：1,865.98kb] [文件加载：51]
[ error ] [8]未定义数组下标: 1

---------------------------------------------------------------
[ 2023-09-07T10:57:41+08:00 ] [ log ] at521.icu/99/ [运行时间：0.011193s][吞吐率：89.34req/s] [内存消耗：1,865.34kb] [文件加载：51]
[ error ] [8]未定义数组下标: 1

---------------------------------------------------------------
[ 2023-09-07T10:57:54+08:00 ] [ log ] at521.icu/99/ [运行时间：0.010812s][吞吐率：92.49req/s] [内存消耗：1,865.34kb] [文件加载：51]
[ error ] [8]未定义数组下标: 1

---------------------------------------------------------------
[ 2023-09-07T10:57:54+08:00 ] [ log ] at521.icu/99/ [运行时间：0.011268s][吞吐率：88.75req/s] [内存消耗：1,865.34kb] [文件加载：51]
[ error ] [8]未定义数组下标: 1

---------------------------------------------------------------
[ 2023-09-07T10:57:54+08:00 ] [ log ] at521.icu/99/ [运行时间：0.011728s][吞吐率：85.27req/s] [内存消耗：1,865.34kb] [文件加载：51]
[ error ] [8]未定义数组下标: 1

---------------------------------------------------------------
[ 2023-09-07T10:58:02+08:00 ] [ log ] at521.icu/99/ [运行时间：0.011696s][吞吐率：85.50req/s] [内存消耗：1,865.34kb] [文件加载：51]
[ error ] [8]未定义数组下标: 1

---------------------------------------------------------------
[ 2023-09-07T10:58:02+08:00 ] [ log ] at521.icu/99/ [运行时间：0.011025s][吞吐率：90.70req/s] [内存消耗：1,865.34kb] [文件加载：51]
[ error ] [8]未定义数组下标: 1

---------------------------------------------------------------
[ 2023-09-07T10:58:02+08:00 ] [ log ] at521.icu/99/ [运行时间：0.010324s][吞吐率：96.86req/s] [内存消耗：1,865.34kb] [文件加载：51]
[ error ] [8]未定义数组下标: 1

---------------------------------------------------------------
[ 2023-09-07T10:58:03+08:00 ] [ log ] at521.icu/99/ [运行时间：0.011323s][吞吐率：88.32req/s] [内存消耗：1,865.34kb] [文件加载：51]
[ error ] [8]未定义数组下标: 1

---------------------------------------------------------------
[ 2023-09-07T10:58:03+08:00 ] [ log ] at521.icu/99/ [运行时间：0.010261s][吞吐率：97.46req/s] [内存消耗：1,865.34kb] [文件加载：51]
[ error ] [8]未定义数组下标: 1

---------------------------------------------------------------
[ 2023-09-07T10:58:17+08:00 ] [ log ] at521.icu/99/?uc_sm=1 [运行时间：0.010934s][吞吐率：91.46req/s] [内存消耗：1,865.97kb] [文件加载：51]
[ error ] [8]未定义数组下标: 1

---------------------------------------------------------------
[ 2023-09-07T10:58:22+08:00 ] [ log ] at521.icu/99/ [运行时间：0.011334s][吞吐率：88.23req/s] [内存消耗：1,865.34kb] [文件加载：51]
[ error ] [8]未定义数组下标: 1

---------------------------------------------------------------
[ 2023-09-07T10:58:22+08:00 ] [ log ] at521.icu/99/ [运行时间：0.011031s][吞吐率：90.65req/s] [内存消耗：1,865.34kb] [文件加载：51]
[ error ] [8]未定义数组下标: 1

---------------------------------------------------------------
[ 2023-09-07T10:58:44+08:00 ] [ log ] at521.icu/99/ [运行时间：0.011713s][吞吐率：85.38req/s] [内存消耗：1,865.34kb] [文件加载：51]
[ error ] [8]未定义数组下标: 1

---------------------------------------------------------------
[ 2023-09-07T10:58:46+08:00 ] [ log ] at521.icu/99/ [运行时间：0.017012s][吞吐率：58.78req/s] [内存消耗：1,865.34kb] [文件加载：51]
[ error ] [8]未定义数组下标: 1

---------------------------------------------------------------
[ 2023-09-07T11:09:34+08:00 ] [ log ] at522.icu/99/ [运行时间：0.010937s][吞吐率：91.43req/s] [内存消耗：1,865.34kb] [文件加载：51]
[ error ] [8]未定义数组下标: 1

---------------------------------------------------------------
[ 2023-09-07T11:09:35+08:00 ] [ log ] at522.icu/99/favicon.ico [运行时间：0.010073s][吞吐率：99.28req/s] [内存消耗：1,650.74kb] [文件加载：44]
[ error ] [8]未定义数组下标: 1

---------------------------------------------------------------
[ 2023-09-07T11:09:37+08:00 ] [ log ] at522.icu/99/index/open.html [运行时间：0.011014s][吞吐率：90.79req/s] [内存消耗：1,865.12kb] [文件加载：50]
[ error ] [8]未定义数组下标: 1

---------------------------------------------------------------
[ 2023-09-07T11:19:03+08:00 ] [ log ] at521.icu/99/ [运行时间：0.011330s][吞吐率：88.26req/s] [内存消耗：1,865.34kb] [文件加载：51]
[ error ] [8]未定义数组下标: 1

---------------------------------------------------------------
[ 2023-09-07T11:19:03+08:00 ] [ log ] at521.icu/99/ [运行时间：0.011684s][吞吐率：85.59req/s] [内存消耗：1,865.34kb] [文件加载：51]
[ error ] [8]未定义数组下标: 1

---------------------------------------------------------------
[ 2023-09-07T11:19:04+08:00 ] [ log ] at521.icu/99/ [运行时间：0.011362s][吞吐率：88.01req/s] [内存消耗：1,865.34kb] [文件加载：51]
[ error ] [8]未定义数组下标: 1

---------------------------------------------------------------
[ 2023-09-07T11:19:21+08:00 ] [ log ] at521.icu/99/ [运行时间：0.012122s][吞吐率：82.50req/s] [内存消耗：1,865.34kb] [文件加载：51]
[ error ] [8]未定义数组下标: 1

---------------------------------------------------------------
[ 2023-09-07T11:19:21+08:00 ] [ log ] at521.icu/99/ [运行时间：0.010662s][吞吐率：93.79req/s] [内存消耗：1,865.34kb] [文件加载：51]
[ error ] [8]未定义数组下标: 1

---------------------------------------------------------------
[ 2023-09-07T11:19:21+08:00 ] [ log ] at521.icu/99/ [运行时间：0.010631s][吞吐率：94.06req/s] [内存消耗：1,865.34kb] [文件加载：51]
[ error ] [8]未定义数组下标: 1

---------------------------------------------------------------
[ 2023-09-07T11:19:21+08:00 ] [ log ] at521.icu/99/ [运行时间：0.010944s][吞吐率：91.37req/s] [内存消耗：1,865.34kb] [文件加载：51]
[ error ] [8]未定义数组下标: 1

---------------------------------------------------------------
[ 2023-09-07T11:19:21+08:00 ] [ log ] at521.icu/99/ [运行时间：0.010895s][吞吐率：91.79req/s] [内存消耗：1,865.34kb] [文件加载：51]
[ error ] [8]未定义数组下标: 1

---------------------------------------------------------------
[ 2023-09-07T11:19:23+08:00 ] [ log ] at521.icu/99/?uc_sm=1 [运行时间：0.037354s][吞吐率：26.77req/s] [内存消耗：1,865.97kb] [文件加载：51]
[ error ] [8]未定义数组下标: 1

---------------------------------------------------------------
[ 2023-09-07T11:19:23+08:00 ] [ log ] at521.icu/99/?uc_sm=1 [运行时间：0.017031s][吞吐率：58.72req/s] [内存消耗：1,865.97kb] [文件加载：51]
[ error ] [8]未定义数组下标: 1

---------------------------------------------------------------
[ 2023-09-07T11:19:23+08:00 ] [ log ] at521.icu/99/?uc_sm=1 [运行时间：0.010615s][吞吐率：94.21req/s] [内存消耗：1,865.97kb] [文件加载：51]
[ error ] [8]未定义数组下标: 1

---------------------------------------------------------------
[ 2023-09-07T11:19:24+08:00 ] [ log ] at521.icu/99/ [运行时间：0.011450s][吞吐率：87.34req/s] [内存消耗：1,865.34kb] [文件加载：51]
[ error ] [8]未定义数组下标: 1

---------------------------------------------------------------
[ 2023-09-07T11:19:24+08:00 ] [ log ] at521.icu/99/ [运行时间：0.015207s][吞吐率：65.76req/s] [内存消耗：1,865.34kb] [文件加载：51]
[ error ] [8]未定义数组下标: 1

---------------------------------------------------------------
[ 2023-09-07T11:19:25+08:00 ] [ log ] at521.icu/99/ [运行时间：0.012303s][吞吐率：81.28req/s] [内存消耗：1,865.34kb] [文件加载：51]
[ error ] [8]未定义数组下标: 1

---------------------------------------------------------------
[ 2023-09-07T11:19:25+08:00 ] [ log ] at521.icu/99/ [运行时间：0.011404s][吞吐率：87.69req/s] [内存消耗：1,865.34kb] [文件加载：51]
[ error ] [8]未定义数组下标: 1

---------------------------------------------------------------
[ 2023-09-07T11:19:25+08:00 ] [ log ] at521.icu/99/ [运行时间：0.011030s][吞吐率：90.66req/s] [内存消耗：1,865.34kb] [文件加载：51]
[ error ] [8]未定义数组下标: 1

---------------------------------------------------------------
[ 2023-09-07T11:19:25+08:00 ] [ log ] at521.icu/99/ [运行时间：0.010884s][吞吐率：91.88req/s] [内存消耗：1,865.34kb] [文件加载：51]
[ error ] [8]未定义数组下标: 1

---------------------------------------------------------------
[ 2023-09-07T11:19:25+08:00 ] [ log ] at521.icu/99/ [运行时间：0.010852s][吞吐率：92.15req/s] [内存消耗：1,865.34kb] [文件加载：51]
[ error ] [8]未定义数组下标: 1

---------------------------------------------------------------
[ 2023-09-07T11:34:41+08:00 ] [ log ] at522.icu/99/ [运行时间：0.023705s][吞吐率：42.19req/s] [内存消耗：1,865.34kb] [文件加载：51]
[ error ] [8]未定义数组下标: 1

---------------------------------------------------------------
[ 2023-09-07T11:34:42+08:00 ] [ log ] at522.icu/99/favicon.ico [运行时间：0.009574s][吞吐率：104.45req/s] [内存消耗：1,650.74kb] [文件加载：44]
[ error ] [8]未定义数组下标: 1

---------------------------------------------------------------
[ 2023-09-07T11:34:45+08:00 ] [ log ] at522.icu/99/index/open.html [运行时间：0.011630s][吞吐率：85.98req/s] [内存消耗：1,865.12kb] [文件加载：50]
[ error ] [8]未定义数组下标: 1

---------------------------------------------------------------
[ 2023-09-07T11:41:50+08:00 ] [ log ] at522.icu/99/ [运行时间：0.022708s][吞吐率：44.04req/s] [内存消耗：1,864.80kb] [文件加载：51]
[ error ] [8]未定义数组下标: 1

---------------------------------------------------------------
[ 2023-09-07T11:41:51+08:00 ] [ log ] at522.icu/99/favicon.ico [运行时间：0.009920s][吞吐率：100.81req/s] [内存消耗：1,650.74kb] [文件加载：44]
[ error ] [8]未定义数组下标: 1

---------------------------------------------------------------
[ 2023-09-07T11:41:53+08:00 ] [ log ] at522.icu/99/index/open.html [运行时间：0.010754s][吞吐率：92.99req/s] [内存消耗：1,865.12kb] [文件加载：50]
[ error ] [8]未定义数组下标: 1

---------------------------------------------------------------
[ 2023-09-07T12:15:49+08:00 ] [ log ] at521.icu/99/ [运行时间：0.010655s][吞吐率：93.85req/s] [内存消耗：1,865.34kb] [文件加载：51]
[ error ] [8]未定义数组下标: 1

---------------------------------------------------------------
[ 2023-09-07T12:15:50+08:00 ] [ log ] at521.icu/99/ [运行时间：0.010887s][吞吐率：91.85req/s] [内存消耗：1,865.34kb] [文件加载：51]
[ error ] [8]未定义数组下标: 1

---------------------------------------------------------------
[ 2023-09-07T12:15:51+08:00 ] [ log ] at521.icu/99/ [运行时间：0.023848s][吞吐率：41.93req/s] [内存消耗：1,865.34kb] [文件加载：51]
[ error ] [8]未定义数组下标: 1

---------------------------------------------------------------
[ 2023-09-07T12:15:54+08:00 ] [ log ] at521.icu/99/ [运行时间：0.016949s][吞吐率：59.00req/s] [内存消耗：1,865.34kb] [文件加载：51]
[ error ] [8]未定义数组下标: 1

---------------------------------------------------------------
[ 2023-09-07T12:15:57+08:00 ] [ log ] at521.icu/99/ [运行时间：0.011279s][吞吐率：88.66req/s] [内存消耗：1,865.34kb] [文件加载：51]
[ error ] [8]未定义数组下标: 1

---------------------------------------------------------------
[ 2023-09-07T12:15:57+08:00 ] [ log ] at521.icu/99/ [运行时间：0.011095s][吞吐率：90.13req/s] [内存消耗：1,865.34kb] [文件加载：51]
[ error ] [8]未定义数组下标: 1

---------------------------------------------------------------
[ 2023-09-07T12:15:57+08:00 ] [ log ] at521.icu/99/ [运行时间：0.010789s][吞吐率：92.69req/s] [内存消耗：1,865.34kb] [文件加载：51]
[ error ] [8]未定义数组下标: 1

---------------------------------------------------------------
[ 2023-09-07T12:15:57+08:00 ] [ log ] at521.icu/99/ [运行时间：0.011079s][吞吐率：90.26req/s] [内存消耗：1,865.34kb] [文件加载：51]
[ error ] [8]未定义数组下标: 1

---------------------------------------------------------------
[ 2023-09-07T12:19:46+08:00 ] [ log ] at522.icu/99/ [运行时间：0.010723s][吞吐率：93.26req/s] [内存消耗：1,865.34kb] [文件加载：51]
[ error ] [8]未定义数组下标: 1

---------------------------------------------------------------
[ 2023-09-07T12:19:48+08:00 ] [ log ] at522.icu/99/favicon.ico [运行时间：0.010158s][吞吐率：98.44req/s] [内存消耗：1,650.74kb] [文件加载：44]
[ error ] [8]未定义数组下标: 1

---------------------------------------------------------------
[ 2023-09-07T12:19:51+08:00 ] [ log ] at522.icu/99/index/open.html [运行时间：0.016495s][吞吐率：60.62req/s] [内存消耗：1,865.12kb] [文件加载：50]
[ error ] [8]未定义数组下标: 1

---------------------------------------------------------------
[ 2023-09-07T12:37:36+08:00 ] [ log ] at521.icu/99/ [运行时间：0.014484s][吞吐率：69.04req/s] [内存消耗：1,865.34kb] [文件加载：51]
[ error ] [8]未定义数组下标: 1

---------------------------------------------------------------
[ 2023-09-07T12:37:37+08:00 ] [ log ] at521.icu/99/favicon.ico [运行时间：0.009196s][吞吐率：108.74req/s] [内存消耗：1,650.74kb] [文件加载：44]
[ error ] [8]未定义数组下标: 1

---------------------------------------------------------------
[ 2023-09-07T12:37:39+08:00 ] [ log ] at521.icu/99/index/open.html [运行时间：0.010591s][吞吐率：94.42req/s] [内存消耗：1,865.12kb] [文件加载：50]
[ error ] [8]未定义数组下标: 1

---------------------------------------------------------------
[ 2023-09-07T12:37:49+08:00 ] [ log ] at521.icu/99/index/open.html [运行时间：0.012631s][吞吐率：79.17req/s] [内存消耗：1,865.12kb] [文件加载：50]
[ error ] [8]未定义数组下标: 1

---------------------------------------------------------------
[ 2023-09-07T13:58:06+08:00 ] [ log ] at521.icu/99/?uc_sm=1 [运行时间：0.013949s][吞吐率：71.69req/s] [内存消耗：1,865.97kb] [文件加载：51]
[ error ] [8]未定义数组下标: 1

---------------------------------------------------------------
[ 2023-09-07T13:58:06+08:00 ] [ log ] at521.icu/99/?uc_sm=1 [运行时间：0.012306s][吞吐率：81.26req/s] [内存消耗：1,865.97kb] [文件加载：51]
[ error ] [8]未定义数组下标: 1

---------------------------------------------------------------
[ 2023-09-07T13:58:08+08:00 ] [ log ] at521.icu/99/ [运行时间：0.015825s][吞吐率：63.19req/s] [内存消耗：1,865.34kb] [文件加载：51]
[ error ] [8]未定义数组下标: 1

---------------------------------------------------------------
[ 2023-09-07T13:58:11+08:00 ] [ log ] at521.icu/99/ [运行时间：0.022919s][吞吐率：43.63req/s] [内存消耗：1,865.34kb] [文件加载：51]
[ error ] [8]未定义数组下标: 1

---------------------------------------------------------------
[ 2023-09-07T13:58:11+08:00 ] [ log ] at521.icu/99/ [运行时间：0.010751s][吞吐率：93.01req/s] [内存消耗：1,865.34kb] [文件加载：51]
[ error ] [8]未定义数组下标: 1

---------------------------------------------------------------
[ 2023-09-07T13:58:15+08:00 ] [ log ] at521.icu/99/ [运行时间：0.013680s][吞吐率：73.10req/s] [内存消耗：1,865.34kb] [文件加载：51]
[ error ] [8]未定义数组下标: 1

---------------------------------------------------------------
[ 2023-09-07T13:58:15+08:00 ] [ log ] at521.icu/99/ [运行时间：0.011192s][吞吐率：89.35req/s] [内存消耗：1,865.34kb] [文件加载：51]
[ error ] [8]未定义数组下标: 1

---------------------------------------------------------------
[ 2023-09-07T13:58:29+08:00 ] [ log ] at521.icu/99/?uc_sm=1 [运行时间：0.011117s][吞吐率：89.95req/s] [内存消耗：1,865.97kb] [文件加载：51]
[ error ] [8]未定义数组下标: 1

---------------------------------------------------------------
[ 2023-09-07T13:58:29+08:00 ] [ log ] at521.icu/99/?uc_sm=1 [运行时间：0.010966s][吞吐率：91.19req/s] [内存消耗：1,865.97kb] [文件加载：51]
[ error ] [8]未定义数组下标: 1

---------------------------------------------------------------
[ 2023-09-07T13:58:29+08:00 ] [ log ] at521.icu/99/?uc_sm=1 [运行时间：0.011325s][吞吐率：88.30req/s] [内存消耗：1,865.97kb] [文件加载：51]
[ error ] [8]未定义数组下标: 1

---------------------------------------------------------------
[ 2023-09-07T14:31:52+08:00 ] [ log ] at522.icu/99/ [运行时间：0.010758s][吞吐率：92.95req/s] [内存消耗：1,865.34kb] [文件加载：51]
[ error ] [8]未定义数组下标: 1

---------------------------------------------------------------
[ 2023-09-07T14:31:54+08:00 ] [ log ] at522.icu/99/favicon.ico [运行时间：0.014339s][吞吐率：69.74req/s] [内存消耗：1,650.74kb] [文件加载：44]
[ error ] [8]未定义数组下标: 1

---------------------------------------------------------------
[ 2023-09-07T14:32:00+08:00 ] [ log ] at522.icu/99/index/open.html [运行时间：0.017381s][吞吐率：57.53req/s] [内存消耗：1,865.12kb] [文件加载：50]
[ error ] [8]未定义数组下标: 1

---------------------------------------------------------------
[ 2023-09-07T14:35:00+08:00 ] [ log ] at522.icu/99/ [运行时间：0.011668s][吞吐率：85.70req/s] [内存消耗：1,864.80kb] [文件加载：51]
[ error ] [8]未定义数组下标: 1

---------------------------------------------------------------
[ 2023-09-07T14:35:01+08:00 ] [ log ] at522.icu/99/favicon.ico [运行时间：0.026925s][吞吐率：37.14req/s] [内存消耗：1,650.74kb] [文件加载：44]
[ error ] [8]未定义数组下标: 1

---------------------------------------------------------------
[ 2023-09-07T14:35:03+08:00 ] [ log ] at522.icu/99/index/open.html [运行时间：0.010921s][吞吐率：91.57req/s] [内存消耗：1,865.12kb] [文件加载：50]
[ error ] [8]未定义数组下标: 1

---------------------------------------------------------------
[ 2023-09-07T17:06:05+08:00 ] [ log ] at522.icu/99/ [运行时间：0.016018s][吞吐率：62.43req/s] [内存消耗：1,865.34kb] [文件加载：51]
[ error ] [8]未定义数组下标: 1

---------------------------------------------------------------
[ 2023-09-07T17:06:06+08:00 ] [ log ] at522.icu/99/favicon.ico [运行时间：0.016957s][吞吐率：58.97req/s] [内存消耗：1,650.74kb] [文件加载：44]
[ error ] [8]未定义数组下标: 1

---------------------------------------------------------------
[ 2023-09-07T17:06:08+08:00 ] [ log ] at522.icu/99/index/open.html [运行时间：0.010767s][吞吐率：92.88req/s] [内存消耗：1,865.12kb] [文件加载：50]
[ error ] [8]未定义数组下标: 1

---------------------------------------------------------------
[ 2023-09-07T17:06:34+08:00 ] [ log ] at522.icu/99/ [运行时间：0.010855s][吞吐率：92.12req/s] [内存消耗：1,864.80kb] [文件加载：51]
[ error ] [8]未定义数组下标: 1

---------------------------------------------------------------
[ 2023-09-07T17:06:35+08:00 ] [ log ] at522.icu/99/favicon.ico [运行时间：0.014036s][吞吐率：71.25req/s] [内存消耗：1,650.74kb] [文件加载：44]
[ error ] [8]未定义数组下标: 1

---------------------------------------------------------------
[ 2023-09-07T17:06:37+08:00 ] [ log ] at522.icu/99/index/open.html [运行时间：0.011436s][吞吐率：87.44req/s] [内存消耗：1,865.12kb] [文件加载：50]
[ error ] [8]未定义数组下标: 1

---------------------------------------------------------------
[ 2023-09-07T17:07:06+08:00 ] [ log ] at522.icu/99/ [运行时间：0.014649s][吞吐率：68.26req/s] [内存消耗：1,864.80kb] [文件加载：51]
[ error ] [8]未定义数组下标: 1

---------------------------------------------------------------
[ 2023-09-07T17:07:07+08:00 ] [ log ] at522.icu/99/favicon.ico [运行时间：0.013646s][吞吐率：73.28req/s] [内存消耗：1,650.74kb] [文件加载：44]
[ error ] [8]未定义数组下标: 1

---------------------------------------------------------------
[ 2023-09-07T17:07:09+08:00 ] [ log ] at522.icu/99/index/open.html [运行时间：0.011992s][吞吐率：83.39req/s] [内存消耗：1,865.12kb] [文件加载：50]
[ error ] [8]未定义数组下标: 1

---------------------------------------------------------------
[ 2023-09-07T17:07:51+08:00 ] [ log ] at522.icu/99/ [运行时间：0.011014s][吞吐率：90.79req/s] [内存消耗：1,864.80kb] [文件加载：51]
[ error ] [8]未定义数组下标: 1

---------------------------------------------------------------
[ 2023-09-07T17:07:51+08:00 ] [ log ] at522.icu/99/favicon.ico [运行时间：0.011943s][吞吐率：83.73req/s] [内存消耗：1,650.74kb] [文件加载：44]
[ error ] [8]未定义数组下标: 1

---------------------------------------------------------------
[ 2023-09-07T17:07:55+08:00 ] [ log ] at522.icu/99/index/open.html [运行时间：0.014974s][吞吐率：66.78req/s] [内存消耗：1,865.12kb] [文件加载：50]
[ error ] [8]未定义数组下标: 1

---------------------------------------------------------------
[ 2023-09-07T17:22:01+08:00 ] [ log ] at522.icu/99/ [运行时间：0.012446s][吞吐率：80.35req/s] [内存消耗：1,864.80kb] [文件加载：51]
[ error ] [8]未定义数组下标: 1

---------------------------------------------------------------
[ 2023-09-07T17:22:03+08:00 ] [ log ] at522.icu/99/favicon.ico [运行时间：0.009339s][吞吐率：107.08req/s] [内存消耗：1,650.74kb] [文件加载：44]
[ error ] [8]未定义数组下标: 1

---------------------------------------------------------------
[ 2023-09-07T17:22:04+08:00 ] [ log ] at522.icu/99/index/open.html [运行时间：0.011204s][吞吐率：89.25req/s] [内存消耗：1,865.12kb] [文件加载：50]
[ error ] [8]未定义数组下标: 1

---------------------------------------------------------------
[ 2023-09-07T17:25:13+08:00 ] [ log ] at522.icu/99/ [运行时间：0.040174s][吞吐率：24.89req/s] [内存消耗：1,864.80kb] [文件加载：51]
[ error ] [8]未定义数组下标: 1

---------------------------------------------------------------
[ 2023-09-07T17:25:13+08:00 ] [ log ] at522.icu/99/favicon.ico [运行时间：0.021395s][吞吐率：46.74req/s] [内存消耗：1,650.74kb] [文件加载：44]
[ error ] [8]未定义数组下标: 1

---------------------------------------------------------------
[ 2023-09-07T17:25:15+08:00 ] [ log ] at522.icu/99/index/open.html [运行时间：0.010537s][吞吐率：94.90req/s] [内存消耗：1,865.12kb] [文件加载：50]
[ error ] [8]未定义数组下标: 1

---------------------------------------------------------------
[ 2023-09-07T17:51:42+08:00 ] [ log ] at522.icu/99/ [运行时间：0.011448s][吞吐率：87.35req/s] [内存消耗：1,865.34kb] [文件加载：51]
[ error ] [8]未定义数组下标: 1

---------------------------------------------------------------
[ 2023-09-07T17:51:43+08:00 ] [ log ] at522.icu/99/favicon.ico [运行时间：0.009608s][吞吐率：104.08req/s] [内存消耗：1,650.74kb] [文件加载：44]
[ error ] [8]未定义数组下标: 1

---------------------------------------------------------------
[ 2023-09-07T17:51:45+08:00 ] [ log ] at522.icu/99/index/open.html [运行时间：0.010913s][吞吐率：91.63req/s] [内存消耗：1,865.12kb] [文件加载：50]
[ error ] [8]未定义数组下标: 1

---------------------------------------------------------------
[ 2023-09-07T18:06:49+08:00 ] [ log ] at521.icu/99/ [运行时间：0.011972s][吞吐率：83.53req/s] [内存消耗：1,865.34kb] [文件加载：51]
[ error ] [8]未定义数组下标: 1

---------------------------------------------------------------
[ 2023-09-07T18:06:52+08:00 ] [ log ] at521.icu/99/ [运行时间：0.011581s][吞吐率：86.35req/s] [内存消耗：1,865.34kb] [文件加载：51]
[ error ] [8]未定义数组下标: 1

---------------------------------------------------------------
[ 2023-09-07T18:07:09+08:00 ] [ log ] at521.icu/99/?uc_sm=1 [运行时间：0.039380s][吞吐率：25.39req/s] [内存消耗：1,865.97kb] [文件加载：51]
[ error ] [8]未定义数组下标: 1

---------------------------------------------------------------
[ 2023-09-07T18:07:26+08:00 ] [ log ] at521.icu/99/?uc_sm=1 [运行时间：0.011510s][吞吐率：86.88req/s] [内存消耗：1,865.97kb] [文件加载：51]
[ error ] [8]未定义数组下标: 1

---------------------------------------------------------------
[ 2023-09-07T18:07:27+08:00 ] [ log ] at521.icu/99/ [运行时间：0.017329s][吞吐率：57.71req/s] [内存消耗：1,865.34kb] [文件加载：51]
[ error ] [8]未定义数组下标: 1

---------------------------------------------------------------
[ 2023-09-07T18:07:27+08:00 ] [ log ] at521.icu/99/ [运行时间：0.011254s][吞吐率：88.86req/s] [内存消耗：1,865.34kb] [文件加载：51]
[ error ] [8]未定义数组下标: 1

---------------------------------------------------------------
[ 2023-09-07T18:07:27+08:00 ] [ log ] at521.icu/99/ [运行时间：0.010717s][吞吐率：93.31req/s] [内存消耗：1,865.34kb] [文件加载：51]
[ error ] [8]未定义数组下标: 1

---------------------------------------------------------------
[ 2023-09-07T18:07:34+08:00 ] [ log ] at521.icu/99/ [运行时间：0.011680s][吞吐率：85.62req/s] [内存消耗：1,865.34kb] [文件加载：51]
[ error ] [8]未定义数组下标: 1

---------------------------------------------------------------
[ 2023-09-07T18:07:35+08:00 ] [ log ] at521.icu/99/ [运行时间：0.011346s][吞吐率：88.14req/s] [内存消耗：1,865.34kb] [文件加载：51]
[ error ] [8]未定义数组下标: 1

---------------------------------------------------------------
[ 2023-09-07T18:07:35+08:00 ] [ log ] at521.icu/99/ [运行时间：0.011210s][吞吐率：89.20req/s] [内存消耗：1,865.34kb] [文件加载：51]
[ error ] [8]未定义数组下标: 1

---------------------------------------------------------------
[ 2023-09-07T18:08:31+08:00 ] [ log ] at521.icu/99/ [运行时间：0.011066s][吞吐率：90.37req/s] [内存消耗：1,865.34kb] [文件加载：51]
[ error ] [8]未定义数组下标: 1

---------------------------------------------------------------
[ 2023-09-07T18:08:31+08:00 ] [ log ] at521.icu/99/ [运行时间：0.011198s][吞吐率：89.30req/s] [内存消耗：1,865.34kb] [文件加载：51]
[ error ] [8]未定义数组下标: 1

---------------------------------------------------------------
[ 2023-09-07T18:08:41+08:00 ] [ log ] at521.icu/99/?uc_sm=1 [运行时间：0.016480s][吞吐率：60.68req/s] [内存消耗：1,865.97kb] [文件加载：51]
[ error ] [8]未定义数组下标: 1

---------------------------------------------------------------
[ 2023-09-07T18:12:08+08:00 ] [ log ] at521.icu/99/ [运行时间：0.011405s][吞吐率：87.68req/s] [内存消耗：1,865.34kb] [文件加载：51]
[ error ] [8]未定义数组下标: 1

---------------------------------------------------------------
[ 2023-09-07T18:12:08+08:00 ] [ log ] at521.icu/99/favicon.ico [运行时间：0.009572s][吞吐率：104.47req/s] [内存消耗：1,650.74kb] [文件加载：44]
[ error ] [8]未定义数组下标: 1

---------------------------------------------------------------
[ 2023-09-07T18:12:11+08:00 ] [ log ] at521.icu/99/index/open.html [运行时间：0.038302s][吞吐率：26.11req/s] [内存消耗：1,865.12kb] [文件加载：50]
[ error ] [8]未定义数组下标: 1

---------------------------------------------------------------
[ 2023-09-07T18:14:05+08:00 ] [ log ] at522.icu/99/ [运行时间：0.011169s][吞吐率：89.53req/s] [内存消耗：1,865.34kb] [文件加载：51]
[ error ] [8]未定义数组下标: 1

---------------------------------------------------------------
[ 2023-09-07T18:14:07+08:00 ] [ log ] at522.icu/99/favicon.ico [运行时间：0.018485s][吞吐率：54.10req/s] [内存消耗：1,650.74kb] [文件加载：44]
[ error ] [8]未定义数组下标: 1

---------------------------------------------------------------
[ 2023-09-07T18:14:09+08:00 ] [ log ] at522.icu/99/index/open.html [运行时间：0.010910s][吞吐率：91.66req/s] [内存消耗：1,865.12kb] [文件加载：50]
[ error ] [8]未定义数组下标: 1

---------------------------------------------------------------
[ 2023-09-07T18:15:01+08:00 ] [ log ] at521.icu/99/ [运行时间：0.011681s][吞吐率：85.61req/s] [内存消耗：1,864.80kb] [文件加载：51]
[ error ] [8]未定义数组下标: 1

---------------------------------------------------------------
[ 2023-09-07T18:15:02+08:00 ] [ log ] at521.icu/99/favicon.ico [运行时间：0.009357s][吞吐率：106.87req/s] [内存消耗：1,650.74kb] [文件加载：44]
[ error ] [8]未定义数组下标: 1

---------------------------------------------------------------
[ 2023-09-07T18:15:03+08:00 ] [ log ] at521.icu/99/index/open.html [运行时间：0.039429s][吞吐率：25.36req/s] [内存消耗：1,865.12kb] [文件加载：50]
[ error ] [8]未定义数组下标: 1

---------------------------------------------------------------
[ 2023-09-07T18:19:22+08:00 ] [ log ] at521.icu/99/ [运行时间：0.016125s][吞吐率：62.01req/s] [内存消耗：1,865.34kb] [文件加载：51]
[ error ] [8]未定义数组下标: 1

---------------------------------------------------------------
[ 2023-09-07T18:20:01+08:00 ] [ log ] at521.icu/99/?uc_sm=1&from=wh10331 [运行时间：0.011671s][吞吐率：85.68req/s] [内存消耗：1,865.98kb] [文件加载：51]
[ error ] [8]未定义数组下标: 1

---------------------------------------------------------------
[ 2023-09-07T18:20:02+08:00 ] [ log ] at521.icu/99/ [运行时间：0.010743s][吞吐率：93.08req/s] [内存消耗：1,865.34kb] [文件加载：51]
[ error ] [8]未定义数组下标: 1

---------------------------------------------------------------
[ 2023-09-07T18:20:02+08:00 ] [ log ] at521.icu/99/ [运行时间：0.010940s][吞吐率：91.41req/s] [内存消耗：1,865.34kb] [文件加载：51]
[ error ] [8]未定义数组下标: 1

---------------------------------------------------------------
[ 2023-09-07T18:20:02+08:00 ] [ log ] at521.icu/99/ [运行时间：0.010702s][吞吐率：93.44req/s] [内存消耗：1,865.34kb] [文件加载：51]
[ error ] [8]未定义数组下标: 1

---------------------------------------------------------------
[ 2023-09-07T18:27:14+08:00 ] [ log ] at521.icu/99/ [运行时间：0.012268s][吞吐率：81.51req/s] [内存消耗：1,864.80kb] [文件加载：51]
[ error ] [8]未定义数组下标: 1

---------------------------------------------------------------
[ 2023-09-07T18:27:15+08:00 ] [ log ] at521.icu/99/favicon.ico [运行时间：0.010846s][吞吐率：92.20req/s] [内存消耗：1,650.74kb] [文件加载：44]
[ error ] [8]未定义数组下标: 1

---------------------------------------------------------------
[ 2023-09-07T18:27:17+08:00 ] [ log ] at521.icu/99/index/open.html [运行时间：0.011455s][吞吐率：87.30req/s] [内存消耗：1,865.12kb] [文件加载：50]
[ error ] [8]未定义数组下标: 1

---------------------------------------------------------------
[ 2023-09-07T18:33:40+08:00 ] [ log ] at522.icu/99/ [运行时间：0.010730s][吞吐率：93.20req/s] [内存消耗：1,865.34kb] [文件加载：51]
[ error ] [8]未定义数组下标: 1

---------------------------------------------------------------
[ 2023-09-07T18:33:41+08:00 ] [ log ] at522.icu/99/favicon.ico [运行时间：0.009346s][吞吐率：107.00req/s] [内存消耗：1,650.74kb] [文件加载：44]
[ error ] [8]未定义数组下标: 1

---------------------------------------------------------------
[ 2023-09-07T18:33:43+08:00 ] [ log ] at522.icu/99/index/open.html [运行时间：0.010663s][吞吐率：93.78req/s] [内存消耗：1,865.12kb] [文件加载：50]
[ error ] [8]未定义数组下标: 1

---------------------------------------------------------------
[ 2023-09-07T18:46:10+08:00 ] [ log ] at521.icu/99/ [运行时间：0.011439s][吞吐率：87.42req/s] [内存消耗：1,864.80kb] [文件加载：51]
[ error ] [8]未定义数组下标: 1

---------------------------------------------------------------
[ 2023-09-07T18:46:11+08:00 ] [ log ] at521.icu/99/favicon.ico [运行时间：0.013397s][吞吐率：74.64req/s] [内存消耗：1,650.74kb] [文件加载：44]
[ error ] [8]未定义数组下标: 1

---------------------------------------------------------------
[ 2023-09-07T18:46:12+08:00 ] [ log ] at521.icu/99/index/open.html [运行时间：0.027043s][吞吐率：36.98req/s] [内存消耗：1,865.12kb] [文件加载：50]
[ error ] [8]未定义数组下标: 1

---------------------------------------------------------------
[ 2023-09-07T18:46:54+08:00 ] [ log ] at521.icu/99/ [运行时间：0.015255s][吞吐率：65.55req/s] [内存消耗：1,864.80kb] [文件加载：51]
[ error ] [8]未定义数组下标: 1

---------------------------------------------------------------
[ 2023-09-07T18:46:55+08:00 ] [ log ] at521.icu/99/favicon.ico [运行时间：0.010144s][吞吐率：98.58req/s] [内存消耗：1,650.74kb] [文件加载：44]
[ error ] [8]未定义数组下标: 1

---------------------------------------------------------------
[ 2023-09-07T18:46:56+08:00 ] [ log ] at521.icu/99/index/open.html [运行时间：0.010412s][吞吐率：96.04req/s] [内存消耗：1,865.12kb] [文件加载：50]
[ error ] [8]未定义数组下标: 1

---------------------------------------------------------------
[ 2023-09-07T19:01:21+08:00 ] [ log ] at521.icu/99/ [运行时间：0.013996s][吞吐率：71.45req/s] [内存消耗：1,864.80kb] [文件加载：51]
[ error ] [8]未定义数组下标: 1

---------------------------------------------------------------
[ 2023-09-07T19:01:22+08:00 ] [ log ] at521.icu/99/favicon.ico [运行时间：0.009755s][吞吐率：102.51req/s] [内存消耗：1,650.74kb] [文件加载：44]
[ error ] [8]未定义数组下标: 1

---------------------------------------------------------------
[ 2023-09-07T19:01:24+08:00 ] [ log ] at521.icu/99/index/open.html [运行时间：0.014856s][吞吐率：67.31req/s] [内存消耗：1,865.12kb] [文件加载：50]
[ error ] [8]未定义数组下标: 1

---------------------------------------------------------------
[ 2023-09-07T19:01:39+08:00 ] [ log ] at521.icu/99/index/open.html [运行时间：0.010425s][吞吐率：95.92req/s] [内存消耗：1,865.12kb] [文件加载：50]
[ error ] [8]未定义数组下标: 1

---------------------------------------------------------------
[ 2023-09-07T19:11:57+08:00 ] [ log ] at521.icu/99/ [运行时间：0.016040s][吞吐率：62.34req/s] [内存消耗：1,864.80kb] [文件加载：51]
[ error ] [8]未定义数组下标: 1

---------------------------------------------------------------
[ 2023-09-07T19:11:57+08:00 ] [ log ] at521.icu/99/favicon.ico [运行时间：0.020636s][吞吐率：48.46req/s] [内存消耗：1,650.74kb] [文件加载：44]
[ error ] [8]未定义数组下标: 1

---------------------------------------------------------------
[ 2023-09-07T19:11:59+08:00 ] [ log ] at521.icu/99/index/open.html [运行时间：0.024540s][吞吐率：40.75req/s] [内存消耗：1,865.12kb] [文件加载：50]
[ error ] [8]未定义数组下标: 1

---------------------------------------------------------------
[ 2023-09-07T19:31:01+08:00 ] [ log ] at522.icu/99/ [运行时间：0.011036s][吞吐率：90.61req/s] [内存消耗：1,864.80kb] [文件加载：51]
[ error ] [8]未定义数组下标: 1

---------------------------------------------------------------
[ 2023-09-07T19:31:02+08:00 ] [ log ] at522.icu/99/favicon.ico [运行时间：0.013848s][吞吐率：72.21req/s] [内存消耗：1,650.74kb] [文件加载：44]
[ error ] [8]未定义数组下标: 1

---------------------------------------------------------------
[ 2023-09-07T19:31:05+08:00 ] [ log ] at522.icu/99/index/open.html [运行时间：0.011323s][吞吐率：88.32req/s] [内存消耗：1,865.12kb] [文件加载：50]
[ error ] [8]未定义数组下标: 1

---------------------------------------------------------------
[ 2023-09-07T19:41:56+08:00 ] [ log ] at521.icu/99/ [运行时间：0.013606s][吞吐率：73.50req/s] [内存消耗：1,865.34kb] [文件加载：51]
[ error ] [8]未定义数组下标: 1

---------------------------------------------------------------
[ 2023-09-07T19:41:57+08:00 ] [ log ] at521.icu/99/favicon.ico [运行时间：0.014574s][吞吐率：68.62req/s] [内存消耗：1,650.74kb] [文件加载：44]
[ error ] [8]未定义数组下标: 1

---------------------------------------------------------------
[ 2023-09-07T19:59:47+08:00 ] [ log ] at521.icu/99/index/open.html [运行时间：0.031383s][吞吐率：31.86req/s] [内存消耗：1,865.12kb] [文件加载：50]
[ error ] [8]未定义数组下标: 1

---------------------------------------------------------------
[ 2023-09-07T20:21:30+08:00 ] [ log ] at522.icu/99/ [运行时间：0.011387s][吞吐率：87.82req/s] [内存消耗：1,865.34kb] [文件加载：51]
[ error ] [8]未定义数组下标: 1

---------------------------------------------------------------
[ 2023-09-07T20:21:31+08:00 ] [ log ] at522.icu/99/favicon.ico [运行时间：0.009177s][吞吐率：108.97req/s] [内存消耗：1,650.74kb] [文件加载：44]
[ error ] [8]未定义数组下标: 1

---------------------------------------------------------------
[ 2023-09-07T20:21:33+08:00 ] [ log ] at522.icu/99/index/open.html [运行时间：0.010800s][吞吐率：92.59req/s] [内存消耗：1,865.12kb] [文件加载：50]
[ error ] [8]未定义数组下标: 1

---------------------------------------------------------------
[ 2023-09-07T20:44:21+08:00 ] [ log ] at522.icu/99/ [运行时间：0.016937s][吞吐率：59.04req/s] [内存消耗：1,864.80kb] [文件加载：51]
[ error ] [8]未定义数组下标: 1

---------------------------------------------------------------
[ 2023-09-07T20:44:25+08:00 ] [ log ] at522.icu/99/index/open.html [运行时间：0.032239s][吞吐率：31.02req/s] [内存消耗：1,865.12kb] [文件加载：50]
[ error ] [8]未定义数组下标: 1

---------------------------------------------------------------
[ 2023-09-07T21:23:32+08:00 ] [ log ] at522.icu/99/ [运行时间：0.010810s][吞吐率：92.51req/s] [内存消耗：1,865.34kb] [文件加载：51]
[ error ] [8]未定义数组下标: 1

---------------------------------------------------------------
[ 2023-09-07T21:23:33+08:00 ] [ log ] at522.icu/99/favicon.ico [运行时间：0.009413s][吞吐率：106.24req/s] [内存消耗：1,650.74kb] [文件加载：44]
[ error ] [8]未定义数组下标: 1

---------------------------------------------------------------
[ 2023-09-07T21:23:36+08:00 ] [ log ] at522.icu/99/index/open.html [运行时间：0.019451s][吞吐率：51.41req/s] [内存消耗：1,865.12kb] [文件加载：50]
[ error ] [8]未定义数组下标: 1

---------------------------------------------------------------
[ 2023-09-07T21:26:17+08:00 ] [ log ] at522.icu/99/ [运行时间：0.017630s][吞吐率：56.72req/s] [内存消耗：1,864.80kb] [文件加载：51]
[ error ] [8]未定义数组下标: 1

---------------------------------------------------------------
[ 2023-09-07T21:26:17+08:00 ] [ log ] at522.icu/99/favicon.ico [运行时间：0.009343s][吞吐率：107.03req/s] [内存消耗：1,650.74kb] [文件加载：44]
[ error ] [8]未定义数组下标: 1

---------------------------------------------------------------
[ 2023-09-07T21:26:20+08:00 ] [ log ] at522.icu/99/index/open.html [运行时间：0.010898s][吞吐率：91.76req/s] [内存消耗：1,865.12kb] [文件加载：50]
[ error ] [8]未定义数组下标: 1

---------------------------------------------------------------
[ 2023-09-07T21:26:39+08:00 ] [ log ] at522.icu/99/ [运行时间：0.012124s][吞吐率：82.48req/s] [内存消耗：1,864.80kb] [文件加载：51]
[ error ] [8]未定义数组下标: 1

---------------------------------------------------------------
[ 2023-09-07T21:26:48+08:00 ] [ log ] at522.icu/99/ [运行时间：0.011218s][吞吐率：89.14req/s] [内存消耗：1,864.80kb] [文件加载：51]
[ error ] [8]未定义数组下标: 1

---------------------------------------------------------------
[ 2023-09-07T21:26:48+08:00 ] [ log ] at522.icu/99/favicon.ico [运行时间：0.009803s][吞吐率：102.01req/s] [内存消耗：1,650.74kb] [文件加载：44]
[ error ] [8]未定义数组下标: 1

---------------------------------------------------------------
[ 2023-09-07T21:26:50+08:00 ] [ log ] at522.icu/99/index/open.html [运行时间：0.013603s][吞吐率：73.51req/s] [内存消耗：1,865.12kb] [文件加载：50]
[ error ] [8]未定义数组下标: 1

---------------------------------------------------------------
[ 2023-09-07T21:27:59+08:00 ] [ log ] at522.icu/99/ [运行时间：0.010611s][吞吐率：94.24req/s] [内存消耗：1,864.80kb] [文件加载：51]
[ error ] [8]未定义数组下标: 1

---------------------------------------------------------------
[ 2023-09-07T21:28:01+08:00 ] [ log ] at522.icu/99/ [运行时间：0.026237s][吞吐率：38.11req/s] [内存消耗：1,864.80kb] [文件加载：51]
[ error ] [8]未定义数组下标: 1

---------------------------------------------------------------
[ 2023-09-07T21:28:03+08:00 ] [ log ] at522.icu/99/favicon.ico [运行时间：0.009409s][吞吐率：106.28req/s] [内存消耗：1,650.74kb] [文件加载：44]
[ error ] [8]未定义数组下标: 1

---------------------------------------------------------------
[ 2023-09-07T21:28:04+08:00 ] [ log ] at522.icu/99/index/open.html [运行时间：0.029918s][吞吐率：33.42req/s] [内存消耗：1,865.12kb] [文件加载：50]
[ error ] [8]未定义数组下标: 1

---------------------------------------------------------------
[ 2023-09-07T21:29:51+08:00 ] [ log ] at522.icu/99/ [运行时间：0.012327s][吞吐率：81.12req/s] [内存消耗：1,864.80kb] [文件加载：51]
[ error ] [8]未定义数组下标: 1

---------------------------------------------------------------
[ 2023-09-07T21:30:01+08:00 ] [ log ] at522.icu/99/ [运行时间：0.011463s][吞吐率：87.24req/s] [内存消耗：1,864.80kb] [文件加载：51]
[ error ] [8]未定义数组下标: 1

---------------------------------------------------------------
[ 2023-09-07T21:30:02+08:00 ] [ log ] at522.icu/99/favicon.ico [运行时间：0.009786s][吞吐率：102.19req/s] [内存消耗：1,650.74kb] [文件加载：44]
[ error ] [8]未定义数组下标: 1

---------------------------------------------------------------
[ 2023-09-07T21:30:04+08:00 ] [ log ] at522.icu/99/index/open.html [运行时间：0.034109s][吞吐率：29.32req/s] [内存消耗：1,865.12kb] [文件加载：50]
[ error ] [8]未定义数组下标: 1

---------------------------------------------------------------
[ 2023-09-07T21:31:27+08:00 ] [ log ] at522.icu/99/ [运行时间：0.011091s][吞吐率：90.16req/s] [内存消耗：1,864.80kb] [文件加载：51]
[ error ] [8]未定义数组下标: 1

---------------------------------------------------------------
[ 2023-09-07T21:31:27+08:00 ] [ log ] at522.icu/99/favicon.ico [运行时间：0.011751s][吞吐率：85.10req/s] [内存消耗：1,650.74kb] [文件加载：44]
[ error ] [8]未定义数组下标: 1

---------------------------------------------------------------
[ 2023-09-07T21:31:29+08:00 ] [ log ] at522.icu/99/index/open.html [运行时间：0.011334s][吞吐率：88.23req/s] [内存消耗：1,865.12kb] [文件加载：50]
[ error ] [8]未定义数组下标: 1

---------------------------------------------------------------
[ 2023-09-07T21:51:10+08:00 ] [ log ] at521.icu/99/ [运行时间：0.015218s][吞吐率：65.71req/s] [内存消耗：1,865.34kb] [文件加载：51]
[ error ] [8]未定义数组下标: 1

---------------------------------------------------------------
[ 2023-09-07T21:51:12+08:00 ] [ log ] at521.icu/99/favicon.ico [运行时间：0.011169s][吞吐率：89.53req/s] [内存消耗：1,650.74kb] [文件加载：44]
[ error ] [8]未定义数组下标: 1

---------------------------------------------------------------
[ 2023-09-07T21:51:14+08:00 ] [ log ] at521.icu/99/index/open.html [运行时间：0.035975s][吞吐率：27.80req/s] [内存消耗：1,865.12kb] [文件加载：50]
[ error ] [8]未定义数组下标: 1

---------------------------------------------------------------
[ 2023-09-07T21:53:45+08:00 ] [ log ] at522.icu/99/ [运行时间：0.010797s][吞吐率：92.62req/s] [内存消耗：1,857.63kb] [文件加载：48]
[ error ] [8]Undefined offset: 1

---------------------------------------------------------------
[ 2023-09-07T21:53:48+08:00 ] [ log ] at522.icu/99/favicon.ico [运行时间：0.009541s][吞吐率：104.81req/s] [内存消耗：1,650.77kb] [文件加载：44]
[ error ] [8]未定义数组下标: 1

---------------------------------------------------------------
[ 2023-09-07T21:57:55+08:00 ] [ log ] at522.icu/99/ [运行时间：0.011317s][吞吐率：88.36req/s] [内存消耗：1,865.34kb] [文件加载：51]
[ error ] [8]未定义数组下标: 1

---------------------------------------------------------------
[ 2023-09-07T21:57:56+08:00 ] [ log ] at522.icu/99/favicon.ico [运行时间：0.009419s][吞吐率：106.17req/s] [内存消耗：1,650.74kb] [文件加载：44]
[ error ] [8]未定义数组下标: 1

---------------------------------------------------------------
[ 2023-09-07T21:57:59+08:00 ] [ log ] at522.icu/99/index/open.html [运行时间：0.010944s][吞吐率：91.38req/s] [内存消耗：1,865.12kb] [文件加载：50]
[ error ] [8]未定义数组下标: 1

---------------------------------------------------------------
[ 2023-09-07T23:14:12+08:00 ] [ log ] at521.icu/99/ [运行时间：0.028474s][吞吐率：35.12req/s] [内存消耗：1,865.34kb] [文件加载：51]
[ error ] [8]未定义数组下标: 1

---------------------------------------------------------------
[ 2023-09-07T23:14:16+08:00 ] [ log ] at521.icu/99/ [运行时间：0.022017s][吞吐率：45.42req/s] [内存消耗：1,865.34kb] [文件加载：51]
[ error ] [8]未定义数组下标: 1

---------------------------------------------------------------
[ 2023-09-07T23:14:16+08:00 ] [ log ] at521.icu/99/ [运行时间：0.010686s][吞吐率：93.58req/s] [内存消耗：1,865.34kb] [文件加载：51]
[ error ] [8]未定义数组下标: 1

---------------------------------------------------------------
[ 2023-09-07T23:14:17+08:00 ] [ log ] at521.icu/99/ [运行时间：0.013740s][吞吐率：72.78req/s] [内存消耗：1,865.34kb] [文件加载：51]
[ error ] [8]未定义数组下标: 1

---------------------------------------------------------------
[ 2023-09-07T23:14:17+08:00 ] [ log ] at521.icu/99/ [运行时间：0.010919s][吞吐率：91.58req/s] [内存消耗：1,865.34kb] [文件加载：51]
[ error ] [8]未定义数组下标: 1

---------------------------------------------------------------
