[ 2023-09-08T02:24:11+08:00 ] [ log ] at522.icu/99/ [运行时间：0.011001s][吞吐率：90.90req/s] [内存消耗：1,865.34kb] [文件加载：51]
[ error ] [8]未定义数组下标: 1

---------------------------------------------------------------
[ 2023-09-08T02:24:12+08:00 ] [ log ] at522.icu/99/favicon.ico [运行时间：0.013749s][吞吐率：72.73req/s] [内存消耗：1,650.74kb] [文件加载：44]
[ error ] [8]未定义数组下标: 1

---------------------------------------------------------------
[ 2023-09-08T02:24:14+08:00 ] [ log ] at522.icu/99/index/open.html [运行时间：0.013257s][吞吐率：75.43req/s] [内存消耗：1,865.12kb] [文件加载：50]
[ error ] [8]未定义数组下标: 1

---------------------------------------------------------------
[ 2023-09-08T08:43:02+08:00 ] [ log ] at521.icu/99/?uc_sm=1 [运行时间：0.010857s][吞吐率：92.11req/s] [内存消耗：1,865.97kb] [文件加载：51]
[ error ] [8]未定义数组下标: 1

---------------------------------------------------------------
[ 2023-09-08T08:43:03+08:00 ] [ log ] at521.icu/99/?uc_sm=1 [运行时间：0.018338s][吞吐率：54.53req/s] [内存消耗：1,865.97kb] [文件加载：51]
[ error ] [8]未定义数组下标: 1

---------------------------------------------------------------
[ 2023-09-08T08:43:05+08:00 ] [ log ] at521.icu/99/ [运行时间：0.017006s][吞吐率：58.80req/s] [内存消耗：1,865.34kb] [文件加载：51]
[ error ] [8]未定义数组下标: 1

---------------------------------------------------------------
[ 2023-09-08T08:43:06+08:00 ] [ log ] at521.icu/99/ [运行时间：0.011559s][吞吐率：86.51req/s] [内存消耗：1,865.34kb] [文件加载：51]
[ error ] [8]未定义数组下标: 1

---------------------------------------------------------------
[ 2023-09-08T08:43:07+08:00 ] [ log ] at521.icu/99/ [运行时间：0.010855s][吞吐率：92.12req/s] [内存消耗：1,865.34kb] [文件加载：51]
[ error ] [8]未定义数组下标: 1

---------------------------------------------------------------
[ 2023-09-08T08:43:08+08:00 ] [ log ] at521.icu/99/ [运行时间：0.011323s][吞吐率：88.31req/s] [内存消耗：1,865.34kb] [文件加载：51]
[ error ] [8]未定义数组下标: 1

---------------------------------------------------------------
[ 2023-09-08T08:45:13+08:00 ] [ log ] at521.icu/99/ [运行时间：0.011366s][吞吐率：87.98req/s] [内存消耗：1,865.34kb] [文件加载：51]
[ error ] [8]未定义数组下标: 1

---------------------------------------------------------------
[ 2023-09-08T08:59:54+08:00 ] [ log ] at522.icu/99/ [运行时间：0.011343s][吞吐率：88.16req/s] [内存消耗：1,865.34kb] [文件加载：51]
[ error ] [8]未定义数组下标: 1

---------------------------------------------------------------
[ 2023-09-08T08:59:55+08:00 ] [ log ] at522.icu/99/favicon.ico [运行时间：0.009539s][吞吐率：104.83req/s] [内存消耗：1,650.74kb] [文件加载：44]
[ error ] [8]未定义数组下标: 1

---------------------------------------------------------------
[ 2023-09-08T08:59:57+08:00 ] [ log ] at522.icu/99/index/open.html [运行时间：0.010978s][吞吐率：91.09req/s] [内存消耗：1,865.12kb] [文件加载：50]
[ error ] [8]未定义数组下标: 1

---------------------------------------------------------------
[ 2023-09-08T09:11:20+08:00 ] [ log ] at522.icu/99/ [运行时间：0.010789s][吞吐率：92.69req/s] [内存消耗：1,865.34kb] [文件加载：51]
[ error ] [8]未定义数组下标: 1

---------------------------------------------------------------
[ 2023-09-08T09:11:24+08:00 ] [ log ] at522.icu/99/favicon.ico [运行时间：0.009596s][吞吐率：104.21req/s] [内存消耗：1,650.74kb] [文件加载：44]
[ error ] [8]未定义数组下标: 1

---------------------------------------------------------------
[ 2023-09-08T09:11:26+08:00 ] [ log ] at522.icu/99/index/open.html [运行时间：0.016168s][吞吐率：61.85req/s] [内存消耗：1,865.12kb] [文件加载：50]
[ error ] [8]未定义数组下标: 1

---------------------------------------------------------------
[ 2023-09-08T09:19:34+08:00 ] [ log ] at522.icu/99/ [运行时间：0.017386s][吞吐率：57.52req/s] [内存消耗：1,864.80kb] [文件加载：51]
[ error ] [8]未定义数组下标: 1

---------------------------------------------------------------
[ 2023-09-08T09:19:55+08:00 ] [ log ] at522.icu/99/ [运行时间：0.039696s][吞吐率：25.19req/s] [内存消耗：1,864.80kb] [文件加载：51]
[ error ] [8]未定义数组下标: 1

---------------------------------------------------------------
[ 2023-09-08T09:19:56+08:00 ] [ log ] at522.icu/99/favicon.ico [运行时间：0.009254s][吞吐率：108.06req/s] [内存消耗：1,650.74kb] [文件加载：44]
[ error ] [8]未定义数组下标: 1

---------------------------------------------------------------
[ 2023-09-08T09:19:59+08:00 ] [ log ] at522.icu/99/index/open.html [运行时间：0.011255s][吞吐率：88.85req/s] [内存消耗：1,865.12kb] [文件加载：50]
[ error ] [8]未定义数组下标: 1

---------------------------------------------------------------
[ 2023-09-08T09:21:42+08:00 ] [ log ] at522.icu/99/ [运行时间：0.017788s][吞吐率：56.22req/s] [内存消耗：1,864.80kb] [文件加载：51]
[ error ] [8]未定义数组下标: 1

---------------------------------------------------------------
[ 2023-09-08T09:21:47+08:00 ] [ log ] at522.icu/99/ [运行时间：0.011934s][吞吐率：83.79req/s] [内存消耗：1,864.80kb] [文件加载：51]
[ error ] [8]未定义数组下标: 1

---------------------------------------------------------------
[ 2023-09-08T09:21:48+08:00 ] [ log ] at522.icu/99/favicon.ico [运行时间：0.009512s][吞吐率：105.13req/s] [内存消耗：1,650.74kb] [文件加载：44]
[ error ] [8]未定义数组下标: 1

---------------------------------------------------------------
[ 2023-09-08T09:21:50+08:00 ] [ log ] at522.icu/99/index/open.html [运行时间：0.010684s][吞吐率：93.60req/s] [内存消耗：1,865.12kb] [文件加载：50]
[ error ] [8]未定义数组下标: 1

---------------------------------------------------------------
[ 2023-09-08T09:27:11+08:00 ] [ log ] at522.icu/99/ [运行时间：0.019620s][吞吐率：50.97req/s] [内存消耗：1,865.34kb] [文件加载：51]
[ error ] [8]未定义数组下标: 1

---------------------------------------------------------------
[ 2023-09-08T09:27:12+08:00 ] [ log ] at522.icu/99/favicon.ico [运行时间：0.009460s][吞吐率：105.71req/s] [内存消耗：1,650.74kb] [文件加载：44]
[ error ] [8]未定义数组下标: 1

---------------------------------------------------------------
[ 2023-09-08T09:27:14+08:00 ] [ log ] at522.icu/99/index/open.html [运行时间：0.011514s][吞吐率：86.85req/s] [内存消耗：1,865.12kb] [文件加载：50]
[ error ] [8]未定义数组下标: 1

---------------------------------------------------------------
[ 2023-09-08T09:27:33+08:00 ] [ log ] at522.icu/99/ [运行时间：0.039969s][吞吐率：25.02req/s] [内存消耗：1,865.34kb] [文件加载：51]
[ error ] [8]未定义数组下标: 1

---------------------------------------------------------------
[ 2023-09-08T09:27:34+08:00 ] [ log ] at522.icu/99/favicon.ico [运行时间：0.009514s][吞吐率：105.11req/s] [内存消耗：1,650.74kb] [文件加载：44]
[ error ] [8]未定义数组下标: 1

---------------------------------------------------------------
[ 2023-09-08T09:27:38+08:00 ] [ log ] at522.icu/99/index/open.html [运行时间：0.014416s][吞吐率：69.37req/s] [内存消耗：1,865.12kb] [文件加载：50]
[ error ] [8]未定义数组下标: 1

---------------------------------------------------------------
[ 2023-09-08T09:41:54+08:00 ] [ log ] at522.icu/99/ [运行时间：0.011236s][吞吐率：89.00req/s] [内存消耗：1,864.80kb] [文件加载：51]
[ error ] [8]未定义数组下标: 1

---------------------------------------------------------------
[ 2023-09-08T09:41:55+08:00 ] [ log ] at522.icu/99/favicon.ico [运行时间：0.010074s][吞吐率：99.27req/s] [内存消耗：1,650.74kb] [文件加载：44]
[ error ] [8]未定义数组下标: 1

---------------------------------------------------------------
[ 2023-09-08T09:41:58+08:00 ] [ log ] at522.icu/99/index/open.html [运行时间：0.012157s][吞吐率：82.26req/s] [内存消耗：1,865.12kb] [文件加载：50]
[ error ] [8]未定义数组下标: 1

---------------------------------------------------------------
[ 2023-09-08T09:45:01+08:00 ] [ log ] at522.icu/99/ [运行时间：0.010879s][吞吐率：91.92req/s] [内存消耗：1,864.80kb] [文件加载：51]
[ error ] [8]未定义数组下标: 1

---------------------------------------------------------------
[ 2023-09-08T09:45:01+08:00 ] [ log ] at522.icu/99/favicon.ico [运行时间：0.010270s][吞吐率：97.37req/s] [内存消耗：1,650.74kb] [文件加载：44]
[ error ] [8]未定义数组下标: 1

---------------------------------------------------------------
[ 2023-09-08T09:45:03+08:00 ] [ log ] at522.icu/99/index/open.html [运行时间：0.010778s][吞吐率：92.78req/s] [内存消耗：1,865.12kb] [文件加载：50]
[ error ] [8]未定义数组下标: 1

---------------------------------------------------------------
[ 2023-09-08T09:46:17+08:00 ] [ log ] at522.icu/99/ [运行时间：0.010647s][吞吐率：93.92req/s] [内存消耗：1,864.80kb] [文件加载：51]
[ error ] [8]未定义数组下标: 1

---------------------------------------------------------------
[ 2023-09-08T09:46:18+08:00 ] [ log ] at522.icu/99/favicon.ico [运行时间：0.024212s][吞吐率：41.30req/s] [内存消耗：1,650.74kb] [文件加载：44]
[ error ] [8]未定义数组下标: 1

---------------------------------------------------------------
[ 2023-09-08T09:46:20+08:00 ] [ log ] at522.icu/99/index/open.html [运行时间：0.012346s][吞吐率：81.00req/s] [内存消耗：1,865.12kb] [文件加载：50]
[ error ] [8]未定义数组下标: 1

---------------------------------------------------------------
[ 2023-09-08T10:02:39+08:00 ] [ log ] at522.icu/99/ [运行时间：0.018057s][吞吐率：55.38req/s] [内存消耗：1,865.34kb] [文件加载：51]
[ error ] [8]未定义数组下标: 1

---------------------------------------------------------------
[ 2023-09-08T10:02:40+08:00 ] [ log ] at522.icu/99/favicon.ico [运行时间：0.012900s][吞吐率：77.52req/s] [内存消耗：1,650.74kb] [文件加载：44]
[ error ] [8]未定义数组下标: 1

---------------------------------------------------------------
[ 2023-09-08T10:02:42+08:00 ] [ log ] at522.icu/99/index/open.html [运行时间：0.015816s][吞吐率：63.23req/s] [内存消耗：1,865.12kb] [文件加载：50]
[ error ] [8]未定义数组下标: 1

---------------------------------------------------------------
[ 2023-09-08T10:08:02+08:00 ] [ log ] at522.icu/99/ [运行时间：0.010997s][吞吐率：90.93req/s] [内存消耗：1,864.80kb] [文件加载：51]
[ error ] [8]未定义数组下标: 1

---------------------------------------------------------------
[ 2023-09-08T10:08:03+08:00 ] [ log ] at522.icu/99/favicon.ico [运行时间：0.010359s][吞吐率：96.53req/s] [内存消耗：1,650.74kb] [文件加载：44]
[ error ] [8]未定义数组下标: 1

---------------------------------------------------------------
[ 2023-09-08T10:08:06+08:00 ] [ log ] at522.icu/99/index/open.html [运行时间：0.021922s][吞吐率：45.62req/s] [内存消耗：1,865.12kb] [文件加载：50]
[ error ] [8]未定义数组下标: 1

---------------------------------------------------------------
[ 2023-09-08T10:42:44+08:00 ] [ log ] at521.icu/99/ [运行时间：0.011355s][吞吐率：88.07req/s] [内存消耗：1,865.34kb] [文件加载：51]
[ error ] [8]未定义数组下标: 1

---------------------------------------------------------------
[ 2023-09-08T10:42:46+08:00 ] [ log ] at521.icu/99/favicon.ico [运行时间：0.013516s][吞吐率：73.99req/s] [内存消耗：1,650.74kb] [文件加载：44]
[ error ] [8]未定义数组下标: 1

---------------------------------------------------------------
[ 2023-09-08T10:42:48+08:00 ] [ log ] at521.icu/99/index/open.html [运行时间：0.010610s][吞吐率：94.25req/s] [内存消耗：1,865.12kb] [文件加载：50]
[ error ] [8]未定义数组下标: 1

---------------------------------------------------------------
[ 2023-09-08T10:43:13+08:00 ] [ log ] at521.icu/99/index/open.html [运行时间：0.014444s][吞吐率：69.23req/s] [内存消耗：1,865.12kb] [文件加载：50]
[ error ] [8]未定义数组下标: 1

---------------------------------------------------------------
[ 2023-09-08T10:43:20+08:00 ] [ log ] at521.icu/99/ [运行时间：0.014960s][吞吐率：66.84req/s] [内存消耗：1,864.80kb] [文件加载：51]
[ error ] [8]未定义数组下标: 1

---------------------------------------------------------------
[ 2023-09-08T10:43:20+08:00 ] [ log ] at521.icu/99/favicon.ico [运行时间：0.011374s][吞吐率：87.92req/s] [内存消耗：1,650.74kb] [文件加载：44]
[ error ] [8]未定义数组下标: 1

---------------------------------------------------------------
[ 2023-09-08T10:43:22+08:00 ] [ log ] at521.icu/99/index/open.html [运行时间：0.010918s][吞吐率：91.59req/s] [内存消耗：1,865.12kb] [文件加载：50]
[ error ] [8]未定义数组下标: 1

---------------------------------------------------------------
[ 2023-09-08T11:00:08+08:00 ] [ log ] at522.icu/99/ [运行时间：0.011702s][吞吐率：85.46req/s] [内存消耗：1,864.80kb] [文件加载：51]
[ error ] [8]未定义数组下标: 1

---------------------------------------------------------------
[ 2023-09-08T11:00:08+08:00 ] [ log ] at522.icu/99/favicon.ico [运行时间：0.009862s][吞吐率：101.40req/s] [内存消耗：1,650.74kb] [文件加载：44]
[ error ] [8]未定义数组下标: 1

---------------------------------------------------------------
[ 2023-09-08T11:00:10+08:00 ] [ log ] at522.icu/99/index/open.html [运行时间：0.020827s][吞吐率：48.01req/s] [内存消耗：1,865.12kb] [文件加载：50]
[ error ] [8]未定义数组下标: 1

---------------------------------------------------------------
[ 2023-09-08T11:08:09+08:00 ] [ log ] at522.icu/99/ [运行时间：0.011345s][吞吐率：88.15req/s] [内存消耗：1,865.34kb] [文件加载：51]
[ error ] [8]未定义数组下标: 1

---------------------------------------------------------------
[ 2023-09-08T11:08:09+08:00 ] [ log ] at522.icu/99/favicon.ico [运行时间：0.009884s][吞吐率：101.17req/s] [内存消耗：1,650.74kb] [文件加载：44]
[ error ] [8]未定义数组下标: 1

---------------------------------------------------------------
[ 2023-09-08T11:08:11+08:00 ] [ log ] at522.icu/99/index/open.html [运行时间：0.021750s][吞吐率：45.98req/s] [内存消耗：1,865.12kb] [文件加载：50]
[ error ] [8]未定义数组下标: 1

---------------------------------------------------------------
[ 2023-09-08T11:13:15+08:00 ] [ log ] at522.icu/99/ [运行时间：0.011108s][吞吐率：90.03req/s] [内存消耗：1,864.80kb] [文件加载：51]
[ error ] [8]未定义数组下标: 1

---------------------------------------------------------------
[ 2023-09-08T11:13:16+08:00 ] [ log ] at522.icu/99/favicon.ico [运行时间：0.012333s][吞吐率：81.08req/s] [内存消耗：1,650.74kb] [文件加载：44]
[ error ] [8]未定义数组下标: 1

---------------------------------------------------------------
[ 2023-09-08T11:13:18+08:00 ] [ log ] at522.icu/99/index/open.html [运行时间：0.014837s][吞吐率：67.40req/s] [内存消耗：1,865.12kb] [文件加载：50]
[ error ] [8]未定义数组下标: 1

---------------------------------------------------------------
[ 2023-09-08T11:26:39+08:00 ] [ log ] at522.icu/99/ [运行时间：0.010773s][吞吐率：92.83req/s] [内存消耗：1,865.34kb] [文件加载：51]
[ error ] [8]未定义数组下标: 1

---------------------------------------------------------------
[ 2023-09-08T11:26:40+08:00 ] [ log ] at522.icu/99/favicon.ico [运行时间：0.021250s][吞吐率：47.06req/s] [内存消耗：1,650.74kb] [文件加载：44]
[ error ] [8]未定义数组下标: 1

---------------------------------------------------------------
[ 2023-09-08T11:26:45+08:00 ] [ log ] at522.icu/99/index/open.html [运行时间：0.010830s][吞吐率：92.34req/s] [内存消耗：1,865.12kb] [文件加载：50]
[ error ] [8]未定义数组下标: 1

---------------------------------------------------------------
[ 2023-09-08T12:28:48+08:00 ] [ log ] at522.icu/99/ [运行时间：0.040897s][吞吐率：24.45req/s] [内存消耗：1,865.34kb] [文件加载：51]
[ error ] [8]未定义数组下标: 1

---------------------------------------------------------------
[ 2023-09-08T12:28:50+08:00 ] [ log ] at522.icu/99/favicon.ico [运行时间：0.009711s][吞吐率：102.98req/s] [内存消耗：1,650.74kb] [文件加载：44]
[ error ] [8]未定义数组下标: 1

---------------------------------------------------------------
[ 2023-09-08T12:28:55+08:00 ] [ log ] at522.icu/99/index/open.html [运行时间：0.011046s][吞吐率：90.53req/s] [内存消耗：1,865.12kb] [文件加载：50]
[ error ] [8]未定义数组下标: 1

---------------------------------------------------------------
[ 2023-09-08T12:46:03+08:00 ] [ log ] at522.icu/99/ [运行时间：0.036098s][吞吐率：27.70req/s] [内存消耗：1,864.80kb] [文件加载：51]
[ error ] [8]未定义数组下标: 1

---------------------------------------------------------------
[ 2023-09-08T12:46:04+08:00 ] [ log ] at522.icu/99/favicon.ico [运行时间：0.009427s][吞吐率：106.08req/s] [内存消耗：1,650.74kb] [文件加载：44]
[ error ] [8]未定义数组下标: 1

---------------------------------------------------------------
[ 2023-09-08T12:46:07+08:00 ] [ log ] at522.icu/99/index/open.html [运行时间：0.011309s][吞吐率：88.43req/s] [内存消耗：1,865.12kb] [文件加载：50]
[ error ] [8]未定义数组下标: 1

---------------------------------------------------------------
[ 2023-09-08T12:56:18+08:00 ] [ log ] at521.icu/99/ [运行时间：0.011391s][吞吐率：87.79req/s] [内存消耗：1,865.34kb] [文件加载：51]
[ error ] [8]未定义数组下标: 1

---------------------------------------------------------------
[ 2023-09-08T12:56:19+08:00 ] [ log ] at521.icu/99/favicon.ico [运行时间：0.013145s][吞吐率：76.07req/s] [内存消耗：1,650.74kb] [文件加载：44]
[ error ] [8]未定义数组下标: 1

---------------------------------------------------------------
[ 2023-09-08T12:56:21+08:00 ] [ log ] at521.icu/99/index/open.html [运行时间：0.013318s][吞吐率：75.09req/s] [内存消耗：1,865.12kb] [文件加载：50]
[ error ] [8]未定义数组下标: 1

---------------------------------------------------------------
[ 2023-09-08T13:01:02+08:00 ] [ log ] at521.icu/99/ [运行时间：0.011183s][吞吐率：89.42req/s] [内存消耗：1,864.80kb] [文件加载：51]
[ error ] [8]未定义数组下标: 1

---------------------------------------------------------------
[ 2023-09-08T13:01:03+08:00 ] [ log ] at521.icu/99/favicon.ico [运行时间：0.009279s][吞吐率：107.77req/s] [内存消耗：1,650.74kb] [文件加载：44]
[ error ] [8]未定义数组下标: 1

---------------------------------------------------------------
[ 2023-09-08T13:01:04+08:00 ] [ log ] at521.icu/99/index/open.html [运行时间：0.010816s][吞吐率：92.45req/s] [内存消耗：1,865.12kb] [文件加载：50]
[ error ] [8]未定义数组下标: 1

---------------------------------------------------------------
[ 2023-09-08T13:01:47+08:00 ] [ log ] at521.icu/99/ [运行时间：0.018113s][吞吐率：55.21req/s] [内存消耗：1,864.80kb] [文件加载：51]
[ error ] [8]未定义数组下标: 1

---------------------------------------------------------------
[ 2023-09-08T13:01:49+08:00 ] [ log ] at521.icu/99/favicon.ico [运行时间：0.009823s][吞吐率：101.80req/s] [内存消耗：1,650.74kb] [文件加载：44]
[ error ] [8]未定义数组下标: 1

---------------------------------------------------------------
[ 2023-09-08T13:21:11+08:00 ] [ log ] at521.icu/99/ [运行时间：0.014630s][吞吐率：68.35req/s] [内存消耗：1,864.80kb] [文件加载：51]
[ error ] [8]未定义数组下标: 1

---------------------------------------------------------------
[ 2023-09-08T13:21:12+08:00 ] [ log ] at521.icu/99/favicon.ico [运行时间：0.009135s][吞吐率：109.47req/s] [内存消耗：1,650.74kb] [文件加载：44]
[ error ] [8]未定义数组下标: 1

---------------------------------------------------------------
[ 2023-09-08T13:21:13+08:00 ] [ log ] at521.icu/99/index/open.html [运行时间：0.012016s][吞吐率：83.22req/s] [内存消耗：1,865.12kb] [文件加载：50]
[ error ] [8]未定义数组下标: 1

---------------------------------------------------------------
[ 2023-09-08T13:35:12+08:00 ] [ log ] at521.icu/99/ [运行时间：0.011311s][吞吐率：88.41req/s] [内存消耗：1,865.34kb] [文件加载：51]
[ error ] [8]未定义数组下标: 1

---------------------------------------------------------------
[ 2023-09-08T13:35:16+08:00 ] [ log ] at521.icu/99/ [运行时间：0.010868s][吞吐率：92.01req/s] [内存消耗：1,865.34kb] [文件加载：51]
[ error ] [8]未定义数组下标: 1

---------------------------------------------------------------
[ 2023-09-08T13:35:34+08:00 ] [ log ] at521.icu/99/?uc_sm=1 [运行时间：0.011186s][吞吐率：89.40req/s] [内存消耗：1,865.97kb] [文件加载：51]
[ error ] [8]未定义数组下标: 1

---------------------------------------------------------------
[ 2023-09-08T13:35:50+08:00 ] [ log ] at521.icu/99/?uc_sm=1 [运行时间：0.014999s][吞吐率：66.67req/s] [内存消耗：1,865.97kb] [文件加载：51]
[ error ] [8]未定义数组下标: 1

---------------------------------------------------------------
[ 2023-09-08T13:35:50+08:00 ] [ log ] at521.icu/99/?uc_sm=1 [运行时间：0.010280s][吞吐率：97.28req/s] [内存消耗：1,865.97kb] [文件加载：51]
[ error ] [8]未定义数组下标: 1

---------------------------------------------------------------
[ 2023-09-08T13:35:57+08:00 ] [ log ] at521.icu/99/?uc_sm=1 [运行时间：0.014707s][吞吐率：68.00req/s] [内存消耗：1,865.97kb] [文件加载：51]
[ error ] [8]未定义数组下标: 1

---------------------------------------------------------------
[ 2023-09-08T13:35:57+08:00 ] [ log ] at521.icu/99/?uc_sm=1 [运行时间：0.010502s][吞吐率：95.22req/s] [内存消耗：1,865.97kb] [文件加载：51]
[ error ] [8]未定义数组下标: 1

---------------------------------------------------------------
[ 2023-09-08T13:36:02+08:00 ] [ log ] at521.icu/99/?uc_sm=1 [运行时间：0.011684s][吞吐率：85.59req/s] [内存消耗：1,865.97kb] [文件加载：51]
[ error ] [8]未定义数组下标: 1

---------------------------------------------------------------
[ 2023-09-08T13:36:10+08:00 ] [ log ] at521.icu/99/?uc_sm=1&from=wh10331 [运行时间：0.014548s][吞吐率：68.74req/s] [内存消耗：1,865.98kb] [文件加载：51]
[ error ] [8]未定义数组下标: 1

---------------------------------------------------------------
[ 2023-09-08T13:36:10+08:00 ] [ log ] at521.icu/99/?uc_sm=1&from=wh10331 [运行时间：0.011554s][吞吐率：86.55req/s] [内存消耗：1,865.98kb] [文件加载：51]
[ error ] [8]未定义数组下标: 1

---------------------------------------------------------------
[ 2023-09-08T13:36:11+08:00 ] [ log ] at521.icu/99/ [运行时间：0.014698s][吞吐率：68.04req/s] [内存消耗：1,865.34kb] [文件加载：51]
[ error ] [8]未定义数组下标: 1

---------------------------------------------------------------
[ 2023-09-08T13:36:11+08:00 ] [ log ] at521.icu/99/ [运行时间：0.010440s][吞吐率：95.79req/s] [内存消耗：1,865.34kb] [文件加载：51]
[ error ] [8]未定义数组下标: 1

---------------------------------------------------------------
[ 2023-09-08T13:36:11+08:00 ] [ log ] at521.icu/99/ [运行时间：0.015417s][吞吐率：64.86req/s] [内存消耗：1,865.34kb] [文件加载：51]
[ error ] [8]未定义数组下标: 1

---------------------------------------------------------------
[ 2023-09-08T13:36:12+08:00 ] [ log ] at521.icu/99/ [运行时间：0.010763s][吞吐率：92.91req/s] [内存消耗：1,865.34kb] [文件加载：51]
[ error ] [8]未定义数组下标: 1

---------------------------------------------------------------
[ 2023-09-08T13:36:13+08:00 ] [ log ] at521.icu/99/ [运行时间：0.010994s][吞吐率：90.96req/s] [内存消耗：1,865.34kb] [文件加载：51]
[ error ] [8]未定义数组下标: 1

---------------------------------------------------------------
[ 2023-09-08T13:36:17+08:00 ] [ log ] at521.icu/99/ [运行时间：0.010689s][吞吐率：93.55req/s] [内存消耗：1,865.34kb] [文件加载：51]
[ error ] [8]未定义数组下标: 1

---------------------------------------------------------------
[ 2023-09-08T13:36:17+08:00 ] [ log ] at521.icu/99/ [运行时间：0.010823s][吞吐率：92.40req/s] [内存消耗：1,865.34kb] [文件加载：51]
[ error ] [8]未定义数组下标: 1

---------------------------------------------------------------
[ 2023-09-08T13:36:18+08:00 ] [ log ] at521.icu/99/ [运行时间：0.011040s][吞吐率：90.58req/s] [内存消耗：1,865.34kb] [文件加载：51]
[ error ] [8]未定义数组下标: 1

---------------------------------------------------------------
[ 2023-09-08T13:36:18+08:00 ] [ log ] at521.icu/99/ [运行时间：0.010580s][吞吐率：94.52req/s] [内存消耗：1,865.34kb] [文件加载：51]
[ error ] [8]未定义数组下标: 1

---------------------------------------------------------------
[ 2023-09-08T13:36:18+08:00 ] [ log ] at521.icu/99/ [运行时间：0.010984s][吞吐率：91.04req/s] [内存消耗：1,865.34kb] [文件加载：51]
[ error ] [8]未定义数组下标: 1

---------------------------------------------------------------
[ 2023-09-08T13:36:18+08:00 ] [ log ] at521.icu/99/ [运行时间：0.011185s][吞吐率：89.40req/s] [内存消耗：1,865.34kb] [文件加载：51]
[ error ] [8]未定义数组下标: 1

---------------------------------------------------------------
[ 2023-09-08T13:36:18+08:00 ] [ log ] at521.icu/99/ [运行时间：0.010897s][吞吐率：91.77req/s] [内存消耗：1,865.34kb] [文件加载：51]
[ error ] [8]未定义数组下标: 1

---------------------------------------------------------------
[ 2023-09-08T13:36:19+08:00 ] [ log ] at521.icu/99/?uc_sm=1&from=wh10331 [运行时间：0.010657s][吞吐率：93.83req/s] [内存消耗：1,865.98kb] [文件加载：51]
[ error ] [8]未定义数组下标: 1

---------------------------------------------------------------
[ 2023-09-08T13:36:19+08:00 ] [ log ] at521.icu/99/?uc_sm=1&from=wh10331 [运行时间：0.010592s][吞吐率：94.41req/s] [内存消耗：1,865.98kb] [文件加载：51]
[ error ] [8]未定义数组下标: 1

---------------------------------------------------------------
[ 2023-09-08T13:36:19+08:00 ] [ log ] at521.icu/99/?uc_sm=1&from=wh10331 [运行时间：0.011370s][吞吐率：87.95req/s] [内存消耗：1,865.98kb] [文件加载：51]
[ error ] [8]未定义数组下标: 1

---------------------------------------------------------------
[ 2023-09-08T13:36:21+08:00 ] [ log ] at521.icu/99/?uc_sm=1&from=wh10331 [运行时间：0.010684s][吞吐率：93.60req/s] [内存消耗：1,865.98kb] [文件加载：51]
[ error ] [8]未定义数组下标: 1

---------------------------------------------------------------
[ 2023-09-08T13:36:21+08:00 ] [ log ] at521.icu/99/?uc_sm=1&from=wh10331 [运行时间：0.011069s][吞吐率：90.34req/s] [内存消耗：1,865.98kb] [文件加载：51]
[ error ] [8]未定义数组下标: 1

---------------------------------------------------------------
[ 2023-09-08T13:36:21+08:00 ] [ log ] at521.icu/99/?uc_sm=1&from=wh10331 [运行时间：0.011146s][吞吐率：89.72req/s] [内存消耗：1,865.98kb] [文件加载：51]
[ error ] [8]未定义数组下标: 1

---------------------------------------------------------------
[ 2023-09-08T13:36:21+08:00 ] [ log ] at521.icu/99/?uc_sm=1&from=wh10331 [运行时间：0.010788s][吞吐率：92.70req/s] [内存消耗：1,865.98kb] [文件加载：51]
[ error ] [8]未定义数组下标: 1

---------------------------------------------------------------
[ 2023-09-08T13:36:21+08:00 ] [ log ] at521.icu/99/ [运行时间：0.011021s][吞吐率：90.74req/s] [内存消耗：1,865.34kb] [文件加载：51]
[ error ] [8]未定义数组下标: 1

---------------------------------------------------------------
[ 2023-09-08T13:36:21+08:00 ] [ log ] at521.icu/99/ [运行时间：0.010630s][吞吐率：94.07req/s] [内存消耗：1,865.34kb] [文件加载：51]
[ error ] [8]未定义数组下标: 1

---------------------------------------------------------------
[ 2023-09-08T13:36:22+08:00 ] [ log ] at521.icu/99/ [运行时间：0.010647s][吞吐率：93.92req/s] [内存消耗：1,865.34kb] [文件加载：51]
[ error ] [8]未定义数组下标: 1

---------------------------------------------------------------
[ 2023-09-08T13:36:22+08:00 ] [ log ] at521.icu/99/ [运行时间：0.010644s][吞吐率：93.95req/s] [内存消耗：1,865.34kb] [文件加载：51]
[ error ] [8]未定义数组下标: 1

---------------------------------------------------------------
[ 2023-09-08T13:36:22+08:00 ] [ log ] at521.icu/99/ [运行时间：0.010647s][吞吐率：93.92req/s] [内存消耗：1,865.34kb] [文件加载：51]
[ error ] [8]未定义数组下标: 1

---------------------------------------------------------------
[ 2023-09-08T13:36:22+08:00 ] [ log ] at521.icu/99/ [运行时间：0.011025s][吞吐率：90.70req/s] [内存消耗：1,865.34kb] [文件加载：51]
[ error ] [8]未定义数组下标: 1

---------------------------------------------------------------
[ 2023-09-08T13:36:22+08:00 ] [ log ] at521.icu/99/ [运行时间：0.010795s][吞吐率：92.63req/s] [内存消耗：1,865.34kb] [文件加载：51]
[ error ] [8]未定义数组下标: 1

---------------------------------------------------------------
[ 2023-09-08T13:36:22+08:00 ] [ log ] at521.icu/99/ [运行时间：0.011217s][吞吐率：89.15req/s] [内存消耗：1,865.34kb] [文件加载：51]
[ error ] [8]未定义数组下标: 1

---------------------------------------------------------------
[ 2023-09-08T13:36:22+08:00 ] [ log ] at521.icu/99/ [运行时间：0.010516s][吞吐率：95.09req/s] [内存消耗：1,865.34kb] [文件加载：51]
[ error ] [8]未定义数组下标: 1

---------------------------------------------------------------
[ 2023-09-08T13:36:22+08:00 ] [ log ] at521.icu/99/ [运行时间：0.010791s][吞吐率：92.67req/s] [内存消耗：1,865.34kb] [文件加载：51]
[ error ] [8]未定义数组下标: 1

---------------------------------------------------------------
[ 2023-09-08T13:36:25+08:00 ] [ log ] at521.icu/99/?uc_sm=1&from=wh10331 [运行时间：0.010894s][吞吐率：91.79req/s] [内存消耗：1,865.98kb] [文件加载：51]
[ error ] [8]未定义数组下标: 1

---------------------------------------------------------------
[ 2023-09-08T13:36:25+08:00 ] [ log ] at521.icu/99/ [运行时间：0.010832s][吞吐率：92.32req/s] [内存消耗：1,865.34kb] [文件加载：51]
[ error ] [8]未定义数组下标: 1

---------------------------------------------------------------
[ 2023-09-08T13:36:25+08:00 ] [ log ] at521.icu/99/ [运行时间：0.011737s][吞吐率：85.20req/s] [内存消耗：1,865.34kb] [文件加载：51]
[ error ] [8]未定义数组下标: 1

---------------------------------------------------------------
[ 2023-09-08T13:36:25+08:00 ] [ log ] at521.icu/99/ [运行时间：0.010806s][吞吐率：92.54req/s] [内存消耗：1,865.34kb] [文件加载：51]
[ error ] [8]未定义数组下标: 1

---------------------------------------------------------------
[ 2023-09-08T13:36:26+08:00 ] [ log ] at521.icu/99/ [运行时间：0.039642s][吞吐率：25.23req/s] [内存消耗：1,865.34kb] [文件加载：51]
[ error ] [8]未定义数组下标: 1

---------------------------------------------------------------
[ 2023-09-08T13:36:26+08:00 ] [ log ] at521.icu/99/ [运行时间：0.010993s][吞吐率：90.97req/s] [内存消耗：1,865.34kb] [文件加载：51]
[ error ] [8]未定义数组下标: 1

---------------------------------------------------------------
[ 2023-09-08T13:36:26+08:00 ] [ log ] at521.icu/99/ [运行时间：0.010643s][吞吐率：93.96req/s] [内存消耗：1,865.34kb] [文件加载：51]
[ error ] [8]未定义数组下标: 1

---------------------------------------------------------------
[ 2023-09-08T13:36:29+08:00 ] [ log ] at521.icu/99/?uc_sm=1&from=wh10331 [运行时间：0.010759s][吞吐率：92.95req/s] [内存消耗：1,865.98kb] [文件加载：51]
[ error ] [8]未定义数组下标: 1

---------------------------------------------------------------
[ 2023-09-08T13:36:29+08:00 ] [ log ] at521.icu/99/ [运行时间：0.010886s][吞吐率：91.86req/s] [内存消耗：1,865.34kb] [文件加载：51]
[ error ] [8]未定义数组下标: 1

---------------------------------------------------------------
[ 2023-09-08T13:36:30+08:00 ] [ log ] at521.icu/99/ [运行时间：0.011028s][吞吐率：90.68req/s] [内存消耗：1,865.34kb] [文件加载：51]
[ error ] [8]未定义数组下标: 1

---------------------------------------------------------------
[ 2023-09-08T13:36:30+08:00 ] [ log ] at521.icu/99/ [运行时间：0.010734s][吞吐率：93.16req/s] [内存消耗：1,865.34kb] [文件加载：51]
[ error ] [8]未定义数组下标: 1

---------------------------------------------------------------
[ 2023-09-08T13:36:30+08:00 ] [ log ] at521.icu/99/ [运行时间：0.011321s][吞吐率：88.33req/s] [内存消耗：1,865.34kb] [文件加载：51]
[ error ] [8]未定义数组下标: 1

---------------------------------------------------------------
[ 2023-09-08T13:36:30+08:00 ] [ log ] at521.icu/99/ [运行时间：0.010739s][吞吐率：93.12req/s] [内存消耗：1,865.34kb] [文件加载：51]
[ error ] [8]未定义数组下标: 1

---------------------------------------------------------------
[ 2023-09-08T13:36:30+08:00 ] [ log ] at521.icu/99/ [运行时间：0.010683s][吞吐率：93.61req/s] [内存消耗：1,865.34kb] [文件加载：51]
[ error ] [8]未定义数组下标: 1

---------------------------------------------------------------
[ 2023-09-08T13:36:30+08:00 ] [ log ] at521.icu/99/ [运行时间：0.010902s][吞吐率：91.72req/s] [内存消耗：1,865.34kb] [文件加载：51]
[ error ] [8]未定义数组下标: 1

---------------------------------------------------------------
[ 2023-09-08T13:36:30+08:00 ] [ log ] at521.icu/99/ [运行时间：0.010465s][吞吐率：95.56req/s] [内存消耗：1,865.34kb] [文件加载：51]
[ error ] [8]未定义数组下标: 1

---------------------------------------------------------------
[ 2023-09-08T13:36:30+08:00 ] [ log ] at521.icu/99/ [运行时间：0.011183s][吞吐率：89.42req/s] [内存消耗：1,865.34kb] [文件加载：51]
[ error ] [8]未定义数组下标: 1

---------------------------------------------------------------
[ 2023-09-08T13:36:30+08:00 ] [ log ] at521.icu/99/ [运行时间：0.010407s][吞吐率：96.09req/s] [内存消耗：1,865.34kb] [文件加载：51]
[ error ] [8]未定义数组下标: 1

---------------------------------------------------------------
[ 2023-09-08T13:36:30+08:00 ] [ log ] at521.icu/99/ [运行时间：0.010771s][吞吐率：92.84req/s] [内存消耗：1,865.34kb] [文件加载：51]
[ error ] [8]未定义数组下标: 1

---------------------------------------------------------------
[ 2023-09-08T13:36:35+08:00 ] [ log ] at521.icu/99/?uc_sm=1&from=wh10331 [运行时间：0.010933s][吞吐率：91.46req/s] [内存消耗：1,865.98kb] [文件加载：51]
[ error ] [8]未定义数组下标: 1

---------------------------------------------------------------
[ 2023-09-08T13:36:35+08:00 ] [ log ] at521.icu/99/?uc_sm=1&from=wh10331 [运行时间：0.010629s][吞吐率：94.08req/s] [内存消耗：1,865.98kb] [文件加载：51]
[ error ] [8]未定义数组下标: 1

---------------------------------------------------------------
[ 2023-09-08T13:36:36+08:00 ] [ log ] at521.icu/99/ [运行时间：0.011231s][吞吐率：89.04req/s] [内存消耗：1,865.34kb] [文件加载：51]
[ error ] [8]未定义数组下标: 1

---------------------------------------------------------------
[ 2023-09-08T13:36:36+08:00 ] [ log ] at521.icu/99/ [运行时间：0.010678s][吞吐率：93.65req/s] [内存消耗：1,865.34kb] [文件加载：51]
[ error ] [8]未定义数组下标: 1

---------------------------------------------------------------
[ 2023-09-08T13:36:36+08:00 ] [ log ] at521.icu/99/ [运行时间：0.010713s][吞吐率：93.35req/s] [内存消耗：1,865.34kb] [文件加载：51]
[ error ] [8]未定义数组下标: 1

---------------------------------------------------------------
[ 2023-09-08T13:36:36+08:00 ] [ log ] at521.icu/99/ [运行时间：0.010666s][吞吐率：93.76req/s] [内存消耗：1,865.34kb] [文件加载：51]
[ error ] [8]未定义数组下标: 1

---------------------------------------------------------------
[ 2023-09-08T13:36:36+08:00 ] [ log ] at521.icu/99/ [运行时间：0.011710s][吞吐率：85.40req/s] [内存消耗：1,865.34kb] [文件加载：51]
[ error ] [8]未定义数组下标: 1

---------------------------------------------------------------
[ 2023-09-08T13:36:36+08:00 ] [ log ] at521.icu/99/ [运行时间：0.010706s][吞吐率：93.40req/s] [内存消耗：1,865.34kb] [文件加载：51]
[ error ] [8]未定义数组下标: 1

---------------------------------------------------------------
[ 2023-09-08T13:36:36+08:00 ] [ log ] at521.icu/99/ [运行时间：0.011078s][吞吐率：90.27req/s] [内存消耗：1,865.34kb] [文件加载：51]
[ error ] [8]未定义数组下标: 1

---------------------------------------------------------------
[ 2023-09-08T13:36:40+08:00 ] [ log ] at521.icu/99/ [运行时间：0.011776s][吞吐率：84.92req/s] [内存消耗：1,865.34kb] [文件加载：51]
[ error ] [8]未定义数组下标: 1

---------------------------------------------------------------
[ 2023-09-08T13:36:40+08:00 ] [ log ] at521.icu/99/ [运行时间：0.010938s][吞吐率：91.42req/s] [内存消耗：1,865.34kb] [文件加载：51]
[ error ] [8]未定义数组下标: 1

---------------------------------------------------------------
[ 2023-09-08T13:36:41+08:00 ] [ log ] at521.icu/99/ [运行时间：0.010632s][吞吐率：94.06req/s] [内存消耗：1,865.34kb] [文件加载：51]
[ error ] [8]未定义数组下标: 1

---------------------------------------------------------------
[ 2023-09-08T13:36:41+08:00 ] [ log ] at521.icu/99/ [运行时间：0.010698s][吞吐率：93.48req/s] [内存消耗：1,865.34kb] [文件加载：51]
[ error ] [8]未定义数组下标: 1

---------------------------------------------------------------
[ 2023-09-08T13:36:41+08:00 ] [ log ] at521.icu/99/ [运行时间：0.010875s][吞吐率：91.95req/s] [内存消耗：1,865.34kb] [文件加载：51]
[ error ] [8]未定义数组下标: 1

---------------------------------------------------------------
[ 2023-09-08T13:36:41+08:00 ] [ log ] at521.icu/99/ [运行时间：0.011689s][吞吐率：85.55req/s] [内存消耗：1,865.34kb] [文件加载：51]
[ error ] [8]未定义数组下标: 1

---------------------------------------------------------------
[ 2023-09-08T13:36:44+08:00 ] [ log ] at521.icu/99/?uc_sm=1&from=wh10331 [运行时间：0.010691s][吞吐率：93.54req/s] [内存消耗：1,865.98kb] [文件加载：51]
[ error ] [8]未定义数组下标: 1

---------------------------------------------------------------
[ 2023-09-08T13:41:44+08:00 ] [ log ] at521.icu/99/ [运行时间：0.010977s][吞吐率：91.10req/s] [内存消耗：1,865.34kb] [文件加载：51]
[ error ] [8]未定义数组下标: 1

---------------------------------------------------------------
[ 2023-09-08T14:09:13+08:00 ] [ log ] at521.icu/99/ [运行时间：0.011444s][吞吐率：87.38req/s] [内存消耗：1,865.34kb] [文件加载：51]
[ error ] [8]未定义数组下标: 1

---------------------------------------------------------------
[ 2023-09-08T14:09:14+08:00 ] [ log ] at521.icu/99/favicon.ico [运行时间：0.033005s][吞吐率：30.30req/s] [内存消耗：1,650.74kb] [文件加载：44]
[ error ] [8]未定义数组下标: 1

---------------------------------------------------------------
[ 2023-09-08T15:27:52+08:00 ] [ log ] at522.icu/99/ [运行时间：0.010763s][吞吐率：92.91req/s] [内存消耗：1,865.34kb] [文件加载：51]
[ error ] [8]未定义数组下标: 1

---------------------------------------------------------------
[ 2023-09-08T15:27:53+08:00 ] [ log ] at522.icu/99/favicon.ico [运行时间：0.009960s][吞吐率：100.40req/s] [内存消耗：1,650.74kb] [文件加载：44]
[ error ] [8]未定义数组下标: 1

---------------------------------------------------------------
[ 2023-09-08T15:27:55+08:00 ] [ log ] at522.icu/99/index/open.html [运行时间：0.010768s][吞吐率：92.87req/s] [内存消耗：1,865.12kb] [文件加载：50]
[ error ] [8]未定义数组下标: 1

---------------------------------------------------------------
[ 2023-09-08T16:07:35+08:00 ] [ log ] at522.icu/99/ [运行时间：0.010896s][吞吐率：91.78req/s] [内存消耗：1,865.34kb] [文件加载：51]
[ error ] [8]未定义数组下标: 1

---------------------------------------------------------------
[ 2023-09-08T16:07:36+08:00 ] [ log ] at522.icu/99/favicon.ico [运行时间：0.009288s][吞吐率：107.66req/s] [内存消耗：1,650.74kb] [文件加载：44]
[ error ] [8]未定义数组下标: 1

---------------------------------------------------------------
[ 2023-09-08T16:07:41+08:00 ] [ log ] at522.icu/99/index/open.html [运行时间：0.011183s][吞吐率：89.42req/s] [内存消耗：1,865.12kb] [文件加载：50]
[ error ] [8]未定义数组下标: 1

---------------------------------------------------------------
[ 2023-09-08T17:07:36+08:00 ] [ log ] at521.icu/99/?uc_sm=1 [运行时间：0.011329s][吞吐率：88.27req/s] [内存消耗：1,865.97kb] [文件加载：51]
[ error ] [8]未定义数组下标: 1

---------------------------------------------------------------
[ 2023-09-08T17:07:37+08:00 ] [ log ] at521.icu/99/ [运行时间：0.010840s][吞吐率：92.25req/s] [内存消耗：1,865.34kb] [文件加载：51]
[ error ] [8]未定义数组下标: 1

---------------------------------------------------------------
[ 2023-09-08T17:07:37+08:00 ] [ log ] at521.icu/99/ [运行时间：0.010768s][吞吐率：92.87req/s] [内存消耗：1,865.34kb] [文件加载：51]
[ error ] [8]未定义数组下标: 1

---------------------------------------------------------------
[ 2023-09-08T17:07:44+08:00 ] [ log ] at521.icu/99/ [运行时间：0.011486s][吞吐率：87.06req/s] [内存消耗：1,865.34kb] [文件加载：51]
[ error ] [8]未定义数组下标: 1

---------------------------------------------------------------
[ 2023-09-08T17:07:45+08:00 ] [ log ] at521.icu/99/ [运行时间：0.011628s][吞吐率：86.00req/s] [内存消耗：1,865.34kb] [文件加载：51]
[ error ] [8]未定义数组下标: 1

---------------------------------------------------------------
[ 2023-09-08T17:07:45+08:00 ] [ log ] at521.icu/99/ [运行时间：0.014017s][吞吐率：71.34req/s] [内存消耗：1,865.34kb] [文件加载：51]
[ error ] [8]未定义数组下标: 1

---------------------------------------------------------------
[ 2023-09-08T17:07:51+08:00 ] [ log ] at521.icu/99/ [运行时间：0.034856s][吞吐率：28.69req/s] [内存消耗：1,865.34kb] [文件加载：51]
[ error ] [8]未定义数组下标: 1

---------------------------------------------------------------
[ 2023-09-08T17:08:03+08:00 ] [ log ] at521.icu/99/?uc_sm=1 [运行时间：0.028659s][吞吐率：34.89req/s] [内存消耗：1,865.97kb] [文件加载：51]
[ error ] [8]未定义数组下标: 1

---------------------------------------------------------------
[ 2023-09-08T17:08:04+08:00 ] [ log ] at521.icu/99/ [运行时间：0.011133s][吞吐率：89.82req/s] [内存消耗：1,865.34kb] [文件加载：51]
[ error ] [8]未定义数组下标: 1

---------------------------------------------------------------
[ 2023-09-08T17:08:04+08:00 ] [ log ] at521.icu/99/ [运行时间：0.010833s][吞吐率：92.31req/s] [内存消耗：1,865.34kb] [文件加载：51]
[ error ] [8]未定义数组下标: 1

---------------------------------------------------------------
[ 2023-09-08T17:08:21+08:00 ] [ log ] at521.icu/99/?uc_sm=1 [运行时间：0.011307s][吞吐率：88.44req/s] [内存消耗：1,865.97kb] [文件加载：51]
[ error ] [8]未定义数组下标: 1

---------------------------------------------------------------
[ 2023-09-08T17:08:21+08:00 ] [ log ] at521.icu/99/?uc_sm=1 [运行时间：0.014963s][吞吐率：66.83req/s] [内存消耗：1,865.97kb] [文件加载：51]
[ error ] [8]未定义数组下标: 1

---------------------------------------------------------------
[ 2023-09-08T17:08:22+08:00 ] [ log ] at521.icu/99/ [运行时间：0.014275s][吞吐率：70.05req/s] [内存消耗：1,865.34kb] [文件加载：51]
[ error ] [8]未定义数组下标: 1

---------------------------------------------------------------
[ 2023-09-08T17:18:22+08:00 ] [ log ] at522.icu/99/ [运行时间：0.011078s][吞吐率：90.27req/s] [内存消耗：1,865.34kb] [文件加载：51]
[ error ] [8]未定义数组下标: 1

---------------------------------------------------------------
[ 2023-09-08T17:18:23+08:00 ] [ log ] at522.icu/99/favicon.ico [运行时间：0.015330s][吞吐率：65.23req/s] [内存消耗：1,650.74kb] [文件加载：44]
[ error ] [8]未定义数组下标: 1

---------------------------------------------------------------
[ 2023-09-08T17:18:25+08:00 ] [ log ] at522.icu/99/index/open.html [运行时间：0.048310s][吞吐率：20.70req/s] [内存消耗：1,865.12kb] [文件加载：50]
[ error ] [8]未定义数组下标: 1

---------------------------------------------------------------
[ 2023-09-08T17:18:35+08:00 ] [ log ] at888.icu/99/ [运行时间：0.010684s][吞吐率：93.60req/s] [内存消耗：1,864.84kb] [文件加载：51]
[ error ] [8]未定义数组下标: 1

---------------------------------------------------------------
[ 2023-09-08T17:43:52+08:00 ] [ log ] at521.icu/99/ [运行时间：0.019994s][吞吐率：50.01req/s] [内存消耗：1,865.34kb] [文件加载：51]
[ error ] [8]未定义数组下标: 1

---------------------------------------------------------------
[ 2023-09-08T17:43:53+08:00 ] [ log ] at521.icu/99/favicon.ico [运行时间：0.014489s][吞吐率：69.02req/s] [内存消耗：1,650.74kb] [文件加载：44]
[ error ] [8]未定义数组下标: 1

---------------------------------------------------------------
[ 2023-09-08T17:43:56+08:00 ] [ log ] at521.icu/99/index/open.html [运行时间：0.012628s][吞吐率：79.19req/s] [内存消耗：1,865.12kb] [文件加载：50]
[ error ] [8]未定义数组下标: 1

---------------------------------------------------------------
[ 2023-09-08T17:57:37+08:00 ] [ log ] at522.icu/99/ [运行时间：0.030690s][吞吐率：32.58req/s] [内存消耗：1,864.80kb] [文件加载：51]
[ error ] [8]未定义数组下标: 1

---------------------------------------------------------------
[ 2023-09-08T17:57:37+08:00 ] [ log ] at522.icu/99/favicon.ico [运行时间：0.013251s][吞吐率：75.47req/s] [内存消耗：1,650.74kb] [文件加载：44]
[ error ] [8]未定义数组下标: 1

---------------------------------------------------------------
[ 2023-09-08T17:57:39+08:00 ] [ log ] at522.icu/99/index/open.html [运行时间：0.040480s][吞吐率：24.70req/s] [内存消耗：1,865.12kb] [文件加载：50]
[ error ] [8]未定义数组下标: 1

---------------------------------------------------------------
[ 2023-09-08T18:04:30+08:00 ] [ log ] at521.icu/99/ [运行时间：0.010945s][吞吐率：91.37req/s] [内存消耗：1,864.80kb] [文件加载：51]
[ error ] [8]未定义数组下标: 1

---------------------------------------------------------------
[ 2023-09-08T18:04:31+08:00 ] [ log ] at521.icu/99/favicon.ico [运行时间：0.025205s][吞吐率：39.67req/s] [内存消耗：1,650.74kb] [文件加载：44]
[ error ] [8]未定义数组下标: 1

---------------------------------------------------------------
[ 2023-09-08T18:04:32+08:00 ] [ log ] at521.icu/99/index/open.html [运行时间：0.028254s][吞吐率：35.39req/s] [内存消耗：1,865.12kb] [文件加载：50]
[ error ] [8]未定义数组下标: 1

---------------------------------------------------------------
[ 2023-09-08T18:04:41+08:00 ] [ log ] at522.icu/99/ [运行时间：0.016579s][吞吐率：60.32req/s] [内存消耗：1,865.34kb] [文件加载：51]
[ error ] [8]未定义数组下标: 1

---------------------------------------------------------------
[ 2023-09-08T18:04:56+08:00 ] [ log ] at522.icu/99/ [运行时间：0.018252s][吞吐率：54.79req/s] [内存消耗：1,865.34kb] [文件加载：51]
[ error ] [8]未定义数组下标: 1

---------------------------------------------------------------
[ 2023-09-08T18:04:56+08:00 ] [ log ] at522.icu/99/ [运行时间：0.010818s][吞吐率：92.44req/s] [内存消耗：1,865.34kb] [文件加载：51]
[ error ] [8]未定义数组下标: 1

---------------------------------------------------------------
[ 2023-09-08T18:04:56+08:00 ] [ log ] at522.icu/99/ [运行时间：0.010544s][吞吐率：94.84req/s] [内存消耗：1,865.34kb] [文件加载：51]
[ error ] [8]未定义数组下标: 1

---------------------------------------------------------------
[ 2023-09-08T18:04:57+08:00 ] [ log ] at522.icu/99/ [运行时间：0.011915s][吞吐率：83.93req/s] [内存消耗：1,865.34kb] [文件加载：51]
[ error ] [8]未定义数组下标: 1

---------------------------------------------------------------
[ 2023-09-08T18:04:57+08:00 ] [ log ] at522.icu/99/ [运行时间：0.011595s][吞吐率：86.24req/s] [内存消耗：1,865.34kb] [文件加载：51]
[ error ] [8]未定义数组下标: 1

---------------------------------------------------------------
[ 2023-09-08T18:04:57+08:00 ] [ log ] at522.icu/99/ [运行时间：0.010837s][吞吐率：92.28req/s] [内存消耗：1,865.34kb] [文件加载：51]
[ error ] [8]未定义数组下标: 1

---------------------------------------------------------------
[ 2023-09-08T18:04:58+08:00 ] [ log ] at522.icu/99/ [运行时间：0.014753s][吞吐率：67.78req/s] [内存消耗：1,865.34kb] [文件加载：51]
[ error ] [8]未定义数组下标: 1

---------------------------------------------------------------
[ 2023-09-08T18:04:59+08:00 ] [ log ] at522.icu/99/ [运行时间：0.012043s][吞吐率：83.04req/s] [内存消耗：1,865.34kb] [文件加载：51]
[ error ] [8]未定义数组下标: 1

---------------------------------------------------------------
[ 2023-09-08T18:04:59+08:00 ] [ log ] at522.icu/99/ [运行时间：0.010796s][吞吐率：92.63req/s] [内存消耗：1,865.34kb] [文件加载：51]
[ error ] [8]未定义数组下标: 1

---------------------------------------------------------------
[ 2023-09-08T18:04:59+08:00 ] [ log ] at522.icu/99/ [运行时间：0.011612s][吞吐率：86.12req/s] [内存消耗：1,865.34kb] [文件加载：51]
[ error ] [8]未定义数组下标: 1

---------------------------------------------------------------
[ 2023-09-08T18:04:59+08:00 ] [ log ] at522.icu/99/ [运行时间：0.011380s][吞吐率：87.87req/s] [内存消耗：1,865.34kb] [文件加载：51]
[ error ] [8]未定义数组下标: 1

---------------------------------------------------------------
[ 2023-09-08T18:04:59+08:00 ] [ log ] at522.icu/99/ [运行时间：0.010899s][吞吐率：91.75req/s] [内存消耗：1,865.34kb] [文件加载：51]
[ error ] [8]未定义数组下标: 1

---------------------------------------------------------------
[ 2023-09-08T18:04:59+08:00 ] [ log ] at522.icu/99/ [运行时间：0.011795s][吞吐率：84.78req/s] [内存消耗：1,865.34kb] [文件加载：51]
[ error ] [8]未定义数组下标: 1

---------------------------------------------------------------
[ 2023-09-08T18:05:00+08:00 ] [ log ] at522.icu/99/ [运行时间：0.016741s][吞吐率：59.73req/s] [内存消耗：1,865.34kb] [文件加载：51]
[ error ] [8]未定义数组下标: 1

---------------------------------------------------------------
[ 2023-09-08T18:05:00+08:00 ] [ log ] at522.icu/99/ [运行时间：0.013386s][吞吐率：74.70req/s] [内存消耗：1,865.34kb] [文件加载：51]
[ error ] [8]未定义数组下标: 1

---------------------------------------------------------------
[ 2023-09-08T18:05:00+08:00 ] [ log ] at522.icu/99/ [运行时间：0.011137s][吞吐率：89.79req/s] [内存消耗：1,865.34kb] [文件加载：51]
[ error ] [8]未定义数组下标: 1

---------------------------------------------------------------
[ 2023-09-08T18:05:06+08:00 ] [ log ] at521.icu/99/index/open.html [运行时间：0.014508s][吞吐率：68.93req/s] [内存消耗：1,865.12kb] [文件加载：50]
[ error ] [8]未定义数组下标: 1

---------------------------------------------------------------
[ 2023-09-08T18:06:36+08:00 ] [ log ] at522.icu/99/ [运行时间：0.026982s][吞吐率：37.06req/s] [内存消耗：1,865.34kb] [文件加载：51]
[ error ] [8]未定义数组下标: 1

---------------------------------------------------------------
[ 2023-09-08T18:08:04+08:00 ] [ log ] at522.icu/99/ [运行时间：0.011342s][吞吐率：88.17req/s] [内存消耗：1,865.34kb] [文件加载：51]
[ error ] [8]未定义数组下标: 1

---------------------------------------------------------------
[ 2023-09-08T18:08:05+08:00 ] [ log ] at522.icu/99/ [运行时间：0.011164s][吞吐率：89.57req/s] [内存消耗：1,865.34kb] [文件加载：51]
[ error ] [8]未定义数组下标: 1

---------------------------------------------------------------
[ 2023-09-08T18:09:59+08:00 ] [ log ] at522.icu/99/ [运行时间：0.015881s][吞吐率：62.97req/s] [内存消耗：1,865.34kb] [文件加载：51]
[ error ] [8]未定义数组下标: 1

---------------------------------------------------------------
[ 2023-09-08T18:09:59+08:00 ] [ log ] at522.icu/99/ [运行时间：0.011354s][吞吐率：88.07req/s] [内存消耗：1,865.34kb] [文件加载：51]
[ error ] [8]未定义数组下标: 1

---------------------------------------------------------------
[ 2023-09-08T18:09:59+08:00 ] [ log ] at522.icu/99/ [运行时间：0.011098s][吞吐率：90.11req/s] [内存消耗：1,865.34kb] [文件加载：51]
[ error ] [8]未定义数组下标: 1

---------------------------------------------------------------
[ 2023-09-08T18:10:02+08:00 ] [ log ] at522.icu/99/ [运行时间：0.029171s][吞吐率：34.28req/s] [内存消耗：1,865.34kb] [文件加载：51]
[ error ] [8]未定义数组下标: 1

---------------------------------------------------------------
[ 2023-09-08T18:10:03+08:00 ] [ log ] at522.icu/99/ [运行时间：0.014664s][吞吐率：68.19req/s] [内存消耗：1,865.34kb] [文件加载：51]
[ error ] [8]未定义数组下标: 1

---------------------------------------------------------------
[ 2023-09-08T18:10:03+08:00 ] [ log ] at522.icu/99/ [运行时间：0.010664s][吞吐率：93.77req/s] [内存消耗：1,865.34kb] [文件加载：51]
[ error ] [8]未定义数组下标: 1

---------------------------------------------------------------
[ 2023-09-08T18:10:04+08:00 ] [ log ] at522.icu/99/favicon.ico [运行时间：0.009900s][吞吐率：101.01req/s] [内存消耗：1,650.74kb] [文件加载：44]
[ error ] [8]未定义数组下标: 1

---------------------------------------------------------------
[ 2023-09-08T18:10:04+08:00 ] [ log ] at522.icu/99/favicon.ico [运行时间：0.009277s][吞吐率：107.79req/s] [内存消耗：1,650.74kb] [文件加载：44]
[ error ] [8]未定义数组下标: 1

---------------------------------------------------------------
[ 2023-09-08T18:10:26+08:00 ] [ log ] at522.icu/99/ [运行时间：0.029118s][吞吐率：34.34req/s] [内存消耗：1,865.34kb] [文件加载：51]
[ error ] [8]未定义数组下标: 1

---------------------------------------------------------------
[ 2023-09-08T18:10:30+08:00 ] [ log ] at522.icu/99/index/open.html [运行时间：0.010597s][吞吐率：94.37req/s] [内存消耗：1,865.12kb] [文件加载：50]
[ error ] [8]未定义数组下标: 1

---------------------------------------------------------------
[ 2023-09-08T18:10:30+08:00 ] [ log ] at522.icu/99/favicon.ico [运行时间：0.009434s][吞吐率：106.00req/s] [内存消耗：1,650.74kb] [文件加载：44]
[ error ] [8]未定义数组下标: 1

---------------------------------------------------------------
[ 2023-09-08T18:10:30+08:00 ] [ log ] at522.icu/99/index/open.html [运行时间：0.010831s][吞吐率：92.33req/s] [内存消耗：1,865.12kb] [文件加载：50]
[ error ] [8]未定义数组下标: 1

---------------------------------------------------------------
[ 2023-09-08T18:10:30+08:00 ] [ log ] at522.icu/99/favicon.ico [运行时间：0.009077s][吞吐率：110.17req/s] [内存消耗：1,650.74kb] [文件加载：44]
[ error ] [8]未定义数组下标: 1

---------------------------------------------------------------
[ 2023-09-08T18:10:35+08:00 ] [ log ] at522.icu/99/index/open.html [运行时间：0.010514s][吞吐率：95.11req/s] [内存消耗：1,865.12kb] [文件加载：50]
[ error ] [8]未定义数组下标: 1

---------------------------------------------------------------
[ 2023-09-08T18:21:59+08:00 ] [ log ] at522.icu/99/ [运行时间：0.015034s][吞吐率：66.52req/s] [内存消耗：1,865.34kb] [文件加载：51]
[ error ] [8]未定义数组下标: 1

---------------------------------------------------------------
[ 2023-09-08T18:22:00+08:00 ] [ log ] at522.icu/99/favicon.ico [运行时间：0.009699s][吞吐率：103.10req/s] [内存消耗：1,650.74kb] [文件加载：44]
[ error ] [8]未定义数组下标: 1

---------------------------------------------------------------
[ 2023-09-08T18:22:02+08:00 ] [ log ] at522.icu/99/index/open.html [运行时间：0.010632s][吞吐率：94.06req/s] [内存消耗：1,865.12kb] [文件加载：50]
[ error ] [8]未定义数组下标: 1

---------------------------------------------------------------
[ 2023-09-08T18:53:43+08:00 ] [ log ] at522.icu/99/ [运行时间：0.011366s][吞吐率：87.98req/s] [内存消耗：1,864.80kb] [文件加载：51]
[ error ] [8]未定义数组下标: 1

---------------------------------------------------------------
[ 2023-09-08T18:53:44+08:00 ] [ log ] at522.icu/99/ [运行时间：0.013399s][吞吐率：74.63req/s] [内存消耗：1,864.80kb] [文件加载：51]
[ error ] [8]未定义数组下标: 1

---------------------------------------------------------------
[ 2023-09-08T18:53:44+08:00 ] [ log ] at522.icu/99/ [运行时间：0.011513s][吞吐率：86.86req/s] [内存消耗：1,864.80kb] [文件加载：51]
[ error ] [8]未定义数组下标: 1

---------------------------------------------------------------
[ 2023-09-08T18:53:44+08:00 ] [ log ] at522.icu/99/ [运行时间：0.010877s][吞吐率：91.94req/s] [内存消耗：1,864.80kb] [文件加载：51]
[ error ] [8]未定义数组下标: 1

---------------------------------------------------------------
[ 2023-09-08T18:53:44+08:00 ] [ log ] at522.icu/99/ [运行时间：0.011509s][吞吐率：86.89req/s] [内存消耗：1,864.80kb] [文件加载：51]
[ error ] [8]未定义数组下标: 1

---------------------------------------------------------------
[ 2023-09-08T18:53:44+08:00 ] [ log ] at522.icu/99/ [运行时间：0.010705s][吞吐率：93.41req/s] [内存消耗：1,864.80kb] [文件加载：51]
[ error ] [8]未定义数组下标: 1

---------------------------------------------------------------
[ 2023-09-08T18:53:45+08:00 ] [ log ] at522.icu/99/ [运行时间：0.011217s][吞吐率：89.15req/s] [内存消耗：1,864.80kb] [文件加载：51]
[ error ] [8]未定义数组下标: 1

---------------------------------------------------------------
[ 2023-09-08T18:53:45+08:00 ] [ log ] at522.icu/99/favicon.ico [运行时间：0.010051s][吞吐率：99.49req/s] [内存消耗：1,650.74kb] [文件加载：44]
[ error ] [8]未定义数组下标: 1

---------------------------------------------------------------
[ 2023-09-08T18:53:45+08:00 ] [ log ] at522.icu/99/favicon.ico [运行时间：0.009296s][吞吐率：107.57req/s] [内存消耗：1,650.74kb] [文件加载：44]
[ error ] [8]未定义数组下标: 1

---------------------------------------------------------------
[ 2023-09-08T18:53:45+08:00 ] [ log ] at522.icu/99/favicon.ico [运行时间：0.009368s][吞吐率：106.75req/s] [内存消耗：1,650.74kb] [文件加载：44]
[ error ] [8]未定义数组下标: 1

---------------------------------------------------------------
[ 2023-09-08T18:53:45+08:00 ] [ log ] at522.icu/99/favicon.ico [运行时间：0.009379s][吞吐率：106.62req/s] [内存消耗：1,650.74kb] [文件加载：44]
[ error ] [8]未定义数组下标: 1

---------------------------------------------------------------
[ 2023-09-08T18:53:47+08:00 ] [ log ] at522.icu/99/index/open.html [运行时间：0.013790s][吞吐率：72.52req/s] [内存消耗：1,865.12kb] [文件加载：50]
[ error ] [8]未定义数组下标: 1

---------------------------------------------------------------
[ 2023-09-08T19:25:55+08:00 ] [ log ] at522.icu/99/ [运行时间：0.011493s][吞吐率：87.01req/s] [内存消耗：1,865.34kb] [文件加载：51]
[ error ] [8]未定义数组下标: 1

---------------------------------------------------------------
[ 2023-09-08T19:25:55+08:00 ] [ log ] at522.icu/99/favicon.ico [运行时间：0.015261s][吞吐率：65.53req/s] [内存消耗：1,650.74kb] [文件加载：44]
[ error ] [8]未定义数组下标: 1

---------------------------------------------------------------
[ 2023-09-08T19:25:58+08:00 ] [ log ] at522.icu/99/index/open.html [运行时间：0.016620s][吞吐率：60.17req/s] [内存消耗：1,865.12kb] [文件加载：50]
[ error ] [8]未定义数组下标: 1

---------------------------------------------------------------
[ 2023-09-08T20:41:20+08:00 ] [ log ] at522.icu/99/ [运行时间：0.034924s][吞吐率：28.63req/s] [内存消耗：1,865.34kb] [文件加载：51]
[ error ] [8]未定义数组下标: 1

---------------------------------------------------------------
[ 2023-09-08T20:41:23+08:00 ] [ log ] at522.icu/99/favicon.ico [运行时间：0.009264s][吞吐率：107.94req/s] [内存消耗：1,650.74kb] [文件加载：44]
[ error ] [8]未定义数组下标: 1

---------------------------------------------------------------
[ 2023-09-08T20:41:25+08:00 ] [ log ] at522.icu/99/index/open.html [运行时间：0.013364s][吞吐率：74.83req/s] [内存消耗：1,865.12kb] [文件加载：50]
[ error ] [8]未定义数组下标: 1

---------------------------------------------------------------
[ 2023-09-08T23:32:07+08:00 ] [ log ] at522.icu/99/ [运行时间：0.020790s][吞吐率：48.10req/s] [内存消耗：1,865.34kb] [文件加载：51]
[ error ] [8]未定义数组下标: 1

---------------------------------------------------------------
[ 2023-09-08T23:32:08+08:00 ] [ log ] at522.icu/99/favicon.ico [运行时间：0.018542s][吞吐率：53.93req/s] [内存消耗：1,650.74kb] [文件加载：44]
[ error ] [8]未定义数组下标: 1

---------------------------------------------------------------
[ 2023-09-08T23:32:11+08:00 ] [ log ] at522.icu/99/index/open.html [运行时间：0.020091s][吞吐率：49.77req/s] [内存消耗：1,865.12kb] [文件加载：50]
[ error ] [8]未定义数组下标: 1

---------------------------------------------------------------
