[ 2023-09-09T09:15:10+08:00 ] [ log ] at666.icu/99/index/open.html [运行时间：0.029306s][吞吐率：34.12req/s] [内存消耗：1,865.65kb] [文件加载：50]
[ error ] [8]未定义数组下标: 1

---------------------------------------------------------------
[ 2023-09-09T09:16:21+08:00 ] [ log ] at666.icu/99/index/open.html [运行时间：0.014635s][吞吐率：68.33req/s] [内存消耗：1,865.15kb] [文件加载：50]
[ error ] [8]未定义数组下标: 1

---------------------------------------------------------------
[ 2023-09-09T09:29:15+08:00 ] [ log ] asd123111.icu/99/?uc_sm=1 [运行时间：0.010901s][吞吐率：91.73req/s] [内存消耗：1,865.98kb] [文件加载：51]
[ error ] [8]未定义数组下标: 1

---------------------------------------------------------------
[ 2023-09-09T09:31:40+08:00 ] [ log ] at522.icu/99/ [运行时间：0.011705s][吞吐率：85.43req/s] [内存消耗：1,865.34kb] [文件加载：51]
[ error ] [8]未定义数组下标: 1

---------------------------------------------------------------
[ 2023-09-09T09:31:43+08:00 ] [ log ] at522.icu/99/ [运行时间：0.010788s][吞吐率：92.70req/s] [内存消耗：1,865.34kb] [文件加载：51]
[ error ] [8]未定义数组下标: 1

---------------------------------------------------------------
[ 2023-09-09T09:31:45+08:00 ] [ log ] at522.icu/99/ [运行时间：0.011452s][吞吐率：87.32req/s] [内存消耗：1,865.34kb] [文件加载：51]
[ error ] [8]未定义数组下标: 1

---------------------------------------------------------------
[ 2023-09-09T09:31:46+08:00 ] [ log ] at522.icu/99/ [运行时间：0.025278s][吞吐率：39.56req/s] [内存消耗：1,865.34kb] [文件加载：51]
[ error ] [8]未定义数组下标: 1

---------------------------------------------------------------
[ 2023-09-09T09:31:47+08:00 ] [ log ] at522.icu/99/ [运行时间：0.031363s][吞吐率：31.88req/s] [内存消耗：1,865.34kb] [文件加载：51]
[ error ] [8]未定义数组下标: 1

---------------------------------------------------------------
[ 2023-09-09T09:31:48+08:00 ] [ log ] at522.icu/99/ [运行时间：0.012769s][吞吐率：78.31req/s] [内存消耗：1,865.34kb] [文件加载：51]
[ error ] [8]未定义数组下标: 1

---------------------------------------------------------------
[ 2023-09-09T09:31:48+08:00 ] [ log ] at522.icu/99/ [运行时间：0.013550s][吞吐率：73.80req/s] [内存消耗：1,865.34kb] [文件加载：51]
[ error ] [8]未定义数组下标: 1

---------------------------------------------------------------
[ 2023-09-09T09:31:48+08:00 ] [ log ] at522.icu/99/ [运行时间：0.021764s][吞吐率：45.95req/s] [内存消耗：1,865.34kb] [文件加载：51]
[ error ] [8]未定义数组下标: 1

---------------------------------------------------------------
[ 2023-09-09T09:31:48+08:00 ] [ log ] at522.icu/99/ [运行时间：0.014977s][吞吐率：66.77req/s] [内存消耗：1,865.34kb] [文件加载：51]
[ error ] [8]未定义数组下标: 1

---------------------------------------------------------------
[ 2023-09-09T09:31:48+08:00 ] [ log ] at522.icu/99/ [运行时间：0.010927s][吞吐率：91.52req/s] [内存消耗：1,865.34kb] [文件加载：51]
[ error ] [8]未定义数组下标: 1

---------------------------------------------------------------
[ 2023-09-09T09:31:49+08:00 ] [ log ] at522.icu/99/ [运行时间：0.011540s][吞吐率：86.66req/s] [内存消耗：1,865.34kb] [文件加载：51]
[ error ] [8]未定义数组下标: 1

---------------------------------------------------------------
[ 2023-09-09T09:31:49+08:00 ] [ log ] at522.icu/99/ [运行时间：0.012001s][吞吐率：83.33req/s] [内存消耗：1,865.34kb] [文件加载：51]
[ error ] [8]未定义数组下标: 1

---------------------------------------------------------------
[ 2023-09-09T09:31:50+08:00 ] [ log ] at522.icu/99/ [运行时间：0.011113s][吞吐率：89.98req/s] [内存消耗：1,865.34kb] [文件加载：51]
[ error ] [8]未定义数组下标: 1

---------------------------------------------------------------
[ 2023-09-09T09:31:50+08:00 ] [ log ] at522.icu/99/ [运行时间：0.015231s][吞吐率：65.65req/s] [内存消耗：1,865.34kb] [文件加载：51]
[ error ] [8]未定义数组下标: 1

---------------------------------------------------------------
[ 2023-09-09T09:31:50+08:00 ] [ log ] at522.icu/99/ [运行时间：0.014321s][吞吐率：69.83req/s] [内存消耗：1,865.34kb] [文件加载：51]
[ error ] [8]未定义数组下标: 1

---------------------------------------------------------------
[ 2023-09-09T09:31:51+08:00 ] [ log ] at522.icu/99/ [运行时间：0.011416s][吞吐率：87.60req/s] [内存消耗：1,865.34kb] [文件加载：51]
[ error ] [8]未定义数组下标: 1

---------------------------------------------------------------
[ 2023-09-09T09:31:51+08:00 ] [ log ] at522.icu/99/ [运行时间：0.011376s][吞吐率：87.90req/s] [内存消耗：1,865.34kb] [文件加载：51]
[ error ] [8]未定义数组下标: 1

---------------------------------------------------------------
[ 2023-09-09T09:31:51+08:00 ] [ log ] at522.icu/99/ [运行时间：0.011486s][吞吐率：87.06req/s] [内存消耗：1,865.34kb] [文件加载：51]
[ error ] [8]未定义数组下标: 1

---------------------------------------------------------------
[ 2023-09-09T09:31:51+08:00 ] [ log ] at522.icu/99/ [运行时间：0.015327s][吞吐率：65.24req/s] [内存消耗：1,865.34kb] [文件加载：51]
[ error ] [8]未定义数组下标: 1

---------------------------------------------------------------
[ 2023-09-09T09:31:51+08:00 ] [ log ] at522.icu/99/ [运行时间：0.011049s][吞吐率：90.51req/s] [内存消耗：1,865.34kb] [文件加载：51]
[ error ] [8]未定义数组下标: 1

---------------------------------------------------------------
[ 2023-09-09T09:31:52+08:00 ] [ log ] at522.icu/99/ [运行时间：0.011581s][吞吐率：86.35req/s] [内存消耗：1,865.34kb] [文件加载：51]
[ error ] [8]未定义数组下标: 1

---------------------------------------------------------------
[ 2023-09-09T09:31:52+08:00 ] [ log ] at522.icu/99/ [运行时间：0.010854s][吞吐率：92.13req/s] [内存消耗：1,865.34kb] [文件加载：51]
[ error ] [8]未定义数组下标: 1

---------------------------------------------------------------
[ 2023-09-09T09:31:52+08:00 ] [ log ] at522.icu/99/ [运行时间：0.010909s][吞吐率：91.67req/s] [内存消耗：1,865.34kb] [文件加载：51]
[ error ] [8]未定义数组下标: 1

---------------------------------------------------------------
[ 2023-09-09T09:31:52+08:00 ] [ log ] at522.icu/99/ [运行时间：0.010961s][吞吐率：91.23req/s] [内存消耗：1,865.34kb] [文件加载：51]
[ error ] [8]未定义数组下标: 1

---------------------------------------------------------------
[ 2023-09-09T09:32:00+08:00 ] [ log ] at522.icu/99/ [运行时间：0.012775s][吞吐率：78.28req/s] [内存消耗：1,865.34kb] [文件加载：51]
[ error ] [8]未定义数组下标: 1

---------------------------------------------------------------
[ 2023-09-09T09:32:06+08:00 ] [ log ] at522.icu/99/ [运行时间：0.026454s][吞吐率：37.80req/s] [内存消耗：1,865.34kb] [文件加载：51]
[ error ] [8]未定义数组下标: 1

---------------------------------------------------------------
[ 2023-09-09T09:32:20+08:00 ] [ log ] at522.icu/99/ [运行时间：0.010674s][吞吐率：93.69req/s] [内存消耗：1,865.34kb] [文件加载：51]
[ error ] [8]未定义数组下标: 1

---------------------------------------------------------------
[ 2023-09-09T09:32:20+08:00 ] [ log ] at522.icu/99/ [运行时间：0.011352s][吞吐率：88.09req/s] [内存消耗：1,865.34kb] [文件加载：51]
[ error ] [8]未定义数组下标: 1

---------------------------------------------------------------
[ 2023-09-09T09:32:20+08:00 ] [ log ] at522.icu/99/favicon.ico [运行时间：0.009307s][吞吐率：107.45req/s] [内存消耗：1,650.74kb] [文件加载：44]
[ error ] [8]未定义数组下标: 1

---------------------------------------------------------------
[ 2023-09-09T09:32:20+08:00 ] [ log ] at522.icu/99/favicon.ico [运行时间：0.009663s][吞吐率：103.49req/s] [内存消耗：1,650.74kb] [文件加载：44]
[ error ] [8]未定义数组下标: 1

---------------------------------------------------------------
[ 2023-09-09T09:32:20+08:00 ] [ log ] at522.icu/99/favicon.ico [运行时间：0.009497s][吞吐率：105.29req/s] [内存消耗：1,650.74kb] [文件加载：44]
[ error ] [8]未定义数组下标: 1

---------------------------------------------------------------
[ 2023-09-09T09:32:20+08:00 ] [ log ] at522.icu/99/favicon.ico [运行时间：0.009292s][吞吐率：107.62req/s] [内存消耗：1,650.74kb] [文件加载：44]
[ error ] [8]未定义数组下标: 1

---------------------------------------------------------------
[ 2023-09-09T09:32:20+08:00 ] [ log ] at522.icu/99/favicon.ico [运行时间：0.011778s][吞吐率：84.90req/s] [内存消耗：1,650.74kb] [文件加载：44]
[ error ] [8]未定义数组下标: 1

---------------------------------------------------------------
[ 2023-09-09T09:32:20+08:00 ] [ log ] at522.icu/99/favicon.ico [运行时间：0.009374s][吞吐率：106.68req/s] [内存消耗：1,650.74kb] [文件加载：44]
[ error ] [8]未定义数组下标: 1

---------------------------------------------------------------
[ 2023-09-09T09:32:20+08:00 ] [ log ] at522.icu/99/favicon.ico [运行时间：0.009585s][吞吐率：104.33req/s] [内存消耗：1,650.74kb] [文件加载：44]
[ error ] [8]未定义数组下标: 1

---------------------------------------------------------------
[ 2023-09-09T09:32:22+08:00 ] [ log ] at522.icu/99/index/open.html [运行时间：0.011218s][吞吐率：89.14req/s] [内存消耗：1,865.12kb] [文件加载：50]
[ error ] [8]未定义数组下标: 1

---------------------------------------------------------------
[ 2023-09-09T09:32:22+08:00 ] [ log ] at522.icu/99/index/open.html [运行时间：0.016323s][吞吐率：61.26req/s] [内存消耗：1,865.12kb] [文件加载：50]
[ error ] [8]未定义数组下标: 1

---------------------------------------------------------------
[ 2023-09-09T09:32:22+08:00 ] [ log ] at522.icu/99/index/open.html [运行时间：0.014536s][吞吐率：68.80req/s] [内存消耗：1,865.12kb] [文件加载：50]
[ error ] [8]未定义数组下标: 1

---------------------------------------------------------------
[ 2023-09-09T09:32:22+08:00 ] [ log ] at522.icu/99/index/open.html [运行时间：0.012888s][吞吐率：77.59req/s] [内存消耗：1,865.12kb] [文件加载：50]
[ error ] [8]未定义数组下标: 1

---------------------------------------------------------------
[ 2023-09-09T09:32:22+08:00 ] [ log ] at522.icu/99/index/open.html [运行时间：0.010684s][吞吐率：93.60req/s] [内存消耗：1,865.12kb] [文件加载：50]
[ error ] [8]未定义数组下标: 1

---------------------------------------------------------------
[ 2023-09-09T09:32:22+08:00 ] [ log ] at522.icu/99/index/open.html [运行时间：0.011216s][吞吐率：89.16req/s] [内存消耗：1,865.12kb] [文件加载：50]
[ error ] [8]未定义数组下标: 1

---------------------------------------------------------------
[ 2023-09-09T09:32:22+08:00 ] [ log ] at522.icu/99/index/open.html [运行时间：0.010661s][吞吐率：93.80req/s] [内存消耗：1,865.12kb] [文件加载：50]
[ error ] [8]未定义数组下标: 1

---------------------------------------------------------------
[ 2023-09-09T09:32:22+08:00 ] [ log ] at522.icu/99/index/open.html [运行时间：0.011725s][吞吐率：85.29req/s] [内存消耗：1,865.12kb] [文件加载：50]
[ error ] [8]未定义数组下标: 1

---------------------------------------------------------------
[ 2023-09-09T09:32:26+08:00 ] [ log ] at522.icu/99/index/open.html [运行时间：0.010662s][吞吐率：93.79req/s] [内存消耗：1,865.12kb] [文件加载：50]
[ error ] [8]未定义数组下标: 1

---------------------------------------------------------------
[ 2023-09-09T10:27:04+08:00 ] [ log ] at521.icu/99/ [运行时间：0.010873s][吞吐率：91.97req/s] [内存消耗：1,865.34kb] [文件加载：51]
[ error ] [8]未定义数组下标: 1

---------------------------------------------------------------
[ 2023-09-09T10:27:05+08:00 ] [ log ] at521.icu/99/ [运行时间：0.010948s][吞吐率：91.34req/s] [内存消耗：1,865.34kb] [文件加载：51]
[ error ] [8]未定义数组下标: 1

---------------------------------------------------------------
[ 2023-09-09T11:18:05+08:00 ] [ log ] at522.icu/99/ [运行时间：0.011604s][吞吐率：86.18req/s] [内存消耗：1,865.34kb] [文件加载：51]
[ error ] [8]未定义数组下标: 1

---------------------------------------------------------------
[ 2023-09-09T11:18:06+08:00 ] [ log ] at522.icu/99/favicon.ico [运行时间：0.012272s][吞吐率：81.49req/s] [内存消耗：1,650.74kb] [文件加载：44]
[ error ] [8]未定义数组下标: 1

---------------------------------------------------------------
[ 2023-09-09T11:18:09+08:00 ] [ log ] at522.icu/99/index/open.html [运行时间：0.010780s][吞吐率：92.77req/s] [内存消耗：1,865.12kb] [文件加载：50]
[ error ] [8]未定义数组下标: 1

---------------------------------------------------------------
[ 2023-09-09T11:18:21+08:00 ] [ log ] at522.icu/99/ [运行时间：0.010814s][吞吐率：92.47req/s] [内存消耗：1,865.34kb] [文件加载：51]
[ error ] [8]未定义数组下标: 1

---------------------------------------------------------------
[ 2023-09-09T11:18:26+08:00 ] [ log ] at522.icu/99/favicon.ico [运行时间：0.009920s][吞吐率：100.81req/s] [内存消耗：1,650.74kb] [文件加载：44]
[ error ] [8]未定义数组下标: 1

---------------------------------------------------------------
[ 2023-09-09T11:18:28+08:00 ] [ log ] at522.icu/99/index/open.html [运行时间：0.011175s][吞吐率：89.48req/s] [内存消耗：1,865.12kb] [文件加载：50]
[ error ] [8]未定义数组下标: 1

---------------------------------------------------------------
[ 2023-09-09T11:19:52+08:00 ] [ log ] at666.icu/99/index/open.html [运行时间：0.010631s][吞吐率：94.06req/s] [内存消耗：1,865.65kb] [文件加载：50]
[ error ] [8]未定义数组下标: 1

---------------------------------------------------------------
[ 2023-09-09T11:36:20+08:00 ] [ log ] at521.icu/99/ [运行时间：0.011768s][吞吐率：84.98req/s] [内存消耗：1,865.34kb] [文件加载：51]
[ error ] [8]未定义数组下标: 1

---------------------------------------------------------------
[ 2023-09-09T11:36:23+08:00 ] [ log ] at521.icu/99/ [运行时间：0.010887s][吞吐率：91.85req/s] [内存消耗：1,865.34kb] [文件加载：51]
[ error ] [8]未定义数组下标: 1

---------------------------------------------------------------
[ 2023-09-09T11:36:23+08:00 ] [ log ] at521.icu/99/ [运行时间：0.011815s][吞吐率：84.64req/s] [内存消耗：1,865.34kb] [文件加载：51]
[ error ] [8]未定义数组下标: 1

---------------------------------------------------------------
[ 2023-09-09T11:36:23+08:00 ] [ log ] at521.icu/99/ [运行时间：0.010851s][吞吐率：92.16req/s] [内存消耗：1,865.34kb] [文件加载：51]
[ error ] [8]未定义数组下标: 1

---------------------------------------------------------------
[ 2023-09-09T11:36:29+08:00 ] [ log ] at521.icu/99/ [运行时间：0.011141s][吞吐率：89.76req/s] [内存消耗：1,865.34kb] [文件加载：51]
[ error ] [8]未定义数组下标: 1

---------------------------------------------------------------
[ 2023-09-09T11:36:30+08:00 ] [ log ] at521.icu/99/ [运行时间：0.011339s][吞吐率：88.19req/s] [内存消耗：1,865.34kb] [文件加载：51]
[ error ] [8]未定义数组下标: 1

---------------------------------------------------------------
[ 2023-09-09T11:36:30+08:00 ] [ log ] at521.icu/99/ [运行时间：0.014867s][吞吐率：67.26req/s] [内存消耗：1,865.34kb] [文件加载：51]
[ error ] [8]未定义数组下标: 1

---------------------------------------------------------------
[ 2023-09-09T11:36:30+08:00 ] [ log ] at521.icu/99/ [运行时间：0.011304s][吞吐率：88.46req/s] [内存消耗：1,865.34kb] [文件加载：51]
[ error ] [8]未定义数组下标: 1

---------------------------------------------------------------
[ 2023-09-09T11:36:30+08:00 ] [ log ] at521.icu/99/ [运行时间：0.011035s][吞吐率：90.62req/s] [内存消耗：1,865.34kb] [文件加载：51]
[ error ] [8]未定义数组下标: 1

---------------------------------------------------------------
[ 2023-09-09T11:56:55+08:00 ] [ log ] at666.icu/99/ [运行时间：0.037880s][吞吐率：26.40req/s] [内存消耗：1,865.34kb] [文件加载：51]
[ error ] [8]未定义数组下标: 1

---------------------------------------------------------------
[ 2023-09-09T11:59:17+08:00 ] [ log ] at522.icu/99/ [运行时间：0.010922s][吞吐率：91.56req/s] [内存消耗：1,865.34kb] [文件加载：51]
[ error ] [8]未定义数组下标: 1

---------------------------------------------------------------
[ 2023-09-09T11:59:18+08:00 ] [ log ] at522.icu/99/favicon.ico [运行时间：0.009363s][吞吐率：106.80req/s] [内存消耗：1,650.74kb] [文件加载：44]
[ error ] [8]未定义数组下标: 1

---------------------------------------------------------------
[ 2023-09-09T11:59:20+08:00 ] [ log ] at522.icu/99/index/open.html [运行时间：0.010745s][吞吐率：93.07req/s] [内存消耗：1,865.12kb] [文件加载：50]
[ error ] [8]未定义数组下标: 1

---------------------------------------------------------------
[ 2023-09-09T12:10:26+08:00 ] [ log ] at521.icu/99/ [运行时间：0.010807s][吞吐率：92.53req/s] [内存消耗：1,865.34kb] [文件加载：51]
[ error ] [8]未定义数组下标: 1

---------------------------------------------------------------
[ 2023-09-09T12:10:27+08:00 ] [ log ] at521.icu/99/favicon.ico [运行时间：0.009815s][吞吐率：101.89req/s] [内存消耗：1,650.74kb] [文件加载：44]
[ error ] [8]未定义数组下标: 1

---------------------------------------------------------------
[ 2023-09-09T12:10:30+08:00 ] [ log ] at521.icu/99/index/open.html [运行时间：0.010591s][吞吐率：94.42req/s] [内存消耗：1,865.12kb] [文件加载：50]
[ error ] [8]未定义数组下标: 1

---------------------------------------------------------------
[ 2023-09-09T12:10:39+08:00 ] [ log ] at521.icu/99/index/open.html [运行时间：0.037284s][吞吐率：26.82req/s] [内存消耗：1,865.12kb] [文件加载：50]
[ error ] [8]未定义数组下标: 1

---------------------------------------------------------------
[ 2023-09-09T12:11:06+08:00 ] [ log ] at521.icu/99/ [运行时间：0.013932s][吞吐率：71.78req/s] [内存消耗：1,864.80kb] [文件加载：51]
[ error ] [8]未定义数组下标: 1

---------------------------------------------------------------
[ 2023-09-09T12:11:06+08:00 ] [ log ] at521.icu/99/favicon.ico [运行时间：0.012225s][吞吐率：81.80req/s] [内存消耗：1,650.74kb] [文件加载：44]
[ error ] [8]未定义数组下标: 1

---------------------------------------------------------------
[ 2023-09-09T12:11:08+08:00 ] [ log ] at521.icu/99/index/open.html [运行时间：0.010665s][吞吐率：93.77req/s] [内存消耗：1,865.12kb] [文件加载：50]
[ error ] [8]未定义数组下标: 1

---------------------------------------------------------------
[ 2023-09-09T12:13:02+08:00 ] [ log ] at521.icu/99/ [运行时间：0.010730s][吞吐率：93.20req/s] [内存消耗：1,864.80kb] [文件加载：51]
[ error ] [8]未定义数组下标: 1

---------------------------------------------------------------
[ 2023-09-09T12:13:03+08:00 ] [ log ] at521.icu/99/favicon.ico [运行时间：0.009989s][吞吐率：100.11req/s] [内存消耗：1,650.74kb] [文件加载：44]
[ error ] [8]未定义数组下标: 1

---------------------------------------------------------------
[ 2023-09-09T12:13:04+08:00 ] [ log ] at521.icu/99/index/open.html [运行时间：0.011650s][吞吐率：85.84req/s] [内存消耗：1,865.12kb] [文件加载：50]
[ error ] [8]未定义数组下标: 1

---------------------------------------------------------------
[ 2023-09-09T12:13:37+08:00 ] [ log ] at521.icu/99/ [运行时间：0.015073s][吞吐率：66.34req/s] [内存消耗：1,864.80kb] [文件加载：51]
[ error ] [8]未定义数组下标: 1

---------------------------------------------------------------
[ 2023-09-09T12:13:37+08:00 ] [ log ] at521.icu/99/favicon.ico [运行时间：0.009268s][吞吐率：107.90req/s] [内存消耗：1,650.74kb] [文件加载：44]
[ error ] [8]未定义数组下标: 1

---------------------------------------------------------------
[ 2023-09-09T12:13:40+08:00 ] [ log ] at521.icu/99/index/open.html [运行时间：0.011179s][吞吐率：89.45req/s] [内存消耗：1,865.12kb] [文件加载：50]
[ error ] [8]未定义数组下标: 1

---------------------------------------------------------------
[ 2023-09-09T12:13:51+08:00 ] [ log ] at521.icu/99/ [运行时间：0.011518s][吞吐率：86.82req/s] [内存消耗：1,864.80kb] [文件加载：51]
[ error ] [8]未定义数组下标: 1

---------------------------------------------------------------
[ 2023-09-09T12:13:51+08:00 ] [ log ] at521.icu/99/favicon.ico [运行时间：0.009311s][吞吐率：107.40req/s] [内存消耗：1,650.74kb] [文件加载：44]
[ error ] [8]未定义数组下标: 1

---------------------------------------------------------------
[ 2023-09-09T12:13:53+08:00 ] [ log ] at521.icu/99/index/open.html [运行时间：0.010808s][吞吐率：92.52req/s] [内存消耗：1,865.12kb] [文件加载：50]
[ error ] [8]未定义数组下标: 1

---------------------------------------------------------------
[ 2023-09-09T12:14:04+08:00 ] [ log ] at521.icu/99/index/open.html [运行时间：0.010900s][吞吐率：91.74req/s] [内存消耗：1,865.12kb] [文件加载：50]
[ error ] [8]未定义数组下标: 1

---------------------------------------------------------------
[ 2023-09-09T12:14:15+08:00 ] [ log ] at521.icu/99/ [运行时间：0.010748s][吞吐率：93.04req/s] [内存消耗：1,864.80kb] [文件加载：51]
[ error ] [8]未定义数组下标: 1

---------------------------------------------------------------
[ 2023-09-09T12:14:16+08:00 ] [ log ] at521.icu/99/favicon.ico [运行时间：0.009857s][吞吐率：101.45req/s] [内存消耗：1,650.74kb] [文件加载：44]
[ error ] [8]未定义数组下标: 1

---------------------------------------------------------------
[ 2023-09-09T12:14:17+08:00 ] [ log ] at521.icu/99/index/open.html [运行时间：0.010527s][吞吐率：94.99req/s] [内存消耗：1,865.12kb] [文件加载：50]
[ error ] [8]未定义数组下标: 1

---------------------------------------------------------------
[ 2023-09-09T12:24:29+08:00 ] [ log ] at521.icu/99/ [运行时间：0.015382s][吞吐率：65.01req/s] [内存消耗：1,864.80kb] [文件加载：51]
[ error ] [8]未定义数组下标: 1

---------------------------------------------------------------
[ 2023-09-09T12:24:30+08:00 ] [ log ] at521.icu/99/favicon.ico [运行时间：0.009366s][吞吐率：106.77req/s] [内存消耗：1,650.74kb] [文件加载：44]
[ error ] [8]未定义数组下标: 1

---------------------------------------------------------------
[ 2023-09-09T12:24:32+08:00 ] [ log ] at521.icu/99/index/open.html [运行时间：0.040222s][吞吐率：24.86req/s] [内存消耗：1,865.12kb] [文件加载：50]
[ error ] [8]未定义数组下标: 1

---------------------------------------------------------------
[ 2023-09-09T12:24:50+08:00 ] [ log ] at521.icu/99/index/open.html [运行时间：0.013926s][吞吐率：71.81req/s] [内存消耗：1,865.12kb] [文件加载：50]
[ error ] [8]未定义数组下标: 1

---------------------------------------------------------------
[ 2023-09-09T12:25:46+08:00 ] [ log ] at521.icu/99/ [运行时间：0.010878s][吞吐率：91.93req/s] [内存消耗：1,864.80kb] [文件加载：51]
[ error ] [8]未定义数组下标: 1

---------------------------------------------------------------
[ 2023-09-09T12:25:46+08:00 ] [ log ] at521.icu/99/favicon.ico [运行时间：0.014168s][吞吐率：70.58req/s] [内存消耗：1,650.74kb] [文件加载：44]
[ error ] [8]未定义数组下标: 1

---------------------------------------------------------------
[ 2023-09-09T12:25:50+08:00 ] [ log ] at521.icu/99/index/open.html [运行时间：0.011436s][吞吐率：87.44req/s] [内存消耗：1,865.12kb] [文件加载：50]
[ error ] [8]未定义数组下标: 1

---------------------------------------------------------------
[ 2023-09-09T12:25:55+08:00 ] [ log ] at521.icu/99/index/open.html [运行时间：0.010599s][吞吐率：94.35req/s] [内存消耗：1,865.12kb] [文件加载：50]
[ error ] [8]未定义数组下标: 1

---------------------------------------------------------------
[ 2023-09-09T12:26:04+08:00 ] [ log ] at521.icu/99/ [运行时间：0.011230s][吞吐率：89.05req/s] [内存消耗：1,864.80kb] [文件加载：51]
[ error ] [8]未定义数组下标: 1

---------------------------------------------------------------
[ 2023-09-09T12:26:04+08:00 ] [ log ] at521.icu/99/favicon.ico [运行时间：0.014383s][吞吐率：69.53req/s] [内存消耗：1,650.74kb] [文件加载：44]
[ error ] [8]未定义数组下标: 1

---------------------------------------------------------------
[ 2023-09-09T12:26:06+08:00 ] [ log ] at521.icu/99/index/open.html [运行时间：0.011461s][吞吐率：87.25req/s] [内存消耗：1,865.12kb] [文件加载：50]
[ error ] [8]未定义数组下标: 1

---------------------------------------------------------------
[ 2023-09-09T12:30:38+08:00 ] [ log ] at521.icu/99/ [运行时间：0.017025s][吞吐率：58.74req/s] [内存消耗：1,864.80kb] [文件加载：51]
[ error ] [8]未定义数组下标: 1

---------------------------------------------------------------
[ 2023-09-09T12:30:39+08:00 ] [ log ] at521.icu/99/favicon.ico [运行时间：0.014171s][吞吐率：70.57req/s] [内存消耗：1,650.74kb] [文件加载：44]
[ error ] [8]未定义数组下标: 1

---------------------------------------------------------------
[ 2023-09-09T12:30:40+08:00 ] [ log ] at521.icu/99/index/open.html [运行时间：0.011728s][吞吐率：85.27req/s] [内存消耗：1,865.12kb] [文件加载：50]
[ error ] [8]未定义数组下标: 1

---------------------------------------------------------------
[ 2023-09-09T12:47:44+08:00 ] [ log ] at521.icu/99/ [运行时间：0.032927s][吞吐率：30.37req/s] [内存消耗：1,864.80kb] [文件加载：51]
[ error ] [8]未定义数组下标: 1

---------------------------------------------------------------
[ 2023-09-09T12:47:49+08:00 ] [ log ] at521.icu/99/index/open.html [运行时间：0.011017s][吞吐率：90.77req/s] [内存消耗：1,865.12kb] [文件加载：50]
[ error ] [8]未定义数组下标: 1

---------------------------------------------------------------
[ 2023-09-09T12:48:02+08:00 ] [ log ] at521.icu/99/ [运行时间：0.011143s][吞吐率：89.74req/s] [内存消耗：1,864.80kb] [文件加载：51]
[ error ] [8]未定义数组下标: 1

---------------------------------------------------------------
[ 2023-09-09T12:48:02+08:00 ] [ log ] at521.icu/99/favicon.ico [运行时间：0.011434s][吞吐率：87.46req/s] [内存消耗：1,650.74kb] [文件加载：44]
[ error ] [8]未定义数组下标: 1

---------------------------------------------------------------
[ 2023-09-09T12:48:04+08:00 ] [ log ] at521.icu/99/index/open.html [运行时间：0.032972s][吞吐率：30.33req/s] [内存消耗：1,865.12kb] [文件加载：50]
[ error ] [8]未定义数组下标: 1

---------------------------------------------------------------
[ 2023-09-09T12:48:25+08:00 ] [ log ] at521.icu/99/index/open.html [运行时间：0.039241s][吞吐率：25.48req/s] [内存消耗：1,865.12kb] [文件加载：50]
[ error ] [8]未定义数组下标: 1

---------------------------------------------------------------
[ 2023-09-09T12:48:47+08:00 ] [ log ] at521.icu/99/ [运行时间：0.039499s][吞吐率：25.32req/s] [内存消耗：1,864.80kb] [文件加载：51]
[ error ] [8]未定义数组下标: 1

---------------------------------------------------------------
[ 2023-09-09T12:48:47+08:00 ] [ log ] at521.icu/99/favicon.ico [运行时间：0.015344s][吞吐率：65.17req/s] [内存消耗：1,650.74kb] [文件加载：44]
[ error ] [8]未定义数组下标: 1

---------------------------------------------------------------
[ 2023-09-09T12:48:49+08:00 ] [ log ] at521.icu/99/index/open.html [运行时间：0.022873s][吞吐率：43.72req/s] [内存消耗：1,865.12kb] [文件加载：50]
[ error ] [8]未定义数组下标: 1

---------------------------------------------------------------
[ 2023-09-09T12:49:22+08:00 ] [ log ] at521.icu/99/ [运行时间：0.039975s][吞吐率：25.02req/s] [内存消耗：1,864.80kb] [文件加载：51]
[ error ] [8]未定义数组下标: 1

---------------------------------------------------------------
[ 2023-09-09T12:49:22+08:00 ] [ log ] at521.icu/99/favicon.ico [运行时间：0.009802s][吞吐率：102.02req/s] [内存消耗：1,650.74kb] [文件加载：44]
[ error ] [8]未定义数组下标: 1

---------------------------------------------------------------
[ 2023-09-09T12:49:24+08:00 ] [ log ] at521.icu/99/index/open.html [运行时间：0.010897s][吞吐率：91.77req/s] [内存消耗：1,865.12kb] [文件加载：50]
[ error ] [8]未定义数组下标: 1

---------------------------------------------------------------
[ 2023-09-09T12:49:40+08:00 ] [ log ] at521.icu/99/ [运行时间：0.015252s][吞吐率：65.57req/s] [内存消耗：1,864.80kb] [文件加载：51]
[ error ] [8]未定义数组下标: 1

---------------------------------------------------------------
[ 2023-09-09T12:49:40+08:00 ] [ log ] at521.icu/99/favicon.ico [运行时间：0.010209s][吞吐率：97.95req/s] [内存消耗：1,650.74kb] [文件加载：44]
[ error ] [8]未定义数组下标: 1

---------------------------------------------------------------
[ 2023-09-09T12:49:43+08:00 ] [ log ] at521.icu/99/index/open.html [运行时间：0.014542s][吞吐率：68.77req/s] [内存消耗：1,865.12kb] [文件加载：50]
[ error ] [8]未定义数组下标: 1

---------------------------------------------------------------
[ 2023-09-09T12:50:06+08:00 ] [ log ] at521.icu/99/index/open.html [运行时间：0.010716s][吞吐率：93.32req/s] [内存消耗：1,865.12kb] [文件加载：50]
[ error ] [8]未定义数组下标: 1

---------------------------------------------------------------
[ 2023-09-09T12:50:23+08:00 ] [ log ] at521.icu/99/ [运行时间：0.017311s][吞吐率：57.77req/s] [内存消耗：1,864.80kb] [文件加载：51]
[ error ] [8]未定义数组下标: 1

---------------------------------------------------------------
[ 2023-09-09T12:50:24+08:00 ] [ log ] at521.icu/99/favicon.ico [运行时间：0.012968s][吞吐率：77.11req/s] [内存消耗：1,650.74kb] [文件加载：44]
[ error ] [8]未定义数组下标: 1

---------------------------------------------------------------
[ 2023-09-09T12:50:25+08:00 ] [ log ] at521.icu/99/index/open.html [运行时间：0.010856s][吞吐率：92.11req/s] [内存消耗：1,865.12kb] [文件加载：50]
[ error ] [8]未定义数组下标: 1

---------------------------------------------------------------
[ 2023-09-09T12:50:32+08:00 ] [ log ] at521.icu/99/index/open.html [运行时间：0.010945s][吞吐率：91.37req/s] [内存消耗：1,865.12kb] [文件加载：50]
[ error ] [8]未定义数组下标: 1

---------------------------------------------------------------
[ 2023-09-09T12:50:52+08:00 ] [ log ] at521.icu/99/index/open.html [运行时间：0.013609s][吞吐率：73.48req/s] [内存消耗：1,865.12kb] [文件加载：50]
[ error ] [8]未定义数组下标: 1

---------------------------------------------------------------
[ 2023-09-09T12:51:52+08:00 ] [ log ] at521.icu/99/ [运行时间：0.014567s][吞吐率：68.65req/s] [内存消耗：1,864.80kb] [文件加载：51]
[ error ] [8]未定义数组下标: 1

---------------------------------------------------------------
[ 2023-09-09T12:51:52+08:00 ] [ log ] at521.icu/99/favicon.ico [运行时间：0.032975s][吞吐率：30.33req/s] [内存消耗：1,650.74kb] [文件加载：44]
[ error ] [8]未定义数组下标: 1

---------------------------------------------------------------
[ 2023-09-09T12:51:54+08:00 ] [ log ] at521.icu/99/index/open.html [运行时间：0.011495s][吞吐率：87.00req/s] [内存消耗：1,865.12kb] [文件加载：50]
[ error ] [8]未定义数组下标: 1

---------------------------------------------------------------
[ 2023-09-09T12:52:04+08:00 ] [ log ] at521.icu/99/index/open.html [运行时间：0.011158s][吞吐率：89.62req/s] [内存消耗：1,865.12kb] [文件加载：50]
[ error ] [8]未定义数组下标: 1

---------------------------------------------------------------
[ 2023-09-09T12:52:28+08:00 ] [ log ] at521.icu/99/ [运行时间：0.034564s][吞吐率：28.93req/s] [内存消耗：1,864.80kb] [文件加载：51]
[ error ] [8]未定义数组下标: 1

---------------------------------------------------------------
[ 2023-09-09T12:52:28+08:00 ] [ log ] at521.icu/99/favicon.ico [运行时间：0.009370s][吞吐率：106.73req/s] [内存消耗：1,650.74kb] [文件加载：44]
[ error ] [8]未定义数组下标: 1

---------------------------------------------------------------
[ 2023-09-09T12:52:30+08:00 ] [ log ] at521.icu/99/index/open.html [运行时间：0.013457s][吞吐率：74.31req/s] [内存消耗：1,865.12kb] [文件加载：50]
[ error ] [8]未定义数组下标: 1

---------------------------------------------------------------
[ 2023-09-09T12:55:01+08:00 ] [ log ] at521.icu/99/ [运行时间：0.011318s][吞吐率：88.35req/s] [内存消耗：1,864.80kb] [文件加载：51]
[ error ] [8]未定义数组下标: 1

---------------------------------------------------------------
[ 2023-09-09T12:55:02+08:00 ] [ log ] at521.icu/99/favicon.ico [运行时间：0.014089s][吞吐率：70.98req/s] [内存消耗：1,650.74kb] [文件加载：44]
[ error ] [8]未定义数组下标: 1

---------------------------------------------------------------
[ 2023-09-09T12:55:03+08:00 ] [ log ] at521.icu/99/index/open.html [运行时间：0.015223s][吞吐率：65.69req/s] [内存消耗：1,865.12kb] [文件加载：50]
[ error ] [8]未定义数组下标: 1

---------------------------------------------------------------
[ 2023-09-09T12:56:40+08:00 ] [ log ] at521.icu/99/ [运行时间：0.011080s][吞吐率：90.25req/s] [内存消耗：1,864.80kb] [文件加载：51]
[ error ] [8]未定义数组下标: 1

---------------------------------------------------------------
[ 2023-09-09T12:56:40+08:00 ] [ log ] at521.icu/99/favicon.ico [运行时间：0.009353s][吞吐率：106.92req/s] [内存消耗：1,650.74kb] [文件加载：44]
[ error ] [8]未定义数组下标: 1

---------------------------------------------------------------
[ 2023-09-09T12:56:42+08:00 ] [ log ] at521.icu/99/index/open.html [运行时间：0.013779s][吞吐率：72.57req/s] [内存消耗：1,865.12kb] [文件加载：50]
[ error ] [8]未定义数组下标: 1

---------------------------------------------------------------
[ 2023-09-09T13:04:41+08:00 ] [ log ] at521.icu/99/ [运行时间：0.010809s][吞吐率：92.52req/s] [内存消耗：1,864.80kb] [文件加载：51]
[ error ] [8]未定义数组下标: 1

---------------------------------------------------------------
[ 2023-09-09T13:04:41+08:00 ] [ log ] at521.icu/99/favicon.ico [运行时间：0.009556s][吞吐率：104.65req/s] [内存消耗：1,650.74kb] [文件加载：44]
[ error ] [8]未定义数组下标: 1

---------------------------------------------------------------
[ 2023-09-09T13:04:43+08:00 ] [ log ] at521.icu/99/index/open.html [运行时间：0.017711s][吞吐率：56.46req/s] [内存消耗：1,865.12kb] [文件加载：50]
[ error ] [8]未定义数组下标: 1

---------------------------------------------------------------
[ 2023-09-09T13:05:21+08:00 ] [ log ] at521.icu/99/ [运行时间：0.015273s][吞吐率：65.47req/s] [内存消耗：1,864.80kb] [文件加载：51]
[ error ] [8]未定义数组下标: 1

---------------------------------------------------------------
[ 2023-09-09T13:05:22+08:00 ] [ log ] at521.icu/99/favicon.ico [运行时间：0.034028s][吞吐率：29.39req/s] [内存消耗：1,650.74kb] [文件加载：44]
[ error ] [8]未定义数组下标: 1

---------------------------------------------------------------
[ 2023-09-09T13:05:23+08:00 ] [ log ] at521.icu/99/index/open.html [运行时间：0.015079s][吞吐率：66.32req/s] [内存消耗：1,865.12kb] [文件加载：50]
[ error ] [8]未定义数组下标: 1

---------------------------------------------------------------
[ 2023-09-09T13:06:20+08:00 ] [ log ] at521.icu/99/index/open.html [运行时间：0.011257s][吞吐率：88.83req/s] [内存消耗：1,865.12kb] [文件加载：50]
[ error ] [8]未定义数组下标: 1

---------------------------------------------------------------
[ 2023-09-09T13:06:34+08:00 ] [ log ] at521.icu/99/ [运行时间：0.010864s][吞吐率：92.05req/s] [内存消耗：1,864.80kb] [文件加载：51]
[ error ] [8]未定义数组下标: 1

---------------------------------------------------------------
[ 2023-09-09T13:06:34+08:00 ] [ log ] at521.icu/99/favicon.ico [运行时间：0.009984s][吞吐率：100.16req/s] [内存消耗：1,650.74kb] [文件加载：44]
[ error ] [8]未定义数组下标: 1

---------------------------------------------------------------
[ 2023-09-09T13:06:36+08:00 ] [ log ] at521.icu/99/index/open.html [运行时间：0.014295s][吞吐率：69.96req/s] [内存消耗：1,865.12kb] [文件加载：50]
[ error ] [8]未定义数组下标: 1

---------------------------------------------------------------
[ 2023-09-09T13:06:46+08:00 ] [ log ] at521.icu/99/index/open.html [运行时间：0.021457s][吞吐率：46.60req/s] [内存消耗：1,865.12kb] [文件加载：50]
[ error ] [8]未定义数组下标: 1

---------------------------------------------------------------
[ 2023-09-09T13:06:50+08:00 ] [ log ] at521.icu/99/ [运行时间：0.010968s][吞吐率：91.17req/s] [内存消耗：1,864.80kb] [文件加载：51]
[ error ] [8]未定义数组下标: 1

---------------------------------------------------------------
[ 2023-09-09T13:06:54+08:00 ] [ log ] at521.icu/99/index/open.html [运行时间：0.037764s][吞吐率：26.48req/s] [内存消耗：1,865.12kb] [文件加载：50]
[ error ] [8]未定义数组下标: 1

---------------------------------------------------------------
[ 2023-09-09T13:07:00+08:00 ] [ log ] at521.icu/99/ [运行时间：0.011943s][吞吐率：83.73req/s] [内存消耗：1,864.80kb] [文件加载：51]
[ error ] [8]未定义数组下标: 1

---------------------------------------------------------------
[ 2023-09-09T13:07:00+08:00 ] [ log ] at521.icu/99/favicon.ico [运行时间：0.011348s][吞吐率：88.12req/s] [内存消耗：1,650.74kb] [文件加载：44]
[ error ] [8]未定义数组下标: 1

---------------------------------------------------------------
[ 2023-09-09T13:07:02+08:00 ] [ log ] at521.icu/99/index/open.html [运行时间：0.016237s][吞吐率：61.59req/s] [内存消耗：1,865.12kb] [文件加载：50]
[ error ] [8]未定义数组下标: 1

---------------------------------------------------------------
[ 2023-09-09T13:08:50+08:00 ] [ log ] at521.icu/99/ [运行时间：0.036630s][吞吐率：27.30req/s] [内存消耗：1,864.80kb] [文件加载：51]
[ error ] [8]未定义数组下标: 1

---------------------------------------------------------------
[ 2023-09-09T13:08:50+08:00 ] [ log ] at521.icu/99/favicon.ico [运行时间：0.009605s][吞吐率：104.11req/s] [内存消耗：1,650.74kb] [文件加载：44]
[ error ] [8]未定义数组下标: 1

---------------------------------------------------------------
[ 2023-09-09T13:08:52+08:00 ] [ log ] at521.icu/99/index/open.html [运行时间：0.012664s][吞吐率：78.96req/s] [内存消耗：1,865.12kb] [文件加载：50]
[ error ] [8]未定义数组下标: 1

---------------------------------------------------------------
[ 2023-09-09T13:09:01+08:00 ] [ log ] at521.icu/99/index/open.html [运行时间：0.025138s][吞吐率：39.78req/s] [内存消耗：1,865.12kb] [文件加载：50]
[ error ] [8]未定义数组下标: 1

---------------------------------------------------------------
[ 2023-09-09T13:09:12+08:00 ] [ log ] at521.icu/99/index/open.html [运行时间：0.030822s][吞吐率：32.44req/s] [内存消耗：1,865.12kb] [文件加载：50]
[ error ] [8]未定义数组下标: 1

---------------------------------------------------------------
[ 2023-09-09T13:09:18+08:00 ] [ log ] at521.icu/99/index/open.html [运行时间：0.010923s][吞吐率：91.55req/s] [内存消耗：1,865.12kb] [文件加载：50]
[ error ] [8]未定义数组下标: 1

---------------------------------------------------------------
[ 2023-09-09T13:09:29+08:00 ] [ log ] at521.icu/99/ [运行时间：0.011780s][吞吐率：84.89req/s] [内存消耗：1,864.80kb] [文件加载：51]
[ error ] [8]未定义数组下标: 1

---------------------------------------------------------------
[ 2023-09-09T13:09:30+08:00 ] [ log ] at521.icu/99/favicon.ico [运行时间：0.013185s][吞吐率：75.84req/s] [内存消耗：1,650.74kb] [文件加载：44]
[ error ] [8]未定义数组下标: 1

---------------------------------------------------------------
[ 2023-09-09T13:09:31+08:00 ] [ log ] at521.icu/99/index/open.html [运行时间：0.010828s][吞吐率：92.35req/s] [内存消耗：1,865.12kb] [文件加载：50]
[ error ] [8]未定义数组下标: 1

---------------------------------------------------------------
[ 2023-09-09T13:09:53+08:00 ] [ log ] at521.icu/99/index/open.html [运行时间：0.026323s][吞吐率：37.99req/s] [内存消耗：1,865.12kb] [文件加载：50]
[ error ] [8]未定义数组下标: 1

---------------------------------------------------------------
[ 2023-09-09T13:10:05+08:00 ] [ log ] at521.icu/99/ [运行时间：0.013417s][吞吐率：74.53req/s] [内存消耗：1,864.80kb] [文件加载：51]
[ error ] [8]未定义数组下标: 1

---------------------------------------------------------------
[ 2023-09-09T13:10:06+08:00 ] [ log ] at521.icu/99/favicon.ico [运行时间：0.015059s][吞吐率：66.41req/s] [内存消耗：1,650.74kb] [文件加载：44]
[ error ] [8]未定义数组下标: 1

---------------------------------------------------------------
[ 2023-09-09T13:10:08+08:00 ] [ log ] at521.icu/99/index/open.html [运行时间：0.011807s][吞吐率：84.70req/s] [内存消耗：1,865.12kb] [文件加载：50]
[ error ] [8]未定义数组下标: 1

---------------------------------------------------------------
[ 2023-09-09T13:12:13+08:00 ] [ log ] at521.icu/99/ [运行时间：0.011158s][吞吐率：89.62req/s] [内存消耗：1,865.34kb] [文件加载：51]
[ error ] [8]未定义数组下标: 1

---------------------------------------------------------------
[ 2023-09-09T13:12:14+08:00 ] [ log ] at521.icu/99/favicon.ico [运行时间：0.009423s][吞吐率：106.12req/s] [内存消耗：1,650.74kb] [文件加载：44]
[ error ] [8]未定义数组下标: 1

---------------------------------------------------------------
[ 2023-09-09T13:13:11+08:00 ] [ log ] at521.icu/99/index/open.html [运行时间：0.010875s][吞吐率：91.95req/s] [内存消耗：1,865.12kb] [文件加载：50]
[ error ] [8]未定义数组下标: 1

---------------------------------------------------------------
[ 2023-09-09T13:14:33+08:00 ] [ log ] at521.icu/99/ [运行时间：0.011435s][吞吐率：87.45req/s] [内存消耗：1,864.80kb] [文件加载：51]
[ error ] [8]未定义数组下标: 1

---------------------------------------------------------------
[ 2023-09-09T13:14:34+08:00 ] [ log ] at521.icu/99/favicon.ico [运行时间：0.012752s][吞吐率：78.42req/s] [内存消耗：1,650.74kb] [文件加载：44]
[ error ] [8]未定义数组下标: 1

---------------------------------------------------------------
[ 2023-09-09T13:14:34+08:00 ] [ log ] at521.icu/99/ [运行时间：0.014798s][吞吐率：67.58req/s] [内存消耗：1,864.80kb] [文件加载：51]
[ error ] [8]未定义数组下标: 1

---------------------------------------------------------------
[ 2023-09-09T13:14:35+08:00 ] [ log ] at521.icu/99/favicon.ico [运行时间：0.009509s][吞吐率：105.17req/s] [内存消耗：1,650.74kb] [文件加载：44]
[ error ] [8]未定义数组下标: 1

---------------------------------------------------------------
[ 2023-09-09T13:14:37+08:00 ] [ log ] at521.icu/99/index/open.html [运行时间：0.014403s][吞吐率：69.43req/s] [内存消耗：1,865.12kb] [文件加载：50]
[ error ] [8]未定义数组下标: 1

---------------------------------------------------------------
[ 2023-09-09T13:14:46+08:00 ] [ log ] at521.icu/99/index/open.html [运行时间：0.025403s][吞吐率：39.37req/s] [内存消耗：1,865.12kb] [文件加载：50]
[ error ] [8]未定义数组下标: 1

---------------------------------------------------------------
[ 2023-09-09T13:14:52+08:00 ] [ log ] at521.icu/99/index/open.html [运行时间：0.011122s][吞吐率：89.91req/s] [内存消耗：1,865.12kb] [文件加载：50]
[ error ] [8]未定义数组下标: 1

---------------------------------------------------------------
[ 2023-09-09T13:14:58+08:00 ] [ log ] at521.icu/99/ [运行时间：0.010755s][吞吐率：92.98req/s] [内存消耗：1,864.80kb] [文件加载：51]
[ error ] [8]未定义数组下标: 1

---------------------------------------------------------------
[ 2023-09-09T13:14:58+08:00 ] [ log ] at521.icu/99/favicon.ico [运行时间：0.010027s][吞吐率：99.73req/s] [内存消耗：1,650.74kb] [文件加载：44]
[ error ] [8]未定义数组下标: 1

---------------------------------------------------------------
[ 2023-09-09T13:15:00+08:00 ] [ log ] at521.icu/99/index/open.html [运行时间：0.014368s][吞吐率：69.60req/s] [内存消耗：1,865.12kb] [文件加载：50]
[ error ] [8]未定义数组下标: 1

---------------------------------------------------------------
[ 2023-09-09T13:15:12+08:00 ] [ log ] at521.icu/99/index/open.html [运行时间：0.010947s][吞吐率：91.35req/s] [内存消耗：1,865.12kb] [文件加载：50]
[ error ] [8]未定义数组下标: 1

---------------------------------------------------------------
[ 2023-09-09T13:15:27+08:00 ] [ log ] at521.icu/99/ [运行时间：0.010861s][吞吐率：92.07req/s] [内存消耗：1,864.80kb] [文件加载：51]
[ error ] [8]未定义数组下标: 1

---------------------------------------------------------------
[ 2023-09-09T13:15:27+08:00 ] [ log ] at521.icu/99/favicon.ico [运行时间：0.009466s][吞吐率：105.64req/s] [内存消耗：1,650.74kb] [文件加载：44]
[ error ] [8]未定义数组下标: 1

---------------------------------------------------------------
[ 2023-09-09T13:15:30+08:00 ] [ log ] at521.icu/99/index/open.html [运行时间：0.011178s][吞吐率：89.46req/s] [内存消耗：1,865.12kb] [文件加载：50]
[ error ] [8]未定义数组下标: 1

---------------------------------------------------------------
[ 2023-09-09T13:15:37+08:00 ] [ log ] at521.icu/99/ [运行时间：0.014914s][吞吐率：67.05req/s] [内存消耗：1,864.80kb] [文件加载：51]
[ error ] [8]未定义数组下标: 1

---------------------------------------------------------------
[ 2023-09-09T13:15:37+08:00 ] [ log ] at521.icu/99/favicon.ico [运行时间：0.014146s][吞吐率：70.69req/s] [内存消耗：1,650.74kb] [文件加载：44]
[ error ] [8]未定义数组下标: 1

---------------------------------------------------------------
[ 2023-09-09T13:15:39+08:00 ] [ log ] at521.icu/99/ [运行时间：0.014372s][吞吐率：69.58req/s] [内存消耗：1,864.80kb] [文件加载：51]
[ error ] [8]未定义数组下标: 1

---------------------------------------------------------------
[ 2023-09-09T13:15:39+08:00 ] [ log ] at521.icu/99/favicon.ico [运行时间：0.009872s][吞吐率：101.29req/s] [内存消耗：1,650.74kb] [文件加载：44]
[ error ] [8]未定义数组下标: 1

---------------------------------------------------------------
[ 2023-09-09T13:15:41+08:00 ] [ log ] at521.icu/99/index/open.html [运行时间：0.010308s][吞吐率：97.01req/s] [内存消耗：1,865.12kb] [文件加载：50]
[ error ] [8]未定义数组下标: 1

---------------------------------------------------------------
[ 2023-09-09T13:16:22+08:00 ] [ log ] at521.icu/99/index/open.html [运行时间：0.010872s][吞吐率：91.98req/s] [内存消耗：1,865.12kb] [文件加载：50]
[ error ] [8]未定义数组下标: 1

---------------------------------------------------------------
[ 2023-09-09T13:16:31+08:00 ] [ log ] at521.icu/99/ [运行时间：0.010930s][吞吐率：91.49req/s] [内存消耗：1,864.80kb] [文件加载：51]
[ error ] [8]未定义数组下标: 1

---------------------------------------------------------------
[ 2023-09-09T13:16:31+08:00 ] [ log ] at521.icu/99/favicon.ico [运行时间：0.009244s][吞吐率：108.18req/s] [内存消耗：1,650.74kb] [文件加载：44]
[ error ] [8]未定义数组下标: 1

---------------------------------------------------------------
[ 2023-09-09T13:16:33+08:00 ] [ log ] at521.icu/99/index/open.html [运行时间：0.010663s][吞吐率：93.78req/s] [内存消耗：1,865.12kb] [文件加载：50]
[ error ] [8]未定义数组下标: 1

---------------------------------------------------------------
[ 2023-09-09T13:16:44+08:00 ] [ log ] at521.icu/99/index/open.html [运行时间：0.010555s][吞吐率：94.74req/s] [内存消耗：1,865.12kb] [文件加载：50]
[ error ] [8]未定义数组下标: 1

---------------------------------------------------------------
[ 2023-09-09T13:16:54+08:00 ] [ log ] at521.icu/99/index/open.html [运行时间：0.024341s][吞吐率：41.08req/s] [内存消耗：1,865.12kb] [文件加载：50]
[ error ] [8]未定义数组下标: 1

---------------------------------------------------------------
[ 2023-09-09T13:17:06+08:00 ] [ log ] at521.icu/99/ [运行时间：0.010677s][吞吐率：93.66req/s] [内存消耗：1,864.80kb] [文件加载：51]
[ error ] [8]未定义数组下标: 1

---------------------------------------------------------------
[ 2023-09-09T13:17:06+08:00 ] [ log ] at521.icu/99/favicon.ico [运行时间：0.009247s][吞吐率：108.14req/s] [内存消耗：1,650.74kb] [文件加载：44]
[ error ] [8]未定义数组下标: 1

---------------------------------------------------------------
[ 2023-09-09T13:17:08+08:00 ] [ log ] at521.icu/99/index/open.html [运行时间：0.011428s][吞吐率：87.51req/s] [内存消耗：1,865.12kb] [文件加载：50]
[ error ] [8]未定义数组下标: 1

---------------------------------------------------------------
[ 2023-09-09T13:17:29+08:00 ] [ log ] at521.icu/99/ [运行时间：0.022149s][吞吐率：45.15req/s] [内存消耗：1,864.80kb] [文件加载：51]
[ error ] [8]未定义数组下标: 1

---------------------------------------------------------------
[ 2023-09-09T13:17:30+08:00 ] [ log ] at521.icu/99/favicon.ico [运行时间：0.009653s][吞吐率：103.59req/s] [内存消耗：1,650.74kb] [文件加载：44]
[ error ] [8]未定义数组下标: 1

---------------------------------------------------------------
[ 2023-09-09T13:17:31+08:00 ] [ log ] at521.icu/99/index/open.html [运行时间：0.040160s][吞吐率：24.90req/s] [内存消耗：1,865.12kb] [文件加载：50]
[ error ] [8]未定义数组下标: 1

---------------------------------------------------------------
[ 2023-09-09T13:18:37+08:00 ] [ log ] at521.icu/99/index/open.html [运行时间：0.011014s][吞吐率：90.79req/s] [内存消耗：1,865.12kb] [文件加载：50]
[ error ] [8]未定义数组下标: 1

---------------------------------------------------------------
[ 2023-09-09T13:18:42+08:00 ] [ log ] at521.icu/99/index/open.html [运行时间：0.014767s][吞吐率：67.72req/s] [内存消耗：1,865.12kb] [文件加载：50]
[ error ] [8]未定义数组下标: 1

---------------------------------------------------------------
[ 2023-09-09T13:19:10+08:00 ] [ log ] at521.icu/99/ [运行时间：0.011347s][吞吐率：88.13req/s] [内存消耗：1,864.80kb] [文件加载：51]
[ error ] [8]未定义数组下标: 1

---------------------------------------------------------------
[ 2023-09-09T13:19:11+08:00 ] [ log ] at521.icu/99/favicon.ico [运行时间：0.009255s][吞吐率：108.05req/s] [内存消耗：1,650.74kb] [文件加载：44]
[ error ] [8]未定义数组下标: 1

---------------------------------------------------------------
[ 2023-09-09T13:19:12+08:00 ] [ log ] at521.icu/99/index/open.html [运行时间：0.011281s][吞吐率：88.64req/s] [内存消耗：1,865.12kb] [文件加载：50]
[ error ] [8]未定义数组下标: 1

---------------------------------------------------------------
[ 2023-09-09T13:19:28+08:00 ] [ log ] at521.icu/99/index/open.html [运行时间：0.011755s][吞吐率：85.07req/s] [内存消耗：1,865.12kb] [文件加载：50]
[ error ] [8]未定义数组下标: 1

---------------------------------------------------------------
[ 2023-09-09T13:20:03+08:00 ] [ log ] at521.icu/99/ [运行时间：0.010880s][吞吐率：91.91req/s] [内存消耗：1,865.34kb] [文件加载：51]
[ error ] [8]未定义数组下标: 1

---------------------------------------------------------------
[ 2023-09-09T13:20:05+08:00 ] [ log ] at521.icu/99/favicon.ico [运行时间：0.009416s][吞吐率：106.20req/s] [内存消耗：1,650.74kb] [文件加载：44]
[ error ] [8]未定义数组下标: 1

---------------------------------------------------------------
[ 2023-09-09T13:20:11+08:00 ] [ log ] at521.icu/99/index/open.html [运行时间：0.011186s][吞吐率：89.40req/s] [内存消耗：1,865.12kb] [文件加载：50]
[ error ] [8]未定义数组下标: 1

---------------------------------------------------------------
[ 2023-09-09T13:20:34+08:00 ] [ log ] at521.icu/99/ [运行时间：0.040243s][吞吐率：24.85req/s] [内存消耗：1,864.80kb] [文件加载：51]
[ error ] [8]未定义数组下标: 1

---------------------------------------------------------------
[ 2023-09-09T13:20:34+08:00 ] [ log ] at521.icu/99/favicon.ico [运行时间：0.013558s][吞吐率：73.76req/s] [内存消耗：1,650.74kb] [文件加载：44]
[ error ] [8]未定义数组下标: 1

---------------------------------------------------------------
[ 2023-09-09T13:20:36+08:00 ] [ log ] at521.icu/99/index/open.html [运行时间：0.010416s][吞吐率：96.01req/s] [内存消耗：1,865.12kb] [文件加载：50]
[ error ] [8]未定义数组下标: 1

---------------------------------------------------------------
[ 2023-09-09T13:21:09+08:00 ] [ log ] at521.icu/99/index/open.html [运行时间：0.014786s][吞吐率：67.63req/s] [内存消耗：1,865.12kb] [文件加载：50]
[ error ] [8]未定义数组下标: 1

---------------------------------------------------------------
[ 2023-09-09T13:21:14+08:00 ] [ log ] at521.icu/99/ [运行时间：0.010778s][吞吐率：92.78req/s] [内存消耗：1,864.80kb] [文件加载：51]
[ error ] [8]未定义数组下标: 1

---------------------------------------------------------------
[ 2023-09-09T13:21:15+08:00 ] [ log ] at521.icu/99/favicon.ico [运行时间：0.009287s][吞吐率：107.68req/s] [内存消耗：1,650.74kb] [文件加载：44]
[ error ] [8]未定义数组下标: 1

---------------------------------------------------------------
[ 2023-09-09T13:21:17+08:00 ] [ log ] at521.icu/99/index/open.html [运行时间：0.010450s][吞吐率：95.69req/s] [内存消耗：1,865.12kb] [文件加载：50]
[ error ] [8]未定义数组下标: 1

---------------------------------------------------------------
[ 2023-09-09T13:23:18+08:00 ] [ log ] at522.icu/99/ [运行时间：0.010738s][吞吐率：93.13req/s] [内存消耗：1,865.34kb] [文件加载：51]
[ error ] [8]未定义数组下标: 1

---------------------------------------------------------------
[ 2023-09-09T13:25:09+08:00 ] [ log ] at521.icu/99/ [运行时间：0.011559s][吞吐率：86.51req/s] [内存消耗：1,864.80kb] [文件加载：51]
[ error ] [8]未定义数组下标: 1

---------------------------------------------------------------
[ 2023-09-09T13:25:10+08:00 ] [ log ] at521.icu/99/favicon.ico [运行时间：0.009288s][吞吐率：107.66req/s] [内存消耗：1,650.74kb] [文件加载：44]
[ error ] [8]未定义数组下标: 1

---------------------------------------------------------------
[ 2023-09-09T13:25:13+08:00 ] [ log ] at521.icu/99/index/open.html [运行时间：0.012909s][吞吐率：77.47req/s] [内存消耗：1,865.12kb] [文件加载：50]
[ error ] [8]未定义数组下标: 1

---------------------------------------------------------------
[ 2023-09-09T13:25:18+08:00 ] [ log ] at521.icu/99/index/open.html [运行时间：0.015071s][吞吐率：66.35req/s] [内存消耗：1,865.12kb] [文件加载：50]
[ error ] [8]未定义数组下标: 1

---------------------------------------------------------------
[ 2023-09-09T13:25:23+08:00 ] [ log ] at555.icu/99/ [运行时间：0.010976s][吞吐率：91.11req/s] [内存消耗：1,865.34kb] [文件加载：51]
[ error ] [8]未定义数组下标: 1

---------------------------------------------------------------
[ 2023-09-09T13:25:31+08:00 ] [ log ] at521.icu/99/index/open.html [运行时间：0.010680s][吞吐率：93.63req/s] [内存消耗：1,865.12kb] [文件加载：50]
[ error ] [8]未定义数组下标: 1

---------------------------------------------------------------
[ 2023-09-09T13:25:34+08:00 ] [ log ] at521.icu/99/index/open.html [运行时间：0.014413s][吞吐率：69.38req/s] [内存消耗：1,865.12kb] [文件加载：50]
[ error ] [8]未定义数组下标: 1

---------------------------------------------------------------
[ 2023-09-09T13:25:38+08:00 ] [ log ] at521.icu/99/index/open.html [运行时间：0.012614s][吞吐率：79.28req/s] [内存消耗：1,865.15kb] [文件加载：50]
[ error ] [8]未定义数组下标: 1

---------------------------------------------------------------
[ 2023-09-09T13:25:47+08:00 ] [ log ] at521.icu/99/ [运行时间：0.033337s][吞吐率：30.00req/s] [内存消耗：1,864.84kb] [文件加载：51]
[ error ] [8]未定义数组下标: 1

---------------------------------------------------------------
[ 2023-09-09T13:25:53+08:00 ] [ log ] at521.icu/99/index/open.html [运行时间：0.010801s][吞吐率：92.58req/s] [内存消耗：1,865.12kb] [文件加载：50]
[ error ] [8]未定义数组下标: 1

---------------------------------------------------------------
[ 2023-09-09T13:26:13+08:00 ] [ log ] at521.icu/99/ [运行时间：0.010775s][吞吐率：92.81req/s] [内存消耗：1,864.80kb] [文件加载：51]
[ error ] [8]未定义数组下标: 1

---------------------------------------------------------------
[ 2023-09-09T13:26:13+08:00 ] [ log ] at521.icu/99/favicon.ico [运行时间：0.009897s][吞吐率：101.04req/s] [内存消耗：1,650.74kb] [文件加载：44]
[ error ] [8]未定义数组下标: 1

---------------------------------------------------------------
[ 2023-09-09T13:26:15+08:00 ] [ log ] at521.icu/99/index/open.html [运行时间：0.016898s][吞吐率：59.18req/s] [内存消耗：1,865.12kb] [文件加载：50]
[ error ] [8]未定义数组下标: 1

---------------------------------------------------------------
[ 2023-09-09T13:26:35+08:00 ] [ log ] at521.icu/99/ [运行时间：0.011336s][吞吐率：88.22req/s] [内存消耗：1,864.80kb] [文件加载：51]
[ error ] [8]未定义数组下标: 1

---------------------------------------------------------------
[ 2023-09-09T13:26:36+08:00 ] [ log ] at521.icu/99/favicon.ico [运行时间：0.009455s][吞吐率：105.76req/s] [内存消耗：1,650.74kb] [文件加载：44]
[ error ] [8]未定义数组下标: 1

---------------------------------------------------------------
[ 2023-09-09T13:26:39+08:00 ] [ log ] at521.icu/99/index/open.html [运行时间：0.015448s][吞吐率：64.73req/s] [内存消耗：1,865.12kb] [文件加载：50]
[ error ] [8]未定义数组下标: 1

---------------------------------------------------------------
[ 2023-09-09T13:34:09+08:00 ] [ log ] at521.icu/99/index/open.html [运行时间：0.012581s][吞吐率：79.48req/s] [内存消耗：1,865.12kb] [文件加载：50]
[ error ] [8]未定义数组下标: 1

---------------------------------------------------------------
[ 2023-09-09T13:35:12+08:00 ] [ log ] at521.icu/99/index/open.html [运行时间：0.011288s][吞吐率：88.59req/s] [内存消耗：1,865.12kb] [文件加载：50]
[ error ] [8]未定义数组下标: 1

---------------------------------------------------------------
[ 2023-09-09T13:38:50+08:00 ] [ log ] at521.icu/99/ [运行时间：0.010732s][吞吐率：93.18req/s] [内存消耗：1,864.80kb] [文件加载：51]
[ error ] [8]未定义数组下标: 1

---------------------------------------------------------------
[ 2023-09-09T13:38:51+08:00 ] [ log ] at521.icu/99/favicon.ico [运行时间：0.010308s][吞吐率：97.01req/s] [内存消耗：1,650.74kb] [文件加载：44]
[ error ] [8]未定义数组下标: 1

---------------------------------------------------------------
[ 2023-09-09T13:38:53+08:00 ] [ log ] at521.icu/99/index/open.html [运行时间：0.010677s][吞吐率：93.66req/s] [内存消耗：1,865.12kb] [文件加载：50]
[ error ] [8]未定义数组下标: 1

---------------------------------------------------------------
[ 2023-09-09T13:38:53+08:00 ] [ log ] at521.icu/99/favicon.ico [运行时间：0.014999s][吞吐率：66.67req/s] [内存消耗：1,650.74kb] [文件加载：44]
[ error ] [8]未定义数组下标: 1

---------------------------------------------------------------
[ 2023-09-09T14:09:23+08:00 ] [ log ] at521.icu/99/ [运行时间：0.014700s][吞吐率：68.03req/s] [内存消耗：1,864.80kb] [文件加载：51]
[ error ] [8]未定义数组下标: 1

---------------------------------------------------------------
[ 2023-09-09T14:09:24+08:00 ] [ log ] at521.icu/99/favicon.ico [运行时间：0.029198s][吞吐率：34.25req/s] [内存消耗：1,650.74kb] [文件加载：44]
[ error ] [8]未定义数组下标: 1

---------------------------------------------------------------
[ 2023-09-09T14:09:27+08:00 ] [ log ] at521.icu/99/index/open.html [运行时间：0.010569s][吞吐率：94.62req/s] [内存消耗：1,865.12kb] [文件加载：50]
[ error ] [8]未定义数组下标: 1

---------------------------------------------------------------
[ 2023-09-09T15:49:23+08:00 ] [ log ] at777.icu/99/ [运行时间：0.010878s][吞吐率：91.93req/s] [内存消耗：1,865.34kb] [文件加载：51]
[ error ] [8]未定义数组下标: 1

---------------------------------------------------------------
[ 2023-09-09T15:49:28+08:00 ] [ log ] at777.icu/99/favicon.ico [运行时间：0.022338s][吞吐率：44.77req/s] [内存消耗：1,650.74kb] [文件加载：44]
[ error ] [8]未定义数组下标: 1

---------------------------------------------------------------
[ 2023-09-09T15:49:33+08:00 ] [ log ] at777.icu/99/index/open.html [运行时间：0.010983s][吞吐率：91.05req/s] [内存消耗：1,865.12kb] [文件加载：50]
[ error ] [8]未定义数组下标: 1

---------------------------------------------------------------
[ 2023-09-09T15:50:08+08:00 ] [ log ] at777.icu/99/ [运行时间：0.011251s][吞吐率：88.88req/s] [内存消耗：1,864.80kb] [文件加载：51]
[ error ] [8]未定义数组下标: 1

---------------------------------------------------------------
[ 2023-09-09T15:50:16+08:00 ] [ log ] at777.icu/99/index/open.html [运行时间：0.015342s][吞吐率：65.18req/s] [内存消耗：1,865.12kb] [文件加载：50]
[ error ] [8]未定义数组下标: 1

---------------------------------------------------------------
[ 2023-09-09T15:51:15+08:00 ] [ log ] at777.icu/99/ [运行时间：0.022462s][吞吐率：44.52req/s] [内存消耗：1,864.80kb] [文件加载：51]
[ error ] [8]未定义数组下标: 1

---------------------------------------------------------------
[ 2023-09-09T15:51:19+08:00 ] [ log ] at777.icu/99/index/open.html [运行时间：0.037255s][吞吐率：26.84req/s] [内存消耗：1,865.12kb] [文件加载：50]
[ error ] [8]未定义数组下标: 1

---------------------------------------------------------------
[ 2023-09-09T15:54:17+08:00 ] [ log ] at777.icu/99/ [运行时间：0.011500s][吞吐率：86.96req/s] [内存消耗：1,864.80kb] [文件加载：51]
[ error ] [8]未定义数组下标: 1

---------------------------------------------------------------
[ 2023-09-09T15:54:26+08:00 ] [ log ] at777.icu/99/index/open.html [运行时间：0.010682s][吞吐率：93.61req/s] [内存消耗：1,865.12kb] [文件加载：50]
[ error ] [8]未定义数组下标: 1

---------------------------------------------------------------
[ 2023-09-09T17:59:55+08:00 ] [ log ] at521.icu/99/ [运行时间：0.011173s][吞吐率：89.50req/s] [内存消耗：1,865.34kb] [文件加载：51]
[ error ] [8]未定义数组下标: 1

---------------------------------------------------------------
[ 2023-09-09T17:59:55+08:00 ] [ log ] at521.icu/99/favicon.ico [运行时间：0.009901s][吞吐率：101.00req/s] [内存消耗：1,650.74kb] [文件加载：44]
[ error ] [8]未定义数组下标: 1

---------------------------------------------------------------
[ 2023-09-09T18:00:01+08:00 ] [ log ] at521.icu/99/index/open.html [运行时间：0.011500s][吞吐率：86.96req/s] [内存消耗：1,865.12kb] [文件加载：50]
[ error ] [8]未定义数组下标: 1

---------------------------------------------------------------
[ 2023-09-09T18:02:41+08:00 ] [ log ] at522.icu/99/ [运行时间：0.027190s][吞吐率：36.78req/s] [内存消耗：1,865.34kb] [文件加载：51]
[ error ] [8]未定义数组下标: 1

---------------------------------------------------------------
[ 2023-09-09T18:02:41+08:00 ] [ log ] at522.icu/99/favicon.ico [运行时间：0.035140s][吞吐率：28.46req/s] [内存消耗：1,650.74kb] [文件加载：44]
[ error ] [8]未定义数组下标: 1

---------------------------------------------------------------
[ 2023-09-09T18:02:44+08:00 ] [ log ] at522.icu/99/index/open.html [运行时间：0.010613s][吞吐率：94.22req/s] [内存消耗：1,865.12kb] [文件加载：50]
[ error ] [8]未定义数组下标: 1

---------------------------------------------------------------
[ 2023-09-09T18:02:56+08:00 ] [ log ] at522.icu/99/ [运行时间：0.013345s][吞吐率：74.93req/s] [内存消耗：1,864.80kb] [文件加载：51]
[ error ] [8]未定义数组下标: 1

---------------------------------------------------------------
[ 2023-09-09T18:03:09+08:00 ] [ log ] at522.icu/99/index/open.html [运行时间：0.027683s][吞吐率：36.12req/s] [内存消耗：1,865.12kb] [文件加载：50]
[ error ] [8]未定义数组下标: 1

---------------------------------------------------------------
[ 2023-09-09T18:03:27+08:00 ] [ log ] at521.icu/99/ [运行时间：0.010895s][吞吐率：91.79req/s] [内存消耗：1,865.34kb] [文件加载：51]
[ error ] [8]未定义数组下标: 1

---------------------------------------------------------------
[ 2023-09-09T18:03:27+08:00 ] [ log ] at521.icu/99/favicon.ico [运行时间：0.010078s][吞吐率：99.22req/s] [内存消耗：1,650.74kb] [文件加载：44]
[ error ] [8]未定义数组下标: 1

---------------------------------------------------------------
[ 2023-09-09T18:03:29+08:00 ] [ log ] at521.icu/99/index/open.html [运行时间：0.015274s][吞吐率：65.47req/s] [内存消耗：1,865.12kb] [文件加载：50]
[ error ] [8]未定义数组下标: 1

---------------------------------------------------------------
[ 2023-09-09T18:03:52+08:00 ] [ log ] at521.icu/99/index/open.html [运行时间：0.011025s][吞吐率：90.70req/s] [内存消耗：1,865.12kb] [文件加载：50]
[ error ] [8]未定义数组下标: 1

---------------------------------------------------------------
[ 2023-09-09T18:04:05+08:00 ] [ log ] at521.icu/99/ [运行时间：0.011498s][吞吐率：86.97req/s] [内存消耗：1,864.80kb] [文件加载：51]
[ error ] [8]未定义数组下标: 1

---------------------------------------------------------------
[ 2023-09-09T18:04:05+08:00 ] [ log ] at521.icu/99/favicon.ico [运行时间：0.009734s][吞吐率：102.73req/s] [内存消耗：1,650.74kb] [文件加载：44]
[ error ] [8]未定义数组下标: 1

---------------------------------------------------------------
[ 2023-09-09T18:04:07+08:00 ] [ log ] at521.icu/99/index/open.html [运行时间：0.014555s][吞吐率：68.71req/s] [内存消耗：1,865.12kb] [文件加载：50]
[ error ] [8]未定义数组下标: 1

---------------------------------------------------------------
[ 2023-09-09T18:04:18+08:00 ] [ log ] at521.icu/99/ [运行时间：0.021973s][吞吐率：45.51req/s] [内存消耗：1,864.80kb] [文件加载：51]
[ error ] [8]未定义数组下标: 1

---------------------------------------------------------------
[ 2023-09-09T18:04:19+08:00 ] [ log ] at521.icu/99/favicon.ico [运行时间：0.009504s][吞吐率：105.22req/s] [内存消耗：1,650.74kb] [文件加载：44]
[ error ] [8]未定义数组下标: 1

---------------------------------------------------------------
[ 2023-09-09T18:04:22+08:00 ] [ log ] at521.icu/99/index/open.html [运行时间：0.039171s][吞吐率：25.53req/s] [内存消耗：1,865.12kb] [文件加载：50]
[ error ] [8]未定义数组下标: 1

---------------------------------------------------------------
[ 2023-09-09T18:04:41+08:00 ] [ log ] at521.icu/99/ [运行时间：0.010877s][吞吐率：91.94req/s] [内存消耗：1,864.80kb] [文件加载：51]
[ error ] [8]未定义数组下标: 1

---------------------------------------------------------------
[ 2023-09-09T18:04:41+08:00 ] [ log ] at521.icu/99/favicon.ico [运行时间：0.009964s][吞吐率：100.36req/s] [内存消耗：1,650.74kb] [文件加载：44]
[ error ] [8]未定义数组下标: 1

---------------------------------------------------------------
[ 2023-09-09T18:04:43+08:00 ] [ log ] at521.icu/99/index/open.html [运行时间：0.012890s][吞吐率：77.58req/s] [内存消耗：1,865.12kb] [文件加载：50]
[ error ] [8]未定义数组下标: 1

---------------------------------------------------------------
[ 2023-09-09T18:05:57+08:00 ] [ log ] at521.icu/99/index/open.html [运行时间：0.012155s][吞吐率：82.27req/s] [内存消耗：1,865.12kb] [文件加载：50]
[ error ] [8]未定义数组下标: 1

---------------------------------------------------------------
[ 2023-09-09T18:08:23+08:00 ] [ log ] at521.icu/99/ [运行时间：0.011361s][吞吐率：88.02req/s] [内存消耗：1,864.80kb] [文件加载：51]
[ error ] [8]未定义数组下标: 1

---------------------------------------------------------------
[ 2023-09-09T18:08:24+08:00 ] [ log ] at521.icu/99/favicon.ico [运行时间：0.009953s][吞吐率：100.47req/s] [内存消耗：1,650.74kb] [文件加载：44]
[ error ] [8]未定义数组下标: 1

---------------------------------------------------------------
[ 2023-09-09T18:08:26+08:00 ] [ log ] at521.icu/99/index/open.html [运行时间：0.010766s][吞吐率：92.88req/s] [内存消耗：1,865.12kb] [文件加载：50]
[ error ] [8]未定义数组下标: 1

---------------------------------------------------------------
[ 2023-09-09T18:27:37+08:00 ] [ log ] at522.icu/99/ [运行时间：0.019575s][吞吐率：51.09req/s] [内存消耗：1,865.34kb] [文件加载：51]
[ error ] [8]未定义数组下标: 1

---------------------------------------------------------------
[ 2023-09-09T18:27:38+08:00 ] [ log ] at522.icu/99/favicon.ico [运行时间：0.012207s][吞吐率：81.92req/s] [内存消耗：1,650.74kb] [文件加载：44]
[ error ] [8]未定义数组下标: 1

---------------------------------------------------------------
[ 2023-09-09T18:27:41+08:00 ] [ log ] at522.icu/99/index/open.html [运行时间：0.010795s][吞吐率：92.63req/s] [内存消耗：1,865.12kb] [文件加载：50]
[ error ] [8]未定义数组下标: 1

---------------------------------------------------------------
[ 2023-09-09T19:11:00+08:00 ] [ log ] at522.icu/99/ [运行时间：0.028087s][吞吐率：35.60req/s] [内存消耗：1,865.34kb] [文件加载：51]
[ error ] [8]未定义数组下标: 1

---------------------------------------------------------------
[ 2023-09-09T19:17:43+08:00 ] [ log ] at522.icu/99/ [运行时间：0.011355s][吞吐率：88.07req/s] [内存消耗：1,865.34kb] [文件加载：51]
[ error ] [8]未定义数组下标: 1

---------------------------------------------------------------
[ 2023-09-09T19:17:45+08:00 ] [ log ] at522.icu/99/ [运行时间：0.011888s][吞吐率：84.12req/s] [内存消耗：1,865.34kb] [文件加载：51]
[ error ] [8]未定义数组下标: 1

---------------------------------------------------------------
[ 2023-09-09T19:17:45+08:00 ] [ log ] at522.icu/99/ [运行时间：0.011477s][吞吐率：87.13req/s] [内存消耗：1,865.34kb] [文件加载：51]
[ error ] [8]未定义数组下标: 1

---------------------------------------------------------------
[ 2023-09-09T19:17:45+08:00 ] [ log ] at522.icu/99/ [运行时间：0.011197s][吞吐率：89.31req/s] [内存消耗：1,865.34kb] [文件加载：51]
[ error ] [8]未定义数组下标: 1

---------------------------------------------------------------
[ 2023-09-09T19:17:45+08:00 ] [ log ] at522.icu/99/ [运行时间：0.010759s][吞吐率：92.95req/s] [内存消耗：1,865.34kb] [文件加载：51]
[ error ] [8]未定义数组下标: 1

---------------------------------------------------------------
[ 2023-09-09T19:17:45+08:00 ] [ log ] at522.icu/99/ [运行时间：0.010791s][吞吐率：92.67req/s] [内存消耗：1,865.34kb] [文件加载：51]
[ error ] [8]未定义数组下标: 1

---------------------------------------------------------------
[ 2023-09-09T19:17:46+08:00 ] [ log ] at522.icu/99/ [运行时间：0.011163s][吞吐率：89.58req/s] [内存消耗：1,865.34kb] [文件加载：51]
[ error ] [8]未定义数组下标: 1

---------------------------------------------------------------
[ 2023-09-09T19:17:46+08:00 ] [ log ] at522.icu/99/ [运行时间：0.010930s][吞吐率：91.49req/s] [内存消耗：1,865.34kb] [文件加载：51]
[ error ] [8]未定义数组下标: 1

---------------------------------------------------------------
[ 2023-09-09T19:17:46+08:00 ] [ log ] at522.icu/99/ [运行时间：0.010599s][吞吐率：94.35req/s] [内存消耗：1,865.34kb] [文件加载：51]
[ error ] [8]未定义数组下标: 1

---------------------------------------------------------------
[ 2023-09-09T19:17:46+08:00 ] [ log ] at522.icu/99/ [运行时间：0.010514s][吞吐率：95.11req/s] [内存消耗：1,865.34kb] [文件加载：51]
[ error ] [8]未定义数组下标: 1

---------------------------------------------------------------
[ 2023-09-09T19:17:46+08:00 ] [ log ] at522.icu/99/ [运行时间：0.010872s][吞吐率：91.98req/s] [内存消耗：1,865.34kb] [文件加载：51]
[ error ] [8]未定义数组下标: 1

---------------------------------------------------------------
[ 2023-09-09T19:17:47+08:00 ] [ log ] at522.icu/99/ [运行时间：0.035370s][吞吐率：28.27req/s] [内存消耗：1,865.34kb] [文件加载：51]
[ error ] [8]未定义数组下标: 1

---------------------------------------------------------------
[ 2023-09-09T19:17:49+08:00 ] [ log ] at522.icu/99/ [运行时间：0.011714s][吞吐率：85.37req/s] [内存消耗：1,865.34kb] [文件加载：51]
[ error ] [8]未定义数组下标: 1

---------------------------------------------------------------
[ 2023-09-09T19:17:49+08:00 ] [ log ] at522.icu/99/favicon.ico [运行时间：0.009200s][吞吐率：108.69req/s] [内存消耗：1,650.74kb] [文件加载：44]
[ error ] [8]未定义数组下标: 1

---------------------------------------------------------------
[ 2023-09-09T19:17:53+08:00 ] [ log ] at522.icu/99/index/open.html [运行时间：0.010476s][吞吐率：95.46req/s] [内存消耗：1,865.12kb] [文件加载：50]
[ error ] [8]未定义数组下标: 1

---------------------------------------------------------------
[ 2023-09-09T19:18:17+08:00 ] [ log ] at522.icu/99/ [运行时间：0.017009s][吞吐率：58.79req/s] [内存消耗：1,864.80kb] [文件加载：51]
[ error ] [8]未定义数组下标: 1

---------------------------------------------------------------
[ 2023-09-09T19:18:17+08:00 ] [ log ] at522.icu/99/ [运行时间：0.011724s][吞吐率：85.30req/s] [内存消耗：1,864.80kb] [文件加载：51]
[ error ] [8]未定义数组下标: 1

---------------------------------------------------------------
[ 2023-09-09T19:18:17+08:00 ] [ log ] at522.icu/99/ [运行时间：0.010538s][吞吐率：94.89req/s] [内存消耗：1,864.80kb] [文件加载：51]
[ error ] [8]未定义数组下标: 1

---------------------------------------------------------------
[ 2023-09-09T19:18:17+08:00 ] [ log ] at522.icu/99/ [运行时间：0.010306s][吞吐率：97.03req/s] [内存消耗：1,864.80kb] [文件加载：51]
[ error ] [8]未定义数组下标: 1

---------------------------------------------------------------
[ 2023-09-09T19:18:17+08:00 ] [ log ] at522.icu/99/ [运行时间：0.010940s][吞吐率：91.41req/s] [内存消耗：1,864.80kb] [文件加载：51]
[ error ] [8]未定义数组下标: 1

---------------------------------------------------------------
[ 2023-09-09T19:18:18+08:00 ] [ log ] at522.icu/99/ [运行时间：0.010460s][吞吐率：95.60req/s] [内存消耗：1,864.80kb] [文件加载：51]
[ error ] [8]未定义数组下标: 1

---------------------------------------------------------------
[ 2023-09-09T19:18:18+08:00 ] [ log ] at522.icu/99/ [运行时间：0.013837s][吞吐率：72.27req/s] [内存消耗：1,864.80kb] [文件加载：51]
[ error ] [8]未定义数组下标: 1

---------------------------------------------------------------
[ 2023-09-09T19:18:18+08:00 ] [ log ] at522.icu/99/ [运行时间：0.011168s][吞吐率：89.54req/s] [内存消耗：1,864.80kb] [文件加载：51]
[ error ] [8]未定义数组下标: 1

---------------------------------------------------------------
[ 2023-09-09T19:18:18+08:00 ] [ log ] at522.icu/99/ [运行时间：0.010681s][吞吐率：93.62req/s] [内存消耗：1,864.80kb] [文件加载：51]
[ error ] [8]未定义数组下标: 1

---------------------------------------------------------------
[ 2023-09-09T19:18:18+08:00 ] [ log ] at522.icu/99/ [运行时间：0.010860s][吞吐率：92.08req/s] [内存消耗：1,864.80kb] [文件加载：51]
[ error ] [8]未定义数组下标: 1

---------------------------------------------------------------
[ 2023-09-09T19:18:18+08:00 ] [ log ] at522.icu/99/ [运行时间：0.010818s][吞吐率：92.44req/s] [内存消耗：1,864.80kb] [文件加载：51]
[ error ] [8]未定义数组下标: 1

---------------------------------------------------------------
[ 2023-09-09T19:18:19+08:00 ] [ log ] at522.icu/99/ [运行时间：0.040786s][吞吐率：24.52req/s] [内存消耗：1,864.80kb] [文件加载：51]
[ error ] [8]未定义数组下标: 1

---------------------------------------------------------------
[ 2023-09-09T19:18:19+08:00 ] [ log ] at522.icu/99/ [运行时间：0.020716s][吞吐率：48.27req/s] [内存消耗：1,864.80kb] [文件加载：51]
[ error ] [8]未定义数组下标: 1

---------------------------------------------------------------
[ 2023-09-09T19:18:19+08:00 ] [ log ] at522.icu/99/ [运行时间：0.010697s][吞吐率：93.49req/s] [内存消耗：1,864.80kb] [文件加载：51]
[ error ] [8]未定义数组下标: 1

---------------------------------------------------------------
[ 2023-09-09T19:18:20+08:00 ] [ log ] at522.icu/99/ [运行时间：0.025607s][吞吐率：39.05req/s] [内存消耗：1,864.80kb] [文件加载：51]
[ error ] [8]未定义数组下标: 1

---------------------------------------------------------------
[ 2023-09-09T19:18:28+08:00 ] [ log ] at522.icu/99/index/open.html [运行时间：0.010779s][吞吐率：92.77req/s] [内存消耗：1,865.12kb] [文件加载：50]
[ error ] [8]未定义数组下标: 1

---------------------------------------------------------------
