[ 2023-09-10T08:50:41+08:00 ] [ log ] at522.icu/99/ [运行时间：0.010943s][吞吐率：91.38req/s] [内存消耗：1,865.34kb] [文件加载：51]
[ error ] [8]未定义数组下标: 1

---------------------------------------------------------------
[ 2023-09-10T08:50:42+08:00 ] [ log ] at522.icu/99/favicon.ico [运行时间：0.011861s][吞吐率：84.31req/s] [内存消耗：1,650.74kb] [文件加载：44]
[ error ] [8]未定义数组下标: 1

---------------------------------------------------------------
[ 2023-09-10T08:50:43+08:00 ] [ log ] at522.icu/99/ [运行时间：0.010792s][吞吐率：92.66req/s] [内存消耗：1,857.63kb] [文件加载：48]
[ error ] [8]Undefined offset: 1

---------------------------------------------------------------
[ 2023-09-10T08:50:44+08:00 ] [ log ] at522.icu/99/index/open.html [运行时间：0.013969s][吞吐率：71.59req/s] [内存消耗：1,865.12kb] [文件加载：50]
[ error ] [8]未定义数组下标: 1

---------------------------------------------------------------
[ 2023-09-10T10:54:58+08:00 ] [ log ] at522.icu/99/ [运行时间：0.010996s][吞吐率：90.94req/s] [内存消耗：1,865.34kb] [文件加载：51]
[ error ] [8]未定义数组下标: 1

---------------------------------------------------------------
[ 2023-09-10T10:54:59+08:00 ] [ log ] at522.icu/99/favicon.ico [运行时间：0.010064s][吞吐率：99.37req/s] [内存消耗：1,650.74kb] [文件加载：44]
[ error ] [8]未定义数组下标: 1

---------------------------------------------------------------
[ 2023-09-10T10:55:05+08:00 ] [ log ] at522.icu/99/index/open.html [运行时间：0.011100s][吞吐率：90.09req/s] [内存消耗：1,865.12kb] [文件加载：50]
[ error ] [8]未定义数组下标: 1

---------------------------------------------------------------
[ 2023-09-10T12:22:34+08:00 ] [ log ] at522.icu/99/index/open.html [运行时间：0.039683s][吞吐率：25.20req/s] [内存消耗：1,857.95kb] [文件加载：47]
[ error ] [8]Undefined offset: 1

---------------------------------------------------------------
[ 2023-09-10T12:44:04+08:00 ] [ log ] at521.icu/99/ [运行时间：0.013907s][吞吐率：71.91req/s] [内存消耗：1,865.34kb] [文件加载：51]
[ error ] [8]未定义数组下标: 1

---------------------------------------------------------------
[ 2023-09-10T12:44:05+08:00 ] [ log ] at521.icu/99/favicon.ico [运行时间：0.009884s][吞吐率：101.17req/s] [内存消耗：1,650.74kb] [文件加载：44]
[ error ] [8]未定义数组下标: 1

---------------------------------------------------------------
[ 2023-09-10T12:44:08+08:00 ] [ log ] at521.icu/99/index/open.html [运行时间：0.011263s][吞吐率：88.79req/s] [内存消耗：1,865.12kb] [文件加载：50]
[ error ] [8]未定义数组下标: 1

---------------------------------------------------------------
[ 2023-09-10T17:42:11+08:00 ] [ log ] at522.icu/99/ [运行时间：0.013785s][吞吐率：72.54req/s] [内存消耗：1,865.34kb] [文件加载：51]
[ error ] [8]未定义数组下标: 1

---------------------------------------------------------------
[ 2023-09-10T17:42:11+08:00 ] [ log ] at522.icu/99/ [运行时间：0.012081s][吞吐率：82.78req/s] [内存消耗：1,865.34kb] [文件加载：51]
[ error ] [8]未定义数组下标: 1

---------------------------------------------------------------
[ 2023-09-10T17:42:12+08:00 ] [ log ] at522.icu/99/ [运行时间：0.017342s][吞吐率：57.66req/s] [内存消耗：1,865.34kb] [文件加载：51]
[ error ] [8]未定义数组下标: 1

---------------------------------------------------------------
[ 2023-09-10T17:54:57+08:00 ] [ log ] at521.icu/99/ [运行时间：0.010783s][吞吐率：92.74req/s] [内存消耗：1,865.34kb] [文件加载：51]
[ error ] [8]未定义数组下标: 1

---------------------------------------------------------------
[ 2023-09-10T17:54:58+08:00 ] [ log ] at521.icu/99/favicon.ico [运行时间：0.009324s][吞吐率：107.25req/s] [内存消耗：1,650.74kb] [文件加载：44]
[ error ] [8]未定义数组下标: 1

---------------------------------------------------------------
[ 2023-09-10T17:55:02+08:00 ] [ log ] at521.icu/99/index/open.html [运行时间：0.016365s][吞吐率：61.11req/s] [内存消耗：1,865.12kb] [文件加载：50]
[ error ] [8]未定义数组下标: 1

---------------------------------------------------------------
[ 2023-09-10T17:56:48+08:00 ] [ log ] at521.icu/99/ [运行时间：0.011121s][吞吐率：89.92req/s] [内存消耗：1,864.80kb] [文件加载：51]
[ error ] [8]未定义数组下标: 1

---------------------------------------------------------------
[ 2023-09-10T17:56:49+08:00 ] [ log ] at521.icu/99/favicon.ico [运行时间：0.009620s][吞吐率：103.95req/s] [内存消耗：1,650.74kb] [文件加载：44]
[ error ] [8]未定义数组下标: 1

---------------------------------------------------------------
[ 2023-09-10T17:56:50+08:00 ] [ log ] at521.icu/99/index/open.html [运行时间：0.015124s][吞吐率：66.12req/s] [内存消耗：1,865.12kb] [文件加载：50]
[ error ] [8]未定义数组下标: 1

---------------------------------------------------------------
[ 2023-09-10T18:20:34+08:00 ] [ log ] at522.icu/99/ [运行时间：0.010724s][吞吐率：93.25req/s] [内存消耗：1,865.34kb] [文件加载：51]
[ error ] [8]未定义数组下标: 1

---------------------------------------------------------------
[ 2023-09-10T18:20:34+08:00 ] [ log ] at522.icu/99/favicon.ico [运行时间：0.009591s][吞吐率：104.26req/s] [内存消耗：1,650.74kb] [文件加载：44]
[ error ] [8]未定义数组下标: 1

---------------------------------------------------------------
[ 2023-09-10T18:20:36+08:00 ] [ log ] at522.icu/99/index/open.html [运行时间：0.016000s][吞吐率：62.50req/s] [内存消耗：1,865.12kb] [文件加载：50]
[ error ] [8]未定义数组下标: 1

---------------------------------------------------------------
[ 2023-09-10T19:04:04+08:00 ] [ log ] at522.icu/99/ [运行时间：0.010872s][吞吐率：91.98req/s] [内存消耗：1,864.80kb] [文件加载：51]
[ error ] [8]未定义数组下标: 1

---------------------------------------------------------------
[ 2023-09-10T19:04:04+08:00 ] [ log ] at522.icu/99/favicon.ico [运行时间：0.024336s][吞吐率：41.09req/s] [内存消耗：1,650.74kb] [文件加载：44]
[ error ] [8]未定义数组下标: 1

---------------------------------------------------------------
[ 2023-09-10T19:04:06+08:00 ] [ log ] at522.icu/99/index/open.html [运行时间：0.027648s][吞吐率：36.17req/s] [内存消耗：1,865.12kb] [文件加载：50]
[ error ] [8]未定义数组下标: 1

---------------------------------------------------------------
[ 2023-09-10T20:34:45+08:00 ] [ log ] at521.icu/99/ [运行时间：0.011657s][吞吐率：85.79req/s] [内存消耗：1,857.63kb] [文件加载：48]
[ error ] [8]Undefined offset: 1

---------------------------------------------------------------
[ 2023-09-10T20:34:48+08:00 ] [ log ] at521.icu/99/favicon.ico [运行时间：0.012375s][吞吐率：80.81req/s] [内存消耗：1,650.77kb] [文件加载：44]
[ error ] [8]未定义数组下标: 1

---------------------------------------------------------------
[ 2023-09-10T21:45:03+08:00 ] [ log ] at522.icu/99/ [运行时间：0.010665s][吞吐率：93.77req/s] [内存消耗：1,865.34kb] [文件加载：51]
[ error ] [8]未定义数组下标: 1

---------------------------------------------------------------
[ 2023-09-10T21:45:05+08:00 ] [ log ] at522.icu/99/favicon.ico [运行时间：0.032045s][吞吐率：31.21req/s] [内存消耗：1,650.74kb] [文件加载：44]
[ error ] [8]未定义数组下标: 1

---------------------------------------------------------------
[ 2023-09-10T21:45:07+08:00 ] [ log ] at522.icu/99/index/open.html [运行时间：0.010744s][吞吐率：93.07req/s] [内存消耗：1,865.12kb] [文件加载：50]
[ error ] [8]未定义数组下标: 1

---------------------------------------------------------------
