[ 2023-09-11T07:24:15+08:00 ] [ log ] at522.icu/99/ [运行时间：0.012115s][吞吐率：82.54req/s] [内存消耗：1,865.34kb] [文件加载：51]
[ error ] [8]未定义数组下标: 1

---------------------------------------------------------------
[ 2023-09-11T07:24:15+08:00 ] [ log ] at522.icu/99/ [运行时间：0.011449s][吞吐率：87.34req/s] [内存消耗：1,865.34kb] [文件加载：51]
[ error ] [8]未定义数组下标: 1

---------------------------------------------------------------
[ 2023-09-11T07:24:15+08:00 ] [ log ] at522.icu/99/ [运行时间：0.012143s][吞吐率：82.35req/s] [内存消耗：1,865.34kb] [文件加载：51]
[ error ] [8]未定义数组下标: 1

---------------------------------------------------------------
[ 2023-09-11T07:24:16+08:00 ] [ log ] at522.icu/99/ [运行时间：0.010721s][吞吐率：93.28req/s] [内存消耗：1,865.34kb] [文件加载：51]
[ error ] [8]未定义数组下标: 1

---------------------------------------------------------------
[ 2023-09-11T07:24:18+08:00 ] [ log ] at522.icu/99/ [运行时间：0.018151s][吞吐率：55.09req/s] [内存消耗：1,865.34kb] [文件加载：51]
[ error ] [8]未定义数组下标: 1

---------------------------------------------------------------
[ 2023-09-11T07:24:18+08:00 ] [ log ] at522.icu/99/ [运行时间：0.010444s][吞吐率：95.75req/s] [内存消耗：1,865.34kb] [文件加载：51]
[ error ] [8]未定义数组下标: 1

---------------------------------------------------------------
[ 2023-09-11T07:24:18+08:00 ] [ log ] at522.icu/99/ [运行时间：0.010959s][吞吐率：91.25req/s] [内存消耗：1,865.34kb] [文件加载：51]
[ error ] [8]未定义数组下标: 1

---------------------------------------------------------------
[ 2023-09-11T07:24:19+08:00 ] [ log ] at522.icu/99/ [运行时间：0.014119s][吞吐率：70.83req/s] [内存消耗：1,865.34kb] [文件加载：51]
[ error ] [8]未定义数组下标: 1

---------------------------------------------------------------
[ 2023-09-11T07:24:19+08:00 ] [ log ] at522.icu/99/ [运行时间：0.011457s][吞吐率：87.28req/s] [内存消耗：1,865.34kb] [文件加载：51]
[ error ] [8]未定义数组下标: 1

---------------------------------------------------------------
[ 2023-09-11T07:24:30+08:00 ] [ log ] at522.icu/99/ [运行时间：0.018026s][吞吐率：55.48req/s] [内存消耗：1,865.34kb] [文件加载：51]
[ error ] [8]未定义数组下标: 1

---------------------------------------------------------------
[ 2023-09-11T07:24:30+08:00 ] [ log ] at522.icu/99/ [运行时间：0.011087s][吞吐率：90.20req/s] [内存消耗：1,865.34kb] [文件加载：51]
[ error ] [8]未定义数组下标: 1

---------------------------------------------------------------
[ 2023-09-11T07:24:31+08:00 ] [ log ] at522.icu/99/ [运行时间：0.011337s][吞吐率：88.21req/s] [内存消耗：1,865.34kb] [文件加载：51]
[ error ] [8]未定义数组下标: 1

---------------------------------------------------------------
[ 2023-09-11T07:24:32+08:00 ] [ log ] at522.icu/99/ [运行时间：0.014535s][吞吐率：68.80req/s] [内存消耗：1,865.34kb] [文件加载：51]
[ error ] [8]未定义数组下标: 1

---------------------------------------------------------------
[ 2023-09-11T07:24:32+08:00 ] [ log ] at522.icu/99/ [运行时间：0.010972s][吞吐率：91.14req/s] [内存消耗：1,865.34kb] [文件加载：51]
[ error ] [8]未定义数组下标: 1

---------------------------------------------------------------
[ 2023-09-11T07:24:32+08:00 ] [ log ] at522.icu/99/favicon.ico [运行时间：0.009119s][吞吐率：109.66req/s] [内存消耗：1,650.74kb] [文件加载：44]
[ error ] [8]未定义数组下标: 1

---------------------------------------------------------------
[ 2023-09-11T07:24:34+08:00 ] [ log ] at522.icu/99/index/open.html [运行时间：0.010874s][吞吐率：91.96req/s] [内存消耗：1,865.12kb] [文件加载：50]
[ error ] [8]未定义数组下标: 1

---------------------------------------------------------------
[ 2023-09-11T07:24:46+08:00 ] [ log ] at522.icu/99/ [运行时间：0.010805s][吞吐率：92.55req/s] [内存消耗：1,864.80kb] [文件加载：51]
[ error ] [8]未定义数组下标: 1

---------------------------------------------------------------
[ 2023-09-11T07:24:48+08:00 ] [ log ] at522.icu/99/index/open.html [运行时间：0.011648s][吞吐率：85.85req/s] [内存消耗：1,865.12kb] [文件加载：50]
[ error ] [8]未定义数组下标: 1

---------------------------------------------------------------
[ 2023-09-11T07:31:26+08:00 ] [ log ] at522.icu/99/ [运行时间：0.010759s][吞吐率：92.94req/s] [内存消耗：1,864.80kb] [文件加载：51]
[ error ] [8]未定义数组下标: 1

---------------------------------------------------------------
[ 2023-09-11T07:31:26+08:00 ] [ log ] at522.icu/99/favicon.ico [运行时间：0.009315s][吞吐率：107.35req/s] [内存消耗：1,650.74kb] [文件加载：44]
[ error ] [8]未定义数组下标: 1

---------------------------------------------------------------
[ 2023-09-11T07:31:28+08:00 ] [ log ] at522.icu/99/index/open.html [运行时间：0.017831s][吞吐率：56.08req/s] [内存消耗：1,865.12kb] [文件加载：50]
[ error ] [8]未定义数组下标: 1

---------------------------------------------------------------
[ 2023-09-11T07:32:04+08:00 ] [ log ] at522.icu/99/ [运行时间：0.011303s][吞吐率：88.47req/s] [内存消耗：1,864.80kb] [文件加载：51]
[ error ] [8]未定义数组下标: 1

---------------------------------------------------------------
[ 2023-09-11T07:32:05+08:00 ] [ log ] at522.icu/99/ [运行时间：0.010659s][吞吐率：93.82req/s] [内存消耗：1,864.80kb] [文件加载：51]
[ error ] [8]未定义数组下标: 1

---------------------------------------------------------------
[ 2023-09-11T07:32:05+08:00 ] [ log ] at522.icu/99/ [运行时间：0.011110s][吞吐率：90.01req/s] [内存消耗：1,864.80kb] [文件加载：51]
[ error ] [8]未定义数组下标: 1

---------------------------------------------------------------
[ 2023-09-11T07:32:05+08:00 ] [ log ] at522.icu/99/ [运行时间：0.010812s][吞吐率：92.49req/s] [内存消耗：1,864.80kb] [文件加载：51]
[ error ] [8]未定义数组下标: 1

---------------------------------------------------------------
[ 2023-09-11T13:00:47+08:00 ] [ log ] at522.icu/99/ [运行时间：0.016515s][吞吐率：60.55req/s] [内存消耗：1,865.34kb] [文件加载：51]
[ error ] [8]未定义数组下标: 1

---------------------------------------------------------------
[ 2023-09-11T13:00:48+08:00 ] [ log ] at522.icu/99/favicon.ico [运行时间：0.009569s][吞吐率：104.50req/s] [内存消耗：1,650.74kb] [文件加载：44]
[ error ] [8]未定义数组下标: 1

---------------------------------------------------------------
[ 2023-09-11T13:00:50+08:00 ] [ log ] at522.icu/99/index/open.html [运行时间：0.032084s][吞吐率：31.17req/s] [内存消耗：1,865.12kb] [文件加载：50]
[ error ] [8]未定义数组下标: 1

---------------------------------------------------------------
[ 2023-09-11T15:49:15+08:00 ] [ log ] at522.icu/99/ [运行时间：0.011702s][吞吐率：85.46req/s] [内存消耗：1,865.34kb] [文件加载：51]
[ error ] [8]未定义数组下标: 1

---------------------------------------------------------------
[ 2023-09-11T15:49:52+08:00 ] [ log ] at522.icu/99/ [运行时间：0.011179s][吞吐率：89.45req/s] [内存消耗：1,864.80kb] [文件加载：51]
[ error ] [8]未定义数组下标: 1

---------------------------------------------------------------
[ 2023-09-11T15:49:55+08:00 ] [ log ] at522.icu/99/index/open.html [运行时间：0.010815s][吞吐率：92.46req/s] [内存消耗：1,865.12kb] [文件加载：50]
[ error ] [8]未定义数组下标: 1

---------------------------------------------------------------
[ 2023-09-11T15:52:03+08:00 ] [ log ] at521.icu/99/ [运行时间：0.013005s][吞吐率：76.89req/s] [内存消耗：1,865.34kb] [文件加载：51]
[ error ] [8]未定义数组下标: 1

---------------------------------------------------------------
[ 2023-09-11T15:52:07+08:00 ] [ log ] at521.icu/99/ [运行时间：0.011039s][吞吐率：90.59req/s] [内存消耗：1,865.34kb] [文件加载：51]
[ error ] [8]未定义数组下标: 1

---------------------------------------------------------------
[ 2023-09-11T15:52:08+08:00 ] [ log ] at521.icu/99/favicon.ico [运行时间：0.011110s][吞吐率：90.01req/s] [内存消耗：1,650.74kb] [文件加载：44]
[ error ] [8]未定义数组下标: 1

---------------------------------------------------------------
[ 2023-09-11T15:52:11+08:00 ] [ log ] at521.icu/99/index/open.html [运行时间：0.011831s][吞吐率：84.52req/s] [内存消耗：1,865.12kb] [文件加载：50]
[ error ] [8]未定义数组下标: 1

---------------------------------------------------------------
[ 2023-09-11T16:40:18+08:00 ] [ log ] at521.icu/99/ [运行时间：0.011232s][吞吐率：89.03req/s] [内存消耗：1,865.34kb] [文件加载：51]
[ error ] [8]未定义数组下标: 1

---------------------------------------------------------------
[ 2023-09-11T16:40:18+08:00 ] [ log ] at521.icu/99/favicon.ico [运行时间：0.009306s][吞吐率：107.46req/s] [内存消耗：1,650.74kb] [文件加载：44]
[ error ] [8]未定义数组下标: 1

---------------------------------------------------------------
[ 2023-09-11T16:40:21+08:00 ] [ log ] at521.icu/99/index/open.html [运行时间：0.013434s][吞吐率：74.44req/s] [内存消耗：1,865.12kb] [文件加载：50]
[ error ] [8]未定义数组下标: 1

---------------------------------------------------------------
[ 2023-09-11T17:55:08+08:00 ] [ log ] at522.icu/99/ [运行时间：0.010937s][吞吐率：91.43req/s] [内存消耗：1,865.34kb] [文件加载：51]
[ error ] [8]未定义数组下标: 1

---------------------------------------------------------------
[ 2023-09-11T17:55:09+08:00 ] [ log ] at522.icu/99/favicon.ico [运行时间：0.009362s][吞吐率：106.81req/s] [内存消耗：1,650.74kb] [文件加载：44]
[ error ] [8]未定义数组下标: 1

---------------------------------------------------------------
[ 2023-09-11T17:55:11+08:00 ] [ log ] at522.icu/99/index/open.html [运行时间：0.010876s][吞吐率：91.95req/s] [内存消耗：1,865.12kb] [文件加载：50]
[ error ] [8]未定义数组下标: 1

---------------------------------------------------------------
[ 2023-09-11T17:57:39+08:00 ] [ log ] at521.icu/99/ [运行时间：0.010885s][吞吐率：91.87req/s] [内存消耗：1,865.34kb] [文件加载：51]
[ error ] [8]未定义数组下标: 1

---------------------------------------------------------------
[ 2023-09-11T17:57:39+08:00 ] [ log ] at521.icu/99/favicon.ico [运行时间：0.009330s][吞吐率：107.18req/s] [内存消耗：1,650.74kb] [文件加载：44]
[ error ] [8]未定义数组下标: 1

---------------------------------------------------------------
[ 2023-09-11T17:57:43+08:00 ] [ log ] at521.icu/99/index/open.html [运行时间：0.014676s][吞吐率：68.14req/s] [内存消耗：1,865.12kb] [文件加载：50]
[ error ] [8]未定义数组下标: 1

---------------------------------------------------------------
[ 2023-09-11T18:17:44+08:00 ] [ log ] at521.icu/99/ [运行时间：0.010849s][吞吐率：92.17req/s] [内存消耗：1,864.80kb] [文件加载：51]
[ error ] [8]未定义数组下标: 1

---------------------------------------------------------------
[ 2023-09-11T18:17:44+08:00 ] [ log ] at521.icu/99/favicon.ico [运行时间：0.009372s][吞吐率：106.70req/s] [内存消耗：1,650.74kb] [文件加载：44]
[ error ] [8]未定义数组下标: 1

---------------------------------------------------------------
[ 2023-09-11T18:17:50+08:00 ] [ log ] at521.icu/99/index/open.html [运行时间：0.011958s][吞吐率：83.63req/s] [内存消耗：1,865.12kb] [文件加载：50]
[ error ] [8]未定义数组下标: 1

---------------------------------------------------------------
[ 2023-09-11T20:07:01+08:00 ] [ log ] at521.icu/99/ [运行时间：0.015673s][吞吐率：63.80req/s] [内存消耗：1,865.34kb] [文件加载：51]
[ error ] [8]未定义数组下标: 1

---------------------------------------------------------------
[ 2023-09-11T20:07:10+08:00 ] [ log ] at521.icu/99/ [运行时间：0.018705s][吞吐率：53.46req/s] [内存消耗：1,865.34kb] [文件加载：51]
[ error ] [8]未定义数组下标: 1

---------------------------------------------------------------
[ 2023-09-11T20:07:13+08:00 ] [ log ] at521.icu/99/ [运行时间：0.013503s][吞吐率：74.06req/s] [内存消耗：1,865.34kb] [文件加载：51]
[ error ] [8]未定义数组下标: 1

---------------------------------------------------------------
[ 2023-09-11T20:07:16+08:00 ] [ log ] at521.icu/99/ [运行时间：0.010908s][吞吐率：91.68req/s] [内存消耗：1,865.34kb] [文件加载：51]
[ error ] [8]未定义数组下标: 1

---------------------------------------------------------------
[ 2023-09-11T20:07:17+08:00 ] [ log ] at521.icu/99/ [运行时间：0.015194s][吞吐率：65.82req/s] [内存消耗：1,865.34kb] [文件加载：51]
[ error ] [8]未定义数组下标: 1

---------------------------------------------------------------
[ 2023-09-11T20:07:50+08:00 ] [ log ] at521.icu/99/?uc_sm=1 [运行时间：0.014228s][吞吐率：70.28req/s] [内存消耗：1,865.97kb] [文件加载：51]
[ error ] [8]未定义数组下标: 1

---------------------------------------------------------------
[ 2023-09-11T20:07:50+08:00 ] [ log ] at521.icu/99/ [运行时间：0.011276s][吞吐率：88.68req/s] [内存消耗：1,865.34kb] [文件加载：51]
[ error ] [8]未定义数组下标: 1

---------------------------------------------------------------
[ 2023-09-11T20:08:48+08:00 ] [ log ] at521.icu/99/ [运行时间：0.010768s][吞吐率：92.87req/s] [内存消耗：1,865.34kb] [文件加载：51]
[ error ] [8]未定义数组下标: 1

---------------------------------------------------------------
[ 2023-09-11T20:12:14+08:00 ] [ log ] at521.icu/99/ [运行时间：0.014323s][吞吐率：69.82req/s] [内存消耗：1,865.34kb] [文件加载：51]
[ error ] [8]未定义数组下标: 1

---------------------------------------------------------------
[ 2023-09-11T20:12:14+08:00 ] [ log ] at521.icu/99/ [运行时间：0.016549s][吞吐率：60.43req/s] [内存消耗：1,865.34kb] [文件加载：51]
[ error ] [8]未定义数组下标: 1

---------------------------------------------------------------
[ 2023-09-11T20:13:00+08:00 ] [ log ] at522.icu/99/ [运行时间：0.017091s][吞吐率：58.51req/s] [内存消耗：1,865.34kb] [文件加载：51]
[ error ] [8]未定义数组下标: 1

---------------------------------------------------------------
[ 2023-09-11T20:13:01+08:00 ] [ log ] at522.icu/99/favicon.ico [运行时间：0.009468s][吞吐率：105.62req/s] [内存消耗：1,650.74kb] [文件加载：44]
[ error ] [8]未定义数组下标: 1

---------------------------------------------------------------
[ 2023-09-11T20:13:09+08:00 ] [ log ] at522.icu/99/index/open.html [运行时间：0.010593s][吞吐率：94.40req/s] [内存消耗：1,865.12kb] [文件加载：50]
[ error ] [8]未定义数组下标: 1

---------------------------------------------------------------
[ 2023-09-11T20:15:05+08:00 ] [ log ] at522.icu/99/ [运行时间：0.016868s][吞吐率：59.28req/s] [内存消耗：1,865.34kb] [文件加载：51]
[ error ] [8]未定义数组下标: 1

---------------------------------------------------------------
[ 2023-09-11T20:15:06+08:00 ] [ log ] at522.icu/99/favicon.ico [运行时间：0.010122s][吞吐率：98.79req/s] [内存消耗：1,650.74kb] [文件加载：44]
[ error ] [8]未定义数组下标: 1

---------------------------------------------------------------
[ 2023-09-11T20:15:15+08:00 ] [ log ] at522.icu/99/index/open.html [运行时间：0.010705s][吞吐率：93.41req/s] [内存消耗：1,865.12kb] [文件加载：50]
[ error ] [8]未定义数组下标: 1

---------------------------------------------------------------
[ 2023-09-11T20:29:35+08:00 ] [ log ] at522.icu/99/ [运行时间：0.011576s][吞吐率：86.39req/s] [内存消耗：1,864.80kb] [文件加载：51]
[ error ] [8]未定义数组下标: 1

---------------------------------------------------------------
[ 2023-09-11T20:29:36+08:00 ] [ log ] at522.icu/99/favicon.ico [运行时间：0.009561s][吞吐率：104.59req/s] [内存消耗：1,650.74kb] [文件加载：44]
[ error ] [8]未定义数组下标: 1

---------------------------------------------------------------
[ 2023-09-11T20:29:40+08:00 ] [ log ] at522.icu/99/index/open.html [运行时间：0.011364s][吞吐率：88.00req/s] [内存消耗：1,865.12kb] [文件加载：50]
[ error ] [8]未定义数组下标: 1

---------------------------------------------------------------
[ 2023-09-11T20:30:07+08:00 ] [ log ] at522.icu/99/index/open.html [运行时间：0.011184s][吞吐率：89.41req/s] [内存消耗：1,865.12kb] [文件加载：50]
[ error ] [8]未定义数组下标: 1

---------------------------------------------------------------
[ 2023-09-11T20:30:22+08:00 ] [ log ] at522.icu/99/index/open.html [运行时间：0.021871s][吞吐率：45.72req/s] [内存消耗：1,865.12kb] [文件加载：50]
[ error ] [8]未定义数组下标: 1

---------------------------------------------------------------
[ 2023-09-11T21:17:30+08:00 ] [ log ] at522.icu/99/ [运行时间：0.010784s][吞吐率：92.73req/s] [内存消耗：1,865.34kb] [文件加载：51]
[ error ] [8]未定义数组下标: 1

---------------------------------------------------------------
[ 2023-09-11T21:17:31+08:00 ] [ log ] at522.icu/99/favicon.ico [运行时间：0.009685s][吞吐率：103.25req/s] [内存消耗：1,650.74kb] [文件加载：44]
[ error ] [8]未定义数组下标: 1

---------------------------------------------------------------
[ 2023-09-11T21:17:37+08:00 ] [ log ] at522.icu/99/index/open.html [运行时间：0.012192s][吞吐率：82.02req/s] [内存消耗：1,865.12kb] [文件加载：50]
[ error ] [8]未定义数组下标: 1

---------------------------------------------------------------
[ 2023-09-11T21:18:26+08:00 ] [ log ] at522.icu/99/index/open.html [运行时间：0.010598s][吞吐率：94.36req/s] [内存消耗：1,865.12kb] [文件加载：50]
[ error ] [8]未定义数组下标: 1

---------------------------------------------------------------
