[ 2023-09-12T09:40:38+08:00 ] [ log ] at521.icu/99/ [运行时间：0.011590s][吞吐率：86.28req/s] [内存消耗：1,865.34kb] [文件加载：51]
[ error ] [8]未定义数组下标: 1

---------------------------------------------------------------
[ 2023-09-12T09:40:39+08:00 ] [ log ] at521.icu/99/favicon.ico [运行时间：0.009831s][吞吐率：101.72req/s] [内存消耗：1,650.74kb] [文件加载：44]
[ error ] [8]未定义数组下标: 1

---------------------------------------------------------------
[ 2023-09-12T09:40:42+08:00 ] [ log ] at521.icu/99/index/open.html [运行时间：0.010629s][吞吐率：94.08req/s] [内存消耗：1,865.12kb] [文件加载：50]
[ error ] [8]未定义数组下标: 1

---------------------------------------------------------------
[ 2023-09-12T10:56:03+08:00 ] [ log ] at522.icu/99/ [运行时间：0.029198s][吞吐率：34.25req/s] [内存消耗：1,865.34kb] [文件加载：51]
[ error ] [8]未定义数组下标: 1

---------------------------------------------------------------
[ 2023-09-12T10:56:04+08:00 ] [ log ] at522.icu/99/favicon.ico [运行时间：0.009883s][吞吐率：101.18req/s] [内存消耗：1,650.74kb] [文件加载：44]
[ error ] [8]未定义数组下标: 1

---------------------------------------------------------------
[ 2023-09-12T10:56:06+08:00 ] [ log ] at522.icu/99/index/open.html [运行时间：0.034557s][吞吐率：28.94req/s] [内存消耗：1,865.12kb] [文件加载：50]
[ error ] [8]未定义数组下标: 1

---------------------------------------------------------------
[ 2023-09-12T11:23:39+08:00 ] [ log ] at522.icu/99/ [运行时间：0.011353s][吞吐率：88.08req/s] [内存消耗：1,865.34kb] [文件加载：51]
[ error ] [8]未定义数组下标: 1

---------------------------------------------------------------
[ 2023-09-12T11:25:41+08:00 ] [ log ] at522.icu/99/ [运行时间：0.011193s][吞吐率：89.34req/s] [内存消耗：1,864.80kb] [文件加载：51]
[ error ] [8]未定义数组下标: 1

---------------------------------------------------------------
[ 2023-09-12T11:25:42+08:00 ] [ log ] at522.icu/99/favicon.ico [运行时间：0.024880s][吞吐率：40.19req/s] [内存消耗：1,650.74kb] [文件加载：44]
[ error ] [8]未定义数组下标: 1

---------------------------------------------------------------
[ 2023-09-12T11:25:47+08:00 ] [ log ] at522.icu/99/index/open.html [运行时间：0.011030s][吞吐率：90.66req/s] [内存消耗：1,865.12kb] [文件加载：50]
[ error ] [8]未定义数组下标: 1

---------------------------------------------------------------
[ 2023-09-12T11:31:46+08:00 ] [ log ] at522.icu/99/ [运行时间：0.011155s][吞吐率：89.64req/s] [内存消耗：1,864.80kb] [文件加载：51]
[ error ] [8]未定义数组下标: 1

---------------------------------------------------------------
[ 2023-09-12T11:31:47+08:00 ] [ log ] at522.icu/99/favicon.ico [运行时间：0.009628s][吞吐率：103.86req/s] [内存消耗：1,650.74kb] [文件加载：44]
[ error ] [8]未定义数组下标: 1

---------------------------------------------------------------
[ 2023-09-12T11:31:51+08:00 ] [ log ] at522.icu/99/index/open.html [运行时间：0.019747s][吞吐率：50.64req/s] [内存消耗：1,865.12kb] [文件加载：50]
[ error ] [8]未定义数组下标: 1

---------------------------------------------------------------
[ 2023-09-12T13:48:35+08:00 ] [ log ] at522.icu/99/ [运行时间：0.011542s][吞吐率：86.64req/s] [内存消耗：1,865.34kb] [文件加载：51]
[ error ] [8]未定义数组下标: 1

---------------------------------------------------------------
[ 2023-09-12T13:48:36+08:00 ] [ log ] at522.icu/99/favicon.ico [运行时间：0.009783s][吞吐率：102.22req/s] [内存消耗：1,650.74kb] [文件加载：44]
[ error ] [8]未定义数组下标: 1

---------------------------------------------------------------
[ 2023-09-12T13:55:38+08:00 ] [ log ] at522.icu/99/?uc_sm=1 [运行时间：0.013024s][吞吐率：76.78req/s] [内存消耗：1,865.97kb] [文件加载：51]
[ error ] [8]未定义数组下标: 1

---------------------------------------------------------------
[ 2023-09-12T13:55:38+08:00 ] [ log ] at522.icu/99/ [运行时间：0.010522s][吞吐率：95.04req/s] [内存消耗：1,865.34kb] [文件加载：51]
[ error ] [8]未定义数组下标: 1

---------------------------------------------------------------
[ 2023-09-12T13:55:39+08:00 ] [ log ] at522.icu/99/favicon.ico [运行时间：0.011142s][吞吐率：89.75req/s] [内存消耗：1,650.74kb] [文件加载：44]
[ error ] [8]未定义数组下标: 1

---------------------------------------------------------------
[ 2023-09-12T13:55:41+08:00 ] [ log ] at522.icu/99/index/open.html [运行时间：0.012356s][吞吐率：80.93req/s] [内存消耗：1,865.12kb] [文件加载：50]
[ error ] [8]未定义数组下标: 1

---------------------------------------------------------------
[ 2023-09-12T13:57:57+08:00 ] [ log ] at522.icu/99/ [运行时间：0.017471s][吞吐率：57.24req/s] [内存消耗：1,864.80kb] [文件加载：51]
[ error ] [8]未定义数组下标: 1

---------------------------------------------------------------
[ 2023-09-12T13:57:58+08:00 ] [ log ] at522.icu/99/favicon.ico [运行时间：0.009352s][吞吐率：106.93req/s] [内存消耗：1,650.74kb] [文件加载：44]
[ error ] [8]未定义数组下标: 1

---------------------------------------------------------------
[ 2023-09-12T13:58:02+08:00 ] [ log ] at522.icu/99/index/open.html [运行时间：0.010639s][吞吐率：93.99req/s] [内存消耗：1,865.12kb] [文件加载：50]
[ error ] [8]未定义数组下标: 1

---------------------------------------------------------------
[ 2023-09-12T17:00:12+08:00 ] [ log ] at521.icu/99/ [运行时间：0.029010s][吞吐率：34.47req/s] [内存消耗：1,865.34kb] [文件加载：51]
[ error ] [8]未定义数组下标: 1

---------------------------------------------------------------
[ 2023-09-12T17:00:12+08:00 ] [ log ] at521.icu/99/favicon.ico [运行时间：0.032737s][吞吐率：30.55req/s] [内存消耗：1,650.74kb] [文件加载：44]
[ error ] [8]未定义数组下标: 1

---------------------------------------------------------------
[ 2023-09-12T17:00:16+08:00 ] [ log ] at521.icu/99/index/open.html [运行时间：0.011755s][吞吐率：85.07req/s] [内存消耗：1,865.12kb] [文件加载：50]
[ error ] [8]未定义数组下标: 1

---------------------------------------------------------------
[ 2023-09-12T18:11:55+08:00 ] [ log ] at522.icu/99/ [运行时间：0.028907s][吞吐率：34.59req/s] [内存消耗：1,865.34kb] [文件加载：51]
[ error ] [8]未定义数组下标: 1

---------------------------------------------------------------
[ 2023-09-12T18:11:55+08:00 ] [ log ] at522.icu/99/favicon.ico [运行时间：0.020338s][吞吐率：49.17req/s] [内存消耗：1,650.74kb] [文件加载：44]
[ error ] [8]未定义数组下标: 1

---------------------------------------------------------------
[ 2023-09-12T18:11:58+08:00 ] [ log ] at522.icu/99/index/open.html [运行时间：0.010573s][吞吐率：94.58req/s] [内存消耗：1,865.12kb] [文件加载：50]
[ error ] [8]未定义数组下标: 1

---------------------------------------------------------------
[ 2023-09-12T18:25:17+08:00 ] [ log ] at522.icu/99/ [运行时间：0.016468s][吞吐率：60.72req/s] [内存消耗：1,865.34kb] [文件加载：51]
[ error ] [8]未定义数组下标: 1

---------------------------------------------------------------
[ 2023-09-12T18:26:29+08:00 ] [ log ] at522.icu/99/ [运行时间：0.010695s][吞吐率：93.50req/s] [内存消耗：1,864.80kb] [文件加载：51]
[ error ] [8]未定义数组下标: 1

---------------------------------------------------------------
[ 2023-09-12T18:26:30+08:00 ] [ log ] at522.icu/99/favicon.ico [运行时间：0.009655s][吞吐率：103.57req/s] [内存消耗：1,650.74kb] [文件加载：44]
[ error ] [8]未定义数组下标: 1

---------------------------------------------------------------
[ 2023-09-12T18:26:38+08:00 ] [ log ] at522.icu/99/index/open.html [运行时间：0.011497s][吞吐率：86.98req/s] [内存消耗：1,865.12kb] [文件加载：50]
[ error ] [8]未定义数组下标: 1

---------------------------------------------------------------
[ 2023-09-12T19:22:49+08:00 ] [ log ] at522.icu/99/ [运行时间：0.036751s][吞吐率：27.21req/s] [内存消耗：1,864.80kb] [文件加载：51]
[ error ] [8]未定义数组下标: 1

---------------------------------------------------------------
[ 2023-09-12T19:22:51+08:00 ] [ log ] at522.icu/99/favicon.ico [运行时间：0.009395s][吞吐率：106.44req/s] [内存消耗：1,650.74kb] [文件加载：44]
[ error ] [8]未定义数组下标: 1

---------------------------------------------------------------
[ 2023-09-12T19:22:55+08:00 ] [ log ] at522.icu/99/ [运行时间：0.011284s][吞吐率：88.62req/s] [内存消耗：1,864.80kb] [文件加载：51]
[ error ] [8]未定义数组下标: 1

---------------------------------------------------------------
[ 2023-09-12T19:23:06+08:00 ] [ log ] at522.icu/99/index/open.html [运行时间：0.010984s][吞吐率：91.04req/s] [内存消耗：1,865.12kb] [文件加载：50]
[ error ] [8]未定义数组下标: 1

---------------------------------------------------------------
[ 2023-09-12T19:28:42+08:00 ] [ log ] at522.icu/99/ [运行时间：0.010760s][吞吐率：92.94req/s] [内存消耗：1,865.34kb] [文件加载：51]
[ error ] [8]未定义数组下标: 1

---------------------------------------------------------------
[ 2023-09-12T19:28:43+08:00 ] [ log ] at522.icu/99/favicon.ico [运行时间：0.028813s][吞吐率：34.71req/s] [内存消耗：1,650.74kb] [文件加载：44]
[ error ] [8]未定义数组下标: 1

---------------------------------------------------------------
[ 2023-09-12T19:28:46+08:00 ] [ log ] at522.icu/99/index/open.html [运行时间：0.032873s][吞吐率：30.42req/s] [内存消耗：1,865.12kb] [文件加载：50]
[ error ] [8]未定义数组下标: 1

---------------------------------------------------------------
[ 2023-09-12T21:01:26+08:00 ] [ log ] at522.icu/99/ [运行时间：0.022425s][吞吐率：44.59req/s] [内存消耗：1,865.34kb] [文件加载：51]
[ error ] [8]未定义数组下标: 1

---------------------------------------------------------------
[ 2023-09-12T21:01:27+08:00 ] [ log ] at522.icu/99/favicon.ico [运行时间：0.015003s][吞吐率：66.65req/s] [内存消耗：1,650.74kb] [文件加载：44]
[ error ] [8]未定义数组下标: 1

---------------------------------------------------------------
[ 2023-09-12T21:01:30+08:00 ] [ log ] at522.icu/99/index/open.html [运行时间：0.010785s][吞吐率：92.72req/s] [内存消耗：1,865.12kb] [文件加载：50]
[ error ] [8]未定义数组下标: 1

---------------------------------------------------------------
[ 2023-09-12T21:08:52+08:00 ] [ log ] at522.icu/99/ [运行时间：0.011426s][吞吐率：87.52req/s] [内存消耗：1,864.80kb] [文件加载：51]
[ error ] [8]未定义数组下标: 1

---------------------------------------------------------------
[ 2023-09-12T21:08:53+08:00 ] [ log ] at522.icu/99/favicon.ico [运行时间：0.010668s][吞吐率：93.74req/s] [内存消耗：1,650.74kb] [文件加载：44]
[ error ] [8]未定义数组下标: 1

---------------------------------------------------------------
[ 2023-09-12T21:08:56+08:00 ] [ log ] at522.icu/99/index/open.html [运行时间：0.010689s][吞吐率：93.55req/s] [内存消耗：1,865.12kb] [文件加载：50]
[ error ] [8]未定义数组下标: 1

---------------------------------------------------------------
[ 2023-09-12T21:32:18+08:00 ] [ log ] at522.icu/99/ [运行时间：0.010809s][吞吐率：92.52req/s] [内存消耗：1,865.34kb] [文件加载：51]
[ error ] [8]未定义数组下标: 1

---------------------------------------------------------------
[ 2023-09-12T21:32:19+08:00 ] [ log ] at522.icu/99/favicon.ico [运行时间：0.016598s][吞吐率：60.25req/s] [内存消耗：1,650.74kb] [文件加载：44]
[ error ] [8]未定义数组下标: 1

---------------------------------------------------------------
[ 2023-09-12T21:32:22+08:00 ] [ log ] at522.icu/99/index/open.html [运行时间：0.011553s][吞吐率：86.56req/s] [内存消耗：1,865.12kb] [文件加载：50]
[ error ] [8]未定义数组下标: 1

---------------------------------------------------------------
