[ 2023-09-14T03:24:32+08:00 ] [ log ] at588.icu/99/ [运行时间：0.011069s][吞吐率：90.34req/s] [内存消耗：1,864.84kb] [文件加载：51]
[ error ] [8]未定义数组下标: 1

---------------------------------------------------------------
[ 2023-09-14T08:20:09+08:00 ] [ log ] at522.icu/99/ [运行时间：0.010706s][吞吐率：93.41req/s] [内存消耗：1,865.34kb] [文件加载：51]
[ error ] [8]未定义数组下标: 1

---------------------------------------------------------------
[ 2023-09-14T08:20:14+08:00 ] [ log ] at522.icu/99/ [运行时间：0.014150s][吞吐率：70.67req/s] [内存消耗：1,865.34kb] [文件加载：51]
[ error ] [8]未定义数组下标: 1

---------------------------------------------------------------
[ 2023-09-14T08:21:22+08:00 ] [ log ] at566.icu/99/ [运行时间：0.011316s][吞吐率：88.37req/s] [内存消耗：1,865.34kb] [文件加载：51]
[ error ] [8]未定义数组下标: 1

---------------------------------------------------------------
[ 2023-09-14T08:21:23+08:00 ] [ log ] at566.icu/99/favicon.ico [运行时间：0.009908s][吞吐率：100.93req/s] [内存消耗：1,650.74kb] [文件加载：44]
[ error ] [8]未定义数组下标: 1

---------------------------------------------------------------
[ 2023-09-14T08:21:28+08:00 ] [ log ] at566.icu/99/index/open.html [运行时间：0.010770s][吞吐率：92.85req/s] [内存消耗：1,865.12kb] [文件加载：50]
[ error ] [8]未定义数组下标: 1

---------------------------------------------------------------
[ 2023-09-14T08:53:38+08:00 ] [ log ] at588.icu/99/ [运行时间：0.011225s][吞吐率：89.09req/s] [内存消耗：1,865.34kb] [文件加载：51]
[ error ] [8]未定义数组下标: 1

---------------------------------------------------------------
[ 2023-09-14T08:53:38+08:00 ] [ log ] at588.icu/99/favicon.ico [运行时间：0.009491s][吞吐率：105.36req/s] [内存消耗：1,650.74kb] [文件加载：44]
[ error ] [8]未定义数组下标: 1

---------------------------------------------------------------
[ 2023-09-14T08:53:43+08:00 ] [ log ] at588.icu/99/index/open.html [运行时间：0.010912s][吞吐率：91.64req/s] [内存消耗：1,865.12kb] [文件加载：50]
[ error ] [8]未定义数组下标: 1

---------------------------------------------------------------
[ 2023-09-14T09:18:01+08:00 ] [ log ] at588.icu/99/index/open.html [运行时间：0.011078s][吞吐率：90.27req/s] [内存消耗：1,857.95kb] [文件加载：47]
[ error ] [8]Undefined offset: 1

---------------------------------------------------------------
[ 2023-09-14T09:36:38+08:00 ] [ log ] at588.icu/99/ [运行时间：0.010848s][吞吐率：92.18req/s] [内存消耗：1,864.80kb] [文件加载：51]
[ error ] [8]未定义数组下标: 1

---------------------------------------------------------------
[ 2023-09-14T09:36:40+08:00 ] [ log ] at588.icu/99/favicon.ico [运行时间：0.011439s][吞吐率：87.42req/s] [内存消耗：1,650.74kb] [文件加载：44]
[ error ] [8]未定义数组下标: 1

---------------------------------------------------------------
[ 2023-09-14T09:36:43+08:00 ] [ log ] at588.icu/99/index/open.html [运行时间：0.010990s][吞吐率：90.99req/s] [内存消耗：1,865.12kb] [文件加载：50]
[ error ] [8]未定义数组下标: 1

---------------------------------------------------------------
[ 2023-09-14T09:54:33+08:00 ] [ log ] at566.icu/99/ [运行时间：0.011239s][吞吐率：88.98req/s] [内存消耗：1,865.34kb] [文件加载：51]
[ error ] [8]未定义数组下标: 1

---------------------------------------------------------------
[ 2023-09-14T09:54:33+08:00 ] [ log ] at566.icu/99/favicon.ico [运行时间：0.009561s][吞吐率：104.59req/s] [内存消耗：1,650.74kb] [文件加载：44]
[ error ] [8]未定义数组下标: 1

---------------------------------------------------------------
[ 2023-09-14T09:54:36+08:00 ] [ log ] at566.icu/99/index/open.html [运行时间：0.036336s][吞吐率：27.52req/s] [内存消耗：1,865.12kb] [文件加载：50]
[ error ] [8]未定义数组下标: 1

---------------------------------------------------------------
[ 2023-09-14T10:06:24+08:00 ] [ log ] at588.icu/99/ [运行时间：0.011283s][吞吐率：88.63req/s] [内存消耗：1,857.63kb] [文件加载：48]
[ error ] [8]Undefined offset: 1

---------------------------------------------------------------
[ 2023-09-14T10:21:14+08:00 ] [ log ] at888.icu/99/ [运行时间：0.010723s][吞吐率：93.26req/s] [内存消耗：1,865.34kb] [文件加载：51]
[ error ] [8]未定义数组下标: 1

---------------------------------------------------------------
[ 2023-09-14T10:21:15+08:00 ] [ log ] at888.icu/99/favicon.ico [运行时间：0.015625s][吞吐率：64.00req/s] [内存消耗：1,650.74kb] [文件加载：44]
[ error ] [8]未定义数组下标: 1

---------------------------------------------------------------
[ 2023-09-14T10:56:26+08:00 ] [ log ] at522.icu/99/ [运行时间：0.011254s][吞吐率：88.86req/s] [内存消耗：1,865.34kb] [文件加载：51]
[ error ] [8]未定义数组下标: 1

---------------------------------------------------------------
[ 2023-09-14T11:25:02+08:00 ] [ log ] at566.icu/99/ [运行时间：0.010876s][吞吐率：91.95req/s] [内存消耗：1,865.34kb] [文件加载：51]
[ error ] [8]未定义数组下标: 1

---------------------------------------------------------------
[ 2023-09-14T11:25:02+08:00 ] [ log ] at566.icu/99/?uc_sm=1 [运行时间：0.010739s][吞吐率：93.12req/s] [内存消耗：1,865.97kb] [文件加载：51]
[ error ] [8]未定义数组下标: 1

---------------------------------------------------------------
[ 2023-09-14T11:25:07+08:00 ] [ log ] at566.icu/99/favicon.ico [运行时间：0.010629s][吞吐率：94.08req/s] [内存消耗：1,650.74kb] [文件加载：44]
[ error ] [8]未定义数组下标: 1

---------------------------------------------------------------
[ 2023-09-14T11:25:11+08:00 ] [ log ] at566.icu/99/index/open.html [运行时间：0.010933s][吞吐率：91.46req/s] [内存消耗：1,865.12kb] [文件加载：50]
[ error ] [8]未定义数组下标: 1

---------------------------------------------------------------
[ 2023-09-14T11:29:29+08:00 ] [ log ] at588.icu/99/ [运行时间：0.010772s][吞吐率：92.83req/s] [内存消耗：1,865.34kb] [文件加载：51]
[ error ] [8]未定义数组下标: 1

---------------------------------------------------------------
[ 2023-09-14T11:29:33+08:00 ] [ log ] at588.icu/99/favicon.ico [运行时间：0.009663s][吞吐率：103.49req/s] [内存消耗：1,650.74kb] [文件加载：44]
[ error ] [8]未定义数组下标: 1

---------------------------------------------------------------
[ 2023-09-14T11:29:36+08:00 ] [ log ] at588.icu/99/index/open.html [运行时间：0.011837s][吞吐率：84.48req/s] [内存消耗：1,865.12kb] [文件加载：50]
[ error ] [8]未定义数组下标: 1

---------------------------------------------------------------
[ 2023-09-14T11:30:11+08:00 ] [ log ] at588.icu/99/ [运行时间：0.010665s][吞吐率：93.76req/s] [内存消耗：1,864.80kb] [文件加载：51]
[ error ] [8]未定义数组下标: 1

---------------------------------------------------------------
[ 2023-09-14T11:30:11+08:00 ] [ log ] at588.icu/99/favicon.ico [运行时间：0.009794s][吞吐率：102.10req/s] [内存消耗：1,650.74kb] [文件加载：44]
[ error ] [8]未定义数组下标: 1

---------------------------------------------------------------
[ 2023-09-14T11:30:16+08:00 ] [ log ] at588.icu/99/index/open.html [运行时间：0.010836s][吞吐率：92.29req/s] [内存消耗：1,865.12kb] [文件加载：50]
[ error ] [8]未定义数组下标: 1

---------------------------------------------------------------
[ 2023-09-14T12:10:58+08:00 ] [ log ] at588.icu/99/ [运行时间：0.011426s][吞吐率：87.52req/s] [内存消耗：1,864.80kb] [文件加载：51]
[ error ] [8]未定义数组下标: 1

---------------------------------------------------------------
[ 2023-09-14T12:10:58+08:00 ] [ log ] at588.icu/99/favicon.ico [运行时间：0.016321s][吞吐率：61.27req/s] [内存消耗：1,650.74kb] [文件加载：44]
[ error ] [8]未定义数组下标: 1

---------------------------------------------------------------
[ 2023-09-14T12:11:02+08:00 ] [ log ] at588.icu/99/index/open.html [运行时间：0.010878s][吞吐率：91.93req/s] [内存消耗：1,865.12kb] [文件加载：50]
[ error ] [8]未定义数组下标: 1

---------------------------------------------------------------
[ 2023-09-14T12:15:57+08:00 ] [ log ] at588.icu/99/ [运行时间：0.011340s][吞吐率：88.18req/s] [内存消耗：1,857.63kb] [文件加载：48]
[ error ] [8]Undefined offset: 1

---------------------------------------------------------------
[ 2023-09-14T12:15:58+08:00 ] [ log ] at588.icu/99/favicon.ico [运行时间：0.013017s][吞吐率：76.82req/s] [内存消耗：1,643.13kb] [文件加载：42]
[ error ] [8]Undefined offset: 1

---------------------------------------------------------------
[ 2023-09-14T12:17:00+08:00 ] [ log ] at566.icu/99/?uc_sm=1 [运行时间：0.011318s][吞吐率：88.36req/s] [内存消耗：1,865.44kb] [文件加载：51]
[ error ] [8]未定义数组下标: 1

---------------------------------------------------------------
[ 2023-09-14T12:17:01+08:00 ] [ log ] at566.icu/99/?uc_sm=1 [运行时间：0.014716s][吞吐率：67.95req/s] [内存消耗：1,865.44kb] [文件加载：51]
[ error ] [8]未定义数组下标: 1

---------------------------------------------------------------
[ 2023-09-14T12:17:19+08:00 ] [ log ] at522.icu/99/?uc_sm=1 [运行时间：0.011550s][吞吐率：86.58req/s] [内存消耗：1,865.97kb] [文件加载：51]
[ error ] [8]未定义数组下标: 1

---------------------------------------------------------------
[ 2023-09-14T12:17:57+08:00 ] [ log ] at566.icu/99/ [运行时间：0.011179s][吞吐率：89.45req/s] [内存消耗：1,864.80kb] [文件加载：51]
[ error ] [8]未定义数组下标: 1

---------------------------------------------------------------
[ 2023-09-14T12:17:57+08:00 ] [ log ] at566.icu/99/favicon.ico [运行时间：0.015991s][吞吐率：62.54req/s] [内存消耗：1,650.74kb] [文件加载：44]
[ error ] [8]未定义数组下标: 1

---------------------------------------------------------------
[ 2023-09-14T12:18:00+08:00 ] [ log ] at566.icu/99/index/open.html [运行时间：0.011338s][吞吐率：88.20req/s] [内存消耗：1,865.12kb] [文件加载：50]
[ error ] [8]未定义数组下标: 1

---------------------------------------------------------------
[ 2023-09-14T12:28:44+08:00 ] [ log ] at588.icu/99/ [运行时间：0.012910s][吞吐率：77.46req/s] [内存消耗：1,865.34kb] [文件加载：51]
[ error ] [8]未定义数组下标: 1

---------------------------------------------------------------
[ 2023-09-14T12:28:55+08:00 ] [ log ] at588.icu/99/index/open.html [运行时间：0.011125s][吞吐率：89.89req/s] [内存消耗：1,865.12kb] [文件加载：50]
[ error ] [8]未定义数组下标: 1

---------------------------------------------------------------
[ 2023-09-14T12:30:10+08:00 ] [ log ] at566.icu/99/ [运行时间：0.017165s][吞吐率：58.26req/s] [内存消耗：1,865.34kb] [文件加载：51]
[ error ] [8]未定义数组下标: 1

---------------------------------------------------------------
[ 2023-09-14T12:30:11+08:00 ] [ log ] at566.icu/99/favicon.ico [运行时间：0.012768s][吞吐率：78.32req/s] [内存消耗：1,650.74kb] [文件加载：44]
[ error ] [8]未定义数组下标: 1

---------------------------------------------------------------
[ 2023-09-14T12:30:14+08:00 ] [ log ] at566.icu/99/ [运行时间：0.014953s][吞吐率：66.88req/s] [内存消耗：1,857.63kb] [文件加载：48]
[ error ] [8]Undefined offset: 1

---------------------------------------------------------------
[ 2023-09-14T12:30:15+08:00 ] [ log ] at566.icu/99/index/open.html [运行时间：0.013919s][吞吐率：71.84req/s] [内存消耗：1,865.12kb] [文件加载：50]
[ error ] [8]未定义数组下标: 1

---------------------------------------------------------------
[ 2023-09-14T12:30:19+08:00 ] [ log ] at566.icu/99/ [运行时间：0.014806s][吞吐率：67.54req/s] [内存消耗：1,857.63kb] [文件加载：48]
[ error ] [8]Undefined offset: 1

---------------------------------------------------------------
[ 2023-09-14T12:56:58+08:00 ] [ log ] at566.icu/99/ [运行时间：0.012563s][吞吐率：79.60req/s] [内存消耗：1,865.34kb] [文件加载：51]
[ error ] [8]未定义数组下标: 1

---------------------------------------------------------------
[ 2023-09-14T12:57:02+08:00 ] [ log ] at566.icu/99/favicon.ico [运行时间：0.010170s][吞吐率：98.33req/s] [内存消耗：1,650.74kb] [文件加载：44]
[ error ] [8]未定义数组下标: 1

---------------------------------------------------------------
[ 2023-09-14T12:57:03+08:00 ] [ log ] at566.icu/99/index/open.html [运行时间：0.011211s][吞吐率：89.20req/s] [内存消耗：1,865.12kb] [文件加载：50]
[ error ] [8]未定义数组下标: 1

---------------------------------------------------------------
[ 2023-09-14T13:01:48+08:00 ] [ log ] at588.icu/99/ [运行时间：0.012228s][吞吐率：81.78req/s] [内存消耗：1,865.34kb] [文件加载：51]
[ error ] [8]未定义数组下标: 1

---------------------------------------------------------------
[ 2023-09-14T13:01:48+08:00 ] [ log ] at588.icu/99/favicon.ico [运行时间：0.032653s][吞吐率：30.62req/s] [内存消耗：1,650.74kb] [文件加载：44]
[ error ] [8]未定义数组下标: 1

---------------------------------------------------------------
[ 2023-09-14T13:01:58+08:00 ] [ log ] at588.icu/99/index/open.html [运行时间：0.010624s][吞吐率：94.13req/s] [内存消耗：1,865.12kb] [文件加载：50]
[ error ] [8]未定义数组下标: 1

---------------------------------------------------------------
[ 2023-09-14T13:02:50+08:00 ] [ log ] at588.icu/99/ [运行时间：0.010783s][吞吐率：92.74req/s] [内存消耗：1,864.80kb] [文件加载：51]
[ error ] [8]未定义数组下标: 1

---------------------------------------------------------------
[ 2023-09-14T13:02:51+08:00 ] [ log ] at588.icu/99/favicon.ico [运行时间：0.009760s][吞吐率：102.46req/s] [内存消耗：1,650.74kb] [文件加载：44]
[ error ] [8]未定义数组下标: 1

---------------------------------------------------------------
[ 2023-09-14T13:02:57+08:00 ] [ log ] at588.icu/99/index/open.html [运行时间：0.011388s][吞吐率：87.81req/s] [内存消耗：1,865.12kb] [文件加载：50]
[ error ] [8]未定义数组下标: 1

---------------------------------------------------------------
[ 2023-09-14T13:05:48+08:00 ] [ log ] at588.icu/99/ [运行时间：0.015500s][吞吐率：64.52req/s] [内存消耗：1,865.34kb] [文件加载：51]
[ error ] [8]未定义数组下标: 1

---------------------------------------------------------------
[ 2023-09-14T13:05:50+08:00 ] [ log ] at588.icu/99/favicon.ico [运行时间：0.010130s][吞吐率：98.72req/s] [内存消耗：1,650.74kb] [文件加载：44]
[ error ] [8]未定义数组下标: 1

---------------------------------------------------------------
[ 2023-09-14T13:05:56+08:00 ] [ log ] at588.icu/99/index/open.html [运行时间：0.032242s][吞吐率：31.02req/s] [内存消耗：1,865.12kb] [文件加载：50]
[ error ] [8]未定义数组下标: 1

---------------------------------------------------------------
[ 2023-09-14T13:21:29+08:00 ] [ log ] at588.icu/99/ [运行时间：0.014171s][吞吐率：70.57req/s] [内存消耗：1,864.80kb] [文件加载：51]
[ error ] [8]未定义数组下标: 1

---------------------------------------------------------------
[ 2023-09-14T13:21:30+08:00 ] [ log ] at588.icu/99/favicon.ico [运行时间：0.009348s][吞吐率：106.97req/s] [内存消耗：1,650.74kb] [文件加载：44]
[ error ] [8]未定义数组下标: 1

---------------------------------------------------------------
[ 2023-09-14T13:21:32+08:00 ] [ log ] at588.icu/99/index/open.html [运行时间：0.010619s][吞吐率：94.17req/s] [内存消耗：1,865.12kb] [文件加载：50]
[ error ] [8]未定义数组下标: 1

---------------------------------------------------------------
[ 2023-09-14T13:27:44+08:00 ] [ log ] at588.icu/99/ [运行时间：0.011523s][吞吐率：86.78req/s] [内存消耗：1,857.63kb] [文件加载：48]
[ error ] [8]Undefined offset: 1

---------------------------------------------------------------
[ 2023-09-14T13:51:34+08:00 ] [ log ] at588.icu/99/ [运行时间：0.010755s][吞吐率：92.98req/s] [内存消耗：1,864.80kb] [文件加载：51]
[ error ] [8]未定义数组下标: 1

---------------------------------------------------------------
[ 2023-09-14T13:51:35+08:00 ] [ log ] at588.icu/99/favicon.ico [运行时间：0.009944s][吞吐率：100.56req/s] [内存消耗：1,650.74kb] [文件加载：44]
[ error ] [8]未定义数组下标: 1

---------------------------------------------------------------
[ 2023-09-14T13:51:37+08:00 ] [ log ] at588.icu/99/index/open.html [运行时间：0.011107s][吞吐率：90.03req/s] [内存消耗：1,865.12kb] [文件加载：50]
[ error ] [8]未定义数组下标: 1

---------------------------------------------------------------
[ 2023-09-14T14:01:21+08:00 ] [ log ] at588.icu/99/ [运行时间：0.010888s][吞吐率：91.84req/s] [内存消耗：1,864.80kb] [文件加载：51]
[ error ] [8]未定义数组下标: 1

---------------------------------------------------------------
[ 2023-09-14T14:01:22+08:00 ] [ log ] at588.icu/99/favicon.ico [运行时间：0.009338s][吞吐率：107.09req/s] [内存消耗：1,650.74kb] [文件加载：44]
[ error ] [8]未定义数组下标: 1

---------------------------------------------------------------
[ 2023-09-14T14:01:28+08:00 ] [ log ] at588.icu/99/ [运行时间：0.014765s][吞吐率：67.73req/s] [内存消耗：1,864.80kb] [文件加载：51]
[ error ] [8]未定义数组下标: 1

---------------------------------------------------------------
[ 2023-09-14T14:01:29+08:00 ] [ log ] at588.icu/99/favicon.ico [运行时间：0.009240s][吞吐率：108.23req/s] [内存消耗：1,650.74kb] [文件加载：44]
[ error ] [8]未定义数组下标: 1

---------------------------------------------------------------
[ 2023-09-14T14:01:31+08:00 ] [ log ] at588.icu/99/index/open.html [运行时间：0.011543s][吞吐率：86.63req/s] [内存消耗：1,865.12kb] [文件加载：50]
[ error ] [8]未定义数组下标: 1

---------------------------------------------------------------
[ 2023-09-14T14:49:39+08:00 ] [ log ] at588.icu/99/ [运行时间：0.014308s][吞吐率：69.89req/s] [内存消耗：1,865.34kb] [文件加载：51]
[ error ] [8]未定义数组下标: 1

---------------------------------------------------------------
[ 2023-09-14T14:49:43+08:00 ] [ log ] at588.icu/99/index/open.html [运行时间：0.018958s][吞吐率：52.75req/s] [内存消耗：1,865.12kb] [文件加载：50]
[ error ] [8]未定义数组下标: 1

---------------------------------------------------------------
[ 2023-09-14T15:43:39+08:00 ] [ log ] at588.icu/99/index/open.html [运行时间：0.011058s][吞吐率：90.43req/s] [内存消耗：1,865.15kb] [文件加载：50]
[ error ] [8]未定义数组下标: 1

---------------------------------------------------------------
[ 2023-09-14T15:48:40+08:00 ] [ log ] asd123111.icu/99/?uc_sm=1 [运行时间：0.010787s][吞吐率：92.70req/s] [内存消耗：1,865.98kb] [文件加载：51]
[ error ] [8]未定义数组下标: 1

---------------------------------------------------------------
[ 2023-09-14T16:06:45+08:00 ] [ log ] at588.icu/99/index/open.html [运行时间：0.033502s][吞吐率：29.85req/s] [内存消耗：1,865.65kb] [文件加载：50]
[ error ] [8]未定义数组下标: 1

---------------------------------------------------------------
[ 2023-09-14T16:06:47+08:00 ] [ log ] at588.icu/99/index/open.html [运行时间：0.037621s][吞吐率：26.58req/s] [内存消耗：1,865.65kb] [文件加载：50]
[ error ] [8]未定义数组下标: 1

---------------------------------------------------------------
[ 2023-09-14T17:06:06+08:00 ] [ log ] at588.icu/99/ [运行时间：0.013377s][吞吐率：74.76req/s] [内存消耗：1,865.34kb] [文件加载：51]
[ error ] [8]未定义数组下标: 1

---------------------------------------------------------------
[ 2023-09-14T17:06:15+08:00 ] [ log ] at566.icu/99/ [运行时间：0.011609s][吞吐率：86.14req/s] [内存消耗：1,865.34kb] [文件加载：51]
[ error ] [8]未定义数组下标: 1

---------------------------------------------------------------
[ 2023-09-14T17:06:15+08:00 ] [ log ] at566.icu/99/?uc_sm=1&from=wh10331 [运行时间：0.011465s][吞吐率：87.22req/s] [内存消耗：1,865.98kb] [文件加载：51]
[ error ] [8]未定义数组下标: 1

---------------------------------------------------------------
[ 2023-09-14T17:06:15+08:00 ] [ log ] at566.icu/99/favicon.ico [运行时间：0.009359s][吞吐率：106.85req/s] [内存消耗：1,650.74kb] [文件加载：44]
[ error ] [8]未定义数组下标: 1

---------------------------------------------------------------
[ 2023-09-14T17:06:18+08:00 ] [ log ] at566.icu/99/index/open.html [运行时间：0.028024s][吞吐率：35.68req/s] [内存消耗：1,865.12kb] [文件加载：50]
[ error ] [8]未定义数组下标: 1

---------------------------------------------------------------
[ 2023-09-14T17:11:15+08:00 ] [ log ] at588.icu/99/index/open.html [运行时间：0.011305s][吞吐率：88.46req/s] [内存消耗：1,865.65kb] [文件加载：50]
[ error ] [8]未定义数组下标: 1

---------------------------------------------------------------
[ 2023-09-14T17:26:50+08:00 ] [ log ] at588.icu/99/ [运行时间：0.012271s][吞吐率：81.49req/s] [内存消耗：1,865.34kb] [文件加载：51]
[ error ] [8]未定义数组下标: 1

---------------------------------------------------------------
[ 2023-09-14T17:26:54+08:00 ] [ log ] at588.icu/99/index/open.html [运行时间：0.012156s][吞吐率：82.26req/s] [内存消耗：1,865.12kb] [文件加载：50]
[ error ] [8]未定义数组下标: 1

---------------------------------------------------------------
[ 2023-09-14T18:03:24+08:00 ] [ log ] at588.icu/99/ [运行时间：0.017355s][吞吐率：57.62req/s] [内存消耗：1,864.80kb] [文件加载：51]
[ error ] [8]未定义数组下标: 1

---------------------------------------------------------------
[ 2023-09-14T18:03:25+08:00 ] [ log ] at588.icu/99/favicon.ico [运行时间：0.009360s][吞吐率：106.84req/s] [内存消耗：1,650.74kb] [文件加载：44]
[ error ] [8]未定义数组下标: 1

---------------------------------------------------------------
[ 2023-09-14T18:03:27+08:00 ] [ log ] at588.icu/99/index/open.html [运行时间：0.010512s][吞吐率：95.13req/s] [内存消耗：1,865.12kb] [文件加载：50]
[ error ] [8]未定义数组下标: 1

---------------------------------------------------------------
[ 2023-09-14T18:08:57+08:00 ] [ log ] at588.icu/99/index/open.html [运行时间：0.014160s][吞吐率：70.62req/s] [内存消耗：1,865.12kb] [文件加载：50]
[ error ] [8]未定义数组下标: 1

---------------------------------------------------------------
[ 2023-09-14T18:08:57+08:00 ] [ log ] at588.icu/99/ [运行时间：0.013337s][吞吐率：74.98req/s] [内存消耗：1,864.80kb] [文件加载：51]
[ error ] [8]未定义数组下标: 1

---------------------------------------------------------------
[ 2023-09-14T18:28:25+08:00 ] [ log ] at522.icu/99/ [运行时间：0.014469s][吞吐率：69.11req/s] [内存消耗：1,865.34kb] [文件加载：51]
[ error ] [8]未定义数组下标: 1

---------------------------------------------------------------
[ 2023-09-14T18:30:08+08:00 ] [ log ] at522.icu/99/ [运行时间：0.011076s][吞吐率：90.29req/s] [内存消耗：1,865.34kb] [文件加载：51]
[ error ] [8]未定义数组下标: 1

---------------------------------------------------------------
[ 2023-09-14T18:30:12+08:00 ] [ log ] at522.icu/99/ [运行时间：0.011476s][吞吐率：87.14req/s] [内存消耗：1,865.34kb] [文件加载：51]
[ error ] [8]未定义数组下标: 1

---------------------------------------------------------------
[ 2023-09-14T18:30:12+08:00 ] [ log ] at522.icu/99/ [运行时间：0.011586s][吞吐率：86.31req/s] [内存消耗：1,865.34kb] [文件加载：51]
[ error ] [8]未定义数组下标: 1

---------------------------------------------------------------
[ 2023-09-14T18:30:12+08:00 ] [ log ] at522.icu/99/ [运行时间：0.011167s][吞吐率：89.55req/s] [内存消耗：1,865.34kb] [文件加载：51]
[ error ] [8]未定义数组下标: 1

---------------------------------------------------------------
[ 2023-09-14T18:30:13+08:00 ] [ log ] at522.icu/99/ [运行时间：0.011575s][吞吐率：86.39req/s] [内存消耗：1,865.34kb] [文件加载：51]
[ error ] [8]未定义数组下标: 1

---------------------------------------------------------------
[ 2023-09-14T18:30:13+08:00 ] [ log ] at522.icu/99/ [运行时间：0.011319s][吞吐率：88.35req/s] [内存消耗：1,865.34kb] [文件加载：51]
[ error ] [8]未定义数组下标: 1

---------------------------------------------------------------
[ 2023-09-14T18:30:13+08:00 ] [ log ] at522.icu/99/ [运行时间：0.011029s][吞吐率：90.67req/s] [内存消耗：1,865.34kb] [文件加载：51]
[ error ] [8]未定义数组下标: 1

---------------------------------------------------------------
[ 2023-09-14T18:41:31+08:00 ] [ log ] at588.icu/99/ [运行时间：0.015693s][吞吐率：63.72req/s] [内存消耗：1,865.34kb] [文件加载：51]
[ error ] [8]未定义数组下标: 1

---------------------------------------------------------------
[ 2023-09-14T18:48:06+08:00 ] [ log ] at522.icu/99/ [运行时间：0.040524s][吞吐率：24.68req/s] [内存消耗：1,865.34kb] [文件加载：51]
[ error ] [8]未定义数组下标: 1

---------------------------------------------------------------
[ 2023-09-14T18:58:54+08:00 ] [ log ] at588.icu/99/ [运行时间：0.011019s][吞吐率：90.75req/s] [内存消耗：1,865.34kb] [文件加载：51]
[ error ] [8]未定义数组下标: 1

---------------------------------------------------------------
[ 2023-09-14T18:59:03+08:00 ] [ log ] at588.icu/99/index/open.html [运行时间：0.019233s][吞吐率：51.99req/s] [内存消耗：1,865.12kb] [文件加载：50]
[ error ] [8]未定义数组下标: 1

---------------------------------------------------------------
[ 2023-09-14T18:59:51+08:00 ] [ log ] at521.icu/99/ [运行时间：0.015167s][吞吐率：65.93req/s] [内存消耗：1,865.34kb] [文件加载：51]
[ error ] [8]未定义数组下标: 1

---------------------------------------------------------------
[ 2023-09-14T18:59:51+08:00 ] [ log ] at521.icu/99/ [运行时间：0.010912s][吞吐率：91.64req/s] [内存消耗：1,865.34kb] [文件加载：51]
[ error ] [8]未定义数组下标: 1

---------------------------------------------------------------
[ 2023-09-14T18:59:53+08:00 ] [ log ] at521.icu/99/favicon.ico [运行时间：0.013281s][吞吐率：75.29req/s] [内存消耗：1,650.74kb] [文件加载：44]
[ error ] [8]未定义数组下标: 1

---------------------------------------------------------------
[ 2023-09-14T18:59:55+08:00 ] [ log ] at521.icu/99/index/open.html [运行时间：0.010635s][吞吐率：94.03req/s] [内存消耗：1,865.12kb] [文件加载：50]
[ error ] [8]未定义数组下标: 1

---------------------------------------------------------------
[ 2023-09-14T19:10:24+08:00 ] [ log ] at588.icu/99/ [运行时间：0.034496s][吞吐率：28.99req/s] [内存消耗：1,864.80kb] [文件加载：51]
[ error ] [8]未定义数组下标: 1

---------------------------------------------------------------
[ 2023-09-14T19:10:25+08:00 ] [ log ] at588.icu/99/favicon.ico [运行时间：0.009353s][吞吐率：106.92req/s] [内存消耗：1,650.74kb] [文件加载：44]
[ error ] [8]未定义数组下标: 1

---------------------------------------------------------------
[ 2023-09-14T19:10:28+08:00 ] [ log ] at588.icu/99/index/open.html [运行时间：0.011294s][吞吐率：88.54req/s] [内存消耗：1,865.12kb] [文件加载：50]
[ error ] [8]未定义数组下标: 1

---------------------------------------------------------------
[ 2023-09-14T19:38:58+08:00 ] [ log ] at566.icu/99/?uc_sm=1&from=wh10331 [运行时间：0.010749s][吞吐率：93.03req/s] [内存消耗：1,865.98kb] [文件加载：51]
[ error ] [8]未定义数组下标: 1

---------------------------------------------------------------
[ 2023-09-14T19:38:58+08:00 ] [ log ] at566.icu/99/ [运行时间：0.010940s][吞吐率：91.41req/s] [内存消耗：1,865.34kb] [文件加载：51]
[ error ] [8]未定义数组下标: 1

---------------------------------------------------------------
[ 2023-09-14T19:39:01+08:00 ] [ log ] at566.icu/99/favicon.ico [运行时间：0.009656s][吞吐率：103.56req/s] [内存消耗：1,650.74kb] [文件加载：44]
[ error ] [8]未定义数组下标: 1

---------------------------------------------------------------
[ 2023-09-14T19:39:04+08:00 ] [ log ] at566.icu/99/index/open.html [运行时间：0.010562s][吞吐率：94.68req/s] [内存消耗：1,865.12kb] [文件加载：50]
[ error ] [8]未定义数组下标: 1

---------------------------------------------------------------
[ 2023-09-14T19:40:22+08:00 ] [ log ] at588.icu/99/ [运行时间：0.013141s][吞吐率：76.10req/s] [内存消耗：1,864.80kb] [文件加载：51]
[ error ] [8]未定义数组下标: 1

---------------------------------------------------------------
[ 2023-09-14T19:40:23+08:00 ] [ log ] at588.icu/99/favicon.ico [运行时间：0.010237s][吞吐率：97.69req/s] [内存消耗：1,650.74kb] [文件加载：44]
[ error ] [8]未定义数组下标: 1

---------------------------------------------------------------
[ 2023-09-14T19:40:25+08:00 ] [ log ] at588.icu/99/index/open.html [运行时间：0.011351s][吞吐率：88.10req/s] [内存消耗：1,865.12kb] [文件加载：50]
[ error ] [8]未定义数组下标: 1

---------------------------------------------------------------
[ 2023-09-14T20:09:40+08:00 ] [ log ] at588.icu/99/ [运行时间：0.011621s][吞吐率：86.05req/s] [内存消耗：1,865.34kb] [文件加载：51]
[ error ] [8]未定义数组下标: 1

---------------------------------------------------------------
[ 2023-09-14T20:27:54+08:00 ] [ log ] at588.icu/99/ [运行时间：0.010763s][吞吐率：92.91req/s] [内存消耗：1,865.34kb] [文件加载：51]
[ error ] [8]未定义数组下标: 1

---------------------------------------------------------------
[ 2023-09-14T20:27:55+08:00 ] [ log ] at588.icu/99/favicon.ico [运行时间：0.031096s][吞吐率：32.16req/s] [内存消耗：1,650.74kb] [文件加载：44]
[ error ] [8]未定义数组下标: 1

---------------------------------------------------------------
[ 2023-09-14T20:27:57+08:00 ] [ log ] at588.icu/99/index/open.html [运行时间：0.011235s][吞吐率：89.01req/s] [内存消耗：1,865.12kb] [文件加载：50]
[ error ] [8]未定义数组下标: 1

---------------------------------------------------------------
[ 2023-09-14T21:32:27+08:00 ] [ log ] at566.icu/99/?uc_sm=1&from=wh10331 [运行时间：0.016317s][吞吐率：61.29req/s] [内存消耗：1,865.98kb] [文件加载：51]
[ error ] [8]未定义数组下标: 1

---------------------------------------------------------------
[ 2023-09-14T21:32:27+08:00 ] [ log ] at566.icu/99/ [运行时间：0.011096s][吞吐率：90.12req/s] [内存消耗：1,865.34kb] [文件加载：51]
[ error ] [8]未定义数组下标: 1

---------------------------------------------------------------
[ 2023-09-14T21:32:27+08:00 ] [ log ] at566.icu/99/favicon.ico [运行时间：0.009362s][吞吐率：106.81req/s] [内存消耗：1,650.74kb] [文件加载：44]
[ error ] [8]未定义数组下标: 1

---------------------------------------------------------------
[ 2023-09-14T21:32:30+08:00 ] [ log ] at566.icu/99/index/open.html [运行时间：0.036289s][吞吐率：27.56req/s] [内存消耗：1,865.12kb] [文件加载：50]
[ error ] [8]未定义数组下标: 1

---------------------------------------------------------------
[ 2023-09-14T21:36:46+08:00 ] [ log ] at521.icu/99/?uc_sm=1 [运行时间：0.023536s][吞吐率：42.49req/s] [内存消耗：1,865.97kb] [文件加载：51]
[ error ] [8]未定义数组下标: 1

---------------------------------------------------------------
[ 2023-09-14T21:36:47+08:00 ] [ log ] at521.icu/99/ [运行时间：0.013474s][吞吐率：74.22req/s] [内存消耗：1,865.34kb] [文件加载：51]
[ error ] [8]未定义数组下标: 1

---------------------------------------------------------------
[ 2023-09-14T21:36:47+08:00 ] [ log ] at521.icu/99/ [运行时间：0.029473s][吞吐率：33.93req/s] [内存消耗：1,865.34kb] [文件加载：51]
[ error ] [8]未定义数组下标: 1

---------------------------------------------------------------
[ 2023-09-14T21:36:49+08:00 ] [ log ] at521.icu/99/favicon.ico [运行时间：0.010116s][吞吐率：98.85req/s] [内存消耗：1,650.74kb] [文件加载：44]
[ error ] [8]未定义数组下标: 1

---------------------------------------------------------------
[ 2023-09-14T21:36:59+08:00 ] [ log ] at521.icu/99/index/open.html [运行时间：0.034311s][吞吐率：29.15req/s] [内存消耗：1,865.12kb] [文件加载：50]
[ error ] [8]未定义数组下标: 1

---------------------------------------------------------------
[ 2023-09-14T21:38:53+08:00 ] [ log ] at521.icu/99/index/open.html [运行时间：0.013903s][吞吐率：71.93req/s] [内存消耗：1,865.12kb] [文件加载：50]
[ error ] [8]未定义数组下标: 1

---------------------------------------------------------------
[ 2023-09-14T22:37:20+08:00 ] [ log ] at588.icu/99/ [运行时间：0.011338s][吞吐率：88.20req/s] [内存消耗：1,865.34kb] [文件加载：51]
[ error ] [8]未定义数组下标: 1

---------------------------------------------------------------
[ 2023-09-14T22:37:23+08:00 ] [ log ] at588.icu/99/index/open.html [运行时间：0.012128s][吞吐率：82.45req/s] [内存消耗：1,865.12kb] [文件加载：50]
[ error ] [8]未定义数组下标: 1

---------------------------------------------------------------
[ 2023-09-14T22:39:03+08:00 ] [ log ] at588.icu/99/favicon.ico [运行时间：0.009314s][吞吐率：107.37req/s] [内存消耗：1,650.74kb] [文件加载：44]
[ error ] [8]未定义数组下标: 1

---------------------------------------------------------------
