[ 2023-09-15T01:31:46+08:00 ] [ log ] at588.icu/99/ [运行时间：0.014988s][吞吐率：66.72req/s] [内存消耗：1,865.34kb] [文件加载：51]
[ error ] [8]未定义数组下标: 1

---------------------------------------------------------------
[ 2023-09-15T01:31:46+08:00 ] [ log ] at588.icu/99/favicon.ico [运行时间：0.014638s][吞吐率：68.32req/s] [内存消耗：1,650.74kb] [文件加载：44]
[ error ] [8]未定义数组下标: 1

---------------------------------------------------------------
[ 2023-09-15T01:31:49+08:00 ] [ log ] at588.icu/99/index/open.html [运行时间：0.010982s][吞吐率：91.06req/s] [内存消耗：1,865.12kb] [文件加载：50]
[ error ] [8]未定义数组下标: 1

---------------------------------------------------------------
[ 2023-09-15T05:25:12+08:00 ] [ log ] at588.icu/99/ [运行时间：0.012530s][吞吐率：79.81req/s] [内存消耗：1,865.34kb] [文件加载：51]
[ error ] [8]未定义数组下标: 1

---------------------------------------------------------------
[ 2023-09-15T05:25:13+08:00 ] [ log ] at588.icu/99/favicon.ico [运行时间：0.009888s][吞吐率：101.13req/s] [内存消耗：1,650.74kb] [文件加载：44]
[ error ] [8]未定义数组下标: 1

---------------------------------------------------------------
[ 2023-09-15T05:25:16+08:00 ] [ log ] at588.icu/99/index/open.html [运行时间：0.037757s][吞吐率：26.49req/s] [内存消耗：1,865.12kb] [文件加载：50]
[ error ] [8]未定义数组下标: 1

---------------------------------------------------------------
[ 2023-09-15T07:42:45+08:00 ] [ log ] at566.icu/99/?uc_sm=1 [运行时间：0.011286s][吞吐率：88.61req/s] [内存消耗：1,865.97kb] [文件加载：51]
[ error ] [8]未定义数组下标: 1

---------------------------------------------------------------
[ 2023-09-15T07:42:45+08:00 ] [ log ] at566.icu/99/ [运行时间：0.010679s][吞吐率：93.64req/s] [内存消耗：1,865.34kb] [文件加载：51]
[ error ] [8]未定义数组下标: 1

---------------------------------------------------------------
[ 2023-09-15T07:42:46+08:00 ] [ log ] at566.icu/99/favicon.ico [运行时间：0.009869s][吞吐率：101.33req/s] [内存消耗：1,650.74kb] [文件加载：44]
[ error ] [8]未定义数组下标: 1

---------------------------------------------------------------
[ 2023-09-15T07:42:48+08:00 ] [ log ] at566.icu/99/index/open.html [运行时间：0.019475s][吞吐率：51.35req/s] [内存消耗：1,865.12kb] [文件加载：50]
[ error ] [8]未定义数组下标: 1

---------------------------------------------------------------
[ 2023-09-15T10:58:52+08:00 ] [ log ] at566.icu/99/?uc_sm=1 [运行时间：0.011009s][吞吐率：90.83req/s] [内存消耗：1,865.97kb] [文件加载：51]
[ error ] [8]未定义数组下标: 1

---------------------------------------------------------------
[ 2023-09-15T10:58:52+08:00 ] [ log ] at566.icu/99/ [运行时间：0.010654s][吞吐率：93.86req/s] [内存消耗：1,865.34kb] [文件加载：51]
[ error ] [8]未定义数组下标: 1

---------------------------------------------------------------
[ 2023-09-15T10:58:55+08:00 ] [ log ] at566.icu/99/favicon.ico [运行时间：0.016919s][吞吐率：59.11req/s] [内存消耗：1,650.74kb] [文件加载：44]
[ error ] [8]未定义数组下标: 1

---------------------------------------------------------------
[ 2023-09-15T10:58:58+08:00 ] [ log ] at566.icu/99/index/open.html [运行时间：0.011370s][吞吐率：87.95req/s] [内存消耗：1,865.12kb] [文件加载：50]
[ error ] [8]未定义数组下标: 1

---------------------------------------------------------------
[ 2023-09-15T12:03:10+08:00 ] [ log ] at521.icu/99/?uc_sm=1 [运行时间：0.010877s][吞吐率：91.94req/s] [内存消耗：1,865.97kb] [文件加载：51]
[ error ] [8]未定义数组下标: 1

---------------------------------------------------------------
[ 2023-09-15T12:03:11+08:00 ] [ log ] at521.icu/99/ [运行时间：0.010922s][吞吐率：91.56req/s] [内存消耗：1,865.34kb] [文件加载：51]
[ error ] [8]未定义数组下标: 1

---------------------------------------------------------------
[ 2023-09-15T12:03:12+08:00 ] [ log ] at521.icu/99/ [运行时间：0.026222s][吞吐率：38.14req/s] [内存消耗：1,865.34kb] [文件加载：51]
[ error ] [8]未定义数组下标: 1

---------------------------------------------------------------
[ 2023-09-15T12:03:13+08:00 ] [ log ] at521.icu/99/favicon.ico [运行时间：0.009690s][吞吐率：103.20req/s] [内存消耗：1,650.74kb] [文件加载：44]
[ error ] [8]未定义数组下标: 1

---------------------------------------------------------------
[ 2023-09-15T12:03:17+08:00 ] [ log ] at521.icu/99/index/open.html [运行时间：0.017118s][吞吐率：58.42req/s] [内存消耗：1,865.12kb] [文件加载：50]
[ error ] [8]未定义数组下标: 1

---------------------------------------------------------------
[ 2023-09-15T12:23:59+08:00 ] [ log ] at888.icu/99/ [运行时间：0.011002s][吞吐率：90.89req/s] [内存消耗：1,865.34kb] [文件加载：51]
[ error ] [8]未定义数组下标: 1

---------------------------------------------------------------
[ 2023-09-15T12:24:02+08:00 ] [ log ] at888.icu/99/favicon.ico [运行时间：0.011937s][吞吐率：83.77req/s] [内存消耗：1,650.74kb] [文件加载：44]
[ error ] [8]未定义数组下标: 1

---------------------------------------------------------------
[ 2023-09-15T12:24:03+08:00 ] [ log ] at888.icu/99/ [运行时间：0.011373s][吞吐率：87.93req/s] [内存消耗：1,864.80kb] [文件加载：51]
[ error ] [8]未定义数组下标: 1

---------------------------------------------------------------
[ 2023-09-15T12:24:03+08:00 ] [ log ] at888.icu/99/favicon.ico [运行时间：0.009846s][吞吐率：101.56req/s] [内存消耗：1,650.74kb] [文件加载：44]
[ error ] [8]未定义数组下标: 1

---------------------------------------------------------------
[ 2023-09-15T12:24:05+08:00 ] [ log ] at888.icu/99/index/open.html [运行时间：0.011628s][吞吐率：86.00req/s] [内存消耗：1,865.12kb] [文件加载：50]
[ error ] [8]未定义数组下标: 1

---------------------------------------------------------------
[ 2023-09-15T12:25:11+08:00 ] [ log ] at566.icu/99/ [运行时间：0.010667s][吞吐率：93.75req/s] [内存消耗：1,865.34kb] [文件加载：51]
[ error ] [8]未定义数组下标: 1

---------------------------------------------------------------
[ 2023-09-15T12:25:11+08:00 ] [ log ] at566.icu/99/favicon.ico [运行时间：0.009667s][吞吐率：103.45req/s] [内存消耗：1,650.74kb] [文件加载：44]
[ error ] [8]未定义数组下标: 1

---------------------------------------------------------------
[ 2023-09-15T12:25:14+08:00 ] [ log ] at566.icu/99/index/open.html [运行时间：0.010579s][吞吐率：94.53req/s] [内存消耗：1,865.12kb] [文件加载：50]
[ error ] [8]未定义数组下标: 1

---------------------------------------------------------------
[ 2023-09-15T12:28:26+08:00 ] [ log ] at588.icu/99/ [运行时间：0.033993s][吞吐率：29.42req/s] [内存消耗：1,865.34kb] [文件加载：51]
[ error ] [8]未定义数组下标: 1

---------------------------------------------------------------
[ 2023-09-15T12:28:27+08:00 ] [ log ] at588.icu/99/favicon.ico [运行时间：0.009303s][吞吐率：107.49req/s] [内存消耗：1,650.74kb] [文件加载：44]
[ error ] [8]未定义数组下标: 1

---------------------------------------------------------------
[ 2023-09-15T12:28:30+08:00 ] [ log ] at588.icu/99/index/open.html [运行时间：0.014020s][吞吐率：71.33req/s] [内存消耗：1,865.12kb] [文件加载：50]
[ error ] [8]未定义数组下标: 1

---------------------------------------------------------------
[ 2023-09-15T12:33:56+08:00 ] [ log ] at566.icu/99/ [运行时间：0.016131s][吞吐率：61.99req/s] [内存消耗：1,864.80kb] [文件加载：51]
[ error ] [8]未定义数组下标: 1

---------------------------------------------------------------
[ 2023-09-15T12:33:57+08:00 ] [ log ] at566.icu/99/favicon.ico [运行时间：0.013249s][吞吐率：75.48req/s] [内存消耗：1,650.74kb] [文件加载：44]
[ error ] [8]未定义数组下标: 1

---------------------------------------------------------------
[ 2023-09-15T12:33:59+08:00 ] [ log ] at566.icu/99/index/open.html [运行时间：0.016463s][吞吐率：60.74req/s] [内存消耗：1,865.12kb] [文件加载：50]
[ error ] [8]未定义数组下标: 1

---------------------------------------------------------------
[ 2023-09-15T12:34:19+08:00 ] [ log ] at588.icu/99/ [运行时间：0.011204s][吞吐率：89.25req/s] [内存消耗：1,865.34kb] [文件加载：51]
[ error ] [8]未定义数组下标: 1

---------------------------------------------------------------
[ 2023-09-15T12:34:21+08:00 ] [ log ] at588.icu/99/index/open.html [运行时间：0.010514s][吞吐率：95.11req/s] [内存消耗：1,865.12kb] [文件加载：50]
[ error ] [8]未定义数组下标: 1

---------------------------------------------------------------
[ 2023-09-15T12:36:02+08:00 ] [ log ] at566.icu/99/ [运行时间：0.010827s][吞吐率：92.36req/s] [内存消耗：1,864.80kb] [文件加载：51]
[ error ] [8]未定义数组下标: 1

---------------------------------------------------------------
[ 2023-09-15T12:36:02+08:00 ] [ log ] at566.icu/99/favicon.ico [运行时间：0.009248s][吞吐率：108.13req/s] [内存消耗：1,650.74kb] [文件加载：44]
[ error ] [8]未定义数组下标: 1

---------------------------------------------------------------
[ 2023-09-15T12:36:12+08:00 ] [ log ] at566.icu/99/ [运行时间：0.010710s][吞吐率：93.37req/s] [内存消耗：1,864.80kb] [文件加载：51]
[ error ] [8]未定义数组下标: 1

---------------------------------------------------------------
[ 2023-09-15T12:36:12+08:00 ] [ log ] at566.icu/99/favicon.ico [运行时间：0.035020s][吞吐率：28.56req/s] [内存消耗：1,650.74kb] [文件加载：44]
[ error ] [8]未定义数组下标: 1

---------------------------------------------------------------
[ 2023-09-15T12:36:14+08:00 ] [ log ] at566.icu/99/index/open.html [运行时间：0.026999s][吞吐率：37.04req/s] [内存消耗：1,865.12kb] [文件加载：50]
[ error ] [8]未定义数组下标: 1

---------------------------------------------------------------
[ 2023-09-15T12:46:45+08:00 ] [ log ] at588.icu/99/ [运行时间：0.019798s][吞吐率：50.51req/s] [内存消耗：1,865.34kb] [文件加载：51]
[ error ] [8]未定义数组下标: 1

---------------------------------------------------------------
[ 2023-09-15T12:48:31+08:00 ] [ log ] at588.icu/99/ [运行时间：0.010790s][吞吐率：92.68req/s] [内存消耗：1,864.80kb] [文件加载：51]
[ error ] [8]未定义数组下标: 1

---------------------------------------------------------------
[ 2023-09-15T12:48:32+08:00 ] [ log ] at588.icu/99/favicon.ico [运行时间：0.009885s][吞吐率：101.17req/s] [内存消耗：1,650.74kb] [文件加载：44]
[ error ] [8]未定义数组下标: 1

---------------------------------------------------------------
[ 2023-09-15T12:48:34+08:00 ] [ log ] at588.icu/99/index/open.html [运行时间：0.011598s][吞吐率：86.22req/s] [内存消耗：1,865.12kb] [文件加载：50]
[ error ] [8]未定义数组下标: 1

---------------------------------------------------------------
[ 2023-09-15T12:56:15+08:00 ] [ log ] at588.icu/99/ [运行时间：0.011403s][吞吐率：87.70req/s] [内存消耗：1,864.80kb] [文件加载：51]
[ error ] [8]未定义数组下标: 1

---------------------------------------------------------------
[ 2023-09-15T12:56:16+08:00 ] [ log ] at588.icu/99/favicon.ico [运行时间：0.009691s][吞吐率：103.19req/s] [内存消耗：1,650.74kb] [文件加载：44]
[ error ] [8]未定义数组下标: 1

---------------------------------------------------------------
[ 2023-09-15T12:57:43+08:00 ] [ log ] at566.icu/99/ [运行时间：0.011959s][吞吐率：83.62req/s] [内存消耗：1,864.80kb] [文件加载：51]
[ error ] [8]未定义数组下标: 1

---------------------------------------------------------------
[ 2023-09-15T12:57:44+08:00 ] [ log ] at566.icu/99/favicon.ico [运行时间：0.009599s][吞吐率：104.18req/s] [内存消耗：1,650.74kb] [文件加载：44]
[ error ] [8]未定义数组下标: 1

---------------------------------------------------------------
[ 2023-09-15T12:57:46+08:00 ] [ log ] at566.icu/99/index/open.html [运行时间：0.010614s][吞吐率：94.22req/s] [内存消耗：1,865.12kb] [文件加载：50]
[ error ] [8]未定义数组下标: 1

---------------------------------------------------------------
[ 2023-09-15T13:23:44+08:00 ] [ log ] at588.icu/99/ [运行时间：0.010911s][吞吐率：91.65req/s] [内存消耗：1,864.80kb] [文件加载：51]
[ error ] [8]未定义数组下标: 1

---------------------------------------------------------------
[ 2023-09-15T13:23:44+08:00 ] [ log ] at588.icu/99/favicon.ico [运行时间：0.017752s][吞吐率：56.33req/s] [内存消耗：1,650.74kb] [文件加载：44]
[ error ] [8]未定义数组下标: 1

---------------------------------------------------------------
[ 2023-09-15T13:23:51+08:00 ] [ log ] at588.icu/99/index/open.html [运行时间：0.020081s][吞吐率：49.80req/s] [内存消耗：1,865.12kb] [文件加载：50]
[ error ] [8]未定义数组下标: 1

---------------------------------------------------------------
[ 2023-09-15T13:32:34+08:00 ] [ log ] at588.icu/99/ [运行时间：0.029803s][吞吐率：33.55req/s] [内存消耗：1,864.80kb] [文件加载：51]
[ error ] [8]未定义数组下标: 1

---------------------------------------------------------------
[ 2023-09-15T13:32:35+08:00 ] [ log ] at588.icu/99/favicon.ico [运行时间：0.009497s][吞吐率：105.29req/s] [内存消耗：1,650.74kb] [文件加载：44]
[ error ] [8]未定义数组下标: 1

---------------------------------------------------------------
[ 2023-09-15T13:32:37+08:00 ] [ log ] at588.icu/99/index/open.html [运行时间：0.013267s][吞吐率：75.37req/s] [内存消耗：1,865.12kb] [文件加载：50]
[ error ] [8]未定义数组下标: 1

---------------------------------------------------------------
[ 2023-09-15T13:43:00+08:00 ] [ log ] at566.icu/99/ [运行时间：0.021432s][吞吐率：46.66req/s] [内存消耗：1,865.34kb] [文件加载：51]
[ error ] [8]未定义数组下标: 1

---------------------------------------------------------------
[ 2023-09-15T13:43:04+08:00 ] [ log ] at566.icu/99/favicon.ico [运行时间：0.009573s][吞吐率：104.46req/s] [内存消耗：1,650.74kb] [文件加载：44]
[ error ] [8]未定义数组下标: 1

---------------------------------------------------------------
[ 2023-09-15T13:43:05+08:00 ] [ log ] at566.icu/99/index/open.html [运行时间：0.030892s][吞吐率：32.37req/s] [内存消耗：1,865.12kb] [文件加载：50]
[ error ] [8]未定义数组下标: 1

---------------------------------------------------------------
[ 2023-09-15T14:15:32+08:00 ] [ log ] at588.icu/99/ [运行时间：0.016743s][吞吐率：59.73req/s] [内存消耗：1,865.34kb] [文件加载：51]
[ error ] [8]未定义数组下标: 1

---------------------------------------------------------------
[ 2023-09-15T14:15:33+08:00 ] [ log ] at588.icu/99/favicon.ico [运行时间：0.014113s][吞吐率：70.86req/s] [内存消耗：1,650.74kb] [文件加载：44]
[ error ] [8]未定义数组下标: 1

---------------------------------------------------------------
[ 2023-09-15T14:15:35+08:00 ] [ log ] at588.icu/99/index/open.html [运行时间：0.011994s][吞吐率：83.38req/s] [内存消耗：1,865.12kb] [文件加载：50]
[ error ] [8]未定义数组下标: 1

---------------------------------------------------------------
[ 2023-09-15T14:15:47+08:00 ] [ log ] at588.icu/99/ [运行时间：0.015007s][吞吐率：66.64req/s] [内存消耗：1,864.80kb] [文件加载：51]
[ error ] [8]未定义数组下标: 1

---------------------------------------------------------------
[ 2023-09-15T14:15:48+08:00 ] [ log ] at588.icu/99/favicon.ico [运行时间：0.010108s][吞吐率：98.93req/s] [内存消耗：1,650.74kb] [文件加载：44]
[ error ] [8]未定义数组下标: 1

---------------------------------------------------------------
[ 2023-09-15T14:15:50+08:00 ] [ log ] at588.icu/99/index/open.html [运行时间：0.017297s][吞吐率：57.81req/s] [内存消耗：1,865.12kb] [文件加载：50]
[ error ] [8]未定义数组下标: 1

---------------------------------------------------------------
[ 2023-09-15T14:29:03+08:00 ] [ log ] at588.icu/99/ [运行时间：0.014204s][吞吐率：70.40req/s] [内存消耗：1,864.80kb] [文件加载：51]
[ error ] [8]未定义数组下标: 1

---------------------------------------------------------------
[ 2023-09-15T14:29:04+08:00 ] [ log ] at588.icu/99/favicon.ico [运行时间：0.016139s][吞吐率：61.96req/s] [内存消耗：1,650.74kb] [文件加载：44]
[ error ] [8]未定义数组下标: 1

---------------------------------------------------------------
[ 2023-09-15T14:29:06+08:00 ] [ log ] at588.icu/99/index/open.html [运行时间：0.039587s][吞吐率：25.26req/s] [内存消耗：1,865.12kb] [文件加载：50]
[ error ] [8]未定义数组下标: 1

---------------------------------------------------------------
[ 2023-09-15T14:41:48+08:00 ] [ log ] at521.icu/99/?uc_sm=1 [运行时间：0.015440s][吞吐率：64.77req/s] [内存消耗：1,865.97kb] [文件加载：51]
[ error ] [8]未定义数组下标: 1

---------------------------------------------------------------
[ 2023-09-15T14:41:48+08:00 ] [ log ] at521.icu/99/ [运行时间：0.010730s][吞吐率：93.20req/s] [内存消耗：1,865.34kb] [文件加载：51]
[ error ] [8]未定义数组下标: 1

---------------------------------------------------------------
[ 2023-09-15T14:41:49+08:00 ] [ log ] at521.icu/99/ [运行时间：0.012481s][吞吐率：80.12req/s] [内存消耗：1,865.34kb] [文件加载：51]
[ error ] [8]未定义数组下标: 1

---------------------------------------------------------------
[ 2023-09-15T14:41:51+08:00 ] [ log ] at521.icu/99/favicon.ico [运行时间：0.010192s][吞吐率：98.12req/s] [内存消耗：1,650.74kb] [文件加载：44]
[ error ] [8]未定义数组下标: 1

---------------------------------------------------------------
[ 2023-09-15T14:41:53+08:00 ] [ log ] at521.icu/99/index/open.html [运行时间：0.011005s][吞吐率：90.87req/s] [内存消耗：1,865.12kb] [文件加载：50]
[ error ] [8]未定义数组下标: 1

---------------------------------------------------------------
[ 2023-09-15T15:11:22+08:00 ] [ log ] at588.icu/99/ [运行时间：0.012863s][吞吐率：77.74req/s] [内存消耗：1,864.80kb] [文件加载：51]
[ error ] [8]未定义数组下标: 1

---------------------------------------------------------------
[ 2023-09-15T15:11:25+08:00 ] [ log ] at588.icu/99/favicon.ico [运行时间：0.009421s][吞吐率：106.14req/s] [内存消耗：1,650.74kb] [文件加载：44]
[ error ] [8]未定义数组下标: 1

---------------------------------------------------------------
[ 2023-09-15T15:11:27+08:00 ] [ log ] at588.icu/99/index/open.html [运行时间：0.010684s][吞吐率：93.60req/s] [内存消耗：1,865.12kb] [文件加载：50]
[ error ] [8]未定义数组下标: 1

---------------------------------------------------------------
[ 2023-09-15T15:11:43+08:00 ] [ log ] at588.icu/99/ [运行时间：0.011197s][吞吐率：89.31req/s] [内存消耗：1,864.80kb] [文件加载：51]
[ error ] [8]未定义数组下标: 1

---------------------------------------------------------------
[ 2023-09-15T15:11:44+08:00 ] [ log ] at588.icu/99/favicon.ico [运行时间：0.012697s][吞吐率：78.76req/s] [内存消耗：1,650.74kb] [文件加载：44]
[ error ] [8]未定义数组下标: 1

---------------------------------------------------------------
[ 2023-09-15T15:11:52+08:00 ] [ log ] at588.icu/99/ [运行时间：0.037795s][吞吐率：26.46req/s] [内存消耗：1,864.80kb] [文件加载：51]
[ error ] [8]未定义数组下标: 1

---------------------------------------------------------------
[ 2023-09-15T15:11:53+08:00 ] [ log ] at588.icu/99/favicon.ico [运行时间：0.015393s][吞吐率：64.96req/s] [内存消耗：1,650.74kb] [文件加载：44]
[ error ] [8]未定义数组下标: 1

---------------------------------------------------------------
[ 2023-09-15T15:11:58+08:00 ] [ log ] at588.icu/99/index/open.html [运行时间：0.010686s][吞吐率：93.58req/s] [内存消耗：1,865.12kb] [文件加载：50]
[ error ] [8]未定义数组下标: 1

---------------------------------------------------------------
[ 2023-09-15T15:13:36+08:00 ] [ log ] at588.icu/99/ [运行时间：0.010760s][吞吐率：92.94req/s] [内存消耗：1,864.80kb] [文件加载：51]
[ error ] [8]未定义数组下标: 1

---------------------------------------------------------------
[ 2023-09-15T15:13:37+08:00 ] [ log ] at588.icu/99/favicon.ico [运行时间：0.009256s][吞吐率：108.04req/s] [内存消耗：1,650.74kb] [文件加载：44]
[ error ] [8]未定义数组下标: 1

---------------------------------------------------------------
[ 2023-09-15T15:13:51+08:00 ] [ log ] at588.icu/99/ [运行时间：0.037331s][吞吐率：26.79req/s] [内存消耗：1,864.80kb] [文件加载：51]
[ error ] [8]未定义数组下标: 1

---------------------------------------------------------------
[ 2023-09-15T15:13:52+08:00 ] [ log ] at588.icu/99/favicon.ico [运行时间：0.015922s][吞吐率：62.81req/s] [内存消耗：1,650.74kb] [文件加载：44]
[ error ] [8]未定义数组下标: 1

---------------------------------------------------------------
[ 2023-09-15T15:13:54+08:00 ] [ log ] at588.icu/99/index/open.html [运行时间：0.010946s][吞吐率：91.36req/s] [内存消耗：1,865.12kb] [文件加载：50]
[ error ] [8]未定义数组下标: 1

---------------------------------------------------------------
[ 2023-09-15T15:34:00+08:00 ] [ log ] at588.icu/99/ [运行时间：0.015495s][吞吐率：64.54req/s] [内存消耗：1,865.34kb] [文件加载：51]
[ error ] [8]未定义数组下标: 1

---------------------------------------------------------------
[ 2023-09-15T15:34:01+08:00 ] [ log ] at588.icu/99/favicon.ico [运行时间：0.013676s][吞吐率：73.12req/s] [内存消耗：1,650.74kb] [文件加载：44]
[ error ] [8]未定义数组下标: 1

---------------------------------------------------------------
[ 2023-09-15T15:35:45+08:00 ] [ log ] at588.icu/99/ [运行时间：0.027445s][吞吐率：36.44req/s] [内存消耗：1,864.80kb] [文件加载：51]
[ error ] [8]未定义数组下标: 1

---------------------------------------------------------------
[ 2023-09-15T15:35:46+08:00 ] [ log ] at588.icu/99/favicon.ico [运行时间：0.022675s][吞吐率：44.10req/s] [内存消耗：1,650.74kb] [文件加载：44]
[ error ] [8]未定义数组下标: 1

---------------------------------------------------------------
[ 2023-09-15T15:35:47+08:00 ] [ log ] at588.icu/99/index/open.html [运行时间：0.020408s][吞吐率：49.00req/s] [内存消耗：1,865.12kb] [文件加载：50]
[ error ] [8]未定义数组下标: 1

---------------------------------------------------------------
[ 2023-09-15T16:45:49+08:00 ] [ log ] at588.icu/99/ [运行时间：0.021897s][吞吐率：45.67req/s] [内存消耗：1,865.34kb] [文件加载：51]
[ error ] [8]未定义数组下标: 1

---------------------------------------------------------------
[ 2023-09-15T16:45:50+08:00 ] [ log ] at588.icu/99/favicon.ico [运行时间：0.009516s][吞吐率：105.09req/s] [内存消耗：1,650.74kb] [文件加载：44]
[ error ] [8]未定义数组下标: 1

---------------------------------------------------------------
[ 2023-09-15T16:45:54+08:00 ] [ log ] at588.icu/99/index/open.html [运行时间：0.010616s][吞吐率：94.20req/s] [内存消耗：1,865.12kb] [文件加载：50]
[ error ] [8]未定义数组下标: 1

---------------------------------------------------------------
[ 2023-09-15T16:57:13+08:00 ] [ log ] at588.icu/99/ [运行时间：0.011478s][吞吐率：87.12req/s] [内存消耗：1,864.80kb] [文件加载：51]
[ error ] [8]未定义数组下标: 1

---------------------------------------------------------------
[ 2023-09-15T17:12:47+08:00 ] [ log ] at566.icu/99/ [运行时间：0.015565s][吞吐率：64.25req/s] [内存消耗：1,865.34kb] [文件加载：51]
[ error ] [8]未定义数组下标: 1

---------------------------------------------------------------
[ 2023-09-15T17:12:47+08:00 ] [ log ] at566.icu/99/?uc_sm=1 [运行时间：0.010667s][吞吐率：93.75req/s] [内存消耗：1,865.97kb] [文件加载：51]
[ error ] [8]未定义数组下标: 1

---------------------------------------------------------------
[ 2023-09-15T17:12:48+08:00 ] [ log ] at566.icu/99/favicon.ico [运行时间：0.013774s][吞吐率：72.60req/s] [内存消耗：1,650.74kb] [文件加载：44]
[ error ] [8]未定义数组下标: 1

---------------------------------------------------------------
[ 2023-09-15T17:12:50+08:00 ] [ log ] at566.icu/99/index/open.html [运行时间：0.039440s][吞吐率：25.36req/s] [内存消耗：1,865.12kb] [文件加载：50]
[ error ] [8]未定义数组下标: 1

---------------------------------------------------------------
[ 2023-09-15T17:13:20+08:00 ] [ log ] at588.icu/99/ [运行时间：0.019561s][吞吐率：51.12req/s] [内存消耗：1,864.80kb] [文件加载：51]
[ error ] [8]未定义数组下标: 1

---------------------------------------------------------------
[ 2023-09-15T17:13:21+08:00 ] [ log ] at588.icu/99/favicon.ico [运行时间：0.009861s][吞吐率：101.41req/s] [内存消耗：1,650.74kb] [文件加载：44]
[ error ] [8]未定义数组下标: 1

---------------------------------------------------------------
[ 2023-09-15T17:13:23+08:00 ] [ log ] at588.icu/99/index/open.html [运行时间：0.010584s][吞吐率：94.48req/s] [内存消耗：1,865.12kb] [文件加载：50]
[ error ] [8]未定义数组下标: 1

---------------------------------------------------------------
[ 2023-09-15T17:13:24+08:00 ] [ log ] at566.icu/99/?uc_sm=1 [运行时间：0.011680s][吞吐率：85.62req/s] [内存消耗：1,865.44kb] [文件加载：51]
[ error ] [8]未定义数组下标: 1

---------------------------------------------------------------
[ 2023-09-15T17:13:24+08:00 ] [ log ] at566.icu/99/ [运行时间：0.010989s][吞吐率：91.00req/s] [内存消耗：1,864.80kb] [文件加载：51]
[ error ] [8]未定义数组下标: 1

---------------------------------------------------------------
[ 2023-09-15T17:13:24+08:00 ] [ log ] at566.icu/99/favicon.ico [运行时间：0.009355s][吞吐率：106.89req/s] [内存消耗：1,650.74kb] [文件加载：44]
[ error ] [8]未定义数组下标: 1

---------------------------------------------------------------
[ 2023-09-15T17:13:27+08:00 ] [ log ] at566.icu/99/index/open.html [运行时间：0.010638s][吞吐率：94.00req/s] [内存消耗：1,865.12kb] [文件加载：50]
[ error ] [8]未定义数组下标: 1

---------------------------------------------------------------
[ 2023-09-15T17:14:25+08:00 ] [ log ] at588.icu/99/ [运行时间：0.010636s][吞吐率：94.02req/s] [内存消耗：1,864.80kb] [文件加载：51]
[ error ] [8]未定义数组下标: 1

---------------------------------------------------------------
[ 2023-09-15T17:14:25+08:00 ] [ log ] at588.icu/99/favicon.ico [运行时间：0.010258s][吞吐率：97.49req/s] [内存消耗：1,650.74kb] [文件加载：44]
[ error ] [8]未定义数组下标: 1

---------------------------------------------------------------
[ 2023-09-15T17:14:29+08:00 ] [ log ] at588.icu/99/index/open.html [运行时间：0.010631s][吞吐率：94.06req/s] [内存消耗：1,865.12kb] [文件加载：50]
[ error ] [8]未定义数组下标: 1

---------------------------------------------------------------
[ 2023-09-15T17:15:12+08:00 ] [ log ] at588.icu/99/ [运行时间：0.021851s][吞吐率：45.76req/s] [内存消耗：1,864.80kb] [文件加载：51]
[ error ] [8]未定义数组下标: 1

---------------------------------------------------------------
[ 2023-09-15T17:15:13+08:00 ] [ log ] at588.icu/99/favicon.ico [运行时间：0.012953s][吞吐率：77.20req/s] [内存消耗：1,650.74kb] [文件加载：44]
[ error ] [8]未定义数组下标: 1

---------------------------------------------------------------
[ 2023-09-15T17:15:15+08:00 ] [ log ] at588.icu/99/index/open.html [运行时间：0.010950s][吞吐率：91.33req/s] [内存消耗：1,865.12kb] [文件加载：50]
[ error ] [8]未定义数组下标: 1

---------------------------------------------------------------
[ 2023-09-15T17:16:54+08:00 ] [ log ] at588.icu/99/ [运行时间：0.027613s][吞吐率：36.21req/s] [内存消耗：1,865.34kb] [文件加载：51]
[ error ] [8]未定义数组下标: 1

---------------------------------------------------------------
[ 2023-09-15T17:17:10+08:00 ] [ log ] at588.icu/99/favicon.ico [运行时间：0.009320s][吞吐率：107.30req/s] [内存消耗：1,650.74kb] [文件加载：44]
[ error ] [8]未定义数组下标: 1

---------------------------------------------------------------
[ 2023-09-15T17:17:12+08:00 ] [ log ] at588.icu/99/index/open.html [运行时间：0.010736s][吞吐率：93.14req/s] [内存消耗：1,865.12kb] [文件加载：50]
[ error ] [8]未定义数组下标: 1

---------------------------------------------------------------
[ 2023-09-15T17:18:52+08:00 ] [ log ] at588.icu/99/ [运行时间：0.015580s][吞吐率：64.19req/s] [内存消耗：1,865.34kb] [文件加载：51]
[ error ] [8]未定义数组下标: 1

---------------------------------------------------------------
[ 2023-09-15T17:18:54+08:00 ] [ log ] at588.icu/99/favicon.ico [运行时间：0.032972s][吞吐率：30.33req/s] [内存消耗：1,650.74kb] [文件加载：44]
[ error ] [8]未定义数组下标: 1

---------------------------------------------------------------
[ 2023-09-15T17:18:57+08:00 ] [ log ] at588.icu/99/index/open.html [运行时间：0.011290s][吞吐率：88.57req/s] [内存消耗：1,865.12kb] [文件加载：50]
[ error ] [8]未定义数组下标: 1

---------------------------------------------------------------
[ 2023-09-15T17:24:02+08:00 ] [ log ] at588.icu/99/ [运行时间：0.011385s][吞吐率：87.84req/s] [内存消耗：1,864.80kb] [文件加载：51]
[ error ] [8]未定义数组下标: 1

---------------------------------------------------------------
[ 2023-09-15T17:24:02+08:00 ] [ log ] at588.icu/99/favicon.ico [运行时间：0.009223s][吞吐率：108.42req/s] [内存消耗：1,650.74kb] [文件加载：44]
[ error ] [8]未定义数组下标: 1

---------------------------------------------------------------
[ 2023-09-15T17:24:05+08:00 ] [ log ] at588.icu/99/index/open.html [运行时间：0.019642s][吞吐率：50.91req/s] [内存消耗：1,865.12kb] [文件加载：50]
[ error ] [8]未定义数组下标: 1

---------------------------------------------------------------
[ 2023-09-15T17:26:31+08:00 ] [ log ] at588.icu/99/ [运行时间：0.010936s][吞吐率：91.44req/s] [内存消耗：1,865.34kb] [文件加载：51]
[ error ] [8]未定义数组下标: 1

---------------------------------------------------------------
[ 2023-09-15T17:26:33+08:00 ] [ log ] at588.icu/99/index/open.html [运行时间：0.010582s][吞吐率：94.50req/s] [内存消耗：1,865.12kb] [文件加载：50]
[ error ] [8]未定义数组下标: 1

---------------------------------------------------------------
[ 2023-09-15T17:28:29+08:00 ] [ log ] at588.icu/99/ [运行时间：0.011336s][吞吐率：88.22req/s] [内存消耗：1,864.80kb] [文件加载：51]
[ error ] [8]未定义数组下标: 1

---------------------------------------------------------------
[ 2023-09-15T17:28:30+08:00 ] [ log ] at588.icu/99/favicon.ico [运行时间：0.009247s][吞吐率：108.14req/s] [内存消耗：1,650.74kb] [文件加载：44]
[ error ] [8]未定义数组下标: 1

---------------------------------------------------------------
[ 2023-09-15T17:28:36+08:00 ] [ log ] at588.icu/99/index/open.html [运行时间：0.010717s][吞吐率：93.31req/s] [内存消耗：1,865.12kb] [文件加载：50]
[ error ] [8]未定义数组下标: 1

---------------------------------------------------------------
[ 2023-09-15T17:29:23+08:00 ] [ log ] at588.icu/99/ [运行时间：0.033256s][吞吐率：30.07req/s] [内存消耗：1,864.80kb] [文件加载：51]
[ error ] [8]未定义数组下标: 1

---------------------------------------------------------------
[ 2023-09-15T17:29:23+08:00 ] [ log ] at588.icu/99/favicon.ico [运行时间：0.010055s][吞吐率：99.45req/s] [内存消耗：1,650.74kb] [文件加载：44]
[ error ] [8]未定义数组下标: 1

---------------------------------------------------------------
[ 2023-09-15T17:29:25+08:00 ] [ log ] at588.icu/99/index/open.html [运行时间：0.010933s][吞吐率：91.47req/s] [内存消耗：1,865.12kb] [文件加载：50]
[ error ] [8]未定义数组下标: 1

---------------------------------------------------------------
[ 2023-09-15T17:37:09+08:00 ] [ log ] at588.icu/99/index/open.html [运行时间：0.016030s][吞吐率：62.38req/s] [内存消耗：1,857.95kb] [文件加载：47]
[ error ] [8]Undefined offset: 1

---------------------------------------------------------------
[ 2023-09-15T17:49:32+08:00 ] [ log ] at588.icu/99/ [运行时间：0.010698s][吞吐率：93.48req/s] [内存消耗：1,857.63kb] [文件加载：48]
[ error ] [8]Undefined offset: 1

---------------------------------------------------------------
[ 2023-09-15T17:56:42+08:00 ] [ log ] at566.icu/99/?uc_sm=1 [运行时间：0.014702s][吞吐率：68.02req/s] [内存消耗：1,865.97kb] [文件加载：51]
[ error ] [8]未定义数组下标: 1

---------------------------------------------------------------
[ 2023-09-15T17:56:42+08:00 ] [ log ] at566.icu/99/ [运行时间：0.010456s][吞吐率：95.64req/s] [内存消耗：1,865.34kb] [文件加载：51]
[ error ] [8]未定义数组下标: 1

---------------------------------------------------------------
[ 2023-09-15T17:56:45+08:00 ] [ log ] at566.icu/99/favicon.ico [运行时间：0.012289s][吞吐率：81.37req/s] [内存消耗：1,650.74kb] [文件加载：44]
[ error ] [8]未定义数组下标: 1

---------------------------------------------------------------
[ 2023-09-15T17:56:48+08:00 ] [ log ] at566.icu/99/index/open.html [运行时间：0.015119s][吞吐率：66.14req/s] [内存消耗：1,865.12kb] [文件加载：50]
[ error ] [8]未定义数组下标: 1

---------------------------------------------------------------
[ 2023-09-15T18:09:59+08:00 ] [ log ] at588.icu/99/index/open.html [运行时间：0.010703s][吞吐率：93.43req/s] [内存消耗：1,865.12kb] [文件加载：50]
[ error ] [8]未定义数组下标: 1

---------------------------------------------------------------
[ 2023-09-15T18:10:00+08:00 ] [ log ] at588.icu/99/index/open.html [运行时间：0.010600s][吞吐率：94.34req/s] [内存消耗：1,865.12kb] [文件加载：50]
[ error ] [8]未定义数组下标: 1

---------------------------------------------------------------
[ 2023-09-15T18:10:00+08:00 ] [ log ] at588.icu/99/ [运行时间：0.010785s][吞吐率：92.72req/s] [内存消耗：1,864.80kb] [文件加载：51]
[ error ] [8]未定义数组下标: 1

---------------------------------------------------------------
[ 2023-09-15T18:10:59+08:00 ] [ log ] at588.icu/99/ [运行时间：0.011365s][吞吐率：87.99req/s] [内存消耗：1,864.80kb] [文件加载：51]
[ error ] [8]未定义数组下标: 1

---------------------------------------------------------------
[ 2023-09-15T18:11:08+08:00 ] [ log ] at588.icu/99/index/open.html [运行时间：0.013467s][吞吐率：74.26req/s] [内存消耗：1,865.12kb] [文件加载：50]
[ error ] [8]未定义数组下标: 1

---------------------------------------------------------------
[ 2023-09-15T18:12:12+08:00 ] [ log ] at566.icu/99/ [运行时间：0.011099s][吞吐率：90.10req/s] [内存消耗：1,864.80kb] [文件加载：51]
[ error ] [8]未定义数组下标: 1

---------------------------------------------------------------
[ 2023-09-15T18:12:13+08:00 ] [ log ] at566.icu/99/favicon.ico [运行时间：0.012970s][吞吐率：77.10req/s] [内存消耗：1,650.74kb] [文件加载：44]
[ error ] [8]未定义数组下标: 1

---------------------------------------------------------------
[ 2023-09-15T18:12:15+08:00 ] [ log ] at566.icu/99/index/open.html [运行时间：0.011814s][吞吐率：84.64req/s] [内存消耗：1,865.12kb] [文件加载：50]
[ error ] [8]未定义数组下标: 1

---------------------------------------------------------------
[ 2023-09-15T18:12:33+08:00 ] [ log ] at588.icu/99/ [运行时间：0.011450s][吞吐率：87.34req/s] [内存消耗：1,864.80kb] [文件加载：51]
[ error ] [8]未定义数组下标: 1

---------------------------------------------------------------
[ 2023-09-15T18:12:33+08:00 ] [ log ] at588.icu/99/favicon.ico [运行时间：0.010086s][吞吐率：99.15req/s] [内存消耗：1,650.74kb] [文件加载：44]
[ error ] [8]未定义数组下标: 1

---------------------------------------------------------------
[ 2023-09-15T18:12:35+08:00 ] [ log ] at588.icu/99/index/open.html [运行时间：0.011231s][吞吐率：89.04req/s] [内存消耗：1,865.12kb] [文件加载：50]
[ error ] [8]未定义数组下标: 1

---------------------------------------------------------------
[ 2023-09-15T19:26:15+08:00 ] [ log ] at588.icu/99/ [运行时间：0.035524s][吞吐率：28.15req/s] [内存消耗：1,865.34kb] [文件加载：51]
[ error ] [8]未定义数组下标: 1

---------------------------------------------------------------
[ 2023-09-15T19:26:31+08:00 ] [ log ] at588.icu/99/index/open.html [运行时间：0.016301s][吞吐率：61.35req/s] [内存消耗：1,865.12kb] [文件加载：50]
[ error ] [8]未定义数组下标: 1

---------------------------------------------------------------
[ 2023-09-15T19:32:16+08:00 ] [ log ] at566.icu/99/ [运行时间：0.015924s][吞吐率：62.80req/s] [内存消耗：1,865.34kb] [文件加载：51]
[ error ] [8]未定义数组下标: 1

---------------------------------------------------------------
[ 2023-09-15T19:32:16+08:00 ] [ log ] at566.icu/99/favicon.ico [运行时间：0.009490s][吞吐率：105.37req/s] [内存消耗：1,650.74kb] [文件加载：44]
[ error ] [8]未定义数组下标: 1

---------------------------------------------------------------
[ 2023-09-15T19:33:22+08:00 ] [ log ] at588.icu/99/ [运行时间：0.015311s][吞吐率：65.31req/s] [内存消耗：1,864.80kb] [文件加载：51]
[ error ] [8]未定义数组下标: 1

---------------------------------------------------------------
[ 2023-09-15T19:33:23+08:00 ] [ log ] at588.icu/99/favicon.ico [运行时间：0.009716s][吞吐率：102.92req/s] [内存消耗：1,650.74kb] [文件加载：44]
[ error ] [8]未定义数组下标: 1

---------------------------------------------------------------
[ 2023-09-15T19:33:25+08:00 ] [ log ] at588.icu/99/index/open.html [运行时间：0.014768s][吞吐率：67.71req/s] [内存消耗：1,865.12kb] [文件加载：50]
[ error ] [8]未定义数组下标: 1

---------------------------------------------------------------
[ 2023-09-15T19:36:48+08:00 ] [ log ] at588.icu/99/ [运行时间：0.010792s][吞吐率：92.66req/s] [内存消耗：1,864.80kb] [文件加载：51]
[ error ] [8]未定义数组下标: 1

---------------------------------------------------------------
[ 2023-09-15T19:36:48+08:00 ] [ log ] at588.icu/99/favicon.ico [运行时间：0.009346s][吞吐率：107.00req/s] [内存消耗：1,650.74kb] [文件加载：44]
[ error ] [8]未定义数组下标: 1

---------------------------------------------------------------
[ 2023-09-15T19:37:11+08:00 ] [ log ] at588.icu/99/index/open.html [运行时间：0.013704s][吞吐率：72.97req/s] [内存消耗：1,865.12kb] [文件加载：50]
[ error ] [8]未定义数组下标: 1

---------------------------------------------------------------
[ 2023-09-15T21:00:56+08:00 ] [ log ] at588.icu/99/ [运行时间：0.011409s][吞吐率：87.65req/s] [内存消耗：1,865.34kb] [文件加载：51]
[ error ] [8]未定义数组下标: 1

---------------------------------------------------------------
[ 2023-09-15T21:00:56+08:00 ] [ log ] at588.icu/99/favicon.ico [运行时间：0.009560s][吞吐率：104.60req/s] [内存消耗：1,650.74kb] [文件加载：44]
[ error ] [8]未定义数组下标: 1

---------------------------------------------------------------
[ 2023-09-15T21:00:58+08:00 ] [ log ] at588.icu/99/index/open.html [运行时间：0.010503s][吞吐率：95.21req/s] [内存消耗：1,865.12kb] [文件加载：50]
[ error ] [8]未定义数组下标: 1

---------------------------------------------------------------
[ 2023-09-15T21:21:30+08:00 ] [ log ] at588.icu/99/ [运行时间：0.017292s][吞吐率：57.83req/s] [内存消耗：1,865.34kb] [文件加载：51]
[ error ] [8]未定义数组下标: 1

---------------------------------------------------------------
[ 2023-09-15T21:21:33+08:00 ] [ log ] at588.icu/99/favicon.ico [运行时间：0.027848s][吞吐率：35.91req/s] [内存消耗：1,650.74kb] [文件加载：44]
[ error ] [8]未定义数组下标: 1

---------------------------------------------------------------
[ 2023-09-15T21:21:36+08:00 ] [ log ] at588.icu/99/index/open.html [运行时间：0.011238s][吞吐率：88.98req/s] [内存消耗：1,865.12kb] [文件加载：50]
[ error ] [8]未定义数组下标: 1

---------------------------------------------------------------
[ 2023-09-15T21:40:19+08:00 ] [ log ] at588.icu/99/ [运行时间：0.011354s][吞吐率：88.07req/s] [内存消耗：1,864.80kb] [文件加载：51]
[ error ] [8]未定义数组下标: 1

---------------------------------------------------------------
[ 2023-09-15T22:05:09+08:00 ] [ log ] at566.icu/99/favicon.ico [运行时间：0.009267s][吞吐率：107.91req/s] [内存消耗：1,651.28kb] [文件加载：44]
[ error ] [8]未定义数组下标: 1

---------------------------------------------------------------
[ 2023-09-15T22:05:09+08:00 ] [ log ] at566.icu/99/?uc_sm=1 [运行时间：0.011413s][吞吐率：87.62req/s] [内存消耗：1,865.97kb] [文件加载：51]
[ error ] [8]未定义数组下标: 1

---------------------------------------------------------------
[ 2023-09-15T22:05:09+08:00 ] [ log ] at566.icu/99/ [运行时间：0.011568s][吞吐率：86.45req/s] [内存消耗：1,865.34kb] [文件加载：51]
[ error ] [8]未定义数组下标: 1

---------------------------------------------------------------
[ 2023-09-15T22:05:10+08:00 ] [ log ] at566.icu/99/favicon.ico [运行时间：0.010541s][吞吐率：94.87req/s] [内存消耗：1,650.74kb] [文件加载：44]
[ error ] [8]未定义数组下标: 1

---------------------------------------------------------------
[ 2023-09-15T22:05:13+08:00 ] [ log ] at566.icu/99/index/open.html [运行时间：0.034310s][吞吐率：29.15req/s] [内存消耗：1,865.12kb] [文件加载：50]
[ error ] [8]未定义数组下标: 1

---------------------------------------------------------------
[ 2023-09-15T22:05:30+08:00 ] [ log ] at566.icu/99/?uc_sm=1 [运行时间：0.010791s][吞吐率：92.67req/s] [内存消耗：1,865.44kb] [文件加载：51]
[ error ] [8]未定义数组下标: 1

---------------------------------------------------------------
[ 2023-09-15T22:05:30+08:00 ] [ log ] at566.icu/99/ [运行时间：0.015894s][吞吐率：62.92req/s] [内存消耗：1,864.80kb] [文件加载：51]
[ error ] [8]未定义数组下标: 1

---------------------------------------------------------------
[ 2023-09-15T22:05:31+08:00 ] [ log ] at566.icu/99/favicon.ico [运行时间：0.009244s][吞吐率：108.18req/s] [内存消耗：1,650.74kb] [文件加载：44]
[ error ] [8]未定义数组下标: 1

---------------------------------------------------------------
[ 2023-09-15T22:05:33+08:00 ] [ log ] at566.icu/99/index/open.html [运行时间：0.040200s][吞吐率：24.88req/s] [内存消耗：1,865.12kb] [文件加载：50]
[ error ] [8]未定义数组下标: 1

---------------------------------------------------------------
[ 2023-09-15T22:05:46+08:00 ] [ log ] at566.icu/99/?uc_sm=1 [运行时间：0.010662s][吞吐率：93.79req/s] [内存消耗：1,865.44kb] [文件加载：51]
[ error ] [8]未定义数组下标: 1

---------------------------------------------------------------
[ 2023-09-15T22:05:46+08:00 ] [ log ] at566.icu/99/ [运行时间：0.014626s][吞吐率：68.37req/s] [内存消耗：1,864.80kb] [文件加载：51]
[ error ] [8]未定义数组下标: 1

---------------------------------------------------------------
[ 2023-09-15T22:05:47+08:00 ] [ log ] at566.icu/99/favicon.ico [运行时间：0.009899s][吞吐率：101.02req/s] [内存消耗：1,650.74kb] [文件加载：44]
[ error ] [8]未定义数组下标: 1

---------------------------------------------------------------
[ 2023-09-15T22:05:49+08:00 ] [ log ] at566.icu/99/index/open.html [运行时间：0.011104s][吞吐率：90.06req/s] [内存消耗：1,865.12kb] [文件加载：50]
[ error ] [8]未定义数组下标: 1

---------------------------------------------------------------
[ 2023-09-15T22:35:57+08:00 ] [ log ] at522.icu/99/ [运行时间：0.010904s][吞吐率：91.71req/s] [内存消耗：1,865.34kb] [文件加载：51]
[ error ] [8]未定义数组下标: 1

---------------------------------------------------------------
[ 2023-09-15T22:35:58+08:00 ] [ log ] at522.icu/99/?uc_sm=1 [运行时间：0.010632s][吞吐率：94.06req/s] [内存消耗：1,865.97kb] [文件加载：51]
[ error ] [8]未定义数组下标: 1

---------------------------------------------------------------
[ 2023-09-15T23:38:37+08:00 ] [ log ] at588.icu/99/ [运行时间：0.010781s][吞吐率：92.76req/s] [内存消耗：1,865.34kb] [文件加载：51]
[ error ] [8]未定义数组下标: 1

---------------------------------------------------------------
[ 2023-09-15T23:38:48+08:00 ] [ log ] at588.icu/99/index/open.html [运行时间：0.010942s][吞吐率：91.39req/s] [内存消耗：1,865.12kb] [文件加载：50]
[ error ] [8]未定义数组下标: 1

---------------------------------------------------------------
[ 2023-09-15T23:50:41+08:00 ] [ log ] at522.icu/99/ [运行时间：0.019025s][吞吐率：52.56req/s] [内存消耗：1,865.34kb] [文件加载：51]
[ error ] [8]未定义数组下标: 1

---------------------------------------------------------------
[ 2023-09-15T23:50:41+08:00 ] [ log ] at522.icu/99/ [运行时间：0.011398s][吞吐率：87.73req/s] [内存消耗：1,865.34kb] [文件加载：51]
[ error ] [8]未定义数组下标: 1

---------------------------------------------------------------
[ 2023-09-15T23:50:41+08:00 ] [ log ] at522.icu/99/ [运行时间：0.010778s][吞吐率：92.78req/s] [内存消耗：1,865.34kb] [文件加载：51]
[ error ] [8]未定义数组下标: 1

---------------------------------------------------------------
[ 2023-09-15T23:50:42+08:00 ] [ log ] at522.icu/99/ [运行时间：0.011257s][吞吐率：88.83req/s] [内存消耗：1,865.34kb] [文件加载：51]
[ error ] [8]未定义数组下标: 1

---------------------------------------------------------------
