[ 2023-09-16T01:08:33+08:00 ] [ log ] at588.icu/99/ [运行时间：0.011401s][吞吐率：87.71req/s] [内存消耗：1,865.34kb] [文件加载：51]
[ error ] [8]未定义数组下标: 1

---------------------------------------------------------------
[ 2023-09-16T01:08:34+08:00 ] [ log ] at588.icu/99/favicon.ico [运行时间：0.021828s][吞吐率：45.81req/s] [内存消耗：1,650.74kb] [文件加载：44]
[ error ] [8]未定义数组下标: 1

---------------------------------------------------------------
[ 2023-09-16T01:08:41+08:00 ] [ log ] at588.icu/99/index/open.html [运行时间：0.014700s][吞吐率：68.03req/s] [内存消耗：1,865.12kb] [文件加载：50]
[ error ] [8]未定义数组下标: 1

---------------------------------------------------------------
[ 2023-09-16T05:18:40+08:00 ] [ log ] at588.icu/99/ [运行时间：0.015238s][吞吐率：65.63req/s] [内存消耗：1,865.34kb] [文件加载：51]
[ error ] [8]未定义数组下标: 1

---------------------------------------------------------------
[ 2023-09-16T05:18:41+08:00 ] [ log ] at588.icu/99/favicon.ico [运行时间：0.010009s][吞吐率：99.91req/s] [内存消耗：1,650.74kb] [文件加载：44]
[ error ] [8]未定义数组下标: 1

---------------------------------------------------------------
[ 2023-09-16T05:18:45+08:00 ] [ log ] at588.icu/99/index/open.html [运行时间：0.013107s][吞吐率：76.29req/s] [内存消耗：1,865.12kb] [文件加载：50]
[ error ] [8]未定义数组下标: 1

---------------------------------------------------------------
[ 2023-09-16T05:24:39+08:00 ] [ log ] at588.icu/99/ [运行时间：0.011020s][吞吐率：90.74req/s] [内存消耗：1,865.34kb] [文件加载：51]
[ error ] [8]未定义数组下标: 1

---------------------------------------------------------------
[ 2023-09-16T05:24:41+08:00 ] [ log ] at588.icu/99/favicon.ico [运行时间：0.017211s][吞吐率：58.10req/s] [内存消耗：1,650.74kb] [文件加载：44]
[ error ] [8]未定义数组下标: 1

---------------------------------------------------------------
[ 2023-09-16T05:24:43+08:00 ] [ log ] at588.icu/99/index/open.html [运行时间：0.011278s][吞吐率：88.67req/s] [内存消耗：1,865.12kb] [文件加载：50]
[ error ] [8]未定义数组下标: 1

---------------------------------------------------------------
[ 2023-09-16T05:29:41+08:00 ] [ log ] at588.icu/99/ [运行时间：0.011210s][吞吐率：89.21req/s] [内存消耗：1,864.80kb] [文件加载：51]
[ error ] [8]未定义数组下标: 1

---------------------------------------------------------------
[ 2023-09-16T05:29:41+08:00 ] [ log ] at588.icu/99/favicon.ico [运行时间：0.014068s][吞吐率：71.08req/s] [内存消耗：1,650.74kb] [文件加载：44]
[ error ] [8]未定义数组下标: 1

---------------------------------------------------------------
[ 2023-09-16T05:29:43+08:00 ] [ log ] at588.icu/99/index/open.html [运行时间：0.011701s][吞吐率：85.46req/s] [内存消耗：1,865.12kb] [文件加载：50]
[ error ] [8]未定义数组下标: 1

---------------------------------------------------------------
[ 2023-09-16T07:45:18+08:00 ] [ log ] at566.icu/99/ [运行时间：0.011355s][吞吐率：88.07req/s] [内存消耗：1,865.34kb] [文件加载：51]
[ error ] [8]未定义数组下标: 1

---------------------------------------------------------------
[ 2023-09-16T07:45:19+08:00 ] [ log ] at566.icu/99/favicon.ico [运行时间：0.009341s][吞吐率：107.05req/s] [内存消耗：1,650.74kb] [文件加载：44]
[ error ] [8]未定义数组下标: 1

---------------------------------------------------------------
[ 2023-09-16T07:45:21+08:00 ] [ log ] at566.icu/99/index/open.html [运行时间：0.010876s][吞吐率：91.95req/s] [内存消耗：1,865.12kb] [文件加载：50]
[ error ] [8]未定义数组下标: 1

---------------------------------------------------------------
[ 2023-09-16T09:04:58+08:00 ] [ log ] at566.icu/99/ [运行时间：0.010948s][吞吐率：91.34req/s] [内存消耗：1,865.34kb] [文件加载：51]
[ error ] [8]未定义数组下标: 1

---------------------------------------------------------------
[ 2023-09-16T09:04:58+08:00 ] [ log ] at566.icu/99/favicon.ico [运行时间：0.009900s][吞吐率：101.01req/s] [内存消耗：1,650.74kb] [文件加载：44]
[ error ] [8]未定义数组下标: 1

---------------------------------------------------------------
[ 2023-09-16T09:05:00+08:00 ] [ log ] at566.icu/99/index/open.html [运行时间：0.011096s][吞吐率：90.12req/s] [内存消耗：1,865.12kb] [文件加载：50]
[ error ] [8]未定义数组下标: 1

---------------------------------------------------------------
[ 2023-09-16T09:10:34+08:00 ] [ log ] at588.icu/99/?uc_sm=1&from=wh10331 [运行时间：0.011676s][吞吐率：85.65req/s] [内存消耗：1,865.98kb] [文件加载：51]
[ error ] [8]未定义数组下标: 1

---------------------------------------------------------------
[ 2023-09-16T09:10:34+08:00 ] [ log ] at588.icu/99/ [运行时间：0.011285s][吞吐率：88.61req/s] [内存消耗：1,865.34kb] [文件加载：51]
[ error ] [8]未定义数组下标: 1

---------------------------------------------------------------
[ 2023-09-16T09:10:34+08:00 ] [ log ] at588.icu/99/favicon.ico [运行时间：0.009217s][吞吐率：108.49req/s] [内存消耗：1,650.74kb] [文件加载：44]
[ error ] [8]未定义数组下标: 1

---------------------------------------------------------------
[ 2023-09-16T09:10:37+08:00 ] [ log ] at588.icu/99/index/open.html [运行时间：0.010804s][吞吐率：92.56req/s] [内存消耗：1,865.12kb] [文件加载：50]
[ error ] [8]未定义数组下标: 1

---------------------------------------------------------------
[ 2023-09-16T09:47:11+08:00 ] [ log ] at588.icu/99/ [运行时间：0.014423s][吞吐率：69.33req/s] [内存消耗：1,865.34kb] [文件加载：51]
[ error ] [8]未定义数组下标: 1

---------------------------------------------------------------
[ 2023-09-16T09:47:12+08:00 ] [ log ] at588.icu/99/favicon.ico [运行时间：0.009455s][吞吐率：105.76req/s] [内存消耗：1,650.74kb] [文件加载：44]
[ error ] [8]未定义数组下标: 1

---------------------------------------------------------------
[ 2023-09-16T09:47:14+08:00 ] [ log ] at588.icu/99/index/open.html [运行时间：0.011450s][吞吐率：87.34req/s] [内存消耗：1,865.12kb] [文件加载：50]
[ error ] [8]未定义数组下标: 1

---------------------------------------------------------------
[ 2023-09-16T09:56:26+08:00 ] [ log ] at588.icu/99/ [运行时间：0.014692s][吞吐率：68.07req/s] [内存消耗：1,864.80kb] [文件加载：51]
[ error ] [8]未定义数组下标: 1

---------------------------------------------------------------
[ 2023-09-16T09:56:26+08:00 ] [ log ] at588.icu/99/favicon.ico [运行时间：0.009237s][吞吐率：108.26req/s] [内存消耗：1,650.74kb] [文件加载：44]
[ error ] [8]未定义数组下标: 1

---------------------------------------------------------------
[ 2023-09-16T09:56:28+08:00 ] [ log ] at588.icu/99/index/open.html [运行时间：0.010864s][吞吐率：92.05req/s] [内存消耗：1,865.12kb] [文件加载：50]
[ error ] [8]未定义数组下标: 1

---------------------------------------------------------------
[ 2023-09-16T10:39:25+08:00 ] [ log ] at566.icu/99/?uc_sm=1 [运行时间：0.038455s][吞吐率：26.00req/s] [内存消耗：1,865.97kb] [文件加载：51]
[ error ] [8]未定义数组下标: 1

---------------------------------------------------------------
[ 2023-09-16T10:39:26+08:00 ] [ log ] at566.icu/99/ [运行时间：0.040016s][吞吐率：24.99req/s] [内存消耗：1,865.34kb] [文件加载：51]
[ error ] [8]未定义数组下标: 1

---------------------------------------------------------------
[ 2023-09-16T10:39:27+08:00 ] [ log ] at566.icu/99/favicon.ico [运行时间：0.029202s][吞吐率：34.24req/s] [内存消耗：1,650.74kb] [文件加载：44]
[ error ] [8]未定义数组下标: 1

---------------------------------------------------------------
[ 2023-09-16T10:39:30+08:00 ] [ log ] at566.icu/99/index/open.html [运行时间：0.012756s][吞吐率：78.40req/s] [内存消耗：1,865.12kb] [文件加载：50]
[ error ] [8]未定义数组下标: 1

---------------------------------------------------------------
[ 2023-09-16T10:58:37+08:00 ] [ log ] at588.icu/99/ [运行时间：0.011015s][吞吐率：90.79req/s] [内存消耗：1,865.34kb] [文件加载：51]
[ error ] [8]未定义数组下标: 1

---------------------------------------------------------------
[ 2023-09-16T10:58:37+08:00 ] [ log ] at588.icu/99/?uc_sm=1&from=wh10331 [运行时间：0.010792s][吞吐率：92.66req/s] [内存消耗：1,865.98kb] [文件加载：51]
[ error ] [8]未定义数组下标: 1

---------------------------------------------------------------
[ 2023-09-16T10:58:37+08:00 ] [ log ] at588.icu/99/favicon.ico [运行时间：0.009395s][吞吐率：106.44req/s] [内存消耗：1,650.74kb] [文件加载：44]
[ error ] [8]未定义数组下标: 1

---------------------------------------------------------------
[ 2023-09-16T10:58:39+08:00 ] [ log ] at588.icu/99/index/open.html [运行时间：0.014456s][吞吐率：69.18req/s] [内存消耗：1,865.12kb] [文件加载：50]
[ error ] [8]未定义数组下标: 1

---------------------------------------------------------------
[ 2023-09-16T11:41:25+08:00 ] [ log ] at566.icu/99/ [运行时间：0.038015s][吞吐率：26.31req/s] [内存消耗：1,865.34kb] [文件加载：51]
[ error ] [8]未定义数组下标: 1

---------------------------------------------------------------
[ 2023-09-16T11:41:25+08:00 ] [ log ] at566.icu/99/?uc_sm=1 [运行时间：0.020838s][吞吐率：47.99req/s] [内存消耗：1,865.97kb] [文件加载：51]
[ error ] [8]未定义数组下标: 1

---------------------------------------------------------------
[ 2023-09-16T11:41:26+08:00 ] [ log ] at566.icu/99/favicon.ico [运行时间：0.009556s][吞吐率：104.65req/s] [内存消耗：1,650.74kb] [文件加载：44]
[ error ] [8]未定义数组下标: 1

---------------------------------------------------------------
[ 2023-09-16T11:41:28+08:00 ] [ log ] at566.icu/99/index/open.html [运行时间：0.011353s][吞吐率：88.08req/s] [内存消耗：1,865.12kb] [文件加载：50]
[ error ] [8]未定义数组下标: 1

---------------------------------------------------------------
[ 2023-09-16T11:42:44+08:00 ] [ log ] at566.icu/99/?uc_sm=1 [运行时间：0.011433s][吞吐率：87.47req/s] [内存消耗：1,865.44kb] [文件加载：51]
[ error ] [8]未定义数组下标: 1

---------------------------------------------------------------
[ 2023-09-16T11:42:45+08:00 ] [ log ] at566.icu/99/ [运行时间：0.010898s][吞吐率：91.76req/s] [内存消耗：1,864.80kb] [文件加载：51]
[ error ] [8]未定义数组下标: 1

---------------------------------------------------------------
[ 2023-09-16T11:42:45+08:00 ] [ log ] at566.icu/99/favicon.ico [运行时间：0.009698s][吞吐率：103.11req/s] [内存消耗：1,650.74kb] [文件加载：44]
[ error ] [8]未定义数组下标: 1

---------------------------------------------------------------
[ 2023-09-16T11:42:47+08:00 ] [ log ] at566.icu/99/index/open.html [运行时间：0.011181s][吞吐率：89.44req/s] [内存消耗：1,865.12kb] [文件加载：50]
[ error ] [8]未定义数组下标: 1

---------------------------------------------------------------
[ 2023-09-16T11:43:18+08:00 ] [ log ] at566.icu/99/?uc_sm=1 [运行时间：0.016005s][吞吐率：62.48req/s] [内存消耗：1,865.44kb] [文件加载：51]
[ error ] [8]未定义数组下标: 1

---------------------------------------------------------------
[ 2023-09-16T11:43:18+08:00 ] [ log ] at566.icu/99/ [运行时间：0.011195s][吞吐率：89.33req/s] [内存消耗：1,864.80kb] [文件加载：51]
[ error ] [8]未定义数组下标: 1

---------------------------------------------------------------
[ 2023-09-16T11:43:18+08:00 ] [ log ] at566.icu/99/favicon.ico [运行时间：0.009358s][吞吐率：106.86req/s] [内存消耗：1,650.74kb] [文件加载：44]
[ error ] [8]未定义数组下标: 1

---------------------------------------------------------------
[ 2023-09-16T11:43:20+08:00 ] [ log ] at566.icu/99/index/open.html [运行时间：0.014179s][吞吐率：70.53req/s] [内存消耗：1,865.12kb] [文件加载：50]
[ error ] [8]未定义数组下标: 1

---------------------------------------------------------------
[ 2023-09-16T11:44:23+08:00 ] [ log ] at566.icu/99/?uc_sm=1 [运行时间：0.014463s][吞吐率：69.14req/s] [内存消耗：1,865.44kb] [文件加载：51]
[ error ] [8]未定义数组下标: 1

---------------------------------------------------------------
[ 2023-09-16T11:44:24+08:00 ] [ log ] at566.icu/99/ [运行时间：0.012689s][吞吐率：78.81req/s] [内存消耗：1,864.80kb] [文件加载：51]
[ error ] [8]未定义数组下标: 1

---------------------------------------------------------------
[ 2023-09-16T11:44:24+08:00 ] [ log ] at566.icu/99/favicon.ico [运行时间：0.027724s][吞吐率：36.07req/s] [内存消耗：1,650.74kb] [文件加载：44]
[ error ] [8]未定义数组下标: 1

---------------------------------------------------------------
[ 2023-09-16T11:44:28+08:00 ] [ log ] at566.icu/99/index/open.html [运行时间：0.011257s][吞吐率：88.83req/s] [内存消耗：1,865.12kb] [文件加载：50]
[ error ] [8]未定义数组下标: 1

---------------------------------------------------------------
[ 2023-09-16T11:47:25+08:00 ] [ log ] at566.icu/99/?uc_sm=1 [运行时间：0.010672s][吞吐率：93.70req/s] [内存消耗：1,865.44kb] [文件加载：51]
[ error ] [8]未定义数组下标: 1

---------------------------------------------------------------
[ 2023-09-16T11:47:25+08:00 ] [ log ] at566.icu/99/ [运行时间：0.011049s][吞吐率：90.51req/s] [内存消耗：1,864.80kb] [文件加载：51]
[ error ] [8]未定义数组下标: 1

---------------------------------------------------------------
[ 2023-09-16T11:47:25+08:00 ] [ log ] at566.icu/99/favicon.ico [运行时间：0.009933s][吞吐率：100.67req/s] [内存消耗：1,650.74kb] [文件加载：44]
[ error ] [8]未定义数组下标: 1

---------------------------------------------------------------
[ 2023-09-16T11:47:28+08:00 ] [ log ] at566.icu/99/?uc_sm=1 [运行时间：0.010814s][吞吐率：92.47req/s] [内存消耗：1,865.44kb] [文件加载：51]
[ error ] [8]未定义数组下标: 1

---------------------------------------------------------------
[ 2023-09-16T11:47:30+08:00 ] [ log ] at566.icu/99/?uc_sm=1 [运行时间：0.018921s][吞吐率：52.85req/s] [内存消耗：1,865.44kb] [文件加载：51]
[ error ] [8]未定义数组下标: 1

---------------------------------------------------------------
[ 2023-09-16T11:49:02+08:00 ] [ log ] at588.icu/99/ [运行时间：0.010832s][吞吐率：92.32req/s] [内存消耗：1,865.34kb] [文件加载：51]
[ error ] [8]未定义数组下标: 1

---------------------------------------------------------------
[ 2023-09-16T11:49:03+08:00 ] [ log ] at588.icu/99/favicon.ico [运行时间：0.016173s][吞吐率：61.83req/s] [内存消耗：1,650.74kb] [文件加载：44]
[ error ] [8]未定义数组下标: 1

---------------------------------------------------------------
[ 2023-09-16T11:49:05+08:00 ] [ log ] at588.icu/99/index/open.html [运行时间：0.013514s][吞吐率：74.00req/s] [内存消耗：1,865.12kb] [文件加载：50]
[ error ] [8]未定义数组下标: 1

---------------------------------------------------------------
[ 2023-09-16T12:13:56+08:00 ] [ log ] at521.icu/99/?uc_sm=1 [运行时间：0.014914s][吞吐率：67.05req/s] [内存消耗：1,865.97kb] [文件加载：51]
[ error ] [8]未定义数组下标: 1

---------------------------------------------------------------
[ 2023-09-16T12:13:57+08:00 ] [ log ] at521.icu/99/ [运行时间：0.040508s][吞吐率：24.69req/s] [内存消耗：1,865.34kb] [文件加载：51]
[ error ] [8]未定义数组下标: 1

---------------------------------------------------------------
[ 2023-09-16T12:14:00+08:00 ] [ log ] at521.icu/99/ [运行时间：0.010814s][吞吐率：92.47req/s] [内存消耗：1,865.34kb] [文件加载：51]
[ error ] [8]未定义数组下标: 1

---------------------------------------------------------------
[ 2023-09-16T12:14:05+08:00 ] [ log ] at521.icu/99/favicon.ico [运行时间：0.021184s][吞吐率：47.21req/s] [内存消耗：1,650.74kb] [文件加载：44]
[ error ] [8]未定义数组下标: 1

---------------------------------------------------------------
[ 2023-09-16T12:14:09+08:00 ] [ log ] at521.icu/99/index/open.html [运行时间：0.010716s][吞吐率：93.32req/s] [内存消耗：1,865.12kb] [文件加载：50]
[ error ] [8]未定义数组下标: 1

---------------------------------------------------------------
[ 2023-09-16T12:28:25+08:00 ] [ log ] at588.icu/99/?uc_sm=1 [运行时间：0.010842s][吞吐率：92.23req/s] [内存消耗：1,865.44kb] [文件加载：51]
[ error ] [8]未定义数组下标: 1

---------------------------------------------------------------
[ 2023-09-16T12:28:25+08:00 ] [ log ] at588.icu/99/ [运行时间：0.010808s][吞吐率：92.52req/s] [内存消耗：1,864.80kb] [文件加载：51]
[ error ] [8]未定义数组下标: 1

---------------------------------------------------------------
[ 2023-09-16T12:28:26+08:00 ] [ log ] at588.icu/99/favicon.ico [运行时间：0.009504s][吞吐率：105.22req/s] [内存消耗：1,650.74kb] [文件加载：44]
[ error ] [8]未定义数组下标: 1

---------------------------------------------------------------
[ 2023-09-16T12:28:28+08:00 ] [ log ] at588.icu/99/index/open.html [运行时间：0.024991s][吞吐率：40.01req/s] [内存消耗：1,865.12kb] [文件加载：50]
[ error ] [8]未定义数组下标: 1

---------------------------------------------------------------
[ 2023-09-16T12:28:47+08:00 ] [ log ] at588.icu/99/ [运行时间：0.011092s][吞吐率：90.16req/s] [内存消耗：1,865.34kb] [文件加载：51]
[ error ] [8]未定义数组下标: 1

---------------------------------------------------------------
[ 2023-09-16T12:28:50+08:00 ] [ log ] at588.icu/99/?uc_sm=1 [运行时间：0.039523s][吞吐率：25.30req/s] [内存消耗：1,865.44kb] [文件加载：51]
[ error ] [8]未定义数组下标: 1

---------------------------------------------------------------
[ 2023-09-16T12:28:50+08:00 ] [ log ] at588.icu/99/ [运行时间：0.015377s][吞吐率：65.03req/s] [内存消耗：1,864.80kb] [文件加载：51]
[ error ] [8]未定义数组下标: 1

---------------------------------------------------------------
[ 2023-09-16T12:28:50+08:00 ] [ log ] at588.icu/99/favicon.ico [运行时间：0.009303s][吞吐率：107.49req/s] [内存消耗：1,650.74kb] [文件加载：44]
[ error ] [8]未定义数组下标: 1

---------------------------------------------------------------
[ 2023-09-16T12:28:50+08:00 ] [ log ] at588.icu/99/index/open.html [运行时间：0.010592s][吞吐率：94.41req/s] [内存消耗：1,865.12kb] [文件加载：50]
[ error ] [8]未定义数组下标: 1

---------------------------------------------------------------
[ 2023-09-16T12:28:53+08:00 ] [ log ] at588.icu/99/index/open.html [运行时间：0.013686s][吞吐率：73.07req/s] [内存消耗：1,865.12kb] [文件加载：50]
[ error ] [8]未定义数组下标: 1

---------------------------------------------------------------
[ 2023-09-16T12:33:48+08:00 ] [ log ] at588.icu/99/favicon.ico [运行时间：0.009308s][吞吐率：107.44req/s] [内存消耗：1,650.74kb] [文件加载：44]
[ error ] [8]未定义数组下标: 1

---------------------------------------------------------------
[ 2023-09-16T12:37:20+08:00 ] [ log ] at588.icu/99/?uc_sm=1 [运行时间：0.011107s][吞吐率：90.03req/s] [内存消耗：1,865.44kb] [文件加载：51]
[ error ] [8]未定义数组下标: 1

---------------------------------------------------------------
[ 2023-09-16T12:37:20+08:00 ] [ log ] at588.icu/99/ [运行时间：0.011556s][吞吐率：86.54req/s] [内存消耗：1,864.80kb] [文件加载：51]
[ error ] [8]未定义数组下标: 1

---------------------------------------------------------------
[ 2023-09-16T12:37:20+08:00 ] [ log ] at588.icu/99/favicon.ico [运行时间：0.009978s][吞吐率：100.22req/s] [内存消耗：1,650.74kb] [文件加载：44]
[ error ] [8]未定义数组下标: 1

---------------------------------------------------------------
[ 2023-09-16T12:37:22+08:00 ] [ log ] at588.icu/99/index/open.html [运行时间：0.014264s][吞吐率：70.11req/s] [内存消耗：1,865.12kb] [文件加载：50]
[ error ] [8]未定义数组下标: 1

---------------------------------------------------------------
[ 2023-09-16T12:37:30+08:00 ] [ log ] at588.icu/99/ [运行时间：0.029877s][吞吐率：33.47req/s] [内存消耗：1,865.34kb] [文件加载：51]
[ error ] [8]未定义数组下标: 1

---------------------------------------------------------------
[ 2023-09-16T12:37:33+08:00 ] [ log ] at588.icu/99/index/open.html [运行时间：0.010674s][吞吐率：93.69req/s] [内存消耗：1,865.12kb] [文件加载：50]
[ error ] [8]未定义数组下标: 1

---------------------------------------------------------------
[ 2023-09-16T12:37:35+08:00 ] [ log ] at588.icu/99/index/open.html [运行时间：0.039643s][吞吐率：25.23req/s] [内存消耗：1,865.12kb] [文件加载：50]
[ error ] [8]未定义数组下标: 1

---------------------------------------------------------------
[ 2023-09-16T12:38:31+08:00 ] [ log ] at588.icu/99/ [运行时间：0.012172s][吞吐率：82.16req/s] [内存消耗：1,864.80kb] [文件加载：51]
[ error ] [8]未定义数组下标: 1

---------------------------------------------------------------
[ 2023-09-16T12:38:32+08:00 ] [ log ] at588.icu/99/favicon.ico [运行时间：0.009376s][吞吐率：106.65req/s] [内存消耗：1,650.74kb] [文件加载：44]
[ error ] [8]未定义数组下标: 1

---------------------------------------------------------------
[ 2023-09-16T12:38:38+08:00 ] [ log ] at588.icu/99/index/open.html [运行时间：0.011593s][吞吐率：86.26req/s] [内存消耗：1,865.12kb] [文件加载：50]
[ error ] [8]未定义数组下标: 1

---------------------------------------------------------------
[ 2023-09-16T12:46:56+08:00 ] [ log ] at588.icu/99/ [运行时间：0.011148s][吞吐率：89.70req/s] [内存消耗：1,864.80kb] [文件加载：51]
[ error ] [8]未定义数组下标: 1

---------------------------------------------------------------
[ 2023-09-16T12:46:56+08:00 ] [ log ] at588.icu/99/favicon.ico [运行时间：0.035383s][吞吐率：28.26req/s] [内存消耗：1,650.74kb] [文件加载：44]
[ error ] [8]未定义数组下标: 1

---------------------------------------------------------------
[ 2023-09-16T12:49:57+08:00 ] [ log ] at588.icu/99/index/open.html [运行时间：0.011205s][吞吐率：89.24req/s] [内存消耗：1,865.12kb] [文件加载：50]
[ error ] [8]未定义数组下标: 1

---------------------------------------------------------------
[ 2023-09-16T12:52:56+08:00 ] [ log ] at588.icu/99/ [运行时间：0.010880s][吞吐率：91.91req/s] [内存消耗：1,864.80kb] [文件加载：51]
[ error ] [8]未定义数组下标: 1

---------------------------------------------------------------
[ 2023-09-16T12:52:59+08:00 ] [ log ] at588.icu/99/index/open.html [运行时间：0.010843s][吞吐率：92.23req/s] [内存消耗：1,865.12kb] [文件加载：50]
[ error ] [8]未定义数组下标: 1

---------------------------------------------------------------
[ 2023-09-16T12:54:28+08:00 ] [ log ] at588.icu/99/index/open.html [运行时间：0.012256s][吞吐率：81.59req/s] [内存消耗：1,865.12kb] [文件加载：50]
[ error ] [8]未定义数组下标: 1

---------------------------------------------------------------
[ 2023-09-16T12:54:28+08:00 ] [ log ] at588.icu/99/ [运行时间：0.010908s][吞吐率：91.68req/s] [内存消耗：1,864.80kb] [文件加载：51]
[ error ] [8]未定义数组下标: 1

---------------------------------------------------------------
[ 2023-09-16T12:55:23+08:00 ] [ log ] at588.icu/99/favicon.ico [运行时间：0.009508s][吞吐率：105.17req/s] [内存消耗：1,650.74kb] [文件加载：44]
[ error ] [8]未定义数组下标: 1

---------------------------------------------------------------
[ 2023-09-16T14:38:04+08:00 ] [ log ] at588.icu/99/?uc_sm=1 [运行时间：0.013991s][吞吐率：71.48req/s] [内存消耗：1,865.97kb] [文件加载：51]
[ error ] [8]未定义数组下标: 1

---------------------------------------------------------------
[ 2023-09-16T14:38:04+08:00 ] [ log ] at588.icu/99/ [运行时间：0.010591s][吞吐率：94.42req/s] [内存消耗：1,865.34kb] [文件加载：51]
[ error ] [8]未定义数组下标: 1

---------------------------------------------------------------
[ 2023-09-16T14:38:04+08:00 ] [ log ] at588.icu/99/favicon.ico [运行时间：0.010028s][吞吐率：99.72req/s] [内存消耗：1,650.74kb] [文件加载：44]
[ error ] [8]未定义数组下标: 1

---------------------------------------------------------------
[ 2023-09-16T14:38:07+08:00 ] [ log ] at588.icu/99/index/open.html [运行时间：0.010574s][吞吐率：94.57req/s] [内存消耗：1,865.12kb] [文件加载：50]
[ error ] [8]未定义数组下标: 1

---------------------------------------------------------------
[ 2023-09-16T14:38:13+08:00 ] [ log ] at566.icu/99/favicon.ico [运行时间：0.031130s][吞吐率：32.12req/s] [内存消耗：1,651.28kb] [文件加载：44]
[ error ] [8]未定义数组下标: 1

---------------------------------------------------------------
[ 2023-09-16T14:38:19+08:00 ] [ log ] at566.icu/99/favicon.ico [运行时间：0.013788s][吞吐率：72.53req/s] [内存消耗：1,650.74kb] [文件加载：44]
[ error ] [8]未定义数组下标: 1

---------------------------------------------------------------
[ 2023-09-16T14:38:21+08:00 ] [ log ] at588.icu/99/?uc_sm=1 [运行时间：0.014393s][吞吐率：69.48req/s] [内存消耗：1,865.44kb] [文件加载：51]
[ error ] [8]未定义数组下标: 1

---------------------------------------------------------------
[ 2023-09-16T14:38:22+08:00 ] [ log ] at588.icu/99/ [运行时间：0.016975s][吞吐率：58.91req/s] [内存消耗：1,864.80kb] [文件加载：51]
[ error ] [8]未定义数组下标: 1

---------------------------------------------------------------
[ 2023-09-16T14:38:22+08:00 ] [ log ] at588.icu/99/favicon.ico [运行时间：0.012377s][吞吐率：80.79req/s] [内存消耗：1,650.74kb] [文件加载：44]
[ error ] [8]未定义数组下标: 1

---------------------------------------------------------------
[ 2023-09-16T14:38:24+08:00 ] [ log ] at588.icu/99/index/open.html [运行时间：0.011237s][吞吐率：88.99req/s] [内存消耗：1,865.12kb] [文件加载：50]
[ error ] [8]未定义数组下标: 1

---------------------------------------------------------------
[ 2023-09-16T16:29:00+08:00 ] [ log ] at588.icu/99/?uc_sm=1 [运行时间：0.011003s][吞吐率：90.88req/s] [内存消耗：1,865.97kb] [文件加载：51]
[ error ] [8]未定义数组下标: 1

---------------------------------------------------------------
[ 2023-09-16T16:29:00+08:00 ] [ log ] at588.icu/99/ [运行时间：0.016125s][吞吐率：62.02req/s] [内存消耗：1,865.34kb] [文件加载：51]
[ error ] [8]未定义数组下标: 1

---------------------------------------------------------------
[ 2023-09-16T16:29:01+08:00 ] [ log ] at588.icu/99/favicon.ico [运行时间：0.009786s][吞吐率：102.19req/s] [内存消耗：1,650.74kb] [文件加载：44]
[ error ] [8]未定义数组下标: 1

---------------------------------------------------------------
[ 2023-09-16T16:29:03+08:00 ] [ log ] at588.icu/99/index/open.html [运行时间：0.014867s][吞吐率：67.26req/s] [内存消耗：1,865.12kb] [文件加载：50]
[ error ] [8]未定义数组下标: 1

---------------------------------------------------------------
[ 2023-09-16T17:32:24+08:00 ] [ log ] at588.icu/99/ [运行时间：0.011368s][吞吐率：87.97req/s] [内存消耗：1,865.34kb] [文件加载：51]
[ error ] [8]未定义数组下标: 1

---------------------------------------------------------------
[ 2023-09-16T17:32:27+08:00 ] [ log ] at588.icu/99/index/open.html [运行时间：0.011068s][吞吐率：90.35req/s] [内存消耗：1,865.12kb] [文件加载：50]
[ error ] [8]未定义数组下标: 1

---------------------------------------------------------------
[ 2023-09-16T18:14:06+08:00 ] [ log ] at588.icu/99/?uc_sm=1 [运行时间：0.011625s][吞吐率：86.02req/s] [内存消耗：1,865.97kb] [文件加载：51]
[ error ] [8]未定义数组下标: 1

---------------------------------------------------------------
[ 2023-09-16T18:14:06+08:00 ] [ log ] at588.icu/99/ [运行时间：0.010709s][吞吐率：93.38req/s] [内存消耗：1,865.34kb] [文件加载：51]
[ error ] [8]未定义数组下标: 1

---------------------------------------------------------------
[ 2023-09-16T18:14:06+08:00 ] [ log ] at588.icu/99/favicon.ico [运行时间：0.012323s][吞吐率：81.15req/s] [内存消耗：1,650.74kb] [文件加载：44]
[ error ] [8]未定义数组下标: 1

---------------------------------------------------------------
[ 2023-09-16T18:14:09+08:00 ] [ log ] at588.icu/99/index/open.html [运行时间：0.012935s][吞吐率：77.31req/s] [内存消耗：1,865.12kb] [文件加载：50]
[ error ] [8]未定义数组下标: 1

---------------------------------------------------------------
[ 2023-09-16T19:06:25+08:00 ] [ log ] at588.icu/99/ [运行时间：0.010741s][吞吐率：93.10req/s] [内存消耗：1,865.34kb] [文件加载：51]
[ error ] [8]未定义数组下标: 1

---------------------------------------------------------------
[ 2023-09-16T19:06:56+08:00 ] [ log ] at588.icu/99/favicon.ico [运行时间：0.009805s][吞吐率：101.99req/s] [内存消耗：1,650.74kb] [文件加载：44]
[ error ] [8]未定义数组下标: 1

---------------------------------------------------------------
[ 2023-09-16T19:07:00+08:00 ] [ log ] at588.icu/99/index/open.html [运行时间：0.015714s][吞吐率：63.64req/s] [内存消耗：1,865.12kb] [文件加载：50]
[ error ] [8]未定义数组下标: 1

---------------------------------------------------------------
[ 2023-09-16T19:29:21+08:00 ] [ log ] at588.icu/99/ [运行时间：0.011634s][吞吐率：85.95req/s] [内存消耗：1,864.80kb] [文件加载：51]
[ error ] [8]未定义数组下标: 1

---------------------------------------------------------------
[ 2023-09-16T19:29:22+08:00 ] [ log ] at588.icu/99/favicon.ico [运行时间：0.022494s][吞吐率：44.46req/s] [内存消耗：1,650.74kb] [文件加载：44]
[ error ] [8]未定义数组下标: 1

---------------------------------------------------------------
[ 2023-09-16T19:29:24+08:00 ] [ log ] at588.icu/99/index/open.html [运行时间：0.011165s][吞吐率：89.57req/s] [内存消耗：1,865.12kb] [文件加载：50]
[ error ] [8]未定义数组下标: 1

---------------------------------------------------------------
[ 2023-09-16T19:30:26+08:00 ] [ log ] at588.icu/99/ [运行时间：0.010945s][吞吐率：91.37req/s] [内存消耗：1,865.34kb] [文件加载：51]
[ error ] [8]未定义数组下标: 1

---------------------------------------------------------------
[ 2023-09-16T20:13:47+08:00 ] [ log ] at588.icu/99/ [运行时间：0.010713s][吞吐率：93.35req/s] [内存消耗：1,865.34kb] [文件加载：51]
[ error ] [8]未定义数组下标: 1

---------------------------------------------------------------
[ 2023-09-16T20:13:48+08:00 ] [ log ] at588.icu/99/favicon.ico [运行时间：0.009479s][吞吐率：105.50req/s] [内存消耗：1,650.74kb] [文件加载：44]
[ error ] [8]未定义数组下标: 1

---------------------------------------------------------------
[ 2023-09-16T20:20:43+08:00 ] [ log ] at588.icu/99/?uc_sm=1&from=wh10331 [运行时间：0.011597s][吞吐率：86.23req/s] [内存消耗：1,865.98kb] [文件加载：51]
[ error ] [8]未定义数组下标: 1

---------------------------------------------------------------
[ 2023-09-16T20:20:43+08:00 ] [ log ] at588.icu/99/ [运行时间：0.010509s][吞吐率：95.16req/s] [内存消耗：1,865.34kb] [文件加载：51]
[ error ] [8]未定义数组下标: 1

---------------------------------------------------------------
[ 2023-09-16T20:20:44+08:00 ] [ log ] at588.icu/99/favicon.ico [运行时间：0.009920s][吞吐率：100.81req/s] [内存消耗：1,650.74kb] [文件加载：44]
[ error ] [8]未定义数组下标: 1

---------------------------------------------------------------
[ 2023-09-16T20:20:47+08:00 ] [ log ] at588.icu/99/index/open.html [运行时间：0.011307s][吞吐率：88.44req/s] [内存消耗：1,865.12kb] [文件加载：50]
[ error ] [8]未定义数组下标: 1

---------------------------------------------------------------
[ 2023-09-16T21:32:06+08:00 ] [ log ] at521.icu/99/?uc_sm=1 [运行时间：0.010816s][吞吐率：92.46req/s] [内存消耗：1,865.97kb] [文件加载：51]
[ error ] [8]未定义数组下标: 1

---------------------------------------------------------------
[ 2023-09-16T21:32:07+08:00 ] [ log ] at521.icu/99/ [运行时间：0.010826s][吞吐率：92.37req/s] [内存消耗：1,865.34kb] [文件加载：51]
[ error ] [8]未定义数组下标: 1

---------------------------------------------------------------
[ 2023-09-16T21:32:08+08:00 ] [ log ] at521.icu/99/favicon.ico [运行时间：0.009628s][吞吐率：103.87req/s] [内存消耗：1,650.74kb] [文件加载：44]
[ error ] [8]未定义数组下标: 1

---------------------------------------------------------------
[ 2023-09-16T21:32:11+08:00 ] [ log ] at521.icu/99/index/open.html [运行时间：0.014754s][吞吐率：67.78req/s] [内存消耗：1,865.12kb] [文件加载：50]
[ error ] [8]未定义数组下标: 1

---------------------------------------------------------------
[ 2023-09-16T21:35:07+08:00 ] [ log ] at521.icu/99/ [运行时间：0.010676s][吞吐率：93.67req/s] [内存消耗：1,864.80kb] [文件加载：51]
[ error ] [8]未定义数组下标: 1

---------------------------------------------------------------
[ 2023-09-16T21:35:08+08:00 ] [ log ] at521.icu/99/favicon.ico [运行时间：0.031213s][吞吐率：32.04req/s] [内存消耗：1,650.74kb] [文件加载：44]
[ error ] [8]未定义数组下标: 1

---------------------------------------------------------------
[ 2023-09-16T21:58:16+08:00 ] [ log ] at521.icu/99/index/open.html [运行时间：0.038883s][吞吐率：25.72req/s] [内存消耗：1,865.12kb] [文件加载：50]
[ error ] [8]未定义数组下标: 1

---------------------------------------------------------------
[ 2023-09-16T21:59:18+08:00 ] [ log ] at588.icu/99/ [运行时间：0.017927s][吞吐率：55.78req/s] [内存消耗：1,865.34kb] [文件加载：51]
[ error ] [8]未定义数组下标: 1

---------------------------------------------------------------
[ 2023-09-16T21:59:21+08:00 ] [ log ] at588.icu/99/index/open.html [运行时间：0.010746s][吞吐率：93.06req/s] [内存消耗：1,865.12kb] [文件加载：50]
[ error ] [8]未定义数组下标: 1

---------------------------------------------------------------
[ 2023-09-16T22:34:10+08:00 ] [ log ] at588.icu/99/ [运行时间：0.011320s][吞吐率：88.34req/s] [内存消耗：1,865.34kb] [文件加载：51]
[ error ] [8]未定义数组下标: 1

---------------------------------------------------------------
[ 2023-09-16T22:34:12+08:00 ] [ log ] at588.icu/99/favicon.ico [运行时间：0.009539s][吞吐率：104.83req/s] [内存消耗：1,650.74kb] [文件加载：44]
[ error ] [8]未定义数组下标: 1

---------------------------------------------------------------
[ 2023-09-16T22:34:14+08:00 ] [ log ] at588.icu/99/index/open.html [运行时间：0.023125s][吞吐率：43.24req/s] [内存消耗：1,865.12kb] [文件加载：50]
[ error ] [8]未定义数组下标: 1

---------------------------------------------------------------
[ 2023-09-16T23:14:52+08:00 ] [ log ] at566.icu/99/ [运行时间：0.011700s][吞吐率：85.47req/s] [内存消耗：1,865.34kb] [文件加载：51]
[ error ] [8]未定义数组下标: 1

---------------------------------------------------------------
[ 2023-09-16T23:14:56+08:00 ] [ log ] at566.icu/99/index/open.html [运行时间：0.010687s][吞吐率：93.57req/s] [内存消耗：1,865.12kb] [文件加载：50]
[ error ] [8]未定义数组下标: 1

---------------------------------------------------------------
