[ 2023-09-17T00:28:56+08:00 ] [ log ] at588.icu/99/ [运行时间：0.033787s][吞吐率：29.60req/s] [内存消耗：1,857.63kb] [文件加载：48]
[ error ] [8]Undefined offset: 1

---------------------------------------------------------------
[ 2023-09-17T03:37:03+08:00 ] [ log ] at588.icu/99/ [运行时间：0.016737s][吞吐率：59.75req/s] [内存消耗：1,865.34kb] [文件加载：51]
[ error ] [8]未定义数组下标: 1

---------------------------------------------------------------
[ 2023-09-17T03:37:03+08:00 ] [ log ] at588.icu/99/favicon.ico [运行时间：0.009290s][吞吐率：107.64req/s] [内存消耗：1,650.74kb] [文件加载：44]
[ error ] [8]未定义数组下标: 1

---------------------------------------------------------------
[ 2023-09-17T03:37:06+08:00 ] [ log ] at588.icu/99/index/open.html [运行时间：0.011316s][吞吐率：88.37req/s] [内存消耗：1,865.12kb] [文件加载：50]
[ error ] [8]未定义数组下标: 1

---------------------------------------------------------------
[ 2023-09-17T07:03:37+08:00 ] [ log ] at588.icu/99/ [运行时间：0.013129s][吞吐率：76.17req/s] [内存消耗：1,865.34kb] [文件加载：51]
[ error ] [8]未定义数组下标: 1

---------------------------------------------------------------
[ 2023-09-17T07:03:39+08:00 ] [ log ] at588.icu/99/favicon.ico [运行时间：0.009423s][吞吐率：106.12req/s] [内存消耗：1,650.74kb] [文件加载：44]
[ error ] [8]未定义数组下标: 1

---------------------------------------------------------------
[ 2023-09-17T07:03:41+08:00 ] [ log ] at588.icu/99/index/open.html [运行时间：0.011341s][吞吐率：88.17req/s] [内存消耗：1,865.12kb] [文件加载：50]
[ error ] [8]未定义数组下标: 1

---------------------------------------------------------------
[ 2023-09-17T07:44:22+08:00 ] [ log ] at522.icu/99/?uc_sm=1 [运行时间：0.010851s][吞吐率：92.16req/s] [内存消耗：1,865.97kb] [文件加载：51]
[ error ] [8]未定义数组下标: 1

---------------------------------------------------------------
[ 2023-09-17T07:44:22+08:00 ] [ log ] at522.icu/99/ [运行时间：0.010796s][吞吐率：92.63req/s] [内存消耗：1,865.34kb] [文件加载：51]
[ error ] [8]未定义数组下标: 1

---------------------------------------------------------------
[ 2023-09-17T07:44:22+08:00 ] [ log ] at522.icu/99/ [运行时间：0.011384s][吞吐率：87.84req/s] [内存消耗：1,865.34kb] [文件加载：51]
[ error ] [8]未定义数组下标: 1

---------------------------------------------------------------
[ 2023-09-17T07:47:05+08:00 ] [ log ] at588.icu/99/ [运行时间：0.011518s][吞吐率：86.82req/s] [内存消耗：1,865.34kb] [文件加载：51]
[ error ] [8]未定义数组下标: 1

---------------------------------------------------------------
[ 2023-09-17T07:47:06+08:00 ] [ log ] at588.icu/99/favicon.ico [运行时间：0.010093s][吞吐率：99.08req/s] [内存消耗：1,650.74kb] [文件加载：44]
[ error ] [8]未定义数组下标: 1

---------------------------------------------------------------
[ 2023-09-17T07:47:09+08:00 ] [ log ] at588.icu/99/index/open.html [运行时间：0.010995s][吞吐率：90.95req/s] [内存消耗：1,865.12kb] [文件加载：50]
[ error ] [8]未定义数组下标: 1

---------------------------------------------------------------
[ 2023-09-17T10:43:47+08:00 ] [ log ] at588.icu/99/ [运行时间：0.011431s][吞吐率：87.48req/s] [内存消耗：1,865.34kb] [文件加载：51]
[ error ] [8]未定义数组下标: 1

---------------------------------------------------------------
[ 2023-09-17T10:43:49+08:00 ] [ log ] at588.icu/99/favicon.ico [运行时间：0.016690s][吞吐率：59.92req/s] [内存消耗：1,650.74kb] [文件加载：44]
[ error ] [8]未定义数组下标: 1

---------------------------------------------------------------
[ 2023-09-17T10:43:50+08:00 ] [ log ] at588.icu/99/index/open.html [运行时间：0.017351s][吞吐率：57.63req/s] [内存消耗：1,865.12kb] [文件加载：50]
[ error ] [8]未定义数组下标: 1

---------------------------------------------------------------
[ 2023-09-17T10:50:43+08:00 ] [ log ] at588.icu/99/ [运行时间：0.010955s][吞吐率：91.28req/s] [内存消耗：1,865.34kb] [文件加载：51]
[ error ] [8]未定义数组下标: 1

---------------------------------------------------------------
[ 2023-09-17T10:50:43+08:00 ] [ log ] at588.icu/99/ [运行时间：0.016073s][吞吐率：62.22req/s] [内存消耗：1,865.34kb] [文件加载：51]
[ error ] [8]未定义数组下标: 1

---------------------------------------------------------------
[ 2023-09-17T10:50:45+08:00 ] [ log ] at588.icu/99/index/open.html [运行时间：0.011829s][吞吐率：84.54req/s] [内存消耗：1,865.12kb] [文件加载：50]
[ error ] [8]未定义数组下标: 1

---------------------------------------------------------------
[ 2023-09-17T11:23:08+08:00 ] [ log ] at588.icu/99/?uc_sm=1&from=wh10331 [运行时间：0.011230s][吞吐率：89.05req/s] [内存消耗：1,865.98kb] [文件加载：51]
[ error ] [8]未定义数组下标: 1

---------------------------------------------------------------
[ 2023-09-17T11:23:08+08:00 ] [ log ] at588.icu/99/ [运行时间：0.010608s][吞吐率：94.27req/s] [内存消耗：1,865.34kb] [文件加载：51]
[ error ] [8]未定义数组下标: 1

---------------------------------------------------------------
[ 2023-09-17T11:23:09+08:00 ] [ log ] at588.icu/99/favicon.ico [运行时间：0.010120s][吞吐率：98.81req/s] [内存消耗：1,650.74kb] [文件加载：44]
[ error ] [8]未定义数组下标: 1

---------------------------------------------------------------
[ 2023-09-17T11:23:12+08:00 ] [ log ] at588.icu/99/index/open.html [运行时间：0.010648s][吞吐率：93.91req/s] [内存消耗：1,865.12kb] [文件加载：50]
[ error ] [8]未定义数组下标: 1

---------------------------------------------------------------
[ 2023-09-17T11:25:43+08:00 ] [ log ] at588.icu/99/?uc_sm=1 [运行时间：0.010787s][吞吐率：92.70req/s] [内存消耗：1,865.97kb] [文件加载：51]
[ error ] [8]未定义数组下标: 1

---------------------------------------------------------------
[ 2023-09-17T11:25:43+08:00 ] [ log ] at588.icu/99/ [运行时间：0.013230s][吞吐率：75.59req/s] [内存消耗：1,865.34kb] [文件加载：51]
[ error ] [8]未定义数组下标: 1

---------------------------------------------------------------
[ 2023-09-17T11:25:44+08:00 ] [ log ] at588.icu/99/favicon.ico [运行时间：0.009380s][吞吐率：106.61req/s] [内存消耗：1,650.74kb] [文件加载：44]
[ error ] [8]未定义数组下标: 1

---------------------------------------------------------------
[ 2023-09-17T11:25:46+08:00 ] [ log ] at588.icu/99/index/open.html [运行时间：0.010974s][吞吐率：91.12req/s] [内存消耗：1,865.12kb] [文件加载：50]
[ error ] [8]未定义数组下标: 1

---------------------------------------------------------------
[ 2023-09-17T11:35:28+08:00 ] [ log ] at521.icu/99/ [运行时间：0.011667s][吞吐率：85.71req/s] [内存消耗：1,865.34kb] [文件加载：51]
[ error ] [8]未定义数组下标: 1

---------------------------------------------------------------
[ 2023-09-17T11:35:28+08:00 ] [ log ] at521.icu/99/?uc_sm=1 [运行时间：0.010636s][吞吐率：94.02req/s] [内存消耗：1,865.97kb] [文件加载：51]
[ error ] [8]未定义数组下标: 1

---------------------------------------------------------------
[ 2023-09-17T11:35:34+08:00 ] [ log ] at521.icu/99/favicon.ico [运行时间：0.041113s][吞吐率：24.32req/s] [内存消耗：1,650.74kb] [文件加载：44]
[ error ] [8]未定义数组下标: 1

---------------------------------------------------------------
[ 2023-09-17T11:35:36+08:00 ] [ log ] at521.icu/99/index/open.html [运行时间：0.015098s][吞吐率：66.23req/s] [内存消耗：1,865.12kb] [文件加载：50]
[ error ] [8]未定义数组下标: 1

---------------------------------------------------------------
[ 2023-09-17T11:55:53+08:00 ] [ log ] at588.icu/99/ [运行时间：0.036840s][吞吐率：27.14req/s] [内存消耗：1,865.34kb] [文件加载：51]
[ error ] [8]未定义数组下标: 1

---------------------------------------------------------------
[ 2023-09-17T11:55:54+08:00 ] [ log ] at588.icu/99/favicon.ico [运行时间：0.010346s][吞吐率：96.66req/s] [内存消耗：1,650.74kb] [文件加载：44]
[ error ] [8]未定义数组下标: 1

---------------------------------------------------------------
[ 2023-09-17T11:55:56+08:00 ] [ log ] at588.icu/99/index/open.html [运行时间：0.011086s][吞吐率：90.20req/s] [内存消耗：1,865.12kb] [文件加载：50]
[ error ] [8]未定义数组下标: 1

---------------------------------------------------------------
[ 2023-09-17T12:14:57+08:00 ] [ log ] at588.icu/99/ [运行时间：0.012882s][吞吐率：77.63req/s] [内存消耗：1,864.80kb] [文件加载：51]
[ error ] [8]未定义数组下标: 1

---------------------------------------------------------------
[ 2023-09-17T12:14:58+08:00 ] [ log ] at588.icu/99/favicon.ico [运行时间：0.014278s][吞吐率：70.04req/s] [内存消耗：1,650.74kb] [文件加载：44]
[ error ] [8]未定义数组下标: 1

---------------------------------------------------------------
[ 2023-09-17T12:26:09+08:00 ] [ log ] at588.icu/99/ [运行时间：0.010590s][吞吐率：94.43req/s] [内存消耗：1,865.34kb] [文件加载：51]
[ error ] [8]未定义数组下标: 1

---------------------------------------------------------------
[ 2023-09-17T12:26:14+08:00 ] [ log ] at588.icu/99/index/open.html [运行时间：0.023931s][吞吐率：41.79req/s] [内存消耗：1,865.12kb] [文件加载：50]
[ error ] [8]未定义数组下标: 1

---------------------------------------------------------------
[ 2023-09-17T12:33:49+08:00 ] [ log ] at588.icu/99/ [运行时间：0.014926s][吞吐率：67.00req/s] [内存消耗：1,865.34kb] [文件加载：51]
[ error ] [8]未定义数组下标: 1

---------------------------------------------------------------
[ 2023-09-17T12:33:54+08:00 ] [ log ] at588.icu/99/index/open.html [运行时间：0.010604s][吞吐率：94.30req/s] [内存消耗：1,865.12kb] [文件加载：50]
[ error ] [8]未定义数组下标: 1

---------------------------------------------------------------
[ 2023-09-17T12:36:48+08:00 ] [ log ] at588.icu/99/ [运行时间：0.011300s][吞吐率：88.49req/s] [内存消耗：1,864.80kb] [文件加载：51]
[ error ] [8]未定义数组下标: 1

---------------------------------------------------------------
[ 2023-09-17T12:36:54+08:00 ] [ log ] at588.icu/99/ [运行时间：0.010583s][吞吐率：94.49req/s] [内存消耗：1,864.80kb] [文件加载：51]
[ error ] [8]未定义数组下标: 1

---------------------------------------------------------------
[ 2023-09-17T12:37:01+08:00 ] [ log ] at588.icu/99/index/open.html [运行时间：0.010694s][吞吐率：93.51req/s] [内存消耗：1,865.12kb] [文件加载：50]
[ error ] [8]未定义数组下标: 1

---------------------------------------------------------------
[ 2023-09-17T12:38:14+08:00 ] [ log ] at588.icu/99/ [运行时间：0.010494s][吞吐率：95.29req/s] [内存消耗：1,864.80kb] [文件加载：51]
[ error ] [8]未定义数组下标: 1

---------------------------------------------------------------
[ 2023-09-17T12:38:18+08:00 ] [ log ] at588.icu/99/index/open.html [运行时间：0.010573s][吞吐率：94.58req/s] [内存消耗：1,865.12kb] [文件加载：50]
[ error ] [8]未定义数组下标: 1

---------------------------------------------------------------
[ 2023-09-17T12:53:48+08:00 ] [ log ] at888.icu/99/ [运行时间：0.010629s][吞吐率：94.08req/s] [内存消耗：1,865.34kb] [文件加载：51]
[ error ] [8]未定义数组下标: 1

---------------------------------------------------------------
[ 2023-09-17T12:53:50+08:00 ] [ log ] at888.icu/99/favicon.ico [运行时间：0.009655s][吞吐率：103.57req/s] [内存消耗：1,650.74kb] [文件加载：44]
[ error ] [8]未定义数组下标: 1

---------------------------------------------------------------
[ 2023-09-17T12:54:00+08:00 ] [ log ] at888.icu/99/index/open.html [运行时间：0.010532s][吞吐率：94.95req/s] [内存消耗：1,865.12kb] [文件加载：50]
[ error ] [8]未定义数组下标: 1

---------------------------------------------------------------
[ 2023-09-17T13:16:36+08:00 ] [ log ] at588.icu/99/ [运行时间：0.010956s][吞吐率：91.27req/s] [内存消耗：1,864.80kb] [文件加载：51]
[ error ] [8]未定义数组下标: 1

---------------------------------------------------------------
[ 2023-09-17T13:16:45+08:00 ] [ log ] at588.icu/99/index/open.html [运行时间：0.010608s][吞吐率：94.27req/s] [内存消耗：1,865.12kb] [文件加载：50]
[ error ] [8]未定义数组下标: 1

---------------------------------------------------------------
[ 2023-09-17T13:25:55+08:00 ] [ log ] at588.icu/99/ [运行时间：0.011197s][吞吐率：89.31req/s] [内存消耗：1,864.80kb] [文件加载：51]
[ error ] [8]未定义数组下标: 1

---------------------------------------------------------------
[ 2023-09-17T13:57:29+08:00 ] [ log ] at588.icu/99/ [运行时间：0.033626s][吞吐率：29.74req/s] [内存消耗：1,865.34kb] [文件加载：51]
[ error ] [8]未定义数组下标: 1

---------------------------------------------------------------
[ 2023-09-17T13:57:29+08:00 ] [ log ] at588.icu/99/?uc_sm=1 [运行时间：0.015589s][吞吐率：64.15req/s] [内存消耗：1,865.97kb] [文件加载：51]
[ error ] [8]未定义数组下标: 1

---------------------------------------------------------------
[ 2023-09-17T13:57:30+08:00 ] [ log ] at588.icu/99/favicon.ico [运行时间：0.014681s][吞吐率：68.12req/s] [内存消耗：1,650.74kb] [文件加载：44]
[ error ] [8]未定义数组下标: 1

---------------------------------------------------------------
[ 2023-09-17T13:57:32+08:00 ] [ log ] at588.icu/99/index/open.html [运行时间：0.011136s][吞吐率：89.80req/s] [内存消耗：1,865.12kb] [文件加载：50]
[ error ] [8]未定义数组下标: 1

---------------------------------------------------------------
[ 2023-09-17T14:07:20+08:00 ] [ log ] at588.icu/99/ [运行时间：0.011388s][吞吐率：87.81req/s] [内存消耗：1,865.34kb] [文件加载：51]
[ error ] [8]未定义数组下标: 1

---------------------------------------------------------------
[ 2023-09-17T14:07:30+08:00 ] [ log ] at588.icu/99/index/open.html [运行时间：0.010744s][吞吐率：93.07req/s] [内存消耗：1,865.12kb] [文件加载：50]
[ error ] [8]未定义数组下标: 1

---------------------------------------------------------------
[ 2023-09-17T14:09:26+08:00 ] [ log ] at588.icu/99/index/open.html [运行时间：0.011369s][吞吐率：87.96req/s] [内存消耗：1,865.65kb] [文件加载：50]
[ error ] [8]未定义数组下标: 1

---------------------------------------------------------------
[ 2023-09-17T14:42:21+08:00 ] [ log ] at588.icu/99/ [运行时间：0.010916s][吞吐率：91.61req/s] [内存消耗：1,864.80kb] [文件加载：51]
[ error ] [8]未定义数组下标: 1

---------------------------------------------------------------
[ 2023-09-17T14:42:31+08:00 ] [ log ] at588.icu/99/index/open.html [运行时间：0.010548s][吞吐率：94.81req/s] [内存消耗：1,865.12kb] [文件加载：50]
[ error ] [8]未定义数组下标: 1

---------------------------------------------------------------
[ 2023-09-17T15:17:43+08:00 ] [ log ] at588.icu/99/index/open.html [运行时间：0.010801s][吞吐率：92.58req/s] [内存消耗：1,857.95kb] [文件加载：47]
[ error ] [8]Undefined offset: 1

---------------------------------------------------------------
[ 2023-09-17T15:27:55+08:00 ] [ log ] at588.icu/99/ [运行时间：0.011181s][吞吐率：89.44req/s] [内存消耗：1,865.34kb] [文件加载：51]
[ error ] [8]未定义数组下标: 1

---------------------------------------------------------------
[ 2023-09-17T15:28:05+08:00 ] [ log ] at588.icu/99/index/open.html [运行时间：0.010917s][吞吐率：91.60req/s] [内存消耗：1,865.12kb] [文件加载：50]
[ error ] [8]未定义数组下标: 1

---------------------------------------------------------------
[ 2023-09-17T17:30:54+08:00 ] [ log ] at588.icu/99/ [运行时间：0.020503s][吞吐率：48.77req/s] [内存消耗：1,865.34kb] [文件加载：51]
[ error ] [8]未定义数组下标: 1

---------------------------------------------------------------
[ 2023-09-17T17:30:58+08:00 ] [ log ] at588.icu/99/index/open.html [运行时间：0.010519s][吞吐率：95.07req/s] [内存消耗：1,865.12kb] [文件加载：50]
[ error ] [8]未定义数组下标: 1

---------------------------------------------------------------
[ 2023-09-17T18:28:38+08:00 ] [ log ] at588.icu/99/ [运行时间：0.010961s][吞吐率：91.23req/s] [内存消耗：1,865.34kb] [文件加载：51]
[ error ] [8]未定义数组下标: 1

---------------------------------------------------------------
[ 2023-09-17T18:28:47+08:00 ] [ log ] at588.icu/99/index/open.html [运行时间：0.010807s][吞吐率：92.53req/s] [内存消耗：1,865.12kb] [文件加载：50]
[ error ] [8]未定义数组下标: 1

---------------------------------------------------------------
[ 2023-09-17T18:38:44+08:00 ] [ log ] at588.icu/99/?uc_sm=1 [运行时间：0.010998s][吞吐率：90.93req/s] [内存消耗：1,865.97kb] [文件加载：51]
[ error ] [8]未定义数组下标: 1

---------------------------------------------------------------
[ 2023-09-17T18:38:44+08:00 ] [ log ] at588.icu/99/ [运行时间：0.010605s][吞吐率：94.29req/s] [内存消耗：1,865.34kb] [文件加载：51]
[ error ] [8]未定义数组下标: 1

---------------------------------------------------------------
[ 2023-09-17T18:38:44+08:00 ] [ log ] at588.icu/99/favicon.ico [运行时间：0.009292s][吞吐率：107.62req/s] [内存消耗：1,650.74kb] [文件加载：44]
[ error ] [8]未定义数组下标: 1

---------------------------------------------------------------
[ 2023-09-17T18:38:46+08:00 ] [ log ] at588.icu/99/index/open.html [运行时间：0.010516s][吞吐率：95.09req/s] [内存消耗：1,865.12kb] [文件加载：50]
[ error ] [8]未定义数组下标: 1

---------------------------------------------------------------
[ 2023-09-17T18:39:57+08:00 ] [ log ] at588.icu/99/ [运行时间：0.010895s][吞吐率：91.79req/s] [内存消耗：1,864.80kb] [文件加载：51]
[ error ] [8]未定义数组下标: 1

---------------------------------------------------------------
[ 2023-09-17T18:39:58+08:00 ] [ log ] at588.icu/99/favicon.ico [运行时间：0.009909s][吞吐率：100.92req/s] [内存消耗：1,650.74kb] [文件加载：44]
[ error ] [8]未定义数组下标: 1

---------------------------------------------------------------
[ 2023-09-17T18:40:00+08:00 ] [ log ] at588.icu/99/index/open.html [运行时间：0.010637s][吞吐率：94.01req/s] [内存消耗：1,865.12kb] [文件加载：50]
[ error ] [8]未定义数组下标: 1

---------------------------------------------------------------
[ 2023-09-17T19:29:48+08:00 ] [ log ] at588.icu/99/ [运行时间：0.014487s][吞吐率：69.03req/s] [内存消耗：1,865.34kb] [文件加载：51]
[ error ] [8]未定义数组下标: 1

---------------------------------------------------------------
[ 2023-09-17T19:29:49+08:00 ] [ log ] at588.icu/99/favicon.ico [运行时间：0.009555s][吞吐率：104.66req/s] [内存消耗：1,650.74kb] [文件加载：44]
[ error ] [8]未定义数组下标: 1

---------------------------------------------------------------
[ 2023-09-17T19:29:52+08:00 ] [ log ] at588.icu/99/index/open.html [运行时间：0.010828s][吞吐率：92.35req/s] [内存消耗：1,865.12kb] [文件加载：50]
[ error ] [8]未定义数组下标: 1

---------------------------------------------------------------
[ 2023-09-17T19:51:50+08:00 ] [ log ] at588.icu/99/ [运行时间：0.010849s][吞吐率：92.17req/s] [内存消耗：1,864.80kb] [文件加载：51]
[ error ] [8]未定义数组下标: 1

---------------------------------------------------------------
[ 2023-09-17T19:51:50+08:00 ] [ log ] at588.icu/99/favicon.ico [运行时间：0.009487s][吞吐率：105.41req/s] [内存消耗：1,650.74kb] [文件加载：44]
[ error ] [8]未定义数组下标: 1

---------------------------------------------------------------
[ 2023-09-17T20:45:25+08:00 ] [ log ] at566.icu/99/ [运行时间：0.013172s][吞吐率：75.92req/s] [内存消耗：1,865.34kb] [文件加载：51]
[ error ] [8]未定义数组下标: 1

---------------------------------------------------------------
[ 2023-09-17T20:45:26+08:00 ] [ log ] at566.icu/99/favicon.ico [运行时间：0.009467s][吞吐率：105.63req/s] [内存消耗：1,650.74kb] [文件加载：44]
[ error ] [8]未定义数组下标: 1

---------------------------------------------------------------
[ 2023-09-17T20:45:30+08:00 ] [ log ] at566.icu/99/index/open.html [运行时间：0.010742s][吞吐率：93.09req/s] [内存消耗：1,865.12kb] [文件加载：50]
[ error ] [8]未定义数组下标: 1

---------------------------------------------------------------
[ 2023-09-17T20:48:17+08:00 ] [ log ] at566.icu/99/ [运行时间：0.034562s][吞吐率：28.93req/s] [内存消耗：1,864.80kb] [文件加载：51]
[ error ] [8]未定义数组下标: 1

---------------------------------------------------------------
[ 2023-09-17T20:48:25+08:00 ] [ log ] at566.icu/99/index/open.html [运行时间：0.011272s][吞吐率：88.71req/s] [内存消耗：1,865.12kb] [文件加载：50]
[ error ] [8]未定义数组下标: 1

---------------------------------------------------------------
[ 2023-09-17T20:50:56+08:00 ] [ log ] at566.icu/99/ [运行时间：0.014235s][吞吐率：70.25req/s] [内存消耗：1,864.80kb] [文件加载：51]
[ error ] [8]未定义数组下标: 1

---------------------------------------------------------------
[ 2023-09-17T20:50:56+08:00 ] [ log ] at566.icu/99/?uc_sm=1 [运行时间：0.010690s][吞吐率：93.55req/s] [内存消耗：1,865.44kb] [文件加载：51]
[ error ] [8]未定义数组下标: 1

---------------------------------------------------------------
[ 2023-09-17T20:51:02+08:00 ] [ log ] at566.icu/99/favicon.ico [运行时间：0.009642s][吞吐率：103.71req/s] [内存消耗：1,650.74kb] [文件加载：44]
[ error ] [8]未定义数组下标: 1

---------------------------------------------------------------
[ 2023-09-17T20:51:11+08:00 ] [ log ] at566.icu/99/index/open.html [运行时间：0.010786s][吞吐率：92.71req/s] [内存消耗：1,865.12kb] [文件加载：50]
[ error ] [8]未定义数组下标: 1

---------------------------------------------------------------
[ 2023-09-17T20:54:19+08:00 ] [ log ] at566.icu/99/?uc_sm=1 [运行时间：0.011103s][吞吐率：90.07req/s] [内存消耗：1,865.44kb] [文件加载：51]
[ error ] [8]未定义数组下标: 1

---------------------------------------------------------------
[ 2023-09-17T20:54:21+08:00 ] [ log ] at566.icu/99/ [运行时间：0.011367s][吞吐率：87.97req/s] [内存消耗：1,864.80kb] [文件加载：51]
[ error ] [8]未定义数组下标: 1

---------------------------------------------------------------
[ 2023-09-17T20:54:24+08:00 ] [ log ] at566.icu/99/favicon.ico [运行时间：0.030496s][吞吐率：32.79req/s] [内存消耗：1,650.74kb] [文件加载：44]
[ error ] [8]未定义数组下标: 1

---------------------------------------------------------------
[ 2023-09-17T20:54:33+08:00 ] [ log ] at566.icu/99/index/open.html [运行时间：0.012763s][吞吐率：78.35req/s] [内存消耗：1,865.12kb] [文件加载：50]
[ error ] [8]未定义数组下标: 1

---------------------------------------------------------------
[ 2023-09-17T20:55:16+08:00 ] [ log ] at566.icu/99/?uc_sm=1 [运行时间：0.011309s][吞吐率：88.43req/s] [内存消耗：1,865.44kb] [文件加载：51]
[ error ] [8]未定义数组下标: 1

---------------------------------------------------------------
[ 2023-09-17T20:55:16+08:00 ] [ log ] at566.icu/99/ [运行时间：0.011286s][吞吐率：88.61req/s] [内存消耗：1,864.80kb] [文件加载：51]
[ error ] [8]未定义数组下标: 1

---------------------------------------------------------------
[ 2023-09-17T20:55:17+08:00 ] [ log ] at566.icu/99/favicon.ico [运行时间：0.009446s][吞吐率：105.87req/s] [内存消耗：1,650.74kb] [文件加载：44]
[ error ] [8]未定义数组下标: 1

---------------------------------------------------------------
[ 2023-09-17T20:55:23+08:00 ] [ log ] at566.icu/99/index/open.html [运行时间：0.010602s][吞吐率：94.32req/s] [内存消耗：1,865.12kb] [文件加载：50]
[ error ] [8]未定义数组下标: 1

---------------------------------------------------------------
[ 2023-09-17T20:56:43+08:00 ] [ log ] at566.icu/99/?uc_sm=1 [运行时间：0.011989s][吞吐率：83.41req/s] [内存消耗：1,865.44kb] [文件加载：51]
[ error ] [8]未定义数组下标: 1

---------------------------------------------------------------
[ 2023-09-17T20:56:46+08:00 ] [ log ] at566.icu/99/?uc_sm=1 [运行时间：0.010731s][吞吐率：93.19req/s] [内存消耗：1,865.44kb] [文件加载：51]
[ error ] [8]未定义数组下标: 1

---------------------------------------------------------------
[ 2023-09-17T20:59:39+08:00 ] [ log ] at566.icu/99/ [运行时间：0.038634s][吞吐率：25.88req/s] [内存消耗：1,864.80kb] [文件加载：51]
[ error ] [8]未定义数组下标: 1

---------------------------------------------------------------
[ 2023-09-17T20:59:40+08:00 ] [ log ] at566.icu/99/favicon.ico [运行时间：0.009324s][吞吐率：107.25req/s] [内存消耗：1,650.74kb] [文件加载：44]
[ error ] [8]未定义数组下标: 1

---------------------------------------------------------------
[ 2023-09-17T20:59:49+08:00 ] [ log ] at566.icu/99/index/open.html [运行时间：0.010756s][吞吐率：92.97req/s] [内存消耗：1,865.12kb] [文件加载：50]
[ error ] [8]未定义数组下标: 1

---------------------------------------------------------------
[ 2023-09-17T21:01:17+08:00 ] [ log ] at588.icu/99/ [运行时间：0.011054s][吞吐率：90.46req/s] [内存消耗：1,865.34kb] [文件加载：51]
[ error ] [8]未定义数组下标: 1

---------------------------------------------------------------
[ 2023-09-17T21:01:18+08:00 ] [ log ] at588.icu/99/favicon.ico [运行时间：0.009350s][吞吐率：106.95req/s] [内存消耗：1,650.74kb] [文件加载：44]
[ error ] [8]未定义数组下标: 1

---------------------------------------------------------------
[ 2023-09-17T21:01:21+08:00 ] [ log ] at588.icu/99/index/open.html [运行时间：0.011222s][吞吐率：89.11req/s] [内存消耗：1,865.12kb] [文件加载：50]
[ error ] [8]未定义数组下标: 1

---------------------------------------------------------------
[ 2023-09-17T21:34:28+08:00 ] [ log ] at588.icu/99/ [运行时间：0.013559s][吞吐率：73.75req/s] [内存消耗：1,865.34kb] [文件加载：51]
[ error ] [8]未定义数组下标: 1

---------------------------------------------------------------
[ 2023-09-17T21:34:28+08:00 ] [ log ] at588.icu/99/?uc_sm=1 [运行时间：0.010492s][吞吐率：95.31req/s] [内存消耗：1,865.97kb] [文件加载：51]
[ error ] [8]未定义数组下标: 1

---------------------------------------------------------------
[ 2023-09-17T21:34:40+08:00 ] [ log ] at588.icu/99/favicon.ico [运行时间：0.029014s][吞吐率：34.47req/s] [内存消耗：1,650.74kb] [文件加载：44]
[ error ] [8]未定义数组下标: 1

---------------------------------------------------------------
[ 2023-09-17T21:34:43+08:00 ] [ log ] at588.icu/99/index/open.html [运行时间：0.011474s][吞吐率：87.15req/s] [内存消耗：1,865.12kb] [文件加载：50]
[ error ] [8]未定义数组下标: 1

---------------------------------------------------------------
[ 2023-09-17T21:34:54+08:00 ] [ log ] at588.icu/99/ [运行时间：0.032876s][吞吐率：30.42req/s] [内存消耗：1,857.63kb] [文件加载：48]
[ error ] [8]Undefined offset: 1

---------------------------------------------------------------
[ 2023-09-17T21:35:00+08:00 ] [ log ] at588.icu/99/index/open.html [运行时间：0.010404s][吞吐率：96.12req/s] [内存消耗：1,857.41kb] [文件加载：47]
[ error ] [8]Undefined offset: 1

---------------------------------------------------------------
[ 2023-09-17T21:36:44+08:00 ] [ log ] at521.icu/99/ [运行时间：0.011040s][吞吐率：90.58req/s] [内存消耗：1,865.34kb] [文件加载：51]
[ error ] [8]未定义数组下标: 1

---------------------------------------------------------------
[ 2023-09-17T21:36:44+08:00 ] [ log ] at521.icu/99/?uc_sm=1 [运行时间：0.010551s][吞吐率：94.78req/s] [内存消耗：1,865.97kb] [文件加载：51]
[ error ] [8]未定义数组下标: 1

---------------------------------------------------------------
[ 2023-09-17T21:36:46+08:00 ] [ log ] at521.icu/99/favicon.ico [运行时间：0.009939s][吞吐率：100.61req/s] [内存消耗：1,650.74kb] [文件加载：44]
[ error ] [8]未定义数组下标: 1

---------------------------------------------------------------
[ 2023-09-17T21:37:10+08:00 ] [ log ] at521.icu/99/index/open.html [运行时间：0.013533s][吞吐率：73.89req/s] [内存消耗：1,865.12kb] [文件加载：50]
[ error ] [8]未定义数组下标: 1

---------------------------------------------------------------
[ 2023-09-17T21:41:04+08:00 ] [ log ] at588.icu/99/ [运行时间：0.014956s][吞吐率：66.86req/s] [内存消耗：1,857.10kb] [文件加载：48]
[ error ] [8]Undefined offset: 1

---------------------------------------------------------------
[ 2023-09-17T21:41:36+08:00 ] [ log ] at588.icu/99/index/open.html [运行时间：0.031408s][吞吐率：31.84req/s] [内存消耗：1,857.41kb] [文件加载：47]
[ error ] [8]Undefined offset: 1

---------------------------------------------------------------
[ 2023-09-17T21:48:08+08:00 ] [ log ] at588.icu/99/ [运行时间：0.011149s][吞吐率：89.69req/s] [内存消耗：1,865.34kb] [文件加载：51]
[ error ] [8]未定义数组下标: 1

---------------------------------------------------------------
[ 2023-09-17T21:48:08+08:00 ] [ log ] at588.icu/99/?uc_sm=1 [运行时间：0.010511s][吞吐率：95.14req/s] [内存消耗：1,865.97kb] [文件加载：51]
[ error ] [8]未定义数组下标: 1

---------------------------------------------------------------
[ 2023-09-17T21:48:09+08:00 ] [ log ] at588.icu/99/favicon.ico [运行时间：0.010010s][吞吐率：99.90req/s] [内存消耗：1,650.74kb] [文件加载：44]
[ error ] [8]未定义数组下标: 1

---------------------------------------------------------------
[ 2023-09-17T21:48:11+08:00 ] [ log ] at588.icu/99/index/open.html [运行时间：0.023219s][吞吐率：43.07req/s] [内存消耗：1,865.12kb] [文件加载：50]
[ error ] [8]未定义数组下标: 1

---------------------------------------------------------------
[ 2023-09-17T21:58:55+08:00 ] [ log ] at588.icu/99/ [运行时间：0.010860s][吞吐率：92.08req/s] [内存消耗：1,864.80kb] [文件加载：51]
[ error ] [8]未定义数组下标: 1

---------------------------------------------------------------
[ 2023-09-17T21:59:39+08:00 ] [ log ] at588.icu/99/ [运行时间：0.010793s][吞吐率：92.65req/s] [内存消耗：1,857.10kb] [文件加载：48]
[ error ] [8]Undefined offset: 1

---------------------------------------------------------------
[ 2023-09-17T21:59:40+08:00 ] [ log ] at588.icu/99/ [运行时间：0.018331s][吞吐率：54.55req/s] [内存消耗：1,857.10kb] [文件加载：48]
[ error ] [8]Undefined offset: 1

---------------------------------------------------------------
[ 2023-09-17T21:59:46+08:00 ] [ log ] at588.icu/99/index/open.html [运行时间：0.010579s][吞吐率：94.53req/s] [内存消耗：1,857.41kb] [文件加载：47]
[ error ] [8]Undefined offset: 1

---------------------------------------------------------------
