[ 2023-09-18T01:34:41+08:00 ] [ log ] at588.icu/99/ [运行时间：0.011085s][吞吐率：90.21req/s] [内存消耗：1,865.34kb] [文件加载：51]
[ error ] [8]未定义数组下标: 1

---------------------------------------------------------------
[ 2023-09-18T01:34:49+08:00 ] [ log ] at588.icu/99/index/open.html [运行时间：0.032518s][吞吐率：30.75req/s] [内存消耗：1,865.12kb] [文件加载：50]
[ error ] [8]未定义数组下标: 1

---------------------------------------------------------------
[ 2023-09-18T01:35:45+08:00 ] [ log ] at588.icu/99/ [运行时间：0.010445s][吞吐率：95.74req/s] [内存消耗：1,865.34kb] [文件加载：51]
[ error ] [8]未定义数组下标: 1

---------------------------------------------------------------
[ 2023-09-18T03:39:31+08:00 ] [ log ] at588.icu/99/ [运行时间：0.010871s][吞吐率：91.99req/s] [内存消耗：1,865.34kb] [文件加载：51]
[ error ] [8]未定义数组下标: 1

---------------------------------------------------------------
[ 2023-09-18T03:39:40+08:00 ] [ log ] at588.icu/99/index/open.html [运行时间：0.010710s][吞吐率：93.37req/s] [内存消耗：1,865.12kb] [文件加载：50]
[ error ] [8]未定义数组下标: 1

---------------------------------------------------------------
[ 2023-09-18T03:42:10+08:00 ] [ log ] at588.icu/99/ [运行时间：0.011785s][吞吐率：84.85req/s] [内存消耗：1,864.80kb] [文件加载：51]
[ error ] [8]未定义数组下标: 1

---------------------------------------------------------------
[ 2023-09-18T03:42:17+08:00 ] [ log ] at588.icu/99/index/open.html [运行时间：0.010869s][吞吐率：92.00req/s] [内存消耗：1,865.12kb] [文件加载：50]
[ error ] [8]未定义数组下标: 1

---------------------------------------------------------------
[ 2023-09-18T04:13:18+08:00 ] [ log ] at588.icu/99/ [运行时间：0.013310s][吞吐率：75.13req/s] [内存消耗：1,857.63kb] [文件加载：48]
[ error ] [8]Undefined offset: 1

---------------------------------------------------------------
[ 2023-09-18T04:13:22+08:00 ] [ log ] at588.icu/99/ [运行时间：0.017924s][吞吐率：55.79req/s] [内存消耗：1,857.63kb] [文件加载：48]
[ error ] [8]Undefined offset: 1

---------------------------------------------------------------
[ 2023-09-18T08:51:55+08:00 ] [ log ] at588.icu/99/ [运行时间：0.038272s][吞吐率：26.13req/s] [内存消耗：1,865.34kb] [文件加载：51]
[ error ] [8]未定义数组下标: 1

---------------------------------------------------------------
[ 2023-09-18T08:51:55+08:00 ] [ log ] at588.icu/99/?uc_sm=1&from=wh10331 [运行时间：0.012999s][吞吐率：76.93req/s] [内存消耗：1,865.98kb] [文件加载：51]
[ error ] [8]未定义数组下标: 1

---------------------------------------------------------------
[ 2023-09-18T08:51:57+08:00 ] [ log ] at588.icu/99/favicon.ico [运行时间：0.016508s][吞吐率：60.58req/s] [内存消耗：1,650.74kb] [文件加载：44]
[ error ] [8]未定义数组下标: 1

---------------------------------------------------------------
[ 2023-09-18T08:52:01+08:00 ] [ log ] at588.icu/99/index/open.html [运行时间：0.011357s][吞吐率：88.05req/s] [内存消耗：1,865.12kb] [文件加载：50]
[ error ] [8]未定义数组下标: 1

---------------------------------------------------------------
[ 2023-09-18T11:21:09+08:00 ] [ log ] at588.icu/99/ [运行时间：0.012922s][吞吐率：77.39req/s] [内存消耗：1,857.63kb] [文件加载：48]
[ error ] [8]Undefined offset: 1

---------------------------------------------------------------
[ 2023-09-18T11:21:17+08:00 ] [ log ] at588.icu/99/index/open.html [运行时间：0.027119s][吞吐率：36.87req/s] [内存消耗：1,857.41kb] [文件加载：47]
[ error ] [8]Undefined offset: 1

---------------------------------------------------------------
[ 2023-09-18T11:28:38+08:00 ] [ log ] at588.icu/99/ [运行时间：0.010983s][吞吐率：91.05req/s] [内存消耗：1,865.34kb] [文件加载：51]
[ error ] [8]未定义数组下标: 1

---------------------------------------------------------------
[ 2023-09-18T11:28:38+08:00 ] [ log ] at588.icu/99/?uc_sm=1 [运行时间：0.010930s][吞吐率：91.49req/s] [内存消耗：1,865.97kb] [文件加载：51]
[ error ] [8]未定义数组下标: 1

---------------------------------------------------------------
[ 2023-09-18T11:28:41+08:00 ] [ log ] at588.icu/99/favicon.ico [运行时间：0.035069s][吞吐率：28.52req/s] [内存消耗：1,650.74kb] [文件加载：44]
[ error ] [8]未定义数组下标: 1

---------------------------------------------------------------
[ 2023-09-18T11:28:43+08:00 ] [ log ] at588.icu/99/index/open.html [运行时间：0.011218s][吞吐率：89.14req/s] [内存消耗：1,865.12kb] [文件加载：50]
[ error ] [8]未定义数组下标: 1

---------------------------------------------------------------
[ 2023-09-18T11:30:49+08:00 ] [ log ] at521.icu/99/?uc_sm=1 [运行时间：0.011135s][吞吐率：89.81req/s] [内存消耗：1,865.97kb] [文件加载：51]
[ error ] [8]未定义数组下标: 1

---------------------------------------------------------------
[ 2023-09-18T11:30:49+08:00 ] [ log ] at521.icu/99/ [运行时间：0.011083s][吞吐率：90.23req/s] [内存消耗：1,865.34kb] [文件加载：51]
[ error ] [8]未定义数组下标: 1

---------------------------------------------------------------
[ 2023-09-18T11:30:50+08:00 ] [ log ] at521.icu/99/favicon.ico [运行时间：0.013116s][吞吐率：76.24req/s] [内存消耗：1,650.74kb] [文件加载：44]
[ error ] [8]未定义数组下标: 1

---------------------------------------------------------------
[ 2023-09-18T11:30:54+08:00 ] [ log ] at521.icu/99/index/open.html [运行时间：0.012906s][吞吐率：77.48req/s] [内存消耗：1,865.12kb] [文件加载：50]
[ error ] [8]未定义数组下标: 1

---------------------------------------------------------------
[ 2023-09-18T12:28:41+08:00 ] [ log ] at588.icu/99/?uc_sm=1 [运行时间：0.011361s][吞吐率：88.02req/s] [内存消耗：1,865.97kb] [文件加载：51]
[ error ] [8]未定义数组下标: 1

---------------------------------------------------------------
[ 2023-09-18T12:28:41+08:00 ] [ log ] at588.icu/99/ [运行时间：0.010801s][吞吐率：92.58req/s] [内存消耗：1,865.34kb] [文件加载：51]
[ error ] [8]未定义数组下标: 1

---------------------------------------------------------------
[ 2023-09-18T12:28:42+08:00 ] [ log ] at588.icu/99/favicon.ico [运行时间：0.009396s][吞吐率：106.43req/s] [内存消耗：1,650.74kb] [文件加载：44]
[ error ] [8]未定义数组下标: 1

---------------------------------------------------------------
[ 2023-09-18T12:28:44+08:00 ] [ log ] at588.icu/99/index/open.html [运行时间：0.010702s][吞吐率：93.44req/s] [内存消耗：1,865.12kb] [文件加载：50]
[ error ] [8]未定义数组下标: 1

---------------------------------------------------------------
[ 2023-09-18T12:29:19+08:00 ] [ log ] at588.icu/99/ [运行时间：0.011092s][吞吐率：90.16req/s] [内存消耗：1,865.34kb] [文件加载：51]
[ error ] [8]未定义数组下标: 1

---------------------------------------------------------------
[ 2023-09-18T12:29:22+08:00 ] [ log ] at588.icu/99/index/open.html [运行时间：0.014694s][吞吐率：68.05req/s] [内存消耗：1,865.12kb] [文件加载：50]
[ error ] [8]未定义数组下标: 1

---------------------------------------------------------------
[ 2023-09-18T12:30:32+08:00 ] [ log ] at588.icu/99/ [运行时间：0.010645s][吞吐率：93.94req/s] [内存消耗：1,865.34kb] [文件加载：51]
[ error ] [8]未定义数组下标: 1

---------------------------------------------------------------
[ 2023-09-18T12:30:32+08:00 ] [ log ] at588.icu/99/favicon.ico [运行时间：0.013889s][吞吐率：72.00req/s] [内存消耗：1,650.74kb] [文件加载：44]
[ error ] [8]未定义数组下标: 1

---------------------------------------------------------------
[ 2023-09-18T12:30:35+08:00 ] [ log ] at588.icu/99/index/open.html [运行时间：0.010969s][吞吐率：91.17req/s] [内存消耗：1,865.12kb] [文件加载：50]
[ error ] [8]未定义数组下标: 1

---------------------------------------------------------------
[ 2023-09-18T12:49:39+08:00 ] [ log ] at588.icu/99/ [运行时间：0.010647s][吞吐率：93.92req/s] [内存消耗：1,864.80kb] [文件加载：51]
[ error ] [8]未定义数组下标: 1

---------------------------------------------------------------
[ 2023-09-18T12:49:39+08:00 ] [ log ] at588.icu/99/favicon.ico [运行时间：0.009311s][吞吐率：107.40req/s] [内存消耗：1,650.74kb] [文件加载：44]
[ error ] [8]未定义数组下标: 1

---------------------------------------------------------------
[ 2023-09-18T13:51:02+08:00 ] [ log ] at588.icu/99/?uc_sm=1 [运行时间：0.025432s][吞吐率：39.32req/s] [内存消耗：1,865.97kb] [文件加载：51]
[ error ] [8]未定义数组下标: 1

---------------------------------------------------------------
[ 2023-09-18T13:51:02+08:00 ] [ log ] at588.icu/99/ [运行时间：0.014868s][吞吐率：67.26req/s] [内存消耗：1,865.34kb] [文件加载：51]
[ error ] [8]未定义数组下标: 1

---------------------------------------------------------------
[ 2023-09-18T13:51:03+08:00 ] [ log ] at588.icu/99/favicon.ico [运行时间：0.009132s][吞吐率：109.51req/s] [内存消耗：1,650.74kb] [文件加载：44]
[ error ] [8]未定义数组下标: 1

---------------------------------------------------------------
[ 2023-09-18T13:51:05+08:00 ] [ log ] at588.icu/99/index/open.html [运行时间：0.018989s][吞吐率：52.66req/s] [内存消耗：1,865.12kb] [文件加载：50]
[ error ] [8]未定义数组下标: 1

---------------------------------------------------------------
[ 2023-09-18T14:10:46+08:00 ] [ log ] at521.icu/99/ [运行时间：0.039689s][吞吐率：25.20req/s] [内存消耗：1,864.84kb] [文件加载：51]
[ error ] [8]未定义数组下标: 1

---------------------------------------------------------------
[ 2023-09-18T16:48:15+08:00 ] [ log ] at588.icu/99/ [运行时间：0.011368s][吞吐率：87.97req/s] [内存消耗：1,857.63kb] [文件加载：48]
[ error ] [8]Undefined offset: 1

---------------------------------------------------------------
[ 2023-09-18T17:28:01+08:00 ] [ log ] at588.icu/99/ [运行时间：0.010729s][吞吐率：93.20req/s] [内存消耗：1,865.34kb] [文件加载：51]
[ error ] [8]未定义数组下标: 1

---------------------------------------------------------------
[ 2023-09-18T17:28:01+08:00 ] [ log ] at588.icu/99/ [运行时间：0.011019s][吞吐率：90.75req/s] [内存消耗：1,865.34kb] [文件加载：51]
[ error ] [8]未定义数组下标: 1

---------------------------------------------------------------
[ 2023-09-18T17:28:04+08:00 ] [ log ] at588.icu/99/index/open.html [运行时间：0.011846s][吞吐率：84.42req/s] [内存消耗：1,865.12kb] [文件加载：50]
[ error ] [8]未定义数组下标: 1

---------------------------------------------------------------
[ 2023-09-18T17:29:45+08:00 ] [ log ] at588.icu/99/?uc_sm=1 [运行时间：0.010919s][吞吐率：91.58req/s] [内存消耗：1,865.97kb] [文件加载：51]
[ error ] [8]未定义数组下标: 1

---------------------------------------------------------------
[ 2023-09-18T17:29:45+08:00 ] [ log ] at588.icu/99/ [运行时间：0.013235s][吞吐率：75.56req/s] [内存消耗：1,865.34kb] [文件加载：51]
[ error ] [8]未定义数组下标: 1

---------------------------------------------------------------
[ 2023-09-18T17:29:45+08:00 ] [ log ] at588.icu/99/favicon.ico [运行时间：0.009563s][吞吐率：104.57req/s] [内存消耗：1,650.74kb] [文件加载：44]
[ error ] [8]未定义数组下标: 1

---------------------------------------------------------------
[ 2023-09-18T17:29:47+08:00 ] [ log ] at588.icu/99/index/open.html [运行时间：0.018671s][吞吐率：53.56req/s] [内存消耗：1,865.12kb] [文件加载：50]
[ error ] [8]未定义数组下标: 1

---------------------------------------------------------------
[ 2023-09-18T17:39:52+08:00 ] [ log ] at588.icu/99/ [运行时间：0.011294s][吞吐率：88.54req/s] [内存消耗：1,865.34kb] [文件加载：51]
[ error ] [8]未定义数组下标: 1

---------------------------------------------------------------
[ 2023-09-18T17:39:58+08:00 ] [ log ] at588.icu/99/favicon.ico [运行时间：0.009368s][吞吐率：106.75req/s] [内存消耗：1,650.74kb] [文件加载：44]
[ error ] [8]未定义数组下标: 1

---------------------------------------------------------------
[ 2023-09-18T17:39:59+08:00 ] [ log ] at588.icu/99/index/open.html [运行时间：0.011180s][吞吐率：89.45req/s] [内存消耗：1,865.12kb] [文件加载：50]
[ error ] [8]未定义数组下标: 1

---------------------------------------------------------------
[ 2023-09-18T17:50:22+08:00 ] [ log ] at588.icu/99/ [运行时间：0.011686s][吞吐率：85.57req/s] [内存消耗：1,864.80kb] [文件加载：51]
[ error ] [8]未定义数组下标: 1

---------------------------------------------------------------
[ 2023-09-18T17:50:22+08:00 ] [ log ] at588.icu/99/favicon.ico [运行时间：0.009418s][吞吐率：106.18req/s] [内存消耗：1,650.74kb] [文件加载：44]
[ error ] [8]未定义数组下标: 1

---------------------------------------------------------------
[ 2023-09-18T18:43:53+08:00 ] [ log ] at566.icu/99/ [运行时间：0.011041s][吞吐率：90.57req/s] [内存消耗：1,865.34kb] [文件加载：51]
[ error ] [8]未定义数组下标: 1

---------------------------------------------------------------
[ 2023-09-18T18:43:54+08:00 ] [ log ] at566.icu/99/favicon.ico [运行时间：0.009399s][吞吐率：106.40req/s] [内存消耗：1,650.74kb] [文件加载：44]
[ error ] [8]未定义数组下标: 1

---------------------------------------------------------------
[ 2023-09-18T18:43:58+08:00 ] [ log ] at566.icu/99/index/open.html [运行时间：0.012341s][吞吐率：81.03req/s] [内存消耗：1,865.12kb] [文件加载：50]
[ error ] [8]未定义数组下标: 1

---------------------------------------------------------------
[ 2023-09-18T18:47:36+08:00 ] [ log ] at566.icu/99/ [运行时间：0.010992s][吞吐率：90.98req/s] [内存消耗：1,865.34kb] [文件加载：51]
[ error ] [8]未定义数组下标: 1

---------------------------------------------------------------
[ 2023-09-18T18:47:37+08:00 ] [ log ] at566.icu/99/favicon.ico [运行时间：0.009518s][吞吐率：105.07req/s] [内存消耗：1,650.74kb] [文件加载：44]
[ error ] [8]未定义数组下标: 1

---------------------------------------------------------------
[ 2023-09-18T18:47:39+08:00 ] [ log ] at566.icu/99/index/open.html [运行时间：0.011028s][吞吐率：90.68req/s] [内存消耗：1,865.12kb] [文件加载：50]
[ error ] [8]未定义数组下标: 1

---------------------------------------------------------------
[ 2023-09-18T18:48:07+08:00 ] [ log ] at566.icu/99/ [运行时间：0.010686s][吞吐率：93.58req/s] [内存消耗：1,864.84kb] [文件加载：51]
[ error ] [8]未定义数组下标: 1

---------------------------------------------------------------
[ 2023-09-18T18:48:09+08:00 ] [ log ] at566.icu/99/ [运行时间：0.010954s][吞吐率：91.29req/s] [内存消耗：1,864.84kb] [文件加载：51]
[ error ] [8]未定义数组下标: 1

---------------------------------------------------------------
[ 2023-09-18T18:49:40+08:00 ] [ log ] at566.icu/99/index/open.html [运行时间：0.010628s][吞吐率：94.09req/s] [内存消耗：1,865.15kb] [文件加载：50]
[ error ] [8]未定义数组下标: 1

---------------------------------------------------------------
[ 2023-09-18T18:49:45+08:00 ] [ log ] at566.icu/99/index/open.html [运行时间：0.010786s][吞吐率：92.71req/s] [内存消耗：1,865.15kb] [文件加载：50]
[ error ] [8]未定义数组下标: 1

---------------------------------------------------------------
[ 2023-09-18T19:21:41+08:00 ] [ log ] at521.icu/99/?uc_sm=1 [运行时间：0.010937s][吞吐率：91.43req/s] [内存消耗：1,865.97kb] [文件加载：51]
[ error ] [8]未定义数组下标: 1

---------------------------------------------------------------
[ 2023-09-18T19:21:42+08:00 ] [ log ] at521.icu/99/ [运行时间：0.010685s][吞吐率：93.59req/s] [内存消耗：1,865.34kb] [文件加载：51]
[ error ] [8]未定义数组下标: 1

---------------------------------------------------------------
[ 2023-09-18T19:21:43+08:00 ] [ log ] at521.icu/99/favicon.ico [运行时间：0.009363s][吞吐率：106.80req/s] [内存消耗：1,650.74kb] [文件加载：44]
[ error ] [8]未定义数组下标: 1

---------------------------------------------------------------
[ 2023-09-18T19:21:49+08:00 ] [ log ] at521.icu/99/index/open.html [运行时间：0.010934s][吞吐率：91.46req/s] [内存消耗：1,865.12kb] [文件加载：50]
[ error ] [8]未定义数组下标: 1

---------------------------------------------------------------
[ 2023-09-18T19:28:18+08:00 ] [ log ] at588.icu/99/ [运行时间：0.011302s][吞吐率：88.48req/s] [内存消耗：1,865.34kb] [文件加载：51]
[ error ] [8]未定义数组下标: 1

---------------------------------------------------------------
[ 2023-09-18T19:28:25+08:00 ] [ log ] at588.icu/99/index/open.html [运行时间：0.011245s][吞吐率：88.93req/s] [内存消耗：1,865.12kb] [文件加载：50]
[ error ] [8]未定义数组下标: 1

---------------------------------------------------------------
[ 2023-09-18T19:38:13+08:00 ] [ log ] at588.icu/99/ [运行时间：0.011710s][吞吐率：85.40req/s] [内存消耗：1,864.80kb] [文件加载：51]
[ error ] [8]未定义数组下标: 1

---------------------------------------------------------------
[ 2023-09-18T19:38:14+08:00 ] [ log ] at588.icu/99/favicon.ico [运行时间：0.015592s][吞吐率：64.14req/s] [内存消耗：1,650.74kb] [文件加载：44]
[ error ] [8]未定义数组下标: 1

---------------------------------------------------------------
[ 2023-09-18T20:30:12+08:00 ] [ log ] at588.icu/99/ [运行时间：0.033844s][吞吐率：29.55req/s] [内存消耗：1,857.63kb] [文件加载：48]
[ error ] [8]Undefined offset: 1

---------------------------------------------------------------
[ 2023-09-18T20:30:15+08:00 ] [ log ] at588.icu/99/index/open.html [运行时间：0.011385s][吞吐率：87.84req/s] [内存消耗：1,857.41kb] [文件加载：47]
[ error ] [8]Undefined offset: 1

---------------------------------------------------------------
[ 2023-09-18T20:34:17+08:00 ] [ log ] at588.icu/99/ [运行时间：0.040321s][吞吐率：24.80req/s] [内存消耗：1,865.34kb] [文件加载：51]
[ error ] [8]未定义数组下标: 1

---------------------------------------------------------------
[ 2023-09-18T20:34:18+08:00 ] [ log ] at588.icu/99/favicon.ico [运行时间：0.013617s][吞吐率：73.44req/s] [内存消耗：1,650.74kb] [文件加载：44]
[ error ] [8]未定义数组下标: 1

---------------------------------------------------------------
[ 2023-09-18T20:34:20+08:00 ] [ log ] at588.icu/99/index/open.html [运行时间：0.011844s][吞吐率：84.43req/s] [内存消耗：1,865.12kb] [文件加载：50]
[ error ] [8]未定义数组下标: 1

---------------------------------------------------------------
[ 2023-09-18T20:39:31+08:00 ] [ log ] at588.icu/99/?uc_sm=1 [运行时间：0.011420s][吞吐率：87.57req/s] [内存消耗：1,865.97kb] [文件加载：51]
[ error ] [8]未定义数组下标: 1

---------------------------------------------------------------
[ 2023-09-18T20:39:31+08:00 ] [ log ] at588.icu/99/ [运行时间：0.010759s][吞吐率：92.95req/s] [内存消耗：1,865.34kb] [文件加载：51]
[ error ] [8]未定义数组下标: 1

---------------------------------------------------------------
[ 2023-09-18T20:39:34+08:00 ] [ log ] at588.icu/99/favicon.ico [运行时间：0.009269s][吞吐率：107.89req/s] [内存消耗：1,650.74kb] [文件加载：44]
[ error ] [8]未定义数组下标: 1

---------------------------------------------------------------
[ 2023-09-18T20:39:36+08:00 ] [ log ] at588.icu/99/index/open.html [运行时间：0.010639s][吞吐率：93.99req/s] [内存消耗：1,865.12kb] [文件加载：50]
[ error ] [8]未定义数组下标: 1

---------------------------------------------------------------
[ 2023-09-18T22:32:04+08:00 ] [ log ] at588.icu/99/ [运行时间：0.011479s][吞吐率：87.12req/s] [内存消耗：1,865.34kb] [文件加载：51]
[ error ] [8]未定义数组下标: 1

---------------------------------------------------------------
[ 2023-09-18T22:32:05+08:00 ] [ log ] at588.icu/99/favicon.ico [运行时间：0.009977s][吞吐率：100.23req/s] [内存消耗：1,650.74kb] [文件加载：44]
[ error ] [8]未定义数组下标: 1

---------------------------------------------------------------
[ 2023-09-18T22:32:14+08:00 ] [ log ] at588.icu/99/index/open.html [运行时间：0.018208s][吞吐率：54.92req/s] [内存消耗：1,865.12kb] [文件加载：50]
[ error ] [8]未定义数组下标: 1

---------------------------------------------------------------
