[ 2023-09-19T05:20:24+08:00 ] [ log ] at588.icu/99/?uc_sm=1&from=wh10331 [运行时间：0.016311s][吞吐率：61.31req/s] [内存消耗：1,865.98kb] [文件加载：51]
[ error ] [8]未定义数组下标: 1

---------------------------------------------------------------
[ 2023-09-19T05:20:24+08:00 ] [ log ] at588.icu/99/ [运行时间：0.010527s][吞吐率：94.99req/s] [内存消耗：1,865.34kb] [文件加载：51]
[ error ] [8]未定义数组下标: 1

---------------------------------------------------------------
[ 2023-09-19T05:20:26+08:00 ] [ log ] at588.icu/99/favicon.ico [运行时间：0.009517s][吞吐率：105.08req/s] [内存消耗：1,650.74kb] [文件加载：44]
[ error ] [8]未定义数组下标: 1

---------------------------------------------------------------
[ 2023-09-19T05:20:29+08:00 ] [ log ] at588.icu/99/index/open.html [运行时间：0.011536s][吞吐率：86.69req/s] [内存消耗：1,865.12kb] [文件加载：50]
[ error ] [8]未定义数组下标: 1

---------------------------------------------------------------
[ 2023-09-19T08:11:56+08:00 ] [ log ] at521.icu/99/ [运行时间：0.010797s][吞吐率：92.62req/s] [内存消耗：1,864.84kb] [文件加载：51]
[ error ] [8]未定义数组下标: 1

---------------------------------------------------------------
[ 2023-09-19T11:11:06+08:00 ] [ log ] at588.icu/99/ [运行时间：0.010827s][吞吐率：92.36req/s] [内存消耗：1,865.34kb] [文件加载：51]
[ error ] [8]未定义数组下标: 1

---------------------------------------------------------------
[ 2023-09-19T11:11:16+08:00 ] [ log ] at588.icu/99/index/open.html [运行时间：0.010944s][吞吐率：91.38req/s] [内存消耗：1,865.12kb] [文件加载：50]
[ error ] [8]未定义数组下标: 1

---------------------------------------------------------------
[ 2023-09-19T11:11:20+08:00 ] [ log ] at588.icu/99/favicon.ico [运行时间：0.009857s][吞吐率：101.45req/s] [内存消耗：1,650.74kb] [文件加载：44]
[ error ] [8]未定义数组下标: 1

---------------------------------------------------------------
[ 2023-09-19T11:15:35+08:00 ] [ log ] at588.icu/99/favicon.ico [运行时间：0.029741s][吞吐率：33.62req/s] [内存消耗：1,650.74kb] [文件加载：44]
[ error ] [8]未定义数组下标: 1

---------------------------------------------------------------
[ 2023-09-19T11:17:27+08:00 ] [ log ] at588.icu/99/ [运行时间：0.011475s][吞吐率：87.15req/s] [内存消耗：1,864.80kb] [文件加载：51]
[ error ] [8]未定义数组下标: 1

---------------------------------------------------------------
[ 2023-09-19T11:17:28+08:00 ] [ log ] at588.icu/99/favicon.ico [运行时间：0.009444s][吞吐率：105.89req/s] [内存消耗：1,650.74kb] [文件加载：44]
[ error ] [8]未定义数组下标: 1

---------------------------------------------------------------
[ 2023-09-19T11:17:30+08:00 ] [ log ] at588.icu/99/index/open.html [运行时间：0.011534s][吞吐率：86.70req/s] [内存消耗：1,865.12kb] [文件加载：50]
[ error ] [8]未定义数组下标: 1

---------------------------------------------------------------
[ 2023-09-19T11:21:07+08:00 ] [ log ] at588.icu/99/ [运行时间：0.015435s][吞吐率：64.79req/s] [内存消耗：1,864.80kb] [文件加载：51]
[ error ] [8]未定义数组下标: 1

---------------------------------------------------------------
[ 2023-09-19T11:21:08+08:00 ] [ log ] at588.icu/99/favicon.ico [运行时间：0.010312s][吞吐率：96.98req/s] [内存消耗：1,650.74kb] [文件加载：44]
[ error ] [8]未定义数组下标: 1

---------------------------------------------------------------
[ 2023-09-19T11:21:10+08:00 ] [ log ] at588.icu/99/index/open.html [运行时间：0.031429s][吞吐率：31.82req/s] [内存消耗：1,865.12kb] [文件加载：50]
[ error ] [8]未定义数组下标: 1

---------------------------------------------------------------
[ 2023-09-19T11:27:05+08:00 ] [ log ] at588.icu/99/?uc_sm=1 [运行时间：0.011550s][吞吐率：86.58req/s] [内存消耗：1,865.97kb] [文件加载：51]
[ error ] [8]未定义数组下标: 1

---------------------------------------------------------------
[ 2023-09-19T11:27:05+08:00 ] [ log ] at588.icu/99/ [运行时间：0.010646s][吞吐率：93.93req/s] [内存消耗：1,865.34kb] [文件加载：51]
[ error ] [8]未定义数组下标: 1

---------------------------------------------------------------
[ 2023-09-19T11:27:10+08:00 ] [ log ] at588.icu/99/favicon.ico [运行时间：0.009629s][吞吐率：103.85req/s] [内存消耗：1,650.74kb] [文件加载：44]
[ error ] [8]未定义数组下标: 1

---------------------------------------------------------------
[ 2023-09-19T11:27:14+08:00 ] [ log ] at588.icu/99/index/open.html [运行时间：0.011232s][吞吐率：89.03req/s] [内存消耗：1,865.12kb] [文件加载：50]
[ error ] [8]未定义数组下标: 1

---------------------------------------------------------------
[ 2023-09-19T11:30:00+08:00 ] [ log ] at588.icu/99/ [运行时间：0.015092s][吞吐率：66.26req/s] [内存消耗：1,864.80kb] [文件加载：51]
[ error ] [8]未定义数组下标: 1

---------------------------------------------------------------
[ 2023-09-19T11:30:01+08:00 ] [ log ] at588.icu/99/favicon.ico [运行时间：0.010336s][吞吐率：96.75req/s] [内存消耗：1,650.74kb] [文件加载：44]
[ error ] [8]未定义数组下标: 1

---------------------------------------------------------------
[ 2023-09-19T11:30:04+08:00 ] [ log ] at588.icu/99/index/open.html [运行时间：0.012771s][吞吐率：78.30req/s] [内存消耗：1,865.12kb] [文件加载：50]
[ error ] [8]未定义数组下标: 1

---------------------------------------------------------------
[ 2023-09-19T11:30:41+08:00 ] [ log ] at521.icu/99/?uc_sm=1 [运行时间：0.014495s][吞吐率：68.99req/s] [内存消耗：1,865.97kb] [文件加载：51]
[ error ] [8]未定义数组下标: 1

---------------------------------------------------------------
[ 2023-09-19T11:30:42+08:00 ] [ log ] at521.icu/99/ [运行时间：0.037907s][吞吐率：26.38req/s] [内存消耗：1,865.34kb] [文件加载：51]
[ error ] [8]未定义数组下标: 1

---------------------------------------------------------------
[ 2023-09-19T11:30:42+08:00 ] [ log ] at521.icu/99/ [运行时间：0.015410s][吞吐率：64.89req/s] [内存消耗：1,865.34kb] [文件加载：51]
[ error ] [8]未定义数组下标: 1

---------------------------------------------------------------
[ 2023-09-19T11:30:43+08:00 ] [ log ] at521.icu/99/favicon.ico [运行时间：0.013648s][吞吐率：73.27req/s] [内存消耗：1,650.74kb] [文件加载：44]
[ error ] [8]未定义数组下标: 1

---------------------------------------------------------------
[ 2023-09-19T11:30:46+08:00 ] [ log ] at521.icu/99/index/open.html [运行时间：0.014075s][吞吐率：71.05req/s] [内存消耗：1,865.12kb] [文件加载：50]
[ error ] [8]未定义数组下标: 1

---------------------------------------------------------------
[ 2023-09-19T11:32:10+08:00 ] [ log ] at588.icu/99/ [运行时间：0.014287s][吞吐率：69.99req/s] [内存消耗：1,857.63kb] [文件加载：48]
[ error ] [8]Undefined offset: 1

---------------------------------------------------------------
[ 2023-09-19T11:32:14+08:00 ] [ log ] at588.icu/99/index/open.html [运行时间：0.016717s][吞吐率：59.82req/s] [内存消耗：1,857.41kb] [文件加载：47]
[ error ] [8]Undefined offset: 1

---------------------------------------------------------------
[ 2023-09-19T11:39:22+08:00 ] [ log ] at588.icu/99/ [运行时间：0.014575s][吞吐率：68.61req/s] [内存消耗：1,864.80kb] [文件加载：51]
[ error ] [8]未定义数组下标: 1

---------------------------------------------------------------
[ 2023-09-19T11:39:31+08:00 ] [ log ] at588.icu/99/index/open.html [运行时间：0.010466s][吞吐率：95.55req/s] [内存消耗：1,865.12kb] [文件加载：50]
[ error ] [8]未定义数组下标: 1

---------------------------------------------------------------
[ 2023-09-19T11:47:12+08:00 ] [ log ] at588.icu/99/ [运行时间：0.013996s][吞吐率：71.45req/s] [内存消耗：1,864.80kb] [文件加载：51]
[ error ] [8]未定义数组下标: 1

---------------------------------------------------------------
[ 2023-09-19T11:50:19+08:00 ] [ log ] at588.icu/99/ [运行时间：0.013219s][吞吐率：75.65req/s] [内存消耗：1,864.80kb] [文件加载：51]
[ error ] [8]未定义数组下标: 1

---------------------------------------------------------------
[ 2023-09-19T11:50:28+08:00 ] [ log ] at588.icu/99/index/open.html [运行时间：0.010588s][吞吐率：94.45req/s] [内存消耗：1,865.12kb] [文件加载：50]
[ error ] [8]未定义数组下标: 1

---------------------------------------------------------------
[ 2023-09-19T11:54:11+08:00 ] [ log ] at588.icu/99/ [运行时间：0.010785s][吞吐率：92.72req/s] [内存消耗：1,864.80kb] [文件加载：51]
[ error ] [8]未定义数组下标: 1

---------------------------------------------------------------
[ 2023-09-19T11:54:20+08:00 ] [ log ] at588.icu/99/index/open.html [运行时间：0.011170s][吞吐率：89.53req/s] [内存消耗：1,865.12kb] [文件加载：50]
[ error ] [8]未定义数组下标: 1

---------------------------------------------------------------
[ 2023-09-19T11:55:08+08:00 ] [ log ] at588.icu/99/ [运行时间：0.011533s][吞吐率：86.71req/s] [内存消耗：1,864.80kb] [文件加载：51]
[ error ] [8]未定义数组下标: 1

---------------------------------------------------------------
[ 2023-09-19T11:55:18+08:00 ] [ log ] at588.icu/99/index/open.html [运行时间：0.014361s][吞吐率：69.63req/s] [内存消耗：1,865.12kb] [文件加载：50]
[ error ] [8]未定义数组下标: 1

---------------------------------------------------------------
[ 2023-09-19T11:56:17+08:00 ] [ log ] at588.icu/99/ [运行时间：0.011467s][吞吐率：87.21req/s] [内存消耗：1,865.34kb] [文件加载：51]
[ error ] [8]未定义数组下标: 1

---------------------------------------------------------------
[ 2023-09-19T12:07:37+08:00 ] [ log ] at588.icu/99/ [运行时间：0.011550s][吞吐率：86.58req/s] [内存消耗：1,864.80kb] [文件加载：51]
[ error ] [8]未定义数组下标: 1

---------------------------------------------------------------
[ 2023-09-19T12:07:47+08:00 ] [ log ] at588.icu/99/index/open.html [运行时间：0.010746s][吞吐率：93.06req/s] [内存消耗：1,865.12kb] [文件加载：50]
[ error ] [8]未定义数组下标: 1

---------------------------------------------------------------
[ 2023-09-19T12:28:14+08:00 ] [ log ] at588.icu/99/ [运行时间：0.011062s][吞吐率：90.40req/s] [内存消耗：1,865.34kb] [文件加载：51]
[ error ] [8]未定义数组下标: 1

---------------------------------------------------------------
[ 2023-09-19T12:28:14+08:00 ] [ log ] at588.icu/99/favicon.ico [运行时间：0.014356s][吞吐率：69.66req/s] [内存消耗：1,650.74kb] [文件加载：44]
[ error ] [8]未定义数组下标: 1

---------------------------------------------------------------
[ 2023-09-19T12:28:17+08:00 ] [ log ] at588.icu/99/index/open.html [运行时间：0.034453s][吞吐率：29.03req/s] [内存消耗：1,865.12kb] [文件加载：50]
[ error ] [8]未定义数组下标: 1

---------------------------------------------------------------
[ 2023-09-19T12:29:07+08:00 ] [ log ] at588.icu/99/ [运行时间：0.011697s][吞吐率：85.49req/s] [内存消耗：1,865.34kb] [文件加载：51]
[ error ] [8]未定义数组下标: 1

---------------------------------------------------------------
[ 2023-09-19T12:29:10+08:00 ] [ log ] at588.icu/99/index/open.html [运行时间：0.018450s][吞吐率：54.20req/s] [内存消耗：1,865.12kb] [文件加载：50]
[ error ] [8]未定义数组下标: 1

---------------------------------------------------------------
[ 2023-09-19T12:29:27+08:00 ] [ log ] at588.icu/99/ [运行时间：0.011565s][吞吐率：86.47req/s] [内存消耗：1,864.80kb] [文件加载：51]
[ error ] [8]未定义数组下标: 1

---------------------------------------------------------------
[ 2023-09-19T12:29:29+08:00 ] [ log ] at588.icu/99/index/open.html [运行时间：0.010742s][吞吐率：93.09req/s] [内存消耗：1,865.12kb] [文件加载：50]
[ error ] [8]未定义数组下标: 1

---------------------------------------------------------------
[ 2023-09-19T12:30:14+08:00 ] [ log ] at588.icu/99/ [运行时间：0.013409s][吞吐率：74.58req/s] [内存消耗：1,864.80kb] [文件加载：51]
[ error ] [8]未定义数组下标: 1

---------------------------------------------------------------
[ 2023-09-19T12:30:16+08:00 ] [ log ] at588.icu/99/index/open.html [运行时间：0.014334s][吞吐率：69.76req/s] [内存消耗：1,865.12kb] [文件加载：50]
[ error ] [8]未定义数组下标: 1

---------------------------------------------------------------
[ 2023-09-19T12:33:13+08:00 ] [ log ] at588.icu/99/ [运行时间：0.014773s][吞吐率：67.69req/s] [内存消耗：1,865.34kb] [文件加载：51]
[ error ] [8]未定义数组下标: 1

---------------------------------------------------------------
[ 2023-09-19T12:33:13+08:00 ] [ log ] at588.icu/99/?uc_sm=1 [运行时间：0.010834s][吞吐率：92.30req/s] [内存消耗：1,865.97kb] [文件加载：51]
[ error ] [8]未定义数组下标: 1

---------------------------------------------------------------
[ 2023-09-19T12:33:13+08:00 ] [ log ] at588.icu/99/favicon.ico [运行时间：0.015606s][吞吐率：64.08req/s] [内存消耗：1,650.74kb] [文件加载：44]
[ error ] [8]未定义数组下标: 1

---------------------------------------------------------------
[ 2023-09-19T12:33:15+08:00 ] [ log ] at588.icu/99/index/open.html [运行时间：0.034099s][吞吐率：29.33req/s] [内存消耗：1,865.12kb] [文件加载：50]
[ error ] [8]未定义数组下标: 1

---------------------------------------------------------------
[ 2023-09-19T12:35:40+08:00 ] [ log ] at588.icu/99/ [运行时间：0.011550s][吞吐率：86.58req/s] [内存消耗：1,864.80kb] [文件加载：51]
[ error ] [8]未定义数组下标: 1

---------------------------------------------------------------
[ 2023-09-19T12:35:43+08:00 ] [ log ] at588.icu/99/index/open.html [运行时间：0.010720s][吞吐率：93.28req/s] [内存消耗：1,865.12kb] [文件加载：50]
[ error ] [8]未定义数组下标: 1

---------------------------------------------------------------
[ 2023-09-19T12:52:02+08:00 ] [ log ] at588.icu/99/ [运行时间：0.011579s][吞吐率：86.36req/s] [内存消耗：1,864.80kb] [文件加载：51]
[ error ] [8]未定义数组下标: 1

---------------------------------------------------------------
[ 2023-09-19T12:52:11+08:00 ] [ log ] at588.icu/99/index/open.html [运行时间：0.028663s][吞吐率：34.89req/s] [内存消耗：1,865.12kb] [文件加载：50]
[ error ] [8]未定义数组下标: 1

---------------------------------------------------------------
[ 2023-09-19T12:55:20+08:00 ] [ log ] at588.icu/99/favicon.ico [运行时间：0.009750s][吞吐率：102.57req/s] [内存消耗：1,650.74kb] [文件加载：44]
[ error ] [8]未定义数组下标: 1

---------------------------------------------------------------
[ 2023-09-19T14:00:09+08:00 ] [ log ] at588.icu/99/?uc_sm=1 [运行时间：0.010865s][吞吐率：92.04req/s] [内存消耗：1,865.97kb] [文件加载：51]
[ error ] [8]未定义数组下标: 1

---------------------------------------------------------------
[ 2023-09-19T14:00:09+08:00 ] [ log ] at588.icu/99/ [运行时间：0.010703s][吞吐率：93.43req/s] [内存消耗：1,865.34kb] [文件加载：51]
[ error ] [8]未定义数组下标: 1

---------------------------------------------------------------
[ 2023-09-19T14:00:09+08:00 ] [ log ] at588.icu/99/favicon.ico [运行时间：0.034948s][吞吐率：28.61req/s] [内存消耗：1,650.74kb] [文件加载：44]
[ error ] [8]未定义数组下标: 1

---------------------------------------------------------------
[ 2023-09-19T14:00:12+08:00 ] [ log ] at588.icu/99/index/open.html [运行时间：0.013479s][吞吐率：74.19req/s] [内存消耗：1,865.12kb] [文件加载：50]
[ error ] [8]未定义数组下标: 1

---------------------------------------------------------------
[ 2023-09-19T14:08:39+08:00 ] [ log ] at522.icu/99/?uc_sm=1&from=wh10331 [运行时间：0.015097s][吞吐率：66.24req/s] [内存消耗：1,865.98kb] [文件加载：51]
[ error ] [8]未定义数组下标: 1

---------------------------------------------------------------
[ 2023-09-19T14:08:39+08:00 ] [ log ] at522.icu/99/ [运行时间：0.010359s][吞吐率：96.53req/s] [内存消耗：1,865.34kb] [文件加载：51]
[ error ] [8]未定义数组下标: 1

---------------------------------------------------------------
[ 2023-09-19T14:08:39+08:00 ] [ log ] at522.icu/99/ [运行时间：0.011458s][吞吐率：87.28req/s] [内存消耗：1,865.34kb] [文件加载：51]
[ error ] [8]未定义数组下标: 1

---------------------------------------------------------------
[ 2023-09-19T14:08:42+08:00 ] [ log ] at522.icu/99/ [运行时间：0.040123s][吞吐率：24.92req/s] [内存消耗：1,865.34kb] [文件加载：51]
[ error ] [8]未定义数组下标: 1

---------------------------------------------------------------
[ 2023-09-19T14:08:42+08:00 ] [ log ] at522.icu/99/ [运行时间：0.011335s][吞吐率：88.22req/s] [内存消耗：1,865.34kb] [文件加载：51]
[ error ] [8]未定义数组下标: 1

---------------------------------------------------------------
[ 2023-09-19T14:37:25+08:00 ] [ log ] at588.icu/99/ [运行时间：0.010919s][吞吐率：91.58req/s] [内存消耗：1,857.63kb] [文件加载：48]
[ error ] [8]Undefined offset: 1

---------------------------------------------------------------
[ 2023-09-19T14:37:26+08:00 ] [ log ] at588.icu/99/favicon.ico [运行时间：0.009552s][吞吐率：104.69req/s] [内存消耗：1,643.13kb] [文件加载：42]
[ error ] [8]Undefined offset: 1

---------------------------------------------------------------
[ 2023-09-19T15:09:27+08:00 ] [ log ] at588.icu/99/ [运行时间：0.010854s][吞吐率：92.13req/s] [内存消耗：1,857.63kb] [文件加载：48]
[ error ] [8]Undefined offset: 1

---------------------------------------------------------------
[ 2023-09-19T15:20:49+08:00 ] [ log ] at522.icu/99/?uc_sm=1 [运行时间：0.010863s][吞吐率：92.06req/s] [内存消耗：1,865.97kb] [文件加载：51]
[ error ] [8]未定义数组下标: 1

---------------------------------------------------------------
[ 2023-09-19T15:20:49+08:00 ] [ log ] at522.icu/99/ [运行时间：0.011304s][吞吐率：88.47req/s] [内存消耗：1,865.34kb] [文件加载：51]
[ error ] [8]未定义数组下标: 1

---------------------------------------------------------------
[ 2023-09-19T15:20:50+08:00 ] [ log ] at522.icu/99/favicon.ico [运行时间：0.016348s][吞吐率：61.17req/s] [内存消耗：1,650.74kb] [文件加载：44]
[ error ] [8]未定义数组下标: 1

---------------------------------------------------------------
[ 2023-09-19T15:20:53+08:00 ] [ log ] at522.icu/99/index/open.html [运行时间：0.037986s][吞吐率：26.33req/s] [内存消耗：1,865.12kb] [文件加载：50]
[ error ] [8]未定义数组下标: 1

---------------------------------------------------------------
[ 2023-09-19T15:50:49+08:00 ] [ log ] at588.icu/99/index/open.html [运行时间：0.014782s][吞吐率：67.65req/s] [内存消耗：1,857.95kb] [文件加载：47]
[ error ] [8]Undefined offset: 1

---------------------------------------------------------------
[ 2023-09-19T17:26:02+08:00 ] [ log ] at588.icu/99/ [运行时间：0.012117s][吞吐率：82.53req/s] [内存消耗：1,857.63kb] [文件加载：48]
[ error ] [8]Undefined offset: 1

---------------------------------------------------------------
[ 2023-09-19T17:29:26+08:00 ] [ log ] at588.icu/99/ [运行时间：0.011008s][吞吐率：90.84req/s] [内存消耗：1,865.34kb] [文件加载：51]
[ error ] [8]未定义数组下标: 1

---------------------------------------------------------------
[ 2023-09-19T17:29:28+08:00 ] [ log ] at588.icu/99/index/open.html [运行时间：0.011064s][吞吐率：90.38req/s] [内存消耗：1,865.12kb] [文件加载：50]
[ error ] [8]未定义数组下标: 1

---------------------------------------------------------------
[ 2023-09-19T17:30:10+08:00 ] [ log ] at588.icu/99/ [运行时间：0.011418s][吞吐率：87.58req/s] [内存消耗：1,857.63kb] [文件加载：48]
[ error ] [8]Undefined offset: 1

---------------------------------------------------------------
[ 2023-09-19T17:30:14+08:00 ] [ log ] at588.icu/99/index/open.html [运行时间：0.011356s][吞吐率：88.06req/s] [内存消耗：1,857.41kb] [文件加载：47]
[ error ] [8]Undefined offset: 1

---------------------------------------------------------------
[ 2023-09-19T18:23:47+08:00 ] [ log ] at588.icu/99/?uc_sm=1 [运行时间：0.011310s][吞吐率：88.42req/s] [内存消耗：1,865.97kb] [文件加载：51]
[ error ] [8]未定义数组下标: 1

---------------------------------------------------------------
[ 2023-09-19T18:23:47+08:00 ] [ log ] at588.icu/99/ [运行时间：0.015169s][吞吐率：65.92req/s] [内存消耗：1,865.34kb] [文件加载：51]
[ error ] [8]未定义数组下标: 1

---------------------------------------------------------------
[ 2023-09-19T18:23:49+08:00 ] [ log ] at588.icu/99/favicon.ico [运行时间：0.009474s][吞吐率：105.55req/s] [内存消耗：1,650.74kb] [文件加载：44]
[ error ] [8]未定义数组下标: 1

---------------------------------------------------------------
[ 2023-09-19T18:23:52+08:00 ] [ log ] at588.icu/99/index/open.html [运行时间：0.010950s][吞吐率：91.33req/s] [内存消耗：1,865.12kb] [文件加载：50]
[ error ] [8]未定义数组下标: 1

---------------------------------------------------------------
[ 2023-09-19T18:41:43+08:00 ] [ log ] at588.icu/99/ [运行时间：0.033235s][吞吐率：30.09req/s] [内存消耗：1,865.34kb] [文件加载：51]
[ error ] [8]未定义数组下标: 1

---------------------------------------------------------------
[ 2023-09-19T18:41:45+08:00 ] [ log ] at588.icu/99/index/open.html [运行时间：0.014086s][吞吐率：70.99req/s] [内存消耗：1,865.12kb] [文件加载：50]
[ error ] [8]未定义数组下标: 1

---------------------------------------------------------------
[ 2023-09-19T18:46:04+08:00 ] [ log ] at588.icu/99/index/open.html [运行时间：0.011051s][吞吐率：90.49req/s] [内存消耗：1,865.15kb] [文件加载：50]
[ error ] [8]未定义数组下标: 1

---------------------------------------------------------------
[ 2023-09-19T18:47:33+08:00 ] [ log ] at588.icu/99/ [运行时间：0.010928s][吞吐率：91.51req/s] [内存消耗：1,864.80kb] [文件加载：51]
[ error ] [8]未定义数组下标: 1

---------------------------------------------------------------
[ 2023-09-19T18:47:36+08:00 ] [ log ] at588.icu/99/index/open.html [运行时间：0.014969s][吞吐率：66.80req/s] [内存消耗：1,865.12kb] [文件加载：50]
[ error ] [8]未定义数组下标: 1

---------------------------------------------------------------
[ 2023-09-19T18:47:57+08:00 ] [ log ] at588.icu/99/index/open.html [运行时间：0.015556s][吞吐率：64.28req/s] [内存消耗：1,865.12kb] [文件加载：50]
[ error ] [8]未定义数组下标: 1

---------------------------------------------------------------
[ 2023-09-19T18:58:42+08:00 ] [ log ] at588.icu/99/ [运行时间：0.015389s][吞吐率：64.98req/s] [内存消耗：1,857.63kb] [文件加载：48]
[ error ] [8]Undefined offset: 1

---------------------------------------------------------------
[ 2023-09-19T18:58:50+08:00 ] [ log ] at588.icu/99/index/open.html [运行时间：0.011057s][吞吐率：90.44req/s] [内存消耗：1,857.41kb] [文件加载：47]
[ error ] [8]Undefined offset: 1

---------------------------------------------------------------
[ 2023-09-19T19:03:40+08:00 ] [ log ] at588.icu/99/ [运行时间：0.011561s][吞吐率：86.50req/s] [内存消耗：1,865.34kb] [文件加载：51]
[ error ] [8]未定义数组下标: 1

---------------------------------------------------------------
[ 2023-09-19T19:03:52+08:00 ] [ log ] at588.icu/99/favicon.ico [运行时间：0.011049s][吞吐率：90.51req/s] [内存消耗：1,650.74kb] [文件加载：44]
[ error ] [8]未定义数组下标: 1

---------------------------------------------------------------
[ 2023-09-19T19:03:53+08:00 ] [ log ] at588.icu/99/index/open.html [运行时间：0.038137s][吞吐率：26.22req/s] [内存消耗：1,865.12kb] [文件加载：50]
[ error ] [8]未定义数组下标: 1

---------------------------------------------------------------
[ 2023-09-19T19:26:44+08:00 ] [ log ] at588.icu/99/ [运行时间：0.010712s][吞吐率：93.35req/s] [内存消耗：1,865.34kb] [文件加载：51]
[ error ] [8]未定义数组下标: 1

---------------------------------------------------------------
[ 2023-09-19T19:26:45+08:00 ] [ log ] at588.icu/99/favicon.ico [运行时间：0.011164s][吞吐率：89.57req/s] [内存消耗：1,650.74kb] [文件加载：44]
[ error ] [8]未定义数组下标: 1

---------------------------------------------------------------
[ 2023-09-19T19:26:48+08:00 ] [ log ] at588.icu/99/index/open.html [运行时间：0.011223s][吞吐率：89.10req/s] [内存消耗：1,865.12kb] [文件加载：50]
[ error ] [8]未定义数组下标: 1

---------------------------------------------------------------
[ 2023-09-19T19:28:26+08:00 ] [ log ] at588.icu/99/ [运行时间：0.034184s][吞吐率：29.25req/s] [内存消耗：1,864.80kb] [文件加载：51]
[ error ] [8]未定义数组下标: 1

---------------------------------------------------------------
[ 2023-09-19T19:28:27+08:00 ] [ log ] at588.icu/99/favicon.ico [运行时间：0.011341s][吞吐率：88.18req/s] [内存消耗：1,650.74kb] [文件加载：44]
[ error ] [8]未定义数组下标: 1

---------------------------------------------------------------
[ 2023-09-19T19:28:29+08:00 ] [ log ] at588.icu/99/index/open.html [运行时间：0.012282s][吞吐率：81.42req/s] [内存消耗：1,865.12kb] [文件加载：50]
[ error ] [8]未定义数组下标: 1

---------------------------------------------------------------
[ 2023-09-19T19:34:18+08:00 ] [ log ] at588.icu/99/ [运行时间：0.011426s][吞吐率：87.52req/s] [内存消耗：1,864.80kb] [文件加载：51]
[ error ] [8]未定义数组下标: 1

---------------------------------------------------------------
[ 2023-09-19T19:34:19+08:00 ] [ log ] at588.icu/99/favicon.ico [运行时间：0.009394s][吞吐率：106.45req/s] [内存消耗：1,650.74kb] [文件加载：44]
[ error ] [8]未定义数组下标: 1

---------------------------------------------------------------
[ 2023-09-19T19:34:21+08:00 ] [ log ] at588.icu/99/index/open.html [运行时间：0.028609s][吞吐率：34.95req/s] [内存消耗：1,865.12kb] [文件加载：50]
[ error ] [8]未定义数组下标: 1

---------------------------------------------------------------
[ 2023-09-19T19:35:52+08:00 ] [ log ] at588.icu/99/ [运行时间：0.016128s][吞吐率：62.00req/s] [内存消耗：1,864.80kb] [文件加载：51]
[ error ] [8]未定义数组下标: 1

---------------------------------------------------------------
[ 2023-09-19T19:35:52+08:00 ] [ log ] at588.icu/99/favicon.ico [运行时间：0.009687s][吞吐率：103.23req/s] [内存消耗：1,650.74kb] [文件加载：44]
[ error ] [8]未定义数组下标: 1

---------------------------------------------------------------
[ 2023-09-19T19:55:37+08:00 ] [ log ] at588.icu/99/index/open.html [运行时间：0.033804s][吞吐率：29.58req/s] [内存消耗：1,865.15kb] [文件加载：50]
[ error ] [8]未定义数组下标: 1

---------------------------------------------------------------
[ 2023-09-19T19:57:42+08:00 ] [ log ] at588.icu/99/ [运行时间：0.021741s][吞吐率：46.00req/s] [内存消耗：1,864.80kb] [文件加载：51]
[ error ] [8]未定义数组下标: 1

---------------------------------------------------------------
[ 2023-09-19T19:57:52+08:00 ] [ log ] at588.icu/99/index/open.html [运行时间：0.010980s][吞吐率：91.07req/s] [内存消耗：1,865.12kb] [文件加载：50]
[ error ] [8]未定义数组下标: 1

---------------------------------------------------------------
[ 2023-09-19T20:01:35+08:00 ] [ log ] at588.icu/99/ [运行时间：0.013759s][吞吐率：72.68req/s] [内存消耗：1,864.80kb] [文件加载：51]
[ error ] [8]未定义数组下标: 1

---------------------------------------------------------------
[ 2023-09-19T20:01:45+08:00 ] [ log ] at588.icu/99/index/open.html [运行时间：0.010882s][吞吐率：91.90req/s] [内存消耗：1,865.12kb] [文件加载：50]
[ error ] [8]未定义数组下标: 1

---------------------------------------------------------------
[ 2023-09-19T20:19:31+08:00 ] [ log ] at588.icu/99/ [运行时间：0.014089s][吞吐率：70.98req/s] [内存消耗：1,864.80kb] [文件加载：51]
[ error ] [8]未定义数组下标: 1

---------------------------------------------------------------
[ 2023-09-19T20:19:32+08:00 ] [ log ] at588.icu/99/favicon.ico [运行时间：0.009367s][吞吐率：106.76req/s] [内存消耗：1,650.74kb] [文件加载：44]
[ error ] [8]未定义数组下标: 1

---------------------------------------------------------------
[ 2023-09-19T20:19:37+08:00 ] [ log ] at588.icu/99/index/open.html [运行时间：0.011436s][吞吐率：87.44req/s] [内存消耗：1,865.12kb] [文件加载：50]
[ error ] [8]未定义数组下标: 1

---------------------------------------------------------------
[ 2023-09-19T20:51:18+08:00 ] [ log ] at588.icu/99/?uc_sm=1 [运行时间：0.012121s][吞吐率：82.50req/s] [内存消耗：1,865.97kb] [文件加载：51]
[ error ] [8]未定义数组下标: 1

---------------------------------------------------------------
[ 2023-09-19T20:51:18+08:00 ] [ log ] at588.icu/99/ [运行时间：0.010671s][吞吐率：93.71req/s] [内存消耗：1,865.34kb] [文件加载：51]
[ error ] [8]未定义数组下标: 1

---------------------------------------------------------------
[ 2023-09-19T20:51:22+08:00 ] [ log ] at588.icu/99/favicon.ico [运行时间：0.010327s][吞吐率：96.83req/s] [内存消耗：1,650.74kb] [文件加载：44]
[ error ] [8]未定义数组下标: 1

---------------------------------------------------------------
[ 2023-09-19T20:51:25+08:00 ] [ log ] at588.icu/99/index/open.html [运行时间：0.011864s][吞吐率：84.29req/s] [内存消耗：1,865.12kb] [文件加载：50]
[ error ] [8]未定义数组下标: 1

---------------------------------------------------------------
[ 2023-09-19T20:52:45+08:00 ] [ log ] at566.icu/99/ [运行时间：0.011155s][吞吐率：89.65req/s] [内存消耗：1,865.34kb] [文件加载：51]
[ error ] [8]未定义数组下标: 1

---------------------------------------------------------------
[ 2023-09-19T20:52:46+08:00 ] [ log ] at566.icu/99/favicon.ico [运行时间：0.009232s][吞吐率：108.32req/s] [内存消耗：1,650.74kb] [文件加载：44]
[ error ] [8]未定义数组下标: 1

---------------------------------------------------------------
[ 2023-09-19T20:53:01+08:00 ] [ log ] at566.icu/99/index/open.html [运行时间：0.010740s][吞吐率：93.11req/s] [内存消耗：1,865.12kb] [文件加载：50]
[ error ] [8]未定义数组下标: 1

---------------------------------------------------------------
[ 2023-09-19T21:33:29+08:00 ] [ log ] at521.icu/99/?uc_sm=1 [运行时间：0.011179s][吞吐率：89.45req/s] [内存消耗：1,865.97kb] [文件加载：51]
[ error ] [8]未定义数组下标: 1

---------------------------------------------------------------
[ 2023-09-19T21:33:30+08:00 ] [ log ] at521.icu/99/ [运行时间：0.011326s][吞吐率：88.29req/s] [内存消耗：1,865.34kb] [文件加载：51]
[ error ] [8]未定义数组下标: 1

---------------------------------------------------------------
[ 2023-09-19T21:33:31+08:00 ] [ log ] at521.icu/99/ [运行时间：0.015414s][吞吐率：64.88req/s] [内存消耗：1,865.34kb] [文件加载：51]
[ error ] [8]未定义数组下标: 1

---------------------------------------------------------------
[ 2023-09-19T21:33:40+08:00 ] [ log ] at521.icu/99/favicon.ico [运行时间：0.034220s][吞吐率：29.22req/s] [内存消耗：1,650.74kb] [文件加载：44]
[ error ] [8]未定义数组下标: 1

---------------------------------------------------------------
[ 2023-09-19T21:33:45+08:00 ] [ log ] at521.icu/99/index/open.html [运行时间：0.010660s][吞吐率：93.81req/s] [内存消耗：1,865.12kb] [文件加载：50]
[ error ] [8]未定义数组下标: 1

---------------------------------------------------------------
