[ 2023-09-20T06:28:54+08:00 ] [ log ] at588.icu/99/ [运行时间：0.018207s][吞吐率：54.92req/s] [内存消耗：1,865.34kb] [文件加载：51]
[ error ] [8]未定义数组下标: 1

---------------------------------------------------------------
[ 2023-09-20T06:28:56+08:00 ] [ log ] at588.icu/99/favicon.ico [运行时间：0.009840s][吞吐率：101.63req/s] [内存消耗：1,650.74kb] [文件加载：44]
[ error ] [8]未定义数组下标: 1

---------------------------------------------------------------
[ 2023-09-20T06:28:58+08:00 ] [ log ] at588.icu/99/index/open.html [运行时间：0.010710s][吞吐率：93.37req/s] [内存消耗：1,865.12kb] [文件加载：50]
[ error ] [8]未定义数组下标: 1

---------------------------------------------------------------
[ 2023-09-20T08:36:25+08:00 ] [ log ] at521.icu/99/ [运行时间：0.014527s][吞吐率：68.84req/s] [内存消耗：1,864.84kb] [文件加载：51]
[ error ] [8]未定义数组下标: 1

---------------------------------------------------------------
[ 2023-09-20T08:41:50+08:00 ] [ log ] at588.icu/99/ [运行时间：0.010894s][吞吐率：91.79req/s] [内存消耗：1,857.63kb] [文件加载：48]
[ error ] [8]Undefined offset: 1

---------------------------------------------------------------
[ 2023-09-20T08:41:52+08:00 ] [ log ] at588.icu/99/ [运行时间：0.010682s][吞吐率：93.62req/s] [内存消耗：1,857.10kb] [文件加载：48]
[ error ] [8]Undefined offset: 1

---------------------------------------------------------------
[ 2023-09-20T08:41:58+08:00 ] [ log ] at588.icu/99/index/open.html [运行时间：0.014952s][吞吐率：66.88req/s] [内存消耗：1,857.41kb] [文件加载：47]
[ error ] [8]Undefined offset: 1

---------------------------------------------------------------
[ 2023-09-20T10:16:03+08:00 ] [ log ] at588.icu/99/ [运行时间：0.011571s][吞吐率：86.42req/s] [内存消耗：1,865.34kb] [文件加载：51]
[ error ] [8]未定义数组下标: 1

---------------------------------------------------------------
[ 2023-09-20T10:16:06+08:00 ] [ log ] at588.icu/99/index/open.html [运行时间：0.032548s][吞吐率：30.72req/s] [内存消耗：1,865.12kb] [文件加载：50]
[ error ] [8]未定义数组下标: 1

---------------------------------------------------------------
[ 2023-09-20T11:04:33+08:00 ] [ log ] at588.icu/99/ [运行时间：0.011159s][吞吐率：89.61req/s] [内存消耗：1,865.34kb] [文件加载：51]
[ error ] [8]未定义数组下标: 1

---------------------------------------------------------------
[ 2023-09-20T11:11:57+08:00 ] [ log ] at588.icu/99/ [运行时间：0.016551s][吞吐率：60.42req/s] [内存消耗：1,864.80kb] [文件加载：51]
[ error ] [8]未定义数组下标: 1

---------------------------------------------------------------
[ 2023-09-20T11:11:58+08:00 ] [ log ] at588.icu/99/favicon.ico [运行时间：0.009498s][吞吐率：105.29req/s] [内存消耗：1,650.74kb] [文件加载：44]
[ error ] [8]未定义数组下标: 1

---------------------------------------------------------------
[ 2023-09-20T11:12:00+08:00 ] [ log ] at588.icu/99/index/open.html [运行时间：0.011365s][吞吐率：87.99req/s] [内存消耗：1,865.12kb] [文件加载：50]
[ error ] [8]未定义数组下标: 1

---------------------------------------------------------------
[ 2023-09-20T11:33:23+08:00 ] [ log ] at521.icu/99/?uc_sm=1 [运行时间：0.010946s][吞吐率：91.36req/s] [内存消耗：1,865.97kb] [文件加载：51]
[ error ] [8]未定义数组下标: 1

---------------------------------------------------------------
[ 2023-09-20T11:33:24+08:00 ] [ log ] at521.icu/99/ [运行时间：0.011089s][吞吐率：90.18req/s] [内存消耗：1,865.34kb] [文件加载：51]
[ error ] [8]未定义数组下标: 1

---------------------------------------------------------------
[ 2023-09-20T11:33:24+08:00 ] [ log ] at521.icu/99/ [运行时间：0.011023s][吞吐率：90.72req/s] [内存消耗：1,865.34kb] [文件加载：51]
[ error ] [8]未定义数组下标: 1

---------------------------------------------------------------
[ 2023-09-20T11:33:26+08:00 ] [ log ] at521.icu/99/favicon.ico [运行时间：0.009599s][吞吐率：104.18req/s] [内存消耗：1,650.74kb] [文件加载：44]
[ error ] [8]未定义数组下标: 1

---------------------------------------------------------------
[ 2023-09-20T11:33:28+08:00 ] [ log ] at521.icu/99/index/open.html [运行时间：0.010930s][吞吐率：91.49req/s] [内存消耗：1,865.12kb] [文件加载：50]
[ error ] [8]未定义数组下标: 1

---------------------------------------------------------------
[ 2023-09-20T11:34:29+08:00 ] [ log ] at588.icu/99/ [运行时间：0.019601s][吞吐率：51.02req/s] [内存消耗：1,857.63kb] [文件加载：48]
[ error ] [8]Undefined offset: 1

---------------------------------------------------------------
[ 2023-09-20T11:34:31+08:00 ] [ log ] at588.icu/99/ [运行时间：0.010875s][吞吐率：91.95req/s] [内存消耗：1,857.10kb] [文件加载：48]
[ error ] [8]Undefined offset: 1

---------------------------------------------------------------
[ 2023-09-20T11:34:34+08:00 ] [ log ] at588.icu/99/index/open.html [运行时间：0.015177s][吞吐率：65.89req/s] [内存消耗：1,857.41kb] [文件加载：47]
[ error ] [8]Undefined offset: 1

---------------------------------------------------------------
[ 2023-09-20T12:18:48+08:00 ] [ log ] at588.icu/99/?uc_sm=1 [运行时间：0.014167s][吞吐率：70.59req/s] [内存消耗：1,865.97kb] [文件加载：51]
[ error ] [8]未定义数组下标: 1

---------------------------------------------------------------
[ 2023-09-20T12:18:49+08:00 ] [ log ] at588.icu/99/ [运行时间：0.010662s][吞吐率：93.79req/s] [内存消耗：1,865.34kb] [文件加载：51]
[ error ] [8]未定义数组下标: 1

---------------------------------------------------------------
[ 2023-09-20T12:18:49+08:00 ] [ log ] at588.icu/99/favicon.ico [运行时间：0.009421s][吞吐率：106.14req/s] [内存消耗：1,650.74kb] [文件加载：44]
[ error ] [8]未定义数组下标: 1

---------------------------------------------------------------
[ 2023-09-20T12:18:51+08:00 ] [ log ] at588.icu/99/index/open.html [运行时间：0.013581s][吞吐率：73.63req/s] [内存消耗：1,865.12kb] [文件加载：50]
[ error ] [8]未定义数组下标: 1

---------------------------------------------------------------
[ 2023-09-20T12:29:33+08:00 ] [ log ] at588.icu/99/ [运行时间：0.010711s][吞吐率：93.36req/s] [内存消耗：1,865.34kb] [文件加载：51]
[ error ] [8]未定义数组下标: 1

---------------------------------------------------------------
[ 2023-09-20T12:29:33+08:00 ] [ log ] at588.icu/99/favicon.ico [运行时间：0.009425s][吞吐率：106.10req/s] [内存消耗：1,650.74kb] [文件加载：44]
[ error ] [8]未定义数组下标: 1

---------------------------------------------------------------
[ 2023-09-20T12:29:36+08:00 ] [ log ] at588.icu/99/index/open.html [运行时间：0.025532s][吞吐率：39.17req/s] [内存消耗：1,865.12kb] [文件加载：50]
[ error ] [8]未定义数组下标: 1

---------------------------------------------------------------
[ 2023-09-20T12:30:02+08:00 ] [ log ] at588.icu/99/ [运行时间：0.011835s][吞吐率：84.50req/s] [内存消耗：1,865.34kb] [文件加载：51]
[ error ] [8]未定义数组下标: 1

---------------------------------------------------------------
[ 2023-09-20T12:30:09+08:00 ] [ log ] at588.icu/99/index/open.html [运行时间：0.010617s][吞吐率：94.19req/s] [内存消耗：1,865.12kb] [文件加载：50]
[ error ] [8]未定义数组下标: 1

---------------------------------------------------------------
[ 2023-09-20T12:46:39+08:00 ] [ log ] at588.icu/99/ [运行时间：0.011415s][吞吐率：87.60req/s] [内存消耗：1,864.80kb] [文件加载：51]
[ error ] [8]未定义数组下标: 1

---------------------------------------------------------------
[ 2023-09-20T12:50:18+08:00 ] [ log ] at588.icu/99/ [运行时间：0.010597s][吞吐率：94.37req/s] [内存消耗：1,864.80kb] [文件加载：51]
[ error ] [8]未定义数组下标: 1

---------------------------------------------------------------
[ 2023-09-20T12:50:19+08:00 ] [ log ] at588.icu/99/favicon.ico [运行时间：0.009852s][吞吐率：101.50req/s] [内存消耗：1,650.74kb] [文件加载：44]
[ error ] [8]未定义数组下标: 1

---------------------------------------------------------------
[ 2023-09-20T12:50:22+08:00 ] [ log ] at588.icu/99/index/open.html [运行时间：0.010925s][吞吐率：91.53req/s] [内存消耗：1,865.12kb] [文件加载：50]
[ error ] [8]未定义数组下标: 1

---------------------------------------------------------------
[ 2023-09-20T12:51:01+08:00 ] [ log ] at588.icu/99/ [运行时间：0.014328s][吞吐率：69.79req/s] [内存消耗：1,865.34kb] [文件加载：51]
[ error ] [8]未定义数组下标: 1

---------------------------------------------------------------
[ 2023-09-20T15:25:05+08:00 ] [ log ] at588.icu/99/ [运行时间：0.010839s][吞吐率：92.26req/s] [内存消耗：1,865.34kb] [文件加载：51]
[ error ] [8]未定义数组下标: 1

---------------------------------------------------------------
[ 2023-09-20T15:25:05+08:00 ] [ log ] at588.icu/99/?uc_sm=1 [运行时间：0.010676s][吞吐率：93.67req/s] [内存消耗：1,865.97kb] [文件加载：51]
[ error ] [8]未定义数组下标: 1

---------------------------------------------------------------
[ 2023-09-20T15:25:07+08:00 ] [ log ] at588.icu/99/favicon.ico [运行时间：0.009774s][吞吐率：102.31req/s] [内存消耗：1,650.74kb] [文件加载：44]
[ error ] [8]未定义数组下标: 1

---------------------------------------------------------------
[ 2023-09-20T15:25:09+08:00 ] [ log ] at588.icu/99/index/open.html [运行时间：0.010991s][吞吐率：90.98req/s] [内存消耗：1,865.12kb] [文件加载：50]
[ error ] [8]未定义数组下标: 1

---------------------------------------------------------------
[ 2023-09-20T17:26:00+08:00 ] [ log ] at588.icu/99/ [运行时间：0.010847s][吞吐率：92.19req/s] [内存消耗：1,865.34kb] [文件加载：51]
[ error ] [8]未定义数组下标: 1

---------------------------------------------------------------
[ 2023-09-20T17:26:03+08:00 ] [ log ] at588.icu/99/index/open.html [运行时间：0.010683s][吞吐率：93.61req/s] [内存消耗：1,865.12kb] [文件加载：50]
[ error ] [8]未定义数组下标: 1

---------------------------------------------------------------
[ 2023-09-20T18:29:47+08:00 ] [ log ] at588.icu/99/?uc_sm=1 [运行时间：0.010790s][吞吐率：92.68req/s] [内存消耗：1,865.97kb] [文件加载：51]
[ error ] [8]未定义数组下标: 1

---------------------------------------------------------------
[ 2023-09-20T18:29:47+08:00 ] [ log ] at588.icu/99/ [运行时间：0.011839s][吞吐率：84.47req/s] [内存消耗：1,865.34kb] [文件加载：51]
[ error ] [8]未定义数组下标: 1

---------------------------------------------------------------
[ 2023-09-20T18:29:48+08:00 ] [ log ] at588.icu/99/favicon.ico [运行时间：0.009628s][吞吐率：103.86req/s] [内存消耗：1,650.74kb] [文件加载：44]
[ error ] [8]未定义数组下标: 1

---------------------------------------------------------------
[ 2023-09-20T18:29:51+08:00 ] [ log ] at588.icu/99/index/open.html [运行时间：0.010776s][吞吐率：92.80req/s] [内存消耗：1,865.12kb] [文件加载：50]
[ error ] [8]未定义数组下标: 1

---------------------------------------------------------------
[ 2023-09-20T19:29:08+08:00 ] [ log ] at588.icu/99/ [运行时间：0.010752s][吞吐率：93.01req/s] [内存消耗：1,865.34kb] [文件加载：51]
[ error ] [8]未定义数组下标: 1

---------------------------------------------------------------
[ 2023-09-20T19:29:18+08:00 ] [ log ] at588.icu/99/index/open.html [运行时间：0.011169s][吞吐率：89.53req/s] [内存消耗：1,865.12kb] [文件加载：50]
[ error ] [8]未定义数组下标: 1

---------------------------------------------------------------
[ 2023-09-20T19:29:39+08:00 ] [ log ] at588.icu/99/ [运行时间：0.012270s][吞吐率：81.50req/s] [内存消耗：1,864.80kb] [文件加载：51]
[ error ] [8]未定义数组下标: 1

---------------------------------------------------------------
[ 2023-09-20T19:29:48+08:00 ] [ log ] at588.icu/99/index/open.html [运行时间：0.010905s][吞吐率：91.70req/s] [内存消耗：1,865.12kb] [文件加载：50]
[ error ] [8]未定义数组下标: 1

---------------------------------------------------------------
[ 2023-09-20T19:30:55+08:00 ] [ log ] at588.icu/99/ [运行时间：0.013055s][吞吐率：76.60req/s] [内存消耗：1,864.80kb] [文件加载：51]
[ error ] [8]未定义数组下标: 1

---------------------------------------------------------------
[ 2023-09-20T19:31:04+08:00 ] [ log ] at588.icu/99/index/open.html [运行时间：0.010997s][吞吐率：90.93req/s] [内存消耗：1,865.12kb] [文件加载：50]
[ error ] [8]未定义数组下标: 1

---------------------------------------------------------------
[ 2023-09-20T19:34:33+08:00 ] [ log ] at588.icu/99/ [运行时间：0.010921s][吞吐率：91.57req/s] [内存消耗：1,864.80kb] [文件加载：51]
[ error ] [8]未定义数组下标: 1

---------------------------------------------------------------
[ 2023-09-20T19:34:33+08:00 ] [ log ] at588.icu/99/favicon.ico [运行时间：0.009264s][吞吐率：107.94req/s] [内存消耗：1,650.74kb] [文件加载：44]
[ error ] [8]未定义数组下标: 1

---------------------------------------------------------------
[ 2023-09-20T19:34:36+08:00 ] [ log ] at588.icu/99/index/open.html [运行时间：0.036495s][吞吐率：27.40req/s] [内存消耗：1,865.12kb] [文件加载：50]
[ error ] [8]未定义数组下标: 1

---------------------------------------------------------------
[ 2023-09-20T20:13:50+08:00 ] [ log ] at588.icu/99/ [运行时间：0.011457s][吞吐率：87.28req/s] [内存消耗：1,865.34kb] [文件加载：51]
[ error ] [8]未定义数组下标: 1

---------------------------------------------------------------
[ 2023-09-20T20:13:54+08:00 ] [ log ] at588.icu/99/favicon.ico [运行时间：0.022335s][吞吐率：44.77req/s] [内存消耗：1,650.74kb] [文件加载：44]
[ error ] [8]未定义数组下标: 1

---------------------------------------------------------------
[ 2023-09-20T20:13:55+08:00 ] [ log ] at588.icu/99/index/open.html [运行时间：0.016164s][吞吐率：61.87req/s] [内存消耗：1,865.12kb] [文件加载：50]
[ error ] [8]未定义数组下标: 1

---------------------------------------------------------------
[ 2023-09-20T20:21:21+08:00 ] [ log ] at588.icu/99/ [运行时间：0.014580s][吞吐率：68.59req/s] [内存消耗：1,865.34kb] [文件加载：51]
[ error ] [8]未定义数组下标: 1

---------------------------------------------------------------
[ 2023-09-20T20:21:27+08:00 ] [ log ] at588.icu/99/favicon.ico [运行时间：0.009922s][吞吐率：100.79req/s] [内存消耗：1,650.74kb] [文件加载：44]
[ error ] [8]未定义数组下标: 1

---------------------------------------------------------------
[ 2023-09-20T20:21:27+08:00 ] [ log ] at588.icu/99/index/open.html [运行时间：0.023184s][吞吐率：43.13req/s] [内存消耗：1,865.12kb] [文件加载：50]
[ error ] [8]未定义数组下标: 1

---------------------------------------------------------------
[ 2023-09-20T20:46:28+08:00 ] [ log ] at588.icu/99/ [运行时间：0.014129s][吞吐率：70.78req/s] [内存消耗：1,857.63kb] [文件加载：48]
[ error ] [8]Undefined offset: 1

---------------------------------------------------------------
[ 2023-09-20T20:46:31+08:00 ] [ log ] at588.icu/99/index/open.html [运行时间：0.011009s][吞吐率：90.83req/s] [内存消耗：1,857.41kb] [文件加载：47]
[ error ] [8]Undefined offset: 1

---------------------------------------------------------------
[ 2023-09-20T20:52:58+08:00 ] [ log ] at588.icu/99/ [运行时间：0.016746s][吞吐率：59.72req/s] [内存消耗：1,865.34kb] [文件加载：51]
[ error ] [8]未定义数组下标: 1

---------------------------------------------------------------
[ 2023-09-20T20:53:08+08:00 ] [ log ] at588.icu/99/index/open.html [运行时间：0.016265s][吞吐率：61.48req/s] [内存消耗：1,865.12kb] [文件加载：50]
[ error ] [8]未定义数组下标: 1

---------------------------------------------------------------
[ 2023-09-20T20:54:08+08:00 ] [ log ] at588.icu/99/index/open.html [运行时间：0.011000s][吞吐率：90.91req/s] [内存消耗：1,865.12kb] [文件加载：50]
[ error ] [8]未定义数组下标: 1

---------------------------------------------------------------
[ 2023-09-20T20:54:17+08:00 ] [ log ] at588.icu/99/ [运行时间：0.027943s][吞吐率：35.79req/s] [内存消耗：1,864.80kb] [文件加载：51]
[ error ] [8]未定义数组下标: 1

---------------------------------------------------------------
[ 2023-09-20T20:54:26+08:00 ] [ log ] at588.icu/99/index/open.html [运行时间：0.011078s][吞吐率：90.27req/s] [内存消耗：1,865.12kb] [文件加载：50]
[ error ] [8]未定义数组下标: 1

---------------------------------------------------------------
[ 2023-09-20T20:57:09+08:00 ] [ log ] at588.icu/99/index/open.html [运行时间：0.026583s][吞吐率：37.62req/s] [内存消耗：1,865.12kb] [文件加载：50]
[ error ] [8]未定义数组下标: 1

---------------------------------------------------------------
[ 2023-09-20T21:22:55+08:00 ] [ log ] at588.icu/99/ [运行时间：0.021899s][吞吐率：45.66req/s] [内存消耗：1,865.34kb] [文件加载：51]
[ error ] [8]未定义数组下标: 1

---------------------------------------------------------------
[ 2023-09-20T21:22:55+08:00 ] [ log ] at588.icu/99/?uc_sm=1&from=wh10331 [运行时间：0.011633s][吞吐率：85.96req/s] [内存消耗：1,865.98kb] [文件加载：51]
[ error ] [8]未定义数组下标: 1

---------------------------------------------------------------
[ 2023-09-20T21:22:56+08:00 ] [ log ] at588.icu/99/favicon.ico [运行时间：0.012737s][吞吐率：78.51req/s] [内存消耗：1,650.74kb] [文件加载：44]
[ error ] [8]未定义数组下标: 1

---------------------------------------------------------------
[ 2023-09-20T21:22:59+08:00 ] [ log ] at588.icu/99/index/open.html [运行时间：0.017502s][吞吐率：57.14req/s] [内存消耗：1,865.12kb] [文件加载：50]
[ error ] [8]未定义数组下标: 1

---------------------------------------------------------------
[ 2023-09-20T21:29:34+08:00 ] [ log ] at521.icu/99/?uc_sm=1 [运行时间：0.011605s][吞吐率：86.17req/s] [内存消耗：1,865.97kb] [文件加载：51]
[ error ] [8]未定义数组下标: 1

---------------------------------------------------------------
[ 2023-09-20T21:29:34+08:00 ] [ log ] at521.icu/99/ [运行时间：0.013464s][吞吐率：74.27req/s] [内存消耗：1,865.34kb] [文件加载：51]
[ error ] [8]未定义数组下标: 1

---------------------------------------------------------------
[ 2023-09-20T21:29:35+08:00 ] [ log ] at521.icu/99/ [运行时间：0.011418s][吞吐率：87.58req/s] [内存消耗：1,865.34kb] [文件加载：51]
[ error ] [8]未定义数组下标: 1

---------------------------------------------------------------
[ 2023-09-20T21:29:37+08:00 ] [ log ] at521.icu/99/favicon.ico [运行时间：0.009911s][吞吐率：100.90req/s] [内存消耗：1,650.74kb] [文件加载：44]
[ error ] [8]未定义数组下标: 1

---------------------------------------------------------------
[ 2023-09-20T21:29:40+08:00 ] [ log ] at521.icu/99/index/open.html [运行时间：0.010693s][吞吐率：93.52req/s] [内存消耗：1,865.12kb] [文件加载：50]
[ error ] [8]未定义数组下标: 1

---------------------------------------------------------------
[ 2023-09-20T21:47:18+08:00 ] [ log ] at588.icu/99/ [运行时间：0.011415s][吞吐率：87.60req/s] [内存消耗：1,864.80kb] [文件加载：51]
[ error ] [8]未定义数组下标: 1

---------------------------------------------------------------
[ 2023-09-20T21:47:27+08:00 ] [ log ] at588.icu/99/index/open.html [运行时间：0.011267s][吞吐率：88.76req/s] [内存消耗：1,865.12kb] [文件加载：50]
[ error ] [8]未定义数组下标: 1

---------------------------------------------------------------
[ 2023-09-20T21:48:30+08:00 ] [ log ] at588.icu/99/ [运行时间：0.010770s][吞吐率：92.85req/s] [内存消耗：1,864.80kb] [文件加载：51]
[ error ] [8]未定义数组下标: 1

---------------------------------------------------------------
[ 2023-09-20T21:48:37+08:00 ] [ log ] at588.icu/99/ [运行时间：0.010553s][吞吐率：94.76req/s] [内存消耗：1,864.80kb] [文件加载：51]
[ error ] [8]未定义数组下标: 1

---------------------------------------------------------------
[ 2023-09-20T21:48:41+08:00 ] [ log ] at588.icu/99/index/open.html [运行时间：0.015713s][吞吐率：63.64req/s] [内存消耗：1,865.12kb] [文件加载：50]
[ error ] [8]未定义数组下标: 1

---------------------------------------------------------------
[ 2023-09-20T21:53:40+08:00 ] [ log ] at588.icu/99/ [运行时间：0.013863s][吞吐率：72.13req/s] [内存消耗：1,865.34kb] [文件加载：51]
[ error ] [8]未定义数组下标: 1

---------------------------------------------------------------
[ 2023-09-20T21:53:42+08:00 ] [ log ] at588.icu/99/favicon.ico [运行时间：0.009886s][吞吐率：101.15req/s] [内存消耗：1,650.74kb] [文件加载：44]
[ error ] [8]未定义数组下标: 1

---------------------------------------------------------------
[ 2023-09-20T21:54:26+08:00 ] [ log ] at588.icu/99/ [运行时间：0.011190s][吞吐率：89.36req/s] [内存消耗：1,864.80kb] [文件加载：51]
[ error ] [8]未定义数组下标: 1

---------------------------------------------------------------
[ 2023-09-20T21:54:28+08:00 ] [ log ] at588.icu/99/favicon.ico [运行时间：0.009844s][吞吐率：101.58req/s] [内存消耗：1,650.74kb] [文件加载：44]
[ error ] [8]未定义数组下标: 1

---------------------------------------------------------------
[ 2023-09-20T21:54:34+08:00 ] [ log ] at588.icu/99/ [运行时间：0.012768s][吞吐率：78.32req/s] [内存消耗：1,864.80kb] [文件加载：51]
[ error ] [8]未定义数组下标: 1

---------------------------------------------------------------
[ 2023-09-20T21:54:36+08:00 ] [ log ] at588.icu/99/favicon.ico [运行时间：0.023135s][吞吐率：43.22req/s] [内存消耗：1,650.74kb] [文件加载：44]
[ error ] [8]未定义数组下标: 1

---------------------------------------------------------------
[ 2023-09-20T21:54:39+08:00 ] [ log ] at588.icu/99/index/open.html [运行时间：0.020639s][吞吐率：48.45req/s] [内存消耗：1,865.12kb] [文件加载：50]
[ error ] [8]未定义数组下标: 1

---------------------------------------------------------------
[ 2023-09-20T23:43:31+08:00 ] [ log ] at588.icu/99/index/open.html [运行时间：0.012758s][吞吐率：78.38req/s] [内存消耗：1,857.95kb] [文件加载：47]
[ error ] [8]Undefined offset: 1

---------------------------------------------------------------
