[ 2023-09-21T03:12:15+08:00 ] [ log ] at588.icu/99/ [运行时间：0.010834s][吞吐率：92.30req/s] [内存消耗：1,857.63kb] [文件加载：48]
[ error ] [8]Undefined offset: 1

---------------------------------------------------------------
[ 2023-09-21T08:32:50+08:00 ] [ log ] at566.icu/99/ [运行时间：0.010952s][吞吐率：91.31req/s] [内存消耗：1,864.84kb] [文件加载：51]
[ error ] [8]未定义数组下标: 1

---------------------------------------------------------------
[ 2023-09-21T09:32:37+08:00 ] [ log ] at588.icu/99/ [运行时间：0.010726s][吞吐率：93.23req/s] [内存消耗：1,865.34kb] [文件加载：51]
[ error ] [8]未定义数组下标: 1

---------------------------------------------------------------
[ 2023-09-21T09:32:38+08:00 ] [ log ] at588.icu/99/favicon.ico [运行时间：0.009581s][吞吐率：104.37req/s] [内存消耗：1,650.74kb] [文件加载：44]
[ error ] [8]未定义数组下标: 1

---------------------------------------------------------------
[ 2023-09-21T09:32:40+08:00 ] [ log ] at588.icu/99/ [运行时间：0.011424s][吞吐率：87.53req/s] [内存消耗：1,865.34kb] [文件加载：51]
[ error ] [8]未定义数组下标: 1

---------------------------------------------------------------
[ 2023-09-21T09:32:40+08:00 ] [ log ] at588.icu/99/index/open.html [运行时间：0.013505s][吞吐率：74.05req/s] [内存消耗：1,865.12kb] [文件加载：50]
[ error ] [8]未定义数组下标: 1

---------------------------------------------------------------
[ 2023-09-21T09:32:42+08:00 ] [ log ] at588.icu/99/ [运行时间：0.011114s][吞吐率：89.98req/s] [内存消耗：1,857.63kb] [文件加载：48]
[ error ] [8]Undefined offset: 1

---------------------------------------------------------------
[ 2023-09-21T09:33:45+08:00 ] [ log ] at588.icu/99/ [运行时间：0.010988s][吞吐率：91.01req/s] [内存消耗：1,865.34kb] [文件加载：51]
[ error ] [8]未定义数组下标: 1

---------------------------------------------------------------
[ 2023-09-21T09:33:46+08:00 ] [ log ] at588.icu/99/favicon.ico [运行时间：0.012410s][吞吐率：80.58req/s] [内存消耗：1,650.74kb] [文件加载：44]
[ error ] [8]未定义数组下标: 1

---------------------------------------------------------------
[ 2023-09-21T09:33:48+08:00 ] [ log ] at588.icu/99/index/open.html [运行时间：0.016621s][吞吐率：60.17req/s] [内存消耗：1,865.12kb] [文件加载：50]
[ error ] [8]未定义数组下标: 1

---------------------------------------------------------------
[ 2023-09-21T10:03:40+08:00 ] [ log ] at521.icu/99/ [运行时间：0.016137s][吞吐率：61.97req/s] [内存消耗：1,865.34kb] [文件加载：51]
[ error ] [8]未定义数组下标: 1

---------------------------------------------------------------
[ 2023-09-21T10:03:40+08:00 ] [ log ] at521.icu/99/?uc_sm=1 [运行时间：0.011117s][吞吐率：89.95req/s] [内存消耗：1,865.97kb] [文件加载：51]
[ error ] [8]未定义数组下标: 1

---------------------------------------------------------------
[ 2023-09-21T10:03:41+08:00 ] [ log ] at521.icu/99/ [运行时间：0.011383s][吞吐率：87.85req/s] [内存消耗：1,865.34kb] [文件加载：51]
[ error ] [8]未定义数组下标: 1

---------------------------------------------------------------
[ 2023-09-21T10:03:47+08:00 ] [ log ] at521.icu/99/index/open.html [运行时间：0.012325s][吞吐率：81.14req/s] [内存消耗：1,865.12kb] [文件加载：50]
[ error ] [8]未定义数组下标: 1

---------------------------------------------------------------
[ 2023-09-21T10:03:48+08:00 ] [ log ] at521.icu/99/favicon.ico [运行时间：0.010972s][吞吐率：91.14req/s] [内存消耗：1,650.74kb] [文件加载：44]
[ error ] [8]未定义数组下标: 1

---------------------------------------------------------------
[ 2023-09-21T10:50:47+08:00 ] [ log ] at588.icu/99/ [运行时间：0.011518s][吞吐率：86.82req/s] [内存消耗：1,865.34kb] [文件加载：51]
[ error ] [8]未定义数组下标: 1

---------------------------------------------------------------
[ 2023-09-21T10:50:48+08:00 ] [ log ] at588.icu/99/favicon.ico [运行时间：0.009947s][吞吐率：100.53req/s] [内存消耗：1,650.74kb] [文件加载：44]
[ error ] [8]未定义数组下标: 1

---------------------------------------------------------------
[ 2023-09-21T10:50:51+08:00 ] [ log ] at588.icu/99/index/open.html [运行时间：0.010847s][吞吐率：92.19req/s] [内存消耗：1,865.12kb] [文件加载：50]
[ error ] [8]未定义数组下标: 1

---------------------------------------------------------------
[ 2023-09-21T11:24:41+08:00 ] [ log ] at588.icu/99/ [运行时间：0.013272s][吞吐率：75.35req/s] [内存消耗：1,865.34kb] [文件加载：51]
[ error ] [8]未定义数组下标: 1

---------------------------------------------------------------
[ 2023-09-21T11:24:41+08:00 ] [ log ] at588.icu/99/?uc_sm=1&from=wh10331 [运行时间：0.010607s][吞吐率：94.28req/s] [内存消耗：1,865.98kb] [文件加载：51]
[ error ] [8]未定义数组下标: 1

---------------------------------------------------------------
[ 2023-09-21T11:24:41+08:00 ] [ log ] at588.icu/99/favicon.ico [运行时间：0.013000s][吞吐率：76.92req/s] [内存消耗：1,650.74kb] [文件加载：44]
[ error ] [8]未定义数组下标: 1

---------------------------------------------------------------
[ 2023-09-21T11:24:44+08:00 ] [ log ] at588.icu/99/index/open.html [运行时间：0.038999s][吞吐率：25.64req/s] [内存消耗：1,865.12kb] [文件加载：50]
[ error ] [8]未定义数组下标: 1

---------------------------------------------------------------
[ 2023-09-21T11:48:12+08:00 ] [ log ] at888.icu/99/ [运行时间：0.010739s][吞吐率：93.12req/s] [内存消耗：1,865.34kb] [文件加载：51]
[ error ] [8]未定义数组下标: 1

---------------------------------------------------------------
[ 2023-09-21T11:48:27+08:00 ] [ log ] at521.icu/99/?uc_sm=1 [运行时间：0.044198s][吞吐率：22.63req/s] [内存消耗：1,865.97kb] [文件加载：51]
[ error ] [8]未定义数组下标: 1

---------------------------------------------------------------
[ 2023-09-21T11:48:28+08:00 ] [ log ] at521.icu/99/ [运行时间：0.011585s][吞吐率：86.32req/s] [内存消耗：1,865.34kb] [文件加载：51]
[ error ] [8]未定义数组下标: 1

---------------------------------------------------------------
[ 2023-09-21T11:48:29+08:00 ] [ log ] at521.icu/99/favicon.ico [运行时间：0.009541s][吞吐率：104.81req/s] [内存消耗：1,650.74kb] [文件加载：44]
[ error ] [8]未定义数组下标: 1

---------------------------------------------------------------
[ 2023-09-21T11:48:32+08:00 ] [ log ] at521.icu/99/index/open.html [运行时间：0.010767s][吞吐率：92.88req/s] [内存消耗：1,865.12kb] [文件加载：50]
[ error ] [8]未定义数组下标: 1

---------------------------------------------------------------
[ 2023-09-21T11:50:21+08:00 ] [ log ] at588.icu/99/index/open.html [运行时间：0.015730s][吞吐率：63.57req/s] [内存消耗：1,865.15kb] [文件加载：50]
[ error ] [8]未定义数组下标: 1

---------------------------------------------------------------
[ 2023-09-21T11:50:21+08:00 ] [ log ] at588.icu/99/ [运行时间：0.010832s][吞吐率：92.32req/s] [内存消耗：1,865.34kb] [文件加载：51]
[ error ] [8]未定义数组下标: 1

---------------------------------------------------------------
[ 2023-09-21T11:50:21+08:00 ] [ log ] at588.icu/99/favicon.ico [运行时间：0.009568s][吞吐率：104.52req/s] [内存消耗：1,650.74kb] [文件加载：44]
[ error ] [8]未定义数组下标: 1

---------------------------------------------------------------
[ 2023-09-21T11:50:21+08:00 ] [ log ] at588.icu/99/favicon.ico [运行时间：0.009405s][吞吐率：106.32req/s] [内存消耗：1,650.74kb] [文件加载：44]
[ error ] [8]未定义数组下标: 1

---------------------------------------------------------------
[ 2023-09-21T11:50:27+08:00 ] [ log ] at588.icu/99/index/open.html [运行时间：0.010648s][吞吐率：93.91req/s] [内存消耗：1,865.12kb] [文件加载：50]
[ error ] [8]未定义数组下标: 1

---------------------------------------------------------------
[ 2023-09-21T11:53:56+08:00 ] [ log ] at588.icu/99/ [运行时间：0.010920s][吞吐率：91.57req/s] [内存消耗：1,865.34kb] [文件加载：51]
[ error ] [8]未定义数组下标: 1

---------------------------------------------------------------
[ 2023-09-21T11:53:57+08:00 ] [ log ] at588.icu/99/favicon.ico [运行时间：0.018911s][吞吐率：52.88req/s] [内存消耗：1,650.74kb] [文件加载：44]
[ error ] [8]未定义数组下标: 1

---------------------------------------------------------------
[ 2023-09-21T11:54:00+08:00 ] [ log ] at588.icu/99/index/open.html [运行时间：0.010817s][吞吐率：92.45req/s] [内存消耗：1,865.12kb] [文件加载：50]
[ error ] [8]未定义数组下标: 1

---------------------------------------------------------------
[ 2023-09-21T11:56:04+08:00 ] [ log ] at588.icu/99/ [运行时间：0.010893s][吞吐率：91.80req/s] [内存消耗：1,865.34kb] [文件加载：51]
[ error ] [8]未定义数组下标: 1

---------------------------------------------------------------
[ 2023-09-21T11:56:06+08:00 ] [ log ] at588.icu/99/favicon.ico [运行时间：0.030874s][吞吐率：32.39req/s] [内存消耗：1,650.74kb] [文件加载：44]
[ error ] [8]未定义数组下标: 1

---------------------------------------------------------------
[ 2023-09-21T11:56:08+08:00 ] [ log ] at588.icu/99/index/open.html [运行时间：0.010690s][吞吐率：93.55req/s] [内存消耗：1,865.12kb] [文件加载：50]
[ error ] [8]未定义数组下标: 1

---------------------------------------------------------------
[ 2023-09-21T12:25:26+08:00 ] [ log ] at588.icu/99/ [运行时间：0.017268s][吞吐率：57.91req/s] [内存消耗：1,865.34kb] [文件加载：51]
[ error ] [8]未定义数组下标: 1

---------------------------------------------------------------
[ 2023-09-21T12:25:28+08:00 ] [ log ] at588.icu/99/index/open.html [运行时间：0.011563s][吞吐率：86.48req/s] [内存消耗：1,865.12kb] [文件加载：50]
[ error ] [8]未定义数组下标: 1

---------------------------------------------------------------
[ 2023-09-21T12:29:52+08:00 ] [ log ] at588.icu/99/?uc_sm=1 [运行时间：0.011171s][吞吐率：89.52req/s] [内存消耗：1,865.97kb] [文件加载：51]
[ error ] [8]未定义数组下标: 1

---------------------------------------------------------------
[ 2023-09-21T12:29:53+08:00 ] [ log ] at588.icu/99/ [运行时间：0.010528s][吞吐率：94.98req/s] [内存消耗：1,865.34kb] [文件加载：51]
[ error ] [8]未定义数组下标: 1

---------------------------------------------------------------
[ 2023-09-21T12:29:54+08:00 ] [ log ] at588.icu/99/favicon.ico [运行时间：0.022928s][吞吐率：43.61req/s] [内存消耗：1,650.74kb] [文件加载：44]
[ error ] [8]未定义数组下标: 1

---------------------------------------------------------------
[ 2023-09-21T12:29:56+08:00 ] [ log ] at588.icu/99/index/open.html [运行时间：0.025477s][吞吐率：39.25req/s] [内存消耗：1,865.12kb] [文件加载：50]
[ error ] [8]未定义数组下标: 1

---------------------------------------------------------------
[ 2023-09-21T12:30:09+08:00 ] [ log ] at588.icu/99/ [运行时间：0.010780s][吞吐率：92.77req/s] [内存消耗：1,865.34kb] [文件加载：51]
[ error ] [8]未定义数组下标: 1

---------------------------------------------------------------
[ 2023-09-21T12:30:10+08:00 ] [ log ] at588.icu/99/favicon.ico [运行时间：0.009645s][吞吐率：103.68req/s] [内存消耗：1,650.74kb] [文件加载：44]
[ error ] [8]未定义数组下标: 1

---------------------------------------------------------------
[ 2023-09-21T12:30:14+08:00 ] [ log ] at588.icu/99/index/open.html [运行时间：0.011124s][吞吐率：89.89req/s] [内存消耗：1,865.12kb] [文件加载：50]
[ error ] [8]未定义数组下标: 1

---------------------------------------------------------------
[ 2023-09-21T12:36:47+08:00 ] [ log ] at588.icu/99/ [运行时间：0.010964s][吞吐率：91.21req/s] [内存消耗：1,864.80kb] [文件加载：51]
[ error ] [8]未定义数组下标: 1

---------------------------------------------------------------
[ 2023-09-21T12:36:48+08:00 ] [ log ] at588.icu/99/favicon.ico [运行时间：0.010489s][吞吐率：95.34req/s] [内存消耗：1,650.74kb] [文件加载：44]
[ error ] [8]未定义数组下标: 1

---------------------------------------------------------------
[ 2023-09-21T12:48:49+08:00 ] [ log ] at588.icu/99/ [运行时间：0.016319s][吞吐率：61.28req/s] [内存消耗：1,864.80kb] [文件加载：51]
[ error ] [8]未定义数组下标: 1

---------------------------------------------------------------
[ 2023-09-21T12:48:50+08:00 ] [ log ] at588.icu/99/favicon.ico [运行时间：0.009386s][吞吐率：106.54req/s] [内存消耗：1,650.74kb] [文件加载：44]
[ error ] [8]未定义数组下标: 1

---------------------------------------------------------------
[ 2023-09-21T12:48:52+08:00 ] [ log ] at588.icu/99/index/open.html [运行时间：0.010858s][吞吐率：92.10req/s] [内存消耗：1,865.12kb] [文件加载：50]
[ error ] [8]未定义数组下标: 1

---------------------------------------------------------------
[ 2023-09-21T12:55:26+08:00 ] [ log ] at588.icu/99/ [运行时间：0.015124s][吞吐率：66.12req/s] [内存消耗：1,865.34kb] [文件加载：51]
[ error ] [8]未定义数组下标: 1

---------------------------------------------------------------
[ 2023-09-21T12:55:31+08:00 ] [ log ] at588.icu/99/favicon.ico [运行时间：0.009771s][吞吐率：102.35req/s] [内存消耗：1,650.74kb] [文件加载：44]
[ error ] [8]未定义数组下标: 1

---------------------------------------------------------------
[ 2023-09-21T12:55:31+08:00 ] [ log ] at588.icu/99/index/open.html [运行时间：0.010698s][吞吐率：93.47req/s] [内存消耗：1,865.12kb] [文件加载：50]
[ error ] [8]未定义数组下标: 1

---------------------------------------------------------------
[ 2023-09-21T13:37:39+08:00 ] [ log ] at588.icu/99/ [运行时间：0.010858s][吞吐率：92.10req/s] [内存消耗：1,857.63kb] [文件加载：48]
[ error ] [8]Undefined offset: 1

---------------------------------------------------------------
[ 2023-09-21T13:37:43+08:00 ] [ log ] at588.icu/99/ [运行时间：0.014398s][吞吐率：69.45req/s] [内存消耗：1,857.10kb] [文件加载：48]
[ error ] [8]Undefined offset: 1

---------------------------------------------------------------
[ 2023-09-21T13:37:47+08:00 ] [ log ] at588.icu/99/index/open.html [运行时间：0.011271s][吞吐率：88.72req/s] [内存消耗：1,857.41kb] [文件加载：47]
[ error ] [8]Undefined offset: 1

---------------------------------------------------------------
[ 2023-09-21T14:02:22+08:00 ] [ log ] at588.icu/99/ [运行时间：0.036043s][吞吐率：27.74req/s] [内存消耗：1,865.34kb] [文件加载：51]
[ error ] [8]未定义数组下标: 1

---------------------------------------------------------------
[ 2023-09-21T14:02:23+08:00 ] [ log ] at588.icu/99/favicon.ico [运行时间：0.009252s][吞吐率：108.09req/s] [内存消耗：1,650.74kb] [文件加载：44]
[ error ] [8]未定义数组下标: 1

---------------------------------------------------------------
[ 2023-09-21T14:03:27+08:00 ] [ log ] at588.icu/99/index/open.html [运行时间：0.010535s][吞吐率：94.92req/s] [内存消耗：1,865.12kb] [文件加载：50]
[ error ] [8]未定义数组下标: 1

---------------------------------------------------------------
[ 2023-09-21T17:26:42+08:00 ] [ log ] at588.icu/99/ [运行时间：0.015654s][吞吐率：63.88req/s] [内存消耗：1,865.34kb] [文件加载：51]
[ error ] [8]未定义数组下标: 1

---------------------------------------------------------------
[ 2023-09-21T17:26:45+08:00 ] [ log ] at588.icu/99/index/open.html [运行时间：0.015465s][吞吐率：64.66req/s] [内存消耗：1,865.12kb] [文件加载：50]
[ error ] [8]未定义数组下标: 1

---------------------------------------------------------------
[ 2023-09-21T17:33:17+08:00 ] [ log ] at588.icu/99/ [运行时间：0.012344s][吞吐率：81.01req/s] [内存消耗：1,857.63kb] [文件加载：48]
[ error ] [8]Undefined offset: 1

---------------------------------------------------------------
[ 2023-09-21T17:33:18+08:00 ] [ log ] at588.icu/99/ [运行时间：0.010854s][吞吐率：92.13req/s] [内存消耗：1,857.10kb] [文件加载：48]
[ error ] [8]Undefined offset: 1

---------------------------------------------------------------
[ 2023-09-21T17:33:20+08:00 ] [ log ] at588.icu/99/ [运行时间：0.010795s][吞吐率：92.63req/s] [内存消耗：1,864.84kb] [文件加载：51]
[ error ] [8]未定义数组下标: 1

---------------------------------------------------------------
[ 2023-09-21T17:33:25+08:00 ] [ log ] at588.icu/99/index/open.html [运行时间：0.011205s][吞吐率：89.25req/s] [内存消耗：1,857.41kb] [文件加载：47]
[ error ] [8]Undefined offset: 1

---------------------------------------------------------------
[ 2023-09-21T17:36:57+08:00 ] [ log ] at521.icu/99/?uc_sm=1 [运行时间：0.010750s][吞吐率：93.02req/s] [内存消耗：1,865.97kb] [文件加载：51]
[ error ] [8]未定义数组下标: 1

---------------------------------------------------------------
[ 2023-09-21T17:36:58+08:00 ] [ log ] at521.icu/99/ [运行时间：0.010866s][吞吐率：92.03req/s] [内存消耗：1,865.34kb] [文件加载：51]
[ error ] [8]未定义数组下标: 1

---------------------------------------------------------------
[ 2023-09-21T17:36:58+08:00 ] [ log ] at521.icu/99/ [运行时间：0.011450s][吞吐率：87.34req/s] [内存消耗：1,865.34kb] [文件加载：51]
[ error ] [8]未定义数组下标: 1

---------------------------------------------------------------
[ 2023-09-21T17:37:01+08:00 ] [ log ] at521.icu/99/favicon.ico [运行时间：0.017389s][吞吐率：57.51req/s] [内存消耗：1,650.74kb] [文件加载：44]
[ error ] [8]未定义数组下标: 1

---------------------------------------------------------------
[ 2023-09-21T17:37:03+08:00 ] [ log ] at521.icu/99/favicon.ico [运行时间：0.009233s][吞吐率：108.31req/s] [内存消耗：1,650.74kb] [文件加载：44]
[ error ] [8]未定义数组下标: 1

---------------------------------------------------------------
[ 2023-09-21T17:37:06+08:00 ] [ log ] at521.icu/99/index/open.html [运行时间：0.011502s][吞吐率：86.94req/s] [内存消耗：1,865.12kb] [文件加载：50]
[ error ] [8]未定义数组下标: 1

---------------------------------------------------------------
[ 2023-09-21T18:29:27+08:00 ] [ log ] at588.icu/99/?uc_sm=1 [运行时间：0.010896s][吞吐率：91.78req/s] [内存消耗：1,865.97kb] [文件加载：51]
[ error ] [8]未定义数组下标: 1

---------------------------------------------------------------
[ 2023-09-21T18:29:28+08:00 ] [ log ] at588.icu/99/ [运行时间：0.011005s][吞吐率：90.87req/s] [内存消耗：1,865.34kb] [文件加载：51]
[ error ] [8]未定义数组下标: 1

---------------------------------------------------------------
[ 2023-09-21T18:29:29+08:00 ] [ log ] at588.icu/99/favicon.ico [运行时间：0.009250s][吞吐率：108.11req/s] [内存消耗：1,650.74kb] [文件加载：44]
[ error ] [8]未定义数组下标: 1

---------------------------------------------------------------
[ 2023-09-21T18:29:31+08:00 ] [ log ] at588.icu/99/index/open.html [运行时间：0.011306s][吞吐率：88.45req/s] [内存消耗：1,865.12kb] [文件加载：50]
[ error ] [8]未定义数组下标: 1

---------------------------------------------------------------
[ 2023-09-21T18:51:56+08:00 ] [ log ] at588.icu/99/?uc_sm=1 [运行时间：0.032198s][吞吐率：31.06req/s] [内存消耗：1,865.97kb] [文件加载：51]
[ error ] [8]未定义数组下标: 1

---------------------------------------------------------------
[ 2023-09-21T18:51:56+08:00 ] [ log ] at588.icu/99/ [运行时间：0.010824s][吞吐率：92.39req/s] [内存消耗：1,865.34kb] [文件加载：51]
[ error ] [8]未定义数组下标: 1

---------------------------------------------------------------
[ 2023-09-21T18:52:08+08:00 ] [ log ] at588.icu/99/favicon.ico [运行时间：0.011573s][吞吐率：86.41req/s] [内存消耗：1,650.74kb] [文件加载：44]
[ error ] [8]未定义数组下标: 1

---------------------------------------------------------------
[ 2023-09-21T18:52:11+08:00 ] [ log ] at588.icu/99/index/open.html [运行时间：0.010630s][吞吐率：94.07req/s] [内存消耗：1,865.12kb] [文件加载：50]
[ error ] [8]未定义数组下标: 1

---------------------------------------------------------------
[ 2023-09-21T19:28:12+08:00 ] [ log ] at588.icu/99/ [运行时间：0.011033s][吞吐率：90.64req/s] [内存消耗：1,865.34kb] [文件加载：51]
[ error ] [8]未定义数组下标: 1

---------------------------------------------------------------
[ 2023-09-21T19:28:13+08:00 ] [ log ] at588.icu/99/favicon.ico [运行时间：0.009936s][吞吐率：100.64req/s] [内存消耗：1,650.74kb] [文件加载：44]
[ error ] [8]未定义数组下标: 1

---------------------------------------------------------------
[ 2023-09-21T19:28:16+08:00 ] [ log ] at588.icu/99/index/open.html [运行时间：0.032274s][吞吐率：30.98req/s] [内存消耗：1,865.12kb] [文件加载：50]
[ error ] [8]未定义数组下标: 1

---------------------------------------------------------------
[ 2023-09-21T21:13:25+08:00 ] [ log ] at588.icu/99/ [运行时间：0.017752s][吞吐率：56.33req/s] [内存消耗：1,865.34kb] [文件加载：51]
[ error ] [8]未定义数组下标: 1

---------------------------------------------------------------
[ 2023-09-21T21:13:26+08:00 ] [ log ] at588.icu/99/favicon.ico [运行时间：0.014124s][吞吐率：70.80req/s] [内存消耗：1,650.74kb] [文件加载：44]
[ error ] [8]未定义数组下标: 1

---------------------------------------------------------------
[ 2023-09-21T21:13:28+08:00 ] [ log ] at588.icu/99/index/open.html [运行时间：0.010770s][吞吐率：92.85req/s] [内存消耗：1,865.12kb] [文件加载：50]
[ error ] [8]未定义数组下标: 1

---------------------------------------------------------------
[ 2023-09-21T21:24:56+08:00 ] [ log ] at588.icu/99/ [运行时间：0.032587s][吞吐率：30.69req/s] [内存消耗：1,865.34kb] [文件加载：51]
[ error ] [8]未定义数组下标: 1

---------------------------------------------------------------
[ 2023-09-21T21:31:53+08:00 ] [ log ] at521.icu/99/?uc_sm=1 [运行时间：0.011481s][吞吐率：87.10req/s] [内存消耗：1,865.97kb] [文件加载：51]
[ error ] [8]未定义数组下标: 1

---------------------------------------------------------------
[ 2023-09-21T21:31:54+08:00 ] [ log ] at521.icu/99/ [运行时间：0.034848s][吞吐率：28.70req/s] [内存消耗：1,865.34kb] [文件加载：51]
[ error ] [8]未定义数组下标: 1

---------------------------------------------------------------
[ 2023-09-21T21:31:55+08:00 ] [ log ] at521.icu/99/ [运行时间：0.014763s][吞吐率：67.74req/s] [内存消耗：1,865.34kb] [文件加载：51]
[ error ] [8]未定义数组下标: 1

---------------------------------------------------------------
[ 2023-09-21T21:31:58+08:00 ] [ log ] at521.icu/99/favicon.ico [运行时间：0.009230s][吞吐率：108.34req/s] [内存消耗：1,650.74kb] [文件加载：44]
[ error ] [8]未定义数组下标: 1

---------------------------------------------------------------
[ 2023-09-21T21:32:01+08:00 ] [ log ] at521.icu/99/index/open.html [运行时间：0.013050s][吞吐率：76.63req/s] [内存消耗：1,865.12kb] [文件加载：50]
[ error ] [8]未定义数组下标: 1

---------------------------------------------------------------
[ 2023-09-21T23:23:03+08:00 ] [ log ] at588.icu/99/ [运行时间：0.014777s][吞吐率：67.67req/s] [内存消耗：1,865.34kb] [文件加载：51]
[ error ] [8]未定义数组下标: 1

---------------------------------------------------------------
[ 2023-09-21T23:23:03+08:00 ] [ log ] at588.icu/99/favicon.ico [运行时间：0.009879s][吞吐率：101.23req/s] [内存消耗：1,650.74kb] [文件加载：44]
[ error ] [8]未定义数组下标: 1

---------------------------------------------------------------
[ 2023-09-21T23:23:06+08:00 ] [ log ] at588.icu/99/index/open.html [运行时间：0.011322s][吞吐率：88.33req/s] [内存消耗：1,865.12kb] [文件加载：50]
[ error ] [8]未定义数组下标: 1

---------------------------------------------------------------
