[ 2023-09-22T05:10:35+08:00 ] [ log ] at588.icu/99/ [运行时间：0.010879s][吞吐率：91.92req/s] [内存消耗：1,865.34kb] [文件加载：51]
[ error ] [8]未定义数组下标: 1

---------------------------------------------------------------
[ 2023-09-22T05:10:36+08:00 ] [ log ] at588.icu/99/favicon.ico [运行时间：0.013760s][吞吐率：72.68req/s] [内存消耗：1,650.74kb] [文件加载：44]
[ error ] [8]未定义数组下标: 1

---------------------------------------------------------------
[ 2023-09-22T05:10:37+08:00 ] [ log ] at588.icu/99/index/open.html [运行时间：0.010768s][吞吐率：92.87req/s] [内存消耗：1,865.12kb] [文件加载：50]
[ error ] [8]未定义数组下标: 1

---------------------------------------------------------------
[ 2023-09-22T05:38:29+08:00 ] [ log ] at588.icu/99/ [运行时间：0.010777s][吞吐率：92.79req/s] [内存消耗：1,864.80kb] [文件加载：51]
[ error ] [8]未定义数组下标: 1

---------------------------------------------------------------
[ 2023-09-22T07:59:02+08:00 ] [ log ] at588.icu/99/ [运行时间：0.011156s][吞吐率：89.64req/s] [内存消耗：1,865.34kb] [文件加载：51]
[ error ] [8]未定义数组下标: 1

---------------------------------------------------------------
[ 2023-09-22T07:59:03+08:00 ] [ log ] at588.icu/99/favicon.ico [运行时间：0.012048s][吞吐率：83.00req/s] [内存消耗：1,650.74kb] [文件加载：44]
[ error ] [8]未定义数组下标: 1

---------------------------------------------------------------
[ 2023-09-22T07:59:08+08:00 ] [ log ] at588.icu/99/index/open.html [运行时间：0.010751s][吞吐率：93.01req/s] [内存消耗：1,865.12kb] [文件加载：50]
[ error ] [8]未定义数组下标: 1

---------------------------------------------------------------
[ 2023-09-22T08:54:14+08:00 ] [ log ] at588.icu/99/ [运行时间：0.024024s][吞吐率：41.63req/s] [内存消耗：1,864.84kb] [文件加载：51]
[ error ] [8]未定义数组下标: 1

---------------------------------------------------------------
[ 2023-09-22T09:18:36+08:00 ] [ log ] at588.icu/99/ [运行时间：0.010685s][吞吐率：93.59req/s] [内存消耗：1,865.34kb] [文件加载：51]
[ error ] [8]未定义数组下标: 1

---------------------------------------------------------------
[ 2023-09-22T09:18:36+08:00 ] [ log ] at588.icu/99/favicon.ico [运行时间：0.009903s][吞吐率：100.98req/s] [内存消耗：1,650.74kb] [文件加载：44]
[ error ] [8]未定义数组下标: 1

---------------------------------------------------------------
[ 2023-09-22T09:18:41+08:00 ] [ log ] at588.icu/99/index/open.html [运行时间：0.011188s][吞吐率：89.38req/s] [内存消耗：1,865.12kb] [文件加载：50]
[ error ] [8]未定义数组下标: 1

---------------------------------------------------------------
[ 2023-09-22T11:24:57+08:00 ] [ log ] at588.icu/99/?uc_sm=1 [运行时间：0.017953s][吞吐率：55.70req/s] [内存消耗：1,865.97kb] [文件加载：51]
[ error ] [8]未定义数组下标: 1

---------------------------------------------------------------
[ 2023-09-22T11:24:57+08:00 ] [ log ] at588.icu/99/ [运行时间：0.010406s][吞吐率：96.10req/s] [内存消耗：1,865.34kb] [文件加载：51]
[ error ] [8]未定义数组下标: 1

---------------------------------------------------------------
[ 2023-09-22T11:24:59+08:00 ] [ log ] at588.icu/99/favicon.ico [运行时间：0.010139s][吞吐率：98.63req/s] [内存消耗：1,650.74kb] [文件加载：44]
[ error ] [8]未定义数组下标: 1

---------------------------------------------------------------
[ 2023-09-22T11:25:02+08:00 ] [ log ] at588.icu/99/index/open.html [运行时间：0.010753s][吞吐率：93.00req/s] [内存消耗：1,865.12kb] [文件加载：50]
[ error ] [8]未定义数组下标: 1

---------------------------------------------------------------
[ 2023-09-22T11:32:53+08:00 ] [ log ] at521.icu/99/ [运行时间：0.010793s][吞吐率：92.65req/s] [内存消耗：1,865.34kb] [文件加载：51]
[ error ] [8]未定义数组下标: 1

---------------------------------------------------------------
[ 2023-09-22T11:32:53+08:00 ] [ log ] at521.icu/99/?uc_sm=1 [运行时间：0.010652s][吞吐率：93.88req/s] [内存消耗：1,865.97kb] [文件加载：51]
[ error ] [8]未定义数组下标: 1

---------------------------------------------------------------
[ 2023-09-22T11:32:54+08:00 ] [ log ] at521.icu/99/ [运行时间：0.011385s][吞吐率：87.84req/s] [内存消耗：1,865.34kb] [文件加载：51]
[ error ] [8]未定义数组下标: 1

---------------------------------------------------------------
[ 2023-09-22T11:32:55+08:00 ] [ log ] at521.icu/99/favicon.ico [运行时间：0.009490s][吞吐率：105.37req/s] [内存消耗：1,650.74kb] [文件加载：44]
[ error ] [8]未定义数组下标: 1

---------------------------------------------------------------
[ 2023-09-22T11:32:57+08:00 ] [ log ] at521.icu/99/index/open.html [运行时间：0.011376s][吞吐率：87.91req/s] [内存消耗：1,865.12kb] [文件加载：50]
[ error ] [8]未定义数组下标: 1

---------------------------------------------------------------
[ 2023-09-22T12:26:46+08:00 ] [ log ] at588.icu/99/?uc_sm=1 [运行时间：0.015030s][吞吐率：66.53req/s] [内存消耗：1,865.97kb] [文件加载：51]
[ error ] [8]未定义数组下标: 1

---------------------------------------------------------------
[ 2023-09-22T12:26:46+08:00 ] [ log ] at588.icu/99/ [运行时间：0.010475s][吞吐率：95.46req/s] [内存消耗：1,865.34kb] [文件加载：51]
[ error ] [8]未定义数组下标: 1

---------------------------------------------------------------
[ 2023-09-22T12:26:47+08:00 ] [ log ] at588.icu/99/favicon.ico [运行时间：0.009323s][吞吐率：107.26req/s] [内存消耗：1,650.74kb] [文件加载：44]
[ error ] [8]未定义数组下标: 1

---------------------------------------------------------------
[ 2023-09-22T12:26:49+08:00 ] [ log ] at588.icu/99/index/open.html [运行时间：0.010800s][吞吐率：92.59req/s] [内存消耗：1,865.12kb] [文件加载：50]
[ error ] [8]未定义数组下标: 1

---------------------------------------------------------------
[ 2023-09-22T12:27:13+08:00 ] [ log ] at566.icu/99/favicon.ico [运行时间：0.009405s][吞吐率：106.32req/s] [内存消耗：1,651.28kb] [文件加载：44]
[ error ] [8]未定义数组下标: 1

---------------------------------------------------------------
[ 2023-09-22T12:27:14+08:00 ] [ log ] at566.icu/99/favicon.ico [运行时间：0.009283s][吞吐率：107.73req/s] [内存消耗：1,650.74kb] [文件加载：44]
[ error ] [8]未定义数组下标: 1

---------------------------------------------------------------
[ 2023-09-22T12:27:16+08:00 ] [ log ] at588.icu/99/?uc_sm=1 [运行时间：0.010592s][吞吐率：94.41req/s] [内存消耗：1,865.44kb] [文件加载：51]
[ error ] [8]未定义数组下标: 1

---------------------------------------------------------------
[ 2023-09-22T12:27:16+08:00 ] [ log ] at588.icu/99/ [运行时间：0.014960s][吞吐率：66.84req/s] [内存消耗：1,864.80kb] [文件加载：51]
[ error ] [8]未定义数组下标: 1

---------------------------------------------------------------
[ 2023-09-22T12:27:17+08:00 ] [ log ] at588.icu/99/favicon.ico [运行时间：0.009642s][吞吐率：103.71req/s] [内存消耗：1,650.74kb] [文件加载：44]
[ error ] [8]未定义数组下标: 1

---------------------------------------------------------------
[ 2023-09-22T12:27:18+08:00 ] [ log ] at588.icu/99/index/open.html [运行时间：0.011280s][吞吐率：88.65req/s] [内存消耗：1,865.12kb] [文件加载：50]
[ error ] [8]未定义数组下标: 1

---------------------------------------------------------------
[ 2023-09-22T12:29:26+08:00 ] [ log ] at588.icu/99/ [运行时间：0.011289s][吞吐率：88.58req/s] [内存消耗：1,865.34kb] [文件加载：51]
[ error ] [8]未定义数组下标: 1

---------------------------------------------------------------
[ 2023-09-22T12:29:27+08:00 ] [ log ] at588.icu/99/favicon.ico [运行时间：0.009270s][吞吐率：107.88req/s] [内存消耗：1,650.74kb] [文件加载：44]
[ error ] [8]未定义数组下标: 1

---------------------------------------------------------------
[ 2023-09-22T12:29:30+08:00 ] [ log ] at588.icu/99/index/open.html [运行时间：0.014854s][吞吐率：67.32req/s] [内存消耗：1,865.12kb] [文件加载：50]
[ error ] [8]未定义数组下标: 1

---------------------------------------------------------------
[ 2023-09-22T12:30:07+08:00 ] [ log ] at588.icu/99/?uc_sm=1&from=wh10331 [运行时间：0.010999s][吞吐率：90.92req/s] [内存消耗：1,865.45kb] [文件加载：51]
[ error ] [8]未定义数组下标: 1

---------------------------------------------------------------
[ 2023-09-22T12:30:07+08:00 ] [ log ] at588.icu/99/ [运行时间：0.010566s][吞吐率：94.64req/s] [内存消耗：1,864.80kb] [文件加载：51]
[ error ] [8]未定义数组下标: 1

---------------------------------------------------------------
[ 2023-09-22T12:30:07+08:00 ] [ log ] at588.icu/99/favicon.ico [运行时间：0.009889s][吞吐率：101.12req/s] [内存消耗：1,650.74kb] [文件加载：44]
[ error ] [8]未定义数组下标: 1

---------------------------------------------------------------
[ 2023-09-22T12:30:09+08:00 ] [ log ] at588.icu/99/index/open.html [运行时间：0.010879s][吞吐率：91.92req/s] [内存消耗：1,865.12kb] [文件加载：50]
[ error ] [8]未定义数组下标: 1

---------------------------------------------------------------
[ 2023-09-22T12:30:27+08:00 ] [ log ] at588.icu/99/ [运行时间：0.010731s][吞吐率：93.19req/s] [内存消耗：1,865.34kb] [文件加载：51]
[ error ] [8]未定义数组下标: 1

---------------------------------------------------------------
[ 2023-09-22T12:30:30+08:00 ] [ log ] at588.icu/99/index/open.html [运行时间：0.016141s][吞吐率：61.95req/s] [内存消耗：1,865.12kb] [文件加载：50]
[ error ] [8]未定义数组下标: 1

---------------------------------------------------------------
[ 2023-09-22T12:38:20+08:00 ] [ log ] at588.icu/99/ [运行时间：0.011016s][吞吐率：90.78req/s] [内存消耗：1,865.34kb] [文件加载：51]
[ error ] [8]未定义数组下标: 1

---------------------------------------------------------------
[ 2023-09-22T12:38:25+08:00 ] [ log ] at588.icu/99/index/open.html [运行时间：0.014977s][吞吐率：66.77req/s] [内存消耗：1,865.12kb] [文件加载：50]
[ error ] [8]未定义数组下标: 1

---------------------------------------------------------------
[ 2023-09-22T12:49:42+08:00 ] [ log ] at588.icu/99/ [运行时间：0.011351s][吞吐率：88.10req/s] [内存消耗：1,864.80kb] [文件加载：51]
[ error ] [8]未定义数组下标: 1

---------------------------------------------------------------
[ 2023-09-22T12:49:51+08:00 ] [ log ] at588.icu/99/index/open.html [运行时间：0.011419s][吞吐率：87.57req/s] [内存消耗：1,865.12kb] [文件加载：50]
[ error ] [8]未定义数组下标: 1

---------------------------------------------------------------
[ 2023-09-22T12:50:55+08:00 ] [ log ] at588.icu/99/ [运行时间：0.011051s][吞吐率：90.49req/s] [内存消耗：1,864.80kb] [文件加载：51]
[ error ] [8]未定义数组下标: 1

---------------------------------------------------------------
[ 2023-09-22T12:50:55+08:00 ] [ log ] at588.icu/99/favicon.ico [运行时间：0.009551s][吞吐率：104.70req/s] [内存消耗：1,650.74kb] [文件加载：44]
[ error ] [8]未定义数组下标: 1

---------------------------------------------------------------
[ 2023-09-22T12:50:58+08:00 ] [ log ] at588.icu/99/index/open.html [运行时间：0.010909s][吞吐率：91.67req/s] [内存消耗：1,865.12kb] [文件加载：50]
[ error ] [8]未定义数组下标: 1

---------------------------------------------------------------
[ 2023-09-22T13:08:34+08:00 ] [ log ] at588.icu/99/?uc_sm=1 [运行时间：0.011742s][吞吐率：85.17req/s] [内存消耗：1,865.97kb] [文件加载：51]
[ error ] [8]未定义数组下标: 1

---------------------------------------------------------------
[ 2023-09-22T13:08:34+08:00 ] [ log ] at588.icu/99/ [运行时间：0.010615s][吞吐率：94.21req/s] [内存消耗：1,865.34kb] [文件加载：51]
[ error ] [8]未定义数组下标: 1

---------------------------------------------------------------
[ 2023-09-22T13:08:35+08:00 ] [ log ] at588.icu/99/favicon.ico [运行时间：0.009337s][吞吐率：107.10req/s] [内存消耗：1,650.74kb] [文件加载：44]
[ error ] [8]未定义数组下标: 1

---------------------------------------------------------------
[ 2023-09-22T13:08:37+08:00 ] [ log ] at588.icu/99/index/open.html [运行时间：0.010964s][吞吐率：91.21req/s] [内存消耗：1,865.12kb] [文件加载：50]
[ error ] [8]未定义数组下标: 1

---------------------------------------------------------------
[ 2023-09-22T16:25:03+08:00 ] [ log ] at588.icu/99/index/open.html [运行时间：0.010568s][吞吐率：94.63req/s] [内存消耗：1,857.95kb] [文件加载：47]
[ error ] [8]Undefined offset: 1

---------------------------------------------------------------
[ 2023-09-22T17:04:09+08:00 ] [ log ] at588.icu/99/?uc_sm=1 [运行时间：0.011007s][吞吐率：90.85req/s] [内存消耗：1,865.97kb] [文件加载：51]
[ error ] [8]未定义数组下标: 1

---------------------------------------------------------------
[ 2023-09-22T17:04:09+08:00 ] [ log ] at588.icu/99/ [运行时间：0.010753s][吞吐率：93.00req/s] [内存消耗：1,865.34kb] [文件加载：51]
[ error ] [8]未定义数组下标: 1

---------------------------------------------------------------
[ 2023-09-22T17:04:21+08:00 ] [ log ] at588.icu/99/favicon.ico [运行时间：0.013003s][吞吐率：76.91req/s] [内存消耗：1,650.74kb] [文件加载：44]
[ error ] [8]未定义数组下标: 1

---------------------------------------------------------------
[ 2023-09-22T17:04:24+08:00 ] [ log ] at588.icu/99/index/open.html [运行时间：0.023006s][吞吐率：43.47req/s] [内存消耗：1,865.12kb] [文件加载：50]
[ error ] [8]未定义数组下标: 1

---------------------------------------------------------------
[ 2023-09-22T17:29:32+08:00 ] [ log ] at588.icu/99/ [运行时间：0.010932s][吞吐率：91.47req/s] [内存消耗：1,865.34kb] [文件加载：51]
[ error ] [8]未定义数组下标: 1

---------------------------------------------------------------
[ 2023-09-22T17:29:38+08:00 ] [ log ] at588.icu/99/index/open.html [运行时间：0.010687s][吞吐率：93.57req/s] [内存消耗：1,865.12kb] [文件加载：50]
[ error ] [8]未定义数组下标: 1

---------------------------------------------------------------
[ 2023-09-22T17:48:06+08:00 ] [ log ] at566.icu/99/ [运行时间：0.011160s][吞吐率：89.60req/s] [内存消耗：1,865.34kb] [文件加载：51]
[ error ] [8]未定义数组下标: 1

---------------------------------------------------------------
[ 2023-09-22T17:48:08+08:00 ] [ log ] at566.icu/99/favicon.ico [运行时间：0.009219s][吞吐率：108.47req/s] [内存消耗：1,650.74kb] [文件加载：44]
[ error ] [8]未定义数组下标: 1

---------------------------------------------------------------
[ 2023-09-22T17:48:23+08:00 ] [ log ] at566.icu/99/index/open.html [运行时间：0.010698s][吞吐率：93.47req/s] [内存消耗：1,865.12kb] [文件加载：50]
[ error ] [8]未定义数组下标: 1

---------------------------------------------------------------
[ 2023-09-22T17:48:54+08:00 ] [ log ] at566.icu/99/index/open.html [运行时间：0.010780s][吞吐率：92.77req/s] [内存消耗：1,865.12kb] [文件加载：50]
[ error ] [8]未定义数组下标: 1

---------------------------------------------------------------
[ 2023-09-22T17:51:08+08:00 ] [ log ] at566.icu/99/ [运行时间：0.019451s][吞吐率：51.41req/s] [内存消耗：1,864.80kb] [文件加载：51]
[ error ] [8]未定义数组下标: 1

---------------------------------------------------------------
[ 2023-09-22T17:51:09+08:00 ] [ log ] at566.icu/99/favicon.ico [运行时间：0.009581s][吞吐率：104.37req/s] [内存消耗：1,650.74kb] [文件加载：44]
[ error ] [8]未定义数组下标: 1

---------------------------------------------------------------
[ 2023-09-22T17:51:15+08:00 ] [ log ] at566.icu/99/index/open.html [运行时间：0.011024s][吞吐率：90.71req/s] [内存消耗：1,865.12kb] [文件加载：50]
[ error ] [8]未定义数组下标: 1

---------------------------------------------------------------
[ 2023-09-22T17:51:35+08:00 ] [ log ] at566.icu/99/?uc_sm=1 [运行时间：0.013869s][吞吐率：72.10req/s] [内存消耗：1,865.44kb] [文件加载：51]
[ error ] [8]未定义数组下标: 1

---------------------------------------------------------------
[ 2023-09-22T17:51:45+08:00 ] [ log ] at566.icu/99/ [运行时间：0.031851s][吞吐率：31.40req/s] [内存消耗：1,864.80kb] [文件加载：51]
[ error ] [8]未定义数组下标: 1

---------------------------------------------------------------
[ 2023-09-22T17:51:46+08:00 ] [ log ] at566.icu/99/favicon.ico [运行时间：0.010894s][吞吐率：91.79req/s] [内存消耗：1,650.74kb] [文件加载：44]
[ error ] [8]未定义数组下标: 1

---------------------------------------------------------------
[ 2023-09-22T17:51:59+08:00 ] [ log ] at566.icu/99/index/open.html [运行时间：0.010721s][吞吐率：93.27req/s] [内存消耗：1,865.12kb] [文件加载：50]
[ error ] [8]未定义数组下标: 1

---------------------------------------------------------------
[ 2023-09-22T17:55:01+08:00 ] [ log ] at566.icu/99/?uc_sm=1 [运行时间：0.011149s][吞吐率：89.69req/s] [内存消耗：1,865.44kb] [文件加载：51]
[ error ] [8]未定义数组下标: 1

---------------------------------------------------------------
[ 2023-09-22T17:55:02+08:00 ] [ log ] at566.icu/99/ [运行时间：0.010968s][吞吐率：91.17req/s] [内存消耗：1,864.80kb] [文件加载：51]
[ error ] [8]未定义数组下标: 1

---------------------------------------------------------------
[ 2023-09-22T17:55:02+08:00 ] [ log ] at566.icu/99/favicon.ico [运行时间：0.009526s][吞吐率：104.98req/s] [内存消耗：1,650.74kb] [文件加载：44]
[ error ] [8]未定义数组下标: 1

---------------------------------------------------------------
[ 2023-09-22T17:55:25+08:00 ] [ log ] at566.icu/99/ [运行时间：0.011240s][吞吐率：88.97req/s] [内存消耗：1,864.80kb] [文件加载：51]
[ error ] [8]未定义数组下标: 1

---------------------------------------------------------------
[ 2023-09-22T17:55:59+08:00 ] [ log ] at566.icu/99/index/open.html [运行时间：0.011208s][吞吐率：89.22req/s] [内存消耗：1,865.12kb] [文件加载：50]
[ error ] [8]未定义数组下标: 1

---------------------------------------------------------------
[ 2023-09-22T17:57:00+08:00 ] [ log ] at566.icu/99/ [运行时间：0.011093s][吞吐率：90.15req/s] [内存消耗：1,864.80kb] [文件加载：51]
[ error ] [8]未定义数组下标: 1

---------------------------------------------------------------
[ 2023-09-22T17:57:22+08:00 ] [ log ] at566.icu/99/index/open.html [运行时间：0.011620s][吞吐率：86.06req/s] [内存消耗：1,865.12kb] [文件加载：50]
[ error ] [8]未定义数组下标: 1

---------------------------------------------------------------
[ 2023-09-22T17:57:28+08:00 ] [ log ] at566.icu/99/ [运行时间：0.010801s][吞吐率：92.59req/s] [内存消耗：1,864.80kb] [文件加载：51]
[ error ] [8]未定义数组下标: 1

---------------------------------------------------------------
[ 2023-09-22T17:57:28+08:00 ] [ log ] at566.icu/99/?uc_sm=1 [运行时间：0.013402s][吞吐率：74.62req/s] [内存消耗：1,865.44kb] [文件加载：51]
[ error ] [8]未定义数组下标: 1

---------------------------------------------------------------
[ 2023-09-22T17:57:29+08:00 ] [ log ] at566.icu/99/favicon.ico [运行时间：0.009279s][吞吐率：107.77req/s] [内存消耗：1,650.74kb] [文件加载：44]
[ error ] [8]未定义数组下标: 1

---------------------------------------------------------------
[ 2023-09-22T17:57:34+08:00 ] [ log ] at566.icu/99/index/open.html [运行时间：0.010455s][吞吐率：95.65req/s] [内存消耗：1,865.12kb] [文件加载：50]
[ error ] [8]未定义数组下标: 1

---------------------------------------------------------------
[ 2023-09-22T17:58:07+08:00 ] [ log ] at566.icu/99/ [运行时间：0.016050s][吞吐率：62.31req/s] [内存消耗：1,864.80kb] [文件加载：51]
[ error ] [8]未定义数组下标: 1

---------------------------------------------------------------
[ 2023-09-22T18:01:29+08:00 ] [ log ] at566.icu/99/?uc_sm=1 [运行时间：0.012016s][吞吐率：83.22req/s] [内存消耗：1,865.44kb] [文件加载：51]
[ error ] [8]未定义数组下标: 1

---------------------------------------------------------------
[ 2023-09-22T18:02:10+08:00 ] [ log ] at588.icu/99/ [运行时间：0.018730s][吞吐率：53.39req/s] [内存消耗：1,865.34kb] [文件加载：51]
[ error ] [8]未定义数组下标: 1

---------------------------------------------------------------
[ 2023-09-22T18:02:12+08:00 ] [ log ] at588.icu/99/favicon.ico [运行时间：0.009384s][吞吐率：106.57req/s] [内存消耗：1,650.74kb] [文件加载：44]
[ error ] [8]未定义数组下标: 1

---------------------------------------------------------------
[ 2023-09-22T18:02:21+08:00 ] [ log ] at588.icu/99/index/open.html [运行时间：0.012093s][吞吐率：82.69req/s] [内存消耗：1,865.12kb] [文件加载：50]
[ error ] [8]未定义数组下标: 1

---------------------------------------------------------------
[ 2023-09-22T18:29:20+08:00 ] [ log ] at588.icu/99/?uc_sm=1 [运行时间：0.019890s][吞吐率：50.28req/s] [内存消耗：1,865.97kb] [文件加载：51]
[ error ] [8]未定义数组下标: 1

---------------------------------------------------------------
[ 2023-09-22T18:29:20+08:00 ] [ log ] at588.icu/99/ [运行时间：0.015288s][吞吐率：65.41req/s] [内存消耗：1,865.34kb] [文件加载：51]
[ error ] [8]未定义数组下标: 1

---------------------------------------------------------------
[ 2023-09-22T18:29:21+08:00 ] [ log ] at588.icu/99/favicon.ico [运行时间：0.009836s][吞吐率：101.67req/s] [内存消耗：1,650.74kb] [文件加载：44]
[ error ] [8]未定义数组下标: 1

---------------------------------------------------------------
[ 2023-09-22T18:29:25+08:00 ] [ log ] at588.icu/99/index/open.html [运行时间：0.012208s][吞吐率：81.91req/s] [内存消耗：1,865.12kb] [文件加载：50]
[ error ] [8]未定义数组下标: 1

---------------------------------------------------------------
[ 2023-09-22T18:43:29+08:00 ] [ log ] at588.icu/99/ [运行时间：0.011362s][吞吐率：88.01req/s] [内存消耗：1,865.34kb] [文件加载：51]
[ error ] [8]未定义数组下标: 1

---------------------------------------------------------------
[ 2023-09-22T18:43:33+08:00 ] [ log ] at588.icu/99/index/open.html [运行时间：0.011204s][吞吐率：89.25req/s] [内存消耗：1,865.12kb] [文件加载：50]
[ error ] [8]未定义数组下标: 1

---------------------------------------------------------------
[ 2023-09-22T19:28:41+08:00 ] [ log ] at588.icu/99/ [运行时间：0.011415s][吞吐率：87.60req/s] [内存消耗：1,865.34kb] [文件加载：51]
[ error ] [8]未定义数组下标: 1

---------------------------------------------------------------
[ 2023-09-22T19:28:41+08:00 ] [ log ] at588.icu/99/favicon.ico [运行时间：0.032940s][吞吐率：30.36req/s] [内存消耗：1,650.74kb] [文件加载：44]
[ error ] [8]未定义数组下标: 1

---------------------------------------------------------------
[ 2023-09-22T19:28:44+08:00 ] [ log ] at588.icu/99/index/open.html [运行时间：0.011437s][吞吐率：87.44req/s] [内存消耗：1,865.12kb] [文件加载：50]
[ error ] [8]未定义数组下标: 1

---------------------------------------------------------------
[ 2023-09-22T19:51:24+08:00 ] [ log ] at588.icu/99/ [运行时间：0.014572s][吞吐率：68.62req/s] [内存消耗：1,864.80kb] [文件加载：51]
[ error ] [8]未定义数组下标: 1

---------------------------------------------------------------
[ 2023-09-22T19:51:25+08:00 ] [ log ] at588.icu/99/favicon.ico [运行时间：0.009390s][吞吐率：106.49req/s] [内存消耗：1,650.74kb] [文件加载：44]
[ error ] [8]未定义数组下标: 1

---------------------------------------------------------------
[ 2023-09-22T19:51:27+08:00 ] [ log ] at588.icu/99/index/open.html [运行时间：0.013954s][吞吐率：71.66req/s] [内存消耗：1,865.12kb] [文件加载：50]
[ error ] [8]未定义数组下标: 1

---------------------------------------------------------------
[ 2023-09-22T20:59:58+08:00 ] [ log ] at588.icu/99/ [运行时间：0.010756s][吞吐率：92.97req/s] [内存消耗：1,865.34kb] [文件加载：51]
[ error ] [8]未定义数组下标: 1

---------------------------------------------------------------
[ 2023-09-22T21:00:08+08:00 ] [ log ] at588.icu/99/ [运行时间：0.011321s][吞吐率：88.33req/s] [内存消耗：1,865.34kb] [文件加载：51]
[ error ] [8]未定义数组下标: 1

---------------------------------------------------------------
[ 2023-09-22T21:07:46+08:00 ] [ log ] at588.icu/99/ [运行时间：0.011622s][吞吐率：86.04req/s] [内存消耗：1,865.34kb] [文件加载：51]
[ error ] [8]未定义数组下标: 1

---------------------------------------------------------------
[ 2023-09-22T21:07:47+08:00 ] [ log ] at588.icu/99/favicon.ico [运行时间：0.009255s][吞吐率：108.05req/s] [内存消耗：1,650.74kb] [文件加载：44]
[ error ] [8]未定义数组下标: 1

---------------------------------------------------------------
[ 2023-09-22T21:07:50+08:00 ] [ log ] at588.icu/99/index/open.html [运行时间：0.010601s][吞吐率：94.33req/s] [内存消耗：1,865.12kb] [文件加载：50]
[ error ] [8]未定义数组下标: 1

---------------------------------------------------------------
[ 2023-09-22T21:15:09+08:00 ] [ log ] at588.icu/99/?uc_sm=1 [运行时间：0.010815s][吞吐率：92.46req/s] [内存消耗：1,865.97kb] [文件加载：51]
[ error ] [8]未定义数组下标: 1

---------------------------------------------------------------
[ 2023-09-22T21:15:09+08:00 ] [ log ] at588.icu/99/ [运行时间：0.010691s][吞吐率：93.54req/s] [内存消耗：1,865.34kb] [文件加载：51]
[ error ] [8]未定义数组下标: 1

---------------------------------------------------------------
[ 2023-09-22T21:15:09+08:00 ] [ log ] at588.icu/99/favicon.ico [运行时间：0.012431s][吞吐率：80.44req/s] [内存消耗：1,650.74kb] [文件加载：44]
[ error ] [8]未定义数组下标: 1

---------------------------------------------------------------
[ 2023-09-22T21:15:12+08:00 ] [ log ] at588.icu/99/index/open.html [运行时间：0.014820s][吞吐率：67.48req/s] [内存消耗：1,865.12kb] [文件加载：50]
[ error ] [8]未定义数组下标: 1

---------------------------------------------------------------
[ 2023-09-22T21:33:42+08:00 ] [ log ] at521.icu/99/ [运行时间：0.013522s][吞吐率：73.95req/s] [内存消耗：1,865.34kb] [文件加载：51]
[ error ] [8]未定义数组下标: 1

---------------------------------------------------------------
[ 2023-09-22T21:33:42+08:00 ] [ log ] at521.icu/99/favicon.ico [运行时间：0.009695s][吞吐率：103.15req/s] [内存消耗：1,650.74kb] [文件加载：44]
[ error ] [8]未定义数组下标: 1

---------------------------------------------------------------
[ 2023-09-22T21:33:45+08:00 ] [ log ] at521.icu/99/index/open.html [运行时间：0.016108s][吞吐率：62.08req/s] [内存消耗：1,865.12kb] [文件加载：50]
[ error ] [8]未定义数组下标: 1

---------------------------------------------------------------
[ 2023-09-22T21:44:34+08:00 ] [ log ] at566.icu/99/ [运行时间：0.016578s][吞吐率：60.32req/s] [内存消耗：1,865.34kb] [文件加载：51]
[ error ] [8]未定义数组下标: 1

---------------------------------------------------------------
[ 2023-09-22T21:44:34+08:00 ] [ log ] at566.icu/99/favicon.ico [运行时间：0.009836s][吞吐率：101.67req/s] [内存消耗：1,650.74kb] [文件加载：44]
[ error ] [8]未定义数组下标: 1

---------------------------------------------------------------
[ 2023-09-22T21:44:39+08:00 ] [ log ] at566.icu/99/index/open.html [运行时间：0.010588s][吞吐率：94.45req/s] [内存消耗：1,865.12kb] [文件加载：50]
[ error ] [8]未定义数组下标: 1

---------------------------------------------------------------
[ 2023-09-22T21:46:55+08:00 ] [ log ] at566.icu/99/ [运行时间：0.010763s][吞吐率：92.91req/s] [内存消耗：1,864.80kb] [文件加载：51]
[ error ] [8]未定义数组下标: 1

---------------------------------------------------------------
[ 2023-09-22T21:47:13+08:00 ] [ log ] at566.icu/99/ [运行时间：0.011719s][吞吐率：85.33req/s] [内存消耗：1,864.80kb] [文件加载：51]
[ error ] [8]未定义数组下标: 1

---------------------------------------------------------------
[ 2023-09-22T21:47:16+08:00 ] [ log ] at566.icu/99/index/open.html [运行时间：0.011424s][吞吐率：87.54req/s] [内存消耗：1,865.12kb] [文件加载：50]
[ error ] [8]未定义数组下标: 1

---------------------------------------------------------------
[ 2023-09-22T21:47:21+08:00 ] [ log ] at566.icu/99/ [运行时间：0.011443s][吞吐率：87.39req/s] [内存消耗：1,864.80kb] [文件加载：51]
[ error ] [8]未定义数组下标: 1

---------------------------------------------------------------
[ 2023-09-22T21:47:24+08:00 ] [ log ] at566.icu/99/index/open.html [运行时间：0.011502s][吞吐率：86.94req/s] [内存消耗：1,865.12kb] [文件加载：50]
[ error ] [8]未定义数组下标: 1

---------------------------------------------------------------
[ 2023-09-22T21:48:27+08:00 ] [ log ] at566.icu/99/ [运行时间：0.036304s][吞吐率：27.55req/s] [内存消耗：1,864.80kb] [文件加载：51]
[ error ] [8]未定义数组下标: 1

---------------------------------------------------------------
[ 2023-09-22T21:51:03+08:00 ] [ log ] at566.icu/99/ [运行时间：0.034642s][吞吐率：28.87req/s] [内存消耗：1,864.80kb] [文件加载：51]
[ error ] [8]未定义数组下标: 1

---------------------------------------------------------------
[ 2023-09-22T21:51:09+08:00 ] [ log ] at566.icu/99/index/open.html [运行时间：0.023952s][吞吐率：41.75req/s] [内存消耗：1,865.12kb] [文件加载：50]
[ error ] [8]未定义数组下标: 1

---------------------------------------------------------------
[ 2023-09-22T22:49:13+08:00 ] [ log ] at588.icu/99/index/open.html [运行时间：0.015838s][吞吐率：63.14req/s] [内存消耗：1,865.15kb] [文件加载：50]
[ error ] [8]未定义数组下标: 1

---------------------------------------------------------------
[ 2023-09-22T22:54:16+08:00 ] [ log ] at566.icu/99/ [运行时间：0.015476s][吞吐率：64.62req/s] [内存消耗：1,865.34kb] [文件加载：51]
[ error ] [8]未定义数组下标: 1

---------------------------------------------------------------
[ 2023-09-22T22:54:17+08:00 ] [ log ] at566.icu/99/favicon.ico [运行时间：0.025717s][吞吐率：38.88req/s] [内存消耗：1,650.74kb] [文件加载：44]
[ error ] [8]未定义数组下标: 1

---------------------------------------------------------------
[ 2023-09-22T22:55:02+08:00 ] [ log ] at1666.com/99/ [运行时间：0.014369s][吞吐率：69.59req/s] [内存消耗：1,865.34kb] [文件加载：51]
[ error ] [8]未定义数组下标: 1

---------------------------------------------------------------
[ 2023-09-22T22:55:03+08:00 ] [ log ] at1666.com/99/ [运行时间：0.011090s][吞吐率：90.17req/s] [内存消耗：1,865.34kb] [文件加载：51]
[ error ] [8]未定义数组下标: 1

---------------------------------------------------------------
[ 2023-09-22T22:55:04+08:00 ] [ log ] at1666.com/99/favicon.ico [运行时间：0.010198s][吞吐率：98.06req/s] [内存消耗：1,650.74kb] [文件加载：44]
[ error ] [8]未定义数组下标: 1

---------------------------------------------------------------
[ 2023-09-22T22:55:06+08:00 ] [ log ] at1666.com/99/index/open.html [运行时间：0.011006s][吞吐率：90.86req/s] [内存消耗：1,865.12kb] [文件加载：50]
[ error ] [8]未定义数组下标: 1

---------------------------------------------------------------
[ 2023-09-22T22:56:37+08:00 ] [ log ] at1666.com/99/ [运行时间：0.018617s][吞吐率：53.71req/s] [内存消耗：1,864.80kb] [文件加载：51]
[ error ] [8]未定义数组下标: 1

---------------------------------------------------------------
[ 2023-09-22T22:56:39+08:00 ] [ log ] at1666.com/99/favicon.ico [运行时间：0.009405s][吞吐率：106.33req/s] [内存消耗：1,650.74kb] [文件加载：44]
[ error ] [8]未定义数组下标: 1

---------------------------------------------------------------
[ 2023-09-22T22:56:41+08:00 ] [ log ] at1666.com/99/index/open.html [运行时间：0.011303s][吞吐率：88.47req/s] [内存消耗：1,865.12kb] [文件加载：50]
[ error ] [8]未定义数组下标: 1

---------------------------------------------------------------
[ 2023-09-22T22:58:57+08:00 ] [ log ] at777.icu/99/ [运行时间：0.011123s][吞吐率：89.90req/s] [内存消耗：1,865.34kb] [文件加载：51]
[ error ] [8]未定义数组下标: 1

---------------------------------------------------------------
[ 2023-09-22T22:59:11+08:00 ] [ log ] at777.icu/99/ [运行时间：0.012509s][吞吐率：79.94req/s] [内存消耗：1,864.80kb] [文件加载：51]
[ error ] [8]未定义数组下标: 1

---------------------------------------------------------------
[ 2023-09-22T22:59:16+08:00 ] [ log ] at777.icu/99/favicon.ico [运行时间：0.009335s][吞吐率：107.12req/s] [内存消耗：1,650.74kb] [文件加载：44]
[ error ] [8]未定义数组下标: 1

---------------------------------------------------------------
[ 2023-09-22T22:59:16+08:00 ] [ log ] at777.icu/99/favicon.ico [运行时间：0.012437s][吞吐率：80.41req/s] [内存消耗：1,650.74kb] [文件加载：44]
[ error ] [8]未定义数组下标: 1

---------------------------------------------------------------
[ 2023-09-22T23:03:58+08:00 ] [ log ] at588.icu/99/ [运行时间：0.010723s][吞吐率：93.26req/s] [内存消耗：1,857.63kb] [文件加载：48]
[ error ] [8]Undefined offset: 1

---------------------------------------------------------------
[ 2023-09-22T23:04:03+08:00 ] [ log ] at588.icu/99/index/open.html [运行时间：0.010638s][吞吐率：94.00req/s] [内存消耗：1,857.41kb] [文件加载：47]
[ error ] [8]Undefined offset: 1

---------------------------------------------------------------
