[ 2023-09-23T08:25:03+08:00 ] [ log ] at588.icu/99/ [运行时间：0.011042s][吞吐率：90.56req/s] [内存消耗：1,865.34kb] [文件加载：51]
[ error ] [8]未定义数组下标: 1

---------------------------------------------------------------
[ 2023-09-23T08:25:05+08:00 ] [ log ] at588.icu/99/favicon.ico [运行时间：0.035212s][吞吐率：28.40req/s] [内存消耗：1,650.74kb] [文件加载：44]
[ error ] [8]未定义数组下标: 1

---------------------------------------------------------------
[ 2023-09-23T08:25:06+08:00 ] [ log ] at588.icu/99/index/open.html [运行时间：0.010824s][吞吐率：92.39req/s] [内存消耗：1,865.12kb] [文件加载：50]
[ error ] [8]未定义数组下标: 1

---------------------------------------------------------------
[ 2023-09-23T08:32:58+08:00 ] [ log ] at588.icu/99/ [运行时间：0.011545s][吞吐率：86.62req/s] [内存消耗：1,864.84kb] [文件加载：51]
[ error ] [8]未定义数组下标: 1

---------------------------------------------------------------
[ 2023-09-23T09:46:28+08:00 ] [ log ] at588.icu/99/?uc_sm=1&from=wh10331 [运行时间：0.010989s][吞吐率：91.00req/s] [内存消耗：1,865.98kb] [文件加载：51]
[ error ] [8]未定义数组下标: 1

---------------------------------------------------------------
[ 2023-09-23T09:46:28+08:00 ] [ log ] at588.icu/99/ [运行时间：0.013128s][吞吐率：76.17req/s] [内存消耗：1,865.34kb] [文件加载：51]
[ error ] [8]未定义数组下标: 1

---------------------------------------------------------------
[ 2023-09-23T09:46:31+08:00 ] [ log ] at588.icu/99/favicon.ico [运行时间：0.009422s][吞吐率：106.13req/s] [内存消耗：1,650.74kb] [文件加载：44]
[ error ] [8]未定义数组下标: 1

---------------------------------------------------------------
[ 2023-09-23T09:46:34+08:00 ] [ log ] at588.icu/99/index/open.html [运行时间：0.010940s][吞吐率：91.41req/s] [内存消耗：1,865.12kb] [文件加载：50]
[ error ] [8]未定义数组下标: 1

---------------------------------------------------------------
[ 2023-09-23T10:23:10+08:00 ] [ log ] at588.icu/99/ [运行时间：0.011057s][吞吐率：90.44req/s] [内存消耗：1,865.34kb] [文件加载：51]
[ error ] [8]未定义数组下标: 1

---------------------------------------------------------------
[ 2023-09-23T10:23:14+08:00 ] [ log ] at588.icu/99/favicon.ico [运行时间：0.013269s][吞吐率：75.36req/s] [内存消耗：1,650.74kb] [文件加载：44]
[ error ] [8]未定义数组下标: 1

---------------------------------------------------------------
[ 2023-09-23T10:23:57+08:00 ] [ log ] at588.icu/99/ [运行时间：0.010965s][吞吐率：91.20req/s] [内存消耗：1,865.34kb] [文件加载：51]
[ error ] [8]未定义数组下标: 1

---------------------------------------------------------------
[ 2023-09-23T10:23:58+08:00 ] [ log ] at588.icu/99/favicon.ico [运行时间：0.009644s][吞吐率：103.69req/s] [内存消耗：1,650.74kb] [文件加载：44]
[ error ] [8]未定义数组下标: 1

---------------------------------------------------------------
[ 2023-09-23T10:24:00+08:00 ] [ log ] at588.icu/99/index/open.html [运行时间：0.011257s][吞吐率：88.83req/s] [内存消耗：1,865.12kb] [文件加载：50]
[ error ] [8]未定义数组下标: 1

---------------------------------------------------------------
[ 2023-09-23T10:26:10+08:00 ] [ log ] at588.icu/99/ [运行时间：0.012056s][吞吐率：82.95req/s] [内存消耗：1,865.34kb] [文件加载：51]
[ error ] [8]未定义数组下标: 1

---------------------------------------------------------------
[ 2023-09-23T10:26:14+08:00 ] [ log ] at588.icu/99/index/open.html [运行时间：0.010676s][吞吐率：93.67req/s] [内存消耗：1,865.12kb] [文件加载：50]
[ error ] [8]未定义数组下标: 1

---------------------------------------------------------------
[ 2023-09-23T11:16:20+08:00 ] [ log ] at588.icu/99/ [运行时间：0.016677s][吞吐率：59.96req/s] [内存消耗：1,857.63kb] [文件加载：48]
[ error ] [8]Undefined offset: 1

---------------------------------------------------------------
[ 2023-09-23T11:16:28+08:00 ] [ log ] at588.icu/99/index/open.html [运行时间：0.010854s][吞吐率：92.13req/s] [内存消耗：1,857.41kb] [文件加载：47]
[ error ] [8]Undefined offset: 1

---------------------------------------------------------------
[ 2023-09-23T11:29:20+08:00 ] [ log ] at588.icu/99/ [运行时间：0.011615s][吞吐率：86.10req/s] [内存消耗：1,857.10kb] [文件加载：48]
[ error ] [8]Undefined offset: 1

---------------------------------------------------------------
[ 2023-09-23T11:29:23+08:00 ] [ log ] at588.icu/99/ [运行时间：0.010835s][吞吐率：92.29req/s] [内存消耗：1,857.10kb] [文件加载：48]
[ error ] [8]Undefined offset: 1

---------------------------------------------------------------
[ 2023-09-23T11:29:30+08:00 ] [ log ] at588.icu/99/index/open.html [运行时间：0.011429s][吞吐率：87.50req/s] [内存消耗：1,857.41kb] [文件加载：47]
[ error ] [8]Undefined offset: 1

---------------------------------------------------------------
[ 2023-09-23T11:30:01+08:00 ] [ log ] at588.icu/99/?uc_sm=1 [运行时间：0.014692s][吞吐率：68.07req/s] [内存消耗：1,865.97kb] [文件加载：51]
[ error ] [8]未定义数组下标: 1

---------------------------------------------------------------
[ 2023-09-23T11:30:01+08:00 ] [ log ] at588.icu/99/ [运行时间：0.010718s][吞吐率：93.30req/s] [内存消耗：1,865.34kb] [文件加载：51]
[ error ] [8]未定义数组下标: 1

---------------------------------------------------------------
[ 2023-09-23T11:30:01+08:00 ] [ log ] at588.icu/99/favicon.ico [运行时间：0.009501s][吞吐率：105.25req/s] [内存消耗：1,650.74kb] [文件加载：44]
[ error ] [8]未定义数组下标: 1

---------------------------------------------------------------
[ 2023-09-23T11:30:04+08:00 ] [ log ] at588.icu/99/index/open.html [运行时间：0.011316s][吞吐率：88.37req/s] [内存消耗：1,865.12kb] [文件加载：50]
[ error ] [8]未定义数组下标: 1

---------------------------------------------------------------
[ 2023-09-23T11:31:45+08:00 ] [ log ] at1666.com/99/ [运行时间：0.011037s][吞吐率：90.60req/s] [内存消耗：1,865.34kb] [文件加载：51]
[ error ] [8]未定义数组下标: 1

---------------------------------------------------------------
[ 2023-09-23T11:31:46+08:00 ] [ log ] at1666.com/99/favicon.ico [运行时间：0.034975s][吞吐率：28.59req/s] [内存消耗：1,650.74kb] [文件加载：44]
[ error ] [8]未定义数组下标: 1

---------------------------------------------------------------
[ 2023-09-23T11:31:48+08:00 ] [ log ] at1666.com/99/index/open.html [运行时间：0.013632s][吞吐率：73.36req/s] [内存消耗：1,865.12kb] [文件加载：50]
[ error ] [8]未定义数组下标: 1

---------------------------------------------------------------
[ 2023-09-23T12:30:24+08:00 ] [ log ] at588.icu/99/?uc_sm=1 [运行时间：0.011070s][吞吐率：90.33req/s] [内存消耗：1,865.97kb] [文件加载：51]
[ error ] [8]未定义数组下标: 1

---------------------------------------------------------------
[ 2023-09-23T12:30:24+08:00 ] [ log ] at588.icu/99/ [运行时间：0.012321s][吞吐率：81.16req/s] [内存消耗：1,865.34kb] [文件加载：51]
[ error ] [8]未定义数组下标: 1

---------------------------------------------------------------
[ 2023-09-23T12:30:24+08:00 ] [ log ] at588.icu/99/favicon.ico [运行时间：0.013821s][吞吐率：72.35req/s] [内存消耗：1,650.74kb] [文件加载：44]
[ error ] [8]未定义数组下标: 1

---------------------------------------------------------------
[ 2023-09-23T12:30:26+08:00 ] [ log ] at588.icu/99/index/open.html [运行时间：0.019683s][吞吐率：50.81req/s] [内存消耗：1,865.12kb] [文件加载：50]
[ error ] [8]未定义数组下标: 1

---------------------------------------------------------------
[ 2023-09-23T12:30:31+08:00 ] [ log ] at588.icu/99/ [运行时间：0.010615s][吞吐率：94.21req/s] [内存消耗：1,865.34kb] [文件加载：51]
[ error ] [8]未定义数组下标: 1

---------------------------------------------------------------
[ 2023-09-23T12:30:37+08:00 ] [ log ] at588.icu/99/index/open.html [运行时间：0.016329s][吞吐率：61.24req/s] [内存消耗：1,865.12kb] [文件加载：50]
[ error ] [8]未定义数组下标: 1

---------------------------------------------------------------
[ 2023-09-23T12:31:20+08:00 ] [ log ] at588.icu/99/favicon.ico [运行时间：0.009425s][吞吐率：106.10req/s] [内存消耗：1,650.74kb] [文件加载：44]
[ error ] [8]未定义数组下标: 1

---------------------------------------------------------------
[ 2023-09-23T12:32:58+08:00 ] [ log ] at588.icu/99/favicon.ico [运行时间：0.009835s][吞吐率：101.68req/s] [内存消耗：1,650.74kb] [文件加载：44]
[ error ] [8]未定义数组下标: 1

---------------------------------------------------------------
[ 2023-09-23T12:48:47+08:00 ] [ log ] at588.icu/99/ [运行时间：0.010937s][吞吐率：91.43req/s] [内存消耗：1,864.80kb] [文件加载：51]
[ error ] [8]未定义数组下标: 1

---------------------------------------------------------------
[ 2023-09-23T12:48:47+08:00 ] [ log ] at588.icu/99/favicon.ico [运行时间：0.010035s][吞吐率：99.65req/s] [内存消耗：1,650.74kb] [文件加载：44]
[ error ] [8]未定义数组下标: 1

---------------------------------------------------------------
[ 2023-09-23T12:48:50+08:00 ] [ log ] at588.icu/99/index/open.html [运行时间：0.022932s][吞吐率：43.61req/s] [内存消耗：1,865.12kb] [文件加载：50]
[ error ] [8]未定义数组下标: 1

---------------------------------------------------------------
[ 2023-09-23T12:59:46+08:00 ] [ log ] at1666.com/99/ [运行时间：0.012961s][吞吐率：77.16req/s] [内存消耗：1,865.34kb] [文件加载：51]
[ error ] [8]未定义数组下标: 1

---------------------------------------------------------------
[ 2023-09-23T12:59:49+08:00 ] [ log ] at1666.com/99/favicon.ico [运行时间：0.009506s][吞吐率：105.20req/s] [内存消耗：1,650.74kb] [文件加载：44]
[ error ] [8]未定义数组下标: 1

---------------------------------------------------------------
[ 2023-09-23T12:59:51+08:00 ] [ log ] at1666.com/99/index/open.html [运行时间：0.032488s][吞吐率：30.78req/s] [内存消耗：1,865.12kb] [文件加载：50]
[ error ] [8]未定义数组下标: 1

---------------------------------------------------------------
[ 2023-09-23T13:29:00+08:00 ] [ log ] at588.icu/99/ [运行时间：0.013832s][吞吐率：72.30req/s] [内存消耗：1,865.34kb] [文件加载：51]
[ error ] [8]未定义数组下标: 1

---------------------------------------------------------------
[ 2023-09-23T13:29:03+08:00 ] [ log ] at588.icu/99/favicon.ico [运行时间：0.009899s][吞吐率：101.02req/s] [内存消耗：1,650.74kb] [文件加载：44]
[ error ] [8]未定义数组下标: 1

---------------------------------------------------------------
[ 2023-09-23T13:29:08+08:00 ] [ log ] at588.icu/99/index/open.html [运行时间：0.014923s][吞吐率：67.01req/s] [内存消耗：1,865.12kb] [文件加载：50]
[ error ] [8]未定义数组下标: 1

---------------------------------------------------------------
[ 2023-09-23T13:44:04+08:00 ] [ log ] at1666.com/99/ [运行时间：0.014625s][吞吐率：68.38req/s] [内存消耗：1,864.80kb] [文件加载：51]
[ error ] [8]未定义数组下标: 1

---------------------------------------------------------------
[ 2023-09-23T13:44:07+08:00 ] [ log ] at1666.com/99/favicon.ico [运行时间：0.014681s][吞吐率：68.12req/s] [内存消耗：1,650.74kb] [文件加载：44]
[ error ] [8]未定义数组下标: 1

---------------------------------------------------------------
[ 2023-09-23T13:44:09+08:00 ] [ log ] at1666.com/99/index/open.html [运行时间：0.012391s][吞吐率：80.70req/s] [内存消耗：1,865.12kb] [文件加载：50]
[ error ] [8]未定义数组下标: 1

---------------------------------------------------------------
[ 2023-09-23T15:04:21+08:00 ] [ log ] at588.icu/99/ [运行时间：0.011402s][吞吐率：87.70req/s] [内存消耗：1,865.34kb] [文件加载：51]
[ error ] [8]未定义数组下标: 1

---------------------------------------------------------------
[ 2023-09-23T15:04:22+08:00 ] [ log ] at588.icu/99/favicon.ico [运行时间：0.013053s][吞吐率：76.61req/s] [内存消耗：1,650.74kb] [文件加载：44]
[ error ] [8]未定义数组下标: 1

---------------------------------------------------------------
[ 2023-09-23T15:04:24+08:00 ] [ log ] at588.icu/99/index/open.html [运行时间：0.011231s][吞吐率：89.04req/s] [内存消耗：1,865.12kb] [文件加载：50]
[ error ] [8]未定义数组下标: 1

---------------------------------------------------------------
[ 2023-09-23T15:31:30+08:00 ] [ log ] at588.icu/99/ [运行时间：0.019896s][吞吐率：50.26req/s] [内存消耗：1,865.34kb] [文件加载：51]
[ error ] [8]未定义数组下标: 1

---------------------------------------------------------------
[ 2023-09-23T15:31:31+08:00 ] [ log ] at588.icu/99/favicon.ico [运行时间：0.010256s][吞吐率：97.50req/s] [内存消耗：1,650.74kb] [文件加载：44]
[ error ] [8]未定义数组下标: 1

---------------------------------------------------------------
[ 2023-09-23T15:31:33+08:00 ] [ log ] at588.icu/99/index/open.html [运行时间：0.015370s][吞吐率：65.06req/s] [内存消耗：1,865.12kb] [文件加载：50]
[ error ] [8]未定义数组下标: 1

---------------------------------------------------------------
[ 2023-09-23T15:31:43+08:00 ] [ log ] at588.icu/99/ [运行时间：0.011836s][吞吐率：84.49req/s] [内存消耗：1,864.80kb] [文件加载：51]
[ error ] [8]未定义数组下标: 1

---------------------------------------------------------------
[ 2023-09-23T16:21:34+08:00 ] [ log ] at588.icu/99/ [运行时间：0.014152s][吞吐率：70.66req/s] [内存消耗：1,865.34kb] [文件加载：51]
[ error ] [8]未定义数组下标: 1

---------------------------------------------------------------
[ 2023-09-23T16:21:37+08:00 ] [ log ] at588.icu/99/favicon.ico [运行时间：0.014313s][吞吐率：69.87req/s] [内存消耗：1,650.74kb] [文件加载：44]
[ error ] [8]未定义数组下标: 1

---------------------------------------------------------------
[ 2023-09-23T16:21:46+08:00 ] [ log ] at588.icu/99/index/open.html [运行时间：0.011015s][吞吐率：90.78req/s] [内存消耗：1,865.12kb] [文件加载：50]
[ error ] [8]未定义数组下标: 1

---------------------------------------------------------------
[ 2023-09-23T16:22:04+08:00 ] [ log ] at588.icu/99/index/open.html [运行时间：0.018267s][吞吐率：54.74req/s] [内存消耗：1,857.95kb] [文件加载：47]
[ error ] [8]Undefined offset: 1

---------------------------------------------------------------
[ 2023-09-23T17:18:37+08:00 ] [ log ] at1666.com/99/ [运行时间：0.015389s][吞吐率：64.98req/s] [内存消耗：1,865.34kb] [文件加载：51]
[ error ] [8]未定义数组下标: 1

---------------------------------------------------------------
[ 2023-09-23T17:18:38+08:00 ] [ log ] at1666.com/99/favicon.ico [运行时间：0.018475s][吞吐率：54.13req/s] [内存消耗：1,650.74kb] [文件加载：44]
[ error ] [8]未定义数组下标: 1

---------------------------------------------------------------
[ 2023-09-23T17:18:40+08:00 ] [ log ] at1666.com/99/index/open.html [运行时间：0.011222s][吞吐率：89.11req/s] [内存消耗：1,865.12kb] [文件加载：50]
[ error ] [8]未定义数组下标: 1

---------------------------------------------------------------
[ 2023-09-23T17:52:13+08:00 ] [ log ] at588.icu/99/ [运行时间：0.012488s][吞吐率：80.08req/s] [内存消耗：1,865.34kb] [文件加载：51]
[ error ] [8]未定义数组下标: 1

---------------------------------------------------------------
[ 2023-09-23T17:55:11+08:00 ] [ log ] at566.icu/99/ [运行时间：0.011337s][吞吐率：88.21req/s] [内存消耗：1,865.34kb] [文件加载：51]
[ error ] [8]未定义数组下标: 1

---------------------------------------------------------------
[ 2023-09-23T17:55:13+08:00 ] [ log ] at566.icu/99/ [运行时间：0.011041s][吞吐率：90.57req/s] [内存消耗：1,865.34kb] [文件加载：51]
[ error ] [8]未定义数组下标: 1

---------------------------------------------------------------
[ 2023-09-23T17:55:16+08:00 ] [ log ] at566.icu/99/index/open.html [运行时间：0.013661s][吞吐率：73.20req/s] [内存消耗：1,865.12kb] [文件加载：50]
[ error ] [8]未定义数组下标: 1

---------------------------------------------------------------
[ 2023-09-23T17:58:11+08:00 ] [ log ] at588.icu/99/ [运行时间：0.011409s][吞吐率：87.65req/s] [内存消耗：1,865.34kb] [文件加载：51]
[ error ] [8]未定义数组下标: 1

---------------------------------------------------------------
[ 2023-09-23T17:58:13+08:00 ] [ log ] at588.icu/99/ [运行时间：0.011153s][吞吐率：89.66req/s] [内存消耗：1,865.34kb] [文件加载：51]
[ error ] [8]未定义数组下标: 1

---------------------------------------------------------------
[ 2023-09-23T17:58:16+08:00 ] [ log ] at588.icu/99/index/open.html [运行时间：0.010681s][吞吐率：93.62req/s] [内存消耗：1,865.12kb] [文件加载：50]
[ error ] [8]未定义数组下标: 1

---------------------------------------------------------------
[ 2023-09-23T18:00:18+08:00 ] [ log ] at588.icu/99/index/open.html [运行时间：0.012176s][吞吐率：82.13req/s] [内存消耗：1,865.12kb] [文件加载：50]
[ error ] [8]未定义数组下标: 1

---------------------------------------------------------------
[ 2023-09-23T18:09:52+08:00 ] [ log ] at588.icu/99/ [运行时间：0.011560s][吞吐率：86.51req/s] [内存消耗：1,865.34kb] [文件加载：51]
[ error ] [8]未定义数组下标: 1

---------------------------------------------------------------
[ 2023-09-23T18:09:53+08:00 ] [ log ] at588.icu/99/favicon.ico [运行时间：0.009657s][吞吐率：103.55req/s] [内存消耗：1,650.74kb] [文件加载：44]
[ error ] [8]未定义数组下标: 1

---------------------------------------------------------------
[ 2023-09-23T18:09:55+08:00 ] [ log ] at588.icu/99/index/open.html [运行时间：0.010676s][吞吐率：93.67req/s] [内存消耗：1,865.12kb] [文件加载：50]
[ error ] [8]未定义数组下标: 1

---------------------------------------------------------------
[ 2023-09-23T18:29:45+08:00 ] [ log ] at588.icu/99/?uc_sm=1 [运行时间：0.040395s][吞吐率：24.76req/s] [内存消耗：1,865.97kb] [文件加载：51]
[ error ] [8]未定义数组下标: 1

---------------------------------------------------------------
[ 2023-09-23T18:29:45+08:00 ] [ log ] at588.icu/99/ [运行时间：0.011559s][吞吐率：86.51req/s] [内存消耗：1,865.34kb] [文件加载：51]
[ error ] [8]未定义数组下标: 1

---------------------------------------------------------------
[ 2023-09-23T18:29:47+08:00 ] [ log ] at588.icu/99/favicon.ico [运行时间：0.009847s][吞吐率：101.55req/s] [内存消耗：1,650.74kb] [文件加载：44]
[ error ] [8]未定义数组下标: 1

---------------------------------------------------------------
[ 2023-09-23T18:29:49+08:00 ] [ log ] at588.icu/99/index/open.html [运行时间：0.010945s][吞吐率：91.37req/s] [内存消耗：1,865.12kb] [文件加载：50]
[ error ] [8]未定义数组下标: 1

---------------------------------------------------------------
[ 2023-09-23T18:55:30+08:00 ] [ log ] at588.icu/99/ [运行时间：0.011247s][吞吐率：88.91req/s] [内存消耗：1,864.80kb] [文件加载：51]
[ error ] [8]未定义数组下标: 1

---------------------------------------------------------------
[ 2023-09-23T18:55:32+08:00 ] [ log ] at588.icu/99/favicon.ico [运行时间：0.009248s][吞吐率：108.13req/s] [内存消耗：1,650.74kb] [文件加载：44]
[ error ] [8]未定义数组下标: 1

---------------------------------------------------------------
[ 2023-09-23T18:55:34+08:00 ] [ log ] at588.icu/99/index/open.html [运行时间：0.011963s][吞吐率：83.59req/s] [内存消耗：1,865.12kb] [文件加载：50]
[ error ] [8]未定义数组下标: 1

---------------------------------------------------------------
[ 2023-09-23T19:28:28+08:00 ] [ log ] at588.icu/99/ [运行时间：0.011366s][吞吐率：87.98req/s] [内存消耗：1,865.34kb] [文件加载：51]
[ error ] [8]未定义数组下标: 1

---------------------------------------------------------------
[ 2023-09-23T19:28:42+08:00 ] [ log ] at588.icu/99/index/open.html [运行时间：0.011684s][吞吐率：85.59req/s] [内存消耗：1,865.12kb] [文件加载：50]
[ error ] [8]未定义数组下标: 1

---------------------------------------------------------------
[ 2023-09-23T19:31:29+08:00 ] [ log ] at588.icu/99/favicon.ico [运行时间：0.013767s][吞吐率：72.64req/s] [内存消耗：1,650.74kb] [文件加载：44]
[ error ] [8]未定义数组下标: 1

---------------------------------------------------------------
[ 2023-09-23T19:32:56+08:00 ] [ log ] at588.icu/99/ [运行时间：0.011524s][吞吐率：86.78req/s] [内存消耗：1,864.80kb] [文件加载：51]
[ error ] [8]未定义数组下标: 1

---------------------------------------------------------------
[ 2023-09-23T19:32:56+08:00 ] [ log ] at588.icu/99/favicon.ico [运行时间：0.009918s][吞吐率：100.83req/s] [内存消耗：1,650.74kb] [文件加载：44]
[ error ] [8]未定义数组下标: 1

---------------------------------------------------------------
[ 2023-09-23T19:32:59+08:00 ] [ log ] at588.icu/99/index/open.html [运行时间：0.010891s][吞吐率：91.82req/s] [内存消耗：1,865.12kb] [文件加载：50]
[ error ] [8]未定义数组下标: 1

---------------------------------------------------------------
[ 2023-09-23T20:10:42+08:00 ] [ log ] at588.icu/99/ [运行时间：0.014557s][吞吐率：68.69req/s] [内存消耗：1,865.34kb] [文件加载：51]
[ error ] [8]未定义数组下标: 1

---------------------------------------------------------------
[ 2023-09-23T20:10:43+08:00 ] [ log ] at588.icu/99/favicon.ico [运行时间：0.009672s][吞吐率：103.39req/s] [内存消耗：1,650.74kb] [文件加载：44]
[ error ] [8]未定义数组下标: 1

---------------------------------------------------------------
[ 2023-09-23T21:01:07+08:00 ] [ log ] at588.icu/99/ [运行时间：0.012650s][吞吐率：79.05req/s] [内存消耗：1,865.34kb] [文件加载：51]
[ error ] [8]未定义数组下标: 1

---------------------------------------------------------------
[ 2023-09-23T21:01:07+08:00 ] [ log ] at588.icu/99/favicon.ico [运行时间：0.013561s][吞吐率：73.74req/s] [内存消耗：1,650.74kb] [文件加载：44]
[ error ] [8]未定义数组下标: 1

---------------------------------------------------------------
[ 2023-09-23T21:01:09+08:00 ] [ log ] at588.icu/99/index/open.html [运行时间：0.010866s][吞吐率：92.03req/s] [内存消耗：1,865.12kb] [文件加载：50]
[ error ] [8]未定义数组下标: 1

---------------------------------------------------------------
[ 2023-09-23T21:13:17+08:00 ] [ log ] at588.icu/99/?uc_sm=1 [运行时间：0.011148s][吞吐率：89.70req/s] [内存消耗：1,865.97kb] [文件加载：51]
[ error ] [8]未定义数组下标: 1

---------------------------------------------------------------
[ 2023-09-23T21:13:17+08:00 ] [ log ] at588.icu/99/ [运行时间：0.010699s][吞吐率：93.47req/s] [内存消耗：1,865.34kb] [文件加载：51]
[ error ] [8]未定义数组下标: 1

---------------------------------------------------------------
[ 2023-09-23T21:13:42+08:00 ] [ log ] at588.icu/99/favicon.ico [运行时间：0.024752s][吞吐率：40.40req/s] [内存消耗：1,650.74kb] [文件加载：44]
[ error ] [8]未定义数组下标: 1

---------------------------------------------------------------
[ 2023-09-23T21:13:45+08:00 ] [ log ] at588.icu/99/index/open.html [运行时间：0.011838s][吞吐率：84.47req/s] [内存消耗：1,865.12kb] [文件加载：50]
[ error ] [8]未定义数组下标: 1

---------------------------------------------------------------
[ 2023-09-23T21:46:50+08:00 ] [ log ] at588.icu/99/ [运行时间：0.020919s][吞吐率：47.80req/s] [内存消耗：1,857.63kb] [文件加载：48]
[ error ] [8]Undefined offset: 1

---------------------------------------------------------------
