[ 2023-09-24T02:17:09+08:00 ] [ log ] at588.icu/99/index/open.html [运行时间：0.015563s][吞吐率：64.25req/s] [内存消耗：1,857.95kb] [文件加载：47]
[ error ] [8]Undefined offset: 1

---------------------------------------------------------------
[ 2023-09-24T03:26:19+08:00 ] [ log ] at588.icu/99/index/open.html [运行时间：0.011153s][吞吐率：89.66req/s] [内存消耗：1,865.15kb] [文件加载：50]
[ error ] [8]未定义数组下标: 1

---------------------------------------------------------------
[ 2023-09-24T05:48:06+08:00 ] [ log ] at588.icu/99/ [运行时间：0.011906s][吞吐率：83.99req/s] [内存消耗：1,865.34kb] [文件加载：51]
[ error ] [8]未定义数组下标: 1

---------------------------------------------------------------
[ 2023-09-24T05:48:06+08:00 ] [ log ] at588.icu/99/?uc_sm=1 [运行时间：0.010688s][吞吐率：93.56req/s] [内存消耗：1,865.97kb] [文件加载：51]
[ error ] [8]未定义数组下标: 1

---------------------------------------------------------------
[ 2023-09-24T05:48:08+08:00 ] [ log ] at588.icu/99/favicon.ico [运行时间：0.009870s][吞吐率：101.32req/s] [内存消耗：1,650.74kb] [文件加载：44]
[ error ] [8]未定义数组下标: 1

---------------------------------------------------------------
[ 2023-09-24T05:48:11+08:00 ] [ log ] at588.icu/99/index/open.html [运行时间：0.011269s][吞吐率：88.74req/s] [内存消耗：1,865.12kb] [文件加载：50]
[ error ] [8]未定义数组下标: 1

---------------------------------------------------------------
[ 2023-09-24T05:49:40+08:00 ] [ log ] at566.icu/99/ [运行时间：0.011061s][吞吐率：90.41req/s] [内存消耗：1,857.63kb] [文件加载：48]
[ error ] [8]Undefined offset: 1

---------------------------------------------------------------
[ 2023-09-24T05:49:43+08:00 ] [ log ] at566.icu/99/favicon.ico [运行时间：0.009038s][吞吐率：110.64req/s] [内存消耗：1,650.77kb] [文件加载：44]
[ error ] [8]未定义数组下标: 1

---------------------------------------------------------------
[ 2023-09-24T05:49:53+08:00 ] [ log ] at566.icu/99/ [运行时间：0.017563s][吞吐率：56.94req/s] [内存消耗：1,857.63kb] [文件加载：48]
[ error ] [8]Undefined offset: 1

---------------------------------------------------------------
[ 2023-09-24T05:49:58+08:00 ] [ log ] at566.icu/99/favicon.ico [运行时间：0.013189s][吞吐率：75.82req/s] [内存消耗：1,650.77kb] [文件加载：44]
[ error ] [8]未定义数组下标: 1

---------------------------------------------------------------
[ 2023-09-24T05:50:46+08:00 ] [ log ] at588.icu/99/ [运行时间：0.010695s][吞吐率：93.50req/s] [内存消耗：1,865.34kb] [文件加载：51]
[ error ] [8]未定义数组下标: 1

---------------------------------------------------------------
[ 2023-09-24T05:50:47+08:00 ] [ log ] at588.icu/99/favicon.ico [运行时间：0.009880s][吞吐率：101.22req/s] [内存消耗：1,650.74kb] [文件加载：44]
[ error ] [8]未定义数组下标: 1

---------------------------------------------------------------
[ 2023-09-24T05:50:50+08:00 ] [ log ] at588.icu/99/index/open.html [运行时间：0.012487s][吞吐率：80.08req/s] [内存消耗：1,865.12kb] [文件加载：50]
[ error ] [8]未定义数组下标: 1

---------------------------------------------------------------
[ 2023-09-24T05:51:39+08:00 ] [ log ] at588.icu/99/ [运行时间：0.010824s][吞吐率：92.39req/s] [内存消耗：1,864.80kb] [文件加载：51]
[ error ] [8]未定义数组下标: 1

---------------------------------------------------------------
[ 2023-09-24T05:51:40+08:00 ] [ log ] at588.icu/99/favicon.ico [运行时间：0.009485s][吞吐率：105.43req/s] [内存消耗：1,650.74kb] [文件加载：44]
[ error ] [8]未定义数组下标: 1

---------------------------------------------------------------
[ 2023-09-24T05:51:42+08:00 ] [ log ] at588.icu/99/index/open.html [运行时间：0.011697s][吞吐率：85.49req/s] [内存消耗：1,865.12kb] [文件加载：50]
[ error ] [8]未定义数组下标: 1

---------------------------------------------------------------
[ 2023-09-24T08:28:04+08:00 ] [ log ] at588.icu/99/ [运行时间：0.010811s][吞吐率：92.50req/s] [内存消耗：1,864.84kb] [文件加载：51]
[ error ] [8]未定义数组下标: 1

---------------------------------------------------------------
[ 2023-09-24T11:08:32+08:00 ] [ log ] at588.icu/99/ [运行时间：0.011388s][吞吐率：87.81req/s] [内存消耗：1,865.34kb] [文件加载：51]
[ error ] [8]未定义数组下标: 1

---------------------------------------------------------------
[ 2023-09-24T11:08:39+08:00 ] [ log ] at588.icu/99/favicon.ico [运行时间：0.009650s][吞吐率：103.63req/s] [内存消耗：1,650.74kb] [文件加载：44]
[ error ] [8]未定义数组下标: 1

---------------------------------------------------------------
[ 2023-09-24T11:09:32+08:00 ] [ log ] at588.icu/99/ [运行时间：0.010967s][吞吐率：91.18req/s] [内存消耗：1,864.80kb] [文件加载：51]
[ error ] [8]未定义数组下标: 1

---------------------------------------------------------------
[ 2023-09-24T11:09:34+08:00 ] [ log ] at588.icu/99/favicon.ico [运行时间：0.031991s][吞吐率：31.26req/s] [内存消耗：1,650.74kb] [文件加载：44]
[ error ] [8]未定义数组下标: 1

---------------------------------------------------------------
[ 2023-09-24T11:09:48+08:00 ] [ log ] at588.icu/99/index/open.html [运行时间：0.030370s][吞吐率：32.93req/s] [内存消耗：1,865.12kb] [文件加载：50]
[ error ] [8]未定义数组下标: 1

---------------------------------------------------------------
[ 2023-09-24T11:22:35+08:00 ] [ log ] at588.icu/99/?uc_sm=1 [运行时间：0.010826s][吞吐率：92.37req/s] [内存消耗：1,865.97kb] [文件加载：51]
[ error ] [8]未定义数组下标: 1

---------------------------------------------------------------
[ 2023-09-24T11:22:35+08:00 ] [ log ] at588.icu/99/ [运行时间：0.010841s][吞吐率：92.24req/s] [内存消耗：1,865.34kb] [文件加载：51]
[ error ] [8]未定义数组下标: 1

---------------------------------------------------------------
[ 2023-09-24T11:22:38+08:00 ] [ log ] at588.icu/99/favicon.ico [运行时间：0.036160s][吞吐率：27.65req/s] [内存消耗：1,650.74kb] [文件加载：44]
[ error ] [8]未定义数组下标: 1

---------------------------------------------------------------
[ 2023-09-24T11:22:40+08:00 ] [ log ] at588.icu/99/index/open.html [运行时间：0.011279s][吞吐率：88.66req/s] [内存消耗：1,865.12kb] [文件加载：50]
[ error ] [8]未定义数组下标: 1

---------------------------------------------------------------
[ 2023-09-24T11:51:47+08:00 ] [ log ] at588.icu/99/ [运行时间：0.011273s][吞吐率：88.71req/s] [内存消耗：1,865.34kb] [文件加载：51]
[ error ] [8]未定义数组下标: 1

---------------------------------------------------------------
[ 2023-09-24T11:51:48+08:00 ] [ log ] at588.icu/99/favicon.ico [运行时间：0.009322s][吞吐率：107.27req/s] [内存消耗：1,650.74kb] [文件加载：44]
[ error ] [8]未定义数组下标: 1

---------------------------------------------------------------
[ 2023-09-24T11:51:51+08:00 ] [ log ] at588.icu/99/index/open.html [运行时间：0.010618s][吞吐率：94.18req/s] [内存消耗：1,865.12kb] [文件加载：50]
[ error ] [8]未定义数组下标: 1

---------------------------------------------------------------
[ 2023-09-24T12:28:21+08:00 ] [ log ] at588.icu/99/?uc_sm=1 [运行时间：0.014626s][吞吐率：68.37req/s] [内存消耗：1,865.97kb] [文件加载：51]
[ error ] [8]未定义数组下标: 1

---------------------------------------------------------------
[ 2023-09-24T12:28:21+08:00 ] [ log ] at588.icu/99/ [运行时间：0.010535s][吞吐率：94.92req/s] [内存消耗：1,865.34kb] [文件加载：51]
[ error ] [8]未定义数组下标: 1

---------------------------------------------------------------
[ 2023-09-24T12:28:22+08:00 ] [ log ] at588.icu/99/favicon.ico [运行时间：0.009202s][吞吐率：108.67req/s] [内存消耗：1,650.74kb] [文件加载：44]
[ error ] [8]未定义数组下标: 1

---------------------------------------------------------------
[ 2023-09-24T12:28:24+08:00 ] [ log ] at588.icu/99/index/open.html [运行时间：0.017553s][吞吐率：56.97req/s] [内存消耗：1,865.12kb] [文件加载：50]
[ error ] [8]未定义数组下标: 1

---------------------------------------------------------------
[ 2023-09-24T12:29:27+08:00 ] [ log ] at588.icu/99/ [运行时间：0.011002s][吞吐率：90.89req/s] [内存消耗：1,865.34kb] [文件加载：51]
[ error ] [8]未定义数组下标: 1

---------------------------------------------------------------
[ 2023-09-24T12:29:43+08:00 ] [ log ] at588.icu/99/favicon.ico [运行时间：0.009972s][吞吐率：100.28req/s] [内存消耗：1,650.74kb] [文件加载：44]
[ error ] [8]未定义数组下标: 1

---------------------------------------------------------------
[ 2023-09-24T12:29:46+08:00 ] [ log ] at588.icu/99/index/open.html [运行时间：0.010568s][吞吐率：94.62req/s] [内存消耗：1,865.12kb] [文件加载：50]
[ error ] [8]未定义数组下标: 1

---------------------------------------------------------------
[ 2023-09-24T12:49:21+08:00 ] [ log ] at588.icu/99/ [运行时间：0.010858s][吞吐率：92.10req/s] [内存消耗：1,864.80kb] [文件加载：51]
[ error ] [8]未定义数组下标: 1

---------------------------------------------------------------
[ 2023-09-24T12:49:22+08:00 ] [ log ] at588.icu/99/favicon.ico [运行时间：0.009695s][吞吐率：103.15req/s] [内存消耗：1,650.74kb] [文件加载：44]
[ error ] [8]未定义数组下标: 1

---------------------------------------------------------------
[ 2023-09-24T12:49:25+08:00 ] [ log ] at588.icu/99/index/open.html [运行时间：0.010528s][吞吐率：94.98req/s] [内存消耗：1,865.12kb] [文件加载：50]
[ error ] [8]未定义数组下标: 1

---------------------------------------------------------------
[ 2023-09-24T15:03:09+08:00 ] [ log ] at588.icu/99/?uc_sm=1 [运行时间：0.011125s][吞吐率：89.89req/s] [内存消耗：1,865.97kb] [文件加载：51]
[ error ] [8]未定义数组下标: 1

---------------------------------------------------------------
[ 2023-09-24T15:03:09+08:00 ] [ log ] at588.icu/99/ [运行时间：0.010781s][吞吐率：92.76req/s] [内存消耗：1,865.34kb] [文件加载：51]
[ error ] [8]未定义数组下标: 1

---------------------------------------------------------------
[ 2023-09-24T15:03:11+08:00 ] [ log ] at588.icu/99/favicon.ico [运行时间：0.013575s][吞吐率：73.66req/s] [内存消耗：1,650.74kb] [文件加载：44]
[ error ] [8]未定义数组下标: 1

---------------------------------------------------------------
[ 2023-09-24T15:03:13+08:00 ] [ log ] at588.icu/99/index/open.html [运行时间：0.037247s][吞吐率：26.85req/s] [内存消耗：1,865.12kb] [文件加载：50]
[ error ] [8]未定义数组下标: 1

---------------------------------------------------------------
[ 2023-09-24T17:43:54+08:00 ] [ log ] at588.icu/99/?uc_sm=1 [运行时间：0.014982s][吞吐率：66.75req/s] [内存消耗：1,865.97kb] [文件加载：51]
[ error ] [8]未定义数组下标: 1

---------------------------------------------------------------
[ 2023-09-24T17:43:55+08:00 ] [ log ] at588.icu/99/ [运行时间：0.010705s][吞吐率：93.41req/s] [内存消耗：1,865.34kb] [文件加载：51]
[ error ] [8]未定义数组下标: 1

---------------------------------------------------------------
[ 2023-09-24T17:43:56+08:00 ] [ log ] at588.icu/99/favicon.ico [运行时间：0.010197s][吞吐率：98.07req/s] [内存消耗：1,650.74kb] [文件加载：44]
[ error ] [8]未定义数组下标: 1

---------------------------------------------------------------
[ 2023-09-24T17:43:58+08:00 ] [ log ] at588.icu/99/index/open.html [运行时间：0.011296s][吞吐率：88.53req/s] [内存消耗：1,865.12kb] [文件加载：50]
[ error ] [8]未定义数组下标: 1

---------------------------------------------------------------
[ 2023-09-24T18:29:24+08:00 ] [ log ] at588.icu/99/?uc_sm=1 [运行时间：0.011036s][吞吐率：90.61req/s] [内存消耗：1,865.97kb] [文件加载：51]
[ error ] [8]未定义数组下标: 1

---------------------------------------------------------------
[ 2023-09-24T18:29:24+08:00 ] [ log ] at588.icu/99/ [运行时间：0.018273s][吞吐率：54.73req/s] [内存消耗：1,865.34kb] [文件加载：51]
[ error ] [8]未定义数组下标: 1

---------------------------------------------------------------
[ 2023-09-24T18:29:26+08:00 ] [ log ] at588.icu/99/favicon.ico [运行时间：0.009313s][吞吐率：107.38req/s] [内存消耗：1,650.74kb] [文件加载：44]
[ error ] [8]未定义数组下标: 1

---------------------------------------------------------------
[ 2023-09-24T18:29:28+08:00 ] [ log ] at588.icu/99/index/open.html [运行时间：0.010805s][吞吐率：92.55req/s] [内存消耗：1,865.12kb] [文件加载：50]
[ error ] [8]未定义数组下标: 1

---------------------------------------------------------------
[ 2023-09-24T19:28:30+08:00 ] [ log ] at588.icu/99/ [运行时间：0.012669s][吞吐率：78.93req/s] [内存消耗：1,865.34kb] [文件加载：51]
[ error ] [8]未定义数组下标: 1

---------------------------------------------------------------
[ 2023-09-24T19:28:35+08:00 ] [ log ] at588.icu/99/favicon.ico [运行时间：0.011545s][吞吐率：86.62req/s] [内存消耗：1,650.74kb] [文件加载：44]
[ error ] [8]未定义数组下标: 1

---------------------------------------------------------------
[ 2023-09-24T19:28:44+08:00 ] [ log ] at588.icu/99/index/open.html [运行时间：0.014360s][吞吐率：69.64req/s] [内存消耗：1,865.12kb] [文件加载：50]
[ error ] [8]未定义数组下标: 1

---------------------------------------------------------------
[ 2023-09-24T19:30:19+08:00 ] [ log ] at588.icu/99/ [运行时间：0.010962s][吞吐率：91.22req/s] [内存消耗：1,865.34kb] [文件加载：51]
[ error ] [8]未定义数组下标: 1

---------------------------------------------------------------
[ 2023-09-24T20:09:37+08:00 ] [ log ] at588.icu/99/ [运行时间：0.022582s][吞吐率：44.28req/s] [内存消耗：1,864.80kb] [文件加载：51]
[ error ] [8]未定义数组下标: 1

---------------------------------------------------------------
[ 2023-09-24T20:09:48+08:00 ] [ log ] at588.icu/99/index/open.html [运行时间：0.014896s][吞吐率：67.13req/s] [内存消耗：1,865.12kb] [文件加载：50]
[ error ] [8]未定义数组下标: 1

---------------------------------------------------------------
[ 2023-09-24T20:14:20+08:00 ] [ log ] at588.icu/99/ [运行时间：0.014866s][吞吐率：67.27req/s] [内存消耗：1,864.80kb] [文件加载：51]
[ error ] [8]未定义数组下标: 1

---------------------------------------------------------------
[ 2023-09-24T20:14:30+08:00 ] [ log ] at588.icu/99/index/open.html [运行时间：0.018157s][吞吐率：55.08req/s] [内存消耗：1,865.12kb] [文件加载：50]
[ error ] [8]未定义数组下标: 1

---------------------------------------------------------------
[ 2023-09-24T20:48:02+08:00 ] [ log ] at588.icu/99/ [运行时间：0.038790s][吞吐率：25.78req/s] [内存消耗：1,865.34kb] [文件加载：51]
[ error ] [8]未定义数组下标: 1

---------------------------------------------------------------
[ 2023-09-24T20:48:02+08:00 ] [ log ] at588.icu/99/favicon.ico [运行时间：0.009395s][吞吐率：106.44req/s] [内存消耗：1,650.74kb] [文件加载：44]
[ error ] [8]未定义数组下标: 1

---------------------------------------------------------------
[ 2023-09-24T20:48:05+08:00 ] [ log ] at588.icu/99/ [运行时间：0.013945s][吞吐率：71.71req/s] [内存消耗：1,864.80kb] [文件加载：51]
[ error ] [8]未定义数组下标: 1

---------------------------------------------------------------
[ 2023-09-24T20:48:06+08:00 ] [ log ] at588.icu/99/favicon.ico [运行时间：0.012135s][吞吐率：82.41req/s] [内存消耗：1,650.74kb] [文件加载：44]
[ error ] [8]未定义数组下标: 1

---------------------------------------------------------------
[ 2023-09-24T20:48:08+08:00 ] [ log ] at588.icu/99/index/open.html [运行时间：0.013470s][吞吐率：74.24req/s] [内存消耗：1,865.12kb] [文件加载：50]
[ error ] [8]未定义数组下标: 1

---------------------------------------------------------------
[ 2023-09-24T21:35:24+08:00 ] [ log ] at588.icu/99/ [运行时间：0.010678s][吞吐率：93.65req/s] [内存消耗：1,865.34kb] [文件加载：51]
[ error ] [8]未定义数组下标: 1

---------------------------------------------------------------
[ 2023-09-24T21:35:27+08:00 ] [ log ] at588.icu/99/index/open.html [运行时间：0.012586s][吞吐率：79.45req/s] [内存消耗：1,865.12kb] [文件加载：50]
[ error ] [8]未定义数组下标: 1

---------------------------------------------------------------
[ 2023-09-24T23:42:24+08:00 ] [ log ] www.at778.icu/99/ [运行时间：0.014429s][吞吐率：69.31req/s] [内存消耗：1,865.34kb] [文件加载：51]
[ error ] [8]未定义数组下标: 1

---------------------------------------------------------------
[ 2023-09-24T23:42:25+08:00 ] [ log ] www.at778.icu/99/favicon.ico [运行时间：0.009865s][吞吐率：101.37req/s] [内存消耗：1,650.74kb] [文件加载：44]
[ error ] [8]未定义数组下标: 1

---------------------------------------------------------------
[ 2023-09-24T23:42:28+08:00 ] [ log ] www.at778.icu/99/index/open.html [运行时间：0.010730s][吞吐率：93.20req/s] [内存消耗：1,865.13kb] [文件加载：50]
[ error ] [8]未定义数组下标: 1

---------------------------------------------------------------
[ 2023-09-24T23:42:49+08:00 ] [ log ] www.at778.icu/99/ [运行时间：0.011451s][吞吐率：87.33req/s] [内存消耗：1,864.81kb] [文件加载：51]
[ error ] [8]未定义数组下标: 1

---------------------------------------------------------------
[ 2023-09-24T23:44:49+08:00 ] [ log ] www.at778.icu/99/ [运行时间：0.010749s][吞吐率：93.03req/s] [内存消耗：1,864.81kb] [文件加载：51]
[ error ] [8]未定义数组下标: 1

---------------------------------------------------------------
[ 2023-09-24T23:53:24+08:00 ] [ log ] www.at778.icu/99/ [运行时间：0.011440s][吞吐率：87.41req/s] [内存消耗：1,864.81kb] [文件加载：51]
[ error ] [8]未定义数组下标: 1

---------------------------------------------------------------
[ 2023-09-24T23:55:22+08:00 ] [ log ] www.at778.icu/99/ [运行时间：0.015218s][吞吐率：65.71req/s] [内存消耗：1,864.81kb] [文件加载：51]
[ error ] [8]未定义数组下标: 1

---------------------------------------------------------------
