[ 2023-09-25T00:33:14+08:00 ] [ log ] www.at779.icu/99/ [运行时间：0.027656s][吞吐率：36.16req/s] [内存消耗：1,865.34kb] [文件加载：51]
[ error ] [8]未定义数组下标: 1

---------------------------------------------------------------
[ 2023-09-25T00:33:15+08:00 ] [ log ] www.at779.icu/99/favicon.ico [运行时间：0.035169s][吞吐率：28.43req/s] [内存消耗：1,650.74kb] [文件加载：44]
[ error ] [8]未定义数组下标: 1

---------------------------------------------------------------
[ 2023-09-25T00:33:17+08:00 ] [ log ] www.at779.icu/99/index/open.html [运行时间：0.032768s][吞吐率：30.52req/s] [内存消耗：1,865.13kb] [文件加载：50]
[ error ] [8]未定义数组下标: 1

---------------------------------------------------------------
[ 2023-09-25T00:34:36+08:00 ] [ log ] www.at668.icu/99/ [运行时间：0.011211s][吞吐率：89.20req/s] [内存消耗：1,865.34kb] [文件加载：51]
[ error ] [8]未定义数组下标: 1

---------------------------------------------------------------
[ 2023-09-25T00:34:37+08:00 ] [ log ] www.at668.icu/99/favicon.ico [运行时间：0.009441s][吞吐率：105.92req/s] [内存消耗：1,650.74kb] [文件加载：44]
[ error ] [8]未定义数组下标: 1

---------------------------------------------------------------
[ 2023-09-25T00:34:40+08:00 ] [ log ] www.at668.icu/99/index/open.html [运行时间：0.010727s][吞吐率：93.22req/s] [内存消耗：1,865.13kb] [文件加载：50]
[ error ] [8]未定义数组下标: 1

---------------------------------------------------------------
[ 2023-09-25T00:34:50+08:00 ] [ log ] www.at779.icu/99/ [运行时间：0.011420s][吞吐率：87.57req/s] [内存消耗：1,864.81kb] [文件加载：51]
[ error ] [8]未定义数组下标: 1

---------------------------------------------------------------
[ 2023-09-25T00:34:54+08:00 ] [ log ] www.at779.icu/99/index/open.html [运行时间：0.010998s][吞吐率：90.93req/s] [内存消耗：1,865.13kb] [文件加载：50]
[ error ] [8]未定义数组下标: 1

---------------------------------------------------------------
[ 2023-09-25T00:37:17+08:00 ] [ log ] at668.icu/99/ [运行时间：0.011018s][吞吐率：90.76req/s] [内存消耗：1,865.34kb] [文件加载：51]
[ error ] [8]未定义数组下标: 1

---------------------------------------------------------------
[ 2023-09-25T00:37:22+08:00 ] [ log ] at668.icu/99/index/open.html [运行时间：0.010887s][吞吐率：91.85req/s] [内存消耗：1,865.12kb] [文件加载：50]
[ error ] [8]未定义数组下标: 1

---------------------------------------------------------------
[ 2023-09-25T00:37:33+08:00 ] [ log ] at779.icu/99/ [运行时间：0.011467s][吞吐率：87.21req/s] [内存消耗：1,865.34kb] [文件加载：51]
[ error ] [8]未定义数组下标: 1

---------------------------------------------------------------
[ 2023-09-25T00:37:40+08:00 ] [ log ] at779.icu/99/index/open.html [运行时间：0.011290s][吞吐率：88.57req/s] [内存消耗：1,865.12kb] [文件加载：50]
[ error ] [8]未定义数组下标: 1

---------------------------------------------------------------
[ 2023-09-25T11:19:27+08:00 ] [ log ] at588.icu/99/?uc_sm=1 [运行时间：0.014478s][吞吐率：69.07req/s] [内存消耗：1,865.97kb] [文件加载：51]
[ error ] [8]未定义数组下标: 1

---------------------------------------------------------------
[ 2023-09-25T11:19:27+08:00 ] [ log ] at588.icu/99/ [运行时间：0.010723s][吞吐率：93.26req/s] [内存消耗：1,865.34kb] [文件加载：51]
[ error ] [8]未定义数组下标: 1

---------------------------------------------------------------
[ 2023-09-25T11:19:28+08:00 ] [ log ] at588.icu/99/favicon.ico [运行时间：0.009900s][吞吐率：101.01req/s] [内存消耗：1,650.74kb] [文件加载：44]
[ error ] [8]未定义数组下标: 1

---------------------------------------------------------------
[ 2023-09-25T11:19:30+08:00 ] [ log ] at588.icu/99/index/open.html [运行时间：0.010570s][吞吐率：94.61req/s] [内存消耗：1,865.12kb] [文件加载：50]
[ error ] [8]未定义数组下标: 1

---------------------------------------------------------------
[ 2023-09-25T11:55:20+08:00 ] [ log ] at588.icu/99/ [运行时间：0.011067s][吞吐率：90.36req/s] [内存消耗：1,865.34kb] [文件加载：51]
[ error ] [8]未定义数组下标: 1

---------------------------------------------------------------
[ 2023-09-25T11:55:22+08:00 ] [ log ] at588.icu/99/favicon.ico [运行时间：0.013861s][吞吐率：72.15req/s] [内存消耗：1,651.27kb] [文件加载：44]
[ error ] [8]未定义数组下标: 1

---------------------------------------------------------------
[ 2023-09-25T11:55:28+08:00 ] [ log ] at588.icu/99/index/open.html [运行时间：0.011647s][吞吐率：85.86req/s] [内存消耗：1,865.12kb] [文件加载：50]
[ error ] [8]未定义数组下标: 1

---------------------------------------------------------------
[ 2023-09-25T12:10:44+08:00 ] [ log ] at668.icu/99/ [运行时间：0.011157s][吞吐率：89.63req/s] [内存消耗：1,865.34kb] [文件加载：51]
[ error ] [8]未定义数组下标: 1

---------------------------------------------------------------
[ 2023-09-25T12:10:45+08:00 ] [ log ] at668.icu/99/favicon.ico [运行时间：0.013609s][吞吐率：73.48req/s] [内存消耗：1,650.74kb] [文件加载：44]
[ error ] [8]未定义数组下标: 1

---------------------------------------------------------------
[ 2023-09-25T12:10:49+08:00 ] [ log ] at668.icu/99/index/open.html [运行时间：0.011405s][吞吐率：87.68req/s] [内存消耗：1,865.12kb] [文件加载：50]
[ error ] [8]未定义数组下标: 1

---------------------------------------------------------------
[ 2023-09-25T12:27:17+08:00 ] [ log ] at588.icu/99/?uc_sm=1 [运行时间：0.011122s][吞吐率：89.91req/s] [内存消耗：1,865.97kb] [文件加载：51]
[ error ] [8]未定义数组下标: 1

---------------------------------------------------------------
[ 2023-09-25T12:27:17+08:00 ] [ log ] at588.icu/99/ [运行时间：0.010428s][吞吐率：95.89req/s] [内存消耗：1,865.34kb] [文件加载：51]
[ error ] [8]未定义数组下标: 1

---------------------------------------------------------------
[ 2023-09-25T12:27:18+08:00 ] [ log ] at588.icu/99/favicon.ico [运行时间：0.010077s][吞吐率：99.24req/s] [内存消耗：1,650.74kb] [文件加载：44]
[ error ] [8]未定义数组下标: 1

---------------------------------------------------------------
[ 2023-09-25T12:27:20+08:00 ] [ log ] at588.icu/99/index/open.html [运行时间：0.010800s][吞吐率：92.59req/s] [内存消耗：1,865.12kb] [文件加载：50]
[ error ] [8]未定义数组下标: 1

---------------------------------------------------------------
[ 2023-09-25T12:30:45+08:00 ] [ log ] at588.icu/99/ [运行时间：0.023958s][吞吐率：41.74req/s] [内存消耗：1,865.34kb] [文件加载：51]
[ error ] [8]未定义数组下标: 1

---------------------------------------------------------------
[ 2023-09-25T12:30:46+08:00 ] [ log ] at588.icu/99/favicon.ico [运行时间：0.011191s][吞吐率：89.36req/s] [内存消耗：1,650.74kb] [文件加载：44]
[ error ] [8]未定义数组下标: 1

---------------------------------------------------------------
[ 2023-09-25T12:30:49+08:00 ] [ log ] at588.icu/99/index/open.html [运行时间：0.010995s][吞吐率：90.95req/s] [内存消耗：1,865.12kb] [文件加载：50]
[ error ] [8]未定义数组下标: 1

---------------------------------------------------------------
[ 2023-09-25T12:49:36+08:00 ] [ log ] at668.icu/99/ [运行时间：0.016261s][吞吐率：61.50req/s] [内存消耗：1,864.80kb] [文件加载：51]
[ error ] [8]未定义数组下标: 1

---------------------------------------------------------------
[ 2023-09-25T12:49:37+08:00 ] [ log ] at668.icu/99/favicon.ico [运行时间：0.009705s][吞吐率：103.04req/s] [内存消耗：1,650.74kb] [文件加载：44]
[ error ] [8]未定义数组下标: 1

---------------------------------------------------------------
[ 2023-09-25T12:49:40+08:00 ] [ log ] at668.icu/99/index/open.html [运行时间：0.011017s][吞吐率：90.77req/s] [内存消耗：1,865.12kb] [文件加载：50]
[ error ] [8]未定义数组下标: 1

---------------------------------------------------------------
[ 2023-09-25T12:51:15+08:00 ] [ log ] at668.icu/99/index/open.html [运行时间：0.010654s][吞吐率：93.86req/s] [内存消耗：1,865.12kb] [文件加载：50]
[ error ] [8]未定义数组下标: 1

---------------------------------------------------------------
[ 2023-09-25T12:51:21+08:00 ] [ log ] at588.icu/99/ [运行时间：0.014141s][吞吐率：70.72req/s] [内存消耗：1,864.80kb] [文件加载：51]
[ error ] [8]未定义数组下标: 1

---------------------------------------------------------------
[ 2023-09-25T12:51:21+08:00 ] [ log ] at588.icu/99/favicon.ico [运行时间：0.012616s][吞吐率：79.26req/s] [内存消耗：1,650.74kb] [文件加载：44]
[ error ] [8]未定义数组下标: 1

---------------------------------------------------------------
[ 2023-09-25T12:52:55+08:00 ] [ log ] at668.icu/99/ [运行时间：0.016713s][吞吐率：59.83req/s] [内存消耗：1,864.80kb] [文件加载：51]
[ error ] [8]未定义数组下标: 1

---------------------------------------------------------------
[ 2023-09-25T12:52:56+08:00 ] [ log ] at668.icu/99/favicon.ico [运行时间：0.009475s][吞吐率：105.54req/s] [内存消耗：1,650.74kb] [文件加载：44]
[ error ] [8]未定义数组下标: 1

---------------------------------------------------------------
[ 2023-09-25T12:53:56+08:00 ] [ log ] at668.icu/99/ [运行时间：0.032580s][吞吐率：30.69req/s] [内存消耗：1,864.80kb] [文件加载：51]
[ error ] [8]未定义数组下标: 1

---------------------------------------------------------------
[ 2023-09-25T12:53:57+08:00 ] [ log ] at668.icu/99/favicon.ico [运行时间：0.009792s][吞吐率：102.12req/s] [内存消耗：1,650.74kb] [文件加载：44]
[ error ] [8]未定义数组下标: 1

---------------------------------------------------------------
[ 2023-09-25T12:54:00+08:00 ] [ log ] at668.icu/99/index/open.html [运行时间：0.011380s][吞吐率：87.87req/s] [内存消耗：1,865.12kb] [文件加载：50]
[ error ] [8]未定义数组下标: 1

---------------------------------------------------------------
[ 2023-09-25T13:00:52+08:00 ] [ log ] at668.icu/99/ [运行时间：0.011483s][吞吐率：87.09req/s] [内存消耗：1,864.80kb] [文件加载：51]
[ error ] [8]未定义数组下标: 1

---------------------------------------------------------------
[ 2023-09-25T13:00:52+08:00 ] [ log ] at668.icu/99/favicon.ico [运行时间：0.009706s][吞吐率：103.03req/s] [内存消耗：1,650.74kb] [文件加载：44]
[ error ] [8]未定义数组下标: 1

---------------------------------------------------------------
[ 2023-09-25T13:00:55+08:00 ] [ log ] at668.icu/99/index/open.html [运行时间：0.040859s][吞吐率：24.47req/s] [内存消耗：1,865.12kb] [文件加载：50]
[ error ] [8]未定义数组下标: 1

---------------------------------------------------------------
[ 2023-09-25T13:51:14+08:00 ] [ log ] at668.icu/99/ [运行时间：0.020091s][吞吐率：49.77req/s] [内存消耗：1,865.34kb] [文件加载：51]
[ error ] [8]未定义数组下标: 1

---------------------------------------------------------------
[ 2023-09-25T13:51:14+08:00 ] [ log ] at668.icu/99/favicon.ico [运行时间：0.011440s][吞吐率：87.41req/s] [内存消耗：1,650.74kb] [文件加载：44]
[ error ] [8]未定义数组下标: 1

---------------------------------------------------------------
[ 2023-09-25T13:51:16+08:00 ] [ log ] at668.icu/99/index/open.html [运行时间：0.010676s][吞吐率：93.67req/s] [内存消耗：1,865.12kb] [文件加载：50]
[ error ] [8]未定义数组下标: 1

---------------------------------------------------------------
[ 2023-09-25T13:58:09+08:00 ] [ log ] at668.icu/99/ [运行时间：0.011559s][吞吐率：86.51req/s] [内存消耗：1,864.80kb] [文件加载：51]
[ error ] [8]未定义数组下标: 1

---------------------------------------------------------------
[ 2023-09-25T13:58:09+08:00 ] [ log ] at668.icu/99/favicon.ico [运行时间：0.020471s][吞吐率：48.85req/s] [内存消耗：1,650.74kb] [文件加载：44]
[ error ] [8]未定义数组下标: 1

---------------------------------------------------------------
[ 2023-09-25T15:12:22+08:00 ] [ log ] at588.icu/99/ [运行时间：0.012324s][吞吐率：81.14req/s] [内存消耗：1,865.34kb] [文件加载：51]
[ error ] [8]未定义数组下标: 1

---------------------------------------------------------------
[ 2023-09-25T15:12:25+08:00 ] [ log ] at588.icu/99/favicon.ico [运行时间：0.014578s][吞吐率：68.60req/s] [内存消耗：1,650.74kb] [文件加载：44]
[ error ] [8]未定义数组下标: 1

---------------------------------------------------------------
[ 2023-09-25T15:12:28+08:00 ] [ log ] at588.icu/99/index/open.html [运行时间：0.010869s][吞吐率：92.00req/s] [内存消耗：1,865.12kb] [文件加载：50]
[ error ] [8]未定义数组下标: 1

---------------------------------------------------------------
[ 2023-09-25T15:50:49+08:00 ] [ log ] at588.icu/99/index/open.html [运行时间：0.012772s][吞吐率：78.30req/s] [内存消耗：1,857.95kb] [文件加载：47]
[ error ] [8]Undefined offset: 1

---------------------------------------------------------------
[ 2023-09-25T16:37:20+08:00 ] [ log ] at588.icu/99/ [运行时间：0.011063s][吞吐率：90.39req/s] [内存消耗：1,865.34kb] [文件加载：51]
[ error ] [8]未定义数组下标: 1

---------------------------------------------------------------
[ 2023-09-25T16:37:20+08:00 ] [ log ] at588.icu/99/?uc_sm=1&from=wh10331 [运行时间：0.011231s][吞吐率：89.04req/s] [内存消耗：1,865.98kb] [文件加载：51]
[ error ] [8]未定义数组下标: 1

---------------------------------------------------------------
[ 2023-09-25T16:37:21+08:00 ] [ log ] at588.icu/99/favicon.ico [运行时间：0.010104s][吞吐率：98.97req/s] [内存消耗：1,650.74kb] [文件加载：44]
[ error ] [8]未定义数组下标: 1

---------------------------------------------------------------
[ 2023-09-25T16:37:24+08:00 ] [ log ] at588.icu/99/index/open.html [运行时间：0.015315s][吞吐率：65.30req/s] [内存消耗：1,865.12kb] [文件加载：50]
[ error ] [8]未定义数组下标: 1

---------------------------------------------------------------
[ 2023-09-25T16:38:57+08:00 ] [ log ] at668.icu/99/ [运行时间：0.010706s][吞吐率：93.41req/s] [内存消耗：1,865.34kb] [文件加载：51]
[ error ] [8]未定义数组下标: 1

---------------------------------------------------------------
[ 2023-09-25T16:38:58+08:00 ] [ log ] at668.icu/99/favicon.ico [运行时间：0.010523s][吞吐率：95.03req/s] [内存消耗：1,650.74kb] [文件加载：44]
[ error ] [8]未定义数组下标: 1

---------------------------------------------------------------
[ 2023-09-25T16:40:30+08:00 ] [ log ] at668.icu/99/index/open.html [运行时间：0.038074s][吞吐率：26.26req/s] [内存消耗：1,865.12kb] [文件加载：50]
[ error ] [8]未定义数组下标: 1

---------------------------------------------------------------
[ 2023-09-25T16:43:59+08:00 ] [ log ] at588.icu/99/ [运行时间：0.011248s][吞吐率：88.90req/s] [内存消耗：1,865.34kb] [文件加载：51]
[ error ] [8]未定义数组下标: 1

---------------------------------------------------------------
[ 2023-09-25T16:44:00+08:00 ] [ log ] at588.icu/99/favicon.ico [运行时间：0.010482s][吞吐率：95.40req/s] [内存消耗：1,650.74kb] [文件加载：44]
[ error ] [8]未定义数组下标: 1

---------------------------------------------------------------
[ 2023-09-25T16:44:03+08:00 ] [ log ] at588.icu/99/index/open.html [运行时间：0.014833s][吞吐率：67.42req/s] [内存消耗：1,865.12kb] [文件加载：50]
[ error ] [8]未定义数组下标: 1

---------------------------------------------------------------
[ 2023-09-25T17:29:11+08:00 ] [ log ] at668.icu/99/ [运行时间：0.013475s][吞吐率：74.21req/s] [内存消耗：1,865.34kb] [文件加载：51]
[ error ] [8]未定义数组下标: 1

---------------------------------------------------------------
[ 2023-09-25T17:29:13+08:00 ] [ log ] at668.icu/99/favicon.ico [运行时间：0.009861s][吞吐率：101.41req/s] [内存消耗：1,650.74kb] [文件加载：44]
[ error ] [8]未定义数组下标: 1

---------------------------------------------------------------
[ 2023-09-25T17:29:17+08:00 ] [ log ] at668.icu/99/index/open.html [运行时间：0.017297s][吞吐率：57.81req/s] [内存消耗：1,865.12kb] [文件加载：50]
[ error ] [8]未定义数组下标: 1

---------------------------------------------------------------
[ 2023-09-25T17:37:10+08:00 ] [ log ] at668.icu/99/ [运行时间：0.010821s][吞吐率：92.41req/s] [内存消耗：1,864.80kb] [文件加载：51]
[ error ] [8]未定义数组下标: 1

---------------------------------------------------------------
[ 2023-09-25T17:37:12+08:00 ] [ log ] at668.icu/99/favicon.ico [运行时间：0.035145s][吞吐率：28.45req/s] [内存消耗：1,650.74kb] [文件加载：44]
[ error ] [8]未定义数组下标: 1

---------------------------------------------------------------
[ 2023-09-25T17:37:14+08:00 ] [ log ] at668.icu/99/index/open.html [运行时间：0.011083s][吞吐率：90.23req/s] [内存消耗：1,865.12kb] [文件加载：50]
[ error ] [8]未定义数组下标: 1

---------------------------------------------------------------
[ 2023-09-25T17:38:53+08:00 ] [ log ] at588.icu/99/ [运行时间：0.010930s][吞吐率：91.49req/s] [内存消耗：1,864.80kb] [文件加载：51]
[ error ] [8]未定义数组下标: 1

---------------------------------------------------------------
[ 2023-09-25T17:38:54+08:00 ] [ log ] at588.icu/99/favicon.ico [运行时间：0.018371s][吞吐率：54.43req/s] [内存消耗：1,650.74kb] [文件加载：44]
[ error ] [8]未定义数组下标: 1

---------------------------------------------------------------
[ 2023-09-25T17:52:30+08:00 ] [ log ] at668.icu/99/ [运行时间：0.010801s][吞吐率：92.58req/s] [内存消耗：1,864.80kb] [文件加载：51]
[ error ] [8]未定义数组下标: 1

---------------------------------------------------------------
[ 2023-09-25T17:52:31+08:00 ] [ log ] at668.icu/99/favicon.ico [运行时间：0.013509s][吞吐率：74.02req/s] [内存消耗：1,650.74kb] [文件加载：44]
[ error ] [8]未定义数组下标: 1

---------------------------------------------------------------
[ 2023-09-25T17:52:34+08:00 ] [ log ] at668.icu/99/index/open.html [运行时间：0.010840s][吞吐率：92.25req/s] [内存消耗：1,865.12kb] [文件加载：50]
[ error ] [8]未定义数组下标: 1

---------------------------------------------------------------
[ 2023-09-25T17:53:50+08:00 ] [ log ] at588.icu/99/index/open.html [运行时间：0.011241s][吞吐率：88.96req/s] [内存消耗：1,865.65kb] [文件加载：50]
[ error ] [8]未定义数组下标: 1

---------------------------------------------------------------
[ 2023-09-25T17:54:50+08:00 ] [ log ] at668.icu/99/ [运行时间：0.011559s][吞吐率：86.51req/s] [内存消耗：1,864.80kb] [文件加载：51]
[ error ] [8]未定义数组下标: 1

---------------------------------------------------------------
[ 2023-09-25T17:54:52+08:00 ] [ log ] at668.icu/99/favicon.ico [运行时间：0.019419s][吞吐率：51.50req/s] [内存消耗：1,650.74kb] [文件加载：44]
[ error ] [8]未定义数组下标: 1

---------------------------------------------------------------
[ 2023-09-25T17:57:20+08:00 ] [ log ] at668.icu/99/ [运行时间：0.011044s][吞吐率：90.55req/s] [内存消耗：1,864.80kb] [文件加载：51]
[ error ] [8]未定义数组下标: 1

---------------------------------------------------------------
[ 2023-09-25T17:57:21+08:00 ] [ log ] at668.icu/99/favicon.ico [运行时间：0.010041s][吞吐率：99.59req/s] [内存消耗：1,650.74kb] [文件加载：44]
[ error ] [8]未定义数组下标: 1

---------------------------------------------------------------
[ 2023-09-25T17:57:23+08:00 ] [ log ] at668.icu/99/index/open.html [运行时间：0.035478s][吞吐率：28.19req/s] [内存消耗：1,865.12kb] [文件加载：50]
[ error ] [8]未定义数组下标: 1

---------------------------------------------------------------
[ 2023-09-25T17:59:43+08:00 ] [ log ] at588.icu/99/ [运行时间：0.010999s][吞吐率：90.92req/s] [内存消耗：1,864.80kb] [文件加载：51]
[ error ] [8]未定义数组下标: 1

---------------------------------------------------------------
[ 2023-09-25T17:59:43+08:00 ] [ log ] at588.icu/99/favicon.ico [运行时间：0.009792s][吞吐率：102.13req/s] [内存消耗：1,650.74kb] [文件加载：44]
[ error ] [8]未定义数组下标: 1

---------------------------------------------------------------
[ 2023-09-25T17:59:45+08:00 ] [ log ] at588.icu/99/index/open.html [运行时间：0.036781s][吞吐率：27.19req/s] [内存消耗：1,865.12kb] [文件加载：50]
[ error ] [8]未定义数组下标: 1

---------------------------------------------------------------
[ 2023-09-25T18:02:00+08:00 ] [ log ] at668.icu/99/ [运行时间：0.011852s][吞吐率：84.37req/s] [内存消耗：1,864.80kb] [文件加载：51]
[ error ] [8]未定义数组下标: 1

---------------------------------------------------------------
[ 2023-09-25T18:02:01+08:00 ] [ log ] at668.icu/99/favicon.ico [运行时间：0.009436s][吞吐率：105.98req/s] [内存消耗：1,650.74kb] [文件加载：44]
[ error ] [8]未定义数组下标: 1

---------------------------------------------------------------
[ 2023-09-25T18:02:03+08:00 ] [ log ] at668.icu/99/index/open.html [运行时间：0.011052s][吞吐率：90.48req/s] [内存消耗：1,865.12kb] [文件加载：50]
[ error ] [8]未定义数组下标: 1

---------------------------------------------------------------
[ 2023-09-25T18:07:10+08:00 ] [ log ] at668.icu/99/ [运行时间：0.019663s][吞吐率：50.86req/s] [内存消耗：1,864.80kb] [文件加载：51]
[ error ] [8]未定义数组下标: 1

---------------------------------------------------------------
[ 2023-09-25T18:07:11+08:00 ] [ log ] at668.icu/99/favicon.ico [运行时间：0.010174s][吞吐率：98.29req/s] [内存消耗：1,650.74kb] [文件加载：44]
[ error ] [8]未定义数组下标: 1

---------------------------------------------------------------
[ 2023-09-25T18:07:13+08:00 ] [ log ] at668.icu/99/index/open.html [运行时间：0.012494s][吞吐率：80.04req/s] [内存消耗：1,865.12kb] [文件加载：50]
[ error ] [8]未定义数组下标: 1

---------------------------------------------------------------
[ 2023-09-25T18:08:36+08:00 ] [ log ] at588.icu/99/ [运行时间：0.011557s][吞吐率：86.53req/s] [内存消耗：1,857.63kb] [文件加载：48]
[ error ] [8]Undefined offset: 1

---------------------------------------------------------------
[ 2023-09-25T18:08:40+08:00 ] [ log ] at588.icu/99/index/open.html [运行时间：0.034110s][吞吐率：29.32req/s] [内存消耗：1,857.41kb] [文件加载：47]
[ error ] [8]Undefined offset: 1

---------------------------------------------------------------
[ 2023-09-25T18:13:08+08:00 ] [ log ] at668.icu/99/ [运行时间：0.012933s][吞吐率：77.32req/s] [内存消耗：1,864.80kb] [文件加载：51]
[ error ] [8]未定义数组下标: 1

---------------------------------------------------------------
[ 2023-09-25T18:13:09+08:00 ] [ log ] at668.icu/99/favicon.ico [运行时间：0.010553s][吞吐率：94.76req/s] [内存消耗：1,650.74kb] [文件加载：44]
[ error ] [8]未定义数组下标: 1

---------------------------------------------------------------
[ 2023-09-25T18:13:11+08:00 ] [ log ] at668.icu/99/index/open.html [运行时间：0.021860s][吞吐率：45.75req/s] [内存消耗：1,865.12kb] [文件加载：50]
[ error ] [8]未定义数组下标: 1

---------------------------------------------------------------
[ 2023-09-25T18:13:43+08:00 ] [ log ] at668.icu/99/ [运行时间：0.010695s][吞吐率：93.50req/s] [内存消耗：1,864.80kb] [文件加载：51]
[ error ] [8]未定义数组下标: 1

---------------------------------------------------------------
[ 2023-09-25T18:13:44+08:00 ] [ log ] at668.icu/99/favicon.ico [运行时间：0.015928s][吞吐率：62.78req/s] [内存消耗：1,650.74kb] [文件加载：44]
[ error ] [8]未定义数组下标: 1

---------------------------------------------------------------
[ 2023-09-25T18:13:46+08:00 ] [ log ] at668.icu/99/index/open.html [运行时间：0.011215s][吞吐率：89.17req/s] [内存消耗：1,865.12kb] [文件加载：50]
[ error ] [8]未定义数组下标: 1

---------------------------------------------------------------
[ 2023-09-25T18:15:56+08:00 ] [ log ] at668.icu/99/ [运行时间：0.012180s][吞吐率：82.10req/s] [内存消耗：1,864.80kb] [文件加载：51]
[ error ] [8]未定义数组下标: 1

---------------------------------------------------------------
[ 2023-09-25T18:15:57+08:00 ] [ log ] at668.icu/99/favicon.ico [运行时间：0.015377s][吞吐率：65.03req/s] [内存消耗：1,650.74kb] [文件加载：44]
[ error ] [8]未定义数组下标: 1

---------------------------------------------------------------
[ 2023-09-25T18:15:59+08:00 ] [ log ] at668.icu/99/index/open.html [运行时间：0.011188s][吞吐率：89.38req/s] [内存消耗：1,865.12kb] [文件加载：50]
[ error ] [8]未定义数组下标: 1

---------------------------------------------------------------
[ 2023-09-25T18:27:28+08:00 ] [ log ] at668.icu/99/ [运行时间：0.010826s][吞吐率：92.37req/s] [内存消耗：1,864.80kb] [文件加载：51]
[ error ] [8]未定义数组下标: 1

---------------------------------------------------------------
[ 2023-09-25T18:27:28+08:00 ] [ log ] at668.icu/99/favicon.ico [运行时间：0.010398s][吞吐率：96.17req/s] [内存消耗：1,650.74kb] [文件加载：44]
[ error ] [8]未定义数组下标: 1

---------------------------------------------------------------
[ 2023-09-25T18:27:31+08:00 ] [ log ] at668.icu/99/index/open.html [运行时间：0.016611s][吞吐率：60.20req/s] [内存消耗：1,865.12kb] [文件加载：50]
[ error ] [8]未定义数组下标: 1

---------------------------------------------------------------
[ 2023-09-25T18:29:28+08:00 ] [ log ] at588.icu/99/?uc_sm=1&from=wh10331 [运行时间：0.010781s][吞吐率：92.76req/s] [内存消耗：1,865.98kb] [文件加载：51]
[ error ] [8]未定义数组下标: 1

---------------------------------------------------------------
[ 2023-09-25T18:29:29+08:00 ] [ log ] at588.icu/99/ [运行时间：0.014529s][吞吐率：68.83req/s] [内存消耗：1,865.34kb] [文件加载：51]
[ error ] [8]未定义数组下标: 1

---------------------------------------------------------------
[ 2023-09-25T18:29:30+08:00 ] [ log ] at588.icu/99/favicon.ico [运行时间：0.009264s][吞吐率：107.94req/s] [内存消耗：1,650.74kb] [文件加载：44]
[ error ] [8]未定义数组下标: 1

---------------------------------------------------------------
[ 2023-09-25T18:29:32+08:00 ] [ log ] at588.icu/99/index/open.html [运行时间：0.013916s][吞吐率：71.86req/s] [内存消耗：1,865.12kb] [文件加载：50]
[ error ] [8]未定义数组下标: 1

---------------------------------------------------------------
[ 2023-09-25T18:30:34+08:00 ] [ log ] at668.icu/99/ [运行时间：0.011565s][吞吐率：86.47req/s] [内存消耗：1,865.34kb] [文件加载：51]
[ error ] [8]未定义数组下标: 1

---------------------------------------------------------------
[ 2023-09-25T18:30:35+08:00 ] [ log ] at668.icu/99/favicon.ico [运行时间：0.009722s][吞吐率：102.86req/s] [内存消耗：1,650.74kb] [文件加载：44]
[ error ] [8]未定义数组下标: 1

---------------------------------------------------------------
[ 2023-09-25T18:30:37+08:00 ] [ log ] at668.icu/99/index/open.html [运行时间：0.027885s][吞吐率：35.86req/s] [内存消耗：1,865.12kb] [文件加载：50]
[ error ] [8]未定义数组下标: 1

---------------------------------------------------------------
[ 2023-09-25T18:41:15+08:00 ] [ log ] at668.icu/99/ [运行时间：0.039925s][吞吐率：25.05req/s] [内存消耗：1,865.34kb] [文件加载：51]
[ error ] [8]未定义数组下标: 1

---------------------------------------------------------------
[ 2023-09-25T18:41:18+08:00 ] [ log ] at668.icu/99/favicon.ico [运行时间：0.009413s][吞吐率：106.24req/s] [内存消耗：1,650.74kb] [文件加载：44]
[ error ] [8]未定义数组下标: 1

---------------------------------------------------------------
[ 2023-09-25T18:41:20+08:00 ] [ log ] at668.icu/99/index/open.html [运行时间：0.011556s][吞吐率：86.53req/s] [内存消耗：1,865.12kb] [文件加载：50]
[ error ] [8]未定义数组下标: 1

---------------------------------------------------------------
[ 2023-09-25T18:47:04+08:00 ] [ log ] at668.icu/99/ [运行时间：0.014422s][吞吐率：69.34req/s] [内存消耗：1,864.80kb] [文件加载：51]
[ error ] [8]未定义数组下标: 1

---------------------------------------------------------------
[ 2023-09-25T18:47:06+08:00 ] [ log ] at668.icu/99/favicon.ico [运行时间：0.015029s][吞吐率：66.54req/s] [内存消耗：1,650.74kb] [文件加载：44]
[ error ] [8]未定义数组下标: 1

---------------------------------------------------------------
[ 2023-09-25T18:47:10+08:00 ] [ log ] at668.icu/99/index/open.html [运行时间：0.010926s][吞吐率：91.52req/s] [内存消耗：1,865.12kb] [文件加载：50]
[ error ] [8]未定义数组下标: 1

---------------------------------------------------------------
[ 2023-09-25T19:28:52+08:00 ] [ log ] at588.icu/99/ [运行时间：0.011091s][吞吐率：90.16req/s] [内存消耗：1,865.34kb] [文件加载：51]
[ error ] [8]未定义数组下标: 1

---------------------------------------------------------------
[ 2023-09-25T19:28:53+08:00 ] [ log ] at588.icu/99/favicon.ico [运行时间：0.012759s][吞吐率：78.38req/s] [内存消耗：1,650.74kb] [文件加载：44]
[ error ] [8]未定义数组下标: 1

---------------------------------------------------------------
[ 2023-09-25T19:28:56+08:00 ] [ log ] at588.icu/99/index/open.html [运行时间：0.011702s][吞吐率：85.46req/s] [内存消耗：1,865.12kb] [文件加载：50]
[ error ] [8]未定义数组下标: 1

---------------------------------------------------------------
[ 2023-09-25T20:26:39+08:00 ] [ log ] at588.icu/99/ [运行时间：0.011363s][吞吐率：88.00req/s] [内存消耗：1,865.34kb] [文件加载：51]
[ error ] [8]未定义数组下标: 1

---------------------------------------------------------------
[ 2023-09-25T20:26:42+08:00 ] [ log ] at588.icu/99/favicon.ico [运行时间：0.009857s][吞吐率：101.45req/s] [内存消耗：1,650.74kb] [文件加载：44]
[ error ] [8]未定义数组下标: 1

---------------------------------------------------------------
[ 2023-09-25T20:26:44+08:00 ] [ log ] at588.icu/99/index/open.html [运行时间：0.010702s][吞吐率：93.44req/s] [内存消耗：1,865.12kb] [文件加载：50]
[ error ] [8]未定义数组下标: 1

---------------------------------------------------------------
[ 2023-09-25T21:01:46+08:00 ] [ log ] at588.icu/99/ [运行时间：0.010779s][吞吐率：92.77req/s] [内存消耗：1,864.80kb] [文件加载：51]
[ error ] [8]未定义数组下标: 1

---------------------------------------------------------------
[ 2023-09-25T21:01:47+08:00 ] [ log ] at588.icu/99/favicon.ico [运行时间：0.010053s][吞吐率：99.47req/s] [内存消耗：1,650.74kb] [文件加载：44]
[ error ] [8]未定义数组下标: 1

---------------------------------------------------------------
[ 2023-09-25T21:01:49+08:00 ] [ log ] at588.icu/99/index/open.html [运行时间：0.012185s][吞吐率：82.07req/s] [内存消耗：1,865.12kb] [文件加载：50]
[ error ] [8]未定义数组下标: 1

---------------------------------------------------------------
[ 2023-09-25T21:08:13+08:00 ] [ log ] at566.icu/99/ [运行时间：0.010855s][吞吐率：92.12req/s] [内存消耗：1,865.34kb] [文件加载：51]
[ error ] [8]未定义数组下标: 1

---------------------------------------------------------------
[ 2023-09-25T21:08:15+08:00 ] [ log ] at566.icu/99/favicon.ico [运行时间：0.010485s][吞吐率：95.37req/s] [内存消耗：1,650.74kb] [文件加载：44]
[ error ] [8]未定义数组下标: 1

---------------------------------------------------------------
[ 2023-09-25T21:08:16+08:00 ] [ log ] at566.icu/99/favicon.ico [运行时间：0.011692s][吞吐率：85.53req/s] [内存消耗：1,650.74kb] [文件加载：44]
[ error ] [8]未定义数组下标: 1

---------------------------------------------------------------
[ 2023-09-25T21:08:16+08:00 ] [ log ] at566.icu/99/favicon.ico [运行时间：0.009290s][吞吐率：107.64req/s] [内存消耗：1,650.74kb] [文件加载：44]
[ error ] [8]未定义数组下标: 1

---------------------------------------------------------------
[ 2023-09-25T21:08:18+08:00 ] [ log ] at566.icu/99/index/open.html [运行时间：0.011863s][吞吐率：84.30req/s] [内存消耗：1,865.12kb] [文件加载：50]
[ error ] [8]未定义数组下标: 1

---------------------------------------------------------------
[ 2023-09-25T21:22:01+08:00 ] [ log ] at588.icu/99/?uc_sm=1&from=wh10331 [运行时间：0.030973s][吞吐率：32.29req/s] [内存消耗：1,865.98kb] [文件加载：51]
[ error ] [8]未定义数组下标: 1

---------------------------------------------------------------
[ 2023-09-25T21:22:01+08:00 ] [ log ] at588.icu/99/ [运行时间：0.014974s][吞吐率：66.78req/s] [内存消耗：1,865.34kb] [文件加载：51]
[ error ] [8]未定义数组下标: 1

---------------------------------------------------------------
[ 2023-09-25T21:22:13+08:00 ] [ log ] at588.icu/99/favicon.ico [运行时间：0.026218s][吞吐率：38.14req/s] [内存消耗：1,650.74kb] [文件加载：44]
[ error ] [8]未定义数组下标: 1

---------------------------------------------------------------
[ 2023-09-25T21:22:16+08:00 ] [ log ] at588.icu/99/index/open.html [运行时间：0.024673s][吞吐率：40.53req/s] [内存消耗：1,865.12kb] [文件加载：50]
[ error ] [8]未定义数组下标: 1

---------------------------------------------------------------
[ 2023-09-25T21:23:55+08:00 ] [ log ] at668.icu/99/ [运行时间：0.013163s][吞吐率：75.97req/s] [内存消耗：1,865.34kb] [文件加载：51]
[ error ] [8]未定义数组下标: 1

---------------------------------------------------------------
[ 2023-09-25T21:24:02+08:00 ] [ log ] at668.icu/99/favicon.ico [运行时间：0.009650s][吞吐率：103.63req/s] [内存消耗：1,650.74kb] [文件加载：44]
[ error ] [8]未定义数组下标: 1

---------------------------------------------------------------
[ 2023-09-25T21:24:05+08:00 ] [ log ] at668.icu/99/index/open.html [运行时间：0.012188s][吞吐率：82.05req/s] [内存消耗：1,865.12kb] [文件加载：50]
[ error ] [8]未定义数组下标: 1

---------------------------------------------------------------
[ 2023-09-25T21:24:32+08:00 ] [ log ] at588.icu/99/ [运行时间：0.016218s][吞吐率：61.66req/s] [内存消耗：1,865.34kb] [文件加载：51]
[ error ] [8]未定义数组下标: 1

---------------------------------------------------------------
[ 2023-09-25T21:24:38+08:00 ] [ log ] at588.icu/99/index/open.html [运行时间：0.011153s][吞吐率：89.66req/s] [内存消耗：1,865.12kb] [文件加载：50]
[ error ] [8]未定义数组下标: 1

---------------------------------------------------------------
[ 2023-09-25T21:26:28+08:00 ] [ log ] at668.icu/99/ [运行时间：0.012742s][吞吐率：78.48req/s] [内存消耗：1,864.80kb] [文件加载：51]
[ error ] [8]未定义数组下标: 1

---------------------------------------------------------------
[ 2023-09-25T21:26:29+08:00 ] [ log ] at668.icu/99/favicon.ico [运行时间：0.010923s][吞吐率：91.55req/s] [内存消耗：1,650.74kb] [文件加载：44]
[ error ] [8]未定义数组下标: 1

---------------------------------------------------------------
[ 2023-09-25T21:26:32+08:00 ] [ log ] at668.icu/99/index/open.html [运行时间：0.011242s][吞吐率：88.95req/s] [内存消耗：1,865.12kb] [文件加载：50]
[ error ] [8]未定义数组下标: 1

---------------------------------------------------------------
[ 2023-09-25T21:34:09+08:00 ] [ log ] at668.icu/99/ [运行时间：0.018430s][吞吐率：54.26req/s] [内存消耗：1,864.80kb] [文件加载：51]
[ error ] [8]未定义数组下标: 1

---------------------------------------------------------------
[ 2023-09-25T21:34:09+08:00 ] [ log ] at668.icu/99/favicon.ico [运行时间：0.009441s][吞吐率：105.92req/s] [内存消耗：1,650.74kb] [文件加载：44]
[ error ] [8]未定义数组下标: 1

---------------------------------------------------------------
[ 2023-09-25T21:35:06+08:00 ] [ log ] at668.icu/99/ [运行时间：0.013266s][吞吐率：75.38req/s] [内存消耗：1,864.80kb] [文件加载：51]
[ error ] [8]未定义数组下标: 1

---------------------------------------------------------------
[ 2023-09-25T21:35:07+08:00 ] [ log ] at668.icu/99/favicon.ico [运行时间：0.009327s][吞吐率：107.22req/s] [内存消耗：1,650.74kb] [文件加载：44]
[ error ] [8]未定义数组下标: 1

---------------------------------------------------------------
[ 2023-09-25T21:35:09+08:00 ] [ log ] at668.icu/99/index/open.html [运行时间：0.038571s][吞吐率：25.93req/s] [内存消耗：1,865.12kb] [文件加载：50]
[ error ] [8]未定义数组下标: 1

---------------------------------------------------------------
[ 2023-09-25T21:36:19+08:00 ] [ log ] at668.icu/99/index/open.html [运行时间：0.010654s][吞吐率：93.86req/s] [内存消耗：1,865.12kb] [文件加载：50]
[ error ] [8]未定义数组下标: 1

---------------------------------------------------------------
[ 2023-09-25T21:39:08+08:00 ] [ log ] at668.icu/99/ [运行时间：0.016722s][吞吐率：59.80req/s] [内存消耗：1,864.80kb] [文件加载：51]
[ error ] [8]未定义数组下标: 1

---------------------------------------------------------------
[ 2023-09-25T21:39:08+08:00 ] [ log ] at668.icu/99/favicon.ico [运行时间：0.009899s][吞吐率：101.02req/s] [内存消耗：1,650.74kb] [文件加载：44]
[ error ] [8]未定义数组下标: 1

---------------------------------------------------------------
[ 2023-09-25T21:39:11+08:00 ] [ log ] at668.icu/99/index/open.html [运行时间：0.010590s][吞吐率：94.43req/s] [内存消耗：1,865.12kb] [文件加载：50]
[ error ] [8]未定义数组下标: 1

---------------------------------------------------------------
[ 2023-09-25T21:43:47+08:00 ] [ log ] at668.icu/99/ [运行时间：0.016649s][吞吐率：60.06req/s] [内存消耗：1,864.80kb] [文件加载：51]
[ error ] [8]未定义数组下标: 1

---------------------------------------------------------------
[ 2023-09-25T21:43:47+08:00 ] [ log ] at668.icu/99/favicon.ico [运行时间：0.013096s][吞吐率：76.36req/s] [内存消耗：1,650.74kb] [文件加载：44]
[ error ] [8]未定义数组下标: 1

---------------------------------------------------------------
[ 2023-09-25T21:43:49+08:00 ] [ log ] at668.icu/99/index/open.html [运行时间：0.010836s][吞吐率：92.28req/s] [内存消耗：1,865.12kb] [文件加载：50]
[ error ] [8]未定义数组下标: 1

---------------------------------------------------------------
[ 2023-09-25T21:47:47+08:00 ] [ log ] at668.icu/99/ [运行时间：0.032259s][吞吐率：31.00req/s] [内存消耗：1,864.80kb] [文件加载：51]
[ error ] [8]未定义数组下标: 1

---------------------------------------------------------------
[ 2023-09-25T21:47:48+08:00 ] [ log ] at668.icu/99/favicon.ico [运行时间：0.015314s][吞吐率：65.30req/s] [内存消耗：1,650.74kb] [文件加载：44]
[ error ] [8]未定义数组下标: 1

---------------------------------------------------------------
[ 2023-09-25T22:00:02+08:00 ] [ log ] at588.icu/99/index/open.html [运行时间：0.039366s][吞吐率：25.40req/s] [内存消耗：1,865.15kb] [文件加载：50]
[ error ] [8]未定义数组下标: 1

---------------------------------------------------------------
[ 2023-09-25T22:04:31+08:00 ] [ log ] at668.icu/99/ [运行时间：0.011188s][吞吐率：89.38req/s] [内存消耗：1,864.80kb] [文件加载：51]
[ error ] [8]未定义数组下标: 1

---------------------------------------------------------------
[ 2023-09-25T22:04:32+08:00 ] [ log ] at668.icu/99/favicon.ico [运行时间：0.009409s][吞吐率：106.28req/s] [内存消耗：1,650.74kb] [文件加载：44]
[ error ] [8]未定义数组下标: 1

---------------------------------------------------------------
[ 2023-09-25T22:04:35+08:00 ] [ log ] at668.icu/99/index/open.html [运行时间：0.010637s][吞吐率：94.01req/s] [内存消耗：1,865.12kb] [文件加载：50]
[ error ] [8]未定义数组下标: 1

---------------------------------------------------------------
[ 2023-09-25T22:52:55+08:00 ] [ log ] at668.icu/99/ [运行时间：0.031248s][吞吐率：32.00req/s] [内存消耗：1,865.34kb] [文件加载：51]
[ error ] [8]未定义数组下标: 1

---------------------------------------------------------------
[ 2023-09-25T22:52:57+08:00 ] [ log ] at668.icu/99/favicon.ico [运行时间：0.009636s][吞吐率：103.78req/s] [内存消耗：1,650.74kb] [文件加载：44]
[ error ] [8]未定义数组下标: 1

---------------------------------------------------------------
[ 2023-09-25T22:52:59+08:00 ] [ log ] at668.icu/99/index/open.html [运行时间：0.011279s][吞吐率：88.66req/s] [内存消耗：1,865.12kb] [文件加载：50]
[ error ] [8]未定义数组下标: 1

---------------------------------------------------------------
[ 2023-09-25T23:18:45+08:00 ] [ log ] at588.icu/99/ [运行时间：0.011703s][吞吐率：85.45req/s] [内存消耗：1,865.34kb] [文件加载：51]
[ error ] [8]未定义数组下标: 1

---------------------------------------------------------------
[ 2023-09-25T23:18:46+08:00 ] [ log ] at588.icu/99/favicon.ico [运行时间：0.009323s][吞吐率：107.26req/s] [内存消耗：1,650.74kb] [文件加载：44]
[ error ] [8]未定义数组下标: 1

---------------------------------------------------------------
[ 2023-09-25T23:18:49+08:00 ] [ log ] at588.icu/99/index/open.html [运行时间：0.024511s][吞吐率：40.80req/s] [内存消耗：1,865.12kb] [文件加载：50]
[ error ] [8]未定义数组下标: 1

---------------------------------------------------------------
[ 2023-09-25T23:25:14+08:00 ] [ log ] at779.icu/99/ [运行时间：0.011267s][吞吐率：88.75req/s] [内存消耗：1,865.34kb] [文件加载：51]
[ error ] [8]未定义数组下标: 1

---------------------------------------------------------------
[ 2023-09-25T23:26:45+08:00 ] [ log ] at888.icu/99/ [运行时间：0.014995s][吞吐率：66.69req/s] [内存消耗：1,865.34kb] [文件加载：51]
[ error ] [8]未定义数组下标: 1

---------------------------------------------------------------
[ 2023-09-25T23:26:47+08:00 ] [ log ] at888.icu/99/favicon.ico [运行时间：0.013229s][吞吐率：75.59req/s] [内存消耗：1,650.74kb] [文件加载：44]
[ error ] [8]未定义数组下标: 1

---------------------------------------------------------------
[ 2023-09-25T23:26:49+08:00 ] [ log ] at888.icu/99/index/open.html [运行时间：0.011182s][吞吐率：89.43req/s] [内存消耗：1,865.12kb] [文件加载：50]
[ error ] [8]未定义数组下标: 1

---------------------------------------------------------------
