[ 2023-09-26T00:58:42+08:00 ] [ log ] at668.icu/99/ [运行时间：0.011323s][吞吐率：88.32req/s] [内存消耗：1,865.34kb] [文件加载：51]
[ error ] [8]未定义数组下标: 1

---------------------------------------------------------------
[ 2023-09-26T00:58:42+08:00 ] [ log ] at668.icu/99/favicon.ico [运行时间：0.015954s][吞吐率：62.68req/s] [内存消耗：1,650.74kb] [文件加载：44]
[ error ] [8]未定义数组下标: 1

---------------------------------------------------------------
[ 2023-09-26T00:58:45+08:00 ] [ log ] at668.icu/99/index/open.html [运行时间：0.011060s][吞吐率：90.42req/s] [内存消耗：1,865.12kb] [文件加载：50]
[ error ] [8]未定义数组下标: 1

---------------------------------------------------------------
[ 2023-09-26T01:00:20+08:00 ] [ log ] at668.icu/99/ [运行时间：0.035712s][吞吐率：28.00req/s] [内存消耗：1,864.80kb] [文件加载：51]
[ error ] [8]未定义数组下标: 1

---------------------------------------------------------------
[ 2023-09-26T01:00:20+08:00 ] [ log ] at668.icu/99/favicon.ico [运行时间：0.014596s][吞吐率：68.51req/s] [内存消耗：1,650.74kb] [文件加载：44]
[ error ] [8]未定义数组下标: 1

---------------------------------------------------------------
[ 2023-09-26T08:55:54+08:00 ] [ log ] at668.icu/99/ [运行时间：0.011114s][吞吐率：89.98req/s] [内存消耗：1,865.34kb] [文件加载：51]
[ error ] [8]未定义数组下标: 1

---------------------------------------------------------------
[ 2023-09-26T08:55:55+08:00 ] [ log ] at668.icu/99/favicon.ico [运行时间：0.012883s][吞吐率：77.62req/s] [内存消耗：1,650.74kb] [文件加载：44]
[ error ] [8]未定义数组下标: 1

---------------------------------------------------------------
[ 2023-09-26T08:55:58+08:00 ] [ log ] at668.icu/99/index/open.html [运行时间：0.011219s][吞吐率：89.13req/s] [内存消耗：1,865.12kb] [文件加载：50]
[ error ] [8]未定义数组下标: 1

---------------------------------------------------------------
[ 2023-09-26T09:00:57+08:00 ] [ log ] at588.icu/99/?uc_sm=1&from=wh10331 [运行时间：0.012024s][吞吐率：83.17req/s] [内存消耗：1,865.98kb] [文件加载：51]
[ error ] [8]未定义数组下标: 1

---------------------------------------------------------------
[ 2023-09-26T09:00:57+08:00 ] [ log ] at588.icu/99/ [运行时间：0.010544s][吞吐率：94.84req/s] [内存消耗：1,865.34kb] [文件加载：51]
[ error ] [8]未定义数组下标: 1

---------------------------------------------------------------
[ 2023-09-26T09:00:58+08:00 ] [ log ] at588.icu/99/favicon.ico [运行时间：0.009879s][吞吐率：101.23req/s] [内存消耗：1,650.74kb] [文件加载：44]
[ error ] [8]未定义数组下标: 1

---------------------------------------------------------------
[ 2023-09-26T09:01:00+08:00 ] [ log ] at588.icu/99/index/open.html [运行时间：0.010962s][吞吐率：91.22req/s] [内存消耗：1,865.12kb] [文件加载：50]
[ error ] [8]未定义数组下标: 1

---------------------------------------------------------------
[ 2023-09-26T09:02:11+08:00 ] [ log ] at668.icu/99/ [运行时间：0.025082s][吞吐率：39.87req/s] [内存消耗：1,864.80kb] [文件加载：51]
[ error ] [8]未定义数组下标: 1

---------------------------------------------------------------
[ 2023-09-26T09:02:12+08:00 ] [ log ] at668.icu/99/favicon.ico [运行时间：0.011387s][吞吐率：87.82req/s] [内存消耗：1,650.74kb] [文件加载：44]
[ error ] [8]未定义数组下标: 1

---------------------------------------------------------------
[ 2023-09-26T09:02:14+08:00 ] [ log ] at668.icu/99/index/open.html [运行时间：0.010711s][吞吐率：93.36req/s] [内存消耗：1,865.12kb] [文件加载：50]
[ error ] [8]未定义数组下标: 1

---------------------------------------------------------------
[ 2023-09-26T09:08:20+08:00 ] [ log ] at668.icu/99/ [运行时间：0.010625s][吞吐率：94.12req/s] [内存消耗：1,864.80kb] [文件加载：51]
[ error ] [8]未定义数组下标: 1

---------------------------------------------------------------
[ 2023-09-26T09:08:20+08:00 ] [ log ] at668.icu/99/favicon.ico [运行时间：0.009370s][吞吐率：106.72req/s] [内存消耗：1,650.74kb] [文件加载：44]
[ error ] [8]未定义数组下标: 1

---------------------------------------------------------------
[ 2023-09-26T09:08:24+08:00 ] [ log ] at668.icu/99/index/open.html [运行时间：0.017758s][吞吐率：56.31req/s] [内存消耗：1,865.12kb] [文件加载：50]
[ error ] [8]未定义数组下标: 1

---------------------------------------------------------------
[ 2023-09-26T09:13:46+08:00 ] [ log ] at668.icu/99/ [运行时间：0.013331s][吞吐率：75.01req/s] [内存消耗：1,864.80kb] [文件加载：51]
[ error ] [8]未定义数组下标: 1

---------------------------------------------------------------
[ 2023-09-26T09:13:47+08:00 ] [ log ] at668.icu/99/favicon.ico [运行时间：0.014736s][吞吐率：67.86req/s] [内存消耗：1,650.74kb] [文件加载：44]
[ error ] [8]未定义数组下标: 1

---------------------------------------------------------------
[ 2023-09-26T09:13:51+08:00 ] [ log ] at668.icu/99/index/open.html [运行时间：0.012200s][吞吐率：81.97req/s] [内存消耗：1,865.12kb] [文件加载：50]
[ error ] [8]未定义数组下标: 1

---------------------------------------------------------------
[ 2023-09-26T09:16:29+08:00 ] [ log ] at668.icu/99/ [运行时间：0.011063s][吞吐率：90.39req/s] [内存消耗：1,864.80kb] [文件加载：51]
[ error ] [8]未定义数组下标: 1

---------------------------------------------------------------
[ 2023-09-26T09:16:29+08:00 ] [ log ] at668.icu/99/favicon.ico [运行时间：0.009257s][吞吐率：108.03req/s] [内存消耗：1,650.74kb] [文件加载：44]
[ error ] [8]未定义数组下标: 1

---------------------------------------------------------------
[ 2023-09-26T09:16:32+08:00 ] [ log ] at668.icu/99/index/open.html [运行时间：0.011287s][吞吐率：88.60req/s] [内存消耗：1,865.12kb] [文件加载：50]
[ error ] [8]未定义数组下标: 1

---------------------------------------------------------------
[ 2023-09-26T09:16:47+08:00 ] [ log ] at668.icu/99/ [运行时间：0.010745s][吞吐率：93.07req/s] [内存消耗：1,864.80kb] [文件加载：51]
[ error ] [8]未定义数组下标: 1

---------------------------------------------------------------
[ 2023-09-26T09:16:47+08:00 ] [ log ] at668.icu/99/favicon.ico [运行时间：0.009530s][吞吐率：104.93req/s] [内存消耗：1,650.74kb] [文件加载：44]
[ error ] [8]未定义数组下标: 1

---------------------------------------------------------------
[ 2023-09-26T09:16:50+08:00 ] [ log ] at668.icu/99/index/open.html [运行时间：0.011827s][吞吐率：84.55req/s] [内存消耗：1,865.12kb] [文件加载：50]
[ error ] [8]未定义数组下标: 1

---------------------------------------------------------------
[ 2023-09-26T09:21:52+08:00 ] [ log ] at668.icu/99/ [运行时间：0.012843s][吞吐率：77.86req/s] [内存消耗：1,864.80kb] [文件加载：51]
[ error ] [8]未定义数组下标: 1

---------------------------------------------------------------
[ 2023-09-26T09:21:53+08:00 ] [ log ] at668.icu/99/favicon.ico [运行时间：0.009555s][吞吐率：104.66req/s] [内存消耗：1,650.74kb] [文件加载：44]
[ error ] [8]未定义数组下标: 1

---------------------------------------------------------------
[ 2023-09-26T09:21:56+08:00 ] [ log ] at668.icu/99/index/open.html [运行时间：0.012515s][吞吐率：79.91req/s] [内存消耗：1,865.12kb] [文件加载：50]
[ error ] [8]未定义数组下标: 1

---------------------------------------------------------------
[ 2023-09-26T09:24:12+08:00 ] [ log ] at668.icu/99/ [运行时间：0.011045s][吞吐率：90.54req/s] [内存消耗：1,864.80kb] [文件加载：51]
[ error ] [8]未定义数组下标: 1

---------------------------------------------------------------
[ 2023-09-26T09:24:13+08:00 ] [ log ] at668.icu/99/favicon.ico [运行时间：0.010000s][吞吐率：100.00req/s] [内存消耗：1,650.74kb] [文件加载：44]
[ error ] [8]未定义数组下标: 1

---------------------------------------------------------------
[ 2023-09-26T09:24:18+08:00 ] [ log ] at668.icu/99/index/open.html [运行时间：0.010929s][吞吐率：91.50req/s] [内存消耗：1,865.12kb] [文件加载：50]
[ error ] [8]未定义数组下标: 1

---------------------------------------------------------------
[ 2023-09-26T09:27:31+08:00 ] [ log ] at668.icu/99/ [运行时间：0.027077s][吞吐率：36.93req/s] [内存消耗：1,864.80kb] [文件加载：51]
[ error ] [8]未定义数组下标: 1

---------------------------------------------------------------
[ 2023-09-26T09:27:32+08:00 ] [ log ] at668.icu/99/favicon.ico [运行时间：0.009921s][吞吐率：100.80req/s] [内存消耗：1,650.74kb] [文件加载：44]
[ error ] [8]未定义数组下标: 1

---------------------------------------------------------------
[ 2023-09-26T09:27:35+08:00 ] [ log ] at668.icu/99/index/open.html [运行时间：0.010758s][吞吐率：92.95req/s] [内存消耗：1,865.12kb] [文件加载：50]
[ error ] [8]未定义数组下标: 1

---------------------------------------------------------------
[ 2023-09-26T09:31:25+08:00 ] [ log ] at668.icu/99/ [运行时间：0.010704s][吞吐率：93.42req/s] [内存消耗：1,864.80kb] [文件加载：51]
[ error ] [8]未定义数组下标: 1

---------------------------------------------------------------
[ 2023-09-26T09:31:27+08:00 ] [ log ] at668.icu/99/favicon.ico [运行时间：0.012597s][吞吐率：79.38req/s] [内存消耗：1,650.74kb] [文件加载：44]
[ error ] [8]未定义数组下标: 1

---------------------------------------------------------------
[ 2023-09-26T09:31:29+08:00 ] [ log ] at668.icu/99/index/open.html [运行时间：0.010819s][吞吐率：92.43req/s] [内存消耗：1,865.12kb] [文件加载：50]
[ error ] [8]未定义数组下标: 1

---------------------------------------------------------------
[ 2023-09-26T10:27:06+08:00 ] [ log ] at779.icu/99/ [运行时间：0.016290s][吞吐率：61.39req/s] [内存消耗：1,865.34kb] [文件加载：51]
[ error ] [8]未定义数组下标: 1

---------------------------------------------------------------
[ 2023-09-26T10:27:10+08:00 ] [ log ] at779.icu/99/favicon.ico [运行时间：0.009898s][吞吐率：101.03req/s] [内存消耗：1,650.74kb] [文件加载：44]
[ error ] [8]未定义数组下标: 1

---------------------------------------------------------------
[ 2023-09-26T10:27:11+08:00 ] [ log ] at779.icu/99/index/open.html [运行时间：0.013478s][吞吐率：74.19req/s] [内存消耗：1,865.12kb] [文件加载：50]
[ error ] [8]未定义数组下标: 1

---------------------------------------------------------------
[ 2023-09-26T10:52:01+08:00 ] [ log ] at588.icu/99/ [运行时间：0.011497s][吞吐率：86.98req/s] [内存消耗：1,865.34kb] [文件加载：51]
[ error ] [8]未定义数组下标: 1

---------------------------------------------------------------
[ 2023-09-26T10:52:01+08:00 ] [ log ] at588.icu/99/?uc_sm=1&from=wh10331 [运行时间：0.010597s][吞吐率：94.37req/s] [内存消耗：1,865.98kb] [文件加载：51]
[ error ] [8]未定义数组下标: 1

---------------------------------------------------------------
[ 2023-09-26T10:52:02+08:00 ] [ log ] at588.icu/99/favicon.ico [运行时间：0.012954s][吞吐率：77.20req/s] [内存消耗：1,650.74kb] [文件加载：44]
[ error ] [8]未定义数组下标: 1

---------------------------------------------------------------
[ 2023-09-26T10:52:08+08:00 ] [ log ] at588.icu/99/index/open.html [运行时间：0.010659s][吞吐率：93.82req/s] [内存消耗：1,865.12kb] [文件加载：50]
[ error ] [8]未定义数组下标: 1

---------------------------------------------------------------
[ 2023-09-26T10:55:59+08:00 ] [ log ] at588.icu/99/ [运行时间：0.010736s][吞吐率：93.14req/s] [内存消耗：1,864.80kb] [文件加载：51]
[ error ] [8]未定义数组下标: 1

---------------------------------------------------------------
[ 2023-09-26T10:56:03+08:00 ] [ log ] at588.icu/99/?uc_sm=1&from=wh10331 [运行时间：0.028611s][吞吐率：34.95req/s] [内存消耗：1,865.45kb] [文件加载：51]
[ error ] [8]未定义数组下标: 1

---------------------------------------------------------------
[ 2023-09-26T10:56:03+08:00 ] [ log ] at588.icu/99/ [运行时间：0.017360s][吞吐率：57.60req/s] [内存消耗：1,864.80kb] [文件加载：51]
[ error ] [8]未定义数组下标: 1

---------------------------------------------------------------
[ 2023-09-26T10:56:03+08:00 ] [ log ] at588.icu/99/favicon.ico [运行时间：0.009369s][吞吐率：106.73req/s] [内存消耗：1,650.74kb] [文件加载：44]
[ error ] [8]未定义数组下标: 1

---------------------------------------------------------------
[ 2023-09-26T10:56:06+08:00 ] [ log ] at588.icu/99/index/open.html [运行时间：0.010924s][吞吐率：91.54req/s] [内存消耗：1,865.12kb] [文件加载：50]
[ error ] [8]未定义数组下标: 1

---------------------------------------------------------------
[ 2023-09-26T11:00:47+08:00 ] [ log ] at588.icu/99/ [运行时间：0.011084s][吞吐率：90.22req/s] [内存消耗：1,864.80kb] [文件加载：51]
[ error ] [8]未定义数组下标: 1

---------------------------------------------------------------
[ 2023-09-26T11:00:56+08:00 ] [ log ] at588.icu/99/ [运行时间：0.011327s][吞吐率：88.29req/s] [内存消耗：1,864.80kb] [文件加载：51]
[ error ] [8]未定义数组下标: 1

---------------------------------------------------------------
[ 2023-09-26T11:01:45+08:00 ] [ log ] at588.icu/99/index/open.html [运行时间：0.012895s][吞吐率：77.55req/s] [内存消耗：1,865.12kb] [文件加载：50]
[ error ] [8]未定义数组下标: 1

---------------------------------------------------------------
[ 2023-09-26T11:21:43+08:00 ] [ log ] at668.icu/99/ [运行时间：0.011598s][吞吐率：86.22req/s] [内存消耗：1,865.34kb] [文件加载：51]
[ error ] [8]未定义数组下标: 1

---------------------------------------------------------------
[ 2023-09-26T11:21:45+08:00 ] [ log ] at668.icu/99/favicon.ico [运行时间：0.009272s][吞吐率：107.85req/s] [内存消耗：1,650.74kb] [文件加载：44]
[ error ] [8]未定义数组下标: 1

---------------------------------------------------------------
[ 2023-09-26T11:21:47+08:00 ] [ log ] at668.icu/99/index/open.html [运行时间：0.010843s][吞吐率：92.23req/s] [内存消耗：1,865.12kb] [文件加载：50]
[ error ] [8]未定义数组下标: 1

---------------------------------------------------------------
[ 2023-09-26T11:28:05+08:00 ] [ log ] at668.icu/99/ [运行时间：0.014768s][吞吐率：67.71req/s] [内存消耗：1,864.80kb] [文件加载：51]
[ error ] [8]未定义数组下标: 1

---------------------------------------------------------------
[ 2023-09-26T11:28:07+08:00 ] [ log ] at668.icu/99/favicon.ico [运行时间：0.009481s][吞吐率：105.47req/s] [内存消耗：1,650.74kb] [文件加载：44]
[ error ] [8]未定义数组下标: 1

---------------------------------------------------------------
[ 2023-09-26T11:28:09+08:00 ] [ log ] at668.icu/99/index/open.html [运行时间：0.013507s][吞吐率：74.03req/s] [内存消耗：1,865.12kb] [文件加载：50]
[ error ] [8]未定义数组下标: 1

---------------------------------------------------------------
[ 2023-09-26T11:34:49+08:00 ] [ log ] at566.icu/99/favicon.ico [运行时间：0.028921s][吞吐率：34.58req/s] [内存消耗：1,651.27kb] [文件加载：44]
[ error ] [8]未定义数组下标: 1

---------------------------------------------------------------
[ 2023-09-26T11:34:52+08:00 ] [ log ] at566.icu/99/favicon.ico [运行时间：0.009410s][吞吐率：106.27req/s] [内存消耗：1,650.74kb] [文件加载：44]
[ error ] [8]未定义数组下标: 1

---------------------------------------------------------------
[ 2023-09-26T11:34:53+08:00 ] [ log ] at566.icu/99/favicon.ico [运行时间：0.014575s][吞吐率：68.61req/s] [内存消耗：1,650.74kb] [文件加载：44]
[ error ] [8]未定义数组下标: 1

---------------------------------------------------------------
[ 2023-09-26T11:34:55+08:00 ] [ log ] at566.icu/99/favicon.ico [运行时间：0.009653s][吞吐率：103.59req/s] [内存消耗：1,650.74kb] [文件加载：44]
[ error ] [8]未定义数组下标: 1

---------------------------------------------------------------
[ 2023-09-26T11:36:39+08:00 ] [ log ] at588.icu/99/ [运行时间：0.016549s][吞吐率：60.43req/s] [内存消耗：1,864.80kb] [文件加载：51]
[ error ] [8]未定义数组下标: 1

---------------------------------------------------------------
[ 2023-09-26T11:36:40+08:00 ] [ log ] at588.icu/99/favicon.ico [运行时间：0.013002s][吞吐率：76.91req/s] [内存消耗：1,650.74kb] [文件加载：44]
[ error ] [8]未定义数组下标: 1

---------------------------------------------------------------
[ 2023-09-26T11:36:42+08:00 ] [ log ] at588.icu/99/index/open.html [运行时间：0.011060s][吞吐率：90.42req/s] [内存消耗：1,865.12kb] [文件加载：50]
[ error ] [8]未定义数组下标: 1

---------------------------------------------------------------
[ 2023-09-26T11:42:24+08:00 ] [ log ] at588.icu/99/ [运行时间：0.018920s][吞吐率：52.85req/s] [内存消耗：1,864.80kb] [文件加载：51]
[ error ] [8]未定义数组下标: 1

---------------------------------------------------------------
[ 2023-09-26T11:42:25+08:00 ] [ log ] at588.icu/99/favicon.ico [运行时间：0.009472s][吞吐率：105.58req/s] [内存消耗：1,650.74kb] [文件加载：44]
[ error ] [8]未定义数组下标: 1

---------------------------------------------------------------
[ 2023-09-26T11:46:03+08:00 ] [ log ] at588.icu/99/ [运行时间：0.031184s][吞吐率：32.07req/s] [内存消耗：1,864.80kb] [文件加载：51]
[ error ] [8]未定义数组下标: 1

---------------------------------------------------------------
[ 2023-09-26T11:46:03+08:00 ] [ log ] at588.icu/99/?uc_sm=1 [运行时间：0.021630s][吞吐率：46.23req/s] [内存消耗：1,865.44kb] [文件加载：51]
[ error ] [8]未定义数组下标: 1

---------------------------------------------------------------
[ 2023-09-26T11:46:03+08:00 ] [ log ] at588.icu/99/favicon.ico [运行时间：0.013072s][吞吐率：76.50req/s] [内存消耗：1,650.74kb] [文件加载：44]
[ error ] [8]未定义数组下标: 1

---------------------------------------------------------------
[ 2023-09-26T11:46:07+08:00 ] [ log ] at588.icu/99/index/open.html [运行时间：0.015567s][吞吐率：64.24req/s] [内存消耗：1,865.12kb] [文件加载：50]
[ error ] [8]未定义数组下标: 1

---------------------------------------------------------------
[ 2023-09-26T11:50:58+08:00 ] [ log ] at566.icu/99/favicon.ico [运行时间：0.009928s][吞吐率：100.73req/s] [内存消耗：1,650.74kb] [文件加载：44]
[ error ] [8]未定义数组下标: 1

---------------------------------------------------------------
[ 2023-09-26T12:02:50+08:00 ] [ log ] at668.icu/99/ [运行时间：0.010623s][吞吐率：94.14req/s] [内存消耗：1,865.34kb] [文件加载：51]
[ error ] [8]未定义数组下标: 1

---------------------------------------------------------------
[ 2023-09-26T12:02:51+08:00 ] [ log ] at668.icu/99/favicon.ico [运行时间：0.028022s][吞吐率：35.69req/s] [内存消耗：1,650.74kb] [文件加载：44]
[ error ] [8]未定义数组下标: 1

---------------------------------------------------------------
[ 2023-09-26T12:02:53+08:00 ] [ log ] at668.icu/99/index/open.html [运行时间：0.011282s][吞吐率：88.64req/s] [内存消耗：1,865.12kb] [文件加载：50]
[ error ] [8]未定义数组下标: 1

---------------------------------------------------------------
[ 2023-09-26T12:04:31+08:00 ] [ log ] at588.icu/99/ [运行时间：0.010868s][吞吐率：92.01req/s] [内存消耗：1,865.34kb] [文件加载：51]
[ error ] [8]未定义数组下标: 1

---------------------------------------------------------------
[ 2023-09-26T12:04:36+08:00 ] [ log ] at588.icu/99/index/open.html [运行时间：0.010546s][吞吐率：94.82req/s] [内存消耗：1,865.12kb] [文件加载：50]
[ error ] [8]未定义数组下标: 1

---------------------------------------------------------------
[ 2023-09-26T12:04:41+08:00 ] [ log ] at668.icu/99/ [运行时间：0.012890s][吞吐率：77.58req/s] [内存消耗：1,864.80kb] [文件加载：51]
[ error ] [8]未定义数组下标: 1

---------------------------------------------------------------
[ 2023-09-26T12:04:42+08:00 ] [ log ] at668.icu/99/favicon.ico [运行时间：0.009469s][吞吐率：105.61req/s] [内存消耗：1,650.74kb] [文件加载：44]
[ error ] [8]未定义数组下标: 1

---------------------------------------------------------------
[ 2023-09-26T12:04:45+08:00 ] [ log ] at668.icu/99/index/open.html [运行时间：0.010602s][吞吐率：94.32req/s] [内存消耗：1,865.12kb] [文件加载：50]
[ error ] [8]未定义数组下标: 1

---------------------------------------------------------------
[ 2023-09-26T12:23:46+08:00 ] [ log ] at668.icu/99/ [运行时间：0.010983s][吞吐率：91.05req/s] [内存消耗：1,864.80kb] [文件加载：51]
[ error ] [8]未定义数组下标: 1

---------------------------------------------------------------
[ 2023-09-26T12:23:47+08:00 ] [ log ] at668.icu/99/favicon.ico [运行时间：0.009318s][吞吐率：107.32req/s] [内存消耗：1,650.74kb] [文件加载：44]
[ error ] [8]未定义数组下标: 1

---------------------------------------------------------------
[ 2023-09-26T12:23:52+08:00 ] [ log ] at668.icu/99/index/open.html [运行时间：0.011606s][吞吐率：86.16req/s] [内存消耗：1,865.12kb] [文件加载：50]
[ error ] [8]未定义数组下标: 1

---------------------------------------------------------------
[ 2023-09-26T12:28:42+08:00 ] [ log ] at668.icu/99/ [运行时间：0.033452s][吞吐率：29.89req/s] [内存消耗：1,864.80kb] [文件加载：51]
[ error ] [8]未定义数组下标: 1

---------------------------------------------------------------
[ 2023-09-26T12:28:43+08:00 ] [ log ] at668.icu/99/favicon.ico [运行时间：0.009873s][吞吐率：101.29req/s] [内存消耗：1,650.74kb] [文件加载：44]
[ error ] [8]未定义数组下标: 1

---------------------------------------------------------------
[ 2023-09-26T12:28:48+08:00 ] [ log ] at668.icu/99/index/open.html [运行时间：0.011150s][吞吐率：89.69req/s] [内存消耗：1,865.12kb] [文件加载：50]
[ error ] [8]未定义数组下标: 1

---------------------------------------------------------------
[ 2023-09-26T12:30:39+08:00 ] [ log ] at779.icu/99/ [运行时间：0.011577s][吞吐率：86.38req/s] [内存消耗：1,865.34kb] [文件加载：51]
[ error ] [8]未定义数组下标: 1

---------------------------------------------------------------
[ 2023-09-26T12:30:41+08:00 ] [ log ] at779.icu/99/favicon.ico [运行时间：0.010527s][吞吐率：94.99req/s] [内存消耗：1,650.74kb] [文件加载：44]
[ error ] [8]未定义数组下标: 1

---------------------------------------------------------------
[ 2023-09-26T12:30:46+08:00 ] [ log ] at779.icu/99/index/open.html [运行时间：0.010660s][吞吐率：93.81req/s] [内存消耗：1,865.12kb] [文件加载：50]
[ error ] [8]未定义数组下标: 1

---------------------------------------------------------------
[ 2023-09-26T12:30:46+08:00 ] [ log ] at779.icu/99/index/open.html [运行时间：0.015069s][吞吐率：66.36req/s] [内存消耗：1,865.12kb] [文件加载：50]
[ error ] [8]未定义数组下标: 1

---------------------------------------------------------------
[ 2023-09-26T12:31:15+08:00 ] [ log ] at888.icu/99/ [运行时间：0.011161s][吞吐率：89.60req/s] [内存消耗：1,865.34kb] [文件加载：51]
[ error ] [8]未定义数组下标: 1

---------------------------------------------------------------
[ 2023-09-26T12:31:16+08:00 ] [ log ] at888.icu/99/favicon.ico [运行时间：0.009559s][吞吐率：104.61req/s] [内存消耗：1,650.74kb] [文件加载：44]
[ error ] [8]未定义数组下标: 1

---------------------------------------------------------------
[ 2023-09-26T12:31:18+08:00 ] [ log ] at888.icu/99/index/open.html [运行时间：0.010644s][吞吐率：93.95req/s] [内存消耗：1,865.12kb] [文件加载：50]
[ error ] [8]未定义数组下标: 1

---------------------------------------------------------------
[ 2023-09-26T12:31:27+08:00 ] [ log ] at888.icu/99/index/open.html [运行时间：0.012416s][吞吐率：80.54req/s] [内存消耗：1,865.12kb] [文件加载：50]
[ error ] [8]未定义数组下标: 1

---------------------------------------------------------------
[ 2023-09-26T12:31:39+08:00 ] [ log ] at668.icu/99/ [运行时间：0.010955s][吞吐率：91.28req/s] [内存消耗：1,864.80kb] [文件加载：51]
[ error ] [8]未定义数组下标: 1

---------------------------------------------------------------
[ 2023-09-26T12:31:40+08:00 ] [ log ] at668.icu/99/favicon.ico [运行时间：0.010020s][吞吐率：99.80req/s] [内存消耗：1,650.74kb] [文件加载：44]
[ error ] [8]未定义数组下标: 1

---------------------------------------------------------------
[ 2023-09-26T12:31:43+08:00 ] [ log ] at668.icu/99/index/open.html [运行时间：0.013931s][吞吐率：71.78req/s] [内存消耗：1,865.12kb] [文件加载：50]
[ error ] [8]未定义数组下标: 1

---------------------------------------------------------------
[ 2023-09-26T12:32:09+08:00 ] [ log ] at888.icu/99/ [运行时间：0.010550s][吞吐率：94.79req/s] [内存消耗：1,864.80kb] [文件加载：51]
[ error ] [8]未定义数组下标: 1

---------------------------------------------------------------
[ 2023-09-26T12:32:09+08:00 ] [ log ] at888.icu/99/favicon.ico [运行时间：0.010840s][吞吐率：92.25req/s] [内存消耗：1,650.74kb] [文件加载：44]
[ error ] [8]未定义数组下标: 1

---------------------------------------------------------------
[ 2023-09-26T12:32:13+08:00 ] [ log ] at888.icu/99/ [运行时间：0.010740s][吞吐率：93.11req/s] [内存消耗：1,864.80kb] [文件加载：51]
[ error ] [8]未定义数组下标: 1

---------------------------------------------------------------
[ 2023-09-26T12:32:15+08:00 ] [ log ] at888.icu/99/favicon.ico [运行时间：0.022593s][吞吐率：44.26req/s] [内存消耗：1,650.74kb] [文件加载：44]
[ error ] [8]未定义数组下标: 1

---------------------------------------------------------------
[ 2023-09-26T12:32:16+08:00 ] [ log ] at888.icu/99/index/open.html [运行时间：0.011478s][吞吐率：87.12req/s] [内存消耗：1,865.12kb] [文件加载：50]
[ error ] [8]未定义数组下标: 1

---------------------------------------------------------------
[ 2023-09-26T12:35:17+08:00 ] [ log ] at668.icu/99/ [运行时间：0.012865s][吞吐率：77.73req/s] [内存消耗：1,865.34kb] [文件加载：51]
[ error ] [8]未定义数组下标: 1

---------------------------------------------------------------
[ 2023-09-26T12:35:20+08:00 ] [ log ] at668.icu/99/favicon.ico [运行时间：0.009190s][吞吐率：108.82req/s] [内存消耗：1,650.74kb] [文件加载：44]
[ error ] [8]未定义数组下标: 1

---------------------------------------------------------------
[ 2023-09-26T12:35:22+08:00 ] [ log ] at668.icu/99/index/open.html [运行时间：0.011154s][吞吐率：89.65req/s] [内存消耗：1,865.12kb] [文件加载：50]
[ error ] [8]未定义数组下标: 1

---------------------------------------------------------------
[ 2023-09-26T12:35:46+08:00 ] [ log ] at888.icu/99/ [运行时间：0.019172s][吞吐率：52.16req/s] [内存消耗：1,864.80kb] [文件加载：51]
[ error ] [8]未定义数组下标: 1

---------------------------------------------------------------
[ 2023-09-26T12:43:04+08:00 ] [ log ] at668.icu/99/ [运行时间：0.018870s][吞吐率：52.99req/s] [内存消耗：1,864.80kb] [文件加载：51]
[ error ] [8]未定义数组下标: 1

---------------------------------------------------------------
[ 2023-09-26T12:43:04+08:00 ] [ log ] at668.icu/99/favicon.ico [运行时间：0.010163s][吞吐率：98.40req/s] [内存消耗：1,650.74kb] [文件加载：44]
[ error ] [8]未定义数组下标: 1

---------------------------------------------------------------
[ 2023-09-26T12:43:28+08:00 ] [ log ] at588.icu/99/ [运行时间：0.034699s][吞吐率：28.82req/s] [内存消耗：1,865.34kb] [文件加载：51]
[ error ] [8]未定义数组下标: 1

---------------------------------------------------------------
[ 2023-09-26T12:43:29+08:00 ] [ log ] at588.icu/99/favicon.ico [运行时间：0.015700s][吞吐率：63.69req/s] [内存消耗：1,650.74kb] [文件加载：44]
[ error ] [8]未定义数组下标: 1

---------------------------------------------------------------
[ 2023-09-26T12:43:32+08:00 ] [ log ] at588.icu/99/index/open.html [运行时间：0.011249s][吞吐率：88.90req/s] [内存消耗：1,865.12kb] [文件加载：50]
[ error ] [8]未定义数组下标: 1

---------------------------------------------------------------
[ 2023-09-26T12:52:51+08:00 ] [ log ] at588.icu/99/ [运行时间：0.011702s][吞吐率：85.46req/s] [内存消耗：1,864.80kb] [文件加载：51]
[ error ] [8]未定义数组下标: 1

---------------------------------------------------------------
[ 2023-09-26T12:52:52+08:00 ] [ log ] at588.icu/99/favicon.ico [运行时间：0.012524s][吞吐率：79.85req/s] [内存消耗：1,650.74kb] [文件加载：44]
[ error ] [8]未定义数组下标: 1

---------------------------------------------------------------
[ 2023-09-26T12:52:54+08:00 ] [ log ] at588.icu/99/index/open.html [运行时间：0.015190s][吞吐率：65.83req/s] [内存消耗：1,865.12kb] [文件加载：50]
[ error ] [8]未定义数组下标: 1

---------------------------------------------------------------
[ 2023-09-26T13:01:38+08:00 ] [ log ] at588.icu/99/ [运行时间：0.010817s][吞吐率：92.45req/s] [内存消耗：1,864.80kb] [文件加载：51]
[ error ] [8]未定义数组下标: 1

---------------------------------------------------------------
[ 2023-09-26T13:01:39+08:00 ] [ log ] at588.icu/99/favicon.ico [运行时间：0.009432s][吞吐率：106.02req/s] [内存消耗：1,650.74kb] [文件加载：44]
[ error ] [8]未定义数组下标: 1

---------------------------------------------------------------
[ 2023-09-26T13:03:53+08:00 ] [ log ] at779.icu/99/ [运行时间：0.014644s][吞吐率：68.29req/s] [内存消耗：1,864.80kb] [文件加载：51]
[ error ] [8]未定义数组下标: 1

---------------------------------------------------------------
[ 2023-09-26T13:03:56+08:00 ] [ log ] at779.icu/99/favicon.ico [运行时间：0.011884s][吞吐率：84.15req/s] [内存消耗：1,650.74kb] [文件加载：44]
[ error ] [8]未定义数组下标: 1

---------------------------------------------------------------
[ 2023-09-26T13:03:57+08:00 ] [ log ] at779.icu/99/index/open.html [运行时间：0.017676s][吞吐率：56.57req/s] [内存消耗：1,865.12kb] [文件加载：50]
[ error ] [8]未定义数组下标: 1

---------------------------------------------------------------
[ 2023-09-26T13:05:03+08:00 ] [ log ] at588.icu/99/ [运行时间：0.011044s][吞吐率：90.55req/s] [内存消耗：1,864.80kb] [文件加载：51]
[ error ] [8]未定义数组下标: 1

---------------------------------------------------------------
[ 2023-09-26T13:05:04+08:00 ] [ log ] at588.icu/99/favicon.ico [运行时间：0.014214s][吞吐率：70.35req/s] [内存消耗：1,650.74kb] [文件加载：44]
[ error ] [8]未定义数组下标: 1

---------------------------------------------------------------
[ 2023-09-26T13:05:07+08:00 ] [ log ] at588.icu/99/index/open.html [运行时间：0.011427s][吞吐率：87.51req/s] [内存消耗：1,865.12kb] [文件加载：50]
[ error ] [8]未定义数组下标: 1

---------------------------------------------------------------
[ 2023-09-26T13:28:35+08:00 ] [ log ] at668.icu/99/ [运行时间：0.011414s][吞吐率：87.61req/s] [内存消耗：1,865.34kb] [文件加载：51]
[ error ] [8]未定义数组下标: 1

---------------------------------------------------------------
[ 2023-09-26T13:28:37+08:00 ] [ log ] at668.icu/99/favicon.ico [运行时间：0.023300s][吞吐率：42.92req/s] [内存消耗：1,650.74kb] [文件加载：44]
[ error ] [8]未定义数组下标: 1

---------------------------------------------------------------
[ 2023-09-26T13:28:40+08:00 ] [ log ] at668.icu/99/index/open.html [运行时间：0.013864s][吞吐率：72.13req/s] [内存消耗：1,865.12kb] [文件加载：50]
[ error ] [8]未定义数组下标: 1

---------------------------------------------------------------
[ 2023-09-26T13:32:01+08:00 ] [ log ] at779.icu/99/ [运行时间：0.011377s][吞吐率：87.90req/s] [内存消耗：1,865.34kb] [文件加载：51]
[ error ] [8]未定义数组下标: 1

---------------------------------------------------------------
[ 2023-09-26T13:32:03+08:00 ] [ log ] at779.icu/99/favicon.ico [运行时间：0.011804s][吞吐率：84.72req/s] [内存消耗：1,650.74kb] [文件加载：44]
[ error ] [8]未定义数组下标: 1

---------------------------------------------------------------
[ 2023-09-26T13:32:28+08:00 ] [ log ] at779.icu/99/index/open.html [运行时间：0.011149s][吞吐率：89.69req/s] [内存消耗：1,865.12kb] [文件加载：50]
[ error ] [8]未定义数组下标: 1

---------------------------------------------------------------
[ 2023-09-26T13:40:56+08:00 ] [ log ] at668.icu/99/ [运行时间：0.030168s][吞吐率：33.15req/s] [内存消耗：1,864.80kb] [文件加载：51]
[ error ] [8]未定义数组下标: 1

---------------------------------------------------------------
[ 2023-09-26T13:40:57+08:00 ] [ log ] at668.icu/99/favicon.ico [运行时间：0.009523s][吞吐率：105.01req/s] [内存消耗：1,650.74kb] [文件加载：44]
[ error ] [8]未定义数组下标: 1

---------------------------------------------------------------
[ 2023-09-26T13:41:00+08:00 ] [ log ] at668.icu/99/index/open.html [运行时间：0.029040s][吞吐率：34.44req/s] [内存消耗：1,865.12kb] [文件加载：50]
[ error ] [8]未定义数组下标: 1

---------------------------------------------------------------
[ 2023-09-26T13:41:48+08:00 ] [ log ] at668.icu/99/index/open.html [运行时间：0.015510s][吞吐率：64.47req/s] [内存消耗：1,865.12kb] [文件加载：50]
[ error ] [8]未定义数组下标: 1

---------------------------------------------------------------
[ 2023-09-26T13:45:15+08:00 ] [ log ] at668.icu/99/ [运行时间：0.011371s][吞吐率：87.94req/s] [内存消耗：1,864.80kb] [文件加载：51]
[ error ] [8]未定义数组下标: 1

---------------------------------------------------------------
[ 2023-09-26T13:45:16+08:00 ] [ log ] at668.icu/99/favicon.ico [运行时间：0.018129s][吞吐率：55.16req/s] [内存消耗：1,650.74kb] [文件加载：44]
[ error ] [8]未定义数组下标: 1

---------------------------------------------------------------
[ 2023-09-26T13:45:19+08:00 ] [ log ] at668.icu/99/index/open.html [运行时间：0.014694s][吞吐率：68.06req/s] [内存消耗：1,865.12kb] [文件加载：50]
[ error ] [8]未定义数组下标: 1

---------------------------------------------------------------
[ 2023-09-26T13:48:02+08:00 ] [ log ] at668.icu/99/ [运行时间：0.010996s][吞吐率：90.94req/s] [内存消耗：1,864.80kb] [文件加载：51]
[ error ] [8]未定义数组下标: 1

---------------------------------------------------------------
[ 2023-09-26T13:48:03+08:00 ] [ log ] at668.icu/99/favicon.ico [运行时间：0.013684s][吞吐率：73.08req/s] [内存消耗：1,650.74kb] [文件加载：44]
[ error ] [8]未定义数组下标: 1

---------------------------------------------------------------
[ 2023-09-26T13:48:07+08:00 ] [ log ] at668.icu/99/index/open.html [运行时间：0.010880s][吞吐率：91.91req/s] [内存消耗：1,865.12kb] [文件加载：50]
[ error ] [8]未定义数组下标: 1

---------------------------------------------------------------
[ 2023-09-26T13:51:00+08:00 ] [ log ] at588.icu/99/ [运行时间：0.012025s][吞吐率：83.16req/s] [内存消耗：1,865.34kb] [文件加载：51]
[ error ] [8]未定义数组下标: 1

---------------------------------------------------------------
[ 2023-09-26T13:51:02+08:00 ] [ log ] at588.icu/99/favicon.ico [运行时间：0.011461s][吞吐率：87.25req/s] [内存消耗：1,650.74kb] [文件加载：44]
[ error ] [8]未定义数组下标: 1

---------------------------------------------------------------
[ 2023-09-26T15:21:19+08:00 ] [ log ] at668.icu/99/ [运行时间：0.012046s][吞吐率：83.01req/s] [内存消耗：1,865.34kb] [文件加载：51]
[ error ] [8]未定义数组下标: 1

---------------------------------------------------------------
[ 2023-09-26T15:21:21+08:00 ] [ log ] at668.icu/99/favicon.ico [运行时间：0.009845s][吞吐率：101.57req/s] [内存消耗：1,650.74kb] [文件加载：44]
[ error ] [8]未定义数组下标: 1

---------------------------------------------------------------
[ 2023-09-26T15:21:23+08:00 ] [ log ] at668.icu/99/index/open.html [运行时间：0.014021s][吞吐率：71.32req/s] [内存消耗：1,865.12kb] [文件加载：50]
[ error ] [8]未定义数组下标: 1

---------------------------------------------------------------
[ 2023-09-26T15:22:20+08:00 ] [ log ] at668.icu/99/ [运行时间：0.011427s][吞吐率：87.51req/s] [内存消耗：1,864.80kb] [文件加载：51]
[ error ] [8]未定义数组下标: 1

---------------------------------------------------------------
[ 2023-09-26T15:22:20+08:00 ] [ log ] at668.icu/99/favicon.ico [运行时间：0.009294s][吞吐率：107.60req/s] [内存消耗：1,650.74kb] [文件加载：44]
[ error ] [8]未定义数组下标: 1

---------------------------------------------------------------
[ 2023-09-26T17:02:06+08:00 ] [ log ] at668.icu/99/ [运行时间：0.011034s][吞吐率：90.63req/s] [内存消耗：1,865.34kb] [文件加载：51]
[ error ] [8]未定义数组下标: 1

---------------------------------------------------------------
[ 2023-09-26T17:02:07+08:00 ] [ log ] at668.icu/99/favicon.ico [运行时间：0.009392s][吞吐率：106.47req/s] [内存消耗：1,650.74kb] [文件加载：44]
[ error ] [8]未定义数组下标: 1

---------------------------------------------------------------
[ 2023-09-26T17:02:09+08:00 ] [ log ] at668.icu/99/index/open.html [运行时间：0.011174s][吞吐率：89.49req/s] [内存消耗：1,865.12kb] [文件加载：50]
[ error ] [8]未定义数组下标: 1

---------------------------------------------------------------
[ 2023-09-26T17:07:57+08:00 ] [ log ] at779.icu/99/ [运行时间：0.032937s][吞吐率：30.36req/s] [内存消耗：1,865.34kb] [文件加载：51]
[ error ] [8]未定义数组下标: 1

---------------------------------------------------------------
[ 2023-09-26T17:07:59+08:00 ] [ log ] at779.icu/99/favicon.ico [运行时间：0.009114s][吞吐率：109.72req/s] [内存消耗：1,650.74kb] [文件加载：44]
[ error ] [8]未定义数组下标: 1

---------------------------------------------------------------
[ 2023-09-26T17:08:02+08:00 ] [ log ] at779.icu/99/index/open.html [运行时间：0.010602s][吞吐率：94.32req/s] [内存消耗：1,865.12kb] [文件加载：50]
[ error ] [8]未定义数组下标: 1

---------------------------------------------------------------
[ 2023-09-26T17:11:22+08:00 ] [ log ] at668.icu/99/ [运行时间：0.020478s][吞吐率：48.83req/s] [内存消耗：1,864.80kb] [文件加载：51]
[ error ] [8]未定义数组下标: 1

---------------------------------------------------------------
[ 2023-09-26T17:11:24+08:00 ] [ log ] at668.icu/99/favicon.ico [运行时间：0.009892s][吞吐率：101.09req/s] [内存消耗：1,650.74kb] [文件加载：44]
[ error ] [8]未定义数组下标: 1

---------------------------------------------------------------
[ 2023-09-26T17:11:28+08:00 ] [ log ] at668.icu/99/index/open.html [运行时间：0.011008s][吞吐率：90.84req/s] [内存消耗：1,865.12kb] [文件加载：50]
[ error ] [8]未定义数组下标: 1

---------------------------------------------------------------
[ 2023-09-26T17:16:26+08:00 ] [ log ] at668.icu/99/ [运行时间：0.011661s][吞吐率：85.76req/s] [内存消耗：1,864.80kb] [文件加载：51]
[ error ] [8]未定义数组下标: 1

---------------------------------------------------------------
[ 2023-09-26T17:16:27+08:00 ] [ log ] at668.icu/99/favicon.ico [运行时间：0.009873s][吞吐率：101.29req/s] [内存消耗：1,650.74kb] [文件加载：44]
[ error ] [8]未定义数组下标: 1

---------------------------------------------------------------
[ 2023-09-26T17:16:30+08:00 ] [ log ] at668.icu/99/index/open.html [运行时间：0.010975s][吞吐率：91.12req/s] [内存消耗：1,865.12kb] [文件加载：50]
[ error ] [8]未定义数组下标: 1

---------------------------------------------------------------
[ 2023-09-26T17:52:27+08:00 ] [ log ] at588.icu/99/ [运行时间：0.011140s][吞吐率：89.77req/s] [内存消耗：1,865.34kb] [文件加载：51]
[ error ] [8]未定义数组下标: 1

---------------------------------------------------------------
[ 2023-09-26T17:52:30+08:00 ] [ log ] at588.icu/99/favicon.ico [运行时间：0.012970s][吞吐率：77.10req/s] [内存消耗：1,650.74kb] [文件加载：44]
[ error ] [8]未定义数组下标: 1

---------------------------------------------------------------
[ 2023-09-26T17:52:32+08:00 ] [ log ] at588.icu/99/index/open.html [运行时间：0.010767s][吞吐率：92.88req/s] [内存消耗：1,865.12kb] [文件加载：50]
[ error ] [8]未定义数组下标: 1

---------------------------------------------------------------
[ 2023-09-26T17:58:03+08:00 ] [ log ] at588.icu/99/ [运行时间：0.011534s][吞吐率：86.70req/s] [内存消耗：1,864.80kb] [文件加载：51]
[ error ] [8]未定义数组下标: 1

---------------------------------------------------------------
[ 2023-09-26T18:31:42+08:00 ] [ log ] at668.icu/99/ [运行时间：0.015527s][吞吐率：64.40req/s] [内存消耗：1,865.34kb] [文件加载：51]
[ error ] [8]未定义数组下标: 1

---------------------------------------------------------------
[ 2023-09-26T18:31:44+08:00 ] [ log ] at668.icu/99/favicon.ico [运行时间：0.009575s][吞吐率：104.44req/s] [内存消耗：1,650.74kb] [文件加载：44]
[ error ] [8]未定义数组下标: 1

---------------------------------------------------------------
[ 2023-09-26T18:31:47+08:00 ] [ log ] at668.icu/99/index/open.html [运行时间：0.036619s][吞吐率：27.31req/s] [内存消耗：1,865.12kb] [文件加载：50]
[ error ] [8]未定义数组下标: 1

---------------------------------------------------------------
[ 2023-09-26T18:32:12+08:00 ] [ log ] at668.icu/99/ [运行时间：0.010732s][吞吐率：93.18req/s] [内存消耗：1,864.80kb] [文件加载：51]
[ error ] [8]未定义数组下标: 1

---------------------------------------------------------------
[ 2023-09-26T18:32:13+08:00 ] [ log ] at668.icu/99/favicon.ico [运行时间：0.010091s][吞吐率：99.10req/s] [内存消耗：1,650.74kb] [文件加载：44]
[ error ] [8]未定义数组下标: 1

---------------------------------------------------------------
[ 2023-09-26T18:32:15+08:00 ] [ log ] at668.icu/99/index/open.html [运行时间：0.010947s][吞吐率：91.35req/s] [内存消耗：1,865.12kb] [文件加载：50]
[ error ] [8]未定义数组下标: 1

---------------------------------------------------------------
[ 2023-09-26T18:50:17+08:00 ] [ log ] at668.icu/99/ [运行时间：0.013788s][吞吐率：72.53req/s] [内存消耗：1,864.80kb] [文件加载：51]
[ error ] [8]未定义数组下标: 1

---------------------------------------------------------------
[ 2023-09-26T18:50:18+08:00 ] [ log ] at668.icu/99/favicon.ico [运行时间：0.013243s][吞吐率：75.51req/s] [内存消耗：1,650.74kb] [文件加载：44]
[ error ] [8]未定义数组下标: 1

---------------------------------------------------------------
[ 2023-09-26T18:50:20+08:00 ] [ log ] at668.icu/99/index/open.html [运行时间：0.010610s][吞吐率：94.25req/s] [内存消耗：1,865.12kb] [文件加载：50]
[ error ] [8]未定义数组下标: 1

---------------------------------------------------------------
[ 2023-09-26T19:11:00+08:00 ] [ log ] at566.icu/99/favicon.ico [运行时间：0.009343s][吞吐率：107.03req/s] [内存消耗：1,651.27kb] [文件加载：44]
[ error ] [8]未定义数组下标: 1

---------------------------------------------------------------
[ 2023-09-26T19:11:04+08:00 ] [ log ] at566.icu/99/favicon.ico [运行时间：0.009720s][吞吐率：102.88req/s] [内存消耗：1,650.74kb] [文件加载：44]
[ error ] [8]未定义数组下标: 1

---------------------------------------------------------------
[ 2023-09-26T19:11:06+08:00 ] [ log ] at566.icu/99/favicon.ico [运行时间：0.016164s][吞吐率：61.87req/s] [内存消耗：1,650.74kb] [文件加载：44]
[ error ] [8]未定义数组下标: 1

---------------------------------------------------------------
[ 2023-09-26T19:11:09+08:00 ] [ log ] at566.icu/99/favicon.ico [运行时间：0.009565s][吞吐率：104.55req/s] [内存消耗：1,650.74kb] [文件加载：44]
[ error ] [8]未定义数组下标: 1

---------------------------------------------------------------
[ 2023-09-26T19:11:10+08:00 ] [ log ] at566.icu/99/favicon.ico [运行时间：0.009401s][吞吐率：106.37req/s] [内存消耗：1,650.74kb] [文件加载：44]
[ error ] [8]未定义数组下标: 1

---------------------------------------------------------------
[ 2023-09-26T19:11:12+08:00 ] [ log ] at566.icu/99/favicon.ico [运行时间：0.010047s][吞吐率：99.53req/s] [内存消耗：1,650.74kb] [文件加载：44]
[ error ] [8]未定义数组下标: 1

---------------------------------------------------------------
[ 2023-09-26T19:11:16+08:00 ] [ log ] at588.icu/99/?uc_sm=1 [运行时间：0.010730s][吞吐率：93.20req/s] [内存消耗：1,865.97kb] [文件加载：51]
[ error ] [8]未定义数组下标: 1

---------------------------------------------------------------
[ 2023-09-26T19:11:16+08:00 ] [ log ] at588.icu/99/ [运行时间：0.010772s][吞吐率：92.83req/s] [内存消耗：1,865.34kb] [文件加载：51]
[ error ] [8]未定义数组下标: 1

---------------------------------------------------------------
[ 2023-09-26T19:11:17+08:00 ] [ log ] at588.icu/99/favicon.ico [运行时间：0.013336s][吞吐率：74.99req/s] [内存消耗：1,650.74kb] [文件加载：44]
[ error ] [8]未定义数组下标: 1

---------------------------------------------------------------
[ 2023-09-26T19:11:19+08:00 ] [ log ] at588.icu/99/index/open.html [运行时间：0.010629s][吞吐率：94.08req/s] [内存消耗：1,865.12kb] [文件加载：50]
[ error ] [8]未定义数组下标: 1

---------------------------------------------------------------
[ 2023-09-26T19:11:21+08:00 ] [ log ] at566.icu/99/favicon.ico [运行时间：0.012621s][吞吐率：79.23req/s] [内存消耗：1,650.74kb] [文件加载：44]
[ error ] [8]未定义数组下标: 1

---------------------------------------------------------------
[ 2023-09-26T19:30:21+08:00 ] [ log ] at588.icu/99/ [运行时间：0.019102s][吞吐率：52.35req/s] [内存消耗：1,865.34kb] [文件加载：51]
[ error ] [8]未定义数组下标: 1

---------------------------------------------------------------
[ 2023-09-26T19:30:22+08:00 ] [ log ] at588.icu/99/favicon.ico [运行时间：0.014070s][吞吐率：71.07req/s] [内存消耗：1,650.74kb] [文件加载：44]
[ error ] [8]未定义数组下标: 1

---------------------------------------------------------------
[ 2023-09-26T19:30:24+08:00 ] [ log ] at588.icu/99/index/open.html [运行时间：0.011218s][吞吐率：89.14req/s] [内存消耗：1,865.12kb] [文件加载：50]
[ error ] [8]未定义数组下标: 1

---------------------------------------------------------------
[ 2023-09-26T19:31:31+08:00 ] [ log ] at588.icu/99/ [运行时间：0.010950s][吞吐率：91.32req/s] [内存消耗：1,865.34kb] [文件加载：51]
[ error ] [8]未定义数组下标: 1

---------------------------------------------------------------
[ 2023-09-26T20:15:11+08:00 ] [ log ] at588.icu/99/?uc_sm=1 [运行时间：0.010737s][吞吐率：93.14req/s] [内存消耗：1,865.97kb] [文件加载：51]
[ error ] [8]未定义数组下标: 1

---------------------------------------------------------------
[ 2023-09-26T20:15:11+08:00 ] [ log ] at588.icu/99/ [运行时间：0.010963s][吞吐率：91.22req/s] [内存消耗：1,865.34kb] [文件加载：51]
[ error ] [8]未定义数组下标: 1

---------------------------------------------------------------
[ 2023-09-26T20:15:13+08:00 ] [ log ] at588.icu/99/favicon.ico [运行时间：0.009862s][吞吐率：101.40req/s] [内存消耗：1,650.74kb] [文件加载：44]
[ error ] [8]未定义数组下标: 1

---------------------------------------------------------------
[ 2023-09-26T20:15:15+08:00 ] [ log ] at588.icu/99/index/open.html [运行时间：0.010518s][吞吐率：95.07req/s] [内存消耗：1,865.12kb] [文件加载：50]
[ error ] [8]未定义数组下标: 1

---------------------------------------------------------------
[ 2023-09-26T20:58:13+08:00 ] [ log ] at588.icu/99/ [运行时间：0.012057s][吞吐率：82.94req/s] [内存消耗：1,865.34kb] [文件加载：51]
[ error ] [8]未定义数组下标: 1

---------------------------------------------------------------
[ 2023-09-26T20:58:21+08:00 ] [ log ] at588.icu/99/index/open.html [运行时间：0.010788s][吞吐率：92.69req/s] [内存消耗：1,865.12kb] [文件加载：50]
[ error ] [8]未定义数组下标: 1

---------------------------------------------------------------
[ 2023-09-26T20:59:06+08:00 ] [ log ] at588.icu/99/ [运行时间：0.011674s][吞吐率：85.66req/s] [内存消耗：1,864.80kb] [文件加载：51]
[ error ] [8]未定义数组下标: 1

---------------------------------------------------------------
[ 2023-09-26T20:59:06+08:00 ] [ log ] at588.icu/99/favicon.ico [运行时间：0.010311s][吞吐率：96.98req/s] [内存消耗：1,650.74kb] [文件加载：44]
[ error ] [8]未定义数组下标: 1

---------------------------------------------------------------
[ 2023-09-26T20:59:12+08:00 ] [ log ] at588.icu/99/index/open.html [运行时间：0.015701s][吞吐率：63.69req/s] [内存消耗：1,865.12kb] [文件加载：50]
[ error ] [8]未定义数组下标: 1

---------------------------------------------------------------
[ 2023-09-26T21:14:18+08:00 ] [ log ] at588.icu/99/ [运行时间：0.013822s][吞吐率：72.35req/s] [内存消耗：1,864.80kb] [文件加载：51]
[ error ] [8]未定义数组下标: 1

---------------------------------------------------------------
[ 2023-09-26T21:14:19+08:00 ] [ log ] at588.icu/99/favicon.ico [运行时间：0.011448s][吞吐率：87.35req/s] [内存消耗：1,650.74kb] [文件加载：44]
[ error ] [8]未定义数组下标: 1

---------------------------------------------------------------
[ 2023-09-26T21:14:19+08:00 ] [ log ] at588.icu/99/?uc_sm=1 [运行时间：0.011019s][吞吐率：90.75req/s] [内存消耗：1,865.44kb] [文件加载：51]
[ error ] [8]未定义数组下标: 1

---------------------------------------------------------------
[ 2023-09-26T21:14:24+08:00 ] [ log ] at588.icu/99/index/open.html [运行时间：0.010512s][吞吐率：95.13req/s] [内存消耗：1,865.12kb] [文件加载：50]
[ error ] [8]未定义数组下标: 1

---------------------------------------------------------------
[ 2023-09-26T21:26:05+08:00 ] [ log ] at588.icu/99/?uc_sm=1&from=wh10331 [运行时间：0.028034s][吞吐率：35.67req/s] [内存消耗：1,865.98kb] [文件加载：51]
[ error ] [8]未定义数组下标: 1

---------------------------------------------------------------
[ 2023-09-26T21:26:05+08:00 ] [ log ] at588.icu/99/ [运行时间：0.014017s][吞吐率：71.34req/s] [内存消耗：1,865.34kb] [文件加载：51]
[ error ] [8]未定义数组下标: 1

---------------------------------------------------------------
[ 2023-09-26T21:26:58+08:00 ] [ log ] at588.icu/99/?uc_sm=1&from=wh10331 [运行时间：0.011152s][吞吐率：89.67req/s] [内存消耗：1,865.98kb] [文件加载：51]
[ error ] [8]未定义数组下标: 1

---------------------------------------------------------------
[ 2023-09-26T21:26:59+08:00 ] [ log ] at588.icu/99/ [运行时间：0.011748s][吞吐率：85.12req/s] [内存消耗：1,865.34kb] [文件加载：51]
[ error ] [8]未定义数组下标: 1

---------------------------------------------------------------
[ 2023-09-26T21:27:14+08:00 ] [ log ] at588.icu/99/favicon.ico [运行时间：0.009820s][吞吐率：101.83req/s] [内存消耗：1,650.74kb] [文件加载：44]
[ error ] [8]未定义数组下标: 1

---------------------------------------------------------------
[ 2023-09-26T21:27:17+08:00 ] [ log ] at588.icu/99/index/open.html [运行时间：0.011239s][吞吐率：88.98req/s] [内存消耗：1,865.12kb] [文件加载：50]
[ error ] [8]未定义数组下标: 1

---------------------------------------------------------------
[ 2023-09-26T21:27:58+08:00 ] [ log ] at668.icu/99/ [运行时间：0.036647s][吞吐率：27.29req/s] [内存消耗：1,865.34kb] [文件加载：51]
[ error ] [8]未定义数组下标: 1

---------------------------------------------------------------
[ 2023-09-26T21:27:59+08:00 ] [ log ] at668.icu/99/favicon.ico [运行时间：0.009492s][吞吐率：105.35req/s] [内存消耗：1,650.74kb] [文件加载：44]
[ error ] [8]未定义数组下标: 1

---------------------------------------------------------------
[ 2023-09-26T21:28:01+08:00 ] [ log ] at668.icu/99/index/open.html [运行时间：0.015101s][吞吐率：66.22req/s] [内存消耗：1,865.12kb] [文件加载：50]
[ error ] [8]未定义数组下标: 1

---------------------------------------------------------------
[ 2023-09-26T21:29:36+08:00 ] [ log ] at588.icu/99/?uc_sm=1 [运行时间：0.010984s][吞吐率：91.04req/s] [内存消耗：1,865.97kb] [文件加载：51]
[ error ] [8]未定义数组下标: 1

---------------------------------------------------------------
[ 2023-09-26T21:29:36+08:00 ] [ log ] at588.icu/99/ [运行时间：0.011510s][吞吐率：86.88req/s] [内存消耗：1,865.34kb] [文件加载：51]
[ error ] [8]未定义数组下标: 1

---------------------------------------------------------------
[ 2023-09-26T21:29:37+08:00 ] [ log ] at588.icu/99/favicon.ico [运行时间：0.009847s][吞吐率：101.55req/s] [内存消耗：1,650.74kb] [文件加载：44]
[ error ] [8]未定义数组下标: 1

---------------------------------------------------------------
[ 2023-09-26T21:29:39+08:00 ] [ log ] at588.icu/99/index/open.html [运行时间：0.013771s][吞吐率：72.62req/s] [内存消耗：1,865.12kb] [文件加载：50]
[ error ] [8]未定义数组下标: 1

---------------------------------------------------------------
[ 2023-09-26T21:37:27+08:00 ] [ log ] at668.icu/99/ [运行时间：0.015420s][吞吐率：64.85req/s] [内存消耗：1,865.34kb] [文件加载：51]
[ error ] [8]未定义数组下标: 1

---------------------------------------------------------------
[ 2023-09-26T21:37:28+08:00 ] [ log ] at668.icu/99/favicon.ico [运行时间：0.013889s][吞吐率：72.00req/s] [内存消耗：1,650.74kb] [文件加载：44]
[ error ] [8]未定义数组下标: 1

---------------------------------------------------------------
[ 2023-09-26T21:37:31+08:00 ] [ log ] at668.icu/99/index/open.html [运行时间：0.014076s][吞吐率：71.04req/s] [内存消耗：1,865.12kb] [文件加载：50]
[ error ] [8]未定义数组下标: 1

---------------------------------------------------------------
[ 2023-09-26T21:59:06+08:00 ] [ log ] at588.icu/99/ [运行时间：0.011377s][吞吐率：87.90req/s] [内存消耗：1,865.34kb] [文件加载：51]
[ error ] [8]未定义数组下标: 1

---------------------------------------------------------------
[ 2023-09-26T21:59:07+08:00 ] [ log ] at588.icu/99/favicon.ico [运行时间：0.009703s][吞吐率：103.06req/s] [内存消耗：1,651.27kb] [文件加载：44]
[ error ] [8]未定义数组下标: 1

---------------------------------------------------------------
[ 2023-09-26T21:59:08+08:00 ] [ log ] at588.icu/99/ [运行时间：0.011358s][吞吐率：88.05req/s] [内存消耗：1,857.63kb] [文件加载：48]
[ error ] [8]Undefined offset: 1

---------------------------------------------------------------
[ 2023-09-26T21:59:13+08:00 ] [ log ] at588.icu/99/index/open.html [运行时间：0.010549s][吞吐率：94.80req/s] [内存消耗：1,865.12kb] [文件加载：50]
[ error ] [8]未定义数组下标: 1

---------------------------------------------------------------
[ 2023-09-26T23:42:08+08:00 ] [ log ] at588.icu/99/ [运行时间：0.040421s][吞吐率：24.74req/s] [内存消耗：1,857.63kb] [文件加载：48]
[ error ] [8]Undefined offset: 1

---------------------------------------------------------------
