[ 2023-09-27T00:59:54+08:00 ] [ log ] at588.icu/99/ [运行时间：0.011323s][吞吐率：88.32req/s] [内存消耗：1,857.63kb] [文件加载：48]
[ error ] [8]Undefined offset: 1

---------------------------------------------------------------
[ 2023-09-27T08:14:50+08:00 ] [ log ] at555.icu/99/ [运行时间：0.014879s][吞吐率：67.21req/s] [内存消耗：1,857.63kb] [文件加载：48]
[ error ] [8]Undefined offset: 1

---------------------------------------------------------------
[ 2023-09-27T08:14:52+08:00 ] [ log ] at555.icu/99/favicon.ico [运行时间：0.009666s][吞吐率：103.46req/s] [内存消耗：1,650.77kb] [文件加载：44]
[ error ] [8]未定义数组下标: 1

---------------------------------------------------------------
[ 2023-09-27T09:30:14+08:00 ] [ log ] at668.icu/99/ [运行时间：0.028167s][吞吐率：35.50req/s] [内存消耗：1,865.34kb] [文件加载：51]
[ error ] [8]未定义数组下标: 1

---------------------------------------------------------------
[ 2023-09-27T09:30:15+08:00 ] [ log ] at668.icu/99/favicon.ico [运行时间：0.032059s][吞吐率：31.19req/s] [内存消耗：1,650.74kb] [文件加载：44]
[ error ] [8]未定义数组下标: 1

---------------------------------------------------------------
[ 2023-09-27T09:30:17+08:00 ] [ log ] at668.icu/99/index/open.html [运行时间：0.024652s][吞吐率：40.56req/s] [内存消耗：1,865.12kb] [文件加载：50]
[ error ] [8]未定义数组下标: 1

---------------------------------------------------------------
[ 2023-09-27T09:40:56+08:00 ] [ log ] at668.icu/99/ [运行时间：0.011181s][吞吐率：89.44req/s] [内存消耗：1,864.80kb] [文件加载：51]
[ error ] [8]未定义数组下标: 1

---------------------------------------------------------------
[ 2023-09-27T09:40:57+08:00 ] [ log ] at668.icu/99/favicon.ico [运行时间：0.009865s][吞吐率：101.37req/s] [内存消耗：1,650.74kb] [文件加载：44]
[ error ] [8]未定义数组下标: 1

---------------------------------------------------------------
[ 2023-09-27T09:40:59+08:00 ] [ log ] at668.icu/99/index/open.html [运行时间：0.014153s][吞吐率：70.66req/s] [内存消耗：1,865.12kb] [文件加载：50]
[ error ] [8]未定义数组下标: 1

---------------------------------------------------------------
[ 2023-09-27T09:46:09+08:00 ] [ log ] at668.icu/99/ [运行时间：0.011293s][吞吐率：88.55req/s] [内存消耗：1,864.80kb] [文件加载：51]
[ error ] [8]未定义数组下标: 1

---------------------------------------------------------------
[ 2023-09-27T09:46:11+08:00 ] [ log ] at668.icu/99/favicon.ico [运行时间：0.009562s][吞吐率：104.58req/s] [内存消耗：1,650.74kb] [文件加载：44]
[ error ] [8]未定义数组下标: 1

---------------------------------------------------------------
[ 2023-09-27T09:46:15+08:00 ] [ log ] at668.icu/99/index/open.html [运行时间：0.011357s][吞吐率：88.05req/s] [内存消耗：1,865.12kb] [文件加载：50]
[ error ] [8]未定义数组下标: 1

---------------------------------------------------------------
[ 2023-09-27T09:47:57+08:00 ] [ log ] at668.icu/99/ [运行时间：0.011561s][吞吐率：86.50req/s] [内存消耗：1,864.80kb] [文件加载：51]
[ error ] [8]未定义数组下标: 1

---------------------------------------------------------------
[ 2023-09-27T09:47:58+08:00 ] [ log ] at668.icu/99/favicon.ico [运行时间：0.009517s][吞吐率：105.08req/s] [内存消耗：1,650.74kb] [文件加载：44]
[ error ] [8]未定义数组下标: 1

---------------------------------------------------------------
[ 2023-09-27T09:48:02+08:00 ] [ log ] at668.icu/99/index/open.html [运行时间：0.025658s][吞吐率：38.97req/s] [内存消耗：1,865.12kb] [文件加载：50]
[ error ] [8]未定义数组下标: 1

---------------------------------------------------------------
[ 2023-09-27T09:48:28+08:00 ] [ log ] at668.icu/99/ [运行时间：0.010720s][吞吐率：93.28req/s] [内存消耗：1,864.80kb] [文件加载：51]
[ error ] [8]未定义数组下标: 1

---------------------------------------------------------------
[ 2023-09-27T09:48:29+08:00 ] [ log ] at668.icu/99/favicon.ico [运行时间：0.011259s][吞吐率：88.82req/s] [内存消耗：1,650.74kb] [文件加载：44]
[ error ] [8]未定义数组下标: 1

---------------------------------------------------------------
[ 2023-09-27T09:48:31+08:00 ] [ log ] at668.icu/99/index/open.html [运行时间：0.010534s][吞吐率：94.93req/s] [内存消耗：1,865.12kb] [文件加载：50]
[ error ] [8]未定义数组下标: 1

---------------------------------------------------------------
[ 2023-09-27T09:56:49+08:00 ] [ log ] at668.icu/99/ [运行时间：0.010864s][吞吐率：92.05req/s] [内存消耗：1,864.80kb] [文件加载：51]
[ error ] [8]未定义数组下标: 1

---------------------------------------------------------------
[ 2023-09-27T09:56:50+08:00 ] [ log ] at668.icu/99/favicon.ico [运行时间：0.009786s][吞吐率：102.19req/s] [内存消耗：1,650.74kb] [文件加载：44]
[ error ] [8]未定义数组下标: 1

---------------------------------------------------------------
[ 2023-09-27T09:56:52+08:00 ] [ log ] at668.icu/99/index/open.html [运行时间：0.017645s][吞吐率：56.67req/s] [内存消耗：1,865.12kb] [文件加载：50]
[ error ] [8]未定义数组下标: 1

---------------------------------------------------------------
[ 2023-09-27T09:57:28+08:00 ] [ log ] at668.icu/99/ [运行时间：0.011025s][吞吐率：90.70req/s] [内存消耗：1,864.80kb] [文件加载：51]
[ error ] [8]未定义数组下标: 1

---------------------------------------------------------------
[ 2023-09-27T09:57:30+08:00 ] [ log ] at668.icu/99/favicon.ico [运行时间：0.010075s][吞吐率：99.25req/s] [内存消耗：1,650.74kb] [文件加载：44]
[ error ] [8]未定义数组下标: 1

---------------------------------------------------------------
[ 2023-09-27T09:57:31+08:00 ] [ log ] at668.icu/99/index/open.html [运行时间：0.010766s][吞吐率：92.88req/s] [内存消耗：1,865.12kb] [文件加载：50]
[ error ] [8]未定义数组下标: 1

---------------------------------------------------------------
[ 2023-09-27T09:58:21+08:00 ] [ log ] at668.icu/99/ [运行时间：0.011129s][吞吐率：89.85req/s] [内存消耗：1,864.80kb] [文件加载：51]
[ error ] [8]未定义数组下标: 1

---------------------------------------------------------------
[ 2023-09-27T09:58:22+08:00 ] [ log ] at668.icu/99/favicon.ico [运行时间：0.013050s][吞吐率：76.63req/s] [内存消耗：1,650.74kb] [文件加载：44]
[ error ] [8]未定义数组下标: 1

---------------------------------------------------------------
[ 2023-09-27T09:58:24+08:00 ] [ log ] at668.icu/99/index/open.html [运行时间：0.017865s][吞吐率：55.98req/s] [内存消耗：1,865.12kb] [文件加载：50]
[ error ] [8]未定义数组下标: 1

---------------------------------------------------------------
[ 2023-09-27T10:03:06+08:00 ] [ log ] at668.icu/99/ [运行时间：0.030965s][吞吐率：32.29req/s] [内存消耗：1,864.80kb] [文件加载：51]
[ error ] [8]未定义数组下标: 1

---------------------------------------------------------------
[ 2023-09-27T10:03:07+08:00 ] [ log ] at668.icu/99/favicon.ico [运行时间：0.009409s][吞吐率：106.28req/s] [内存消耗：1,650.74kb] [文件加载：44]
[ error ] [8]未定义数组下标: 1

---------------------------------------------------------------
[ 2023-09-27T10:03:09+08:00 ] [ log ] at668.icu/99/index/open.html [运行时间：0.010501s][吞吐率：95.23req/s] [内存消耗：1,865.12kb] [文件加载：50]
[ error ] [8]未定义数组下标: 1

---------------------------------------------------------------
[ 2023-09-27T10:07:18+08:00 ] [ log ] at668.icu/99/ [运行时间：0.025756s][吞吐率：38.83req/s] [内存消耗：1,864.80kb] [文件加载：51]
[ error ] [8]未定义数组下标: 1

---------------------------------------------------------------
[ 2023-09-27T10:07:19+08:00 ] [ log ] at668.icu/99/favicon.ico [运行时间：0.009857s][吞吐率：101.45req/s] [内存消耗：1,650.74kb] [文件加载：44]
[ error ] [8]未定义数组下标: 1

---------------------------------------------------------------
[ 2023-09-27T10:07:21+08:00 ] [ log ] at668.icu/99/index/open.html [运行时间：0.014252s][吞吐率：70.17req/s] [内存消耗：1,865.12kb] [文件加载：50]
[ error ] [8]未定义数组下标: 1

---------------------------------------------------------------
[ 2023-09-27T10:17:26+08:00 ] [ log ] at588.icu/99/?uc_sm=1 [运行时间：0.010837s][吞吐率：92.28req/s] [内存消耗：1,865.97kb] [文件加载：51]
[ error ] [8]未定义数组下标: 1

---------------------------------------------------------------
[ 2023-09-27T10:17:26+08:00 ] [ log ] at588.icu/99/ [运行时间：0.010642s][吞吐率：93.97req/s] [内存消耗：1,865.34kb] [文件加载：51]
[ error ] [8]未定义数组下标: 1

---------------------------------------------------------------
[ 2023-09-27T10:17:27+08:00 ] [ log ] at588.icu/99/favicon.ico [运行时间：0.010255s][吞吐率：97.51req/s] [内存消耗：1,650.74kb] [文件加载：44]
[ error ] [8]未定义数组下标: 1

---------------------------------------------------------------
[ 2023-09-27T10:17:29+08:00 ] [ log ] at588.icu/99/index/open.html [运行时间：0.013370s][吞吐率：74.80req/s] [内存消耗：1,865.12kb] [文件加载：50]
[ error ] [8]未定义数组下标: 1

---------------------------------------------------------------
[ 2023-09-27T10:56:39+08:00 ] [ log ] at588.icu/99/?uc_sm=1 [运行时间：0.011130s][吞吐率：89.85req/s] [内存消耗：1,865.44kb] [文件加载：51]
[ error ] [8]未定义数组下标: 1

---------------------------------------------------------------
[ 2023-09-27T10:56:39+08:00 ] [ log ] at588.icu/99/ [运行时间：0.013493s][吞吐率：74.11req/s] [内存消耗：1,864.80kb] [文件加载：51]
[ error ] [8]未定义数组下标: 1

---------------------------------------------------------------
[ 2023-09-27T10:56:40+08:00 ] [ log ] at588.icu/99/favicon.ico [运行时间：0.009646s][吞吐率：103.67req/s] [内存消耗：1,650.74kb] [文件加载：44]
[ error ] [8]未定义数组下标: 1

---------------------------------------------------------------
[ 2023-09-27T10:56:43+08:00 ] [ log ] at588.icu/99/index/open.html [运行时间：0.010993s][吞吐率：90.97req/s] [内存消耗：1,865.12kb] [文件加载：50]
[ error ] [8]未定义数组下标: 1

---------------------------------------------------------------
[ 2023-09-27T10:57:03+08:00 ] [ log ] at668.icu/99/ [运行时间：0.012207s][吞吐率：81.92req/s] [内存消耗：1,865.34kb] [文件加载：51]
[ error ] [8]未定义数组下标: 1

---------------------------------------------------------------
[ 2023-09-27T10:57:06+08:00 ] [ log ] at668.icu/99/favicon.ico [运行时间：0.014033s][吞吐率：71.26req/s] [内存消耗：1,650.74kb] [文件加载：44]
[ error ] [8]未定义数组下标: 1

---------------------------------------------------------------
[ 2023-09-27T10:57:09+08:00 ] [ log ] at668.icu/99/index/open.html [运行时间：0.011708s][吞吐率：85.41req/s] [内存消耗：1,865.12kb] [文件加载：50]
[ error ] [8]未定义数组下标: 1

---------------------------------------------------------------
[ 2023-09-27T11:19:25+08:00 ] [ log ] at588.icu/99/?uc_sm=1 [运行时间：0.011021s][吞吐率：90.73req/s] [内存消耗：1,865.97kb] [文件加载：51]
[ error ] [8]未定义数组下标: 1

---------------------------------------------------------------
[ 2023-09-27T11:19:25+08:00 ] [ log ] at588.icu/99/ [运行时间：0.010527s][吞吐率：94.99req/s] [内存消耗：1,865.34kb] [文件加载：51]
[ error ] [8]未定义数组下标: 1

---------------------------------------------------------------
[ 2023-09-27T11:19:28+08:00 ] [ log ] at588.icu/99/favicon.ico [运行时间：0.009464s][吞吐率：105.66req/s] [内存消耗：1,650.74kb] [文件加载：44]
[ error ] [8]未定义数组下标: 1

---------------------------------------------------------------
[ 2023-09-27T11:19:31+08:00 ] [ log ] at588.icu/99/index/open.html [运行时间：0.015686s][吞吐率：63.75req/s] [内存消耗：1,865.12kb] [文件加载：50]
[ error ] [8]未定义数组下标: 1

---------------------------------------------------------------
[ 2023-09-27T11:33:25+08:00 ] [ log ] at588.icu/99/?uc_sm=1 [运行时间：0.012054s][吞吐率：82.96req/s] [内存消耗：1,865.97kb] [文件加载：51]
[ error ] [8]未定义数组下标: 1

---------------------------------------------------------------
[ 2023-09-27T11:33:25+08:00 ] [ log ] at588.icu/99/ [运行时间：0.011176s][吞吐率：89.48req/s] [内存消耗：1,865.34kb] [文件加载：51]
[ error ] [8]未定义数组下标: 1

---------------------------------------------------------------
[ 2023-09-27T11:33:26+08:00 ] [ log ] at588.icu/99/favicon.ico [运行时间：0.009410s][吞吐率：106.27req/s] [内存消耗：1,650.74kb] [文件加载：44]
[ error ] [8]未定义数组下标: 1

---------------------------------------------------------------
[ 2023-09-27T11:33:28+08:00 ] [ log ] at588.icu/99/index/open.html [运行时间：0.014810s][吞吐率：67.52req/s] [内存消耗：1,865.12kb] [文件加载：50]
[ error ] [8]未定义数组下标: 1

---------------------------------------------------------------
[ 2023-09-27T11:51:42+08:00 ] [ log ] at588.icu/99/ [运行时间：0.011324s][吞吐率：88.31req/s] [内存消耗：1,865.34kb] [文件加载：51]
[ error ] [8]未定义数组下标: 1

---------------------------------------------------------------
[ 2023-09-27T11:51:43+08:00 ] [ log ] at588.icu/99/favicon.ico [运行时间：0.009825s][吞吐率：101.78req/s] [内存消耗：1,650.74kb] [文件加载：44]
[ error ] [8]未定义数组下标: 1

---------------------------------------------------------------
[ 2023-09-27T11:51:46+08:00 ] [ log ] at588.icu/99/index/open.html [运行时间：0.010797s][吞吐率：92.62req/s] [内存消耗：1,865.12kb] [文件加载：50]
[ error ] [8]未定义数组下标: 1

---------------------------------------------------------------
[ 2023-09-27T11:59:49+08:00 ] [ log ] at668.icu/99/ [运行时间：0.010826s][吞吐率：92.37req/s] [内存消耗：1,865.34kb] [文件加载：51]
[ error ] [8]未定义数组下标: 1

---------------------------------------------------------------
[ 2023-09-27T11:59:50+08:00 ] [ log ] at668.icu/99/favicon.ico [运行时间：0.009256s][吞吐率：108.04req/s] [内存消耗：1,650.74kb] [文件加载：44]
[ error ] [8]未定义数组下标: 1

---------------------------------------------------------------
[ 2023-09-27T11:59:53+08:00 ] [ log ] at668.icu/99/index/open.html [运行时间：0.010967s][吞吐率：91.18req/s] [内存消耗：1,865.12kb] [文件加载：50]
[ error ] [8]未定义数组下标: 1

---------------------------------------------------------------
[ 2023-09-27T12:03:55+08:00 ] [ log ] at888.icu/99/ [运行时间：0.010809s][吞吐率：92.52req/s] [内存消耗：1,865.34kb] [文件加载：51]
[ error ] [8]未定义数组下标: 1

---------------------------------------------------------------
[ 2023-09-27T12:04:02+08:00 ] [ log ] at888.icu/99/favicon.ico [运行时间：0.015433s][吞吐率：64.80req/s] [内存消耗：1,650.74kb] [文件加载：44]
[ error ] [8]未定义数组下标: 1

---------------------------------------------------------------
[ 2023-09-27T12:04:32+08:00 ] [ log ] at888.icu/99/ [运行时间：0.011094s][吞吐率：90.14req/s] [内存消耗：1,864.80kb] [文件加载：51]
[ error ] [8]未定义数组下标: 1

---------------------------------------------------------------
[ 2023-09-27T12:04:35+08:00 ] [ log ] at888.icu/99/favicon.ico [运行时间：0.010405s][吞吐率：96.11req/s] [内存消耗：1,650.74kb] [文件加载：44]
[ error ] [8]未定义数组下标: 1

---------------------------------------------------------------
[ 2023-09-27T12:09:55+08:00 ] [ log ] at668.icu/99/ [运行时间：0.010838s][吞吐率：92.27req/s] [内存消耗：1,865.34kb] [文件加载：51]
[ error ] [8]未定义数组下标: 1

---------------------------------------------------------------
[ 2023-09-27T12:09:55+08:00 ] [ log ] at668.icu/99/favicon.ico [运行时间：0.009520s][吞吐率：105.04req/s] [内存消耗：1,650.74kb] [文件加载：44]
[ error ] [8]未定义数组下标: 1

---------------------------------------------------------------
[ 2023-09-27T12:09:58+08:00 ] [ log ] at668.icu/99/index/open.html [运行时间：0.039466s][吞吐率：25.34req/s] [内存消耗：1,865.12kb] [文件加载：50]
[ error ] [8]未定义数组下标: 1

---------------------------------------------------------------
[ 2023-09-27T12:28:14+08:00 ] [ log ] at588.icu/99/index/open.html [运行时间：0.010817s][吞吐率：92.45req/s] [内存消耗：1,865.15kb] [文件加载：50]
[ error ] [8]未定义数组下标: 1

---------------------------------------------------------------
[ 2023-09-27T12:35:13+08:00 ] [ log ] at588.icu/99/ [运行时间：0.010965s][吞吐率：91.20req/s] [内存消耗：1,865.34kb] [文件加载：51]
[ error ] [8]未定义数组下标: 1

---------------------------------------------------------------
[ 2023-09-27T12:35:14+08:00 ] [ log ] at588.icu/99/favicon.ico [运行时间：0.012633s][吞吐率：79.16req/s] [内存消耗：1,650.74kb] [文件加载：44]
[ error ] [8]未定义数组下标: 1

---------------------------------------------------------------
[ 2023-09-27T12:35:17+08:00 ] [ log ] at588.icu/99/index/open.html [运行时间：0.010645s][吞吐率：93.94req/s] [内存消耗：1,865.12kb] [文件加载：50]
[ error ] [8]未定义数组下标: 1

---------------------------------------------------------------
[ 2023-09-27T13:08:46+08:00 ] [ log ] at668.icu/99/ [运行时间：0.011101s][吞吐率：90.08req/s] [内存消耗：1,864.80kb] [文件加载：51]
[ error ] [8]未定义数组下标: 1

---------------------------------------------------------------
[ 2023-09-27T13:08:48+08:00 ] [ log ] at668.icu/99/favicon.ico [运行时间：0.027932s][吞吐率：35.80req/s] [内存消耗：1,650.74kb] [文件加载：44]
[ error ] [8]未定义数组下标: 1

---------------------------------------------------------------
[ 2023-09-27T13:08:51+08:00 ] [ log ] at668.icu/99/index/open.html [运行时间：0.013500s][吞吐率：74.07req/s] [内存消耗：1,865.12kb] [文件加载：50]
[ error ] [8]未定义数组下标: 1

---------------------------------------------------------------
[ 2023-09-27T13:14:56+08:00 ] [ log ] at668.icu/99/ [运行时间：0.014059s][吞吐率：71.13req/s] [内存消耗：1,865.34kb] [文件加载：51]
[ error ] [8]未定义数组下标: 1

---------------------------------------------------------------
[ 2023-09-27T13:14:57+08:00 ] [ log ] at668.icu/99/favicon.ico [运行时间：0.009636s][吞吐率：103.78req/s] [内存消耗：1,650.74kb] [文件加载：44]
[ error ] [8]未定义数组下标: 1

---------------------------------------------------------------
[ 2023-09-27T13:14:59+08:00 ] [ log ] at668.icu/99/index/open.html [运行时间：0.011092s][吞吐率：90.16req/s] [内存消耗：1,865.12kb] [文件加载：50]
[ error ] [8]未定义数组下标: 1

---------------------------------------------------------------
[ 2023-09-27T13:22:30+08:00 ] [ log ] at668.icu/99/ [运行时间：0.010871s][吞吐率：91.99req/s] [内存消耗：1,864.80kb] [文件加载：51]
[ error ] [8]未定义数组下标: 1

---------------------------------------------------------------
[ 2023-09-27T13:22:31+08:00 ] [ log ] at668.icu/99/favicon.ico [运行时间：0.013160s][吞吐率：75.99req/s] [内存消耗：1,650.74kb] [文件加载：44]
[ error ] [8]未定义数组下标: 1

---------------------------------------------------------------
[ 2023-09-27T13:23:55+08:00 ] [ log ] at668.icu/99/ [运行时间：0.015049s][吞吐率：66.45req/s] [内存消耗：1,864.80kb] [文件加载：51]
[ error ] [8]未定义数组下标: 1

---------------------------------------------------------------
[ 2023-09-27T13:23:56+08:00 ] [ log ] at668.icu/99/favicon.ico [运行时间：0.009195s][吞吐率：108.75req/s] [内存消耗：1,650.74kb] [文件加载：44]
[ error ] [8]未定义数组下标: 1

---------------------------------------------------------------
[ 2023-09-27T13:23:57+08:00 ] [ log ] at668.icu/99/index/open.html [运行时间：0.014482s][吞吐率：69.05req/s] [内存消耗：1,865.12kb] [文件加载：50]
[ error ] [8]未定义数组下标: 1

---------------------------------------------------------------
[ 2023-09-27T13:41:05+08:00 ] [ log ] at668.icu/99/ [运行时间：0.010912s][吞吐率：91.64req/s] [内存消耗：1,864.80kb] [文件加载：51]
[ error ] [8]未定义数组下标: 1

---------------------------------------------------------------
[ 2023-09-27T13:41:07+08:00 ] [ log ] at668.icu/99/favicon.ico [运行时间：0.009388s][吞吐率：106.52req/s] [内存消耗：1,650.74kb] [文件加载：44]
[ error ] [8]未定义数组下标: 1

---------------------------------------------------------------
[ 2023-09-27T13:41:10+08:00 ] [ log ] at668.icu/99/index/open.html [运行时间：0.014518s][吞吐率：68.88req/s] [内存消耗：1,865.12kb] [文件加载：50]
[ error ] [8]未定义数组下标: 1

---------------------------------------------------------------
[ 2023-09-27T13:44:02+08:00 ] [ log ] at588.icu/99/ [运行时间：0.010914s][吞吐率：91.62req/s] [内存消耗：1,865.34kb] [文件加载：51]
[ error ] [8]未定义数组下标: 1

---------------------------------------------------------------
[ 2023-09-27T13:44:03+08:00 ] [ log ] at588.icu/99/favicon.ico [运行时间：0.009272s][吞吐率：107.85req/s] [内存消耗：1,650.74kb] [文件加载：44]
[ error ] [8]未定义数组下标: 1

---------------------------------------------------------------
[ 2023-09-27T13:45:36+08:00 ] [ log ] at668.icu/99/ [运行时间：0.011197s][吞吐率：89.31req/s] [内存消耗：1,864.80kb] [文件加载：51]
[ error ] [8]未定义数组下标: 1

---------------------------------------------------------------
[ 2023-09-27T13:45:36+08:00 ] [ log ] at668.icu/99/favicon.ico [运行时间：0.009260s][吞吐率：107.99req/s] [内存消耗：1,650.74kb] [文件加载：44]
[ error ] [8]未定义数组下标: 1

---------------------------------------------------------------
[ 2023-09-27T13:46:26+08:00 ] [ log ] at668.icu/99/ [运行时间：0.015480s][吞吐率：64.60req/s] [内存消耗：1,864.80kb] [文件加载：51]
[ error ] [8]未定义数组下标: 1

---------------------------------------------------------------
[ 2023-09-27T13:46:28+08:00 ] [ log ] at668.icu/99/favicon.ico [运行时间：0.009343s][吞吐率：107.03req/s] [内存消耗：1,650.74kb] [文件加载：44]
[ error ] [8]未定义数组下标: 1

---------------------------------------------------------------
[ 2023-09-27T13:46:31+08:00 ] [ log ] at668.icu/99/index/open.html [运行时间：0.017494s][吞吐率：57.16req/s] [内存消耗：1,865.12kb] [文件加载：50]
[ error ] [8]未定义数组下标: 1

---------------------------------------------------------------
[ 2023-09-27T13:48:10+08:00 ] [ log ] at668.icu/99/ [运行时间：0.010766s][吞吐率：92.88req/s] [内存消耗：1,864.80kb] [文件加载：51]
[ error ] [8]未定义数组下标: 1

---------------------------------------------------------------
[ 2023-09-27T13:48:11+08:00 ] [ log ] at668.icu/99/favicon.ico [运行时间：0.010136s][吞吐率：98.66req/s] [内存消耗：1,650.74kb] [文件加载：44]
[ error ] [8]未定义数组下标: 1

---------------------------------------------------------------
[ 2023-09-27T13:48:34+08:00 ] [ log ] at668.icu/99/ [运行时间：0.011097s][吞吐率：90.11req/s] [内存消耗：1,864.80kb] [文件加载：51]
[ error ] [8]未定义数组下标: 1

---------------------------------------------------------------
[ 2023-09-27T13:48:34+08:00 ] [ log ] at668.icu/99/favicon.ico [运行时间：0.010421s][吞吐率：95.96req/s] [内存消耗：1,650.74kb] [文件加载：44]
[ error ] [8]未定义数组下标: 1

---------------------------------------------------------------
[ 2023-09-27T13:48:36+08:00 ] [ log ] at668.icu/99/index/open.html [运行时间：0.010722s][吞吐率：93.27req/s] [内存消耗：1,865.12kb] [文件加载：50]
[ error ] [8]未定义数组下标: 1

---------------------------------------------------------------
[ 2023-09-27T13:51:49+08:00 ] [ log ] at668.icu/99/ [运行时间：0.011554s][吞吐率：86.55req/s] [内存消耗：1,864.80kb] [文件加载：51]
[ error ] [8]未定义数组下标: 1

---------------------------------------------------------------
[ 2023-09-27T13:51:50+08:00 ] [ log ] at668.icu/99/favicon.ico [运行时间：0.029172s][吞吐率：34.28req/s] [内存消耗：1,650.74kb] [文件加载：44]
[ error ] [8]未定义数组下标: 1

---------------------------------------------------------------
[ 2023-09-27T13:51:54+08:00 ] [ log ] at668.icu/99/index/open.html [运行时间：0.010587s][吞吐率：94.46req/s] [内存消耗：1,865.12kb] [文件加载：50]
[ error ] [8]未定义数组下标: 1

---------------------------------------------------------------
[ 2023-09-27T13:54:13+08:00 ] [ log ] at668.icu/99/ [运行时间：0.011373s][吞吐率：87.93req/s] [内存消耗：1,864.80kb] [文件加载：51]
[ error ] [8]未定义数组下标: 1

---------------------------------------------------------------
[ 2023-09-27T13:54:15+08:00 ] [ log ] at668.icu/99/favicon.ico [运行时间：0.009298s][吞吐率：107.55req/s] [内存消耗：1,650.74kb] [文件加载：44]
[ error ] [8]未定义数组下标: 1

---------------------------------------------------------------
[ 2023-09-27T13:55:44+08:00 ] [ log ] at668.icu/99/ [运行时间：0.010886s][吞吐率：91.86req/s] [内存消耗：1,864.80kb] [文件加载：51]
[ error ] [8]未定义数组下标: 1

---------------------------------------------------------------
[ 2023-09-27T13:55:44+08:00 ] [ log ] at668.icu/99/favicon.ico [运行时间：0.009378s][吞吐率：106.63req/s] [内存消耗：1,650.74kb] [文件加载：44]
[ error ] [8]未定义数组下标: 1

---------------------------------------------------------------
[ 2023-09-27T13:55:52+08:00 ] [ log ] at668.icu/99/index/open.html [运行时间：0.010847s][吞吐率：92.19req/s] [内存消耗：1,865.12kb] [文件加载：50]
[ error ] [8]未定义数组下标: 1

---------------------------------------------------------------
[ 2023-09-27T14:34:19+08:00 ] [ log ] at668.icu/99/ [运行时间：0.011058s][吞吐率：90.43req/s] [内存消耗：1,865.34kb] [文件加载：51]
[ error ] [8]未定义数组下标: 1

---------------------------------------------------------------
[ 2023-09-27T14:34:20+08:00 ] [ log ] at668.icu/99/favicon.ico [运行时间：0.009943s][吞吐率：100.57req/s] [内存消耗：1,650.74kb] [文件加载：44]
[ error ] [8]未定义数组下标: 1

---------------------------------------------------------------
[ 2023-09-27T14:34:22+08:00 ] [ log ] at668.icu/99/index/open.html [运行时间：0.012636s][吞吐率：79.14req/s] [内存消耗：1,865.12kb] [文件加载：50]
[ error ] [8]未定义数组下标: 1

---------------------------------------------------------------
[ 2023-09-27T14:56:50+08:00 ] [ log ] at668.icu/99/ [运行时间：0.010663s][吞吐率：93.78req/s] [内存消耗：1,864.80kb] [文件加载：51]
[ error ] [8]未定义数组下标: 1

---------------------------------------------------------------
[ 2023-09-27T14:56:51+08:00 ] [ log ] at668.icu/99/favicon.ico [运行时间：0.010192s][吞吐率：98.11req/s] [内存消耗：1,650.74kb] [文件加载：44]
[ error ] [8]未定义数组下标: 1

---------------------------------------------------------------
[ 2023-09-27T14:56:53+08:00 ] [ log ] at668.icu/99/index/open.html [运行时间：0.027080s][吞吐率：36.93req/s] [内存消耗：1,865.12kb] [文件加载：50]
[ error ] [8]未定义数组下标: 1

---------------------------------------------------------------
[ 2023-09-27T14:58:04+08:00 ] [ log ] at668.icu/99/ [运行时间：0.010718s][吞吐率：93.30req/s] [内存消耗：1,864.80kb] [文件加载：51]
[ error ] [8]未定义数组下标: 1

---------------------------------------------------------------
[ 2023-09-27T14:58:04+08:00 ] [ log ] at668.icu/99/favicon.ico [运行时间：0.009404s][吞吐率：106.34req/s] [内存消耗：1,650.74kb] [文件加载：44]
[ error ] [8]未定义数组下标: 1

---------------------------------------------------------------
[ 2023-09-27T14:58:07+08:00 ] [ log ] at668.icu/99/index/open.html [运行时间：0.010710s][吞吐率：93.37req/s] [内存消耗：1,865.12kb] [文件加载：50]
[ error ] [8]未定义数组下标: 1

---------------------------------------------------------------
[ 2023-09-27T15:00:08+08:00 ] [ log ] at668.icu/99/ [运行时间：0.027897s][吞吐率：35.85req/s] [内存消耗：1,864.80kb] [文件加载：51]
[ error ] [8]未定义数组下标: 1

---------------------------------------------------------------
[ 2023-09-27T15:00:12+08:00 ] [ log ] at668.icu/99/ [运行时间：0.010952s][吞吐率：91.31req/s] [内存消耗：1,864.80kb] [文件加载：51]
[ error ] [8]未定义数组下标: 1

---------------------------------------------------------------
[ 2023-09-27T15:00:13+08:00 ] [ log ] at668.icu/99/favicon.ico [运行时间：0.010797s][吞吐率：92.62req/s] [内存消耗：1,650.74kb] [文件加载：44]
[ error ] [8]未定义数组下标: 1

---------------------------------------------------------------
[ 2023-09-27T15:00:17+08:00 ] [ log ] at668.icu/99/index/open.html [运行时间：0.010702s][吞吐率：93.44req/s] [内存消耗：1,865.12kb] [文件加载：50]
[ error ] [8]未定义数组下标: 1

---------------------------------------------------------------
[ 2023-09-27T15:00:47+08:00 ] [ log ] at668.icu/99/index/open.html [运行时间：0.010844s][吞吐率：92.22req/s] [内存消耗：1,865.12kb] [文件加载：50]
[ error ] [8]未定义数组下标: 1

---------------------------------------------------------------
[ 2023-09-27T15:01:13+08:00 ] [ log ] at668.icu/99/ [运行时间：0.011428s][吞吐率：87.50req/s] [内存消耗：1,864.80kb] [文件加载：51]
[ error ] [8]未定义数组下标: 1

---------------------------------------------------------------
[ 2023-09-27T15:01:13+08:00 ] [ log ] at668.icu/99/favicon.ico [运行时间：0.010132s][吞吐率：98.70req/s] [内存消耗：1,650.74kb] [文件加载：44]
[ error ] [8]未定义数组下标: 1

---------------------------------------------------------------
[ 2023-09-27T15:01:15+08:00 ] [ log ] at668.icu/99/index/open.html [运行时间：0.010926s][吞吐率：91.52req/s] [内存消耗：1,865.12kb] [文件加载：50]
[ error ] [8]未定义数组下标: 1

---------------------------------------------------------------
[ 2023-09-27T15:01:46+08:00 ] [ log ] at668.icu/99/ [运行时间：0.011129s][吞吐率：89.85req/s] [内存消耗：1,864.80kb] [文件加载：51]
[ error ] [8]未定义数组下标: 1

---------------------------------------------------------------
[ 2023-09-27T15:01:48+08:00 ] [ log ] at668.icu/99/ [运行时间：0.013616s][吞吐率：73.44req/s] [内存消耗：1,864.80kb] [文件加载：51]
[ error ] [8]未定义数组下标: 1

---------------------------------------------------------------
[ 2023-09-27T15:01:49+08:00 ] [ log ] at668.icu/99/favicon.ico [运行时间：0.009820s][吞吐率：101.83req/s] [内存消耗：1,650.74kb] [文件加载：44]
[ error ] [8]未定义数组下标: 1

---------------------------------------------------------------
[ 2023-09-27T15:03:47+08:00 ] [ log ] at588.icu/99/ [运行时间：0.010604s][吞吐率：94.30req/s] [内存消耗：1,865.34kb] [文件加载：51]
[ error ] [8]未定义数组下标: 1

---------------------------------------------------------------
[ 2023-09-27T15:05:09+08:00 ] [ log ] at668.icu/99/ [运行时间：0.014691s][吞吐率：68.07req/s] [内存消耗：1,864.80kb] [文件加载：51]
[ error ] [8]未定义数组下标: 1

---------------------------------------------------------------
[ 2023-09-27T15:05:09+08:00 ] [ log ] at668.icu/99/favicon.ico [运行时间：0.009374s][吞吐率：106.68req/s] [内存消耗：1,650.74kb] [文件加载：44]
[ error ] [8]未定义数组下标: 1

---------------------------------------------------------------
[ 2023-09-27T15:05:12+08:00 ] [ log ] at668.icu/99/index/open.html [运行时间：0.010906s][吞吐率：91.69req/s] [内存消耗：1,865.12kb] [文件加载：50]
[ error ] [8]未定义数组下标: 1

---------------------------------------------------------------
[ 2023-09-27T15:06:22+08:00 ] [ log ] at668.icu/99/ [运行时间：0.039113s][吞吐率：25.57req/s] [内存消耗：1,864.80kb] [文件加载：51]
[ error ] [8]未定义数组下标: 1

---------------------------------------------------------------
[ 2023-09-27T15:06:23+08:00 ] [ log ] at668.icu/99/favicon.ico [运行时间：0.034411s][吞吐率：29.06req/s] [内存消耗：1,650.74kb] [文件加载：44]
[ error ] [8]未定义数组下标: 1

---------------------------------------------------------------
[ 2023-09-27T15:06:25+08:00 ] [ log ] at668.icu/99/index/open.html [运行时间：0.033395s][吞吐率：29.94req/s] [内存消耗：1,865.12kb] [文件加载：50]
[ error ] [8]未定义数组下标: 1

---------------------------------------------------------------
[ 2023-09-27T15:06:47+08:00 ] [ log ] at668.icu/99/ [运行时间：0.012112s][吞吐率：82.56req/s] [内存消耗：1,864.80kb] [文件加载：51]
[ error ] [8]未定义数组下标: 1

---------------------------------------------------------------
[ 2023-09-27T15:06:48+08:00 ] [ log ] at668.icu/99/favicon.ico [运行时间：0.009878s][吞吐率：101.24req/s] [内存消耗：1,650.74kb] [文件加载：44]
[ error ] [8]未定义数组下标: 1

---------------------------------------------------------------
[ 2023-09-27T15:06:50+08:00 ] [ log ] at668.icu/99/index/open.html [运行时间：0.012129s][吞吐率：82.45req/s] [内存消耗：1,865.12kb] [文件加载：50]
[ error ] [8]未定义数组下标: 1

---------------------------------------------------------------
[ 2023-09-27T15:09:58+08:00 ] [ log ] at668.icu/99/ [运行时间：0.038827s][吞吐率：25.76req/s] [内存消耗：1,864.80kb] [文件加载：51]
[ error ] [8]未定义数组下标: 1

---------------------------------------------------------------
[ 2023-09-27T15:09:59+08:00 ] [ log ] at668.icu/99/favicon.ico [运行时间：0.014263s][吞吐率：70.11req/s] [内存消耗：1,650.74kb] [文件加载：44]
[ error ] [8]未定义数组下标: 1

---------------------------------------------------------------
[ 2023-09-27T15:10:02+08:00 ] [ log ] at668.icu/99/index/open.html [运行时间：0.014300s][吞吐率：69.93req/s] [内存消耗：1,865.12kb] [文件加载：50]
[ error ] [8]未定义数组下标: 1

---------------------------------------------------------------
[ 2023-09-27T15:11:56+08:00 ] [ log ] at668.icu/99/ [运行时间：0.010987s][吞吐率：91.02req/s] [内存消耗：1,864.80kb] [文件加载：51]
[ error ] [8]未定义数组下标: 1

---------------------------------------------------------------
[ 2023-09-27T15:11:57+08:00 ] [ log ] at668.icu/99/favicon.ico [运行时间：0.013641s][吞吐率：73.31req/s] [内存消耗：1,650.74kb] [文件加载：44]
[ error ] [8]未定义数组下标: 1

---------------------------------------------------------------
[ 2023-09-27T15:11:59+08:00 ] [ log ] at668.icu/99/index/open.html [运行时间：0.010551s][吞吐率：94.78req/s] [内存消耗：1,865.12kb] [文件加载：50]
[ error ] [8]未定义数组下标: 1

---------------------------------------------------------------
[ 2023-09-27T15:12:38+08:00 ] [ log ] at668.icu/99/ [运行时间：0.015505s][吞吐率：64.50req/s] [内存消耗：1,864.80kb] [文件加载：51]
[ error ] [8]未定义数组下标: 1

---------------------------------------------------------------
[ 2023-09-27T15:12:39+08:00 ] [ log ] at668.icu/99/favicon.ico [运行时间：0.011966s][吞吐率：83.57req/s] [内存消耗：1,650.74kb] [文件加载：44]
[ error ] [8]未定义数组下标: 1

---------------------------------------------------------------
[ 2023-09-27T15:12:51+08:00 ] [ log ] at668.icu/99/index/open.html [运行时间：0.013287s][吞吐率：75.26req/s] [内存消耗：1,865.12kb] [文件加载：50]
[ error ] [8]未定义数组下标: 1

---------------------------------------------------------------
[ 2023-09-27T16:02:30+08:00 ] [ log ] at668.icu/99/favicon.ico [运行时间：0.009635s][吞吐率：103.79req/s] [内存消耗：1,650.77kb] [文件加载：44]
[ error ] [8]未定义数组下标: 1

---------------------------------------------------------------
[ 2023-09-27T16:02:48+08:00 ] [ log ] at668.icu/99/favicon.ico [运行时间：0.009741s][吞吐率：102.66req/s] [内存消耗：1,650.77kb] [文件加载：44]
[ error ] [8]未定义数组下标: 1

---------------------------------------------------------------
[ 2023-09-27T16:03:06+08:00 ] [ log ] at668.icu/99/favicon.ico [运行时间：0.010241s][吞吐率：97.65req/s] [内存消耗：1,650.77kb] [文件加载：44]
[ error ] [8]未定义数组下标: 1

---------------------------------------------------------------
[ 2023-09-27T16:03:18+08:00 ] [ log ] at668.icu/99/favicon.ico [运行时间：0.014121s][吞吐率：70.82req/s] [内存消耗：1,650.77kb] [文件加载：44]
[ error ] [8]未定义数组下标: 1

---------------------------------------------------------------
[ 2023-09-27T16:03:43+08:00 ] [ log ] at668.icu/99/favicon.ico [运行时间：0.014301s][吞吐率：69.93req/s] [内存消耗：1,650.77kb] [文件加载：44]
[ error ] [8]未定义数组下标: 1

---------------------------------------------------------------
[ 2023-09-27T16:06:07+08:00 ] [ log ] at668.icu/99/favicon.ico [运行时间：0.013364s][吞吐率：74.83req/s] [内存消耗：1,650.77kb] [文件加载：44]
[ error ] [8]未定义数组下标: 1

---------------------------------------------------------------
[ 2023-09-27T16:06:12+08:00 ] [ log ] at668.icu/99/favicon.ico [运行时间：0.033573s][吞吐率：29.79req/s] [内存消耗：1,650.77kb] [文件加载：44]
[ error ] [8]未定义数组下标: 1

---------------------------------------------------------------
[ 2023-09-27T16:07:23+08:00 ] [ log ] at668.icu/99/favicon.ico [运行时间：0.009475s][吞吐率：105.54req/s] [内存消耗：1,650.77kb] [文件加载：44]
[ error ] [8]未定义数组下标: 1

---------------------------------------------------------------
[ 2023-09-27T16:07:47+08:00 ] [ log ] at668.icu/99/favicon.ico [运行时间：0.009370s][吞吐率：106.73req/s] [内存消耗：1,650.77kb] [文件加载：44]
[ error ] [8]未定义数组下标: 1

---------------------------------------------------------------
[ 2023-09-27T16:07:50+08:00 ] [ log ] at668.icu/99/ [运行时间：0.011046s][吞吐率：90.53req/s] [内存消耗：1,865.34kb] [文件加载：51]
[ error ] [8]未定义数组下标: 1

---------------------------------------------------------------
[ 2023-09-27T16:07:50+08:00 ] [ log ] at668.icu/99/favicon.ico [运行时间：0.009500s][吞吐率：105.26req/s] [内存消耗：1,650.74kb] [文件加载：44]
[ error ] [8]未定义数组下标: 1

---------------------------------------------------------------
[ 2023-09-27T16:07:52+08:00 ] [ log ] at668.icu/99/index/open.html [运行时间：0.014106s][吞吐率：70.89req/s] [内存消耗：1,865.12kb] [文件加载：50]
[ error ] [8]未定义数组下标: 1

---------------------------------------------------------------
[ 2023-09-27T16:11:29+08:00 ] [ log ] at668.icu/99/favicon.ico [运行时间：0.012941s][吞吐率：77.27req/s] [内存消耗：1,650.77kb] [文件加载：44]
[ error ] [8]未定义数组下标: 1

---------------------------------------------------------------
[ 2023-09-27T16:11:31+08:00 ] [ log ] at668.icu/99/ [运行时间：0.010802s][吞吐率：92.58req/s] [内存消耗：1,864.80kb] [文件加载：51]
[ error ] [8]未定义数组下标: 1

---------------------------------------------------------------
[ 2023-09-27T16:11:31+08:00 ] [ log ] at668.icu/99/favicon.ico [运行时间：0.009407s][吞吐率：106.30req/s] [内存消耗：1,650.74kb] [文件加载：44]
[ error ] [8]未定义数组下标: 1

---------------------------------------------------------------
[ 2023-09-27T16:11:34+08:00 ] [ log ] at668.icu/99/index/open.html [运行时间：0.013755s][吞吐率：72.70req/s] [内存消耗：1,865.12kb] [文件加载：50]
[ error ] [8]未定义数组下标: 1

---------------------------------------------------------------
[ 2023-09-27T16:12:08+08:00 ] [ log ] at668.icu/99/favicon.ico [运行时间：0.023207s][吞吐率：43.09req/s] [内存消耗：1,650.77kb] [文件加载：44]
[ error ] [8]未定义数组下标: 1

---------------------------------------------------------------
[ 2023-09-27T16:12:10+08:00 ] [ log ] at668.icu/99/ [运行时间：0.011182s][吞吐率：89.43req/s] [内存消耗：1,864.80kb] [文件加载：51]
[ error ] [8]未定义数组下标: 1

---------------------------------------------------------------
[ 2023-09-27T16:12:10+08:00 ] [ log ] at668.icu/99/favicon.ico [运行时间：0.009383s][吞吐率：106.58req/s] [内存消耗：1,650.74kb] [文件加载：44]
[ error ] [8]未定义数组下标: 1

---------------------------------------------------------------
[ 2023-09-27T16:12:12+08:00 ] [ log ] at668.icu/99/index/open.html [运行时间：0.011369s][吞吐率：87.96req/s] [内存消耗：1,865.12kb] [文件加载：50]
[ error ] [8]未定义数组下标: 1

---------------------------------------------------------------
[ 2023-09-27T16:13:01+08:00 ] [ log ] at668.icu/99/favicon.ico [运行时间：0.009665s][吞吐率：103.47req/s] [内存消耗：1,650.77kb] [文件加载：44]
[ error ] [8]未定义数组下标: 1

---------------------------------------------------------------
[ 2023-09-27T16:13:26+08:00 ] [ log ] at668.icu/99/favicon.ico [运行时间：0.009807s][吞吐率：101.97req/s] [内存消耗：1,650.77kb] [文件加载：44]
[ error ] [8]未定义数组下标: 1

---------------------------------------------------------------
[ 2023-09-27T16:13:45+08:00 ] [ log ] at668.icu/99/favicon.ico [运行时间：0.009225s][吞吐率：108.40req/s] [内存消耗：1,650.77kb] [文件加载：44]
[ error ] [8]未定义数组下标: 1

---------------------------------------------------------------
[ 2023-09-27T16:14:02+08:00 ] [ log ] at668.icu/99/favicon.ico [运行时间：0.034890s][吞吐率：28.66req/s] [内存消耗：1,650.77kb] [文件加载：44]
[ error ] [8]未定义数组下标: 1

---------------------------------------------------------------
[ 2023-09-27T16:14:21+08:00 ] [ log ] at668.icu/99/favicon.ico [运行时间：0.009863s][吞吐率：101.39req/s] [内存消耗：1,650.77kb] [文件加载：44]
[ error ] [8]未定义数组下标: 1

---------------------------------------------------------------
[ 2023-09-27T16:14:30+08:00 ] [ log ] at668.icu/99/favicon.ico [运行时间：0.009289s][吞吐率：107.65req/s] [内存消耗：1,650.77kb] [文件加载：44]
[ error ] [8]未定义数组下标: 1

---------------------------------------------------------------
[ 2023-09-27T16:16:23+08:00 ] [ log ] at588.icu/99/index/open.html [运行时间：0.037471s][吞吐率：26.69req/s] [内存消耗：1,857.95kb] [文件加载：47]
[ error ] [8]Undefined offset: 1

---------------------------------------------------------------
[ 2023-09-27T16:17:01+08:00 ] [ log ] at668.icu/99/favicon.ico [运行时间：0.009781s][吞吐率：102.24req/s] [内存消耗：1,650.77kb] [文件加载：44]
[ error ] [8]未定义数组下标: 1

---------------------------------------------------------------
[ 2023-09-27T16:17:59+08:00 ] [ log ] at668.icu/99/favicon.ico [运行时间：0.027509s][吞吐率：36.35req/s] [内存消耗：1,650.77kb] [文件加载：44]
[ error ] [8]未定义数组下标: 1

---------------------------------------------------------------
[ 2023-09-27T16:18:00+08:00 ] [ log ] at668.icu/99/ [运行时间：0.014104s][吞吐率：70.90req/s] [内存消耗：1,864.80kb] [文件加载：51]
[ error ] [8]未定义数组下标: 1

---------------------------------------------------------------
[ 2023-09-27T16:18:01+08:00 ] [ log ] at668.icu/99/favicon.ico [运行时间：0.013753s][吞吐率：72.71req/s] [内存消耗：1,650.74kb] [文件加载：44]
[ error ] [8]未定义数组下标: 1

---------------------------------------------------------------
[ 2023-09-27T16:18:03+08:00 ] [ log ] at668.icu/99/index/open.html [运行时间：0.010631s][吞吐率：94.07req/s] [内存消耗：1,865.12kb] [文件加载：50]
[ error ] [8]未定义数组下标: 1

---------------------------------------------------------------
[ 2023-09-27T16:18:59+08:00 ] [ log ] at668.icu/99/favicon.ico [运行时间：0.009663s][吞吐率：103.49req/s] [内存消耗：1,650.77kb] [文件加载：44]
[ error ] [8]未定义数组下标: 1

---------------------------------------------------------------
[ 2023-09-27T16:19:09+08:00 ] [ log ] at668.icu/99/favicon.ico [运行时间：0.009277s][吞吐率：107.80req/s] [内存消耗：1,650.77kb] [文件加载：44]
[ error ] [8]未定义数组下标: 1

---------------------------------------------------------------
[ 2023-09-27T16:19:27+08:00 ] [ log ] at668.icu/99/favicon.ico [运行时间：0.009248s][吞吐率：108.13req/s] [内存消耗：1,650.77kb] [文件加载：44]
[ error ] [8]未定义数组下标: 1

---------------------------------------------------------------
[ 2023-09-27T16:19:39+08:00 ] [ log ] at668.icu/99/favicon.ico [运行时间：0.009852s][吞吐率：101.50req/s] [内存消耗：1,650.77kb] [文件加载：44]
[ error ] [8]未定义数组下标: 1

---------------------------------------------------------------
[ 2023-09-27T16:19:51+08:00 ] [ log ] at668.icu/99/favicon.ico [运行时间：0.034861s][吞吐率：28.69req/s] [内存消耗：1,650.77kb] [文件加载：44]
[ error ] [8]未定义数组下标: 1

---------------------------------------------------------------
[ 2023-09-27T16:19:51+08:00 ] [ log ] at668.icu/99/ [运行时间：0.033663s][吞吐率：29.71req/s] [内存消耗：1,864.80kb] [文件加载：51]
[ error ] [8]未定义数组下标: 1

---------------------------------------------------------------
[ 2023-09-27T16:19:52+08:00 ] [ log ] at668.icu/99/favicon.ico [运行时间：0.012998s][吞吐率：76.93req/s] [内存消耗：1,650.74kb] [文件加载：44]
[ error ] [8]未定义数组下标: 1

---------------------------------------------------------------
[ 2023-09-27T16:19:56+08:00 ] [ log ] at668.icu/99/index/open.html [运行时间：0.011429s][吞吐率：87.50req/s] [内存消耗：1,865.12kb] [文件加载：50]
[ error ] [8]未定义数组下标: 1

---------------------------------------------------------------
[ 2023-09-27T16:22:07+08:00 ] [ log ] at668.icu/99/index/open.html [运行时间：0.011746s][吞吐率：85.13req/s] [内存消耗：1,865.12kb] [文件加载：50]
[ error ] [8]未定义数组下标: 1

---------------------------------------------------------------
[ 2023-09-27T16:22:44+08:00 ] [ log ] at668.icu/99/index/open.html [运行时间：0.011415s][吞吐率：87.60req/s] [内存消耗：1,865.12kb] [文件加载：50]
[ error ] [8]未定义数组下标: 1

---------------------------------------------------------------
[ 2023-09-27T16:23:02+08:00 ] [ log ] at668.icu/99/favicon.ico [运行时间：0.009900s][吞吐率：101.01req/s] [内存消耗：1,650.77kb] [文件加载：44]
[ error ] [8]未定义数组下标: 1

---------------------------------------------------------------
[ 2023-09-27T16:23:04+08:00 ] [ log ] at668.icu/99/favicon.ico [运行时间：0.009329s][吞吐率：107.19req/s] [内存消耗：1,650.77kb] [文件加载：44]
[ error ] [8]未定义数组下标: 1

---------------------------------------------------------------
[ 2023-09-27T16:24:44+08:00 ] [ log ] at668.icu/99/favicon.ico [运行时间：0.011447s][吞吐率：87.36req/s] [内存消耗：1,650.77kb] [文件加载：44]
[ error ] [8]未定义数组下标: 1

---------------------------------------------------------------
[ 2023-09-27T16:24:46+08:00 ] [ log ] at668.icu/99/favicon.ico [运行时间：0.011717s][吞吐率：85.35req/s] [内存消耗：1,650.77kb] [文件加载：44]
[ error ] [8]未定义数组下标: 1

---------------------------------------------------------------
[ 2023-09-27T16:24:48+08:00 ] [ log ] at668.icu/99/ [运行时间：0.014110s][吞吐率：70.87req/s] [内存消耗：1,864.80kb] [文件加载：51]
[ error ] [8]未定义数组下标: 1

---------------------------------------------------------------
[ 2023-09-27T16:24:49+08:00 ] [ log ] at668.icu/99/favicon.ico [运行时间：0.009397s][吞吐率：106.42req/s] [内存消耗：1,650.74kb] [文件加载：44]
[ error ] [8]未定义数组下标: 1

---------------------------------------------------------------
[ 2023-09-27T16:24:53+08:00 ] [ log ] at668.icu/99/index/open.html [运行时间：0.010639s][吞吐率：93.99req/s] [内存消耗：1,865.12kb] [文件加载：50]
[ error ] [8]未定义数组下标: 1

---------------------------------------------------------------
[ 2023-09-27T16:25:22+08:00 ] [ log ] at668.icu/99/index/open.html [运行时间：0.011294s][吞吐率：88.54req/s] [内存消耗：1,865.12kb] [文件加载：50]
[ error ] [8]未定义数组下标: 1

---------------------------------------------------------------
[ 2023-09-27T16:25:34+08:00 ] [ log ] at668.icu/99/favicon.ico [运行时间：0.009250s][吞吐率：108.11req/s] [内存消耗：1,650.77kb] [文件加载：44]
[ error ] [8]未定义数组下标: 1

---------------------------------------------------------------
[ 2023-09-27T16:25:56+08:00 ] [ log ] at668.icu/99/ [运行时间：0.010758s][吞吐率：92.95req/s] [内存消耗：1,864.80kb] [文件加载：51]
[ error ] [8]未定义数组下标: 1

---------------------------------------------------------------
[ 2023-09-27T16:25:56+08:00 ] [ log ] at668.icu/99/favicon.ico [运行时间：0.009384s][吞吐率：106.57req/s] [内存消耗：1,650.74kb] [文件加载：44]
[ error ] [8]未定义数组下标: 1

---------------------------------------------------------------
[ 2023-09-27T16:25:59+08:00 ] [ log ] at668.icu/99/index/open.html [运行时间：0.033957s][吞吐率：29.45req/s] [内存消耗：1,865.12kb] [文件加载：50]
[ error ] [8]未定义数组下标: 1

---------------------------------------------------------------
[ 2023-09-27T16:26:12+08:00 ] [ log ] at668.icu/99/ [运行时间：0.011257s][吞吐率：88.83req/s] [内存消耗：1,864.80kb] [文件加载：51]
[ error ] [8]未定义数组下标: 1

---------------------------------------------------------------
[ 2023-09-27T16:26:21+08:00 ] [ log ] at668.icu/99/favicon.ico [运行时间：0.010676s][吞吐率：93.67req/s] [内存消耗：1,650.77kb] [文件加载：44]
[ error ] [8]未定义数组下标: 1

---------------------------------------------------------------
[ 2023-09-27T16:26:26+08:00 ] [ log ] at668.icu/99/favicon.ico [运行时间：0.015647s][吞吐率：63.91req/s] [内存消耗：1,650.77kb] [文件加载：44]
[ error ] [8]未定义数组下标: 1

---------------------------------------------------------------
[ 2023-09-27T16:26:29+08:00 ] [ log ] at668.icu/99/favicon.ico [运行时间：0.013664s][吞吐率：73.18req/s] [内存消耗：1,650.77kb] [文件加载：44]
[ error ] [8]未定义数组下标: 1

---------------------------------------------------------------
[ 2023-09-27T16:26:35+08:00 ] [ log ] at668.icu/99/favicon.ico [运行时间：0.009241s][吞吐率：108.21req/s] [内存消耗：1,650.77kb] [文件加载：44]
[ error ] [8]未定义数组下标: 1

---------------------------------------------------------------
[ 2023-09-27T16:27:01+08:00 ] [ log ] at668.icu/99/favicon.ico [运行时间：0.009464s][吞吐率：105.66req/s] [内存消耗：1,650.77kb] [文件加载：44]
[ error ] [8]未定义数组下标: 1

---------------------------------------------------------------
[ 2023-09-27T16:27:17+08:00 ] [ log ] at668.icu/99/ [运行时间：0.016792s][吞吐率：59.55req/s] [内存消耗：1,864.80kb] [文件加载：51]
[ error ] [8]未定义数组下标: 1

---------------------------------------------------------------
[ 2023-09-27T16:27:17+08:00 ] [ log ] at668.icu/99/favicon.ico [运行时间：0.015512s][吞吐率：64.47req/s] [内存消耗：1,650.74kb] [文件加载：44]
[ error ] [8]未定义数组下标: 1

---------------------------------------------------------------
[ 2023-09-27T16:27:20+08:00 ] [ log ] at668.icu/99/index/open.html [运行时间：0.010912s][吞吐率：91.64req/s] [内存消耗：1,865.12kb] [文件加载：50]
[ error ] [8]未定义数组下标: 1

---------------------------------------------------------------
[ 2023-09-27T16:27:30+08:00 ] [ log ] at668.icu/99/favicon.ico [运行时间：0.009292s][吞吐率：107.62req/s] [内存消耗：1,650.77kb] [文件加载：44]
[ error ] [8]未定义数组下标: 1

---------------------------------------------------------------
[ 2023-09-27T16:27:44+08:00 ] [ log ] at668.icu/99/favicon.ico [运行时间：0.009807s][吞吐率：101.97req/s] [内存消耗：1,650.77kb] [文件加载：44]
[ error ] [8]未定义数组下标: 1

---------------------------------------------------------------
[ 2023-09-27T16:32:25+08:00 ] [ log ] at668.icu/99/favicon.ico [运行时间：0.009314s][吞吐率：107.36req/s] [内存消耗：1,650.77kb] [文件加载：44]
[ error ] [8]未定义数组下标: 1

---------------------------------------------------------------
[ 2023-09-27T16:34:41+08:00 ] [ log ] at668.icu/99/favicon.ico [运行时间：0.009653s][吞吐率：103.59req/s] [内存消耗：1,650.77kb] [文件加载：44]
[ error ] [8]未定义数组下标: 1

---------------------------------------------------------------
[ 2023-09-27T16:34:44+08:00 ] [ log ] at668.icu/99/favicon.ico [运行时间：0.011554s][吞吐率：86.55req/s] [内存消耗：1,650.77kb] [文件加载：44]
[ error ] [8]未定义数组下标: 1

---------------------------------------------------------------
[ 2023-09-27T16:56:57+08:00 ] [ log ] at779.icu/99/ [运行时间：0.012396s][吞吐率：80.67req/s] [内存消耗：1,865.34kb] [文件加载：51]
[ error ] [8]未定义数组下标: 1

---------------------------------------------------------------
[ 2023-09-27T16:56:59+08:00 ] [ log ] at779.icu/99/favicon.ico [运行时间：0.012205s][吞吐率：81.93req/s] [内存消耗：1,650.74kb] [文件加载：44]
[ error ] [8]未定义数组下标: 1

---------------------------------------------------------------
[ 2023-09-27T16:56:59+08:00 ] [ log ] at779.icu/99/ [运行时间：0.010889s][吞吐率：91.84req/s] [内存消耗：1,864.80kb] [文件加载：51]
[ error ] [8]未定义数组下标: 1

---------------------------------------------------------------
[ 2023-09-27T16:57:02+08:00 ] [ log ] at779.icu/99/index/open.html [运行时间：0.011542s][吞吐率：86.64req/s] [内存消耗：1,865.12kb] [文件加载：50]
[ error ] [8]未定义数组下标: 1

---------------------------------------------------------------
[ 2023-09-27T16:57:30+08:00 ] [ log ] at779.icu/99/ [运行时间：0.010996s][吞吐率：90.94req/s] [内存消耗：1,864.84kb] [文件加载：51]
[ error ] [8]未定义数组下标: 1

---------------------------------------------------------------
[ 2023-09-27T16:57:34+08:00 ] [ log ] at779.icu/99/favicon.ico [运行时间：0.009241s][吞吐率：108.21req/s] [内存消耗：1,650.77kb] [文件加载：44]
[ error ] [8]未定义数组下标: 1

---------------------------------------------------------------
[ 2023-09-27T16:57:37+08:00 ] [ log ] at779.icu/99/favicon.ico [运行时间：0.010373s][吞吐率：96.41req/s] [内存消耗：1,650.77kb] [文件加载：44]
[ error ] [8]未定义数组下标: 1

---------------------------------------------------------------
[ 2023-09-27T16:58:16+08:00 ] [ log ] at779.icu/99/index/open.html [运行时间：0.010993s][吞吐率：90.97req/s] [内存消耗：1,865.15kb] [文件加载：50]
[ error ] [8]未定义数组下标: 1

---------------------------------------------------------------
[ 2023-09-27T16:59:10+08:00 ] [ log ] at668.icu/99/ [运行时间：0.011029s][吞吐率：90.67req/s] [内存消耗：1,865.34kb] [文件加载：51]
[ error ] [8]未定义数组下标: 1

---------------------------------------------------------------
[ 2023-09-27T16:59:12+08:00 ] [ log ] at668.icu/99/favicon.ico [运行时间：0.009647s][吞吐率：103.66req/s] [内存消耗：1,650.74kb] [文件加载：44]
[ error ] [8]未定义数组下标: 1

---------------------------------------------------------------
[ 2023-09-27T16:59:15+08:00 ] [ log ] at668.icu/99/index/open.html [运行时间：0.010762s][吞吐率：92.92req/s] [内存消耗：1,865.12kb] [文件加载：50]
[ error ] [8]未定义数组下标: 1

---------------------------------------------------------------
[ 2023-09-27T16:59:19+08:00 ] [ log ] at668.icu/99/ [运行时间：0.013577s][吞吐率：73.65req/s] [内存消耗：1,864.80kb] [文件加载：51]
[ error ] [8]未定义数组下标: 1

---------------------------------------------------------------
[ 2023-09-27T16:59:28+08:00 ] [ log ] at668.icu/99/ [运行时间：0.010792s][吞吐率：92.66req/s] [内存消耗：1,864.27kb] [文件加载：51]
[ error ] [8]未定义数组下标: 1

---------------------------------------------------------------
[ 2023-09-27T16:59:30+08:00 ] [ log ] at668.icu/99/ [运行时间：0.011994s][吞吐率：83.38req/s] [内存消耗：1,864.80kb] [文件加载：51]
[ error ] [8]未定义数组下标: 1

---------------------------------------------------------------
[ 2023-09-27T17:02:05+08:00 ] [ log ] at668.icu/99/http://at668.icu/99/ [运行时间：0.009856s][吞吐率：101.46req/s] [内存消耗：1,650.83kb] [文件加载：44]
[ error ] [8]未定义数组下标: 1

---------------------------------------------------------------
[ 2023-09-27T17:02:05+08:00 ] [ log ] at668.icu/99/http://at668.icu/99/ [运行时间：0.014177s][吞吐率：70.54req/s] [内存消耗：1,650.83kb] [文件加载：44]
[ error ] [8]未定义数组下标: 1

---------------------------------------------------------------
[ 2023-09-27T17:04:49+08:00 ] [ log ] at668.icu/99/ [运行时间：0.018513s][吞吐率：54.02req/s] [内存消耗：1,864.80kb] [文件加载：51]
[ error ] [8]未定义数组下标: 1

---------------------------------------------------------------
[ 2023-09-27T17:04:50+08:00 ] [ log ] at668.icu/99/favicon.ico [运行时间：0.012703s][吞吐率：78.72req/s] [内存消耗：1,650.74kb] [文件加载：44]
[ error ] [8]未定义数组下标: 1

---------------------------------------------------------------
[ 2023-09-27T17:04:53+08:00 ] [ log ] at668.icu/99/index/open.html [运行时间：0.011281s][吞吐率：88.64req/s] [内存消耗：1,865.12kb] [文件加载：50]
[ error ] [8]未定义数组下标: 1

---------------------------------------------------------------
[ 2023-09-27T17:06:41+08:00 ] [ log ] at668.icu/99/ [运行时间：0.015070s][吞吐率：66.36req/s] [内存消耗：1,864.80kb] [文件加载：51]
[ error ] [8]未定义数组下标: 1

---------------------------------------------------------------
[ 2023-09-27T17:06:42+08:00 ] [ log ] at668.icu/99/favicon.ico [运行时间：0.009849s][吞吐率：101.53req/s] [内存消耗：1,650.74kb] [文件加载：44]
[ error ] [8]未定义数组下标: 1

---------------------------------------------------------------
[ 2023-09-27T17:06:45+08:00 ] [ log ] at668.icu/99/index/open.html [运行时间：0.013762s][吞吐率：72.66req/s] [内存消耗：1,865.12kb] [文件加载：50]
[ error ] [8]未定义数组下标: 1

---------------------------------------------------------------
[ 2023-09-27T17:07:50+08:00 ] [ log ] at668.icu/99/ [运行时间：0.010848s][吞吐率：92.18req/s] [内存消耗：1,864.80kb] [文件加载：51]
[ error ] [8]未定义数组下标: 1

---------------------------------------------------------------
[ 2023-09-27T17:07:51+08:00 ] [ log ] at668.icu/99/favicon.ico [运行时间：0.013890s][吞吐率：71.99req/s] [内存消耗：1,650.74kb] [文件加载：44]
[ error ] [8]未定义数组下标: 1

---------------------------------------------------------------
[ 2023-09-27T17:07:53+08:00 ] [ log ] at668.icu/99/index/open.html [运行时间：0.011062s][吞吐率：90.40req/s] [内存消耗：1,865.12kb] [文件加载：50]
[ error ] [8]未定义数组下标: 1

---------------------------------------------------------------
[ 2023-09-27T17:10:34+08:00 ] [ log ] at668.icu/99/ [运行时间：0.015383s][吞吐率：65.01req/s] [内存消耗：1,864.80kb] [文件加载：51]
[ error ] [8]未定义数组下标: 1

---------------------------------------------------------------
[ 2023-09-27T17:10:35+08:00 ] [ log ] at668.icu/99/favicon.ico [运行时间：0.009606s][吞吐率：104.10req/s] [内存消耗：1,650.74kb] [文件加载：44]
[ error ] [8]未定义数组下标: 1

---------------------------------------------------------------
[ 2023-09-27T17:10:40+08:00 ] [ log ] at668.icu/99/index/open.html [运行时间：0.011728s][吞吐率：85.27req/s] [内存消耗：1,865.12kb] [文件加载：50]
[ error ] [8]未定义数组下标: 1

---------------------------------------------------------------
[ 2023-09-27T17:19:13+08:00 ] [ log ] at779.icu/99/ [运行时间：0.010785s][吞吐率：92.72req/s] [内存消耗：1,864.80kb] [文件加载：51]
[ error ] [8]未定义数组下标: 1

---------------------------------------------------------------
[ 2023-09-27T17:19:13+08:00 ] [ log ] at779.icu/99/favicon.ico [运行时间：0.009345s][吞吐率：107.01req/s] [内存消耗：1,650.74kb] [文件加载：44]
[ error ] [8]未定义数组下标: 1

---------------------------------------------------------------
[ 2023-09-27T17:19:15+08:00 ] [ log ] at779.icu/99/index/open.html [运行时间：0.012832s][吞吐率：77.93req/s] [内存消耗：1,865.12kb] [文件加载：50]
[ error ] [8]未定义数组下标: 1

---------------------------------------------------------------
[ 2023-09-27T17:23:15+08:00 ] [ log ] at779.icu/99/ [运行时间：0.011327s][吞吐率：88.28req/s] [内存消耗：1,865.34kb] [文件加载：51]
[ error ] [8]未定义数组下标: 1

---------------------------------------------------------------
[ 2023-09-27T17:23:17+08:00 ] [ log ] at779.icu/99/favicon.ico [运行时间：0.009939s][吞吐率：100.61req/s] [内存消耗：1,650.74kb] [文件加载：44]
[ error ] [8]未定义数组下标: 1

---------------------------------------------------------------
[ 2023-09-27T17:23:20+08:00 ] [ log ] at779.icu/99/index/open.html [运行时间：0.014773s][吞吐率：67.69req/s] [内存消耗：1,865.12kb] [文件加载：50]
[ error ] [8]未定义数组下标: 1

---------------------------------------------------------------
[ 2023-09-27T17:32:20+08:00 ] [ log ] at668.icu/99/http://at668.icu/99/ [运行时间：0.009360s][吞吐率：106.84req/s] [内存消耗：1,651.36kb] [文件加载：44]
[ error ] [8]未定义数组下标: 1

---------------------------------------------------------------
[ 2023-09-27T17:32:52+08:00 ] [ log ] at668.icu/99/http://at668.icu/99/ [运行时间：0.025223s][吞吐率：39.65req/s] [内存消耗：1,651.36kb] [文件加载：44]
[ error ] [8]未定义数组下标: 1

---------------------------------------------------------------
[ 2023-09-27T17:33:18+08:00 ] [ log ] at668.icu/99/http://at668.icu/99/ [运行时间：0.010002s][吞吐率：99.98req/s] [内存消耗：1,650.29kb] [文件加载：44]
[ error ] [8]未定义数组下标: 1

---------------------------------------------------------------
[ 2023-09-27T17:33:51+08:00 ] [ log ] at668.icu/99/http://at668.icu/99/ [运行时间：0.009699s][吞吐率：103.10req/s] [内存消耗：1,651.36kb] [文件加载：44]
[ error ] [8]未定义数组下标: 1

---------------------------------------------------------------
[ 2023-09-27T17:33:51+08:00 ] [ log ] at668.icu/99/http://at668.icu/99/ [运行时间：0.009207s][吞吐率：108.61req/s] [内存消耗：1,651.36kb] [文件加载：44]
[ error ] [8]未定义数组下标: 1

---------------------------------------------------------------
[ 2023-09-27T17:34:06+08:00 ] [ log ] at668.icu/99/http://at668.icu/99/ [运行时间：0.010609s][吞吐率：94.26req/s] [内存消耗：1,650.29kb] [文件加载：44]
[ error ] [8]未定义数组下标: 1

---------------------------------------------------------------
[ 2023-09-27T17:34:21+08:00 ] [ log ] at668.icu/99/http://at668.icu/99/ [运行时间：0.009873s][吞吐率：101.28req/s] [内存消耗：1,651.36kb] [文件加载：44]
[ error ] [8]未定义数组下标: 1

---------------------------------------------------------------
[ 2023-09-27T17:40:15+08:00 ] [ log ] at668.icu/99/http://at668.icu/99/ [运行时间：0.009783s][吞吐率：102.22req/s] [内存消耗：1,650.29kb] [文件加载：44]
[ error ] [8]未定义数组下标: 1

---------------------------------------------------------------
[ 2023-09-27T18:28:43+08:00 ] [ log ] at668.icu/99/ [运行时间：0.011379s][吞吐率：87.88req/s] [内存消耗：1,865.34kb] [文件加载：51]
[ error ] [8]未定义数组下标: 1

---------------------------------------------------------------
[ 2023-09-27T18:28:44+08:00 ] [ log ] at668.icu/99/favicon.ico [运行时间：0.013561s][吞吐率：73.74req/s] [内存消耗：1,650.74kb] [文件加载：44]
[ error ] [8]未定义数组下标: 1

---------------------------------------------------------------
[ 2023-09-27T18:28:49+08:00 ] [ log ] at668.icu/99/index/open.html [运行时间：0.011095s][吞吐率：90.13req/s] [内存消耗：1,865.12kb] [文件加载：50]
[ error ] [8]未定义数组下标: 1

---------------------------------------------------------------
[ 2023-09-27T18:36:13+08:00 ] [ log ] at668.icu/99/ [运行时间：0.010852s][吞吐率：92.15req/s] [内存消耗：1,864.80kb] [文件加载：51]
[ error ] [8]未定义数组下标: 1

---------------------------------------------------------------
[ 2023-09-27T18:47:26+08:00 ] [ log ] at588.icu/99/?uc_sm=1 [运行时间：0.025733s][吞吐率：38.86req/s] [内存消耗：1,865.97kb] [文件加载：51]
[ error ] [8]未定义数组下标: 1

---------------------------------------------------------------
[ 2023-09-27T18:47:26+08:00 ] [ log ] at588.icu/99/ [运行时间：0.019481s][吞吐率：51.33req/s] [内存消耗：1,865.34kb] [文件加载：51]
[ error ] [8]未定义数组下标: 1

---------------------------------------------------------------
[ 2023-09-27T18:47:27+08:00 ] [ log ] at588.icu/99/favicon.ico [运行时间：0.028565s][吞吐率：35.01req/s] [内存消耗：1,650.74kb] [文件加载：44]
[ error ] [8]未定义数组下标: 1

---------------------------------------------------------------
[ 2023-09-27T18:47:29+08:00 ] [ log ] at588.icu/99/index/open.html [运行时间：0.010827s][吞吐率：92.36req/s] [内存消耗：1,865.12kb] [文件加载：50]
[ error ] [8]未定义数组下标: 1

---------------------------------------------------------------
[ 2023-09-27T18:53:23+08:00 ] [ log ] at668.icu/99/ [运行时间：0.011938s][吞吐率：83.77req/s] [内存消耗：1,864.80kb] [文件加载：51]
[ error ] [8]未定义数组下标: 1

---------------------------------------------------------------
[ 2023-09-27T18:53:24+08:00 ] [ log ] at668.icu/99/favicon.ico [运行时间：0.009164s][吞吐率：109.12req/s] [内存消耗：1,650.74kb] [文件加载：44]
[ error ] [8]未定义数组下标: 1

---------------------------------------------------------------
[ 2023-09-27T18:53:26+08:00 ] [ log ] at668.icu/99/index/open.html [运行时间：0.011789s][吞吐率：84.82req/s] [内存消耗：1,865.12kb] [文件加载：50]
[ error ] [8]未定义数组下标: 1

---------------------------------------------------------------
[ 2023-09-27T19:33:51+08:00 ] [ log ] at588.icu/99/ [运行时间：0.010888s][吞吐率：91.84req/s] [内存消耗：1,865.34kb] [文件加载：51]
[ error ] [8]未定义数组下标: 1

---------------------------------------------------------------
[ 2023-09-27T19:33:51+08:00 ] [ log ] at588.icu/99/favicon.ico [运行时间：0.009577s][吞吐率：104.42req/s] [内存消耗：1,650.74kb] [文件加载：44]
[ error ] [8]未定义数组下标: 1

---------------------------------------------------------------
[ 2023-09-27T19:33:54+08:00 ] [ log ] at588.icu/99/index/open.html [运行时间：0.038316s][吞吐率：26.10req/s] [内存消耗：1,865.12kb] [文件加载：50]
[ error ] [8]未定义数组下标: 1

---------------------------------------------------------------
[ 2023-09-27T19:36:02+08:00 ] [ log ] at588.icu/99/ [运行时间：0.011267s][吞吐率：88.76req/s] [内存消耗：1,864.80kb] [文件加载：51]
[ error ] [8]未定义数组下标: 1

---------------------------------------------------------------
[ 2023-09-27T19:36:03+08:00 ] [ log ] at588.icu/99/favicon.ico [运行时间：0.009928s][吞吐率：100.73req/s] [内存消耗：1,650.74kb] [文件加载：44]
[ error ] [8]未定义数组下标: 1

---------------------------------------------------------------
[ 2023-09-27T19:36:05+08:00 ] [ log ] at588.icu/99/index/open.html [运行时间：0.011191s][吞吐率：89.36req/s] [内存消耗：1,865.12kb] [文件加载：50]
[ error ] [8]未定义数组下标: 1

---------------------------------------------------------------
[ 2023-09-27T19:51:06+08:00 ] [ log ] at668.icu/99/ [运行时间：0.011310s][吞吐率：88.42req/s] [内存消耗：1,865.34kb] [文件加载：51]
[ error ] [8]未定义数组下标: 1

---------------------------------------------------------------
[ 2023-09-27T19:51:07+08:00 ] [ log ] at668.icu/99/favicon.ico [运行时间：0.009459s][吞吐率：105.72req/s] [内存消耗：1,650.74kb] [文件加载：44]
[ error ] [8]未定义数组下标: 1

---------------------------------------------------------------
[ 2023-09-27T19:51:10+08:00 ] [ log ] at779.icu/99/ [运行时间：0.011504s][吞吐率：86.92req/s] [内存消耗：1,865.34kb] [文件加载：51]
[ error ] [8]未定义数组下标: 1

---------------------------------------------------------------
[ 2023-09-27T19:51:11+08:00 ] [ log ] at779.icu/99/favicon.ico [运行时间：0.009461s][吞吐率：105.70req/s] [内存消耗：1,650.74kb] [文件加载：44]
[ error ] [8]未定义数组下标: 1

---------------------------------------------------------------
[ 2023-09-27T19:52:15+08:00 ] [ log ] at668.icu/99/ [运行时间：0.011368s][吞吐率：87.97req/s] [内存消耗：1,857.63kb] [文件加载：48]
[ error ] [8]Undefined offset: 1

---------------------------------------------------------------
[ 2023-09-27T19:52:16+08:00 ] [ log ] at668.icu/99/ [运行时间：0.011119s][吞吐率：89.94req/s] [内存消耗：1,865.34kb] [文件加载：51]
[ error ] [8]未定义数组下标: 1

---------------------------------------------------------------
[ 2023-09-27T19:53:43+08:00 ] [ log ] at588.icu/99/ [运行时间：0.010711s][吞吐率：93.36req/s] [内存消耗：1,864.80kb] [文件加载：51]
[ error ] [8]未定义数组下标: 1

---------------------------------------------------------------
[ 2023-09-27T19:53:43+08:00 ] [ log ] at588.icu/99/favicon.ico [运行时间：0.009523s][吞吐率：105.01req/s] [内存消耗：1,650.74kb] [文件加载：44]
[ error ] [8]未定义数组下标: 1

---------------------------------------------------------------
[ 2023-09-27T19:53:47+08:00 ] [ log ] at588.icu/99/index/open.html [运行时间：0.011501s][吞吐率：86.95req/s] [内存消耗：1,865.12kb] [文件加载：50]
[ error ] [8]未定义数组下标: 1

---------------------------------------------------------------
[ 2023-09-27T19:59:09+08:00 ] [ log ] at779.icu/99/ [运行时间：0.014500s][吞吐率：68.97req/s] [内存消耗：1,865.34kb] [文件加载：51]
[ error ] [8]未定义数组下标: 1

---------------------------------------------------------------
[ 2023-09-27T19:59:11+08:00 ] [ log ] at779.icu/99/favicon.ico [运行时间：0.009386s][吞吐率：106.54req/s] [内存消耗：1,650.74kb] [文件加载：44]
[ error ] [8]未定义数组下标: 1

---------------------------------------------------------------
[ 2023-09-27T19:59:22+08:00 ] [ log ] at779.icu/99/index/open.html [运行时间：0.014903s][吞吐率：67.10req/s] [内存消耗：1,865.12kb] [文件加载：50]
[ error ] [8]未定义数组下标: 1

---------------------------------------------------------------
[ 2023-09-27T19:59:36+08:00 ] [ log ] at779.icu/99/ [运行时间：0.010570s][吞吐率：94.61req/s] [内存消耗：1,865.34kb] [文件加载：51]
[ error ] [8]未定义数组下标: 1

---------------------------------------------------------------
[ 2023-09-27T20:36:50+08:00 ] [ log ] at588.icu/99/?uc_sm=1 [运行时间：0.010870s][吞吐率：92.00req/s] [内存消耗：1,865.97kb] [文件加载：51]
[ error ] [8]未定义数组下标: 1

---------------------------------------------------------------
[ 2023-09-27T20:36:51+08:00 ] [ log ] at588.icu/99/ [运行时间：0.011387s][吞吐率：87.82req/s] [内存消耗：1,865.34kb] [文件加载：51]
[ error ] [8]未定义数组下标: 1

---------------------------------------------------------------
[ 2023-09-27T20:36:53+08:00 ] [ log ] at588.icu/99/favicon.ico [运行时间：0.009355s][吞吐率：106.90req/s] [内存消耗：1,650.74kb] [文件加载：44]
[ error ] [8]未定义数组下标: 1

---------------------------------------------------------------
[ 2023-09-27T20:36:55+08:00 ] [ log ] at588.icu/99/index/open.html [运行时间：0.015752s][吞吐率：63.48req/s] [内存消耗：1,865.12kb] [文件加载：50]
[ error ] [8]未定义数组下标: 1

---------------------------------------------------------------
[ 2023-09-27T20:40:01+08:00 ] [ log ] at668.icu/99/ [运行时间：0.010965s][吞吐率：91.20req/s] [内存消耗：1,865.34kb] [文件加载：51]
[ error ] [8]未定义数组下标: 1

---------------------------------------------------------------
[ 2023-09-27T20:40:02+08:00 ] [ log ] at668.icu/99/ [运行时间：0.010748s][吞吐率：93.04req/s] [内存消耗：1,865.34kb] [文件加载：51]
[ error ] [8]未定义数组下标: 1

---------------------------------------------------------------
[ 2023-09-27T20:40:05+08:00 ] [ log ] at668.icu/99/favicon.ico [运行时间：0.009353s][吞吐率：106.92req/s] [内存消耗：1,650.74kb] [文件加载：44]
[ error ] [8]未定义数组下标: 1

---------------------------------------------------------------
[ 2023-09-27T20:40:08+08:00 ] [ log ] at668.icu/99/index/open.html [运行时间：0.017519s][吞吐率：57.08req/s] [内存消耗：1,865.12kb] [文件加载：50]
[ error ] [8]未定义数组下标: 1

---------------------------------------------------------------
[ 2023-09-27T20:46:04+08:00 ] [ log ] at668.icu/99/ [运行时间：0.011561s][吞吐率：86.50req/s] [内存消耗：1,865.34kb] [文件加载：51]
[ error ] [8]未定义数组下标: 1

---------------------------------------------------------------
[ 2023-09-27T20:46:45+08:00 ] [ log ] at668.icu/99/index/open.html [运行时间：0.010846s][吞吐率：92.20req/s] [内存消耗：1,865.12kb] [文件加载：50]
[ error ] [8]未定义数组下标: 1

---------------------------------------------------------------
[ 2023-09-27T21:04:56+08:00 ] [ log ] at888.icu/99/ [运行时间：0.014525s][吞吐率：68.85req/s] [内存消耗：1,865.34kb] [文件加载：51]
[ error ] [8]未定义数组下标: 1

---------------------------------------------------------------
[ 2023-09-27T21:04:56+08:00 ] [ log ] at888.icu/99/favicon.ico [运行时间：0.009308s][吞吐率：107.43req/s] [内存消耗：1,650.74kb] [文件加载：44]
[ error ] [8]未定义数组下标: 1

---------------------------------------------------------------
[ 2023-09-27T21:23:56+08:00 ] [ log ] at588.icu/99/?uc_sm=1 [运行时间：0.010810s][吞吐率：92.51req/s] [内存消耗：1,865.97kb] [文件加载：51]
[ error ] [8]未定义数组下标: 1

---------------------------------------------------------------
[ 2023-09-27T21:23:56+08:00 ] [ log ] at588.icu/99/ [运行时间：0.010760s][吞吐率：92.94req/s] [内存消耗：1,865.34kb] [文件加载：51]
[ error ] [8]未定义数组下标: 1

---------------------------------------------------------------
[ 2023-09-27T21:23:57+08:00 ] [ log ] at588.icu/99/favicon.ico [运行时间：0.009153s][吞吐率：109.26req/s] [内存消耗：1,650.74kb] [文件加载：44]
[ error ] [8]未定义数组下标: 1

---------------------------------------------------------------
[ 2023-09-27T21:24:00+08:00 ] [ log ] at588.icu/99/index/open.html [运行时间：0.010702s][吞吐率：93.44req/s] [内存消耗：1,865.12kb] [文件加载：50]
[ error ] [8]未定义数组下标: 1

---------------------------------------------------------------
[ 2023-09-27T22:48:17+08:00 ] [ log ] at779.icu/99/ [运行时间：0.010763s][吞吐率：92.91req/s] [内存消耗：1,865.34kb] [文件加载：51]
[ error ] [8]未定义数组下标: 1

---------------------------------------------------------------
[ 2023-09-27T22:48:20+08:00 ] [ log ] at779.icu/99/index/open.html [运行时间：0.011590s][吞吐率：86.28req/s] [内存消耗：1,865.12kb] [文件加载：50]
[ error ] [8]未定义数组下标: 1

---------------------------------------------------------------
[ 2023-09-27T22:48:28+08:00 ] [ log ] at779.icu/99/ [运行时间：0.016880s][吞吐率：59.24req/s] [内存消耗：1,865.34kb] [文件加载：51]
[ error ] [8]未定义数组下标: 1

---------------------------------------------------------------
[ 2023-09-27T22:48:29+08:00 ] [ log ] at779.icu/99/favicon.ico [运行时间：0.014207s][吞吐率：70.39req/s] [内存消耗：1,650.74kb] [文件加载：44]
[ error ] [8]未定义数组下标: 1

---------------------------------------------------------------
[ 2023-09-27T22:48:30+08:00 ] [ log ] at779.icu/99/index/open.html [运行时间：0.010998s][吞吐率：90.93req/s] [内存消耗：1,865.12kb] [文件加载：50]
[ error ] [8]未定义数组下标: 1

---------------------------------------------------------------
[ 2023-09-27T22:48:31+08:00 ] [ log ] at779.icu/99/favicon.ico [运行时间：0.014474s][吞吐率：69.09req/s] [内存消耗：1,650.74kb] [文件加载：44]
[ error ] [8]未定义数组下标: 1

---------------------------------------------------------------
[ 2023-09-27T22:49:20+08:00 ] [ log ] at779.icu/99/index/open.html [运行时间：0.014885s][吞吐率：67.18req/s] [内存消耗：1,865.65kb] [文件加载：50]
[ error ] [8]未定义数组下标: 1

---------------------------------------------------------------
[ 2023-09-27T23:03:03+08:00 ] [ log ] at566.icu/99/ [运行时间：0.011037s][吞吐率：90.60req/s] [内存消耗：1,865.34kb] [文件加载：51]
[ error ] [8]未定义数组下标: 1

---------------------------------------------------------------
