[ 2023-09-28T03:37:55+08:00 ] [ log ] at566.icu/99/ [运行时间：0.012042s][吞吐率：83.04req/s] [内存消耗：1,857.63kb] [文件加载：48]
[ error ] [8]Undefined offset: 1

---------------------------------------------------------------
[ 2023-09-28T03:37:56+08:00 ] [ log ] at566.icu/99/favicon.ico [运行时间：0.012022s][吞吐率：83.18req/s] [内存消耗：1,643.13kb] [文件加载：42]
[ error ] [8]Undefined offset: 1

---------------------------------------------------------------
[ 2023-09-28T05:26:15+08:00 ] [ log ] at566.icu/99/ [运行时间：0.012645s][吞吐率：79.08req/s] [内存消耗：1,857.63kb] [文件加载：48]
[ error ] [8]Undefined offset: 1

---------------------------------------------------------------
[ 2023-09-28T05:32:48+08:00 ] [ log ] at588.icu/99/ [运行时间：0.013989s][吞吐率：71.48req/s] [内存消耗：1,865.34kb] [文件加载：51]
[ error ] [8]未定义数组下标: 1

---------------------------------------------------------------
[ 2023-09-28T05:32:49+08:00 ] [ log ] at588.icu/99/favicon.ico [运行时间：0.009536s][吞吐率：104.87req/s] [内存消耗：1,650.74kb] [文件加载：44]
[ error ] [8]未定义数组下标: 1

---------------------------------------------------------------
[ 2023-09-28T05:32:52+08:00 ] [ log ] at588.icu/99/index/open.html [运行时间：0.011249s][吞吐率：88.90req/s] [内存消耗：1,865.12kb] [文件加载：50]
[ error ] [8]未定义数组下标: 1

---------------------------------------------------------------
[ 2023-09-28T06:32:02+08:00 ] [ log ] at566.icu/99/ [运行时间：0.040095s][吞吐率：24.94req/s] [内存消耗：1,857.63kb] [文件加载：48]
[ error ] [8]Undefined offset: 1

---------------------------------------------------------------
[ 2023-09-28T06:37:55+08:00 ] [ log ] at779.icu/99/ [运行时间：0.011583s][吞吐率：86.33req/s] [内存消耗：1,865.34kb] [文件加载：51]
[ error ] [8]未定义数组下标: 1

---------------------------------------------------------------
[ 2023-09-28T06:37:57+08:00 ] [ log ] at779.icu/99/favicon.ico [运行时间：0.011175s][吞吐率：89.49req/s] [内存消耗：1,650.74kb] [文件加载：44]
[ error ] [8]未定义数组下标: 1

---------------------------------------------------------------
[ 2023-09-28T09:25:46+08:00 ] [ log ] at668.icu/99/ [运行时间：0.013767s][吞吐率：72.64req/s] [内存消耗：1,865.34kb] [文件加载：51]
[ error ] [8]未定义数组下标: 1

---------------------------------------------------------------
[ 2023-09-28T09:42:35+08:00 ] [ log ] at668.icu/99/ [运行时间：0.010757s][吞吐率：92.96req/s] [内存消耗：1,865.34kb] [文件加载：51]
[ error ] [8]未定义数组下标: 1

---------------------------------------------------------------
[ 2023-09-28T09:42:35+08:00 ] [ log ] at668.icu/99/favicon.ico [运行时间：0.009895s][吞吐率：101.06req/s] [内存消耗：1,650.74kb] [文件加载：44]
[ error ] [8]未定义数组下标: 1

---------------------------------------------------------------
[ 2023-09-28T09:42:38+08:00 ] [ log ] at668.icu/99/index/open.html [运行时间：0.010716s][吞吐率：93.32req/s] [内存消耗：1,865.12kb] [文件加载：50]
[ error ] [8]未定义数组下标: 1

---------------------------------------------------------------
[ 2023-09-28T09:42:47+08:00 ] [ log ] at668.icu/99/ [运行时间：0.015249s][吞吐率：65.58req/s] [内存消耗：1,864.80kb] [文件加载：51]
[ error ] [8]未定义数组下标: 1

---------------------------------------------------------------
[ 2023-09-28T10:04:00+08:00 ] [ log ] at668.icu/99/ [运行时间：0.039881s][吞吐率：25.07req/s] [内存消耗：1,864.80kb] [文件加载：51]
[ error ] [8]未定义数组下标: 1

---------------------------------------------------------------
[ 2023-09-28T10:04:00+08:00 ] [ log ] at668.icu/99/favicon.ico [运行时间：0.035374s][吞吐率：28.27req/s] [内存消耗：1,650.74kb] [文件加载：44]
[ error ] [8]未定义数组下标: 1

---------------------------------------------------------------
[ 2023-09-28T10:04:05+08:00 ] [ log ] at668.icu/99/index/open.html [运行时间：0.010700s][吞吐率：93.46req/s] [内存消耗：1,865.12kb] [文件加载：50]
[ error ] [8]未定义数组下标: 1

---------------------------------------------------------------
[ 2023-09-28T10:04:44+08:00 ] [ log ] at668.icu/99/ [运行时间：0.022771s][吞吐率：43.92req/s] [内存消耗：1,864.80kb] [文件加载：51]
[ error ] [8]未定义数组下标: 1

---------------------------------------------------------------
[ 2023-09-28T10:36:40+08:00 ] [ log ] at666.icu/99/ [运行时间：0.033738s][吞吐率：29.64req/s] [内存消耗：1,865.34kb] [文件加载：51]
[ error ] [8]未定义数组下标: 1

---------------------------------------------------------------
[ 2023-09-28T10:36:44+08:00 ] [ log ] at666.icu/99/index/open.html [运行时间：0.010702s][吞吐率：93.44req/s] [内存消耗：1,865.12kb] [文件加载：50]
[ error ] [8]未定义数组下标: 1

---------------------------------------------------------------
[ 2023-09-28T10:38:41+08:00 ] [ log ] at588.icu/99/ [运行时间：0.011260s][吞吐率：88.81req/s] [内存消耗：1,865.34kb] [文件加载：51]
[ error ] [8]未定义数组下标: 1

---------------------------------------------------------------
[ 2023-09-28T10:38:42+08:00 ] [ log ] at588.icu/99/favicon.ico [运行时间：0.009366s][吞吐率：106.77req/s] [内存消耗：1,650.74kb] [文件加载：44]
[ error ] [8]未定义数组下标: 1

---------------------------------------------------------------
[ 2023-09-28T10:38:45+08:00 ] [ log ] at588.icu/99/index/open.html [运行时间：0.013390s][吞吐率：74.68req/s] [内存消耗：1,865.12kb] [文件加载：50]
[ error ] [8]未定义数组下标: 1

---------------------------------------------------------------
[ 2023-09-28T10:39:46+08:00 ] [ log ] at588.icu/99/ [运行时间：0.014266s][吞吐率：70.10req/s] [内存消耗：1,865.34kb] [文件加载：51]
[ error ] [8]未定义数组下标: 1

---------------------------------------------------------------
[ 2023-09-28T11:12:41+08:00 ] [ log ] at779.icu/99/ [运行时间：0.011582s][吞吐率：86.34req/s] [内存消耗：1,865.34kb] [文件加载：51]
[ error ] [8]未定义数组下标: 1

---------------------------------------------------------------
[ 2023-09-28T11:12:42+08:00 ] [ log ] at779.icu/99/favicon.ico [运行时间：0.014371s][吞吐率：69.58req/s] [内存消耗：1,650.74kb] [文件加载：44]
[ error ] [8]未定义数组下标: 1

---------------------------------------------------------------
[ 2023-09-28T11:12:45+08:00 ] [ log ] at779.icu/99/index/open.html [运行时间：0.039753s][吞吐率：25.16req/s] [内存消耗：1,865.12kb] [文件加载：50]
[ error ] [8]未定义数组下标: 1

---------------------------------------------------------------
[ 2023-09-28T11:21:08+08:00 ] [ log ] at588.icu/99/?uc_sm=1&from=wh10331 [运行时间：0.014955s][吞吐率：66.87req/s] [内存消耗：1,865.98kb] [文件加载：51]
[ error ] [8]未定义数组下标: 1

---------------------------------------------------------------
[ 2023-09-28T11:21:08+08:00 ] [ log ] at588.icu/99/ [运行时间：0.011462s][吞吐率：87.25req/s] [内存消耗：1,865.34kb] [文件加载：51]
[ error ] [8]未定义数组下标: 1

---------------------------------------------------------------
[ 2023-09-28T11:21:08+08:00 ] [ log ] at588.icu/99/favicon.ico [运行时间：0.009397s][吞吐率：106.42req/s] [内存消耗：1,650.74kb] [文件加载：44]
[ error ] [8]未定义数组下标: 1

---------------------------------------------------------------
[ 2023-09-28T11:21:11+08:00 ] [ log ] at588.icu/99/index/open.html [运行时间：0.016335s][吞吐率：61.22req/s] [内存消耗：1,865.12kb] [文件加载：50]
[ error ] [8]未定义数组下标: 1

---------------------------------------------------------------
[ 2023-09-28T11:23:28+08:00 ] [ log ] at888.icu/99/ [运行时间：0.010874s][吞吐率：91.96req/s] [内存消耗：1,865.34kb] [文件加载：51]
[ error ] [8]未定义数组下标: 1

---------------------------------------------------------------
[ 2023-09-28T11:24:13+08:00 ] [ log ] at779.icu/99/ [运行时间：0.010836s][吞吐率：92.29req/s] [内存消耗：1,865.34kb] [文件加载：51]
[ error ] [8]未定义数组下标: 1

---------------------------------------------------------------
[ 2023-09-28T11:24:14+08:00 ] [ log ] at779.icu/99/favicon.ico [运行时间：0.014464s][吞吐率：69.14req/s] [内存消耗：1,650.74kb] [文件加载：44]
[ error ] [8]未定义数组下标: 1

---------------------------------------------------------------
[ 2023-09-28T11:24:16+08:00 ] [ log ] at779.icu/99/index/open.html [运行时间：0.010568s][吞吐率：94.62req/s] [内存消耗：1,865.12kb] [文件加载：50]
[ error ] [8]未定义数组下标: 1

---------------------------------------------------------------
[ 2023-09-28T11:25:58+08:00 ] [ log ] at779.icu/99/index/open.html [运行时间：0.010857s][吞吐率：92.11req/s] [内存消耗：1,865.12kb] [文件加载：50]
[ error ] [8]未定义数组下标: 1

---------------------------------------------------------------
[ 2023-09-28T11:26:04+08:00 ] [ log ] at779.icu/99/ [运行时间：0.010991s][吞吐率：90.98req/s] [内存消耗：1,864.80kb] [文件加载：51]
[ error ] [8]未定义数组下标: 1

---------------------------------------------------------------
[ 2023-09-28T11:26:05+08:00 ] [ log ] at779.icu/99/favicon.ico [运行时间：0.016331s][吞吐率：61.23req/s] [内存消耗：1,650.74kb] [文件加载：44]
[ error ] [8]未定义数组下标: 1

---------------------------------------------------------------
[ 2023-09-28T11:26:07+08:00 ] [ log ] at779.icu/99/index/open.html [运行时间：0.013101s][吞吐率：76.33req/s] [内存消耗：1,865.12kb] [文件加载：50]
[ error ] [8]未定义数组下标: 1

---------------------------------------------------------------
[ 2023-09-28T11:56:50+08:00 ] [ log ] at668.icu/99/ [运行时间：0.011612s][吞吐率：86.12req/s] [内存消耗：1,865.34kb] [文件加载：51]
[ error ] [8]未定义数组下标: 1

---------------------------------------------------------------
[ 2023-09-28T11:56:52+08:00 ] [ log ] at668.icu/99/favicon.ico [运行时间：0.010060s][吞吐率：99.40req/s] [内存消耗：1,650.74kb] [文件加载：44]
[ error ] [8]未定义数组下标: 1

---------------------------------------------------------------
[ 2023-09-28T11:56:55+08:00 ] [ log ] at668.icu/99/index/open.html [运行时间：0.010730s][吞吐率：93.20req/s] [内存消耗：1,865.12kb] [文件加载：50]
[ error ] [8]未定义数组下标: 1

---------------------------------------------------------------
[ 2023-09-28T11:57:38+08:00 ] [ log ] at668.icu/99/index/open.html [运行时间：0.014328s][吞吐率：69.79req/s] [内存消耗：1,865.12kb] [文件加载：50]
[ error ] [8]未定义数组下标: 1

---------------------------------------------------------------
[ 2023-09-28T11:58:18+08:00 ] [ log ] at668.icu/99/ [运行时间：0.011064s][吞吐率：90.38req/s] [内存消耗：1,864.80kb] [文件加载：51]
[ error ] [8]未定义数组下标: 1

---------------------------------------------------------------
[ 2023-09-28T11:58:18+08:00 ] [ log ] at668.icu/99/favicon.ico [运行时间：0.009468s][吞吐率：105.62req/s] [内存消耗：1,650.74kb] [文件加载：44]
[ error ] [8]未定义数组下标: 1

---------------------------------------------------------------
[ 2023-09-28T11:58:21+08:00 ] [ log ] at668.icu/99/index/open.html [运行时间：0.010876s][吞吐率：91.95req/s] [内存消耗：1,865.12kb] [文件加载：50]
[ error ] [8]未定义数组下标: 1

---------------------------------------------------------------
[ 2023-09-28T11:58:45+08:00 ] [ log ] at779.icu/99/ [运行时间：0.010781s][吞吐率：92.76req/s] [内存消耗：1,864.80kb] [文件加载：51]
[ error ] [8]未定义数组下标: 1

---------------------------------------------------------------
[ 2023-09-28T11:58:46+08:00 ] [ log ] at779.icu/99/favicon.ico [运行时间：0.009462s][吞吐率：105.69req/s] [内存消耗：1,650.74kb] [文件加载：44]
[ error ] [8]未定义数组下标: 1

---------------------------------------------------------------
[ 2023-09-28T11:58:47+08:00 ] [ log ] at779.icu/99/index/open.html [运行时间：0.010734s][吞吐率：93.16req/s] [内存消耗：1,865.12kb] [文件加载：50]
[ error ] [8]未定义数组下标: 1

---------------------------------------------------------------
[ 2023-09-28T11:58:58+08:00 ] [ log ] at668.icu/99/index/open.html [运行时间：0.010826s][吞吐率：92.37req/s] [内存消耗：1,865.12kb] [文件加载：50]
[ error ] [8]未定义数组下标: 1

---------------------------------------------------------------
[ 2023-09-28T11:59:31+08:00 ] [ log ] at668.icu/99/index/open.html [运行时间：0.010763s][吞吐率：92.91req/s] [内存消耗：1,865.12kb] [文件加载：50]
[ error ] [8]未定义数组下标: 1

---------------------------------------------------------------
[ 2023-09-28T12:00:20+08:00 ] [ log ] at668.icu/99/ [运行时间：0.012042s][吞吐率：83.04req/s] [内存消耗：1,864.80kb] [文件加载：51]
[ error ] [8]未定义数组下标: 1

---------------------------------------------------------------
[ 2023-09-28T12:00:21+08:00 ] [ log ] at668.icu/99/favicon.ico [运行时间：0.009233s][吞吐率：108.31req/s] [内存消耗：1,650.74kb] [文件加载：44]
[ error ] [8]未定义数组下标: 1

---------------------------------------------------------------
[ 2023-09-28T12:00:24+08:00 ] [ log ] at668.icu/99/index/open.html [运行时间：0.011045s][吞吐率：90.54req/s] [内存消耗：1,865.12kb] [文件加载：50]
[ error ] [8]未定义数组下标: 1

---------------------------------------------------------------
[ 2023-09-28T12:00:50+08:00 ] [ log ] at668.icu/99/ [运行时间：0.010771s][吞吐率：92.84req/s] [内存消耗：1,864.80kb] [文件加载：51]
[ error ] [8]未定义数组下标: 1

---------------------------------------------------------------
[ 2023-09-28T12:00:51+08:00 ] [ log ] at668.icu/99/favicon.ico [运行时间：0.011908s][吞吐率：83.98req/s] [内存消耗：1,650.74kb] [文件加载：44]
[ error ] [8]未定义数组下标: 1

---------------------------------------------------------------
[ 2023-09-28T12:00:53+08:00 ] [ log ] at668.icu/99/index/open.html [运行时间：0.010878s][吞吐率：91.93req/s] [内存消耗：1,865.12kb] [文件加载：50]
[ error ] [8]未定义数组下标: 1

---------------------------------------------------------------
[ 2023-09-28T12:01:47+08:00 ] [ log ] at668.icu/99/index/open.html [运行时间：0.010661s][吞吐率：93.80req/s] [内存消耗：1,865.12kb] [文件加载：50]
[ error ] [8]未定义数组下标: 1

---------------------------------------------------------------
[ 2023-09-28T12:01:53+08:00 ] [ log ] at668.icu/99/ [运行时间：0.012996s][吞吐率：76.95req/s] [内存消耗：1,864.80kb] [文件加载：51]
[ error ] [8]未定义数组下标: 1

---------------------------------------------------------------
[ 2023-09-28T12:01:53+08:00 ] [ log ] at668.icu/99/favicon.ico [运行时间：0.009617s][吞吐率：103.98req/s] [内存消耗：1,650.74kb] [文件加载：44]
[ error ] [8]未定义数组下标: 1

---------------------------------------------------------------
[ 2023-09-28T12:01:55+08:00 ] [ log ] at668.icu/99/index/open.html [运行时间：0.011017s][吞吐率：90.77req/s] [内存消耗：1,865.12kb] [文件加载：50]
[ error ] [8]未定义数组下标: 1

---------------------------------------------------------------
[ 2023-09-28T12:02:01+08:00 ] [ log ] at668.icu/99/index/open.html [运行时间：0.010726s][吞吐率：93.23req/s] [内存消耗：1,865.12kb] [文件加载：50]
[ error ] [8]未定义数组下标: 1

---------------------------------------------------------------
[ 2023-09-28T12:04:03+08:00 ] [ log ] at668.icu/99/ [运行时间：0.011036s][吞吐率：90.61req/s] [内存消耗：1,864.80kb] [文件加载：51]
[ error ] [8]未定义数组下标: 1

---------------------------------------------------------------
[ 2023-09-28T12:04:04+08:00 ] [ log ] at668.icu/99/favicon.ico [运行时间：0.009459s][吞吐率：105.72req/s] [内存消耗：1,650.74kb] [文件加载：44]
[ error ] [8]未定义数组下标: 1

---------------------------------------------------------------
[ 2023-09-28T12:04:25+08:00 ] [ log ] at668.icu/99/ [运行时间：0.011905s][吞吐率：84.00req/s] [内存消耗：1,864.80kb] [文件加载：51]
[ error ] [8]未定义数组下标: 1

---------------------------------------------------------------
[ 2023-09-28T12:04:26+08:00 ] [ log ] at668.icu/99/favicon.ico [运行时间：0.009302s][吞吐率：107.50req/s] [内存消耗：1,650.74kb] [文件加载：44]
[ error ] [8]未定义数组下标: 1

---------------------------------------------------------------
[ 2023-09-28T12:04:43+08:00 ] [ log ] at668.icu/99/ [运行时间：0.010753s][吞吐率：93.00req/s] [内存消耗：1,864.80kb] [文件加载：51]
[ error ] [8]未定义数组下标: 1

---------------------------------------------------------------
[ 2023-09-28T12:04:44+08:00 ] [ log ] at668.icu/99/favicon.ico [运行时间：0.009332s][吞吐率：107.16req/s] [内存消耗：1,650.74kb] [文件加载：44]
[ error ] [8]未定义数组下标: 1

---------------------------------------------------------------
[ 2023-09-28T12:04:51+08:00 ] [ log ] at668.icu/99/index/open.html [运行时间：0.010655s][吞吐率：93.85req/s] [内存消耗：1,865.12kb] [文件加载：50]
[ error ] [8]未定义数组下标: 1

---------------------------------------------------------------
[ 2023-09-28T12:06:40+08:00 ] [ log ] at668.icu/99/index/open.html [运行时间：0.016000s][吞吐率：62.50req/s] [内存消耗：1,865.12kb] [文件加载：50]
[ error ] [8]未定义数组下标: 1

---------------------------------------------------------------
[ 2023-09-28T12:07:14+08:00 ] [ log ] at668.icu/99/index/open.html [运行时间：0.014538s][吞吐率：68.79req/s] [内存消耗：1,865.12kb] [文件加载：50]
[ error ] [8]未定义数组下标: 1

---------------------------------------------------------------
[ 2023-09-28T12:08:17+08:00 ] [ log ] at668.icu/99/index/open.html [运行时间：0.011303s][吞吐率：88.47req/s] [内存消耗：1,865.12kb] [文件加载：50]
[ error ] [8]未定义数组下标: 1

---------------------------------------------------------------
[ 2023-09-28T12:11:37+08:00 ] [ log ] at668.icu/99/index/open.html [运行时间：0.014995s][吞吐率：66.69req/s] [内存消耗：1,865.12kb] [文件加载：50]
[ error ] [8]未定义数组下标: 1

---------------------------------------------------------------
[ 2023-09-28T12:12:22+08:00 ] [ log ] at668.icu/99/index/open.html [运行时间：0.024633s][吞吐率：40.60req/s] [内存消耗：1,865.12kb] [文件加载：50]
[ error ] [8]未定义数组下标: 1

---------------------------------------------------------------
[ 2023-09-28T12:17:12+08:00 ] [ log ] at779.icu/99/ [运行时间：0.011209s][吞吐率：89.21req/s] [内存消耗：1,865.34kb] [文件加载：51]
[ error ] [8]未定义数组下标: 1

---------------------------------------------------------------
[ 2023-09-28T12:17:17+08:00 ] [ log ] at779.icu/99/favicon.ico [运行时间：0.009177s][吞吐率：108.97req/s] [内存消耗：1,650.74kb] [文件加载：44]
[ error ] [8]未定义数组下标: 1

---------------------------------------------------------------
[ 2023-09-28T12:17:19+08:00 ] [ log ] at779.icu/99/index/open.html [运行时间：0.010704s][吞吐率：93.42req/s] [内存消耗：1,865.12kb] [文件加载：50]
[ error ] [8]未定义数组下标: 1

---------------------------------------------------------------
[ 2023-09-28T12:24:03+08:00 ] [ log ] at668.icu/99/ [运行时间：0.010919s][吞吐率：91.58req/s] [内存消耗：1,865.34kb] [文件加载：51]
[ error ] [8]未定义数组下标: 1

---------------------------------------------------------------
[ 2023-09-28T12:24:06+08:00 ] [ log ] at668.icu/99/favicon.ico [运行时间：0.035235s][吞吐率：28.38req/s] [内存消耗：1,650.74kb] [文件加载：44]
[ error ] [8]未定义数组下标: 1

---------------------------------------------------------------
[ 2023-09-28T12:24:08+08:00 ] [ log ] at668.icu/99/index/open.html [运行时间：0.010836s][吞吐率：92.28req/s] [内存消耗：1,865.12kb] [文件加载：50]
[ error ] [8]未定义数组下标: 1

---------------------------------------------------------------
[ 2023-09-28T12:27:47+08:00 ] [ log ] at588.icu/99/ [运行时间：0.014072s][吞吐率：71.06req/s] [内存消耗：1,865.34kb] [文件加载：51]
[ error ] [8]未定义数组下标: 1

---------------------------------------------------------------
[ 2023-09-28T12:28:04+08:00 ] [ log ] at588.icu/99/favicon.ico [运行时间：0.009863s][吞吐率：101.39req/s] [内存消耗：1,650.74kb] [文件加载：44]
[ error ] [8]未定义数组下标: 1

---------------------------------------------------------------
[ 2023-09-28T12:28:07+08:00 ] [ log ] at588.icu/99/index/open.html [运行时间：0.017294s][吞吐率：57.82req/s] [内存消耗：1,865.12kb] [文件加载：50]
[ error ] [8]未定义数组下标: 1

---------------------------------------------------------------
[ 2023-09-28T12:29:50+08:00 ] [ log ] at779.icu/99/ [运行时间：0.010837s][吞吐率：92.28req/s] [内存消耗：1,865.34kb] [文件加载：51]
[ error ] [8]未定义数组下标: 1

---------------------------------------------------------------
[ 2023-09-28T12:29:51+08:00 ] [ log ] at779.icu/99/favicon.ico [运行时间：0.009279s][吞吐率：107.77req/s] [内存消耗：1,650.74kb] [文件加载：44]
[ error ] [8]未定义数组下标: 1

---------------------------------------------------------------
[ 2023-09-28T12:29:52+08:00 ] [ log ] at779.icu/99/index/open.html [运行时间：0.011965s][吞吐率：83.58req/s] [内存消耗：1,865.12kb] [文件加载：50]
[ error ] [8]未定义数组下标: 1

---------------------------------------------------------------
[ 2023-09-28T12:40:11+08:00 ] [ log ] at779.icu/99/ [运行时间：0.011474s][吞吐率：87.15req/s] [内存消耗：1,864.80kb] [文件加载：51]
[ error ] [8]未定义数组下标: 1

---------------------------------------------------------------
[ 2023-09-28T12:40:13+08:00 ] [ log ] at779.icu/99/favicon.ico [运行时间：0.009445s][吞吐率：105.88req/s] [内存消耗：1,650.74kb] [文件加载：44]
[ error ] [8]未定义数组下标: 1

---------------------------------------------------------------
[ 2023-09-28T12:42:22+08:00 ] [ log ] at779.icu/99/index/open.html [运行时间：0.010741s][吞吐率：93.10req/s] [内存消耗：1,865.12kb] [文件加载：50]
[ error ] [8]未定义数组下标: 1

---------------------------------------------------------------
[ 2023-09-28T13:22:29+08:00 ] [ log ] at779.icu/99/ [运行时间：0.011377s][吞吐率：87.90req/s] [内存消耗：1,865.34kb] [文件加载：51]
[ error ] [8]未定义数组下标: 1

---------------------------------------------------------------
[ 2023-09-28T13:22:35+08:00 ] [ log ] at779.icu/99/index/open.html [运行时间：0.011083s][吞吐率：90.23req/s] [内存消耗：1,865.12kb] [文件加载：50]
[ error ] [8]未定义数组下标: 1

---------------------------------------------------------------
[ 2023-09-28T13:22:39+08:00 ] [ log ] at779.icu/99/favicon.ico [运行时间：0.014123s][吞吐率：70.81req/s] [内存消耗：1,650.74kb] [文件加载：44]
[ error ] [8]未定义数组下标: 1

---------------------------------------------------------------
[ 2023-09-28T13:38:16+08:00 ] [ log ] at779.icu/99/ [运行时间：0.010993s][吞吐率：90.97req/s] [内存消耗：1,864.80kb] [文件加载：51]
[ error ] [8]未定义数组下标: 1

---------------------------------------------------------------
[ 2023-09-28T13:38:16+08:00 ] [ log ] at779.icu/99/favicon.ico [运行时间：0.009938s][吞吐率：100.62req/s] [内存消耗：1,650.74kb] [文件加载：44]
[ error ] [8]未定义数组下标: 1

---------------------------------------------------------------
[ 2023-09-28T13:38:19+08:00 ] [ log ] at779.icu/99/index/open.html [运行时间：0.011241s][吞吐率：88.96req/s] [内存消耗：1,865.12kb] [文件加载：50]
[ error ] [8]未定义数组下标: 1

---------------------------------------------------------------
[ 2023-09-28T13:38:35+08:00 ] [ log ] at779.icu/99/index/open.html [运行时间：0.010578s][吞吐率：94.54req/s] [内存消耗：1,865.12kb] [文件加载：50]
[ error ] [8]未定义数组下标: 1

---------------------------------------------------------------
[ 2023-09-28T13:50:39+08:00 ] [ log ] at588.icu/99/?uc_sm=1 [运行时间：0.011322s][吞吐率：88.32req/s] [内存消耗：1,865.97kb] [文件加载：51]
[ error ] [8]未定义数组下标: 1

---------------------------------------------------------------
[ 2023-09-28T13:50:39+08:00 ] [ log ] at588.icu/99/ [运行时间：0.010688s][吞吐率：93.56req/s] [内存消耗：1,865.34kb] [文件加载：51]
[ error ] [8]未定义数组下标: 1

---------------------------------------------------------------
[ 2023-09-28T13:50:40+08:00 ] [ log ] at588.icu/99/favicon.ico [运行时间：0.009313s][吞吐率：107.38req/s] [内存消耗：1,650.74kb] [文件加载：44]
[ error ] [8]未定义数组下标: 1

---------------------------------------------------------------
[ 2023-09-28T13:50:43+08:00 ] [ log ] at588.icu/99/index/open.html [运行时间：0.013849s][吞吐率：72.21req/s] [内存消耗：1,865.12kb] [文件加载：50]
[ error ] [8]未定义数组下标: 1

---------------------------------------------------------------
[ 2023-09-28T14:08:22+08:00 ] [ log ] at668.icu/99/ [运行时间：0.011634s][吞吐率：85.95req/s] [内存消耗：1,865.34kb] [文件加载：51]
[ error ] [8]未定义数组下标: 1

---------------------------------------------------------------
[ 2023-09-28T14:08:22+08:00 ] [ log ] at668.icu/99/favicon.ico [运行时间：0.009373s][吞吐率：106.69req/s] [内存消耗：1,650.74kb] [文件加载：44]
[ error ] [8]未定义数组下标: 1

---------------------------------------------------------------
[ 2023-09-28T14:08:26+08:00 ] [ log ] at668.icu/99/index/open.html [运行时间：0.015604s][吞吐率：64.09req/s] [内存消耗：1,865.12kb] [文件加载：50]
[ error ] [8]未定义数组下标: 1

---------------------------------------------------------------
[ 2023-09-28T14:08:28+08:00 ] [ log ] at588.icu/99/ [运行时间：0.014528s][吞吐率：68.83req/s] [内存消耗：1,857.63kb] [文件加载：48]
[ error ] [8]Undefined offset: 1

---------------------------------------------------------------
[ 2023-09-28T14:21:15+08:00 ] [ log ] at588.icu/99/ [运行时间：0.010646s][吞吐率：93.93req/s] [内存消耗：1,865.34kb] [文件加载：51]
[ error ] [8]未定义数组下标: 1

---------------------------------------------------------------
[ 2023-09-28T14:21:17+08:00 ] [ log ] at588.icu/99/favicon.ico [运行时间：0.011609s][吞吐率：86.14req/s] [内存消耗：1,650.74kb] [文件加载：44]
[ error ] [8]未定义数组下标: 1

---------------------------------------------------------------
[ 2023-09-28T14:21:20+08:00 ] [ log ] at588.icu/99/index/open.html [运行时间：0.010669s][吞吐率：93.73req/s] [内存消耗：1,865.12kb] [文件加载：50]
[ error ] [8]未定义数组下标: 1

---------------------------------------------------------------
[ 2023-09-28T14:23:22+08:00 ] [ log ] at779.icu/99/ [运行时间：0.014812s][吞吐率：67.51req/s] [内存消耗：1,865.34kb] [文件加载：51]
[ error ] [8]未定义数组下标: 1

---------------------------------------------------------------
[ 2023-09-28T14:23:23+08:00 ] [ log ] at779.icu/99/favicon.ico [运行时间：0.009942s][吞吐率：100.58req/s] [内存消耗：1,650.74kb] [文件加载：44]
[ error ] [8]未定义数组下标: 1

---------------------------------------------------------------
[ 2023-09-28T14:23:31+08:00 ] [ log ] at779.icu/99/index/open.html [运行时间：0.011453s][吞吐率：87.31req/s] [内存消耗：1,865.12kb] [文件加载：50]
[ error ] [8]未定义数组下标: 1

---------------------------------------------------------------
[ 2023-09-28T14:45:53+08:00 ] [ log ] at779.icu/99/ [运行时间：0.023672s][吞吐率：42.24req/s] [内存消耗：1,864.80kb] [文件加载：51]
[ error ] [8]未定义数组下标: 1

---------------------------------------------------------------
[ 2023-09-28T14:45:53+08:00 ] [ log ] at779.icu/99/favicon.ico [运行时间：0.016422s][吞吐率：60.89req/s] [内存消耗：1,650.74kb] [文件加载：44]
[ error ] [8]未定义数组下标: 1

---------------------------------------------------------------
[ 2023-09-28T14:45:55+08:00 ] [ log ] at779.icu/99/index/open.html [运行时间：0.012770s][吞吐率：78.31req/s] [内存消耗：1,865.12kb] [文件加载：50]
[ error ] [8]未定义数组下标: 1

---------------------------------------------------------------
[ 2023-09-28T15:22:31+08:00 ] [ log ] at668.icu/99/ [运行时间：0.015298s][吞吐率：65.37req/s] [内存消耗：1,865.34kb] [文件加载：51]
[ error ] [8]未定义数组下标: 1

---------------------------------------------------------------
[ 2023-09-28T15:22:33+08:00 ] [ log ] at668.icu/99/favicon.ico [运行时间：0.013936s][吞吐率：71.76req/s] [内存消耗：1,650.74kb] [文件加载：44]
[ error ] [8]未定义数组下标: 1

---------------------------------------------------------------
[ 2023-09-28T15:22:36+08:00 ] [ log ] at668.icu/99/index/open.html [运行时间：0.011188s][吞吐率：89.38req/s] [内存消耗：1,865.12kb] [文件加载：50]
[ error ] [8]未定义数组下标: 1

---------------------------------------------------------------
[ 2023-09-28T15:34:11+08:00 ] [ log ] at588.icu/99/?uc_sm=1&from=wh10331 [运行时间：0.011162s][吞吐率：89.59req/s] [内存消耗：1,865.98kb] [文件加载：51]
[ error ] [8]未定义数组下标: 1

---------------------------------------------------------------
[ 2023-09-28T15:34:11+08:00 ] [ log ] at588.icu/99/ [运行时间：0.010841s][吞吐率：92.24req/s] [内存消耗：1,865.34kb] [文件加载：51]
[ error ] [8]未定义数组下标: 1

---------------------------------------------------------------
[ 2023-09-28T15:34:35+08:00 ] [ log ] at588.icu/99/favicon.ico [运行时间：0.009419s][吞吐率：106.17req/s] [内存消耗：1,650.74kb] [文件加载：44]
[ error ] [8]未定义数组下标: 1

---------------------------------------------------------------
[ 2023-09-28T15:34:42+08:00 ] [ log ] at588.icu/99/index/open.html [运行时间：0.011688s][吞吐率：85.56req/s] [内存消耗：1,865.12kb] [文件加载：50]
[ error ] [8]未定义数组下标: 1

---------------------------------------------------------------
[ 2023-09-28T16:50:16+08:00 ] [ log ] at779.icu/99/ [运行时间：0.011274s][吞吐率：88.70req/s] [内存消耗：1,865.34kb] [文件加载：51]
[ error ] [8]未定义数组下标: 1

---------------------------------------------------------------
[ 2023-09-28T16:50:21+08:00 ] [ log ] at779.icu/99/favicon.ico [运行时间：0.009511s][吞吐率：105.14req/s] [内存消耗：1,650.74kb] [文件加载：44]
[ error ] [8]未定义数组下标: 1

---------------------------------------------------------------
[ 2023-09-28T16:50:23+08:00 ] [ log ] at779.icu/99/index/open.html [运行时间：0.014714s][吞吐率：67.96req/s] [内存消耗：1,865.12kb] [文件加载：50]
[ error ] [8]未定义数组下标: 1

---------------------------------------------------------------
[ 2023-09-28T16:56:53+08:00 ] [ log ] at779.icu/99/ [运行时间：0.010761s][吞吐率：92.93req/s] [内存消耗：1,865.34kb] [文件加载：51]
[ error ] [8]未定义数组下标: 1

---------------------------------------------------------------
[ 2023-09-28T16:57:08+08:00 ] [ log ] at779.icu/99/ [运行时间：0.010704s][吞吐率：93.42req/s] [内存消耗：1,865.34kb] [文件加载：51]
[ error ] [8]未定义数组下标: 1

---------------------------------------------------------------
[ 2023-09-28T16:57:11+08:00 ] [ log ] at779.icu/99/favicon.ico [运行时间：0.009293s][吞吐率：107.61req/s] [内存消耗：1,650.74kb] [文件加载：44]
[ error ] [8]未定义数组下标: 1

---------------------------------------------------------------
[ 2023-09-28T16:57:14+08:00 ] [ log ] at779.icu/99/index/open.html [运行时间：0.010803s][吞吐率：92.57req/s] [内存消耗：1,865.12kb] [文件加载：50]
[ error ] [8]未定义数组下标: 1

---------------------------------------------------------------
[ 2023-09-28T16:58:37+08:00 ] [ log ] at779.icu/99/ [运行时间：0.010626s][吞吐率：94.11req/s] [内存消耗：1,864.80kb] [文件加载：51]
[ error ] [8]未定义数组下标: 1

---------------------------------------------------------------
[ 2023-09-28T16:59:21+08:00 ] [ log ] at779.icu/99/ [运行时间：0.010621s][吞吐率：94.15req/s] [内存消耗：1,865.34kb] [文件加载：51]
[ error ] [8]未定义数组下标: 1

---------------------------------------------------------------
[ 2023-09-28T16:59:23+08:00 ] [ log ] at779.icu/99/favicon.ico [运行时间：0.023509s][吞吐率：42.54req/s] [内存消耗：1,650.74kb] [文件加载：44]
[ error ] [8]未定义数组下标: 1

---------------------------------------------------------------
[ 2023-09-28T16:59:27+08:00 ] [ log ] at779.icu/99/index/open.html [运行时间：0.018696s][吞吐率：53.49req/s] [内存消耗：1,865.12kb] [文件加载：50]
[ error ] [8]未定义数组下标: 1

---------------------------------------------------------------
[ 2023-09-28T17:06:37+08:00 ] [ log ] at779.icu/99/ [运行时间：0.011364s][吞吐率：88.00req/s] [内存消耗：1,864.80kb] [文件加载：51]
[ error ] [8]未定义数组下标: 1

---------------------------------------------------------------
[ 2023-09-28T17:06:37+08:00 ] [ log ] at779.icu/99/favicon.ico [运行时间：0.009385s][吞吐率：106.55req/s] [内存消耗：1,650.74kb] [文件加载：44]
[ error ] [8]未定义数组下标: 1

---------------------------------------------------------------
[ 2023-09-28T17:06:40+08:00 ] [ log ] at779.icu/99/index/open.html [运行时间：0.010968s][吞吐率：91.17req/s] [内存消耗：1,865.12kb] [文件加载：50]
[ error ] [8]未定义数组下标: 1

---------------------------------------------------------------
[ 2023-09-28T17:16:00+08:00 ] [ log ] at779.icu/99/ [运行时间：0.010948s][吞吐率：91.34req/s] [内存消耗：1,865.34kb] [文件加载：51]
[ error ] [8]未定义数组下标: 1

---------------------------------------------------------------
[ 2023-09-28T17:16:03+08:00 ] [ log ] at779.icu/99/favicon.ico [运行时间：0.009594s][吞吐率：104.23req/s] [内存消耗：1,650.74kb] [文件加载：44]
[ error ] [8]未定义数组下标: 1

---------------------------------------------------------------
[ 2023-09-28T17:16:06+08:00 ] [ log ] at779.icu/99/index/open.html [运行时间：0.011430s][吞吐率：87.49req/s] [内存消耗：1,865.12kb] [文件加载：50]
[ error ] [8]未定义数组下标: 1

---------------------------------------------------------------
[ 2023-09-28T17:28:57+08:00 ] [ log ] at779.icu/99/ [运行时间：0.010639s][吞吐率：93.99req/s] [内存消耗：1,865.34kb] [文件加载：51]
[ error ] [8]未定义数组下标: 1

---------------------------------------------------------------
[ 2023-09-28T17:28:58+08:00 ] [ log ] at779.icu/99/favicon.ico [运行时间：0.009439s][吞吐率：105.94req/s] [内存消耗：1,650.74kb] [文件加载：44]
[ error ] [8]未定义数组下标: 1

---------------------------------------------------------------
[ 2023-09-28T17:29:00+08:00 ] [ log ] at779.icu/99/index/open.html [运行时间：0.010524s][吞吐率：95.02req/s] [内存消耗：1,865.12kb] [文件加载：50]
[ error ] [8]未定义数组下标: 1

---------------------------------------------------------------
[ 2023-09-28T17:32:48+08:00 ] [ log ] at779.icu/99/ [运行时间：0.010687s][吞吐率：93.57req/s] [内存消耗：1,864.80kb] [文件加载：51]
[ error ] [8]未定义数组下标: 1

---------------------------------------------------------------
[ 2023-09-28T17:32:50+08:00 ] [ log ] at779.icu/99/favicon.ico [运行时间：0.009791s][吞吐率：102.14req/s] [内存消耗：1,650.74kb] [文件加载：44]
[ error ] [8]未定义数组下标: 1

---------------------------------------------------------------
[ 2023-09-28T17:32:51+08:00 ] [ log ] at779.icu/99/index/open.html [运行时间：0.011175s][吞吐率：89.49req/s] [内存消耗：1,865.12kb] [文件加载：50]
[ error ] [8]未定义数组下标: 1

---------------------------------------------------------------
[ 2023-09-28T17:33:08+08:00 ] [ log ] at779.icu/99/ [运行时间：0.011114s][吞吐率：89.98req/s] [内存消耗：1,864.80kb] [文件加载：51]
[ error ] [8]未定义数组下标: 1

---------------------------------------------------------------
[ 2023-09-28T17:33:10+08:00 ] [ log ] at779.icu/99/favicon.ico [运行时间：0.009889s][吞吐率：101.12req/s] [内存消耗：1,650.74kb] [文件加载：44]
[ error ] [8]未定义数组下标: 1

---------------------------------------------------------------
[ 2023-09-28T17:33:11+08:00 ] [ log ] at779.icu/99/index/open.html [运行时间：0.039670s][吞吐率：25.21req/s] [内存消耗：1,865.12kb] [文件加载：50]
[ error ] [8]未定义数组下标: 1

---------------------------------------------------------------
[ 2023-09-28T17:53:47+08:00 ] [ log ] at779.icu/99/ [运行时间：0.010962s][吞吐率：91.22req/s] [内存消耗：1,865.34kb] [文件加载：51]
[ error ] [8]未定义数组下标: 1

---------------------------------------------------------------
[ 2023-09-28T17:53:48+08:00 ] [ log ] at779.icu/99/favicon.ico [运行时间：0.021537s][吞吐率：46.43req/s] [内存消耗：1,650.74kb] [文件加载：44]
[ error ] [8]未定义数组下标: 1

---------------------------------------------------------------
[ 2023-09-28T17:53:49+08:00 ] [ log ] at779.icu/99/ [运行时间：0.013970s][吞吐率：71.58req/s] [内存消耗：1,865.34kb] [文件加载：51]
[ error ] [8]未定义数组下标: 1

---------------------------------------------------------------
[ 2023-09-28T17:53:54+08:00 ] [ log ] at779.icu/99/index/open.html [运行时间：0.010842s][吞吐率：92.23req/s] [内存消耗：1,865.12kb] [文件加载：50]
[ error ] [8]未定义数组下标: 1

---------------------------------------------------------------
[ 2023-09-28T17:53:54+08:00 ] [ log ] at779.icu/99/favicon.ico [运行时间：0.009210s][吞吐率：108.58req/s] [内存消耗：1,650.74kb] [文件加载：44]
[ error ] [8]未定义数组下标: 1

---------------------------------------------------------------
[ 2023-09-28T17:53:56+08:00 ] [ log ] at779.icu/99/favicon.ico [运行时间：0.010821s][吞吐率：92.41req/s] [内存消耗：1,650.74kb] [文件加载：44]
[ error ] [8]未定义数组下标: 1

---------------------------------------------------------------
[ 2023-09-28T17:56:17+08:00 ] [ log ] at779.icu/99/ [运行时间：0.010769s][吞吐率：92.86req/s] [内存消耗：1,864.80kb] [文件加载：51]
[ error ] [8]未定义数组下标: 1

---------------------------------------------------------------
[ 2023-09-28T17:56:18+08:00 ] [ log ] at779.icu/99/favicon.ico [运行时间：0.013456s][吞吐率：74.32req/s] [内存消耗：1,650.74kb] [文件加载：44]
[ error ] [8]未定义数组下标: 1

---------------------------------------------------------------
[ 2023-09-28T17:56:20+08:00 ] [ log ] at779.icu/99/index/open.html [运行时间：0.010656s][吞吐率：93.84req/s] [内存消耗：1,865.12kb] [文件加载：50]
[ error ] [8]未定义数组下标: 1

---------------------------------------------------------------
[ 2023-09-28T18:08:26+08:00 ] [ log ] at779.icu/99/ [运行时间：0.014682s][吞吐率：68.11req/s] [内存消耗：1,865.34kb] [文件加载：51]
[ error ] [8]未定义数组下标: 1

---------------------------------------------------------------
[ 2023-09-28T18:08:27+08:00 ] [ log ] at779.icu/99/favicon.ico [运行时间：0.009501s][吞吐率：105.25req/s] [内存消耗：1,650.74kb] [文件加载：44]
[ error ] [8]未定义数组下标: 1

---------------------------------------------------------------
[ 2023-09-28T18:18:42+08:00 ] [ log ] at779.icu/99/ [运行时间：0.040429s][吞吐率：24.73req/s] [内存消耗：1,864.80kb] [文件加载：51]
[ error ] [8]未定义数组下标: 1

---------------------------------------------------------------
[ 2023-09-28T18:18:42+08:00 ] [ log ] at779.icu/99/favicon.ico [运行时间：0.009974s][吞吐率：100.26req/s] [内存消耗：1,650.74kb] [文件加载：44]
[ error ] [8]未定义数组下标: 1

---------------------------------------------------------------
[ 2023-09-28T18:18:45+08:00 ] [ log ] at779.icu/99/index/open.html [运行时间：0.011468s][吞吐率：87.20req/s] [内存消耗：1,865.12kb] [文件加载：50]
[ error ] [8]未定义数组下标: 1

---------------------------------------------------------------
[ 2023-09-28T18:18:46+08:00 ] [ log ] at779.icu/99/index/open.html [运行时间：0.027886s][吞吐率：35.86req/s] [内存消耗：1,865.12kb] [文件加载：50]
[ error ] [8]未定义数组下标: 1

---------------------------------------------------------------
[ 2023-09-28T18:27:00+08:00 ] [ log ] at779.icu/99/ [运行时间：0.040051s][吞吐率：24.97req/s] [内存消耗：1,864.80kb] [文件加载：51]
[ error ] [8]未定义数组下标: 1

---------------------------------------------------------------
[ 2023-09-28T18:27:02+08:00 ] [ log ] at779.icu/99/favicon.ico [运行时间：0.009324s][吞吐率：107.25req/s] [内存消耗：1,650.74kb] [文件加载：44]
[ error ] [8]未定义数组下标: 1

---------------------------------------------------------------
[ 2023-09-28T18:27:04+08:00 ] [ log ] at779.icu/99/index/open.html [运行时间：0.011290s][吞吐率：88.57req/s] [内存消耗：1,865.12kb] [文件加载：50]
[ error ] [8]未定义数组下标: 1

---------------------------------------------------------------
[ 2023-09-28T18:28:50+08:00 ] [ log ] at779.icu/99/ [运行时间：0.015461s][吞吐率：64.68req/s] [内存消耗：1,865.34kb] [文件加载：51]
[ error ] [8]未定义数组下标: 1

---------------------------------------------------------------
[ 2023-09-28T18:28:54+08:00 ] [ log ] at779.icu/99/favicon.ico [运行时间：0.009487s][吞吐率：105.41req/s] [内存消耗：1,650.74kb] [文件加载：44]
[ error ] [8]未定义数组下标: 1

---------------------------------------------------------------
[ 2023-09-28T18:28:57+08:00 ] [ log ] at779.icu/99/index/open.html [运行时间：0.011432s][吞吐率：87.47req/s] [内存消耗：1,865.12kb] [文件加载：50]
[ error ] [8]未定义数组下标: 1

---------------------------------------------------------------
[ 2023-09-28T18:47:57+08:00 ] [ log ] at779.icu/99/ [运行时间：0.010751s][吞吐率：93.01req/s] [内存消耗：1,865.34kb] [文件加载：51]
[ error ] [8]未定义数组下标: 1

---------------------------------------------------------------
[ 2023-09-28T18:47:58+08:00 ] [ log ] at779.icu/99/favicon.ico [运行时间：0.009419s][吞吐率：106.17req/s] [内存消耗：1,650.74kb] [文件加载：44]
[ error ] [8]未定义数组下标: 1

---------------------------------------------------------------
[ 2023-09-28T18:48:01+08:00 ] [ log ] at779.icu/99/index/open.html [运行时间：0.010960s][吞吐率：91.24req/s] [内存消耗：1,865.12kb] [文件加载：50]
[ error ] [8]未定义数组下标: 1

---------------------------------------------------------------
[ 2023-09-28T18:52:07+08:00 ] [ log ] at779.icu/99/ [运行时间：0.011127s][吞吐率：89.87req/s] [内存消耗：1,864.80kb] [文件加载：51]
[ error ] [8]未定义数组下标: 1

---------------------------------------------------------------
[ 2023-09-28T18:52:10+08:00 ] [ log ] at779.icu/99/favicon.ico [运行时间：0.013956s][吞吐率：71.65req/s] [内存消耗：1,650.74kb] [文件加载：44]
[ error ] [8]未定义数组下标: 1

---------------------------------------------------------------
[ 2023-09-28T18:52:14+08:00 ] [ log ] at779.icu/99/index/open.html [运行时间：0.011220s][吞吐率：89.13req/s] [内存消耗：1,865.12kb] [文件加载：50]
[ error ] [8]未定义数组下标: 1

---------------------------------------------------------------
[ 2023-09-28T18:53:33+08:00 ] [ log ] at779.icu/99/?uc_sm=1 [运行时间：0.011037s][吞吐率：90.60req/s] [内存消耗：1,865.97kb] [文件加载：51]
[ error ] [8]未定义数组下标: 1

---------------------------------------------------------------
[ 2023-09-28T18:53:33+08:00 ] [ log ] at779.icu/99/ [运行时间：0.011136s][吞吐率：89.80req/s] [内存消耗：1,865.34kb] [文件加载：51]
[ error ] [8]未定义数组下标: 1

---------------------------------------------------------------
[ 2023-09-28T18:53:34+08:00 ] [ log ] at779.icu/99/favicon.ico [运行时间：0.010419s][吞吐率：95.98req/s] [内存消耗：1,650.74kb] [文件加载：44]
[ error ] [8]未定义数组下标: 1

---------------------------------------------------------------
[ 2023-09-28T18:53:36+08:00 ] [ log ] at779.icu/99/index/open.html [运行时间：0.010698s][吞吐率：93.47req/s] [内存消耗：1,865.12kb] [文件加载：50]
[ error ] [8]未定义数组下标: 1

---------------------------------------------------------------
[ 2023-09-28T18:55:41+08:00 ] [ log ] at779.icu/99/ [运行时间：0.015681s][吞吐率：63.77req/s] [内存消耗：1,864.80kb] [文件加载：51]
[ error ] [8]未定义数组下标: 1

---------------------------------------------------------------
[ 2023-09-28T18:55:51+08:00 ] [ log ] at779.icu/99/index/open.html [运行时间：0.010599s][吞吐率：94.35req/s] [内存消耗：1,865.12kb] [文件加载：50]
[ error ] [8]未定义数组下标: 1

---------------------------------------------------------------
[ 2023-09-28T18:59:47+08:00 ] [ log ] at666.icu/99/ [运行时间：0.034827s][吞吐率：28.71req/s] [内存消耗：1,865.34kb] [文件加载：51]
[ error ] [8]未定义数组下标: 1

---------------------------------------------------------------
[ 2023-09-28T18:59:51+08:00 ] [ log ] at666.icu/99/index/open.html [运行时间：0.010658s][吞吐率：93.83req/s] [内存消耗：1,865.12kb] [文件加载：50]
[ error ] [8]未定义数组下标: 1

---------------------------------------------------------------
[ 2023-09-28T19:04:17+08:00 ] [ log ] at779.icu/99/ [运行时间：0.014295s][吞吐率：69.96req/s] [内存消耗：1,864.80kb] [文件加载：51]
[ error ] [8]未定义数组下标: 1

---------------------------------------------------------------
[ 2023-09-28T19:15:40+08:00 ] [ log ] at668.icu/99/ [运行时间：0.031320s][吞吐率：31.93req/s] [内存消耗：1,865.34kb] [文件加载：51]
[ error ] [8]未定义数组下标: 1

---------------------------------------------------------------
[ 2023-09-28T19:18:09+08:00 ] [ log ] at668.icu/99/ [运行时间：0.024190s][吞吐率：41.34req/s] [内存消耗：1,865.34kb] [文件加载：51]
[ error ] [8]未定义数组下标: 1

---------------------------------------------------------------
[ 2023-09-28T19:18:15+08:00 ] [ log ] at668.icu/99/favicon.ico [运行时间：0.021175s][吞吐率：47.23req/s] [内存消耗：1,650.74kb] [文件加载：44]
[ error ] [8]未定义数组下标: 1

---------------------------------------------------------------
[ 2023-09-28T19:18:18+08:00 ] [ log ] at668.icu/99/index/open.html [运行时间：0.010616s][吞吐率：94.20req/s] [内存消耗：1,865.12kb] [文件加载：50]
[ error ] [8]未定义数组下标: 1

---------------------------------------------------------------
[ 2023-09-28T19:20:45+08:00 ] [ log ] at668.icu/99/ [运行时间：0.012365s][吞吐率：80.87req/s] [内存消耗：1,865.34kb] [文件加载：51]
[ error ] [8]未定义数组下标: 1

---------------------------------------------------------------
[ 2023-09-28T19:21:04+08:00 ] [ log ] at668.icu/99/favicon.ico [运行时间：0.009315s][吞吐率：107.35req/s] [内存消耗：1,650.74kb] [文件加载：44]
[ error ] [8]未定义数组下标: 1

---------------------------------------------------------------
[ 2023-09-28T19:21:07+08:00 ] [ log ] at668.icu/99/index/open.html [运行时间：0.010661s][吞吐率：93.80req/s] [内存消耗：1,865.12kb] [文件加载：50]
[ error ] [8]未定义数组下标: 1

---------------------------------------------------------------
[ 2023-09-28T19:21:56+08:00 ] [ log ] at668.icu/99/ [运行时间：0.010723s][吞吐率：93.26req/s] [内存消耗：1,864.80kb] [文件加载：51]
[ error ] [8]未定义数组下标: 1

---------------------------------------------------------------
[ 2023-09-28T19:21:58+08:00 ] [ log ] at668.icu/99/ [运行时间：0.017677s][吞吐率：56.57req/s] [内存消耗：1,865.34kb] [文件加载：51]
[ error ] [8]未定义数组下标: 1

---------------------------------------------------------------
[ 2023-09-28T19:22:02+08:00 ] [ log ] at668.icu/99/favicon.ico [运行时间：0.013222s][吞吐率：75.63req/s] [内存消耗：1,650.74kb] [文件加载：44]
[ error ] [8]未定义数组下标: 1

---------------------------------------------------------------
[ 2023-09-28T19:22:03+08:00 ] [ log ] at668.icu/99/index/open.html [运行时间：0.010625s][吞吐率：94.12req/s] [内存消耗：1,865.12kb] [文件加载：50]
[ error ] [8]未定义数组下标: 1

---------------------------------------------------------------
[ 2023-09-28T19:22:07+08:00 ] [ log ] at668.icu/99/index/open.html [运行时间：0.011412s][吞吐率：87.63req/s] [内存消耗：1,865.65kb] [文件加载：50]
[ error ] [8]未定义数组下标: 1

---------------------------------------------------------------
[ 2023-09-28T19:32:08+08:00 ] [ log ] at668.icu/99/ [运行时间：0.016428s][吞吐率：60.87req/s] [内存消耗：1,865.34kb] [文件加载：51]
[ error ] [8]未定义数组下标: 1

---------------------------------------------------------------
[ 2023-09-28T19:32:18+08:00 ] [ log ] at668.icu/99/favicon.ico [运行时间：0.010079s][吞吐率：99.22req/s] [内存消耗：1,650.74kb] [文件加载：44]
[ error ] [8]未定义数组下标: 1

---------------------------------------------------------------
[ 2023-09-28T19:32:21+08:00 ] [ log ] at668.icu/99/index/open.html [运行时间：0.012234s][吞吐率：81.74req/s] [内存消耗：1,865.12kb] [文件加载：50]
[ error ] [8]未定义数组下标: 1

---------------------------------------------------------------
[ 2023-09-28T19:33:11+08:00 ] [ log ] at668.icu/99/ [运行时间：0.016327s][吞吐率：61.25req/s] [内存消耗：1,864.80kb] [文件加载：51]
[ error ] [8]未定义数组下标: 1

---------------------------------------------------------------
[ 2023-09-28T19:33:14+08:00 ] [ log ] at668.icu/99/index/open.html [运行时间：0.010563s][吞吐率：94.67req/s] [内存消耗：1,865.12kb] [文件加载：50]
[ error ] [8]未定义数组下标: 1

---------------------------------------------------------------
[ 2023-09-28T19:33:42+08:00 ] [ log ] at668.icu/99/ [运行时间：0.010700s][吞吐率：93.46req/s] [内存消耗：1,864.80kb] [文件加载：51]
[ error ] [8]未定义数组下标: 1

---------------------------------------------------------------
[ 2023-09-28T19:34:30+08:00 ] [ log ] at668.icu/99/ [运行时间：0.010766s][吞吐率：92.88req/s] [内存消耗：1,864.80kb] [文件加载：51]
[ error ] [8]未定义数组下标: 1

---------------------------------------------------------------
[ 2023-09-28T19:34:31+08:00 ] [ log ] at668.icu/99/favicon.ico [运行时间：0.014749s][吞吐率：67.80req/s] [内存消耗：1,650.74kb] [文件加载：44]
[ error ] [8]未定义数组下标: 1

---------------------------------------------------------------
[ 2023-09-28T19:34:34+08:00 ] [ log ] at668.icu/99/index/open.html [运行时间：0.018055s][吞吐率：55.39req/s] [内存消耗：1,865.12kb] [文件加载：50]
[ error ] [8]未定义数组下标: 1

---------------------------------------------------------------
[ 2023-09-28T19:34:51+08:00 ] [ log ] at668.icu/99/ [运行时间：0.010950s][吞吐率：91.33req/s] [内存消耗：1,864.80kb] [文件加载：51]
[ error ] [8]未定义数组下标: 1

---------------------------------------------------------------
[ 2023-09-28T19:35:41+08:00 ] [ log ] at668.icu/99/ [运行时间：0.011352s][吞吐率：88.09req/s] [内存消耗：1,864.80kb] [文件加载：51]
[ error ] [8]未定义数组下标: 1

---------------------------------------------------------------
[ 2023-09-28T19:35:46+08:00 ] [ log ] at668.icu/99/index/open.html [运行时间：0.011262s][吞吐率：88.79req/s] [内存消耗：1,865.12kb] [文件加载：50]
[ error ] [8]未定义数组下标: 1

---------------------------------------------------------------
[ 2023-09-28T19:35:51+08:00 ] [ log ] at668.icu/99/ [运行时间：0.011379s][吞吐率：87.88req/s] [内存消耗：1,865.34kb] [文件加载：51]
[ error ] [8]未定义数组下标: 1

---------------------------------------------------------------
[ 2023-09-28T19:36:02+08:00 ] [ log ] at668.icu/99/ [运行时间：0.038517s][吞吐率：25.96req/s] [内存消耗：1,864.80kb] [文件加载：51]
[ error ] [8]未定义数组下标: 1

---------------------------------------------------------------
[ 2023-09-28T19:36:07+08:00 ] [ log ] at668.icu/99/favicon.ico [运行时间：0.012629s][吞吐率：79.18req/s] [内存消耗：1,650.74kb] [文件加载：44]
[ error ] [8]未定义数组下标: 1

---------------------------------------------------------------
[ 2023-09-28T19:36:08+08:00 ] [ log ] at668.icu/99/index/open.html [运行时间：0.010698s][吞吐率：93.47req/s] [内存消耗：1,865.12kb] [文件加载：50]
[ error ] [8]未定义数组下标: 1

---------------------------------------------------------------
[ 2023-09-28T19:36:11+08:00 ] [ log ] at668.icu/99/ [运行时间：0.011559s][吞吐率：86.51req/s] [内存消耗：1,864.80kb] [文件加载：51]
[ error ] [8]未定义数组下标: 1

---------------------------------------------------------------
[ 2023-09-28T19:36:36+08:00 ] [ log ] at779.icu/99/ [运行时间：0.011213s][吞吐率：89.18req/s] [内存消耗：1,865.34kb] [文件加载：51]
[ error ] [8]未定义数组下标: 1

---------------------------------------------------------------
[ 2023-09-28T19:36:38+08:00 ] [ log ] at779.icu/99/favicon.ico [运行时间：0.013895s][吞吐率：71.97req/s] [内存消耗：1,650.74kb] [文件加载：44]
[ error ] [8]未定义数组下标: 1

---------------------------------------------------------------
[ 2023-09-28T19:36:40+08:00 ] [ log ] at779.icu/99/index/open.html [运行时间：0.010418s][吞吐率：95.99req/s] [内存消耗：1,865.12kb] [文件加载：50]
[ error ] [8]未定义数组下标: 1

---------------------------------------------------------------
[ 2023-09-28T19:37:19+08:00 ] [ log ] at668.icu/99/ [运行时间：0.011001s][吞吐率：90.90req/s] [内存消耗：1,864.80kb] [文件加载：51]
[ error ] [8]未定义数组下标: 1

---------------------------------------------------------------
[ 2023-09-28T19:37:19+08:00 ] [ log ] at668.icu/99/favicon.ico [运行时间：0.012472s][吞吐率：80.18req/s] [内存消耗：1,650.74kb] [文件加载：44]
[ error ] [8]未定义数组下标: 1

---------------------------------------------------------------
[ 2023-09-28T19:37:23+08:00 ] [ log ] at668.icu/99/index/open.html [运行时间：0.013814s][吞吐率：72.39req/s] [内存消耗：1,865.12kb] [文件加载：50]
[ error ] [8]未定义数组下标: 1

---------------------------------------------------------------
[ 2023-09-28T19:37:32+08:00 ] [ log ] at668.icu/99/ [运行时间：0.012178s][吞吐率：82.12req/s] [内存消耗：1,864.80kb] [文件加载：51]
[ error ] [8]未定义数组下标: 1

---------------------------------------------------------------
[ 2023-09-28T19:37:44+08:00 ] [ log ] at668.icu/99/ [运行时间：0.010744s][吞吐率：93.07req/s] [内存消耗：1,864.80kb] [文件加载：51]
[ error ] [8]未定义数组下标: 1

---------------------------------------------------------------
[ 2023-09-28T19:37:45+08:00 ] [ log ] at668.icu/99/favicon.ico [运行时间：0.009238s][吞吐率：108.25req/s] [内存消耗：1,650.74kb] [文件加载：44]
[ error ] [8]未定义数组下标: 1

---------------------------------------------------------------
[ 2023-09-28T19:37:48+08:00 ] [ log ] at668.icu/99/index/open.html [运行时间：0.011261s][吞吐率：88.80req/s] [内存消耗：1,865.12kb] [文件加载：50]
[ error ] [8]未定义数组下标: 1

---------------------------------------------------------------
[ 2023-09-28T19:37:54+08:00 ] [ log ] at668.icu/99/ [运行时间：0.011035s][吞吐率：90.62req/s] [内存消耗：1,864.80kb] [文件加载：51]
[ error ] [8]未定义数组下标: 1

---------------------------------------------------------------
[ 2023-09-28T19:38:49+08:00 ] [ log ] at668.icu/99/index/open.html [运行时间：0.010971s][吞吐率：91.15req/s] [内存消耗：1,865.65kb] [文件加载：50]
[ error ] [8]未定义数组下标: 1

---------------------------------------------------------------
[ 2023-09-28T19:41:14+08:00 ] [ log ] at668.icu/99/ [运行时间：0.040065s][吞吐率：24.96req/s] [内存消耗：1,864.80kb] [文件加载：51]
[ error ] [8]未定义数组下标: 1

---------------------------------------------------------------
[ 2023-09-28T19:41:16+08:00 ] [ log ] at668.icu/99/favicon.ico [运行时间：0.016490s][吞吐率：60.64req/s] [内存消耗：1,650.74kb] [文件加载：44]
[ error ] [8]未定义数组下标: 1

---------------------------------------------------------------
[ 2023-09-28T19:41:18+08:00 ] [ log ] at668.icu/99/index/open.html [运行时间：0.016956s][吞吐率：58.98req/s] [内存消耗：1,865.12kb] [文件加载：50]
[ error ] [8]未定义数组下标: 1

---------------------------------------------------------------
[ 2023-09-28T19:42:50+08:00 ] [ log ] at668.icu/99/?uc_sm=1 [运行时间：0.011051s][吞吐率：90.49req/s] [内存消耗：1,865.44kb] [文件加载：51]
[ error ] [8]未定义数组下标: 1

---------------------------------------------------------------
[ 2023-09-28T19:42:50+08:00 ] [ log ] at668.icu/99/ [运行时间：0.010970s][吞吐率：91.16req/s] [内存消耗：1,864.80kb] [文件加载：51]
[ error ] [8]未定义数组下标: 1

---------------------------------------------------------------
[ 2023-09-28T19:42:51+08:00 ] [ log ] at668.icu/99/ [运行时间：0.030436s][吞吐率：32.86req/s] [内存消耗：1,864.80kb] [文件加载：51]
[ error ] [8]未定义数组下标: 1

---------------------------------------------------------------
[ 2023-09-28T20:02:07+08:00 ] [ log ] at779.icu/99/ [运行时间：0.015211s][吞吐率：65.74req/s] [内存消耗：1,865.34kb] [文件加载：51]
[ error ] [8]未定义数组下标: 1

---------------------------------------------------------------
[ 2023-09-28T20:02:07+08:00 ] [ log ] at779.icu/99/favicon.ico [运行时间：0.012933s][吞吐率：77.32req/s] [内存消耗：1,650.74kb] [文件加载：44]
[ error ] [8]未定义数组下标: 1

---------------------------------------------------------------
[ 2023-09-28T20:05:15+08:00 ] [ log ] at668.icu/99/ [运行时间：0.032119s][吞吐率：31.13req/s] [内存消耗：1,864.80kb] [文件加载：51]
[ error ] [8]未定义数组下标: 1

---------------------------------------------------------------
[ 2023-09-28T20:05:16+08:00 ] [ log ] at668.icu/99/?uc_sm=1 [运行时间：0.011356s][吞吐率：88.06req/s] [内存消耗：1,865.44kb] [文件加载：51]
[ error ] [8]未定义数组下标: 1

---------------------------------------------------------------
[ 2023-09-28T20:05:19+08:00 ] [ log ] at668.icu/99/favicon.ico [运行时间：0.009298s][吞吐率：107.55req/s] [内存消耗：1,650.74kb] [文件加载：44]
[ error ] [8]未定义数组下标: 1

---------------------------------------------------------------
[ 2023-09-28T20:05:26+08:00 ] [ log ] at668.icu/99/index/open.html [运行时间：0.014342s][吞吐率：69.72req/s] [内存消耗：1,865.12kb] [文件加载：50]
[ error ] [8]未定义数组下标: 1

---------------------------------------------------------------
[ 2023-09-28T20:12:00+08:00 ] [ log ] at779.icu/99/ [运行时间：0.015344s][吞吐率：65.17req/s] [内存消耗：1,864.80kb] [文件加载：51]
[ error ] [8]未定义数组下标: 1

---------------------------------------------------------------
[ 2023-09-28T20:19:15+08:00 ] [ log ] at1222.com/99/ [运行时间：0.010820s][吞吐率：92.42req/s] [内存消耗：1,865.34kb] [文件加载：51]
[ error ] [8]未定义数组下标: 1

---------------------------------------------------------------
[ 2023-09-28T20:19:16+08:00 ] [ log ] at1222.com/99/favicon.ico [运行时间：0.013290s][吞吐率：75.24req/s] [内存消耗：1,650.74kb] [文件加载：44]
[ error ] [8]未定义数组下标: 1

---------------------------------------------------------------
[ 2023-09-28T20:19:18+08:00 ] [ log ] at1222.com/99/index/open.html [运行时间：0.015789s][吞吐率：63.34req/s] [内存消耗：1,865.12kb] [文件加载：50]
[ error ] [8]未定义数组下标: 1

---------------------------------------------------------------
[ 2023-09-28T20:20:28+08:00 ] [ log ] at779.icu/99/ [运行时间：0.022692s][吞吐率：44.07req/s] [内存消耗：1,865.34kb] [文件加载：51]
[ error ] [8]未定义数组下标: 1

---------------------------------------------------------------
[ 2023-09-28T20:20:30+08:00 ] [ log ] at779.icu/99/favicon.ico [运行时间：0.009265s][吞吐率：107.93req/s] [内存消耗：1,650.74kb] [文件加载：44]
[ error ] [8]未定义数组下标: 1

---------------------------------------------------------------
[ 2023-09-28T20:20:32+08:00 ] [ log ] at779.icu/99/index/open.html [运行时间：0.031460s][吞吐率：31.79req/s] [内存消耗：1,865.12kb] [文件加载：50]
[ error ] [8]未定义数组下标: 1

---------------------------------------------------------------
[ 2023-09-28T20:26:25+08:00 ] [ log ] at779.icu/99/ [运行时间：0.030532s][吞吐率：32.75req/s] [内存消耗：1,865.34kb] [文件加载：51]
[ error ] [8]未定义数组下标: 1

---------------------------------------------------------------
[ 2023-09-28T20:26:27+08:00 ] [ log ] at779.icu/99/favicon.ico [运行时间：0.011017s][吞吐率：90.77req/s] [内存消耗：1,650.74kb] [文件加载：44]
[ error ] [8]未定义数组下标: 1

---------------------------------------------------------------
[ 2023-09-28T20:26:29+08:00 ] [ log ] at779.icu/99/index/open.html [运行时间：0.011476s][吞吐率：87.14req/s] [内存消耗：1,865.12kb] [文件加载：50]
[ error ] [8]未定义数组下标: 1

---------------------------------------------------------------
[ 2023-09-28T20:28:47+08:00 ] [ log ] at779.icu/99/ [运行时间：0.010846s][吞吐率：92.20req/s] [内存消耗：1,864.80kb] [文件加载：51]
[ error ] [8]未定义数组下标: 1

---------------------------------------------------------------
[ 2023-09-28T20:47:50+08:00 ] [ log ] at779.icu/99/ [运行时间：0.010704s][吞吐率：93.42req/s] [内存消耗：1,864.80kb] [文件加载：51]
[ error ] [8]未定义数组下标: 1

---------------------------------------------------------------
[ 2023-09-28T20:47:50+08:00 ] [ log ] at779.icu/99/?uc_sm=1 [运行时间：0.010785s][吞吐率：92.72req/s] [内存消耗：1,865.44kb] [文件加载：51]
[ error ] [8]未定义数组下标: 1

---------------------------------------------------------------
[ 2023-09-28T20:47:54+08:00 ] [ log ] at779.icu/99/favicon.ico [运行时间：0.010039s][吞吐率：99.61req/s] [内存消耗：1,650.74kb] [文件加载：44]
[ error ] [8]未定义数组下标: 1

---------------------------------------------------------------
[ 2023-09-28T20:47:57+08:00 ] [ log ] at779.icu/99/index/open.html [运行时间：0.020295s][吞吐率：49.27req/s] [内存消耗：1,865.12kb] [文件加载：50]
[ error ] [8]未定义数组下标: 1

---------------------------------------------------------------
[ 2023-09-28T20:49:59+08:00 ] [ log ] at779.icu/99/ [运行时间：0.014767s][吞吐率：67.72req/s] [内存消耗：1,864.80kb] [文件加载：51]
[ error ] [8]未定义数组下标: 1

---------------------------------------------------------------
[ 2023-09-28T21:01:43+08:00 ] [ log ] at779.icu/99/?uc_sm=1 [运行时间：0.015252s][吞吐率：65.57req/s] [内存消耗：1,865.44kb] [文件加载：51]
[ error ] [8]未定义数组下标: 1

---------------------------------------------------------------
[ 2023-09-28T21:01:43+08:00 ] [ log ] at779.icu/99/ [运行时间：0.010771s][吞吐率：92.84req/s] [内存消耗：1,864.80kb] [文件加载：51]
[ error ] [8]未定义数组下标: 1

---------------------------------------------------------------
[ 2023-09-28T21:01:45+08:00 ] [ log ] at779.icu/99/favicon.ico [运行时间：0.012623s][吞吐率：79.22req/s] [内存消耗：1,650.74kb] [文件加载：44]
[ error ] [8]未定义数组下标: 1

---------------------------------------------------------------
[ 2023-09-28T21:01:48+08:00 ] [ log ] at779.icu/99/index/open.html [运行时间：0.011594s][吞吐率：86.25req/s] [内存消耗：1,865.12kb] [文件加载：50]
[ error ] [8]未定义数组下标: 1

---------------------------------------------------------------
[ 2023-09-28T21:25:17+08:00 ] [ log ] at668.icu/99/ [运行时间：0.011841s][吞吐率：84.45req/s] [内存消耗：1,865.34kb] [文件加载：51]
[ error ] [8]未定义数组下标: 1

---------------------------------------------------------------
[ 2023-09-28T21:25:20+08:00 ] [ log ] at668.icu/99/favicon.ico [运行时间：0.009806s][吞吐率：101.98req/s] [内存消耗：1,650.74kb] [文件加载：44]
[ error ] [8]未定义数组下标: 1

---------------------------------------------------------------
[ 2023-09-28T21:25:22+08:00 ] [ log ] at668.icu/99/index/open.html [运行时间：0.011834s][吞吐率：84.50req/s] [内存消耗：1,865.12kb] [文件加载：50]
[ error ] [8]未定义数组下标: 1

---------------------------------------------------------------
[ 2023-09-28T22:50:53+08:00 ] [ log ] at779.icu/99/ [运行时间：0.011377s][吞吐率：87.90req/s] [内存消耗：1,857.63kb] [文件加载：48]
[ error ] [8]Undefined offset: 1

---------------------------------------------------------------
[ 2023-09-28T23:47:49+08:00 ] [ log ] at779.icu/99/ [运行时间：0.025778s][吞吐率：38.79req/s] [内存消耗：1,865.34kb] [文件加载：51]
[ error ] [8]未定义数组下标: 1

---------------------------------------------------------------
[ 2023-09-28T23:47:49+08:00 ] [ log ] at779.icu/99/ [运行时间：0.011055s][吞吐率：90.46req/s] [内存消耗：1,865.34kb] [文件加载：51]
[ error ] [8]未定义数组下标: 1

---------------------------------------------------------------
[ 2023-09-28T23:47:52+08:00 ] [ log ] at779.icu/99/favicon.ico [运行时间：0.009796s][吞吐率：102.08req/s] [内存消耗：1,650.74kb] [文件加载：44]
[ error ] [8]未定义数组下标: 1

---------------------------------------------------------------
[ 2023-09-28T23:47:52+08:00 ] [ log ] at779.icu/99/favicon.ico [运行时间：0.010493s][吞吐率：95.30req/s] [内存消耗：1,650.74kb] [文件加载：44]
[ error ] [8]未定义数组下标: 1

---------------------------------------------------------------
[ 2023-09-28T23:48:06+08:00 ] [ log ] at779.icu/99/index/open.html [运行时间：0.024513s][吞吐率：40.79req/s] [内存消耗：1,865.12kb] [文件加载：50]
[ error ] [8]未定义数组下标: 1

---------------------------------------------------------------
