[ 2023-09-29T00:01:15+08:00 ] [ log ] at668.icu/99/index/open.html [运行时间：0.039722s][吞吐率：25.17req/s] [内存消耗：1,865.65kb] [文件加载：50]
[ error ] [8]未定义数组下标: 1

---------------------------------------------------------------
[ 2023-09-29T00:48:06+08:00 ] [ log ] at779.icu/99/ [运行时间：0.010944s][吞吐率：91.38req/s] [内存消耗：1,865.34kb] [文件加载：51]
[ error ] [8]未定义数组下标: 1

---------------------------------------------------------------
[ 2023-09-29T00:48:06+08:00 ] [ log ] at779.icu/99/ [运行时间：0.029832s][吞吐率：33.52req/s] [内存消耗：1,865.34kb] [文件加载：51]
[ error ] [8]未定义数组下标: 1

---------------------------------------------------------------
[ 2023-09-29T00:48:09+08:00 ] [ log ] at779.icu/99/favicon.ico [运行时间：0.009422s][吞吐率：106.13req/s] [内存消耗：1,650.74kb] [文件加载：44]
[ error ] [8]未定义数组下标: 1

---------------------------------------------------------------
[ 2023-09-29T00:48:09+08:00 ] [ log ] at779.icu/99/favicon.ico [运行时间：0.013384s][吞吐率：74.72req/s] [内存消耗：1,650.74kb] [文件加载：44]
[ error ] [8]未定义数组下标: 1

---------------------------------------------------------------
[ 2023-09-29T00:48:11+08:00 ] [ log ] at779.icu/99/index/open.html [运行时间：0.011196s][吞吐率：89.32req/s] [内存消耗：1,865.12kb] [文件加载：50]
[ error ] [8]未定义数组下标: 1

---------------------------------------------------------------
[ 2023-09-29T00:49:18+08:00 ] [ log ] at779.icu/99/index/open.html [运行时间：0.011559s][吞吐率：86.51req/s] [内存消耗：1,865.12kb] [文件加载：50]
[ error ] [8]未定义数组下标: 1

---------------------------------------------------------------
[ 2023-09-29T00:49:23+08:00 ] [ log ] at779.icu/99/ [运行时间：0.013954s][吞吐率：71.66req/s] [内存消耗：1,864.80kb] [文件加载：51]
[ error ] [8]未定义数组下标: 1

---------------------------------------------------------------
[ 2023-09-29T00:49:27+08:00 ] [ log ] at779.icu/99/index/open.html [运行时间：0.010814s][吞吐率：92.47req/s] [内存消耗：1,865.12kb] [文件加载：50]
[ error ] [8]未定义数组下标: 1

---------------------------------------------------------------
[ 2023-09-29T01:31:44+08:00 ] [ log ] at779.icu/99/ [运行时间：0.010720s][吞吐率：93.28req/s] [内存消耗：1,865.34kb] [文件加载：51]
[ error ] [8]未定义数组下标: 1

---------------------------------------------------------------
[ 2023-09-29T01:31:45+08:00 ] [ log ] at779.icu/99/favicon.ico [运行时间：0.014005s][吞吐率：71.40req/s] [内存消耗：1,650.74kb] [文件加载：44]
[ error ] [8]未定义数组下标: 1

---------------------------------------------------------------
[ 2023-09-29T01:31:47+08:00 ] [ log ] at779.icu/99/index/open.html [运行时间：0.011191s][吞吐率：89.36req/s] [内存消耗：1,865.12kb] [文件加载：50]
[ error ] [8]未定义数组下标: 1

---------------------------------------------------------------
[ 2023-09-29T02:43:08+08:00 ] [ log ] at668.icu/99/index/open.html [运行时间：0.010644s][吞吐率：93.95req/s] [内存消耗：1,865.65kb] [文件加载：50]
[ error ] [8]未定义数组下标: 1

---------------------------------------------------------------
[ 2023-09-29T03:28:47+08:00 ] [ log ] at668.icu/99/index/open.html [运行时间：0.010547s][吞吐率：94.81req/s] [内存消耗：1,857.95kb] [文件加载：47]
[ error ] [8]Undefined offset: 1

---------------------------------------------------------------
[ 2023-09-29T06:43:14+08:00 ] [ log ] at779.icu/99/ [运行时间：0.010989s][吞吐率：91.00req/s] [内存消耗：1,865.34kb] [文件加载：51]
[ error ] [8]未定义数组下标: 1

---------------------------------------------------------------
[ 2023-09-29T06:43:14+08:00 ] [ log ] at779.icu/99/?uc_sm=1 [运行时间：0.010549s][吞吐率：94.80req/s] [内存消耗：1,865.97kb] [文件加载：51]
[ error ] [8]未定义数组下标: 1

---------------------------------------------------------------
[ 2023-09-29T06:43:37+08:00 ] [ log ] at779.icu/99/favicon.ico [运行时间：0.009514s][吞吐率：105.11req/s] [内存消耗：1,650.74kb] [文件加载：44]
[ error ] [8]未定义数组下标: 1

---------------------------------------------------------------
[ 2023-09-29T06:43:39+08:00 ] [ log ] at779.icu/99/index/open.html [运行时间：0.010681s][吞吐率：93.62req/s] [内存消耗：1,865.12kb] [文件加载：50]
[ error ] [8]未定义数组下标: 1

---------------------------------------------------------------
[ 2023-09-29T07:27:43+08:00 ] [ log ] at588.icu/99/ [运行时间：0.018621s][吞吐率：53.70req/s] [内存消耗：1,865.34kb] [文件加载：51]
[ error ] [8]未定义数组下标: 1

---------------------------------------------------------------
[ 2023-09-29T07:27:48+08:00 ] [ log ] at588.icu/99/index/open.html [运行时间：0.010831s][吞吐率：92.33req/s] [内存消耗：1,865.12kb] [文件加载：50]
[ error ] [8]未定义数组下标: 1

---------------------------------------------------------------
[ 2023-09-29T07:31:57+08:00 ] [ log ] at779.icu/99/ [运行时间：0.010800s][吞吐率：92.59req/s] [内存消耗：1,865.34kb] [文件加载：51]
[ error ] [8]未定义数组下标: 1

---------------------------------------------------------------
[ 2023-09-29T07:31:58+08:00 ] [ log ] at779.icu/99/favicon.ico [运行时间：0.009407s][吞吐率：106.31req/s] [内存消耗：1,650.74kb] [文件加载：44]
[ error ] [8]未定义数组下标: 1

---------------------------------------------------------------
[ 2023-09-29T07:32:01+08:00 ] [ log ] at779.icu/99/index/open.html [运行时间：0.011298s][吞吐率：88.51req/s] [内存消耗：1,865.12kb] [文件加载：50]
[ error ] [8]未定义数组下标: 1

---------------------------------------------------------------
[ 2023-09-29T07:33:52+08:00 ] [ log ] at779.icu/99/ [运行时间：0.011370s][吞吐率：87.95req/s] [内存消耗：1,864.80kb] [文件加载：51]
[ error ] [8]未定义数组下标: 1

---------------------------------------------------------------
[ 2023-09-29T07:33:53+08:00 ] [ log ] at779.icu/99/favicon.ico [运行时间：0.013138s][吞吐率：76.11req/s] [内存消耗：1,650.74kb] [文件加载：44]
[ error ] [8]未定义数组下标: 1

---------------------------------------------------------------
[ 2023-09-29T07:33:55+08:00 ] [ log ] at779.icu/99/index/open.html [运行时间：0.010602s][吞吐率：94.32req/s] [内存消耗：1,865.12kb] [文件加载：50]
[ error ] [8]未定义数组下标: 1

---------------------------------------------------------------
[ 2023-09-29T07:35:22+08:00 ] [ log ] at779.icu/99/ [运行时间：0.011266s][吞吐率：88.76req/s] [内存消耗：1,864.80kb] [文件加载：51]
[ error ] [8]未定义数组下标: 1

---------------------------------------------------------------
[ 2023-09-29T07:35:23+08:00 ] [ log ] at779.icu/99/favicon.ico [运行时间：0.014456s][吞吐率：69.18req/s] [内存消耗：1,650.74kb] [文件加载：44]
[ error ] [8]未定义数组下标: 1

---------------------------------------------------------------
[ 2023-09-29T07:35:26+08:00 ] [ log ] at779.icu/99/index/open.html [运行时间：0.011480s][吞吐率：87.11req/s] [内存消耗：1,865.12kb] [文件加载：50]
[ error ] [8]未定义数组下标: 1

---------------------------------------------------------------
[ 2023-09-29T07:35:53+08:00 ] [ log ] at779.icu/99/index/open.html [运行时间：0.010788s][吞吐率：92.70req/s] [内存消耗：1,865.12kb] [文件加载：50]
[ error ] [8]未定义数组下标: 1

---------------------------------------------------------------
[ 2023-09-29T07:36:43+08:00 ] [ log ] at779.icu/99/ [运行时间：0.011944s][吞吐率：83.73req/s] [内存消耗：1,864.80kb] [文件加载：51]
[ error ] [8]未定义数组下标: 1

---------------------------------------------------------------
[ 2023-09-29T07:36:43+08:00 ] [ log ] at779.icu/99/favicon.ico [运行时间：0.009420s][吞吐率：106.16req/s] [内存消耗：1,650.74kb] [文件加载：44]
[ error ] [8]未定义数组下标: 1

---------------------------------------------------------------
[ 2023-09-29T07:36:47+08:00 ] [ log ] at779.icu/99/index/open.html [运行时间：0.010871s][吞吐率：91.99req/s] [内存消耗：1,865.12kb] [文件加载：50]
[ error ] [8]未定义数组下标: 1

---------------------------------------------------------------
[ 2023-09-29T07:37:25+08:00 ] [ log ] at779.icu/99/index/open.html [运行时间：0.010826s][吞吐率：92.37req/s] [内存消耗：1,865.12kb] [文件加载：50]
[ error ] [8]未定义数组下标: 1

---------------------------------------------------------------
[ 2023-09-29T07:38:24+08:00 ] [ log ] at779.icu/99/ [运行时间：0.028291s][吞吐率：35.35req/s] [内存消耗：1,864.80kb] [文件加载：51]
[ error ] [8]未定义数组下标: 1

---------------------------------------------------------------
[ 2023-09-29T07:38:24+08:00 ] [ log ] at779.icu/99/favicon.ico [运行时间：0.017223s][吞吐率：58.06req/s] [内存消耗：1,650.74kb] [文件加载：44]
[ error ] [8]未定义数组下标: 1

---------------------------------------------------------------
[ 2023-09-29T07:38:30+08:00 ] [ log ] at779.icu/99/index/open.html [运行时间：0.010716s][吞吐率：93.32req/s] [内存消耗：1,865.12kb] [文件加载：50]
[ error ] [8]未定义数组下标: 1

---------------------------------------------------------------
[ 2023-09-29T07:45:31+08:00 ] [ log ] at779.icu/99/ [运行时间：0.011599s][吞吐率：86.21req/s] [内存消耗：1,865.34kb] [文件加载：51]
[ error ] [8]未定义数组下标: 1

---------------------------------------------------------------
[ 2023-09-29T07:45:32+08:00 ] [ log ] at779.icu/99/favicon.ico [运行时间：0.011884s][吞吐率：84.15req/s] [内存消耗：1,650.74kb] [文件加载：44]
[ error ] [8]未定义数组下标: 1

---------------------------------------------------------------
[ 2023-09-29T07:45:35+08:00 ] [ log ] at779.icu/99/index/open.html [运行时间：0.010957s][吞吐率：91.27req/s] [内存消耗：1,865.12kb] [文件加载：50]
[ error ] [8]未定义数组下标: 1

---------------------------------------------------------------
[ 2023-09-29T07:46:36+08:00 ] [ log ] at779.icu/99/ [运行时间：0.010939s][吞吐率：91.42req/s] [内存消耗：1,864.80kb] [文件加载：51]
[ error ] [8]未定义数组下标: 1

---------------------------------------------------------------
[ 2023-09-29T07:46:42+08:00 ] [ log ] at779.icu/99/ [运行时间：0.040228s][吞吐率：24.86req/s] [内存消耗：1,864.80kb] [文件加载：51]
[ error ] [8]未定义数组下标: 1

---------------------------------------------------------------
[ 2023-09-29T07:47:17+08:00 ] [ log ] at779.icu/99/ [运行时间：0.011525s][吞吐率：86.77req/s] [内存消耗：1,864.80kb] [文件加载：51]
[ error ] [8]未定义数组下标: 1

---------------------------------------------------------------
[ 2023-09-29T07:47:17+08:00 ] [ log ] at779.icu/99/favicon.ico [运行时间：0.009887s][吞吐率：101.14req/s] [内存消耗：1,650.74kb] [文件加载：44]
[ error ] [8]未定义数组下标: 1

---------------------------------------------------------------
[ 2023-09-29T07:47:47+08:00 ] [ log ] at779.icu/99/ [运行时间：0.011173s][吞吐率：89.50req/s] [内存消耗：1,864.80kb] [文件加载：51]
[ error ] [8]未定义数组下标: 1

---------------------------------------------------------------
[ 2023-09-29T07:47:47+08:00 ] [ log ] at779.icu/99/favicon.ico [运行时间：0.009349s][吞吐率：106.96req/s] [内存消耗：1,650.74kb] [文件加载：44]
[ error ] [8]未定义数组下标: 1

---------------------------------------------------------------
[ 2023-09-29T07:47:51+08:00 ] [ log ] at779.icu/99/index/open.html [运行时间：0.010476s][吞吐率：95.46req/s] [内存消耗：1,865.12kb] [文件加载：50]
[ error ] [8]未定义数组下标: 1

---------------------------------------------------------------
[ 2023-09-29T07:50:42+08:00 ] [ log ] at779.icu/99/ [运行时间：0.011459s][吞吐率：87.27req/s] [内存消耗：1,864.80kb] [文件加载：51]
[ error ] [8]未定义数组下标: 1

---------------------------------------------------------------
[ 2023-09-29T07:50:43+08:00 ] [ log ] at779.icu/99/favicon.ico [运行时间：0.010081s][吞吐率：99.20req/s] [内存消耗：1,650.74kb] [文件加载：44]
[ error ] [8]未定义数组下标: 1

---------------------------------------------------------------
[ 2023-09-29T07:50:45+08:00 ] [ log ] at779.icu/99/index/open.html [运行时间：0.010635s][吞吐率：94.03req/s] [内存消耗：1,865.12kb] [文件加载：50]
[ error ] [8]未定义数组下标: 1

---------------------------------------------------------------
[ 2023-09-29T07:51:00+08:00 ] [ log ] at779.icu/99/ [运行时间：0.012765s][吞吐率：78.34req/s] [内存消耗：1,864.80kb] [文件加载：51]
[ error ] [8]未定义数组下标: 1

---------------------------------------------------------------
[ 2023-09-29T07:51:44+08:00 ] [ log ] at779.icu/99/index/open.html [运行时间：0.010681s][吞吐率：93.62req/s] [内存消耗：1,865.12kb] [文件加载：50]
[ error ] [8]未定义数组下标: 1

---------------------------------------------------------------
[ 2023-09-29T07:53:04+08:00 ] [ log ] at779.icu/99/ [运行时间：0.015261s][吞吐率：65.53req/s] [内存消耗：1,864.80kb] [文件加载：51]
[ error ] [8]未定义数组下标: 1

---------------------------------------------------------------
[ 2023-09-29T07:53:05+08:00 ] [ log ] at779.icu/99/favicon.ico [运行时间：0.009897s][吞吐率：101.04req/s] [内存消耗：1,650.74kb] [文件加载：44]
[ error ] [8]未定义数组下标: 1

---------------------------------------------------------------
[ 2023-09-29T07:53:08+08:00 ] [ log ] at779.icu/99/index/open.html [运行时间：0.011248s][吞吐率：88.91req/s] [内存消耗：1,865.12kb] [文件加载：50]
[ error ] [8]未定义数组下标: 1

---------------------------------------------------------------
[ 2023-09-29T07:54:23+08:00 ] [ log ] at779.icu/99/ [运行时间：0.010744s][吞吐率：93.08req/s] [内存消耗：1,864.80kb] [文件加载：51]
[ error ] [8]未定义数组下标: 1

---------------------------------------------------------------
[ 2023-09-29T07:54:23+08:00 ] [ log ] at779.icu/99/favicon.ico [运行时间：0.009814s][吞吐率：101.90req/s] [内存消耗：1,650.74kb] [文件加载：44]
[ error ] [8]未定义数组下标: 1

---------------------------------------------------------------
[ 2023-09-29T07:54:25+08:00 ] [ log ] at779.icu/99/index/open.html [运行时间：0.011312s][吞吐率：88.40req/s] [内存消耗：1,865.12kb] [文件加载：50]
[ error ] [8]未定义数组下标: 1

---------------------------------------------------------------
[ 2023-09-29T07:55:12+08:00 ] [ log ] at779.icu/99/ [运行时间：0.011601s][吞吐率：86.20req/s] [内存消耗：1,864.80kb] [文件加载：51]
[ error ] [8]未定义数组下标: 1

---------------------------------------------------------------
[ 2023-09-29T07:55:12+08:00 ] [ log ] at779.icu/99/favicon.ico [运行时间：0.013596s][吞吐率：73.55req/s] [内存消耗：1,650.74kb] [文件加载：44]
[ error ] [8]未定义数组下标: 1

---------------------------------------------------------------
[ 2023-09-29T07:55:14+08:00 ] [ log ] at779.icu/99/index/open.html [运行时间：0.011388s][吞吐率：87.81req/s] [内存消耗：1,865.12kb] [文件加载：50]
[ error ] [8]未定义数组下标: 1

---------------------------------------------------------------
[ 2023-09-29T07:55:29+08:00 ] [ log ] at779.icu/99/ [运行时间：0.011311s][吞吐率：88.41req/s] [内存消耗：1,864.80kb] [文件加载：51]
[ error ] [8]未定义数组下标: 1

---------------------------------------------------------------
[ 2023-09-29T07:55:30+08:00 ] [ log ] at779.icu/99/favicon.ico [运行时间：0.009834s][吞吐率：101.69req/s] [内存消耗：1,650.74kb] [文件加载：44]
[ error ] [8]未定义数组下标: 1

---------------------------------------------------------------
[ 2023-09-29T07:55:31+08:00 ] [ log ] at779.icu/99/index/open.html [运行时间：0.010841s][吞吐率：92.24req/s] [内存消耗：1,865.12kb] [文件加载：50]
[ error ] [8]未定义数组下标: 1

---------------------------------------------------------------
[ 2023-09-29T08:07:28+08:00 ] [ log ] at779.icu/99/index/open.html [运行时间：0.014303s][吞吐率：69.92req/s] [内存消耗：1,865.12kb] [文件加载：50]
[ error ] [8]未定义数组下标: 1

---------------------------------------------------------------
[ 2023-09-29T08:08:26+08:00 ] [ log ] at779.icu/99/ [运行时间：0.011155s][吞吐率：89.65req/s] [内存消耗：1,864.80kb] [文件加载：51]
[ error ] [8]未定义数组下标: 1

---------------------------------------------------------------
[ 2023-09-29T08:08:27+08:00 ] [ log ] at779.icu/99/favicon.ico [运行时间：0.009250s][吞吐率：108.11req/s] [内存消耗：1,650.74kb] [文件加载：44]
[ error ] [8]未定义数组下标: 1

---------------------------------------------------------------
[ 2023-09-29T08:08:29+08:00 ] [ log ] at779.icu/99/index/open.html [运行时间：0.010683s][吞吐率：93.61req/s] [内存消耗：1,865.12kb] [文件加载：50]
[ error ] [8]未定义数组下标: 1

---------------------------------------------------------------
[ 2023-09-29T08:51:54+08:00 ] [ log ] at779.icu/99/?uc_sm=1 [运行时间：0.024325s][吞吐率：41.11req/s] [内存消耗：1,865.97kb] [文件加载：51]
[ error ] [8]未定义数组下标: 1

---------------------------------------------------------------
[ 2023-09-29T08:51:54+08:00 ] [ log ] at779.icu/99/ [运行时间：0.010948s][吞吐率：91.34req/s] [内存消耗：1,865.34kb] [文件加载：51]
[ error ] [8]未定义数组下标: 1

---------------------------------------------------------------
[ 2023-09-29T08:51:57+08:00 ] [ log ] at779.icu/99/favicon.ico [运行时间：0.009842s][吞吐率：101.61req/s] [内存消耗：1,650.74kb] [文件加载：44]
[ error ] [8]未定义数组下标: 1

---------------------------------------------------------------
[ 2023-09-29T08:51:59+08:00 ] [ log ] at779.icu/99/index/open.html [运行时间：0.033208s][吞吐率：30.11req/s] [内存消耗：1,865.12kb] [文件加载：50]
[ error ] [8]未定义数组下标: 1

---------------------------------------------------------------
[ 2023-09-29T08:52:37+08:00 ] [ log ] at588.icu/99/ [运行时间：0.011374s][吞吐率：87.92req/s] [内存消耗：1,865.34kb] [文件加载：51]
[ error ] [8]未定义数组下标: 1

---------------------------------------------------------------
[ 2023-09-29T08:52:37+08:00 ] [ log ] at588.icu/99/favicon.ico [运行时间：0.009276s][吞吐率：107.81req/s] [内存消耗：1,650.74kb] [文件加载：44]
[ error ] [8]未定义数组下标: 1

---------------------------------------------------------------
[ 2023-09-29T08:56:56+08:00 ] [ log ] at779.icu/99/?uc_sm=1 [运行时间：0.010887s][吞吐率：91.85req/s] [内存消耗：1,865.44kb] [文件加载：51]
[ error ] [8]未定义数组下标: 1

---------------------------------------------------------------
[ 2023-09-29T08:56:56+08:00 ] [ log ] at779.icu/99/ [运行时间：0.011688s][吞吐率：85.56req/s] [内存消耗：1,864.80kb] [文件加载：51]
[ error ] [8]未定义数组下标: 1

---------------------------------------------------------------
[ 2023-09-29T08:56:56+08:00 ] [ log ] at779.icu/99/favicon.ico [运行时间：0.009571s][吞吐率：104.48req/s] [内存消耗：1,650.74kb] [文件加载：44]
[ error ] [8]未定义数组下标: 1

---------------------------------------------------------------
[ 2023-09-29T08:56:59+08:00 ] [ log ] at779.icu/99/index/open.html [运行时间：0.011701s][吞吐率：85.46req/s] [内存消耗：1,865.12kb] [文件加载：50]
[ error ] [8]未定义数组下标: 1

---------------------------------------------------------------
[ 2023-09-29T09:02:38+08:00 ] [ log ] at779.icu/99/?uc_sm=1 [运行时间：0.010744s][吞吐率：93.07req/s] [内存消耗：1,865.44kb] [文件加载：51]
[ error ] [8]未定义数组下标: 1

---------------------------------------------------------------
[ 2023-09-29T09:02:38+08:00 ] [ log ] at779.icu/99/ [运行时间：0.010762s][吞吐率：92.92req/s] [内存消耗：1,864.80kb] [文件加载：51]
[ error ] [8]未定义数组下标: 1

---------------------------------------------------------------
[ 2023-09-29T09:02:38+08:00 ] [ log ] at779.icu/99/favicon.ico [运行时间：0.009985s][吞吐率：100.15req/s] [内存消耗：1,650.74kb] [文件加载：44]
[ error ] [8]未定义数组下标: 1

---------------------------------------------------------------
[ 2023-09-29T09:02:40+08:00 ] [ log ] at779.icu/99/index/open.html [运行时间：0.010684s][吞吐率：93.60req/s] [内存消耗：1,865.12kb] [文件加载：50]
[ error ] [8]未定义数组下标: 1

---------------------------------------------------------------
[ 2023-09-29T09:30:46+08:00 ] [ log ] at779.icu/99/?uc_sm=1&from=wh10331 [运行时间：0.015150s][吞吐率：66.01req/s] [内存消耗：1,865.45kb] [文件加载：51]
[ error ] [8]未定义数组下标: 1

---------------------------------------------------------------
[ 2023-09-29T09:30:46+08:00 ] [ log ] at779.icu/99/ [运行时间：0.010530s][吞吐率：94.97req/s] [内存消耗：1,864.80kb] [文件加载：51]
[ error ] [8]未定义数组下标: 1

---------------------------------------------------------------
[ 2023-09-29T09:30:47+08:00 ] [ log ] at779.icu/99/favicon.ico [运行时间：0.009378s][吞吐率：106.63req/s] [内存消耗：1,650.74kb] [文件加载：44]
[ error ] [8]未定义数组下标: 1

---------------------------------------------------------------
[ 2023-09-29T09:30:49+08:00 ] [ log ] at779.icu/99/index/open.html [运行时间：0.012739s][吞吐率：78.50req/s] [内存消耗：1,865.12kb] [文件加载：50]
[ error ] [8]未定义数组下标: 1

---------------------------------------------------------------
[ 2023-09-29T09:34:56+08:00 ] [ log ] at779.icu/99/index/open.html [运行时间：0.014168s][吞吐率：70.58req/s] [内存消耗：1,865.65kb] [文件加载：50]
[ error ] [8]未定义数组下标: 1

---------------------------------------------------------------
[ 2023-09-29T09:36:33+08:00 ] [ log ] at779.icu/99/index/open.html [运行时间：0.021301s][吞吐率：46.95req/s] [内存消耗：1,865.12kb] [文件加载：50]
[ error ] [8]未定义数组下标: 1

---------------------------------------------------------------
[ 2023-09-29T09:38:00+08:00 ] [ log ] at779.icu/99/index/open.html [运行时间：0.012230s][吞吐率：81.77req/s] [内存消耗：1,865.12kb] [文件加载：50]
[ error ] [8]未定义数组下标: 1

---------------------------------------------------------------
[ 2023-09-29T09:38:28+08:00 ] [ log ] at779.icu/99/index/open.html [运行时间：0.010656s][吞吐率：93.84req/s] [内存消耗：1,865.12kb] [文件加载：50]
[ error ] [8]未定义数组下标: 1

---------------------------------------------------------------
[ 2023-09-29T09:41:45+08:00 ] [ log ] at779.icu/99/ [运行时间：0.012406s][吞吐率：80.61req/s] [内存消耗：1,864.80kb] [文件加载：51]
[ error ] [8]未定义数组下标: 1

---------------------------------------------------------------
[ 2023-09-29T09:41:46+08:00 ] [ log ] at779.icu/99/favicon.ico [运行时间：0.009843s][吞吐率：101.59req/s] [内存消耗：1,650.74kb] [文件加载：44]
[ error ] [8]未定义数组下标: 1

---------------------------------------------------------------
[ 2023-09-29T09:41:50+08:00 ] [ log ] at779.icu/99/index/open.html [运行时间：0.010989s][吞吐率：91.00req/s] [内存消耗：1,865.12kb] [文件加载：50]
[ error ] [8]未定义数组下标: 1

---------------------------------------------------------------
[ 2023-09-29T09:43:31+08:00 ] [ log ] at779.icu/99/ [运行时间：0.010919s][吞吐率：91.58req/s] [内存消耗：1,864.80kb] [文件加载：51]
[ error ] [8]未定义数组下标: 1

---------------------------------------------------------------
[ 2023-09-29T09:44:08+08:00 ] [ log ] at779.icu/99/ [运行时间：0.010675s][吞吐率：93.68req/s] [内存消耗：1,864.80kb] [文件加载：51]
[ error ] [8]未定义数组下标: 1

---------------------------------------------------------------
[ 2023-09-29T09:44:09+08:00 ] [ log ] at779.icu/99/favicon.ico [运行时间：0.009322s][吞吐率：107.27req/s] [内存消耗：1,650.74kb] [文件加载：44]
[ error ] [8]未定义数组下标: 1

---------------------------------------------------------------
[ 2023-09-29T09:44:13+08:00 ] [ log ] at779.icu/99/index/open.html [运行时间：0.039713s][吞吐率：25.18req/s] [内存消耗：1,865.12kb] [文件加载：50]
[ error ] [8]未定义数组下标: 1

---------------------------------------------------------------
[ 2023-09-29T09:45:32+08:00 ] [ log ] at779.icu/99/index/open.html [运行时间：0.010671s][吞吐率：93.71req/s] [内存消耗：1,865.12kb] [文件加载：50]
[ error ] [8]未定义数组下标: 1

---------------------------------------------------------------
[ 2023-09-29T09:52:06+08:00 ] [ log ] at779.icu/99/ [运行时间：0.015493s][吞吐率：64.55req/s] [内存消耗：1,865.34kb] [文件加载：51]
[ error ] [8]未定义数组下标: 1

---------------------------------------------------------------
[ 2023-09-29T09:52:06+08:00 ] [ log ] at779.icu/99/?uc_sm=1&from=wh10331 [运行时间：0.010667s][吞吐率：93.75req/s] [内存消耗：1,865.98kb] [文件加载：51]
[ error ] [8]未定义数组下标: 1

---------------------------------------------------------------
[ 2023-09-29T09:52:07+08:00 ] [ log ] at779.icu/99/favicon.ico [运行时间：0.009575s][吞吐率：104.44req/s] [内存消耗：1,650.74kb] [文件加载：44]
[ error ] [8]未定义数组下标: 1

---------------------------------------------------------------
[ 2023-09-29T09:52:09+08:00 ] [ log ] at779.icu/99/index/open.html [运行时间：0.036467s][吞吐率：27.42req/s] [内存消耗：1,865.12kb] [文件加载：50]
[ error ] [8]未定义数组下标: 1

---------------------------------------------------------------
[ 2023-09-29T09:54:31+08:00 ] [ log ] at668.icu/99/ [运行时间：0.011009s][吞吐率：90.83req/s] [内存消耗：1,865.34kb] [文件加载：51]
[ error ] [8]未定义数组下标: 1

---------------------------------------------------------------
[ 2023-09-29T09:54:34+08:00 ] [ log ] at668.icu/99/favicon.ico [运行时间：0.009312s][吞吐率：107.39req/s] [内存消耗：1,650.74kb] [文件加载：44]
[ error ] [8]未定义数组下标: 1

---------------------------------------------------------------
[ 2023-09-29T09:54:37+08:00 ] [ log ] at668.icu/99/index/open.html [运行时间：0.017519s][吞吐率：57.08req/s] [内存消耗：1,865.12kb] [文件加载：50]
[ error ] [8]未定义数组下标: 1

---------------------------------------------------------------
[ 2023-09-29T09:56:34+08:00 ] [ log ] at668.icu/99/ [运行时间：0.010866s][吞吐率：92.03req/s] [内存消耗：1,864.80kb] [文件加载：51]
[ error ] [8]未定义数组下标: 1

---------------------------------------------------------------
[ 2023-09-29T09:56:53+08:00 ] [ log ] at779.icu/99/?uc_sm=1&from=wh10331 [运行时间：0.014056s][吞吐率：71.14req/s] [内存消耗：1,865.45kb] [文件加载：51]
[ error ] [8]未定义数组下标: 1

---------------------------------------------------------------
[ 2023-09-29T09:56:53+08:00 ] [ log ] at779.icu/99/ [运行时间：0.011430s][吞吐率：87.49req/s] [内存消耗：1,864.80kb] [文件加载：51]
[ error ] [8]未定义数组下标: 1

---------------------------------------------------------------
[ 2023-09-29T09:56:55+08:00 ] [ log ] at779.icu/99/favicon.ico [运行时间：0.009920s][吞吐率：100.81req/s] [内存消耗：1,650.74kb] [文件加载：44]
[ error ] [8]未定义数组下标: 1

---------------------------------------------------------------
[ 2023-09-29T09:56:57+08:00 ] [ log ] at779.icu/99/index/open.html [运行时间：0.011243s][吞吐率：88.95req/s] [内存消耗：1,865.12kb] [文件加载：50]
[ error ] [8]未定义数组下标: 1

---------------------------------------------------------------
[ 2023-09-29T10:01:40+08:00 ] [ log ] at668.icu/99/index/open.html [运行时间：0.011161s][吞吐率：89.60req/s] [内存消耗：1,865.12kb] [文件加载：50]
[ error ] [8]未定义数组下标: 1

---------------------------------------------------------------
[ 2023-09-29T10:02:37+08:00 ] [ log ] at779.icu/99/ [运行时间：0.011430s][吞吐率：87.49req/s] [内存消耗：1,865.34kb] [文件加载：51]
[ error ] [8]未定义数组下标: 1

---------------------------------------------------------------
[ 2023-09-29T10:02:39+08:00 ] [ log ] at779.icu/99/favicon.ico [运行时间：0.009385s][吞吐率：106.55req/s] [内存消耗：1,650.74kb] [文件加载：44]
[ error ] [8]未定义数组下标: 1

---------------------------------------------------------------
[ 2023-09-29T10:02:43+08:00 ] [ log ] at779.icu/99/index/open.html [运行时间：0.011634s][吞吐率：85.96req/s] [内存消耗：1,865.12kb] [文件加载：50]
[ error ] [8]未定义数组下标: 1

---------------------------------------------------------------
[ 2023-09-29T10:05:58+08:00 ] [ log ] at779.icu/99/ [运行时间：0.011483s][吞吐率：87.08req/s] [内存消耗：1,864.80kb] [文件加载：51]
[ error ] [8]未定义数组下标: 1

---------------------------------------------------------------
[ 2023-09-29T10:05:59+08:00 ] [ log ] at779.icu/99/favicon.ico [运行时间：0.035625s][吞吐率：28.07req/s] [内存消耗：1,650.74kb] [文件加载：44]
[ error ] [8]未定义数组下标: 1

---------------------------------------------------------------
[ 2023-09-29T10:06:02+08:00 ] [ log ] at779.icu/99/index/open.html [运行时间：0.011133s][吞吐率：89.82req/s] [内存消耗：1,865.12kb] [文件加载：50]
[ error ] [8]未定义数组下标: 1

---------------------------------------------------------------
[ 2023-09-29T10:07:00+08:00 ] [ log ] at779.icu/99/ [运行时间：0.017520s][吞吐率：57.08req/s] [内存消耗：1,864.80kb] [文件加载：51]
[ error ] [8]未定义数组下标: 1

---------------------------------------------------------------
[ 2023-09-29T10:07:00+08:00 ] [ log ] at779.icu/99/favicon.ico [运行时间：0.009565s][吞吐率：104.55req/s] [内存消耗：1,650.74kb] [文件加载：44]
[ error ] [8]未定义数组下标: 1

---------------------------------------------------------------
[ 2023-09-29T10:07:06+08:00 ] [ log ] at779.icu/99/index/open.html [运行时间：0.014229s][吞吐率：70.28req/s] [内存消耗：1,865.12kb] [文件加载：50]
[ error ] [8]未定义数组下标: 1

---------------------------------------------------------------
[ 2023-09-29T10:08:37+08:00 ] [ log ] at668.icu/99/ [运行时间：0.015714s][吞吐率：63.64req/s] [内存消耗：1,864.80kb] [文件加载：51]
[ error ] [8]未定义数组下标: 1

---------------------------------------------------------------
[ 2023-09-29T10:08:38+08:00 ] [ log ] at668.icu/99/favicon.ico [运行时间：0.009467s][吞吐率：105.63req/s] [内存消耗：1,650.74kb] [文件加载：44]
[ error ] [8]未定义数组下标: 1

---------------------------------------------------------------
[ 2023-09-29T10:08:44+08:00 ] [ log ] at668.icu/99/ [运行时间：0.011306s][吞吐率：88.45req/s] [内存消耗：1,864.80kb] [文件加载：51]
[ error ] [8]未定义数组下标: 1

---------------------------------------------------------------
[ 2023-09-29T10:08:45+08:00 ] [ log ] at668.icu/99/favicon.ico [运行时间：0.009406s][吞吐率：106.32req/s] [内存消耗：1,650.74kb] [文件加载：44]
[ error ] [8]未定义数组下标: 1

---------------------------------------------------------------
[ 2023-09-29T10:08:49+08:00 ] [ log ] at668.icu/99/ [运行时间：0.010948s][吞吐率：91.34req/s] [内存消耗：1,864.80kb] [文件加载：51]
[ error ] [8]未定义数组下标: 1

---------------------------------------------------------------
[ 2023-09-29T10:08:50+08:00 ] [ log ] at668.icu/99/favicon.ico [运行时间：0.009916s][吞吐率：100.85req/s] [内存消耗：1,650.74kb] [文件加载：44]
[ error ] [8]未定义数组下标: 1

---------------------------------------------------------------
[ 2023-09-29T10:08:54+08:00 ] [ log ] at668.icu/99/index/open.html [运行时间：0.018358s][吞吐率：54.47req/s] [内存消耗：1,865.12kb] [文件加载：50]
[ error ] [8]未定义数组下标: 1

---------------------------------------------------------------
[ 2023-09-29T10:09:19+08:00 ] [ log ] at668.icu/99/index/open.html [运行时间：0.018154s][吞吐率：55.08req/s] [内存消耗：1,865.12kb] [文件加载：50]
[ error ] [8]未定义数组下标: 1

---------------------------------------------------------------
[ 2023-09-29T10:09:45+08:00 ] [ log ] at779.icu/99/ [运行时间：0.033401s][吞吐率：29.94req/s] [内存消耗：1,864.80kb] [文件加载：51]
[ error ] [8]未定义数组下标: 1

---------------------------------------------------------------
[ 2023-09-29T10:09:45+08:00 ] [ log ] at779.icu/99/?uc_sm=1 [运行时间：0.021220s][吞吐率：47.13req/s] [内存消耗：1,865.44kb] [文件加载：51]
[ error ] [8]未定义数组下标: 1

---------------------------------------------------------------
[ 2023-09-29T10:09:45+08:00 ] [ log ] at779.icu/99/favicon.ico [运行时间：0.013964s][吞吐率：71.61req/s] [内存消耗：1,650.74kb] [文件加载：44]
[ error ] [8]未定义数组下标: 1

---------------------------------------------------------------
[ 2023-09-29T10:09:48+08:00 ] [ log ] at779.icu/99/index/open.html [运行时间：0.010687s][吞吐率：93.57req/s] [内存消耗：1,865.12kb] [文件加载：50]
[ error ] [8]未定义数组下标: 1

---------------------------------------------------------------
[ 2023-09-29T10:10:03+08:00 ] [ log ] at779.icu/99/ [运行时间：0.015301s][吞吐率：65.36req/s] [内存消耗：1,864.80kb] [文件加载：51]
[ error ] [8]未定义数组下标: 1

---------------------------------------------------------------
[ 2023-09-29T10:10:03+08:00 ] [ log ] at779.icu/99/favicon.ico [运行时间：0.021864s][吞吐率：45.74req/s] [内存消耗：1,650.74kb] [文件加载：44]
[ error ] [8]未定义数组下标: 1

---------------------------------------------------------------
[ 2023-09-29T10:10:05+08:00 ] [ log ] at779.icu/99/index/open.html [运行时间：0.038435s][吞吐率：26.02req/s] [内存消耗：1,865.12kb] [文件加载：50]
[ error ] [8]未定义数组下标: 1

---------------------------------------------------------------
[ 2023-09-29T10:10:27+08:00 ] [ log ] at779.icu/99/ [运行时间：0.011449s][吞吐率：87.34req/s] [内存消耗：1,864.80kb] [文件加载：51]
[ error ] [8]未定义数组下标: 1

---------------------------------------------------------------
[ 2023-09-29T10:10:28+08:00 ] [ log ] at779.icu/99/favicon.ico [运行时间：0.009199s][吞吐率：108.71req/s] [内存消耗：1,650.74kb] [文件加载：44]
[ error ] [8]未定义数组下标: 1

---------------------------------------------------------------
[ 2023-09-29T10:10:29+08:00 ] [ log ] at779.icu/99/index/open.html [运行时间：0.010667s][吞吐率：93.75req/s] [内存消耗：1,865.12kb] [文件加载：50]
[ error ] [8]未定义数组下标: 1

---------------------------------------------------------------
[ 2023-09-29T10:11:19+08:00 ] [ log ] at779.icu/99/ [运行时间：0.013407s][吞吐率：74.59req/s] [内存消耗：1,864.80kb] [文件加载：51]
[ error ] [8]未定义数组下标: 1

---------------------------------------------------------------
[ 2023-09-29T10:11:19+08:00 ] [ log ] at779.icu/99/?uc_sm=1 [运行时间：0.010550s][吞吐率：94.79req/s] [内存消耗：1,865.44kb] [文件加载：51]
[ error ] [8]未定义数组下标: 1

---------------------------------------------------------------
[ 2023-09-29T10:11:19+08:00 ] [ log ] at779.icu/99/favicon.ico [运行时间：0.009491s][吞吐率：105.36req/s] [内存消耗：1,650.74kb] [文件加载：44]
[ error ] [8]未定义数组下标: 1

---------------------------------------------------------------
[ 2023-09-29T10:11:22+08:00 ] [ log ] at779.icu/99/index/open.html [运行时间：0.012727s][吞吐率：78.57req/s] [内存消耗：1,865.12kb] [文件加载：50]
[ error ] [8]未定义数组下标: 1

---------------------------------------------------------------
[ 2023-09-29T10:14:31+08:00 ] [ log ] at779.icu/99/ [运行时间：0.011667s][吞吐率：85.71req/s] [内存消耗：1,864.80kb] [文件加载：51]
[ error ] [8]未定义数组下标: 1

---------------------------------------------------------------
[ 2023-09-29T10:16:09+08:00 ] [ log ] at779.icu/99/?uc_sm=1&from=wh10331 [运行时间：0.017673s][吞吐率：56.58req/s] [内存消耗：1,865.45kb] [文件加载：51]
[ error ] [8]未定义数组下标: 1

---------------------------------------------------------------
[ 2023-09-29T10:16:09+08:00 ] [ log ] at779.icu/99/ [运行时间：0.011633s][吞吐率：85.96req/s] [内存消耗：1,864.80kb] [文件加载：51]
[ error ] [8]未定义数组下标: 1

---------------------------------------------------------------
[ 2023-09-29T10:16:10+08:00 ] [ log ] at779.icu/99/favicon.ico [运行时间：0.009368s][吞吐率：106.75req/s] [内存消耗：1,650.74kb] [文件加载：44]
[ error ] [8]未定义数组下标: 1

---------------------------------------------------------------
[ 2023-09-29T10:16:12+08:00 ] [ log ] at779.icu/99/index/open.html [运行时间：0.015269s][吞吐率：65.49req/s] [内存消耗：1,865.12kb] [文件加载：50]
[ error ] [8]未定义数组下标: 1

---------------------------------------------------------------
[ 2023-09-29T10:20:14+08:00 ] [ log ] at779.icu/99/ [运行时间：0.010809s][吞吐率：92.51req/s] [内存消耗：1,864.80kb] [文件加载：51]
[ error ] [8]未定义数组下标: 1

---------------------------------------------------------------
[ 2023-09-29T10:20:15+08:00 ] [ log ] at779.icu/99/favicon.ico [运行时间：0.013491s][吞吐率：74.12req/s] [内存消耗：1,650.74kb] [文件加载：44]
[ error ] [8]未定义数组下标: 1

---------------------------------------------------------------
[ 2023-09-29T10:20:17+08:00 ] [ log ] at779.icu/99/index/open.html [运行时间：0.011561s][吞吐率：86.50req/s] [内存消耗：1,865.12kb] [文件加载：50]
[ error ] [8]未定义数组下标: 1

---------------------------------------------------------------
[ 2023-09-29T11:00:28+08:00 ] [ log ] at779.icu/99/ [运行时间：0.017590s][吞吐率：56.85req/s] [内存消耗：1,865.34kb] [文件加载：51]
[ error ] [8]未定义数组下标: 1

---------------------------------------------------------------
[ 2023-09-29T11:00:28+08:00 ] [ log ] at779.icu/99/favicon.ico [运行时间：0.032058s][吞吐率：31.19req/s] [内存消耗：1,650.74kb] [文件加载：44]
[ error ] [8]未定义数组下标: 1

---------------------------------------------------------------
[ 2023-09-29T11:00:31+08:00 ] [ log ] at779.icu/99/index/open.html [运行时间：0.010690s][吞吐率：93.55req/s] [内存消耗：1,865.12kb] [文件加载：50]
[ error ] [8]未定义数组下标: 1

---------------------------------------------------------------
[ 2023-09-29T11:30:23+08:00 ] [ log ] at779.icu/99/ [运行时间：0.014574s][吞吐率：68.62req/s] [内存消耗：1,864.80kb] [文件加载：51]
[ error ] [8]未定义数组下标: 1

---------------------------------------------------------------
[ 2023-09-29T11:30:26+08:00 ] [ log ] at779.icu/99/index/open.html [运行时间：0.010643s][吞吐率：93.96req/s] [内存消耗：1,865.12kb] [文件加载：50]
[ error ] [8]未定义数组下标: 1

---------------------------------------------------------------
[ 2023-09-29T11:31:45+08:00 ] [ log ] at779.icu/99/ [运行时间：0.011528s][吞吐率：86.75req/s] [内存消耗：1,864.80kb] [文件加载：51]
[ error ] [8]未定义数组下标: 1

---------------------------------------------------------------
[ 2023-09-29T11:31:46+08:00 ] [ log ] at779.icu/99/favicon.ico [运行时间：0.009871s][吞吐率：101.31req/s] [内存消耗：1,650.74kb] [文件加载：44]
[ error ] [8]未定义数组下标: 1

---------------------------------------------------------------
[ 2023-09-29T11:31:49+08:00 ] [ log ] at779.icu/99/index/open.html [运行时间：0.015847s][吞吐率：63.10req/s] [内存消耗：1,865.12kb] [文件加载：50]
[ error ] [8]未定义数组下标: 1

---------------------------------------------------------------
[ 2023-09-29T11:32:35+08:00 ] [ log ] at779.icu/99/ [运行时间：0.010619s][吞吐率：94.17req/s] [内存消耗：1,864.80kb] [文件加载：51]
[ error ] [8]未定义数组下标: 1

---------------------------------------------------------------
[ 2023-09-29T11:32:38+08:00 ] [ log ] at779.icu/99/index/open.html [运行时间：0.010604s][吞吐率：94.30req/s] [内存消耗：1,865.12kb] [文件加载：50]
[ error ] [8]未定义数组下标: 1

---------------------------------------------------------------
[ 2023-09-29T11:32:53+08:00 ] [ log ] at779.icu/99/ [运行时间：0.013255s][吞吐率：75.44req/s] [内存消耗：1,864.80kb] [文件加载：51]
[ error ] [8]未定义数组下标: 1

---------------------------------------------------------------
[ 2023-09-29T11:33:00+08:00 ] [ log ] at668.icu/99/ [运行时间：0.011112s][吞吐率：89.99req/s] [内存消耗：1,865.34kb] [文件加载：51]
[ error ] [8]未定义数组下标: 1

---------------------------------------------------------------
[ 2023-09-29T11:33:01+08:00 ] [ log ] at668.icu/99/favicon.ico [运行时间：0.009918s][吞吐率：100.83req/s] [内存消耗：1,650.74kb] [文件加载：44]
[ error ] [8]未定义数组下标: 1

---------------------------------------------------------------
[ 2023-09-29T11:33:04+08:00 ] [ log ] at668.icu/99/index/open.html [运行时间：0.011250s][吞吐率：88.89req/s] [内存消耗：1,865.12kb] [文件加载：50]
[ error ] [8]未定义数组下标: 1

---------------------------------------------------------------
[ 2023-09-29T11:33:21+08:00 ] [ log ] at779.icu/99/index/open.html [运行时间：0.011361s][吞吐率：88.02req/s] [内存消耗：1,865.12kb] [文件加载：50]
[ error ] [8]未定义数组下标: 1

---------------------------------------------------------------
[ 2023-09-29T11:34:03+08:00 ] [ log ] at779.icu/99/ [运行时间：0.013320s][吞吐率：75.08req/s] [内存消耗：1,864.80kb] [文件加载：51]
[ error ] [8]未定义数组下标: 1

---------------------------------------------------------------
[ 2023-09-29T11:34:04+08:00 ] [ log ] at779.icu/99/favicon.ico [运行时间：0.009414s][吞吐率：106.23req/s] [内存消耗：1,650.74kb] [文件加载：44]
[ error ] [8]未定义数组下标: 1

---------------------------------------------------------------
[ 2023-09-29T11:34:07+08:00 ] [ log ] at779.icu/99/index/open.html [运行时间：0.014153s][吞吐率：70.66req/s] [内存消耗：1,865.12kb] [文件加载：50]
[ error ] [8]未定义数组下标: 1

---------------------------------------------------------------
[ 2023-09-29T11:34:45+08:00 ] [ log ] at779.icu/99/ [运行时间：0.011392s][吞吐率：87.78req/s] [内存消耗：1,864.80kb] [文件加载：51]
[ error ] [8]未定义数组下标: 1

---------------------------------------------------------------
[ 2023-09-29T11:34:45+08:00 ] [ log ] at779.icu/99/favicon.ico [运行时间：0.009531s][吞吐率：104.92req/s] [内存消耗：1,650.74kb] [文件加载：44]
[ error ] [8]未定义数组下标: 1

---------------------------------------------------------------
[ 2023-09-29T11:34:49+08:00 ] [ log ] at779.icu/99/index/open.html [运行时间：0.010949s][吞吐率：91.33req/s] [内存消耗：1,865.12kb] [文件加载：50]
[ error ] [8]未定义数组下标: 1

---------------------------------------------------------------
[ 2023-09-29T11:41:38+08:00 ] [ log ] at779.icu/99/ [运行时间：0.010827s][吞吐率：92.36req/s] [内存消耗：1,865.34kb] [文件加载：51]
[ error ] [8]未定义数组下标: 1

---------------------------------------------------------------
[ 2023-09-29T11:41:40+08:00 ] [ log ] at779.icu/99/favicon.ico [运行时间：0.009226s][吞吐率：108.39req/s] [内存消耗：1,650.74kb] [文件加载：44]
[ error ] [8]未定义数组下标: 1

---------------------------------------------------------------
[ 2023-09-29T11:41:42+08:00 ] [ log ] at779.icu/99/index/open.html [运行时间：0.010576s][吞吐率：94.55req/s] [内存消耗：1,865.12kb] [文件加载：50]
[ error ] [8]未定义数组下标: 1

---------------------------------------------------------------
[ 2023-09-29T11:42:08+08:00 ] [ log ] at779.icu/99/ [运行时间：0.010817s][吞吐率：92.45req/s] [内存消耗：1,864.80kb] [文件加载：51]
[ error ] [8]未定义数组下标: 1

---------------------------------------------------------------
[ 2023-09-29T11:42:10+08:00 ] [ log ] at779.icu/99/favicon.ico [运行时间：0.011903s][吞吐率：84.01req/s] [内存消耗：1,650.74kb] [文件加载：44]
[ error ] [8]未定义数组下标: 1

---------------------------------------------------------------
[ 2023-09-29T11:42:12+08:00 ] [ log ] at779.icu/99/index/open.html [运行时间：0.012726s][吞吐率：78.58req/s] [内存消耗：1,865.12kb] [文件加载：50]
[ error ] [8]未定义数组下标: 1

---------------------------------------------------------------
[ 2023-09-29T11:51:53+08:00 ] [ log ] at779.icu/99/ [运行时间：0.011195s][吞吐率：89.33req/s] [内存消耗：1,865.34kb] [文件加载：51]
[ error ] [8]未定义数组下标: 1

---------------------------------------------------------------
[ 2023-09-29T12:00:17+08:00 ] [ log ] at779.icu/99/ [运行时间：0.015176s][吞吐率：65.89req/s] [内存消耗：1,865.34kb] [文件加载：51]
[ error ] [8]未定义数组下标: 1

---------------------------------------------------------------
[ 2023-09-29T12:00:17+08:00 ] [ log ] at779.icu/99/ [运行时间：0.010913s][吞吐率：91.63req/s] [内存消耗：1,865.34kb] [文件加载：51]
[ error ] [8]未定义数组下标: 1

---------------------------------------------------------------
[ 2023-09-29T12:00:17+08:00 ] [ log ] at779.icu/99/ [运行时间：0.010774s][吞吐率：92.81req/s] [内存消耗：1,865.34kb] [文件加载：51]
[ error ] [8]未定义数组下标: 1

---------------------------------------------------------------
[ 2023-09-29T12:00:19+08:00 ] [ log ] at779.icu/99/ [运行时间：0.010753s][吞吐率：93.00req/s] [内存消耗：1,865.34kb] [文件加载：51]
[ error ] [8]未定义数组下标: 1

---------------------------------------------------------------
[ 2023-09-29T12:00:19+08:00 ] [ log ] at779.icu/99/ [运行时间：0.011290s][吞吐率：88.57req/s] [内存消耗：1,865.34kb] [文件加载：51]
[ error ] [8]未定义数组下标: 1

---------------------------------------------------------------
[ 2023-09-29T12:00:19+08:00 ] [ log ] at779.icu/99/ [运行时间：0.010786s][吞吐率：92.71req/s] [内存消耗：1,865.34kb] [文件加载：51]
[ error ] [8]未定义数组下标: 1

---------------------------------------------------------------
[ 2023-09-29T12:00:19+08:00 ] [ log ] at779.icu/99/ [运行时间：0.011117s][吞吐率：89.95req/s] [内存消耗：1,865.34kb] [文件加载：51]
[ error ] [8]未定义数组下标: 1

---------------------------------------------------------------
[ 2023-09-29T12:00:19+08:00 ] [ log ] at779.icu/99/ [运行时间：0.010791s][吞吐率：92.67req/s] [内存消耗：1,865.34kb] [文件加载：51]
[ error ] [8]未定义数组下标: 1

---------------------------------------------------------------
[ 2023-09-29T12:00:19+08:00 ] [ log ] at779.icu/99/ [运行时间：0.011613s][吞吐率：86.11req/s] [内存消耗：1,865.34kb] [文件加载：51]
[ error ] [8]未定义数组下标: 1

---------------------------------------------------------------
[ 2023-09-29T12:00:19+08:00 ] [ log ] at779.icu/99/ [运行时间：0.011094s][吞吐率：90.14req/s] [内存消耗：1,865.34kb] [文件加载：51]
[ error ] [8]未定义数组下标: 1

---------------------------------------------------------------
[ 2023-09-29T12:00:19+08:00 ] [ log ] at779.icu/99/ [运行时间：0.013193s][吞吐率：75.80req/s] [内存消耗：1,865.34kb] [文件加载：51]
[ error ] [8]未定义数组下标: 1

---------------------------------------------------------------
[ 2023-09-29T12:00:19+08:00 ] [ log ] at779.icu/99/ [运行时间：0.016175s][吞吐率：61.82req/s] [内存消耗：1,865.34kb] [文件加载：51]
[ error ] [8]未定义数组下标: 1

---------------------------------------------------------------
[ 2023-09-29T12:00:19+08:00 ] [ log ] at779.icu/99/ [运行时间：0.011921s][吞吐率：83.89req/s] [内存消耗：1,865.34kb] [文件加载：51]
[ error ] [8]未定义数组下标: 1

---------------------------------------------------------------
[ 2023-09-29T12:00:19+08:00 ] [ log ] at779.icu/99/ [运行时间：0.010731s][吞吐率：93.19req/s] [内存消耗：1,865.34kb] [文件加载：51]
[ error ] [8]未定义数组下标: 1

---------------------------------------------------------------
[ 2023-09-29T12:00:19+08:00 ] [ log ] at779.icu/99/ [运行时间：0.010653s][吞吐率：93.87req/s] [内存消耗：1,865.34kb] [文件加载：51]
[ error ] [8]未定义数组下标: 1

---------------------------------------------------------------
[ 2023-09-29T12:00:19+08:00 ] [ log ] at779.icu/99/ [运行时间：0.010939s][吞吐率：91.42req/s] [内存消耗：1,865.34kb] [文件加载：51]
[ error ] [8]未定义数组下标: 1

---------------------------------------------------------------
[ 2023-09-29T12:00:19+08:00 ] [ log ] at779.icu/99/ [运行时间：0.010956s][吞吐率：91.28req/s] [内存消耗：1,865.34kb] [文件加载：51]
[ error ] [8]未定义数组下标: 1

---------------------------------------------------------------
[ 2023-09-29T12:00:20+08:00 ] [ log ] at779.icu/99/ [运行时间：0.011271s][吞吐率：88.72req/s] [内存消耗：1,865.34kb] [文件加载：51]
[ error ] [8]未定义数组下标: 1

---------------------------------------------------------------
[ 2023-09-29T12:00:20+08:00 ] [ log ] at779.icu/99/ [运行时间：0.011485s][吞吐率：87.07req/s] [内存消耗：1,865.34kb] [文件加载：51]
[ error ] [8]未定义数组下标: 1

---------------------------------------------------------------
[ 2023-09-29T12:00:20+08:00 ] [ log ] at779.icu/99/ [运行时间：0.011421s][吞吐率：87.56req/s] [内存消耗：1,865.34kb] [文件加载：51]
[ error ] [8]未定义数组下标: 1

---------------------------------------------------------------
[ 2023-09-29T12:00:20+08:00 ] [ log ] at779.icu/99/ [运行时间：0.010874s][吞吐率：91.96req/s] [内存消耗：1,865.34kb] [文件加载：51]
[ error ] [8]未定义数组下标: 1

---------------------------------------------------------------
[ 2023-09-29T12:00:20+08:00 ] [ log ] at779.icu/99/ [运行时间：0.010809s][吞吐率：92.51req/s] [内存消耗：1,865.34kb] [文件加载：51]
[ error ] [8]未定义数组下标: 1

---------------------------------------------------------------
[ 2023-09-29T12:00:20+08:00 ] [ log ] at779.icu/99/ [运行时间：0.010539s][吞吐率：94.89req/s] [内存消耗：1,865.34kb] [文件加载：51]
[ error ] [8]未定义数组下标: 1

---------------------------------------------------------------
[ 2023-09-29T12:00:20+08:00 ] [ log ] at779.icu/99/ [运行时间：0.010796s][吞吐率：92.63req/s] [内存消耗：1,865.34kb] [文件加载：51]
[ error ] [8]未定义数组下标: 1

---------------------------------------------------------------
[ 2023-09-29T12:00:20+08:00 ] [ log ] at779.icu/99/ [运行时间：0.010657s][吞吐率：93.84req/s] [内存消耗：1,865.34kb] [文件加载：51]
[ error ] [8]未定义数组下标: 1

---------------------------------------------------------------
[ 2023-09-29T12:00:20+08:00 ] [ log ] at779.icu/99/ [运行时间：0.011051s][吞吐率：90.49req/s] [内存消耗：1,865.34kb] [文件加载：51]
[ error ] [8]未定义数组下标: 1

---------------------------------------------------------------
[ 2023-09-29T12:00:20+08:00 ] [ log ] at779.icu/99/ [运行时间：0.011236s][吞吐率：89.00req/s] [内存消耗：1,865.34kb] [文件加载：51]
[ error ] [8]未定义数组下标: 1

---------------------------------------------------------------
[ 2023-09-29T12:00:20+08:00 ] [ log ] at779.icu/99/ [运行时间：0.010638s][吞吐率：94.00req/s] [内存消耗：1,865.34kb] [文件加载：51]
[ error ] [8]未定义数组下标: 1

---------------------------------------------------------------
[ 2023-09-29T12:00:20+08:00 ] [ log ] at779.icu/99/ [运行时间：0.011265s][吞吐率：88.77req/s] [内存消耗：1,865.34kb] [文件加载：51]
[ error ] [8]未定义数组下标: 1

---------------------------------------------------------------
[ 2023-09-29T12:00:20+08:00 ] [ log ] at779.icu/99/ [运行时间：0.010597s][吞吐率：94.37req/s] [内存消耗：1,865.34kb] [文件加载：51]
[ error ] [8]未定义数组下标: 1

---------------------------------------------------------------
[ 2023-09-29T12:00:21+08:00 ] [ log ] at779.icu/99/ [运行时间：0.014329s][吞吐率：69.79req/s] [内存消耗：1,865.34kb] [文件加载：51]
[ error ] [8]未定义数组下标: 1

---------------------------------------------------------------
[ 2023-09-29T12:00:21+08:00 ] [ log ] at779.icu/99/ [运行时间：0.011468s][吞吐率：87.20req/s] [内存消耗：1,865.34kb] [文件加载：51]
[ error ] [8]未定义数组下标: 1

---------------------------------------------------------------
[ 2023-09-29T12:00:21+08:00 ] [ log ] at779.icu/99/ [运行时间：0.017044s][吞吐率：58.67req/s] [内存消耗：1,865.34kb] [文件加载：51]
[ error ] [8]未定义数组下标: 1

---------------------------------------------------------------
[ 2023-09-29T12:00:21+08:00 ] [ log ] at779.icu/99/ [运行时间：0.013516s][吞吐率：73.99req/s] [内存消耗：1,865.34kb] [文件加载：51]
[ error ] [8]未定义数组下标: 1

---------------------------------------------------------------
[ 2023-09-29T12:00:21+08:00 ] [ log ] at779.icu/99/ [运行时间：0.011514s][吞吐率：86.85req/s] [内存消耗：1,865.34kb] [文件加载：51]
[ error ] [8]未定义数组下标: 1

---------------------------------------------------------------
[ 2023-09-29T12:00:21+08:00 ] [ log ] at779.icu/99/ [运行时间：0.011253s][吞吐率：88.86req/s] [内存消耗：1,865.34kb] [文件加载：51]
[ error ] [8]未定义数组下标: 1

---------------------------------------------------------------
[ 2023-09-29T12:00:21+08:00 ] [ log ] at779.icu/99/ [运行时间：0.010840s][吞吐率：92.25req/s] [内存消耗：1,865.34kb] [文件加载：51]
[ error ] [8]未定义数组下标: 1

---------------------------------------------------------------
[ 2023-09-29T12:00:21+08:00 ] [ log ] at779.icu/99/ [运行时间：0.010988s][吞吐率：91.01req/s] [内存消耗：1,865.34kb] [文件加载：51]
[ error ] [8]未定义数组下标: 1

---------------------------------------------------------------
[ 2023-09-29T12:00:21+08:00 ] [ log ] at779.icu/99/ [运行时间：0.010970s][吞吐率：91.16req/s] [内存消耗：1,865.34kb] [文件加载：51]
[ error ] [8]未定义数组下标: 1

---------------------------------------------------------------
[ 2023-09-29T12:00:21+08:00 ] [ log ] at779.icu/99/ [运行时间：0.010969s][吞吐率：91.17req/s] [内存消耗：1,865.34kb] [文件加载：51]
[ error ] [8]未定义数组下标: 1

---------------------------------------------------------------
[ 2023-09-29T12:00:21+08:00 ] [ log ] at779.icu/99/ [运行时间：0.010841s][吞吐率：92.24req/s] [内存消耗：1,865.34kb] [文件加载：51]
[ error ] [8]未定义数组下标: 1

---------------------------------------------------------------
[ 2023-09-29T12:00:21+08:00 ] [ log ] at779.icu/99/ [运行时间：0.011152s][吞吐率：89.67req/s] [内存消耗：1,865.34kb] [文件加载：51]
[ error ] [8]未定义数组下标: 1

---------------------------------------------------------------
[ 2023-09-29T12:00:21+08:00 ] [ log ] at779.icu/99/ [运行时间：0.010589s][吞吐率：94.44req/s] [内存消耗：1,865.34kb] [文件加载：51]
[ error ] [8]未定义数组下标: 1

---------------------------------------------------------------
[ 2023-09-29T12:00:21+08:00 ] [ log ] at779.icu/99/ [运行时间：0.010557s][吞吐率：94.72req/s] [内存消耗：1,865.34kb] [文件加载：51]
[ error ] [8]未定义数组下标: 1

---------------------------------------------------------------
[ 2023-09-29T12:00:22+08:00 ] [ log ] at779.icu/99/ [运行时间：0.010553s][吞吐率：94.76req/s] [内存消耗：1,865.34kb] [文件加载：51]
[ error ] [8]未定义数组下标: 1

---------------------------------------------------------------
[ 2023-09-29T12:00:22+08:00 ] [ log ] at779.icu/99/ [运行时间：0.010588s][吞吐率：94.45req/s] [内存消耗：1,865.34kb] [文件加载：51]
[ error ] [8]未定义数组下标: 1

---------------------------------------------------------------
[ 2023-09-29T12:00:22+08:00 ] [ log ] at779.icu/99/ [运行时间：0.010790s][吞吐率：92.68req/s] [内存消耗：1,865.34kb] [文件加载：51]
[ error ] [8]未定义数组下标: 1

---------------------------------------------------------------
[ 2023-09-29T12:00:22+08:00 ] [ log ] at779.icu/99/ [运行时间：0.010807s][吞吐率：92.53req/s] [内存消耗：1,865.34kb] [文件加载：51]
[ error ] [8]未定义数组下标: 1

---------------------------------------------------------------
[ 2023-09-29T12:00:22+08:00 ] [ log ] at779.icu/99/ [运行时间：0.012370s][吞吐率：80.84req/s] [内存消耗：1,865.34kb] [文件加载：51]
[ error ] [8]未定义数组下标: 1

---------------------------------------------------------------
[ 2023-09-29T12:00:22+08:00 ] [ log ] at779.icu/99/ [运行时间：0.010679s][吞吐率：93.64req/s] [内存消耗：1,865.34kb] [文件加载：51]
[ error ] [8]未定义数组下标: 1

---------------------------------------------------------------
[ 2023-09-29T12:00:22+08:00 ] [ log ] at779.icu/99/ [运行时间：0.010923s][吞吐率：91.55req/s] [内存消耗：1,865.34kb] [文件加载：51]
[ error ] [8]未定义数组下标: 1

---------------------------------------------------------------
[ 2023-09-29T12:00:22+08:00 ] [ log ] at779.icu/99/ [运行时间：0.010705s][吞吐率：93.41req/s] [内存消耗：1,865.34kb] [文件加载：51]
[ error ] [8]未定义数组下标: 1

---------------------------------------------------------------
[ 2023-09-29T12:00:22+08:00 ] [ log ] at779.icu/99/ [运行时间：0.011099s][吞吐率：90.10req/s] [内存消耗：1,865.34kb] [文件加载：51]
[ error ] [8]未定义数组下标: 1

---------------------------------------------------------------
[ 2023-09-29T12:00:22+08:00 ] [ log ] at779.icu/99/ [运行时间：0.010660s][吞吐率：93.81req/s] [内存消耗：1,865.34kb] [文件加载：51]
[ error ] [8]未定义数组下标: 1

---------------------------------------------------------------
[ 2023-09-29T12:02:44+08:00 ] [ log ] at779.icu/99/ [运行时间：0.011681s][吞吐率：85.61req/s] [内存消耗：1,865.34kb] [文件加载：51]
[ error ] [8]未定义数组下标: 1

---------------------------------------------------------------
[ 2023-09-29T12:02:44+08:00 ] [ log ] at779.icu/99/ [运行时间：0.011429s][吞吐率：87.50req/s] [内存消耗：1,865.34kb] [文件加载：51]
[ error ] [8]未定义数组下标: 1

---------------------------------------------------------------
[ 2023-09-29T12:02:44+08:00 ] [ log ] at779.icu/99/ [运行时间：0.011442s][吞吐率：87.40req/s] [内存消耗：1,865.34kb] [文件加载：51]
[ error ] [8]未定义数组下标: 1

---------------------------------------------------------------
[ 2023-09-29T12:04:02+08:00 ] [ log ] at888.icu/99/ [运行时间：0.011150s][吞吐率：89.69req/s] [内存消耗：1,865.34kb] [文件加载：51]
[ error ] [8]未定义数组下标: 1

---------------------------------------------------------------
[ 2023-09-29T12:04:03+08:00 ] [ log ] at888.icu/99/favicon.ico [运行时间：0.011070s][吞吐率：90.33req/s] [内存消耗：1,650.74kb] [文件加载：44]
[ error ] [8]未定义数组下标: 1

---------------------------------------------------------------
[ 2023-09-29T12:05:01+08:00 ] [ log ] at668.icu/99/ [运行时间：0.010947s][吞吐率：91.35req/s] [内存消耗：1,865.34kb] [文件加载：51]
[ error ] [8]未定义数组下标: 1

---------------------------------------------------------------
[ 2023-09-29T12:05:02+08:00 ] [ log ] at668.icu/99/favicon.ico [运行时间：0.010205s][吞吐率：97.99req/s] [内存消耗：1,650.74kb] [文件加载：44]
[ error ] [8]未定义数组下标: 1

---------------------------------------------------------------
[ 2023-09-29T12:05:04+08:00 ] [ log ] at668.icu/99/index/open.html [运行时间：0.010928s][吞吐率：91.51req/s] [内存消耗：1,865.12kb] [文件加载：50]
[ error ] [8]未定义数组下标: 1

---------------------------------------------------------------
[ 2023-09-29T12:05:42+08:00 ] [ log ] at779.icu/99/ [运行时间：0.010887s][吞吐率：91.85req/s] [内存消耗：1,864.80kb] [文件加载：51]
[ error ] [8]未定义数组下标: 1

---------------------------------------------------------------
[ 2023-09-29T12:05:46+08:00 ] [ log ] at779.icu/99/favicon.ico [运行时间：0.009744s][吞吐率：102.63req/s] [内存消耗：1,650.74kb] [文件加载：44]
[ error ] [8]未定义数组下标: 1

---------------------------------------------------------------
[ 2023-09-29T12:05:49+08:00 ] [ log ] at779.icu/99/index/open.html [运行时间：0.010756s][吞吐率：92.97req/s] [内存消耗：1,865.12kb] [文件加载：50]
[ error ] [8]未定义数组下标: 1

---------------------------------------------------------------
[ 2023-09-29T12:06:11+08:00 ] [ log ] at779.icu/99/ [运行时间：0.025945s][吞吐率：38.54req/s] [内存消耗：1,865.34kb] [文件加载：51]
[ error ] [8]未定义数组下标: 1

---------------------------------------------------------------
[ 2023-09-29T12:06:15+08:00 ] [ log ] at779.icu/99/favicon.ico [运行时间：0.021554s][吞吐率：46.40req/s] [内存消耗：1,650.74kb] [文件加载：44]
[ error ] [8]未定义数组下标: 1

---------------------------------------------------------------
[ 2023-09-29T12:06:18+08:00 ] [ log ] at779.icu/99/index/open.html [运行时间：0.011063s][吞吐率：90.39req/s] [内存消耗：1,865.12kb] [文件加载：50]
[ error ] [8]未定义数组下标: 1

---------------------------------------------------------------
[ 2023-09-29T12:07:35+08:00 ] [ log ] at668.icu/99/ [运行时间：0.017924s][吞吐率：55.79req/s] [内存消耗：1,865.34kb] [文件加载：51]
[ error ] [8]未定义数组下标: 1

---------------------------------------------------------------
[ 2023-09-29T12:07:38+08:00 ] [ log ] at668.icu/99/index/open.html [运行时间：0.011374s][吞吐率：87.92req/s] [内存消耗：1,865.12kb] [文件加载：50]
[ error ] [8]未定义数组下标: 1

---------------------------------------------------------------
[ 2023-09-29T12:07:42+08:00 ] [ log ] at668.icu/99/ [运行时间：0.019895s][吞吐率：50.26req/s] [内存消耗：1,865.34kb] [文件加载：51]
[ error ] [8]未定义数组下标: 1

---------------------------------------------------------------
[ 2023-09-29T12:07:48+08:00 ] [ log ] at668.icu/99/index/open.html [运行时间：0.010508s][吞吐率：95.17req/s] [内存消耗：1,865.12kb] [文件加载：50]
[ error ] [8]未定义数组下标: 1

---------------------------------------------------------------
[ 2023-09-29T12:07:59+08:00 ] [ log ] at668.icu/99/ [运行时间：0.010750s][吞吐率：93.02req/s] [内存消耗：1,865.34kb] [文件加载：51]
[ error ] [8]未定义数组下标: 1

---------------------------------------------------------------
[ 2023-09-29T12:08:02+08:00 ] [ log ] at668.icu/99/index/open.html [运行时间：0.010907s][吞吐率：91.68req/s] [内存消耗：1,865.12kb] [文件加载：50]
[ error ] [8]未定义数组下标: 1

---------------------------------------------------------------
[ 2023-09-29T12:08:12+08:00 ] [ log ] at779.icu/99/ [运行时间：0.011418s][吞吐率：87.58req/s] [内存消耗：1,865.34kb] [文件加载：51]
[ error ] [8]未定义数组下标: 1

---------------------------------------------------------------
[ 2023-09-29T12:08:15+08:00 ] [ log ] at779.icu/99/index/open.html [运行时间：0.014669s][吞吐率：68.17req/s] [内存消耗：1,865.12kb] [文件加载：50]
[ error ] [8]未定义数组下标: 1

---------------------------------------------------------------
[ 2023-09-29T12:08:41+08:00 ] [ log ] at668.icu/99/ [运行时间：0.010776s][吞吐率：92.80req/s] [内存消耗：1,864.80kb] [文件加载：51]
[ error ] [8]未定义数组下标: 1

---------------------------------------------------------------
[ 2023-09-29T12:08:42+08:00 ] [ log ] at668.icu/99/favicon.ico [运行时间：0.009534s][吞吐率：104.89req/s] [内存消耗：1,650.74kb] [文件加载：44]
[ error ] [8]未定义数组下标: 1

---------------------------------------------------------------
[ 2023-09-29T12:08:47+08:00 ] [ log ] at566.icu/99/ [运行时间：0.011322s][吞吐率：88.32req/s] [内存消耗：1,865.34kb] [文件加载：51]
[ error ] [8]未定义数组下标: 1

---------------------------------------------------------------
[ 2023-09-29T12:08:50+08:00 ] [ log ] at566.icu/99/index/open.html [运行时间：0.010848s][吞吐率：92.18req/s] [内存消耗：1,865.12kb] [文件加载：50]
[ error ] [8]未定义数组下标: 1

---------------------------------------------------------------
[ 2023-09-29T12:08:55+08:00 ] [ log ] at779.icu/99/ [运行时间：0.014471s][吞吐率：69.10req/s] [内存消耗：1,865.34kb] [文件加载：51]
[ error ] [8]未定义数组下标: 1

---------------------------------------------------------------
[ 2023-09-29T12:09:01+08:00 ] [ log ] at668.icu/99/index/open.html [运行时间：0.010678s][吞吐率：93.65req/s] [内存消耗：1,865.12kb] [文件加载：50]
[ error ] [8]未定义数组下标: 1

---------------------------------------------------------------
[ 2023-09-29T12:09:21+08:00 ] [ log ] at668.icu/99/ [运行时间：0.017597s][吞吐率：56.83req/s] [内存消耗：1,865.34kb] [文件加载：51]
[ error ] [8]未定义数组下标: 1

---------------------------------------------------------------
[ 2023-09-29T12:09:24+08:00 ] [ log ] at668.icu/99/index/open.html [运行时间：0.011307s][吞吐率：88.44req/s] [内存消耗：1,865.12kb] [文件加载：50]
[ error ] [8]未定义数组下标: 1

---------------------------------------------------------------
[ 2023-09-29T12:19:50+08:00 ] [ log ] at779.icu/99/ [运行时间：0.011611s][吞吐率：86.13req/s] [内存消耗：1,865.34kb] [文件加载：51]
[ error ] [8]未定义数组下标: 1

---------------------------------------------------------------
[ 2023-09-29T12:19:51+08:00 ] [ log ] at779.icu/99/favicon.ico [运行时间：0.009493s][吞吐率：105.34req/s] [内存消耗：1,650.74kb] [文件加载：44]
[ error ] [8]未定义数组下标: 1

---------------------------------------------------------------
[ 2023-09-29T12:19:54+08:00 ] [ log ] at779.icu/99/index/open.html [运行时间：0.013986s][吞吐率：71.50req/s] [内存消耗：1,865.12kb] [文件加载：50]
[ error ] [8]未定义数组下标: 1

---------------------------------------------------------------
[ 2023-09-29T12:28:27+08:00 ] [ log ] at779.icu/99/ [运行时间：0.010794s][吞吐率：92.64req/s] [内存消耗：1,865.34kb] [文件加载：51]
[ error ] [8]未定义数组下标: 1

---------------------------------------------------------------
[ 2023-09-29T12:28:28+08:00 ] [ log ] at779.icu/99/?uc_sm=1 [运行时间：0.010854s][吞吐率：92.13req/s] [内存消耗：1,865.97kb] [文件加载：51]
[ error ] [8]未定义数组下标: 1

---------------------------------------------------------------
[ 2023-09-29T12:28:31+08:00 ] [ log ] at779.icu/99/favicon.ico [运行时间：0.009355s][吞吐率：106.89req/s] [内存消耗：1,650.74kb] [文件加载：44]
[ error ] [8]未定义数组下标: 1

---------------------------------------------------------------
[ 2023-09-29T12:28:37+08:00 ] [ log ] at779.icu/99/index/open.html [运行时间：0.010685s][吞吐率：93.59req/s] [内存消耗：1,865.12kb] [文件加载：50]
[ error ] [8]未定义数组下标: 1

---------------------------------------------------------------
[ 2023-09-29T12:28:51+08:00 ] [ log ] at779.icu/99/?uc_sm=1 [运行时间：0.010782s][吞吐率：92.75req/s] [内存消耗：1,865.44kb] [文件加载：51]
[ error ] [8]未定义数组下标: 1

---------------------------------------------------------------
[ 2023-09-29T12:28:54+08:00 ] [ log ] at779.icu/99/?uc_sm=1 [运行时间：0.024550s][吞吐率：40.73req/s] [内存消耗：1,865.44kb] [文件加载：51]
[ error ] [8]未定义数组下标: 1

---------------------------------------------------------------
[ 2023-09-29T12:30:47+08:00 ] [ log ] at779.icu/99/ [运行时间：0.013423s][吞吐率：74.50req/s] [内存消耗：1,864.80kb] [文件加载：51]
[ error ] [8]未定义数组下标: 1

---------------------------------------------------------------
[ 2023-09-29T12:30:48+08:00 ] [ log ] at779.icu/99/favicon.ico [运行时间：0.009392s][吞吐率：106.48req/s] [内存消耗：1,650.74kb] [文件加载：44]
[ error ] [8]未定义数组下标: 1

---------------------------------------------------------------
[ 2023-09-29T12:30:51+08:00 ] [ log ] at779.icu/99/index/open.html [运行时间：0.010621s][吞吐率：94.15req/s] [内存消耗：1,865.12kb] [文件加载：50]
[ error ] [8]未定义数组下标: 1

---------------------------------------------------------------
[ 2023-09-29T12:31:53+08:00 ] [ log ] at779.icu/99/ [运行时间：0.020801s][吞吐率：48.07req/s] [内存消耗：1,864.80kb] [文件加载：51]
[ error ] [8]未定义数组下标: 1

---------------------------------------------------------------
[ 2023-09-29T12:31:53+08:00 ] [ log ] at779.icu/99/favicon.ico [运行时间：0.009662s][吞吐率：103.50req/s] [内存消耗：1,650.74kb] [文件加载：44]
[ error ] [8]未定义数组下标: 1

---------------------------------------------------------------
[ 2023-09-29T12:33:47+08:00 ] [ log ] at779.icu/99/ [运行时间：0.013662s][吞吐率：73.20req/s] [内存消耗：1,864.80kb] [文件加载：51]
[ error ] [8]未定义数组下标: 1

---------------------------------------------------------------
[ 2023-09-29T12:35:53+08:00 ] [ log ] at779.icu/99/ [运行时间：0.010816s][吞吐率：92.45req/s] [内存消耗：1,864.80kb] [文件加载：51]
[ error ] [8]未定义数组下标: 1

---------------------------------------------------------------
[ 2023-09-29T12:35:54+08:00 ] [ log ] at779.icu/99/ [运行时间：0.034915s][吞吐率：28.64req/s] [内存消耗：1,864.80kb] [文件加载：51]
[ error ] [8]未定义数组下标: 1

---------------------------------------------------------------
[ 2023-09-29T12:35:54+08:00 ] [ log ] at779.icu/99/ [运行时间：0.016938s][吞吐率：59.04req/s] [内存消耗：1,864.80kb] [文件加载：51]
[ error ] [8]未定义数组下标: 1

---------------------------------------------------------------
[ 2023-09-29T12:37:21+08:00 ] [ log ] at779.icu/99/ [运行时间：0.012199s][吞吐率：81.97req/s] [内存消耗：1,864.80kb] [文件加载：51]
[ error ] [8]未定义数组下标: 1

---------------------------------------------------------------
[ 2023-09-29T12:43:45+08:00 ] [ log ] at779.icu/99/ [运行时间：0.010905s][吞吐率：91.70req/s] [内存消耗：1,864.80kb] [文件加载：51]
[ error ] [8]未定义数组下标: 1

---------------------------------------------------------------
[ 2023-09-29T12:44:31+08:00 ] [ log ] at779.icu/99/ [运行时间：0.010950s][吞吐率：91.32req/s] [内存消耗：1,864.80kb] [文件加载：51]
[ error ] [8]未定义数组下标: 1

---------------------------------------------------------------
[ 2023-09-29T12:44:32+08:00 ] [ log ] at779.icu/99/favicon.ico [运行时间：0.009846s][吞吐率：101.56req/s] [内存消耗：1,650.74kb] [文件加载：44]
[ error ] [8]未定义数组下标: 1

---------------------------------------------------------------
[ 2023-09-29T12:44:35+08:00 ] [ log ] at779.icu/99/index/open.html [运行时间：0.010583s][吞吐率：94.49req/s] [内存消耗：1,865.12kb] [文件加载：50]
[ error ] [8]未定义数组下标: 1

---------------------------------------------------------------
[ 2023-09-29T12:47:40+08:00 ] [ log ] at779.icu/99/ [运行时间：0.012838s][吞吐率：77.89req/s] [内存消耗：1,864.80kb] [文件加载：51]
[ error ] [8]未定义数组下标: 1

---------------------------------------------------------------
[ 2023-09-29T12:47:40+08:00 ] [ log ] at779.icu/99/ [运行时间：0.010909s][吞吐率：91.67req/s] [内存消耗：1,864.80kb] [文件加载：51]
[ error ] [8]未定义数组下标: 1

---------------------------------------------------------------
[ 2023-09-29T12:47:40+08:00 ] [ log ] at779.icu/99/ [运行时间：0.010936s][吞吐率：91.44req/s] [内存消耗：1,864.80kb] [文件加载：51]
[ error ] [8]未定义数组下标: 1

---------------------------------------------------------------
[ 2023-09-29T12:47:43+08:00 ] [ log ] at779.icu/99/ [运行时间：0.015254s][吞吐率：65.56req/s] [内存消耗：1,864.80kb] [文件加载：51]
[ error ] [8]未定义数组下标: 1

---------------------------------------------------------------
[ 2023-09-29T12:47:44+08:00 ] [ log ] at779.icu/99/ [运行时间：0.011448s][吞吐率：87.35req/s] [内存消耗：1,864.80kb] [文件加载：51]
[ error ] [8]未定义数组下标: 1

---------------------------------------------------------------
[ 2023-09-29T12:47:44+08:00 ] [ log ] at779.icu/99/ [运行时间：0.010981s][吞吐率：91.07req/s] [内存消耗：1,864.80kb] [文件加载：51]
[ error ] [8]未定义数组下标: 1

---------------------------------------------------------------
[ 2023-09-29T12:47:44+08:00 ] [ log ] at779.icu/99/ [运行时间：0.011355s][吞吐率：88.07req/s] [内存消耗：1,864.80kb] [文件加载：51]
[ error ] [8]未定义数组下标: 1

---------------------------------------------------------------
[ 2023-09-29T12:47:45+08:00 ] [ log ] at779.icu/99/ [运行时间：0.010663s][吞吐率：93.78req/s] [内存消耗：1,864.80kb] [文件加载：51]
[ error ] [8]未定义数组下标: 1

---------------------------------------------------------------
[ 2023-09-29T12:47:45+08:00 ] [ log ] at779.icu/99/ [运行时间：0.010653s][吞吐率：93.87req/s] [内存消耗：1,864.80kb] [文件加载：51]
[ error ] [8]未定义数组下标: 1

---------------------------------------------------------------
[ 2023-09-29T12:49:48+08:00 ] [ log ] at779.icu/99/ [运行时间：0.011586s][吞吐率：86.31req/s] [内存消耗：1,864.80kb] [文件加载：51]
[ error ] [8]未定义数组下标: 1

---------------------------------------------------------------
[ 2023-09-29T12:49:49+08:00 ] [ log ] at779.icu/99/ [运行时间：0.010733s][吞吐率：93.17req/s] [内存消耗：1,864.80kb] [文件加载：51]
[ error ] [8]未定义数组下标: 1

---------------------------------------------------------------
[ 2023-09-29T12:49:49+08:00 ] [ log ] at779.icu/99/ [运行时间：0.010725s][吞吐率：93.24req/s] [内存消耗：1,864.80kb] [文件加载：51]
[ error ] [8]未定义数组下标: 1

---------------------------------------------------------------
[ 2023-09-29T12:49:50+08:00 ] [ log ] at779.icu/99/ [运行时间：0.010886s][吞吐率：91.86req/s] [内存消耗：1,864.80kb] [文件加载：51]
[ error ] [8]未定义数组下标: 1

---------------------------------------------------------------
[ 2023-09-29T12:49:50+08:00 ] [ log ] at779.icu/99/ [运行时间：0.010802s][吞吐率：92.58req/s] [内存消耗：1,864.80kb] [文件加载：51]
[ error ] [8]未定义数组下标: 1

---------------------------------------------------------------
[ 2023-09-29T12:49:50+08:00 ] [ log ] at779.icu/99/ [运行时间：0.010772s][吞吐率：92.83req/s] [内存消耗：1,864.80kb] [文件加载：51]
[ error ] [8]未定义数组下标: 1

---------------------------------------------------------------
[ 2023-09-29T12:49:50+08:00 ] [ log ] at779.icu/99/ [运行时间：0.010680s][吞吐率：93.63req/s] [内存消耗：1,864.80kb] [文件加载：51]
[ error ] [8]未定义数组下标: 1

---------------------------------------------------------------
[ 2023-09-29T12:49:50+08:00 ] [ log ] at779.icu/99/ [运行时间：0.017649s][吞吐率：56.66req/s] [内存消耗：1,864.80kb] [文件加载：51]
[ error ] [8]未定义数组下标: 1

---------------------------------------------------------------
[ 2023-09-29T12:49:51+08:00 ] [ log ] at779.icu/99/ [运行时间：0.010807s][吞吐率：92.53req/s] [内存消耗：1,864.80kb] [文件加载：51]
[ error ] [8]未定义数组下标: 1

---------------------------------------------------------------
[ 2023-09-29T12:49:52+08:00 ] [ log ] at779.icu/99/ [运行时间：0.010795s][吞吐率：92.64req/s] [内存消耗：1,864.80kb] [文件加载：51]
[ error ] [8]未定义数组下标: 1

---------------------------------------------------------------
[ 2023-09-29T12:49:52+08:00 ] [ log ] at779.icu/99/ [运行时间：0.011436s][吞吐率：87.44req/s] [内存消耗：1,864.80kb] [文件加载：51]
[ error ] [8]未定义数组下标: 1

---------------------------------------------------------------
[ 2023-09-29T12:49:53+08:00 ] [ log ] at779.icu/99/ [运行时间：0.011006s][吞吐率：90.86req/s] [内存消耗：1,864.80kb] [文件加载：51]
[ error ] [8]未定义数组下标: 1

---------------------------------------------------------------
[ 2023-09-29T12:56:01+08:00 ] [ log ] at779.icu/99/ [运行时间：0.011335s][吞吐率：88.22req/s] [内存消耗：1,864.80kb] [文件加载：51]
[ error ] [8]未定义数组下标: 1

---------------------------------------------------------------
[ 2023-09-29T12:56:01+08:00 ] [ log ] at779.icu/99/ [运行时间：0.016655s][吞吐率：60.04req/s] [内存消耗：1,864.80kb] [文件加载：51]
[ error ] [8]未定义数组下标: 1

---------------------------------------------------------------
[ 2023-09-29T12:56:02+08:00 ] [ log ] at779.icu/99/ [运行时间：0.015046s][吞吐率：66.46req/s] [内存消耗：1,864.80kb] [文件加载：51]
[ error ] [8]未定义数组下标: 1

---------------------------------------------------------------
[ 2023-09-29T12:56:02+08:00 ] [ log ] at779.icu/99/ [运行时间：0.010709s][吞吐率：93.38req/s] [内存消耗：1,864.80kb] [文件加载：51]
[ error ] [8]未定义数组下标: 1

---------------------------------------------------------------
[ 2023-09-29T12:56:03+08:00 ] [ log ] at779.icu/99/ [运行时间：0.010719s][吞吐率：93.29req/s] [内存消耗：1,864.80kb] [文件加载：51]
[ error ] [8]未定义数组下标: 1

---------------------------------------------------------------
[ 2023-09-29T12:56:04+08:00 ] [ log ] at779.icu/99/ [运行时间：0.020008s][吞吐率：49.98req/s] [内存消耗：1,864.80kb] [文件加载：51]
[ error ] [8]未定义数组下标: 1

---------------------------------------------------------------
[ 2023-09-29T12:56:04+08:00 ] [ log ] at779.icu/99/ [运行时间：0.010735s][吞吐率：93.15req/s] [内存消耗：1,864.80kb] [文件加载：51]
[ error ] [8]未定义数组下标: 1

---------------------------------------------------------------
[ 2023-09-29T12:56:05+08:00 ] [ log ] at779.icu/99/ [运行时间：0.016492s][吞吐率：60.64req/s] [内存消耗：1,864.80kb] [文件加载：51]
[ error ] [8]未定义数组下标: 1

---------------------------------------------------------------
[ 2023-09-29T12:56:11+08:00 ] [ log ] at779.icu/99/ [运行时间：0.011470s][吞吐率：87.19req/s] [内存消耗：1,864.80kb] [文件加载：51]
[ error ] [8]未定义数组下标: 1

---------------------------------------------------------------
[ 2023-09-29T12:56:11+08:00 ] [ log ] at779.icu/99/ [运行时间：0.010621s][吞吐率：94.15req/s] [内存消耗：1,864.80kb] [文件加载：51]
[ error ] [8]未定义数组下标: 1

---------------------------------------------------------------
[ 2023-09-29T12:56:11+08:00 ] [ log ] at779.icu/99/ [运行时间：0.012378s][吞吐率：80.79req/s] [内存消耗：1,864.80kb] [文件加载：51]
[ error ] [8]未定义数组下标: 1

---------------------------------------------------------------
[ 2023-09-29T12:56:12+08:00 ] [ log ] at779.icu/99/ [运行时间：0.016516s][吞吐率：60.55req/s] [内存消耗：1,864.80kb] [文件加载：51]
[ error ] [8]未定义数组下标: 1

---------------------------------------------------------------
[ 2023-09-29T12:56:12+08:00 ] [ log ] at779.icu/99/ [运行时间：0.010620s][吞吐率：94.16req/s] [内存消耗：1,864.80kb] [文件加载：51]
[ error ] [8]未定义数组下标: 1

---------------------------------------------------------------
[ 2023-09-29T13:06:59+08:00 ] [ log ] at779.icu/99/ [运行时间：0.010894s][吞吐率：91.79req/s] [内存消耗：1,864.80kb] [文件加载：51]
[ error ] [8]未定义数组下标: 1

---------------------------------------------------------------
[ 2023-09-29T13:07:00+08:00 ] [ log ] at779.icu/99/ [运行时间：0.014855s][吞吐率：67.32req/s] [内存消耗：1,864.80kb] [文件加载：51]
[ error ] [8]未定义数组下标: 1

---------------------------------------------------------------
[ 2023-09-29T13:07:00+08:00 ] [ log ] at779.icu/99/ [运行时间：0.014717s][吞吐率：67.95req/s] [内存消耗：1,864.80kb] [文件加载：51]
[ error ] [8]未定义数组下标: 1

---------------------------------------------------------------
[ 2023-09-29T13:07:00+08:00 ] [ log ] at779.icu/99/ [运行时间：0.010685s][吞吐率：93.59req/s] [内存消耗：1,864.80kb] [文件加载：51]
[ error ] [8]未定义数组下标: 1

---------------------------------------------------------------
[ 2023-09-29T13:07:01+08:00 ] [ log ] at779.icu/99/ [运行时间：0.034675s][吞吐率：28.84req/s] [内存消耗：1,864.80kb] [文件加载：51]
[ error ] [8]未定义数组下标: 1

---------------------------------------------------------------
[ 2023-09-29T13:07:02+08:00 ] [ log ] at779.icu/99/ [运行时间：0.010965s][吞吐率：91.20req/s] [内存消耗：1,864.80kb] [文件加载：51]
[ error ] [8]未定义数组下标: 1

---------------------------------------------------------------
[ 2023-09-29T13:07:02+08:00 ] [ log ] at779.icu/99/ [运行时间：0.010758s][吞吐率：92.95req/s] [内存消耗：1,864.80kb] [文件加载：51]
[ error ] [8]未定义数组下标: 1

---------------------------------------------------------------
[ 2023-09-29T13:07:03+08:00 ] [ log ] at779.icu/99/ [运行时间：0.011137s][吞吐率：89.79req/s] [内存消耗：1,864.80kb] [文件加载：51]
[ error ] [8]未定义数组下标: 1

---------------------------------------------------------------
[ 2023-09-29T13:07:03+08:00 ] [ log ] at779.icu/99/ [运行时间：0.011297s][吞吐率：88.52req/s] [内存消耗：1,864.80kb] [文件加载：51]
[ error ] [8]未定义数组下标: 1

---------------------------------------------------------------
[ 2023-09-29T13:07:03+08:00 ] [ log ] at779.icu/99/ [运行时间：0.010929s][吞吐率：91.50req/s] [内存消耗：1,864.80kb] [文件加载：51]
[ error ] [8]未定义数组下标: 1

---------------------------------------------------------------
[ 2023-09-29T13:07:03+08:00 ] [ log ] at779.icu/99/ [运行时间：0.010737s][吞吐率：93.14req/s] [内存消耗：1,864.80kb] [文件加载：51]
[ error ] [8]未定义数组下标: 1

---------------------------------------------------------------
[ 2023-09-29T13:07:04+08:00 ] [ log ] at779.icu/99/ [运行时间：0.010966s][吞吐率：91.19req/s] [内存消耗：1,864.80kb] [文件加载：51]
[ error ] [8]未定义数组下标: 1

---------------------------------------------------------------
[ 2023-09-29T13:07:04+08:00 ] [ log ] at779.icu/99/ [运行时间：0.011061s][吞吐率：90.41req/s] [内存消耗：1,864.80kb] [文件加载：51]
[ error ] [8]未定义数组下标: 1

---------------------------------------------------------------
[ 2023-09-29T13:07:04+08:00 ] [ log ] at779.icu/99/ [运行时间：0.010976s][吞吐率：91.11req/s] [内存消耗：1,864.80kb] [文件加载：51]
[ error ] [8]未定义数组下标: 1

---------------------------------------------------------------
[ 2023-09-29T13:07:04+08:00 ] [ log ] at779.icu/99/ [运行时间：0.012142s][吞吐率：82.36req/s] [内存消耗：1,864.80kb] [文件加载：51]
[ error ] [8]未定义数组下标: 1

---------------------------------------------------------------
[ 2023-09-29T13:09:27+08:00 ] [ log ] at779.icu/99/ [运行时间：0.021378s][吞吐率：46.78req/s] [内存消耗：1,864.80kb] [文件加载：51]
[ error ] [8]未定义数组下标: 1

---------------------------------------------------------------
[ 2023-09-29T13:09:29+08:00 ] [ log ] at779.icu/99/ [运行时间：0.036984s][吞吐率：27.04req/s] [内存消耗：1,864.80kb] [文件加载：51]
[ error ] [8]未定义数组下标: 1

---------------------------------------------------------------
[ 2023-09-29T13:10:27+08:00 ] [ log ] at779.icu/99/ [运行时间：0.010591s][吞吐率：94.42req/s] [内存消耗：1,864.80kb] [文件加载：51]
[ error ] [8]未定义数组下标: 1

---------------------------------------------------------------
[ 2023-09-29T13:10:28+08:00 ] [ log ] at779.icu/99/ [运行时间：0.011026s][吞吐率：90.70req/s] [内存消耗：1,864.80kb] [文件加载：51]
[ error ] [8]未定义数组下标: 1

---------------------------------------------------------------
[ 2023-09-29T13:10:28+08:00 ] [ log ] at779.icu/99/ [运行时间：0.016310s][吞吐率：61.31req/s] [内存消耗：1,864.80kb] [文件加载：51]
[ error ] [8]未定义数组下标: 1

---------------------------------------------------------------
[ 2023-09-29T13:10:29+08:00 ] [ log ] at779.icu/99/ [运行时间：0.016685s][吞吐率：59.93req/s] [内存消耗：1,864.80kb] [文件加载：51]
[ error ] [8]未定义数组下标: 1

---------------------------------------------------------------
[ 2023-09-29T13:10:29+08:00 ] [ log ] at779.icu/99/ [运行时间：0.011459s][吞吐率：87.27req/s] [内存消耗：1,864.80kb] [文件加载：51]
[ error ] [8]未定义数组下标: 1

---------------------------------------------------------------
[ 2023-09-29T13:10:29+08:00 ] [ log ] at779.icu/99/ [运行时间：0.011481s][吞吐率：87.10req/s] [内存消耗：1,864.80kb] [文件加载：51]
[ error ] [8]未定义数组下标: 1

---------------------------------------------------------------
[ 2023-09-29T13:10:29+08:00 ] [ log ] at779.icu/99/ [运行时间：0.011521s][吞吐率：86.80req/s] [内存消耗：1,864.80kb] [文件加载：51]
[ error ] [8]未定义数组下标: 1

---------------------------------------------------------------
[ 2023-09-29T13:10:29+08:00 ] [ log ] at779.icu/99/ [运行时间：0.015208s][吞吐率：65.75req/s] [内存消耗：1,864.80kb] [文件加载：51]
[ error ] [8]未定义数组下标: 1

---------------------------------------------------------------
[ 2023-09-29T13:10:29+08:00 ] [ log ] at779.icu/99/ [运行时间：0.010768s][吞吐率：92.87req/s] [内存消耗：1,864.80kb] [文件加载：51]
[ error ] [8]未定义数组下标: 1

---------------------------------------------------------------
[ 2023-09-29T13:10:30+08:00 ] [ log ] at779.icu/99/ [运行时间：0.010713s][吞吐率：93.34req/s] [内存消耗：1,864.80kb] [文件加载：51]
[ error ] [8]未定义数组下标: 1

---------------------------------------------------------------
[ 2023-09-29T13:10:30+08:00 ] [ log ] at779.icu/99/ [运行时间：0.010545s][吞吐率：94.83req/s] [内存消耗：1,864.80kb] [文件加载：51]
[ error ] [8]未定义数组下标: 1

---------------------------------------------------------------
[ 2023-09-29T13:10:30+08:00 ] [ log ] at779.icu/99/ [运行时间：0.011457s][吞吐率：87.28req/s] [内存消耗：1,864.80kb] [文件加载：51]
[ error ] [8]未定义数组下标: 1

---------------------------------------------------------------
[ 2023-09-29T13:10:30+08:00 ] [ log ] at779.icu/99/ [运行时间：0.014108s][吞吐率：70.88req/s] [内存消耗：1,864.80kb] [文件加载：51]
[ error ] [8]未定义数组下标: 1

---------------------------------------------------------------
[ 2023-09-29T13:10:30+08:00 ] [ log ] at779.icu/99/ [运行时间：0.011085s][吞吐率：90.21req/s] [内存消耗：1,864.80kb] [文件加载：51]
[ error ] [8]未定义数组下标: 1

---------------------------------------------------------------
[ 2023-09-29T13:10:31+08:00 ] [ log ] at779.icu/99/ [运行时间：0.032237s][吞吐率：31.02req/s] [内存消耗：1,864.80kb] [文件加载：51]
[ error ] [8]未定义数组下标: 1

---------------------------------------------------------------
[ 2023-09-29T13:10:32+08:00 ] [ log ] at779.icu/99/ [运行时间：0.013398s][吞吐率：74.64req/s] [内存消耗：1,864.80kb] [文件加载：51]
[ error ] [8]未定义数组下标: 1

---------------------------------------------------------------
[ 2023-09-29T13:10:54+08:00 ] [ log ] at779.icu/99/ [运行时间：0.011483s][吞吐率：87.09req/s] [内存消耗：1,864.80kb] [文件加载：51]
[ error ] [8]未定义数组下标: 1

---------------------------------------------------------------
[ 2023-09-29T13:10:55+08:00 ] [ log ] at779.icu/99/ [运行时间：0.011407s][吞吐率：87.66req/s] [内存消耗：1,864.80kb] [文件加载：51]
[ error ] [8]未定义数组下标: 1

---------------------------------------------------------------
[ 2023-09-29T13:10:55+08:00 ] [ log ] at779.icu/99/ [运行时间：0.010586s][吞吐率：94.46req/s] [内存消耗：1,864.80kb] [文件加载：51]
[ error ] [8]未定义数组下标: 1

---------------------------------------------------------------
[ 2023-09-29T13:10:56+08:00 ] [ log ] at779.icu/99/ [运行时间：0.010813s][吞吐率：92.48req/s] [内存消耗：1,864.80kb] [文件加载：51]
[ error ] [8]未定义数组下标: 1

---------------------------------------------------------------
[ 2023-09-29T13:10:56+08:00 ] [ log ] at779.icu/99/ [运行时间：0.014366s][吞吐率：69.61req/s] [内存消耗：1,864.80kb] [文件加载：51]
[ error ] [8]未定义数组下标: 1

---------------------------------------------------------------
[ 2023-09-29T13:10:56+08:00 ] [ log ] at779.icu/99/ [运行时间：0.015409s][吞吐率：64.90req/s] [内存消耗：1,864.80kb] [文件加载：51]
[ error ] [8]未定义数组下标: 1

---------------------------------------------------------------
[ 2023-09-29T13:10:57+08:00 ] [ log ] at779.icu/99/ [运行时间：0.010852s][吞吐率：92.15req/s] [内存消耗：1,864.80kb] [文件加载：51]
[ error ] [8]未定义数组下标: 1

---------------------------------------------------------------
[ 2023-09-29T13:10:57+08:00 ] [ log ] at779.icu/99/ [运行时间：0.010985s][吞吐率：91.03req/s] [内存消耗：1,864.80kb] [文件加载：51]
[ error ] [8]未定义数组下标: 1

---------------------------------------------------------------
[ 2023-09-29T13:10:57+08:00 ] [ log ] at779.icu/99/ [运行时间：0.011212s][吞吐率：89.19req/s] [内存消耗：1,864.80kb] [文件加载：51]
[ error ] [8]未定义数组下标: 1

---------------------------------------------------------------
[ 2023-09-29T13:10:57+08:00 ] [ log ] at779.icu/99/ [运行时间：0.010959s][吞吐率：91.25req/s] [内存消耗：1,864.80kb] [文件加载：51]
[ error ] [8]未定义数组下标: 1

---------------------------------------------------------------
[ 2023-09-29T13:10:58+08:00 ] [ log ] at779.icu/99/ [运行时间：0.011036s][吞吐率：90.61req/s] [内存消耗：1,864.80kb] [文件加载：51]
[ error ] [8]未定义数组下标: 1

---------------------------------------------------------------
[ 2023-09-29T13:10:58+08:00 ] [ log ] at779.icu/99/ [运行时间：0.017377s][吞吐率：57.55req/s] [内存消耗：1,864.80kb] [文件加载：51]
[ error ] [8]未定义数组下标: 1

---------------------------------------------------------------
[ 2023-09-29T13:10:58+08:00 ] [ log ] at779.icu/99/ [运行时间：0.012217s][吞吐率：81.85req/s] [内存消耗：1,864.80kb] [文件加载：51]
[ error ] [8]未定义数组下标: 1

---------------------------------------------------------------
[ 2023-09-29T13:10:58+08:00 ] [ log ] at779.icu/99/ [运行时间：0.014961s][吞吐率：66.84req/s] [内存消耗：1,864.80kb] [文件加载：51]
[ error ] [8]未定义数组下标: 1

---------------------------------------------------------------
[ 2023-09-29T13:10:58+08:00 ] [ log ] at779.icu/99/ [运行时间：0.019245s][吞吐率：51.96req/s] [内存消耗：1,864.80kb] [文件加载：51]
[ error ] [8]未定义数组下标: 1

---------------------------------------------------------------
[ 2023-09-29T13:10:59+08:00 ] [ log ] at779.icu/99/ [运行时间：0.012167s][吞吐率：82.19req/s] [内存消耗：1,864.80kb] [文件加载：51]
[ error ] [8]未定义数组下标: 1

---------------------------------------------------------------
[ 2023-09-29T13:10:59+08:00 ] [ log ] at779.icu/99/ [运行时间：0.012749s][吞吐率：78.44req/s] [内存消耗：1,864.80kb] [文件加载：51]
[ error ] [8]未定义数组下标: 1

---------------------------------------------------------------
[ 2023-09-29T13:10:59+08:00 ] [ log ] at779.icu/99/ [运行时间：0.013583s][吞吐率：73.62req/s] [内存消耗：1,864.80kb] [文件加载：51]
[ error ] [8]未定义数组下标: 1

---------------------------------------------------------------
[ 2023-09-29T13:11:00+08:00 ] [ log ] at779.icu/99/ [运行时间：0.011218s][吞吐率：89.14req/s] [内存消耗：1,864.80kb] [文件加载：51]
[ error ] [8]未定义数组下标: 1

---------------------------------------------------------------
[ 2023-09-29T13:11:00+08:00 ] [ log ] at779.icu/99/ [运行时间：0.011992s][吞吐率：83.39req/s] [内存消耗：1,864.80kb] [文件加载：51]
[ error ] [8]未定义数组下标: 1

---------------------------------------------------------------
[ 2023-09-29T13:11:00+08:00 ] [ log ] at779.icu/99/ [运行时间：0.010588s][吞吐率：94.45req/s] [内存消耗：1,864.80kb] [文件加载：51]
[ error ] [8]未定义数组下标: 1

---------------------------------------------------------------
[ 2023-09-29T13:11:00+08:00 ] [ log ] at779.icu/99/ [运行时间：0.010661s][吞吐率：93.80req/s] [内存消耗：1,864.80kb] [文件加载：51]
[ error ] [8]未定义数组下标: 1

---------------------------------------------------------------
[ 2023-09-29T13:11:01+08:00 ] [ log ] at779.icu/99/ [运行时间：0.011252s][吞吐率：88.87req/s] [内存消耗：1,864.80kb] [文件加载：51]
[ error ] [8]未定义数组下标: 1

---------------------------------------------------------------
[ 2023-09-29T13:11:01+08:00 ] [ log ] at779.icu/99/ [运行时间：0.010666s][吞吐率：93.75req/s] [内存消耗：1,864.80kb] [文件加载：51]
[ error ] [8]未定义数组下标: 1

---------------------------------------------------------------
[ 2023-09-29T13:11:02+08:00 ] [ log ] at779.icu/99/ [运行时间：0.011177s][吞吐率：89.47req/s] [内存消耗：1,864.80kb] [文件加载：51]
[ error ] [8]未定义数组下标: 1

---------------------------------------------------------------
[ 2023-09-29T13:11:02+08:00 ] [ log ] at779.icu/99/ [运行时间：0.010504s][吞吐率：95.20req/s] [内存消耗：1,864.80kb] [文件加载：51]
[ error ] [8]未定义数组下标: 1

---------------------------------------------------------------
[ 2023-09-29T13:11:02+08:00 ] [ log ] at779.icu/99/ [运行时间：0.010630s][吞吐率：94.07req/s] [内存消耗：1,864.80kb] [文件加载：51]
[ error ] [8]未定义数组下标: 1

---------------------------------------------------------------
[ 2023-09-29T13:11:02+08:00 ] [ log ] at779.icu/99/ [运行时间：0.010803s][吞吐率：92.57req/s] [内存消耗：1,864.80kb] [文件加载：51]
[ error ] [8]未定义数组下标: 1

---------------------------------------------------------------
[ 2023-09-29T13:11:04+08:00 ] [ log ] at779.icu/99/ [运行时间：0.013901s][吞吐率：71.94req/s] [内存消耗：1,864.80kb] [文件加载：51]
[ error ] [8]未定义数组下标: 1

---------------------------------------------------------------
[ 2023-09-29T13:11:04+08:00 ] [ log ] at779.icu/99/ [运行时间：0.011045s][吞吐率：90.54req/s] [内存消耗：1,864.80kb] [文件加载：51]
[ error ] [8]未定义数组下标: 1

---------------------------------------------------------------
[ 2023-09-29T13:11:04+08:00 ] [ log ] at779.icu/99/ [运行时间：0.011023s][吞吐率：90.72req/s] [内存消耗：1,864.80kb] [文件加载：51]
[ error ] [8]未定义数组下标: 1

---------------------------------------------------------------
[ 2023-09-29T13:18:38+08:00 ] [ log ] at779.icu/99/ [运行时间：0.011403s][吞吐率：87.70req/s] [内存消耗：1,864.80kb] [文件加载：51]
[ error ] [8]未定义数组下标: 1

---------------------------------------------------------------
[ 2023-09-29T13:18:40+08:00 ] [ log ] at779.icu/99/favicon.ico [运行时间：0.009840s][吞吐率：101.63req/s] [内存消耗：1,650.74kb] [文件加载：44]
[ error ] [8]未定义数组下标: 1

---------------------------------------------------------------
[ 2023-09-29T13:18:43+08:00 ] [ log ] at779.icu/99/index/open.html [运行时间：0.010838s][吞吐率：92.27req/s] [内存消耗：1,865.12kb] [文件加载：50]
[ error ] [8]未定义数组下标: 1

---------------------------------------------------------------
[ 2023-09-29T13:36:46+08:00 ] [ log ] at779.icu/99/ [运行时间：0.017825s][吞吐率：56.10req/s] [内存消耗：1,865.34kb] [文件加载：51]
[ error ] [8]未定义数组下标: 1

---------------------------------------------------------------
[ 2023-09-29T13:36:47+08:00 ] [ log ] at779.icu/99/favicon.ico [运行时间：0.009508s][吞吐率：105.18req/s] [内存消耗：1,650.74kb] [文件加载：44]
[ error ] [8]未定义数组下标: 1

---------------------------------------------------------------
[ 2023-09-29T13:36:59+08:00 ] [ log ] at779.icu/99/index/open.html [运行时间：0.014759s][吞吐率：67.75req/s] [内存消耗：1,865.12kb] [文件加载：50]
[ error ] [8]未定义数组下标: 1

---------------------------------------------------------------
[ 2023-09-29T14:20:09+08:00 ] [ log ] at779.icu/99/ [运行时间：0.010776s][吞吐率：92.80req/s] [内存消耗：1,865.34kb] [文件加载：51]
[ error ] [8]未定义数组下标: 1

---------------------------------------------------------------
[ 2023-09-29T14:20:16+08:00 ] [ log ] at779.icu/99/favicon.ico [运行时间：0.010052s][吞吐率：99.48req/s] [内存消耗：1,650.74kb] [文件加载：44]
[ error ] [8]未定义数组下标: 1

---------------------------------------------------------------
[ 2023-09-29T14:20:19+08:00 ] [ log ] at779.icu/99/index/open.html [运行时间：0.029355s][吞吐率：34.07req/s] [内存消耗：1,865.12kb] [文件加载：50]
[ error ] [8]未定义数组下标: 1

---------------------------------------------------------------
[ 2023-09-29T14:22:45+08:00 ] [ log ] at779.icu/99/ [运行时间：0.010919s][吞吐率：91.58req/s] [内存消耗：1,864.80kb] [文件加载：51]
[ error ] [8]未定义数组下标: 1

---------------------------------------------------------------
[ 2023-09-29T14:22:46+08:00 ] [ log ] at779.icu/99/favicon.ico [运行时间：0.009852s][吞吐率：101.50req/s] [内存消耗：1,650.74kb] [文件加载：44]
[ error ] [8]未定义数组下标: 1

---------------------------------------------------------------
[ 2023-09-29T14:22:48+08:00 ] [ log ] at779.icu/99/index/open.html [运行时间：0.010497s][吞吐率：95.26req/s] [内存消耗：1,865.12kb] [文件加载：50]
[ error ] [8]未定义数组下标: 1

---------------------------------------------------------------
[ 2023-09-29T16:24:13+08:00 ] [ log ] at668.icu/99/ [运行时间：0.011814s][吞吐率：84.65req/s] [内存消耗：1,865.34kb] [文件加载：51]
[ error ] [8]未定义数组下标: 1

---------------------------------------------------------------
[ 2023-09-29T16:24:14+08:00 ] [ log ] at668.icu/99/favicon.ico [运行时间：0.009670s][吞吐率：103.41req/s] [内存消耗：1,650.74kb] [文件加载：44]
[ error ] [8]未定义数组下标: 1

---------------------------------------------------------------
[ 2023-09-29T16:24:16+08:00 ] [ log ] at668.icu/99/index/open.html [运行时间：0.011281s][吞吐率：88.64req/s] [内存消耗：1,865.12kb] [文件加载：50]
[ error ] [8]未定义数组下标: 1

---------------------------------------------------------------
[ 2023-09-29T17:15:05+08:00 ] [ log ] at779.icu/99/ [运行时间：0.011279s][吞吐率：88.66req/s] [内存消耗：1,865.34kb] [文件加载：51]
[ error ] [8]未定义数组下标: 1

---------------------------------------------------------------
[ 2023-09-29T17:15:07+08:00 ] [ log ] at779.icu/99/favicon.ico [运行时间：0.014370s][吞吐率：69.59req/s] [内存消耗：1,650.74kb] [文件加载：44]
[ error ] [8]未定义数组下标: 1

---------------------------------------------------------------
[ 2023-09-29T17:15:09+08:00 ] [ log ] at779.icu/99/index/open.html [运行时间：0.011372s][吞吐率：87.94req/s] [内存消耗：1,865.12kb] [文件加载：50]
[ error ] [8]未定义数组下标: 1

---------------------------------------------------------------
[ 2023-09-29T17:44:16+08:00 ] [ log ] at779.icu/99/ [运行时间：0.011453s][吞吐率：87.31req/s] [内存消耗：1,864.80kb] [文件加载：51]
[ error ] [8]未定义数组下标: 1

---------------------------------------------------------------
[ 2023-09-29T17:44:16+08:00 ] [ log ] at779.icu/99/favicon.ico [运行时间：0.009230s][吞吐率：108.34req/s] [内存消耗：1,650.74kb] [文件加载：44]
[ error ] [8]未定义数组下标: 1

---------------------------------------------------------------
[ 2023-09-29T17:44:19+08:00 ] [ log ] at779.icu/99/index/open.html [运行时间：0.010562s][吞吐率：94.68req/s] [内存消耗：1,865.12kb] [文件加载：50]
[ error ] [8]未定义数组下标: 1

---------------------------------------------------------------
[ 2023-09-29T17:50:38+08:00 ] [ log ] at779.icu/99/ [运行时间：0.011451s][吞吐率：87.33req/s] [内存消耗：1,864.80kb] [文件加载：51]
[ error ] [8]未定义数组下标: 1

---------------------------------------------------------------
[ 2023-09-29T17:50:39+08:00 ] [ log ] at779.icu/99/favicon.ico [运行时间：0.009297s][吞吐率：107.56req/s] [内存消耗：1,650.74kb] [文件加载：44]
[ error ] [8]未定义数组下标: 1

---------------------------------------------------------------
[ 2023-09-29T17:50:41+08:00 ] [ log ] at779.icu/99/index/open.html [运行时间：0.011328s][吞吐率：88.28req/s] [内存消耗：1,865.12kb] [文件加载：50]
[ error ] [8]未定义数组下标: 1

---------------------------------------------------------------
[ 2023-09-29T17:52:07+08:00 ] [ log ] at668.icu/99/index/open.html [运行时间：0.010623s][吞吐率：94.13req/s] [内存消耗：1,865.65kb] [文件加载：50]
[ error ] [8]未定义数组下标: 1

---------------------------------------------------------------
[ 2023-09-29T17:52:13+08:00 ] [ log ] at668.icu/99/ [运行时间：0.011107s][吞吐率：90.03req/s] [内存消耗：1,865.34kb] [文件加载：51]
[ error ] [8]未定义数组下标: 1

---------------------------------------------------------------
[ 2023-09-29T17:52:14+08:00 ] [ log ] at668.icu/99/favicon.ico [运行时间：0.009426s][吞吐率：106.09req/s] [内存消耗：1,650.74kb] [文件加载：44]
[ error ] [8]未定义数组下标: 1

---------------------------------------------------------------
[ 2023-09-29T17:52:16+08:00 ] [ log ] at668.icu/99/index/open.html [运行时间：0.016064s][吞吐率：62.25req/s] [内存消耗：1,865.12kb] [文件加载：50]
[ error ] [8]未定义数组下标: 1

---------------------------------------------------------------
[ 2023-09-29T17:52:29+08:00 ] [ log ] at779.icu/99/ [运行时间：0.021186s][吞吐率：47.20req/s] [内存消耗：1,865.34kb] [文件加载：51]
[ error ] [8]未定义数组下标: 1

---------------------------------------------------------------
[ 2023-09-29T17:52:30+08:00 ] [ log ] at779.icu/99/favicon.ico [运行时间：0.009320s][吞吐率：107.30req/s] [内存消耗：1,650.74kb] [文件加载：44]
[ error ] [8]未定义数组下标: 1

---------------------------------------------------------------
[ 2023-09-29T17:52:32+08:00 ] [ log ] at779.icu/99/index/open.html [运行时间：0.012943s][吞吐率：77.26req/s] [内存消耗：1,865.12kb] [文件加载：50]
[ error ] [8]未定义数组下标: 1

---------------------------------------------------------------
[ 2023-09-29T17:52:38+08:00 ] [ log ] at779.icu/99/index/open.html [运行时间：0.010998s][吞吐率：90.93req/s] [内存消耗：1,865.12kb] [文件加载：50]
[ error ] [8]未定义数组下标: 1

---------------------------------------------------------------
[ 2023-09-29T17:52:39+08:00 ] [ log ] at779.icu/99/index/open.html [运行时间：0.011642s][吞吐率：85.90req/s] [内存消耗：1,865.12kb] [文件加载：50]
[ error ] [8]未定义数组下标: 1

---------------------------------------------------------------
[ 2023-09-29T17:52:45+08:00 ] [ log ] at779.icu/99/index/open.html [运行时间：0.016215s][吞吐率：61.67req/s] [内存消耗：1,865.12kb] [文件加载：50]
[ error ] [8]未定义数组下标: 1

---------------------------------------------------------------
[ 2023-09-29T17:52:56+08:00 ] [ log ] at779.icu/99/ [运行时间：0.011358s][吞吐率：88.04req/s] [内存消耗：1,864.80kb] [文件加载：51]
[ error ] [8]未定义数组下标: 1

---------------------------------------------------------------
[ 2023-09-29T17:52:57+08:00 ] [ log ] at779.icu/99/favicon.ico [运行时间：0.009487s][吞吐率：105.41req/s] [内存消耗：1,650.74kb] [文件加载：44]
[ error ] [8]未定义数组下标: 1

---------------------------------------------------------------
[ 2023-09-29T17:54:34+08:00 ] [ log ] at779.icu/99/ [运行时间：0.016158s][吞吐率：61.89req/s] [内存消耗：1,865.34kb] [文件加载：51]
[ error ] [8]未定义数组下标: 1

---------------------------------------------------------------
[ 2023-09-29T17:54:36+08:00 ] [ log ] at779.icu/99/favicon.ico [运行时间：0.010665s][吞吐率：93.77req/s] [内存消耗：1,650.74kb] [文件加载：44]
[ error ] [8]未定义数组下标: 1

---------------------------------------------------------------
[ 2023-09-29T17:54:38+08:00 ] [ log ] at779.icu/99/index/open.html [运行时间：0.014354s][吞吐率：69.67req/s] [内存消耗：1,865.12kb] [文件加载：50]
[ error ] [8]未定义数组下标: 1

---------------------------------------------------------------
[ 2023-09-29T17:57:29+08:00 ] [ log ] at779.icu/99/ [运行时间：0.010924s][吞吐率：91.54req/s] [内存消耗：1,865.34kb] [文件加载：51]
[ error ] [8]未定义数组下标: 1

---------------------------------------------------------------
[ 2023-09-29T17:57:30+08:00 ] [ log ] at779.icu/99/favicon.ico [运行时间：0.012550s][吞吐率：79.68req/s] [内存消耗：1,650.74kb] [文件加载：44]
[ error ] [8]未定义数组下标: 1

---------------------------------------------------------------
[ 2023-09-29T17:57:32+08:00 ] [ log ] at779.icu/99/index/open.html [运行时间：0.010593s][吞吐率：94.40req/s] [内存消耗：1,865.12kb] [文件加载：50]
[ error ] [8]未定义数组下标: 1

---------------------------------------------------------------
[ 2023-09-29T18:11:11+08:00 ] [ log ] at779.icu/99/ [运行时间：0.016921s][吞吐率：59.10req/s] [内存消耗：1,864.80kb] [文件加载：51]
[ error ] [8]未定义数组下标: 1

---------------------------------------------------------------
[ 2023-09-29T18:11:11+08:00 ] [ log ] at779.icu/99/favicon.ico [运行时间：0.009584s][吞吐率：104.34req/s] [内存消耗：1,650.74kb] [文件加载：44]
[ error ] [8]未定义数组下标: 1

---------------------------------------------------------------
[ 2023-09-29T18:11:13+08:00 ] [ log ] at779.icu/99/index/open.html [运行时间：0.024737s][吞吐率：40.43req/s] [内存消耗：1,865.12kb] [文件加载：50]
[ error ] [8]未定义数组下标: 1

---------------------------------------------------------------
[ 2023-09-29T18:30:52+08:00 ] [ log ] at779.icu/99/ [运行时间：0.011608s][吞吐率：86.15req/s] [内存消耗：1,865.34kb] [文件加载：51]
[ error ] [8]未定义数组下标: 1

---------------------------------------------------------------
[ 2023-09-29T18:30:55+08:00 ] [ log ] at779.icu/99/favicon.ico [运行时间：0.031620s][吞吐率：31.63req/s] [内存消耗：1,650.74kb] [文件加载：44]
[ error ] [8]未定义数组下标: 1

---------------------------------------------------------------
[ 2023-09-29T18:30:58+08:00 ] [ log ] at779.icu/99/index/open.html [运行时间：0.022718s][吞吐率：44.02req/s] [内存消耗：1,865.12kb] [文件加载：50]
[ error ] [8]未定义数组下标: 1

---------------------------------------------------------------
[ 2023-09-29T18:31:36+08:00 ] [ log ] at779.icu/99/index/open.html [运行时间：0.010922s][吞吐率：91.56req/s] [内存消耗：1,865.12kb] [文件加载：50]
[ error ] [8]未定义数组下标: 1

---------------------------------------------------------------
[ 2023-09-29T18:32:30+08:00 ] [ log ] at779.icu/99/index/open.html [运行时间：0.010831s][吞吐率：92.33req/s] [内存消耗：1,865.12kb] [文件加载：50]
[ error ] [8]未定义数组下标: 1

---------------------------------------------------------------
[ 2023-09-29T18:32:55+08:00 ] [ log ] at779.icu/99/ [运行时间：0.011230s][吞吐率：89.05req/s] [内存消耗：1,864.80kb] [文件加载：51]
[ error ] [8]未定义数组下标: 1

---------------------------------------------------------------
[ 2023-09-29T18:32:57+08:00 ] [ log ] at779.icu/99/favicon.ico [运行时间：0.012937s][吞吐率：77.30req/s] [内存消耗：1,650.74kb] [文件加载：44]
[ error ] [8]未定义数组下标: 1

---------------------------------------------------------------
[ 2023-09-29T18:32:59+08:00 ] [ log ] at779.icu/99/index/open.html [运行时间：0.015049s][吞吐率：66.45req/s] [内存消耗：1,865.12kb] [文件加载：50]
[ error ] [8]未定义数组下标: 1

---------------------------------------------------------------
[ 2023-09-29T19:21:57+08:00 ] [ log ] at779.icu/99/ [运行时间：0.010938s][吞吐率：91.42req/s] [内存消耗：1,864.80kb] [文件加载：51]
[ error ] [8]未定义数组下标: 1

---------------------------------------------------------------
[ 2023-09-29T19:21:59+08:00 ] [ log ] at779.icu/99/favicon.ico [运行时间：0.028891s][吞吐率：34.61req/s] [内存消耗：1,650.74kb] [文件加载：44]
[ error ] [8]未定义数组下标: 1

---------------------------------------------------------------
[ 2023-09-29T19:22:01+08:00 ] [ log ] at779.icu/99/index/open.html [运行时间：0.010968s][吞吐率：91.17req/s] [内存消耗：1,865.12kb] [文件加载：50]
[ error ] [8]未定义数组下标: 1

---------------------------------------------------------------
[ 2023-09-29T19:25:52+08:00 ] [ log ] at779.icu/99/ [运行时间：0.011067s][吞吐率：90.36req/s] [内存消耗：1,865.34kb] [文件加载：51]
[ error ] [8]未定义数组下标: 1

---------------------------------------------------------------
[ 2023-09-29T19:25:53+08:00 ] [ log ] at779.icu/99/favicon.ico [运行时间：0.014334s][吞吐率：69.76req/s] [内存消耗：1,650.74kb] [文件加载：44]
[ error ] [8]未定义数组下标: 1

---------------------------------------------------------------
[ 2023-09-29T19:25:57+08:00 ] [ log ] at779.icu/99/index/open.html [运行时间：0.011117s][吞吐率：89.95req/s] [内存消耗：1,865.12kb] [文件加载：50]
[ error ] [8]未定义数组下标: 1

---------------------------------------------------------------
[ 2023-09-29T20:07:59+08:00 ] [ log ] at779.icu/99/ [运行时间：0.011442s][吞吐率：87.40req/s] [内存消耗：1,865.34kb] [文件加载：51]
[ error ] [8]未定义数组下标: 1

---------------------------------------------------------------
[ 2023-09-29T20:08:01+08:00 ] [ log ] at779.icu/99/favicon.ico [运行时间：0.011058s][吞吐率：90.43req/s] [内存消耗：1,650.74kb] [文件加载：44]
[ error ] [8]未定义数组下标: 1

---------------------------------------------------------------
[ 2023-09-29T20:08:02+08:00 ] [ log ] at779.icu/99/index/open.html [运行时间：0.026688s][吞吐率：37.47req/s] [内存消耗：1,865.12kb] [文件加载：50]
[ error ] [8]未定义数组下标: 1

---------------------------------------------------------------
[ 2023-09-29T20:09:05+08:00 ] [ log ] at779.icu/99/ [运行时间：0.039532s][吞吐率：25.30req/s] [内存消耗：1,865.34kb] [文件加载：51]
[ error ] [8]未定义数组下标: 1

---------------------------------------------------------------
[ 2023-09-29T20:09:06+08:00 ] [ log ] at779.icu/99/favicon.ico [运行时间：0.009304s][吞吐率：107.48req/s] [内存消耗：1,650.74kb] [文件加载：44]
[ error ] [8]未定义数组下标: 1

---------------------------------------------------------------
[ 2023-09-29T20:12:09+08:00 ] [ log ] at779.icu/99/ [运行时间：0.010753s][吞吐率：93.00req/s] [内存消耗：1,864.80kb] [文件加载：51]
[ error ] [8]未定义数组下标: 1

---------------------------------------------------------------
[ 2023-09-29T20:12:10+08:00 ] [ log ] at779.icu/99/favicon.ico [运行时间：0.009068s][吞吐率：110.28req/s] [内存消耗：1,650.74kb] [文件加载：44]
[ error ] [8]未定义数组下标: 1

---------------------------------------------------------------
[ 2023-09-29T20:12:13+08:00 ] [ log ] at779.icu/99/index/open.html [运行时间：0.014507s][吞吐率：68.93req/s] [内存消耗：1,865.12kb] [文件加载：50]
[ error ] [8]未定义数组下标: 1

---------------------------------------------------------------
[ 2023-09-29T22:02:39+08:00 ] [ log ] at779.icu/99/ [运行时间：0.028031s][吞吐率：35.67req/s] [内存消耗：1,865.34kb] [文件加载：51]
[ error ] [8]未定义数组下标: 1

---------------------------------------------------------------
[ 2023-09-29T22:02:40+08:00 ] [ log ] at779.icu/99/favicon.ico [运行时间：0.009867s][吞吐率：101.35req/s] [内存消耗：1,650.74kb] [文件加载：44]
[ error ] [8]未定义数组下标: 1

---------------------------------------------------------------
[ 2023-09-29T22:02:43+08:00 ] [ log ] at779.icu/99/index/open.html [运行时间：0.014571s][吞吐率：68.63req/s] [内存消耗：1,865.12kb] [文件加载：50]
[ error ] [8]未定义数组下标: 1

---------------------------------------------------------------
[ 2023-09-29T22:03:25+08:00 ] [ log ] at779.icu/99/index/open.html [运行时间：0.011208s][吞吐率：89.22req/s] [内存消耗：1,865.12kb] [文件加载：50]
[ error ] [8]未定义数组下标: 1

---------------------------------------------------------------
[ 2023-09-29T23:17:38+08:00 ] [ log ] at779.icu/99/ [运行时间：0.011693s][吞吐率：85.52req/s] [内存消耗：1,865.34kb] [文件加载：51]
[ error ] [8]未定义数组下标: 1

---------------------------------------------------------------
[ 2023-09-29T23:17:39+08:00 ] [ log ] at779.icu/99/favicon.ico [运行时间：0.009393s][吞吐率：106.46req/s] [内存消耗：1,650.74kb] [文件加载：44]
[ error ] [8]未定义数组下标: 1

---------------------------------------------------------------
[ 2023-09-29T23:17:42+08:00 ] [ log ] at779.icu/99/index/open.html [运行时间：0.013248s][吞吐率：75.48req/s] [内存消耗：1,865.12kb] [文件加载：50]
[ error ] [8]未定义数组下标: 1

---------------------------------------------------------------
[ 2023-09-29T23:24:26+08:00 ] [ log ] at779.icu/99/?uc_sm=1&from=wh10331 [运行时间：0.018193s][吞吐率：54.97req/s] [内存消耗：1,865.98kb] [文件加载：51]
[ error ] [8]未定义数组下标: 1

---------------------------------------------------------------
[ 2023-09-29T23:24:26+08:00 ] [ log ] at779.icu/99/ [运行时间：0.010460s][吞吐率：95.60req/s] [内存消耗：1,865.34kb] [文件加载：51]
[ error ] [8]未定义数组下标: 1

---------------------------------------------------------------
[ 2023-09-29T23:24:27+08:00 ] [ log ] at779.icu/99/favicon.ico [运行时间：0.009949s][吞吐率：100.51req/s] [内存消耗：1,650.74kb] [文件加载：44]
[ error ] [8]未定义数组下标: 1

---------------------------------------------------------------
[ 2023-09-29T23:24:30+08:00 ] [ log ] at779.icu/99/index/open.html [运行时间：0.012091s][吞吐率：82.71req/s] [内存消耗：1,865.12kb] [文件加载：50]
[ error ] [8]未定义数组下标: 1

---------------------------------------------------------------
