[ 2023-09-30T07:58:00+08:00 ] [ log ] at779.icu/99/ [运行时间：0.011024s][吞吐率：90.71req/s] [内存消耗：1,865.34kb] [文件加载：51]
[ error ] [8]未定义数组下标: 1

---------------------------------------------------------------
[ 2023-09-30T07:58:01+08:00 ] [ log ] at779.icu/99/favicon.ico [运行时间：0.014236s][吞吐率：70.24req/s] [内存消耗：1,650.74kb] [文件加载：44]
[ error ] [8]未定义数组下标: 1

---------------------------------------------------------------
[ 2023-09-30T07:58:06+08:00 ] [ log ] at779.icu/99/index/open.html [运行时间：0.011219s][吞吐率：89.13req/s] [内存消耗：1,865.12kb] [文件加载：50]
[ error ] [8]未定义数组下标: 1

---------------------------------------------------------------
[ 2023-09-30T08:00:09+08:00 ] [ log ] at779.icu/99/ [运行时间：0.013598s][吞吐率：73.54req/s] [内存消耗：1,864.80kb] [文件加载：51]
[ error ] [8]未定义数组下标: 1

---------------------------------------------------------------
[ 2023-09-30T08:00:09+08:00 ] [ log ] at779.icu/99/favicon.ico [运行时间：0.015413s][吞吐率：64.88req/s] [内存消耗：1,650.74kb] [文件加载：44]
[ error ] [8]未定义数组下标: 1

---------------------------------------------------------------
[ 2023-09-30T08:00:12+08:00 ] [ log ] at779.icu/99/index/open.html [运行时间：0.028877s][吞吐率：34.63req/s] [内存消耗：1,865.12kb] [文件加载：50]
[ error ] [8]未定义数组下标: 1

---------------------------------------------------------------
[ 2023-09-30T08:10:39+08:00 ] [ log ] at668.icu/99/ [运行时间：0.010518s][吞吐率：95.08req/s] [内存消耗：1,865.34kb] [文件加载：51]
[ error ] [8]未定义数组下标: 1

---------------------------------------------------------------
[ 2023-09-30T08:10:41+08:00 ] [ log ] at668.icu/99/favicon.ico [运行时间：0.009775s][吞吐率：102.30req/s] [内存消耗：1,650.74kb] [文件加载：44]
[ error ] [8]未定义数组下标: 1

---------------------------------------------------------------
[ 2023-09-30T08:10:44+08:00 ] [ log ] at668.icu/99/index/open.html [运行时间：0.011408s][吞吐率：87.66req/s] [内存消耗：1,865.12kb] [文件加载：50]
[ error ] [8]未定义数组下标: 1

---------------------------------------------------------------
[ 2023-09-30T08:12:09+08:00 ] [ log ] at779.icu/99/index/open.html [运行时间：0.013719s][吞吐率：72.89req/s] [内存消耗：1,865.65kb] [文件加载：50]
[ error ] [8]未定义数组下标: 1

---------------------------------------------------------------
[ 2023-09-30T08:23:41+08:00 ] [ log ] at668.icu/99/index/open.html [运行时间：0.017035s][吞吐率：58.70req/s] [内存消耗：1,857.95kb] [文件加载：47]
[ error ] [8]Undefined offset: 1

---------------------------------------------------------------
[ 2023-09-30T08:33:13+08:00 ] [ log ] at779.icu/99/ [运行时间：0.012260s][吞吐率：81.57req/s] [内存消耗：1,864.80kb] [文件加载：51]
[ error ] [8]未定义数组下标: 1

---------------------------------------------------------------
[ 2023-09-30T08:33:14+08:00 ] [ log ] at779.icu/99/favicon.ico [运行时间：0.009327s][吞吐率：107.22req/s] [内存消耗：1,650.74kb] [文件加载：44]
[ error ] [8]未定义数组下标: 1

---------------------------------------------------------------
[ 2023-09-30T08:33:17+08:00 ] [ log ] at779.icu/99/index/open.html [运行时间：0.011796s][吞吐率：84.77req/s] [内存消耗：1,865.12kb] [文件加载：50]
[ error ] [8]未定义数组下标: 1

---------------------------------------------------------------
[ 2023-09-30T08:34:08+08:00 ] [ log ] at779.icu/99/ [运行时间：0.011332s][吞吐率：88.25req/s] [内存消耗：1,864.80kb] [文件加载：51]
[ error ] [8]未定义数组下标: 1

---------------------------------------------------------------
[ 2023-09-30T08:34:09+08:00 ] [ log ] at779.icu/99/favicon.ico [运行时间：0.009323s][吞吐率：107.26req/s] [内存消耗：1,650.74kb] [文件加载：44]
[ error ] [8]未定义数组下标: 1

---------------------------------------------------------------
[ 2023-09-30T08:34:10+08:00 ] [ log ] at779.icu/99/index/open.html [运行时间：0.016030s][吞吐率：62.38req/s] [内存消耗：1,865.12kb] [文件加载：50]
[ error ] [8]未定义数组下标: 1

---------------------------------------------------------------
[ 2023-09-30T08:35:44+08:00 ] [ log ] at779.icu/99/ [运行时间：0.010985s][吞吐率：91.03req/s] [内存消耗：1,864.80kb] [文件加载：51]
[ error ] [8]未定义数组下标: 1

---------------------------------------------------------------
[ 2023-09-30T08:35:44+08:00 ] [ log ] at779.icu/99/favicon.ico [运行时间：0.014587s][吞吐率：68.55req/s] [内存消耗：1,650.74kb] [文件加载：44]
[ error ] [8]未定义数组下标: 1

---------------------------------------------------------------
[ 2023-09-30T08:35:47+08:00 ] [ log ] at779.icu/99/index/open.html [运行时间：0.011433s][吞吐率：87.47req/s] [内存消耗：1,865.12kb] [文件加载：50]
[ error ] [8]未定义数组下标: 1

---------------------------------------------------------------
[ 2023-09-30T09:46:43+08:00 ] [ log ] at779.icu/99/ [运行时间：0.014689s][吞吐率：68.08req/s] [内存消耗：1,865.34kb] [文件加载：51]
[ error ] [8]未定义数组下标: 1

---------------------------------------------------------------
[ 2023-09-30T09:46:43+08:00 ] [ log ] at779.icu/99/favicon.ico [运行时间：0.013605s][吞吐率：73.50req/s] [内存消耗：1,650.74kb] [文件加载：44]
[ error ] [8]未定义数组下标: 1

---------------------------------------------------------------
[ 2023-09-30T09:46:46+08:00 ] [ log ] at779.icu/99/index/open.html [运行时间：0.014667s][吞吐率：68.18req/s] [内存消耗：1,865.12kb] [文件加载：50]
[ error ] [8]未定义数组下标: 1

---------------------------------------------------------------
[ 2023-09-30T09:53:56+08:00 ] [ log ] at779.icu/99/ [运行时间：0.015885s][吞吐率：62.95req/s] [内存消耗：1,864.80kb] [文件加载：51]
[ error ] [8]未定义数组下标: 1

---------------------------------------------------------------
[ 2023-09-30T09:53:57+08:00 ] [ log ] at779.icu/99/favicon.ico [运行时间：0.009212s][吞吐率：108.56req/s] [内存消耗：1,650.74kb] [文件加载：44]
[ error ] [8]未定义数组下标: 1

---------------------------------------------------------------
[ 2023-09-30T09:54:00+08:00 ] [ log ] at779.icu/99/index/open.html [运行时间：0.017853s][吞吐率：56.01req/s] [内存消耗：1,865.12kb] [文件加载：50]
[ error ] [8]未定义数组下标: 1

---------------------------------------------------------------
[ 2023-09-30T10:40:14+08:00 ] [ log ] at668.icu/99/ [运行时间：0.035153s][吞吐率：28.45req/s] [内存消耗：1,865.34kb] [文件加载：51]
[ error ] [8]未定义数组下标: 1

---------------------------------------------------------------
[ 2023-09-30T10:40:16+08:00 ] [ log ] at668.icu/99/favicon.ico [运行时间：0.009398s][吞吐率：106.41req/s] [内存消耗：1,650.74kb] [文件加载：44]
[ error ] [8]未定义数组下标: 1

---------------------------------------------------------------
[ 2023-09-30T10:40:20+08:00 ] [ log ] at668.icu/99/index/open.html [运行时间：0.013674s][吞吐率：73.13req/s] [内存消耗：1,865.12kb] [文件加载：50]
[ error ] [8]未定义数组下标: 1

---------------------------------------------------------------
[ 2023-09-30T10:42:03+08:00 ] [ log ] at668.icu/99/ [运行时间：0.010676s][吞吐率：93.67req/s] [内存消耗：1,864.80kb] [文件加载：51]
[ error ] [8]未定义数组下标: 1

---------------------------------------------------------------
[ 2023-09-30T10:42:04+08:00 ] [ log ] at668.icu/99/favicon.ico [运行时间：0.010132s][吞吐率：98.70req/s] [内存消耗：1,650.74kb] [文件加载：44]
[ error ] [8]未定义数组下标: 1

---------------------------------------------------------------
[ 2023-09-30T10:42:06+08:00 ] [ log ] at668.icu/99/index/open.html [运行时间：0.010586s][吞吐率：94.46req/s] [内存消耗：1,865.12kb] [文件加载：50]
[ error ] [8]未定义数组下标: 1

---------------------------------------------------------------
[ 2023-09-30T11:08:07+08:00 ] [ log ] at668.icu/99/ [运行时间：0.033783s][吞吐率：29.60req/s] [内存消耗：1,864.80kb] [文件加载：51]
[ error ] [8]未定义数组下标: 1

---------------------------------------------------------------
[ 2023-09-30T11:08:08+08:00 ] [ log ] at668.icu/99/favicon.ico [运行时间：0.009581s][吞吐率：104.37req/s] [内存消耗：1,650.74kb] [文件加载：44]
[ error ] [8]未定义数组下标: 1

---------------------------------------------------------------
[ 2023-09-30T11:08:11+08:00 ] [ log ] at668.icu/99/index/open.html [运行时间：0.039616s][吞吐率：25.24req/s] [内存消耗：1,865.12kb] [文件加载：50]
[ error ] [8]未定义数组下标: 1

---------------------------------------------------------------
[ 2023-09-30T11:14:16+08:00 ] [ log ] at779.icu/99/ [运行时间：0.016053s][吞吐率：62.29req/s] [内存消耗：1,865.34kb] [文件加载：51]
[ error ] [8]未定义数组下标: 1

---------------------------------------------------------------
[ 2023-09-30T11:14:17+08:00 ] [ log ] at779.icu/99/favicon.ico [运行时间：0.009240s][吞吐率：108.23req/s] [内存消耗：1,650.74kb] [文件加载：44]
[ error ] [8]未定义数组下标: 1

---------------------------------------------------------------
[ 2023-09-30T11:14:19+08:00 ] [ log ] at779.icu/99/index/open.html [运行时间：0.010574s][吞吐率：94.57req/s] [内存消耗：1,865.12kb] [文件加载：50]
[ error ] [8]未定义数组下标: 1

---------------------------------------------------------------
[ 2023-09-30T11:34:41+08:00 ] [ log ] at588.icu/99/ [运行时间：0.011722s][吞吐率：85.31req/s] [内存消耗：1,865.34kb] [文件加载：51]
[ error ] [8]未定义数组下标: 1

---------------------------------------------------------------
[ 2023-09-30T11:34:42+08:00 ] [ log ] at588.icu/99/favicon.ico [运行时间：0.009537s][吞吐率：104.85req/s] [内存消耗：1,650.74kb] [文件加载：44]
[ error ] [8]未定义数组下标: 1

---------------------------------------------------------------
[ 2023-09-30T11:34:47+08:00 ] [ log ] at588.icu/99/index/open.html [运行时间：0.010584s][吞吐率：94.48req/s] [内存消耗：1,865.12kb] [文件加载：50]
[ error ] [8]未定义数组下标: 1

---------------------------------------------------------------
[ 2023-09-30T11:52:43+08:00 ] [ log ] at668.icu/99/ [运行时间：0.015035s][吞吐率：66.51req/s] [内存消耗：1,865.34kb] [文件加载：51]
[ error ] [8]未定义数组下标: 1

---------------------------------------------------------------
[ 2023-09-30T11:52:43+08:00 ] [ log ] at668.icu/99/favicon.ico [运行时间：0.012349s][吞吐率：80.98req/s] [内存消耗：1,650.74kb] [文件加载：44]
[ error ] [8]未定义数组下标: 1

---------------------------------------------------------------
[ 2023-09-30T11:52:47+08:00 ] [ log ] at668.icu/99/index/open.html [运行时间：0.010651s][吞吐率：93.89req/s] [内存消耗：1,865.12kb] [文件加载：50]
[ error ] [8]未定义数组下标: 1

---------------------------------------------------------------
[ 2023-09-30T12:02:40+08:00 ] [ log ] at779.icu/99/ [运行时间：0.011007s][吞吐率：90.85req/s] [内存消耗：1,865.34kb] [文件加载：51]
[ error ] [8]未定义数组下标: 1

---------------------------------------------------------------
[ 2023-09-30T12:02:43+08:00 ] [ log ] at779.icu/99/favicon.ico [运行时间：0.009643s][吞吐率：103.70req/s] [内存消耗：1,650.74kb] [文件加载：44]
[ error ] [8]未定义数组下标: 1

---------------------------------------------------------------
[ 2023-09-30T12:02:45+08:00 ] [ log ] at779.icu/99/index/open.html [运行时间：0.010694s][吞吐率：93.51req/s] [内存消耗：1,865.12kb] [文件加载：50]
[ error ] [8]未定义数组下标: 1

---------------------------------------------------------------
[ 2023-09-30T12:20:03+08:00 ] [ log ] at779.icu/99/ [运行时间：0.014720s][吞吐率：67.93req/s] [内存消耗：1,864.80kb] [文件加载：51]
[ error ] [8]未定义数组下标: 1

---------------------------------------------------------------
[ 2023-09-30T12:20:04+08:00 ] [ log ] at779.icu/99/favicon.ico [运行时间：0.009209s][吞吐率：108.59req/s] [内存消耗：1,650.74kb] [文件加载：44]
[ error ] [8]未定义数组下标: 1

---------------------------------------------------------------
[ 2023-09-30T12:20:07+08:00 ] [ log ] at779.icu/99/index/open.html [运行时间：0.013277s][吞吐率：75.32req/s] [内存消耗：1,865.12kb] [文件加载：50]
[ error ] [8]未定义数组下标: 1

---------------------------------------------------------------
[ 2023-09-30T12:28:33+08:00 ] [ log ] at779.icu/99/ [运行时间：0.013102s][吞吐率：76.33req/s] [内存消耗：1,865.34kb] [文件加载：51]
[ error ] [8]未定义数组下标: 1

---------------------------------------------------------------
[ 2023-09-30T12:28:36+08:00 ] [ log ] at779.icu/99/favicon.ico [运行时间：0.009658s][吞吐率：103.54req/s] [内存消耗：1,650.74kb] [文件加载：44]
[ error ] [8]未定义数组下标: 1

---------------------------------------------------------------
[ 2023-09-30T12:28:40+08:00 ] [ log ] at779.icu/99/index/open.html [运行时间：0.011562s][吞吐率：86.49req/s] [内存消耗：1,865.12kb] [文件加载：50]
[ error ] [8]未定义数组下标: 1

---------------------------------------------------------------
[ 2023-09-30T12:30:11+08:00 ] [ log ] at668.icu/99/ [运行时间：0.010805s][吞吐率：92.55req/s] [内存消耗：1,864.80kb] [文件加载：51]
[ error ] [8]未定义数组下标: 1

---------------------------------------------------------------
[ 2023-09-30T12:30:12+08:00 ] [ log ] at668.icu/99/favicon.ico [运行时间：0.009433s][吞吐率：106.01req/s] [内存消耗：1,650.74kb] [文件加载：44]
[ error ] [8]未定义数组下标: 1

---------------------------------------------------------------
[ 2023-09-30T12:30:15+08:00 ] [ log ] at668.icu/99/index/open.html [运行时间：0.010978s][吞吐率：91.09req/s] [内存消耗：1,865.12kb] [文件加载：50]
[ error ] [8]未定义数组下标: 1

---------------------------------------------------------------
[ 2023-09-30T12:30:48+08:00 ] [ log ] at668.icu/99/ [运行时间：0.012227s][吞吐率：81.79req/s] [内存消耗：1,864.80kb] [文件加载：51]
[ error ] [8]未定义数组下标: 1

---------------------------------------------------------------
[ 2023-09-30T12:30:49+08:00 ] [ log ] at668.icu/99/favicon.ico [运行时间：0.009206s][吞吐率：108.62req/s] [内存消耗：1,650.74kb] [文件加载：44]
[ error ] [8]未定义数组下标: 1

---------------------------------------------------------------
[ 2023-09-30T12:30:51+08:00 ] [ log ] at668.icu/99/index/open.html [运行时间：0.010768s][吞吐率：92.87req/s] [内存消耗：1,865.12kb] [文件加载：50]
[ error ] [8]未定义数组下标: 1

---------------------------------------------------------------
[ 2023-09-30T12:33:22+08:00 ] [ log ] at779.icu/99/ [运行时间：0.010813s][吞吐率：92.48req/s] [内存消耗：1,864.80kb] [文件加载：51]
[ error ] [8]未定义数组下标: 1

---------------------------------------------------------------
[ 2023-09-30T12:48:59+08:00 ] [ log ] at779.icu/99/ [运行时间：0.010809s][吞吐率：92.52req/s] [内存消耗：1,864.80kb] [文件加载：51]
[ error ] [8]未定义数组下标: 1

---------------------------------------------------------------
[ 2023-09-30T12:49:00+08:00 ] [ log ] at779.icu/99/favicon.ico [运行时间：0.010381s][吞吐率：96.33req/s] [内存消耗：1,650.74kb] [文件加载：44]
[ error ] [8]未定义数组下标: 1

---------------------------------------------------------------
[ 2023-09-30T12:49:04+08:00 ] [ log ] at779.icu/99/index/open.html [运行时间：0.011410s][吞吐率：87.64req/s] [内存消耗：1,865.12kb] [文件加载：50]
[ error ] [8]未定义数组下标: 1

---------------------------------------------------------------
[ 2023-09-30T12:59:36+08:00 ] [ log ] at668.icu/99/ [运行时间：0.010761s][吞吐率：92.93req/s] [内存消耗：1,865.34kb] [文件加载：51]
[ error ] [8]未定义数组下标: 1

---------------------------------------------------------------
[ 2023-09-30T12:59:36+08:00 ] [ log ] at668.icu/99/favicon.ico [运行时间：0.009852s][吞吐率：101.50req/s] [内存消耗：1,650.74kb] [文件加载：44]
[ error ] [8]未定义数组下标: 1

---------------------------------------------------------------
[ 2023-09-30T12:59:39+08:00 ] [ log ] at668.icu/99/index/open.html [运行时间：0.010708s][吞吐率：93.39req/s] [内存消耗：1,865.12kb] [文件加载：50]
[ error ] [8]未定义数组下标: 1

---------------------------------------------------------------
[ 2023-09-30T13:00:44+08:00 ] [ log ] at779.icu/99/ [运行时间：0.010780s][吞吐率：92.76req/s] [内存消耗：1,865.34kb] [文件加载：51]
[ error ] [8]未定义数组下标: 1

---------------------------------------------------------------
[ 2023-09-30T13:00:45+08:00 ] [ log ] at779.icu/99/favicon.ico [运行时间：0.009200s][吞吐率：108.69req/s] [内存消耗：1,650.74kb] [文件加载：44]
[ error ] [8]未定义数组下标: 1

---------------------------------------------------------------
[ 2023-09-30T13:00:47+08:00 ] [ log ] at779.icu/99/index/open.html [运行时间：0.029846s][吞吐率：33.51req/s] [内存消耗：1,865.12kb] [文件加载：50]
[ error ] [8]未定义数组下标: 1

---------------------------------------------------------------
[ 2023-09-30T13:20:20+08:00 ] [ log ] at779.icu/99/ [运行时间：0.039443s][吞吐率：25.35req/s] [内存消耗：1,865.34kb] [文件加载：51]
[ error ] [8]未定义数组下标: 1

---------------------------------------------------------------
[ 2023-09-30T13:20:36+08:00 ] [ log ] at779.icu/99/favicon.ico [运行时间：0.009336s][吞吐率：107.11req/s] [内存消耗：1,650.74kb] [文件加载：44]
[ error ] [8]未定义数组下标: 1

---------------------------------------------------------------
[ 2023-09-30T13:25:19+08:00 ] [ log ] at779.icu/99/index/open.html [运行时间：0.010843s][吞吐率：92.23req/s] [内存消耗：1,865.12kb] [文件加载：50]
[ error ] [8]未定义数组下标: 1

---------------------------------------------------------------
[ 2023-09-30T13:25:19+08:00 ] [ log ] at779.icu/99/index/open.html [运行时间：0.010693s][吞吐率：93.52req/s] [内存消耗：1,865.12kb] [文件加载：50]
[ error ] [8]未定义数组下标: 1

---------------------------------------------------------------
[ 2023-09-30T13:25:21+08:00 ] [ log ] at779.icu/99/index/open.html [运行时间：0.011261s][吞吐率：88.80req/s] [内存消耗：1,865.12kb] [文件加载：50]
[ error ] [8]未定义数组下标: 1

---------------------------------------------------------------
[ 2023-09-30T13:25:21+08:00 ] [ log ] at779.icu/99/index/open.html [运行时间：0.010536s][吞吐率：94.91req/s] [内存消耗：1,865.12kb] [文件加载：50]
[ error ] [8]未定义数组下标: 1

---------------------------------------------------------------
[ 2023-09-30T13:25:31+08:00 ] [ log ] at779.icu/99/ [运行时间：0.010794s][吞吐率：92.64req/s] [内存消耗：1,864.80kb] [文件加载：51]
[ error ] [8]未定义数组下标: 1

---------------------------------------------------------------
[ 2023-09-30T13:25:31+08:00 ] [ log ] at779.icu/99/ [运行时间：0.011480s][吞吐率：87.11req/s] [内存消耗：1,864.80kb] [文件加载：51]
[ error ] [8]未定义数组下标: 1

---------------------------------------------------------------
[ 2023-09-30T13:25:31+08:00 ] [ log ] at779.icu/99/ [运行时间：0.010936s][吞吐率：91.44req/s] [内存消耗：1,864.80kb] [文件加载：51]
[ error ] [8]未定义数组下标: 1

---------------------------------------------------------------
[ 2023-09-30T13:25:31+08:00 ] [ log ] at779.icu/99/ [运行时间：0.011024s][吞吐率：90.71req/s] [内存消耗：1,864.80kb] [文件加载：51]
[ error ] [8]未定义数组下标: 1

---------------------------------------------------------------
[ 2023-09-30T13:25:31+08:00 ] [ log ] at779.icu/99/ [运行时间：0.011170s][吞吐率：89.53req/s] [内存消耗：1,864.80kb] [文件加载：51]
[ error ] [8]未定义数组下标: 1

---------------------------------------------------------------
[ 2023-09-30T13:25:32+08:00 ] [ log ] at779.icu/99/ [运行时间：0.011306s][吞吐率：88.45req/s] [内存消耗：1,864.80kb] [文件加载：51]
[ error ] [8]未定义数组下标: 1

---------------------------------------------------------------
[ 2023-09-30T13:25:32+08:00 ] [ log ] at779.icu/99/ [运行时间：0.011367s][吞吐率：87.97req/s] [内存消耗：1,864.80kb] [文件加载：51]
[ error ] [8]未定义数组下标: 1

---------------------------------------------------------------
[ 2023-09-30T13:25:32+08:00 ] [ log ] at779.icu/99/ [运行时间：0.010700s][吞吐率：93.46req/s] [内存消耗：1,864.80kb] [文件加载：51]
[ error ] [8]未定义数组下标: 1

---------------------------------------------------------------
[ 2023-09-30T13:25:32+08:00 ] [ log ] at779.icu/99/ [运行时间：0.010990s][吞吐率：90.99req/s] [内存消耗：1,864.80kb] [文件加载：51]
[ error ] [8]未定义数组下标: 1

---------------------------------------------------------------
[ 2023-09-30T13:25:32+08:00 ] [ log ] at779.icu/99/ [运行时间：0.010787s][吞吐率：92.70req/s] [内存消耗：1,864.80kb] [文件加载：51]
[ error ] [8]未定义数组下标: 1

---------------------------------------------------------------
[ 2023-09-30T13:25:32+08:00 ] [ log ] at779.icu/99/ [运行时间：0.011145s][吞吐率：89.73req/s] [内存消耗：1,864.80kb] [文件加载：51]
[ error ] [8]未定义数组下标: 1

---------------------------------------------------------------
[ 2023-09-30T13:25:32+08:00 ] [ log ] at779.icu/99/ [运行时间：0.010399s][吞吐率：96.16req/s] [内存消耗：1,864.80kb] [文件加载：51]
[ error ] [8]未定义数组下标: 1

---------------------------------------------------------------
[ 2023-09-30T13:25:32+08:00 ] [ log ] at779.icu/99/ [运行时间：0.010801s][吞吐率：92.59req/s] [内存消耗：1,864.80kb] [文件加载：51]
[ error ] [8]未定义数组下标: 1

---------------------------------------------------------------
[ 2023-09-30T13:25:32+08:00 ] [ log ] at779.icu/99/ [运行时间：0.011070s][吞吐率：90.33req/s] [内存消耗：1,864.80kb] [文件加载：51]
[ error ] [8]未定义数组下标: 1

---------------------------------------------------------------
[ 2023-09-30T13:25:32+08:00 ] [ log ] at779.icu/99/ [运行时间：0.010663s][吞吐率：93.78req/s] [内存消耗：1,864.80kb] [文件加载：51]
[ error ] [8]未定义数组下标: 1

---------------------------------------------------------------
[ 2023-09-30T13:25:32+08:00 ] [ log ] at779.icu/99/ [运行时间：0.013806s][吞吐率：72.43req/s] [内存消耗：1,864.80kb] [文件加载：51]
[ error ] [8]未定义数组下标: 1

---------------------------------------------------------------
[ 2023-09-30T13:25:32+08:00 ] [ log ] at779.icu/99/ [运行时间：0.011024s][吞吐率：90.71req/s] [内存消耗：1,864.80kb] [文件加载：51]
[ error ] [8]未定义数组下标: 1

---------------------------------------------------------------
[ 2023-09-30T13:25:32+08:00 ] [ log ] at779.icu/99/ [运行时间：0.013785s][吞吐率：72.54req/s] [内存消耗：1,864.80kb] [文件加载：51]
[ error ] [8]未定义数组下标: 1

---------------------------------------------------------------
[ 2023-09-30T13:25:32+08:00 ] [ log ] at779.icu/99/ [运行时间：0.010968s][吞吐率：91.17req/s] [内存消耗：1,864.80kb] [文件加载：51]
[ error ] [8]未定义数组下标: 1

---------------------------------------------------------------
[ 2023-09-30T13:25:32+08:00 ] [ log ] at779.icu/99/ [运行时间：0.010619s][吞吐率：94.17req/s] [内存消耗：1,864.80kb] [文件加载：51]
[ error ] [8]未定义数组下标: 1

---------------------------------------------------------------
[ 2023-09-30T13:25:33+08:00 ] [ log ] at779.icu/99/ [运行时间：0.015158s][吞吐率：65.97req/s] [内存消耗：1,864.80kb] [文件加载：51]
[ error ] [8]未定义数组下标: 1

---------------------------------------------------------------
[ 2023-09-30T13:25:33+08:00 ] [ log ] at779.icu/99/ [运行时间：0.010981s][吞吐率：91.07req/s] [内存消耗：1,864.80kb] [文件加载：51]
[ error ] [8]未定义数组下标: 1

---------------------------------------------------------------
[ 2023-09-30T13:25:33+08:00 ] [ log ] at779.icu/99/ [运行时间：0.017541s][吞吐率：57.01req/s] [内存消耗：1,864.80kb] [文件加载：51]
[ error ] [8]未定义数组下标: 1

---------------------------------------------------------------
[ 2023-09-30T13:25:33+08:00 ] [ log ] at779.icu/99/ [运行时间：0.013559s][吞吐率：73.75req/s] [内存消耗：1,864.80kb] [文件加载：51]
[ error ] [8]未定义数组下标: 1

---------------------------------------------------------------
[ 2023-09-30T13:25:33+08:00 ] [ log ] at779.icu/99/ [运行时间：0.012253s][吞吐率：81.61req/s] [内存消耗：1,864.80kb] [文件加载：51]
[ error ] [8]未定义数组下标: 1

---------------------------------------------------------------
[ 2023-09-30T13:25:33+08:00 ] [ log ] at779.icu/99/ [运行时间：0.010658s][吞吐率：93.83req/s] [内存消耗：1,864.80kb] [文件加载：51]
[ error ] [8]未定义数组下标: 1

---------------------------------------------------------------
[ 2023-09-30T13:25:33+08:00 ] [ log ] at779.icu/99/ [运行时间：0.010686s][吞吐率：93.58req/s] [内存消耗：1,864.80kb] [文件加载：51]
[ error ] [8]未定义数组下标: 1

---------------------------------------------------------------
[ 2023-09-30T13:25:33+08:00 ] [ log ] at779.icu/99/ [运行时间：0.010586s][吞吐率：94.47req/s] [内存消耗：1,864.80kb] [文件加载：51]
[ error ] [8]未定义数组下标: 1

---------------------------------------------------------------
[ 2023-09-30T13:25:33+08:00 ] [ log ] at779.icu/99/ [运行时间：0.010583s][吞吐率：94.49req/s] [内存消耗：1,864.80kb] [文件加载：51]
[ error ] [8]未定义数组下标: 1

---------------------------------------------------------------
[ 2023-09-30T13:25:33+08:00 ] [ log ] at779.icu/99/ [运行时间：0.010934s][吞吐率：91.46req/s] [内存消耗：1,864.80kb] [文件加载：51]
[ error ] [8]未定义数组下标: 1

---------------------------------------------------------------
[ 2023-09-30T13:25:33+08:00 ] [ log ] at779.icu/99/ [运行时间：0.010668s][吞吐率：93.74req/s] [内存消耗：1,864.80kb] [文件加载：51]
[ error ] [8]未定义数组下标: 1

---------------------------------------------------------------
[ 2023-09-30T13:25:34+08:00 ] [ log ] at779.icu/99/ [运行时间：0.010696s][吞吐率：93.49req/s] [内存消耗：1,864.80kb] [文件加载：51]
[ error ] [8]未定义数组下标: 1

---------------------------------------------------------------
[ 2023-09-30T13:25:34+08:00 ] [ log ] at779.icu/99/ [运行时间：0.010758s][吞吐率：92.95req/s] [内存消耗：1,864.80kb] [文件加载：51]
[ error ] [8]未定义数组下标: 1

---------------------------------------------------------------
[ 2023-09-30T13:25:34+08:00 ] [ log ] at779.icu/99/ [运行时间：0.010578s][吞吐率：94.54req/s] [内存消耗：1,864.80kb] [文件加载：51]
[ error ] [8]未定义数组下标: 1

---------------------------------------------------------------
[ 2023-09-30T13:25:34+08:00 ] [ log ] at779.icu/99/ [运行时间：0.011441s][吞吐率：87.41req/s] [内存消耗：1,864.80kb] [文件加载：51]
[ error ] [8]未定义数组下标: 1

---------------------------------------------------------------
[ 2023-09-30T13:25:34+08:00 ] [ log ] at779.icu/99/ [运行时间：0.010858s][吞吐率：92.10req/s] [内存消耗：1,864.80kb] [文件加载：51]
[ error ] [8]未定义数组下标: 1

---------------------------------------------------------------
[ 2023-09-30T13:25:34+08:00 ] [ log ] at779.icu/99/ [运行时间：0.010570s][吞吐率：94.61req/s] [内存消耗：1,864.80kb] [文件加载：51]
[ error ] [8]未定义数组下标: 1

---------------------------------------------------------------
[ 2023-09-30T13:25:34+08:00 ] [ log ] at779.icu/99/ [运行时间：0.010636s][吞吐率：94.02req/s] [内存消耗：1,864.80kb] [文件加载：51]
[ error ] [8]未定义数组下标: 1

---------------------------------------------------------------
[ 2023-09-30T13:25:34+08:00 ] [ log ] at779.icu/99/ [运行时间：0.010669s][吞吐率：93.73req/s] [内存消耗：1,864.80kb] [文件加载：51]
[ error ] [8]未定义数组下标: 1

---------------------------------------------------------------
[ 2023-09-30T13:25:34+08:00 ] [ log ] at779.icu/99/ [运行时间：0.011337s][吞吐率：88.21req/s] [内存消耗：1,864.80kb] [文件加载：51]
[ error ] [8]未定义数组下标: 1

---------------------------------------------------------------
[ 2023-09-30T13:25:34+08:00 ] [ log ] at779.icu/99/ [运行时间：0.010989s][吞吐率：91.00req/s] [内存消耗：1,864.80kb] [文件加载：51]
[ error ] [8]未定义数组下标: 1

---------------------------------------------------------------
[ 2023-09-30T13:25:34+08:00 ] [ log ] at779.icu/99/ [运行时间：0.011251s][吞吐率：88.88req/s] [内存消耗：1,864.80kb] [文件加载：51]
[ error ] [8]未定义数组下标: 1

---------------------------------------------------------------
[ 2023-09-30T13:25:34+08:00 ] [ log ] at779.icu/99/ [运行时间：0.010582s][吞吐率：94.50req/s] [内存消耗：1,864.80kb] [文件加载：51]
[ error ] [8]未定义数组下标: 1

---------------------------------------------------------------
[ 2023-09-30T13:25:35+08:00 ] [ log ] at779.icu/99/ [运行时间：0.010502s][吞吐率：95.22req/s] [内存消耗：1,864.80kb] [文件加载：51]
[ error ] [8]未定义数组下标: 1

---------------------------------------------------------------
[ 2023-09-30T13:25:35+08:00 ] [ log ] at779.icu/99/ [运行时间：0.010711s][吞吐率：93.36req/s] [内存消耗：1,864.80kb] [文件加载：51]
[ error ] [8]未定义数组下标: 1

---------------------------------------------------------------
[ 2023-09-30T13:25:35+08:00 ] [ log ] at779.icu/99/ [运行时间：0.010492s][吞吐率：95.31req/s] [内存消耗：1,864.80kb] [文件加载：51]
[ error ] [8]未定义数组下标: 1

---------------------------------------------------------------
[ 2023-09-30T13:25:35+08:00 ] [ log ] at779.icu/99/ [运行时间：0.010965s][吞吐率：91.20req/s] [内存消耗：1,864.80kb] [文件加载：51]
[ error ] [8]未定义数组下标: 1

---------------------------------------------------------------
[ 2023-09-30T13:25:35+08:00 ] [ log ] at779.icu/99/ [运行时间：0.010685s][吞吐率：93.59req/s] [内存消耗：1,864.80kb] [文件加载：51]
[ error ] [8]未定义数组下标: 1

---------------------------------------------------------------
[ 2023-09-30T13:25:35+08:00 ] [ log ] at779.icu/99/ [运行时间：0.010586s][吞吐率：94.46req/s] [内存消耗：1,864.80kb] [文件加载：51]
[ error ] [8]未定义数组下标: 1

---------------------------------------------------------------
[ 2023-09-30T13:25:35+08:00 ] [ log ] at779.icu/99/ [运行时间：0.010624s][吞吐率：94.13req/s] [内存消耗：1,864.80kb] [文件加载：51]
[ error ] [8]未定义数组下标: 1

---------------------------------------------------------------
[ 2023-09-30T13:25:35+08:00 ] [ log ] at779.icu/99/ [运行时间：0.010787s][吞吐率：92.70req/s] [内存消耗：1,864.80kb] [文件加载：51]
[ error ] [8]未定义数组下标: 1

---------------------------------------------------------------
[ 2023-09-30T13:25:35+08:00 ] [ log ] at779.icu/99/ [运行时间：0.013175s][吞吐率：75.90req/s] [内存消耗：1,864.80kb] [文件加载：51]
[ error ] [8]未定义数组下标: 1

---------------------------------------------------------------
[ 2023-09-30T13:25:35+08:00 ] [ log ] at779.icu/99/ [运行时间：0.011590s][吞吐率：86.28req/s] [内存消耗：1,864.80kb] [文件加载：51]
[ error ] [8]未定义数组下标: 1

---------------------------------------------------------------
[ 2023-09-30T13:25:35+08:00 ] [ log ] at779.icu/99/ [运行时间：0.014042s][吞吐率：71.21req/s] [内存消耗：1,864.80kb] [文件加载：51]
[ error ] [8]未定义数组下标: 1

---------------------------------------------------------------
[ 2023-09-30T13:25:36+08:00 ] [ log ] at779.icu/99/ [运行时间：0.011272s][吞吐率：88.72req/s] [内存消耗：1,864.80kb] [文件加载：51]
[ error ] [8]未定义数组下标: 1

---------------------------------------------------------------
[ 2023-09-30T13:25:36+08:00 ] [ log ] at779.icu/99/ [运行时间：0.010631s][吞吐率：94.06req/s] [内存消耗：1,864.80kb] [文件加载：51]
[ error ] [8]未定义数组下标: 1

---------------------------------------------------------------
[ 2023-09-30T13:25:36+08:00 ] [ log ] at779.icu/99/ [运行时间：0.017681s][吞吐率：56.56req/s] [内存消耗：1,864.80kb] [文件加载：51]
[ error ] [8]未定义数组下标: 1

---------------------------------------------------------------
[ 2023-09-30T13:25:36+08:00 ] [ log ] at779.icu/99/ [运行时间：0.010571s][吞吐率：94.60req/s] [内存消耗：1,864.80kb] [文件加载：51]
[ error ] [8]未定义数组下标: 1

---------------------------------------------------------------
[ 2023-09-30T13:25:36+08:00 ] [ log ] at779.icu/99/ [运行时间：0.011374s][吞吐率：87.92req/s] [内存消耗：1,864.80kb] [文件加载：51]
[ error ] [8]未定义数组下标: 1

---------------------------------------------------------------
[ 2023-09-30T13:25:36+08:00 ] [ log ] at779.icu/99/ [运行时间：0.010613s][吞吐率：94.22req/s] [内存消耗：1,864.80kb] [文件加载：51]
[ error ] [8]未定义数组下标: 1

---------------------------------------------------------------
[ 2023-09-30T13:25:36+08:00 ] [ log ] at779.icu/99/ [运行时间：0.011306s][吞吐率：88.45req/s] [内存消耗：1,864.80kb] [文件加载：51]
[ error ] [8]未定义数组下标: 1

---------------------------------------------------------------
[ 2023-09-30T14:39:35+08:00 ] [ log ] at779.icu/99/ [运行时间：0.010882s][吞吐率：91.90req/s] [内存消耗：1,865.34kb] [文件加载：51]
[ error ] [8]未定义数组下标: 1

---------------------------------------------------------------
[ 2023-09-30T14:39:35+08:00 ] [ log ] at779.icu/99/favicon.ico [运行时间：0.009480s][吞吐率：105.49req/s] [内存消耗：1,650.74kb] [文件加载：44]
[ error ] [8]未定义数组下标: 1

---------------------------------------------------------------
[ 2023-09-30T14:39:38+08:00 ] [ log ] at779.icu/99/index/open.html [运行时间：0.010860s][吞吐率：92.08req/s] [内存消耗：1,865.12kb] [文件加载：50]
[ error ] [8]未定义数组下标: 1

---------------------------------------------------------------
[ 2023-09-30T17:22:35+08:00 ] [ log ] at444.icu/99/admin [运行时间：0.028437s][吞吐率：35.17req/s] [内存消耗：1,651.21kb] [文件加载：44]
[ error ] [8]未定义数组下标: 1

---------------------------------------------------------------
[ 2023-09-30T17:22:40+08:00 ] [ log ] at444.icu/99/admin [运行时间：0.013888s][吞吐率：72.00req/s] [内存消耗：1,650.68kb] [文件加载：44]
[ error ] [8]未定义数组下标: 1

---------------------------------------------------------------
[ 2023-09-30T17:48:24+08:00 ] [ log ] at333.icu/99/ [运行时间：0.027991s][吞吐率：35.73req/s] [内存消耗：1,865.34kb] [文件加载：51]
[ error ] [8]未定义数组下标: 1

---------------------------------------------------------------
[ 2023-09-30T17:48:27+08:00 ] [ log ] at333.icu/99/favicon.ico [运行时间：0.009363s][吞吐率：106.80req/s] [内存消耗：1,650.74kb] [文件加载：44]
[ error ] [8]未定义数组下标: 1

---------------------------------------------------------------
[ 2023-09-30T17:50:40+08:00 ] [ log ] www.at111.icu/99/ [运行时间：0.023585s][吞吐率：42.40req/s] [内存消耗：1,865.34kb] [文件加载：51]
[ error ] [8]未定义数组下标: 1

---------------------------------------------------------------
[ 2023-09-30T17:50:41+08:00 ] [ log ] www.at111.icu/99/favicon.ico [运行时间：0.021326s][吞吐率：46.89req/s] [内存消耗：1,650.74kb] [文件加载：44]
[ error ] [8]未定义数组下标: 1

---------------------------------------------------------------
[ 2023-09-30T17:50:42+08:00 ] [ log ] www.at111.icu/99/favicon.ico [运行时间：0.028551s][吞吐率：35.03req/s] [内存消耗：1,650.74kb] [文件加载：44]
[ error ] [8]未定义数组下标: 1

---------------------------------------------------------------
[ 2023-09-30T17:50:42+08:00 ] [ log ] www.at111.icu/99/favicon.ico [运行时间：0.014219s][吞吐率：70.33req/s] [内存消耗：1,650.74kb] [文件加载：44]
[ error ] [8]未定义数组下标: 1

---------------------------------------------------------------
[ 2023-09-30T17:51:33+08:00 ] [ log ] www.at333.icu/99/ [运行时间：0.036945s][吞吐率：27.07req/s] [内存消耗：1,865.34kb] [文件加载：51]
[ error ] [8]未定义数组下标: 1

---------------------------------------------------------------
[ 2023-09-30T17:51:33+08:00 ] [ log ] www.at333.icu/99/favicon.ico [运行时间：0.016513s][吞吐率：60.56req/s] [内存消耗：1,650.74kb] [文件加载：44]
[ error ] [8]未定义数组下标: 1

---------------------------------------------------------------
[ 2023-09-30T17:51:34+08:00 ] [ log ] www.at333.icu/99/favicon.ico [运行时间：0.035355s][吞吐率：28.28req/s] [内存消耗：1,650.74kb] [文件加载：44]
[ error ] [8]未定义数组下标: 1

---------------------------------------------------------------
[ 2023-09-30T17:51:35+08:00 ] [ log ] www.at333.icu/99/favicon.ico [运行时间：0.011277s][吞吐率：88.68req/s] [内存消耗：1,650.74kb] [文件加载：44]
[ error ] [8]未定义数组下标: 1

---------------------------------------------------------------
[ 2023-09-30T17:51:37+08:00 ] [ log ] at333.icu/99/ [运行时间：0.010866s][吞吐率：92.03req/s] [内存消耗：1,865.34kb] [文件加载：51]
[ error ] [8]未定义数组下标: 1

---------------------------------------------------------------
[ 2023-09-30T17:51:37+08:00 ] [ log ] at333.icu/99/favicon.ico [运行时间：0.014768s][吞吐率：67.71req/s] [内存消耗：1,650.74kb] [文件加载：44]
[ error ] [8]未定义数组下标: 1

---------------------------------------------------------------
[ 2023-09-30T17:51:37+08:00 ] [ log ] at333.icu/99/favicon.ico [运行时间：0.009216s][吞吐率：108.51req/s] [内存消耗：1,650.74kb] [文件加载：44]
[ error ] [8]未定义数组下标: 1

---------------------------------------------------------------
[ 2023-09-30T17:51:38+08:00 ] [ log ] at333.icu/99/favicon.ico [运行时间：0.022905s][吞吐率：43.66req/s] [内存消耗：1,650.74kb] [文件加载：44]
[ error ] [8]未定义数组下标: 1

---------------------------------------------------------------
[ 2023-09-30T17:51:38+08:00 ] [ log ] www.at111.icu/99/ [运行时间：0.027021s][吞吐率：37.01req/s] [内存消耗：1,865.34kb] [文件加载：51]
[ error ] [8]未定义数组下标: 1

---------------------------------------------------------------
[ 2023-09-30T17:57:07+08:00 ] [ log ] www.at111.icu/99/ [运行时间：0.040169s][吞吐率：24.89req/s] [内存消耗：1,865.34kb] [文件加载：51]
[ error ] [8]未定义数组下标: 1

---------------------------------------------------------------
[ 2023-09-30T17:57:09+08:00 ] [ log ] www.at111.icu/99/favicon.ico [运行时间：0.023291s][吞吐率：42.94req/s] [内存消耗：1,650.74kb] [文件加载：44]
[ error ] [8]未定义数组下标: 1

---------------------------------------------------------------
[ 2023-09-30T17:58:35+08:00 ] [ log ] at111.icu/99/admin [运行时间：0.021921s][吞吐率：45.62req/s] [内存消耗：1,651.21kb] [文件加载：44]
[ error ] [8]未定义数组下标: 1

---------------------------------------------------------------
[ 2023-09-30T18:00:46+08:00 ] [ log ] at111.icu/99/?uc_sm=1 [运行时间：0.034460s][吞吐率：29.02req/s] [内存消耗：1,865.97kb] [文件加载：51]
[ error ] [8]未定义数组下标: 1

---------------------------------------------------------------
[ 2023-09-30T18:00:48+08:00 ] [ log ] at111.icu/99/ [运行时间：0.029128s][吞吐率：34.33req/s] [内存消耗：1,865.34kb] [文件加载：51]
[ error ] [8]未定义数组下标: 1

---------------------------------------------------------------
[ 2023-09-30T18:00:51+08:00 ] [ log ] at111.icu/99/favicon.ico [运行时间：0.014637s][吞吐率：68.32req/s] [内存消耗：1,650.74kb] [文件加载：44]
[ error ] [8]未定义数组下标: 1

---------------------------------------------------------------
[ 2023-09-30T18:00:52+08:00 ] [ log ] at111.icu/99/index/open.html [运行时间：0.012309s][吞吐率：81.24req/s] [内存消耗：1,865.12kb] [文件加载：50]
[ error ] [8]未定义数组下标: 1

---------------------------------------------------------------
[ 2023-09-30T18:03:01+08:00 ] [ log ] www.at111.icu/99/ [运行时间：0.014391s][吞吐率：69.49req/s] [内存消耗：1,865.34kb] [文件加载：51]
[ error ] [8]未定义数组下标: 1

---------------------------------------------------------------
[ 2023-09-30T18:03:04+08:00 ] [ log ] www.at111.icu/99/favicon.ico [运行时间：0.035183s][吞吐率：28.42req/s] [内存消耗：1,650.74kb] [文件加载：44]
[ error ] [8]未定义数组下标: 1

---------------------------------------------------------------
[ 2023-09-30T18:03:07+08:00 ] [ log ] www.at111.icu/99/index/open.html [运行时间：0.033978s][吞吐率：29.43req/s] [内存消耗：1,865.13kb] [文件加载：50]
[ error ] [8]未定义数组下标: 1

---------------------------------------------------------------
[ 2023-09-30T18:03:11+08:00 ] [ log ] www.at111.icu/99/ [运行时间：0.013247s][吞吐率：75.49req/s] [内存消耗：1,865.34kb] [文件加载：51]
[ error ] [8]未定义数组下标: 1

---------------------------------------------------------------
[ 2023-09-30T18:06:35+08:00 ] [ log ] www.at111.icu/99/ [运行时间：0.013353s][吞吐率：74.89req/s] [内存消耗：1,865.34kb] [文件加载：51]
[ error ] [8]未定义数组下标: 1

---------------------------------------------------------------
[ 2023-09-30T18:06:40+08:00 ] [ log ] www.at111.icu/99/favicon.ico [运行时间：0.009940s][吞吐率：100.60req/s] [内存消耗：1,650.74kb] [文件加载：44]
[ error ] [8]未定义数组下标: 1

---------------------------------------------------------------
[ 2023-09-30T18:06:41+08:00 ] [ log ] www.at111.icu/99/index/open.html [运行时间：0.011504s][吞吐率：86.93req/s] [内存消耗：1,865.13kb] [文件加载：50]
[ error ] [8]未定义数组下标: 1

---------------------------------------------------------------
[ 2023-09-30T18:07:22+08:00 ] [ log ] www.at111.icu/99/ [运行时间：0.011922s][吞吐率：83.88req/s] [内存消耗：1,865.34kb] [文件加载：51]
[ error ] [8]未定义数组下标: 1

---------------------------------------------------------------
[ 2023-09-30T18:07:25+08:00 ] [ log ] www.at111.icu/99/favicon.ico [运行时间：0.014665s][吞吐率：68.19req/s] [内存消耗：1,650.74kb] [文件加载：44]
[ error ] [8]未定义数组下标: 1

---------------------------------------------------------------
[ 2023-09-30T18:07:27+08:00 ] [ log ] www.at111.icu/99/index/open.html [运行时间：0.015130s][吞吐率：66.09req/s] [内存消耗：1,865.13kb] [文件加载：50]
[ error ] [8]未定义数组下标: 1

---------------------------------------------------------------
[ 2023-09-30T18:23:41+08:00 ] [ log ] www.at111.icu/99/ [运行时间：0.015851s][吞吐率：63.09req/s] [内存消耗：1,865.34kb] [文件加载：51]
[ error ] [8]未定义数组下标: 1

---------------------------------------------------------------
[ 2023-09-30T18:23:42+08:00 ] [ log ] www.at111.icu/99/favicon.ico [运行时间：0.010863s][吞吐率：92.06req/s] [内存消耗：1,650.74kb] [文件加载：44]
[ error ] [8]未定义数组下标: 1

---------------------------------------------------------------
[ 2023-09-30T18:23:43+08:00 ] [ log ] www.at111.icu/99/ [运行时间：0.010847s][吞吐率：92.19req/s] [内存消耗：1,864.81kb] [文件加载：51]
[ error ] [8]未定义数组下标: 1

---------------------------------------------------------------
[ 2023-09-30T18:23:44+08:00 ] [ log ] www.at111.icu/99/favicon.ico [运行时间：0.018602s][吞吐率：53.76req/s] [内存消耗：1,650.74kb] [文件加载：44]
[ error ] [8]未定义数组下标: 1

---------------------------------------------------------------
[ 2023-09-30T18:23:45+08:00 ] [ log ] www.at111.icu/99/index/open.html [运行时间：0.038008s][吞吐率：26.31req/s] [内存消耗：1,865.13kb] [文件加载：50]
[ error ] [8]未定义数组下标: 1

---------------------------------------------------------------
[ 2023-09-30T18:25:41+08:00 ] [ log ] www.at111.icu/99/index/open.html [运行时间：0.023277s][吞吐率：42.96req/s] [内存消耗：1,865.16kb] [文件加载：50]
[ error ] [8]未定义数组下标: 1

---------------------------------------------------------------
[ 2023-09-30T18:26:20+08:00 ] [ log ] www.at111.icu/99/ [运行时间：0.040199s][吞吐率：24.88req/s] [内存消耗：1,864.84kb] [文件加载：51]
[ error ] [8]未定义数组下标: 1

---------------------------------------------------------------
[ 2023-09-30T18:27:54+08:00 ] [ log ] www.at111.icu/99/ [运行时间：0.011500s][吞吐率：86.96req/s] [内存消耗：1,864.81kb] [文件加载：51]
[ error ] [8]未定义数组下标: 1

---------------------------------------------------------------
[ 2023-09-30T18:27:57+08:00 ] [ log ] www.at111.icu/99/favicon.ico [运行时间：0.024156s][吞吐率：41.40req/s] [内存消耗：1,650.74kb] [文件加载：44]
[ error ] [8]未定义数组下标: 1

---------------------------------------------------------------
[ 2023-09-30T18:28:01+08:00 ] [ log ] www.at111.icu/99/index/open.html [运行时间：0.011296s][吞吐率：88.53req/s] [内存消耗：1,865.13kb] [文件加载：50]
[ error ] [8]未定义数组下标: 1

---------------------------------------------------------------
[ 2023-09-30T18:40:48+08:00 ] [ log ] at111.icu/99/ [运行时间：0.010815s][吞吐率：92.46req/s] [内存消耗：1,865.34kb] [文件加载：51]
[ error ] [8]未定义数组下标: 1

---------------------------------------------------------------
[ 2023-09-30T18:40:50+08:00 ] [ log ] at111.icu/99/favicon.ico [运行时间：0.030174s][吞吐率：33.14req/s] [内存消耗：1,650.74kb] [文件加载：44]
[ error ] [8]未定义数组下标: 1

---------------------------------------------------------------
[ 2023-09-30T18:40:52+08:00 ] [ log ] at111.icu/99/index/open.html [运行时间：0.013505s][吞吐率：74.05req/s] [内存消耗：1,865.12kb] [文件加载：50]
[ error ] [8]未定义数组下标: 1

---------------------------------------------------------------
[ 2023-09-30T18:47:41+08:00 ] [ log ] www.at111.icu/99/ [运行时间：0.032820s][吞吐率：30.47req/s] [内存消耗：1,865.34kb] [文件加载：51]
[ error ] [8]未定义数组下标: 1

---------------------------------------------------------------
[ 2023-09-30T18:47:42+08:00 ] [ log ] www.at111.icu/99/ [运行时间：0.010788s][吞吐率：92.69req/s] [内存消耗：1,865.34kb] [文件加载：51]
[ error ] [8]未定义数组下标: 1

---------------------------------------------------------------
[ 2023-09-30T18:49:27+08:00 ] [ log ] www.at333.icu/99/ [运行时间：0.011010s][吞吐率：90.83req/s] [内存消耗：1,865.34kb] [文件加载：51]
[ error ] [8]未定义数组下标: 1

---------------------------------------------------------------
[ 2023-09-30T18:49:37+08:00 ] [ log ] www.at333.icu/99/index/open.html [运行时间：0.011937s][吞吐率：83.77req/s] [内存消耗：1,865.13kb] [文件加载：50]
[ error ] [8]未定义数组下标: 1

---------------------------------------------------------------
[ 2023-09-30T18:51:21+08:00 ] [ log ] www.at333.icu/99/ [运行时间：0.011405s][吞吐率：87.68req/s] [内存消耗：1,865.34kb] [文件加载：51]
[ error ] [8]未定义数组下标: 1

---------------------------------------------------------------
[ 2023-09-30T18:51:25+08:00 ] [ log ] www.at333.icu/99/favicon.ico [运行时间：0.029499s][吞吐率：33.90req/s] [内存消耗：1,650.74kb] [文件加载：44]
[ error ] [8]未定义数组下标: 1

---------------------------------------------------------------
[ 2023-09-30T18:51:28+08:00 ] [ log ] www.at333.icu/99/index/open.html [运行时间：0.010626s][吞吐率：94.11req/s] [内存消耗：1,865.13kb] [文件加载：50]
[ error ] [8]未定义数组下标: 1

---------------------------------------------------------------
[ 2023-09-30T18:51:30+08:00 ] [ log ] www.at111.icu/99/ [运行时间：0.011373s][吞吐率：87.93req/s] [内存消耗：1,864.81kb] [文件加载：51]
[ error ] [8]未定义数组下标: 1

---------------------------------------------------------------
[ 2023-09-30T18:51:32+08:00 ] [ log ] www.at111.icu/99/favicon.ico [运行时间：0.009449s][吞吐率：105.83req/s] [内存消耗：1,650.74kb] [文件加载：44]
[ error ] [8]未定义数组下标: 1

---------------------------------------------------------------
[ 2023-09-30T18:51:58+08:00 ] [ log ] www.at111.icu/99/index/open.html [运行时间：0.011823s][吞吐率：84.58req/s] [内存消耗：1,865.13kb] [文件加载：50]
[ error ] [8]未定义数组下标: 1

---------------------------------------------------------------
[ 2023-09-30T18:54:26+08:00 ] [ log ] www.at111.icu/99/ [运行时间：0.010783s][吞吐率：92.74req/s] [内存消耗：1,865.34kb] [文件加载：51]
[ error ] [8]未定义数组下标: 1

---------------------------------------------------------------
[ 2023-09-30T18:54:31+08:00 ] [ log ] www.at111.icu/99/index/open.html [运行时间：0.010667s][吞吐率：93.75req/s] [内存消耗：1,865.13kb] [文件加载：50]
[ error ] [8]未定义数组下标: 1

---------------------------------------------------------------
[ 2023-09-30T19:15:33+08:00 ] [ log ] www.at111.icu/99/ [运行时间：0.011312s][吞吐率：88.40req/s] [内存消耗：1,865.34kb] [文件加载：51]
[ error ] [8]未定义数组下标: 1

---------------------------------------------------------------
[ 2023-09-30T19:15:34+08:00 ] [ log ] www.at111.icu/99/favicon.ico [运行时间：0.009308s][吞吐率：107.44req/s] [内存消耗：1,650.74kb] [文件加载：44]
[ error ] [8]未定义数组下标: 1

---------------------------------------------------------------
[ 2023-09-30T19:15:35+08:00 ] [ log ] www.at111.icu/99/index/open.html [运行时间：0.018582s][吞吐率：53.82req/s] [内存消耗：1,865.13kb] [文件加载：50]
[ error ] [8]未定义数组下标: 1

---------------------------------------------------------------
[ 2023-09-30T19:18:39+08:00 ] [ log ] at111.icu/99/ [运行时间：0.010754s][吞吐率：92.99req/s] [内存消耗：1,865.34kb] [文件加载：51]
[ error ] [8]未定义数组下标: 1

---------------------------------------------------------------
[ 2023-09-30T19:18:40+08:00 ] [ log ] at111.icu/99/?uc_sm=1&from=wh10331 [运行时间：0.011175s][吞吐率：89.49req/s] [内存消耗：1,865.98kb] [文件加载：51]
[ error ] [8]未定义数组下标: 1

---------------------------------------------------------------
[ 2023-09-30T19:18:41+08:00 ] [ log ] at111.icu/99/favicon.ico [运行时间：0.019074s][吞吐率：52.43req/s] [内存消耗：1,650.74kb] [文件加载：44]
[ error ] [8]未定义数组下标: 1

---------------------------------------------------------------
[ 2023-09-30T19:18:43+08:00 ] [ log ] at111.icu/99/index/open.html [运行时间：0.017299s][吞吐率：57.81req/s] [内存消耗：1,865.12kb] [文件加载：50]
[ error ] [8]未定义数组下标: 1

---------------------------------------------------------------
[ 2023-09-30T19:22:54+08:00 ] [ log ] at111.icu/99/ [运行时间：0.010822s][吞吐率：92.40req/s] [内存消耗：1,864.80kb] [文件加载：51]
[ error ] [8]未定义数组下标: 1

---------------------------------------------------------------
[ 2023-09-30T19:22:56+08:00 ] [ log ] at111.icu/99/favicon.ico [运行时间：0.009801s][吞吐率：102.03req/s] [内存消耗：1,650.74kb] [文件加载：44]
[ error ] [8]未定义数组下标: 1

---------------------------------------------------------------
[ 2023-09-30T19:22:59+08:00 ] [ log ] at111.icu/99/index/open.html [运行时间：0.042742s][吞吐率：23.40req/s] [内存消耗：1,865.12kb] [文件加载：50]
[ error ] [8]未定义数组下标: 1

---------------------------------------------------------------
[ 2023-09-30T19:28:06+08:00 ] [ log ] www.at111.icu/99/ [运行时间：0.011821s][吞吐率：84.60req/s] [内存消耗：1,865.34kb] [文件加载：51]
[ error ] [8]未定义数组下标: 1

---------------------------------------------------------------
[ 2023-09-30T19:28:07+08:00 ] [ log ] www.at111.icu/99/favicon.ico [运行时间：0.010916s][吞吐率：91.61req/s] [内存消耗：1,650.74kb] [文件加载：44]
[ error ] [8]未定义数组下标: 1

---------------------------------------------------------------
[ 2023-09-30T19:28:09+08:00 ] [ log ] www.at111.icu/99/index/open.html [运行时间：0.010496s][吞吐率：95.27req/s] [内存消耗：1,865.13kb] [文件加载：50]
[ error ] [8]未定义数组下标: 1

---------------------------------------------------------------
[ 2023-09-30T19:29:13+08:00 ] [ log ] www.at111.icu/99/ [运行时间：0.010872s][吞吐率：91.98req/s] [内存消耗：1,864.81kb] [文件加载：51]
[ error ] [8]未定义数组下标: 1

---------------------------------------------------------------
[ 2023-09-30T19:29:13+08:00 ] [ log ] www.at111.icu/99/favicon.ico [运行时间：0.009862s][吞吐率：101.40req/s] [内存消耗：1,650.74kb] [文件加载：44]
[ error ] [8]未定义数组下标: 1

---------------------------------------------------------------
[ 2023-09-30T19:29:16+08:00 ] [ log ] www.at111.icu/99/index/open.html [运行时间：0.011013s][吞吐率：90.80req/s] [内存消耗：1,865.13kb] [文件加载：50]
[ error ] [8]未定义数组下标: 1

---------------------------------------------------------------
[ 2023-09-30T19:32:52+08:00 ] [ log ] www.at111.icu/99/ [运行时间：0.010820s][吞吐率：92.42req/s] [内存消耗：1,865.34kb] [文件加载：51]
[ error ] [8]未定义数组下标: 1

---------------------------------------------------------------
[ 2023-09-30T19:32:54+08:00 ] [ log ] www.at111.icu/99/favicon.ico [运行时间：0.009300s][吞吐率：107.53req/s] [内存消耗：1,650.74kb] [文件加载：44]
[ error ] [8]未定义数组下标: 1

---------------------------------------------------------------
[ 2023-09-30T19:32:56+08:00 ] [ log ] www.at111.icu/99/index/open.html [运行时间：0.011712s][吞吐率：85.38req/s] [内存消耗：1,865.13kb] [文件加载：50]
[ error ] [8]未定义数组下标: 1

---------------------------------------------------------------
[ 2023-09-30T19:33:36+08:00 ] [ log ] www.at111.icu/99/ [运行时间：0.011384s][吞吐率：87.84req/s] [内存消耗：1,864.81kb] [文件加载：51]
[ error ] [8]未定义数组下标: 1

---------------------------------------------------------------
[ 2023-09-30T19:33:36+08:00 ] [ log ] www.at111.icu/99/favicon.ico [运行时间：0.009789s][吞吐率：102.16req/s] [内存消耗：1,650.74kb] [文件加载：44]
[ error ] [8]未定义数组下标: 1

---------------------------------------------------------------
[ 2023-09-30T19:33:38+08:00 ] [ log ] www.at111.icu/99/index/open.html [运行时间：0.010656s][吞吐率：93.84req/s] [内存消耗：1,865.13kb] [文件加载：50]
[ error ] [8]未定义数组下标: 1

---------------------------------------------------------------
[ 2023-09-30T19:34:37+08:00 ] [ log ] www.at111.icu/99/ [运行时间：0.013515s][吞吐率：73.99req/s] [内存消耗：1,865.34kb] [文件加载：51]
[ error ] [8]未定义数组下标: 1

---------------------------------------------------------------
[ 2023-09-30T19:43:46+08:00 ] [ log ] www.at111.icu/99/ [运行时间：0.010844s][吞吐率：92.22req/s] [内存消耗：1,864.81kb] [文件加载：51]
[ error ] [8]未定义数组下标: 1

---------------------------------------------------------------
[ 2023-09-30T19:43:46+08:00 ] [ log ] www.at111.icu/99/favicon.ico [运行时间：0.014251s][吞吐率：70.17req/s] [内存消耗：1,650.74kb] [文件加载：44]
[ error ] [8]未定义数组下标: 1

---------------------------------------------------------------
[ 2023-09-30T19:43:48+08:00 ] [ log ] www.at111.icu/99/index/open.html [运行时间：0.023835s][吞吐率：41.96req/s] [内存消耗：1,865.13kb] [文件加载：50]
[ error ] [8]未定义数组下标: 1

---------------------------------------------------------------
[ 2023-09-30T19:44:50+08:00 ] [ log ] www.at111.icu/99/ [运行时间：0.011099s][吞吐率：90.10req/s] [内存消耗：1,865.34kb] [文件加载：51]
[ error ] [8]未定义数组下标: 1

---------------------------------------------------------------
[ 2023-09-30T19:47:47+08:00 ] [ log ] www.at111.icu/99/ [运行时间：0.014344s][吞吐率：69.72req/s] [内存消耗：1,864.81kb] [文件加载：51]
[ error ] [8]未定义数组下标: 1

---------------------------------------------------------------
[ 2023-09-30T19:47:48+08:00 ] [ log ] www.at111.icu/99/favicon.ico [运行时间：0.009615s][吞吐率：104.00req/s] [内存消耗：1,650.74kb] [文件加载：44]
[ error ] [8]未定义数组下标: 1

---------------------------------------------------------------
[ 2023-09-30T19:47:49+08:00 ] [ log ] www.at111.icu/99/index/open.html [运行时间：0.016022s][吞吐率：62.41req/s] [内存消耗：1,865.13kb] [文件加载：50]
[ error ] [8]未定义数组下标: 1

---------------------------------------------------------------
[ 2023-09-30T19:48:10+08:00 ] [ log ] www.at111.icu/99/ [运行时间：0.011346s][吞吐率：88.14req/s] [内存消耗：1,865.34kb] [文件加载：51]
[ error ] [8]未定义数组下标: 1

---------------------------------------------------------------
[ 2023-09-30T19:48:12+08:00 ] [ log ] www.at111.icu/99/favicon.ico [运行时间：0.035155s][吞吐率：28.45req/s] [内存消耗：1,650.74kb] [文件加载：44]
[ error ] [8]未定义数组下标: 1

---------------------------------------------------------------
[ 2023-09-30T19:48:14+08:00 ] [ log ] www.at111.icu/99/index/open.html [运行时间：0.011108s][吞吐率：90.02req/s] [内存消耗：1,865.13kb] [文件加载：50]
[ error ] [8]未定义数组下标: 1

---------------------------------------------------------------
[ 2023-09-30T19:50:39+08:00 ] [ log ] www.at111.icu/99/ [运行时间：0.037369s][吞吐率：26.76req/s] [内存消耗：1,865.34kb] [文件加载：51]
[ error ] [8]未定义数组下标: 1

---------------------------------------------------------------
[ 2023-09-30T19:52:07+08:00 ] [ log ] www.at111.icu/99/ [运行时间：0.015745s][吞吐率：63.51req/s] [内存消耗：1,864.81kb] [文件加载：51]
[ error ] [8]未定义数组下标: 1

---------------------------------------------------------------
[ 2023-09-30T19:52:12+08:00 ] [ log ] www.at111.icu/99/favicon.ico [运行时间：0.009361s][吞吐率：106.83req/s] [内存消耗：1,650.74kb] [文件加载：44]
[ error ] [8]未定义数组下标: 1

---------------------------------------------------------------
[ 2023-09-30T19:52:14+08:00 ] [ log ] www.at111.icu/99/index/open.html [运行时间：0.010668s][吞吐率：93.74req/s] [内存消耗：1,865.13kb] [文件加载：50]
[ error ] [8]未定义数组下标: 1

---------------------------------------------------------------
[ 2023-09-30T19:52:15+08:00 ] [ log ] www.at111.icu/99/favicon.ico [运行时间：0.009236s][吞吐率：108.27req/s] [内存消耗：1,650.74kb] [文件加载：44]
[ error ] [8]未定义数组下标: 1

---------------------------------------------------------------
[ 2023-09-30T19:53:14+08:00 ] [ log ] www.at111.icu/99/ [运行时间：0.031209s][吞吐率：32.04req/s] [内存消耗：1,864.81kb] [文件加载：51]
[ error ] [8]未定义数组下标: 1

---------------------------------------------------------------
[ 2023-09-30T19:53:14+08:00 ] [ log ] www.at111.icu/99/favicon.ico [运行时间：0.009235s][吞吐率：108.28req/s] [内存消耗：1,650.74kb] [文件加载：44]
[ error ] [8]未定义数组下标: 1

---------------------------------------------------------------
[ 2023-09-30T19:53:16+08:00 ] [ log ] www.at111.icu/99/index/open.html [运行时间：0.014842s][吞吐率：67.38req/s] [内存消耗：1,865.13kb] [文件加载：50]
[ error ] [8]未定义数组下标: 1

---------------------------------------------------------------
[ 2023-09-30T19:56:02+08:00 ] [ log ] www.at111.icu/99/ [运行时间：0.011175s][吞吐率：89.49req/s] [内存消耗：1,864.81kb] [文件加载：51]
[ error ] [8]未定义数组下标: 1

---------------------------------------------------------------
[ 2023-09-30T19:56:02+08:00 ] [ log ] www.at111.icu/99/favicon.ico [运行时间：0.016251s][吞吐率：61.53req/s] [内存消耗：1,650.74kb] [文件加载：44]
[ error ] [8]未定义数组下标: 1

---------------------------------------------------------------
[ 2023-09-30T19:56:04+08:00 ] [ log ] www.at111.icu/99/index/open.html [运行时间：0.010948s][吞吐率：91.34req/s] [内存消耗：1,865.13kb] [文件加载：50]
[ error ] [8]未定义数组下标: 1

---------------------------------------------------------------
[ 2023-09-30T20:14:18+08:00 ] [ log ] www.at111.icu/99/ [运行时间：0.034637s][吞吐率：28.87req/s] [内存消耗：1,864.81kb] [文件加载：51]
[ error ] [8]未定义数组下标: 1

---------------------------------------------------------------
[ 2023-09-30T20:14:19+08:00 ] [ log ] www.at111.icu/99/favicon.ico [运行时间：0.012929s][吞吐率：77.34req/s] [内存消耗：1,650.74kb] [文件加载：44]
[ error ] [8]未定义数组下标: 1

---------------------------------------------------------------
[ 2023-09-30T20:14:20+08:00 ] [ log ] www.at111.icu/99/index/open.html [运行时间：0.017417s][吞吐率：57.42req/s] [内存消耗：1,865.13kb] [文件加载：50]
[ error ] [8]未定义数组下标: 1

---------------------------------------------------------------
[ 2023-09-30T20:17:09+08:00 ] [ log ] www.at111.icu/99/ [运行时间：0.023825s][吞吐率：41.97req/s] [内存消耗：1,864.81kb] [文件加载：51]
[ error ] [8]未定义数组下标: 1

---------------------------------------------------------------
[ 2023-09-30T20:17:09+08:00 ] [ log ] www.at111.icu/99/favicon.ico [运行时间：0.009262s][吞吐率：107.97req/s] [内存消耗：1,650.74kb] [文件加载：44]
[ error ] [8]未定义数组下标: 1

---------------------------------------------------------------
[ 2023-09-30T20:17:11+08:00 ] [ log ] www.at111.icu/99/index/open.html [运行时间：0.020553s][吞吐率：48.65req/s] [内存消耗：1,865.13kb] [文件加载：50]
[ error ] [8]未定义数组下标: 1

---------------------------------------------------------------
[ 2023-09-30T20:20:29+08:00 ] [ log ] www.at111.icu/99/ [运行时间：0.023181s][吞吐率：43.14req/s] [内存消耗：1,864.81kb] [文件加载：51]
[ error ] [8]未定义数组下标: 1

---------------------------------------------------------------
[ 2023-09-30T20:20:30+08:00 ] [ log ] www.at111.icu/99/favicon.ico [运行时间：0.035178s][吞吐率：28.43req/s] [内存消耗：1,650.74kb] [文件加载：44]
[ error ] [8]未定义数组下标: 1

---------------------------------------------------------------
[ 2023-09-30T20:20:32+08:00 ] [ log ] www.at111.icu/99/index/open.html [运行时间：0.011396s][吞吐率：87.75req/s] [内存消耗：1,865.13kb] [文件加载：50]
[ error ] [8]未定义数组下标: 1

---------------------------------------------------------------
[ 2023-09-30T20:37:53+08:00 ] [ log ] www.at111.icu/99/123456789BB0$& [运行时间：0.013944s][吞吐率：71.71req/s] [内存消耗：1,650.73kb] [文件加载：44]
[ error ] [8]未定义数组下标: 1

---------------------------------------------------------------
[ 2023-09-30T20:44:36+08:00 ] [ log ] www.at111.icu/99/http:/ [运行时间：0.028729s][吞吐率：34.81req/s] [内存消耗：1,650.74kb] [文件加载：44]
[ error ] [8]未定义数组下标: 1

---------------------------------------------------------------
[ 2023-09-30T20:44:46+08:00 ] [ log ] www.at111.icu/99/?uc_sm=1 [运行时间：0.011109s][吞吐率：90.02req/s] [内存消耗：1,865.98kb] [文件加载：51]
[ error ] [8]未定义数组下标: 1

---------------------------------------------------------------
[ 2023-09-30T20:44:46+08:00 ] [ log ] www.at111.icu/99/ [运行时间：0.010742s][吞吐率：93.09req/s] [内存消耗：1,865.34kb] [文件加载：51]
[ error ] [8]未定义数组下标: 1

---------------------------------------------------------------
[ 2023-09-30T20:44:49+08:00 ] [ log ] www.at111.icu/99/favicon.ico [运行时间：0.034628s][吞吐率：28.88req/s] [内存消耗：1,650.74kb] [文件加载：44]
[ error ] [8]未定义数组下标: 1

---------------------------------------------------------------
[ 2023-09-30T20:44:52+08:00 ] [ log ] www.at111.icu/99/index/open.html [运行时间：0.010624s][吞吐率：94.13req/s] [内存消耗：1,865.13kb] [文件加载：50]
[ error ] [8]未定义数组下标: 1

---------------------------------------------------------------
[ 2023-09-30T20:49:11+08:00 ] [ log ] www.at111.icu/99/ [运行时间：0.015036s][吞吐率：66.51req/s] [内存消耗：1,865.34kb] [文件加载：51]
[ error ] [8]未定义数组下标: 1

---------------------------------------------------------------
[ 2023-09-30T20:49:12+08:00 ] [ log ] www.at111.icu/99/favicon.ico [运行时间：0.022416s][吞吐率：44.61req/s] [内存消耗：1,650.74kb] [文件加载：44]
[ error ] [8]未定义数组下标: 1

---------------------------------------------------------------
[ 2023-09-30T20:49:13+08:00 ] [ log ] www.at111.icu/99/index/open.html [运行时间：0.011490s][吞吐率：87.03req/s] [内存消耗：1,865.13kb] [文件加载：50]
[ error ] [8]未定义数组下标: 1

---------------------------------------------------------------
[ 2023-09-30T20:51:24+08:00 ] [ log ] www.at111.icu/99/ [运行时间：0.020814s][吞吐率：48.04req/s] [内存消耗：1,864.81kb] [文件加载：51]
[ error ] [8]未定义数组下标: 1

---------------------------------------------------------------
[ 2023-09-30T20:51:26+08:00 ] [ log ] www.at111.icu/99/ [运行时间：0.025145s][吞吐率：39.77req/s] [内存消耗：1,864.81kb] [文件加载：51]
[ error ] [8]未定义数组下标: 1

---------------------------------------------------------------
[ 2023-09-30T20:51:28+08:00 ] [ log ] www.at111.icu/99/favicon.ico [运行时间：0.009407s][吞吐率：106.31req/s] [内存消耗：1,650.74kb] [文件加载：44]
[ error ] [8]未定义数组下标: 1

---------------------------------------------------------------
[ 2023-09-30T20:51:29+08:00 ] [ log ] www.at111.icu/99/index/open.html [运行时间：0.012852s][吞吐率：77.81req/s] [内存消耗：1,865.13kb] [文件加载：50]
[ error ] [8]未定义数组下标: 1

---------------------------------------------------------------
[ 2023-09-30T20:53:19+08:00 ] [ log ] www.at111.icu/99/ [运行时间：0.011312s][吞吐率：88.40req/s] [内存消耗：1,864.81kb] [文件加载：51]
[ error ] [8]未定义数组下标: 1

---------------------------------------------------------------
[ 2023-09-30T20:53:20+08:00 ] [ log ] www.at111.icu/99/favicon.ico [运行时间：0.009599s][吞吐率：104.18req/s] [内存消耗：1,650.74kb] [文件加载：44]
[ error ] [8]未定义数组下标: 1

---------------------------------------------------------------
[ 2023-09-30T20:53:21+08:00 ] [ log ] www.at111.icu/99/index/open.html [运行时间：0.012197s][吞吐率：81.99req/s] [内存消耗：1,865.13kb] [文件加载：50]
[ error ] [8]未定义数组下标: 1

---------------------------------------------------------------
[ 2023-09-30T21:19:16+08:00 ] [ log ] www.at111.icu/99/ [运行时间：0.010766s][吞吐率：92.88req/s] [内存消耗：1,865.34kb] [文件加载：51]
[ error ] [8]未定义数组下标: 1

---------------------------------------------------------------
[ 2023-09-30T21:19:17+08:00 ] [ log ] www.at111.icu/99/favicon.ico [运行时间：0.034953s][吞吐率：28.61req/s] [内存消耗：1,650.74kb] [文件加载：44]
[ error ] [8]未定义数组下标: 1

---------------------------------------------------------------
[ 2023-09-30T21:19:20+08:00 ] [ log ] www.at111.icu/99/index/open.html [运行时间：0.023379s][吞吐率：42.77req/s] [内存消耗：1,865.13kb] [文件加载：50]
[ error ] [8]未定义数组下标: 1

---------------------------------------------------------------
[ 2023-09-30T21:33:06+08:00 ] [ log ] www.at111.icu/99/ [运行时间：0.010856s][吞吐率：92.12req/s] [内存消耗：1,865.34kb] [文件加载：51]
[ error ] [8]未定义数组下标: 1

---------------------------------------------------------------
[ 2023-09-30T21:33:08+08:00 ] [ log ] www.at111.icu/99/index/open.html [运行时间：0.014098s][吞吐率：70.93req/s] [内存消耗：1,865.13kb] [文件加载：50]
[ error ] [8]未定义数组下标: 1

---------------------------------------------------------------
[ 2023-09-30T22:15:50+08:00 ] [ log ] www.at111.icu/99/ [运行时间：0.010698s][吞吐率：93.47req/s] [内存消耗：1,857.64kb] [文件加载：48]
[ error ] [8]Undefined offset: 1

---------------------------------------------------------------
[ 2023-09-30T22:33:53+08:00 ] [ log ] www.at111.icu/99/ [运行时间：0.010650s][吞吐率：93.90req/s] [内存消耗：1,857.64kb] [文件加载：48]
[ error ] [8]Undefined offset: 1

---------------------------------------------------------------
[ 2023-09-30T22:33:55+08:00 ] [ log ] www.at111.icu/99/favicon.ico [运行时间：0.009687s][吞吐率：103.23req/s] [内存消耗：1,643.13kb] [文件加载：42]
[ error ] [8]Undefined offset: 1

---------------------------------------------------------------
