[ 2023-08-02T04:17:52+08:00 ] [ log ] asd123111.icu/99/ [运行时间：0.032459s][吞吐率：30.81req/s] [内存消耗：1,865.34kb] [文件加载：51]
[ error ] [8]未定义数组下标: 1

---------------------------------------------------------------
[ 2023-08-02T04:17:53+08:00 ] [ log ] asd123111.icu/99/favicon.ico [运行时间：0.010129s][吞吐率：98.73req/s] [内存消耗：1,650.74kb] [文件加载：44]
[ error ] [8]未定义数组下标: 1

---------------------------------------------------------------
[ 2023-08-02T04:17:56+08:00 ] [ log ] asd123111.icu/99/index/open.html [运行时间：0.010635s][吞吐率：94.03req/s] [内存消耗：1,865.13kb] [文件加载：50]
[ error ] [8]未定义数组下标: 1

---------------------------------------------------------------
[ 2023-08-02T07:07:29+08:00 ] [ log ] asd181818.icu/99/ [运行时间：0.014366s][吞吐率：69.61req/s] [内存消耗：1,865.34kb] [文件加载：51]
[ error ] [8]未定义数组下标: 1

---------------------------------------------------------------
[ 2023-08-02T07:07:32+08:00 ] [ log ] asd181818.icu/99/favicon.ico [运行时间：0.009563s][吞吐率：104.57req/s] [内存消耗：1,650.74kb] [文件加载：44]
[ error ] [8]未定义数组下标: 1

---------------------------------------------------------------
[ 2023-08-02T07:07:34+08:00 ] [ log ] asd181818.icu/99/index/open.html [运行时间：0.039601s][吞吐率：25.25req/s] [内存消耗：1,865.13kb] [文件加载：50]
[ error ] [8]未定义数组下标: 1

---------------------------------------------------------------
[ 2023-08-02T09:55:10+08:00 ] [ log ] asd123111.icu/99/ [运行时间：0.010992s][吞吐率：90.97req/s] [内存消耗：1,865.34kb] [文件加载：51]
[ error ] [8]未定义数组下标: 1

---------------------------------------------------------------
[ 2023-08-02T09:55:10+08:00 ] [ log ] asd123111.icu/99/ [运行时间：0.016168s][吞吐率：61.85req/s] [内存消耗：1,865.34kb] [文件加载：51]
[ error ] [8]未定义数组下标: 1

---------------------------------------------------------------
[ 2023-08-02T09:55:15+08:00 ] [ log ] asd123111.icu/99/favicon.ico [运行时间：0.009814s][吞吐率：101.90req/s] [内存消耗：1,650.74kb] [文件加载：44]
[ error ] [8]未定义数组下标: 1

---------------------------------------------------------------
[ 2023-08-02T09:55:17+08:00 ] [ log ] asd123111.icu/99/index/open.html [运行时间：0.010849s][吞吐率：92.17req/s] [内存消耗：1,865.13kb] [文件加载：50]
[ error ] [8]未定义数组下标: 1

---------------------------------------------------------------
[ 2023-08-02T09:56:09+08:00 ] [ log ] asd123111.icu/99/ [运行时间：0.011542s][吞吐率：86.64req/s] [内存消耗：1,864.81kb] [文件加载：51]
[ error ] [8]未定义数组下标: 1

---------------------------------------------------------------
[ 2023-08-02T10:42:49+08:00 ] [ log ] asd123111.icu/99/ [运行时间：0.010975s][吞吐率：91.12req/s] [内存消耗：1,864.81kb] [文件加载：51]
[ error ] [8]未定义数组下标: 1

---------------------------------------------------------------
[ 2023-08-02T10:42:51+08:00 ] [ log ] asd123111.icu/99/favicon.ico [运行时间：0.010028s][吞吐率：99.72req/s] [内存消耗：1,650.74kb] [文件加载：44]
[ error ] [8]未定义数组下标: 1

---------------------------------------------------------------
[ 2023-08-02T10:42:52+08:00 ] [ log ] asd123111.icu/99/index/open.html [运行时间：0.011555s][吞吐率：86.54req/s] [内存消耗：1,865.13kb] [文件加载：50]
[ error ] [8]未定义数组下标: 1

---------------------------------------------------------------
[ 2023-08-02T11:05:36+08:00 ] [ log ] asd123111.icu/99/ [运行时间：0.040371s][吞吐率：24.77req/s] [内存消耗：1,865.34kb] [文件加载：51]
[ error ] [8]未定义数组下标: 1

---------------------------------------------------------------
[ 2023-08-02T11:05:36+08:00 ] [ log ] asd123111.icu/99/?uc_sm=1 [运行时间：0.018782s][吞吐率：53.24req/s] [内存消耗：1,865.98kb] [文件加载：51]
[ error ] [8]未定义数组下标: 1

---------------------------------------------------------------
[ 2023-08-02T11:05:37+08:00 ] [ log ] asd123111.icu/99/favicon.ico [运行时间：0.009416s][吞吐率：106.20req/s] [内存消耗：1,650.74kb] [文件加载：44]
[ error ] [8]未定义数组下标: 1

---------------------------------------------------------------
[ 2023-08-02T11:05:40+08:00 ] [ log ] asd123111.icu/99/index/open.html [运行时间：0.010953s][吞吐率：91.30req/s] [内存消耗：1,865.13kb] [文件加载：50]
[ error ] [8]未定义数组下标: 1

---------------------------------------------------------------
[ 2023-08-02T12:07:07+08:00 ] [ log ] asd181818.icu/99/ [运行时间：0.010814s][吞吐率：92.47req/s] [内存消耗：1,865.34kb] [文件加载：51]
[ error ] [8]未定义数组下标: 1

---------------------------------------------------------------
[ 2023-08-02T12:07:08+08:00 ] [ log ] asd181818.icu/99/favicon.ico [运行时间：0.009530s][吞吐率：104.93req/s] [内存消耗：1,650.74kb] [文件加载：44]
[ error ] [8]未定义数组下标: 1

---------------------------------------------------------------
[ 2023-08-02T12:07:10+08:00 ] [ log ] asd181818.icu/99/index/open.html [运行时间：0.022792s][吞吐率：43.87req/s] [内存消耗：1,865.13kb] [文件加载：50]
[ error ] [8]未定义数组下标: 1

---------------------------------------------------------------
[ 2023-08-02T12:10:31+08:00 ] [ log ] asd123111.icu/99/ [运行时间：0.033778s][吞吐率：29.61req/s] [内存消耗：1,865.34kb] [文件加载：51]
[ error ] [8]未定义数组下标: 1

---------------------------------------------------------------
[ 2023-08-02T12:10:31+08:00 ] [ log ] asd123111.icu/99/?uc_sm=1 [运行时间：0.021038s][吞吐率：47.53req/s] [内存消耗：1,865.98kb] [文件加载：51]
[ error ] [8]未定义数组下标: 1

---------------------------------------------------------------
[ 2023-08-02T12:10:32+08:00 ] [ log ] asd123111.icu/99/favicon.ico [运行时间：0.021233s][吞吐率：47.10req/s] [内存消耗：1,650.74kb] [文件加载：44]
[ error ] [8]未定义数组下标: 1

---------------------------------------------------------------
[ 2023-08-02T12:10:34+08:00 ] [ log ] asd123111.icu/99/index/open.html [运行时间：0.010803s][吞吐率：92.57req/s] [内存消耗：1,865.13kb] [文件加载：50]
[ error ] [8]未定义数组下标: 1

---------------------------------------------------------------
[ 2023-08-02T12:51:10+08:00 ] [ log ] asd123111.icu/99/ [运行时间：0.040063s][吞吐率：24.96req/s] [内存消耗：1,865.34kb] [文件加载：51]
[ error ] [8]未定义数组下标: 1

---------------------------------------------------------------
[ 2023-08-02T12:51:11+08:00 ] [ log ] asd123111.icu/99/favicon.ico [运行时间：0.009979s][吞吐率：100.21req/s] [内存消耗：1,650.74kb] [文件加载：44]
[ error ] [8]未定义数组下标: 1

---------------------------------------------------------------
[ 2023-08-02T12:51:14+08:00 ] [ log ] asd123111.icu/99/index/open.html [运行时间：0.026407s][吞吐率：37.87req/s] [内存消耗：1,865.13kb] [文件加载：50]
[ error ] [8]未定义数组下标: 1

---------------------------------------------------------------
[ 2023-08-02T12:51:57+08:00 ] [ log ] asd123111.icu/99/ [运行时间：0.011217s][吞吐率：89.15req/s] [内存消耗：1,864.81kb] [文件加载：51]
[ error ] [8]未定义数组下标: 1

---------------------------------------------------------------
[ 2023-08-02T13:27:25+08:00 ] [ log ] asd181818.icu/99/ [运行时间：0.011831s][吞吐率：84.52req/s] [内存消耗：1,865.34kb] [文件加载：51]
[ error ] [8]未定义数组下标: 1

---------------------------------------------------------------
[ 2023-08-02T13:27:26+08:00 ] [ log ] asd181818.icu/99/favicon.ico [运行时间：0.009936s][吞吐率：100.65req/s] [内存消耗：1,650.74kb] [文件加载：44]
[ error ] [8]未定义数组下标: 1

---------------------------------------------------------------
[ 2023-08-02T13:27:28+08:00 ] [ log ] asd181818.icu/99/index/open.html [运行时间：0.011059s][吞吐率：90.42req/s] [内存消耗：1,865.13kb] [文件加载：50]
[ error ] [8]未定义数组下标: 1

---------------------------------------------------------------
[ 2023-08-02T14:25:18+08:00 ] [ log ] asd123111.icu/99/?uc_sm=1 [运行时间：0.026383s][吞吐率：37.90req/s] [内存消耗：1,865.98kb] [文件加载：51]
[ error ] [8]未定义数组下标: 1

---------------------------------------------------------------
[ 2023-08-02T14:25:18+08:00 ] [ log ] asd123111.icu/99/ [运行时间：0.016437s][吞吐率：60.84req/s] [内存消耗：1,865.34kb] [文件加载：51]
[ error ] [8]未定义数组下标: 1

---------------------------------------------------------------
[ 2023-08-02T14:25:20+08:00 ] [ log ] asd123111.icu/99/favicon.ico [运行时间：0.016444s][吞吐率：60.81req/s] [内存消耗：1,650.74kb] [文件加载：44]
[ error ] [8]未定义数组下标: 1

---------------------------------------------------------------
[ 2023-08-02T14:25:22+08:00 ] [ log ] asd123111.icu/99/index/open.html [运行时间：0.010821s][吞吐率：92.41req/s] [内存消耗：1,865.13kb] [文件加载：50]
[ error ] [8]未定义数组下标: 1

---------------------------------------------------------------
[ 2023-08-02T16:02:48+08:00 ] [ log ] asd123111.icu/99/ [运行时间：0.016608s][吞吐率：60.21req/s] [内存消耗：1,865.34kb] [文件加载：51]
[ error ] [8]未定义数组下标: 1

---------------------------------------------------------------
[ 2023-08-02T16:02:49+08:00 ] [ log ] asd123111.icu/99/favicon.ico [运行时间：0.026639s][吞吐率：37.54req/s] [内存消耗：1,650.74kb] [文件加载：44]
[ error ] [8]未定义数组下标: 1

---------------------------------------------------------------
[ 2023-08-02T16:02:51+08:00 ] [ log ] asd123111.icu/99/index/open.html [运行时间：0.015389s][吞吐率：64.98req/s] [内存消耗：1,865.13kb] [文件加载：50]
[ error ] [8]未定义数组下标: 1

---------------------------------------------------------------
[ 2023-08-02T16:05:27+08:00 ] [ log ] asd123111.icu/99/ [运行时间：0.010882s][吞吐率：91.90req/s] [内存消耗：1,864.81kb] [文件加载：51]
[ error ] [8]未定义数组下标: 1

---------------------------------------------------------------
[ 2023-08-02T16:05:28+08:00 ] [ log ] asd123111.icu/99/ [运行时间：0.011650s][吞吐率：85.84req/s] [内存消耗：1,864.81kb] [文件加载：51]
[ error ] [8]未定义数组下标: 1

---------------------------------------------------------------
[ 2023-08-02T16:05:34+08:00 ] [ log ] asd123111.icu/99/index/open.html [运行时间：0.014337s][吞吐率：69.75req/s] [内存消耗：1,865.13kb] [文件加载：50]
[ error ] [8]未定义数组下标: 1

---------------------------------------------------------------
[ 2023-08-02T16:05:58+08:00 ] [ log ] asd123111.icu/99/ [运行时间：0.011846s][吞吐率：84.42req/s] [内存消耗：1,864.81kb] [文件加载：51]
[ error ] [8]未定义数组下标: 1

---------------------------------------------------------------
[ 2023-08-02T16:06:02+08:00 ] [ log ] asd123111.icu/99/index/open.html [运行时间：0.011250s][吞吐率：88.89req/s] [内存消耗：1,865.13kb] [文件加载：50]
[ error ] [8]未定义数组下标: 1

---------------------------------------------------------------
[ 2023-08-02T16:06:08+08:00 ] [ log ] asd123111.icu/99/ [运行时间：0.038923s][吞吐率：25.69req/s] [内存消耗：1,864.81kb] [文件加载：51]
[ error ] [8]未定义数组下标: 1

---------------------------------------------------------------
[ 2023-08-02T16:16:09+08:00 ] [ log ] asd123111.icu/99/ [运行时间：0.016473s][吞吐率：60.71req/s] [内存消耗：1,864.81kb] [文件加载：51]
[ error ] [8]未定义数组下标: 1

---------------------------------------------------------------
[ 2023-08-02T16:16:10+08:00 ] [ log ] asd123111.icu/99/favicon.ico [运行时间：0.009485s][吞吐率：105.43req/s] [内存消耗：1,650.74kb] [文件加载：44]
[ error ] [8]未定义数组下标: 1

---------------------------------------------------------------
[ 2023-08-02T16:16:11+08:00 ] [ log ] asd123111.icu/99/index/open.html [运行时间：0.013975s][吞吐率：71.56req/s] [内存消耗：1,865.13kb] [文件加载：50]
[ error ] [8]未定义数组下标: 1

---------------------------------------------------------------
[ 2023-08-02T16:32:14+08:00 ] [ log ] asd123111.icu/99/ [运行时间：0.010748s][吞吐率：93.04req/s] [内存消耗：1,865.34kb] [文件加载：51]
[ error ] [8]未定义数组下标: 1

---------------------------------------------------------------
[ 2023-08-02T16:32:24+08:00 ] [ log ] asd123111.icu/99/favicon.ico [运行时间：0.012445s][吞吐率：80.35req/s] [内存消耗：1,650.74kb] [文件加载：44]
[ error ] [8]未定义数组下标: 1

---------------------------------------------------------------
[ 2023-08-02T16:32:26+08:00 ] [ log ] asd123111.icu/99/index/open.html [运行时间：0.037840s][吞吐率：26.43req/s] [内存消耗：1,865.13kb] [文件加载：50]
[ error ] [8]未定义数组下标: 1

---------------------------------------------------------------
[ 2023-08-02T16:33:46+08:00 ] [ log ] asd123111.icu/99/ [运行时间：0.041413s][吞吐率：24.15req/s] [内存消耗：1,864.81kb] [文件加载：51]
[ error ] [8]未定义数组下标: 1

---------------------------------------------------------------
[ 2023-08-02T16:33:48+08:00 ] [ log ] asd123111.icu/99/favicon.ico [运行时间：0.009284s][吞吐率：107.71req/s] [内存消耗：1,650.74kb] [文件加载：44]
[ error ] [8]未定义数组下标: 1

---------------------------------------------------------------
[ 2023-08-02T16:33:49+08:00 ] [ log ] asd123111.icu/99/index/open.html [运行时间：0.010902s][吞吐率：91.73req/s] [内存消耗：1,865.13kb] [文件加载：50]
[ error ] [8]未定义数组下标: 1

---------------------------------------------------------------
[ 2023-08-02T16:35:19+08:00 ] [ log ] asd181818.icu/99/ [运行时间：0.013065s][吞吐率：76.54req/s] [内存消耗：1,865.34kb] [文件加载：51]
[ error ] [8]未定义数组下标: 1

---------------------------------------------------------------
[ 2023-08-02T16:35:20+08:00 ] [ log ] asd181818.icu/99/favicon.ico [运行时间：0.035454s][吞吐率：28.21req/s] [内存消耗：1,650.74kb] [文件加载：44]
[ error ] [8]未定义数组下标: 1

---------------------------------------------------------------
[ 2023-08-02T16:35:22+08:00 ] [ log ] asd181818.icu/99/index/open.html [运行时间：0.011416s][吞吐率：87.60req/s] [内存消耗：1,865.13kb] [文件加载：50]
[ error ] [8]未定义数组下标: 1

---------------------------------------------------------------
[ 2023-08-02T16:52:38+08:00 ] [ log ] asd123111.icu/99/?uc_sm=1 [运行时间：0.010905s][吞吐率：91.70req/s] [内存消耗：1,865.98kb] [文件加载：51]
[ error ] [8]未定义数组下标: 1

---------------------------------------------------------------
[ 2023-08-02T16:52:38+08:00 ] [ log ] asd123111.icu/99/ [运行时间：0.010727s][吞吐率：93.22req/s] [内存消耗：1,865.34kb] [文件加载：51]
[ error ] [8]未定义数组下标: 1

---------------------------------------------------------------
[ 2023-08-02T16:52:39+08:00 ] [ log ] asd123111.icu/99/favicon.ico [运行时间：0.009572s][吞吐率：104.47req/s] [内存消耗：1,650.74kb] [文件加载：44]
[ error ] [8]未定义数组下标: 1

---------------------------------------------------------------
[ 2023-08-02T16:52:41+08:00 ] [ log ] asd123111.icu/99/index/open.html [运行时间：0.014795s][吞吐率：67.59req/s] [内存消耗：1,865.13kb] [文件加载：50]
[ error ] [8]未定义数组下标: 1

---------------------------------------------------------------
[ 2023-08-02T16:55:29+08:00 ] [ log ] asd123111.icu/99/?uc_sm=1 [运行时间：0.013793s][吞吐率：72.50req/s] [内存消耗：1,865.45kb] [文件加载：51]
[ error ] [8]未定义数组下标: 1

---------------------------------------------------------------
[ 2023-08-02T16:55:29+08:00 ] [ log ] asd123111.icu/99/ [运行时间：0.010794s][吞吐率：92.64req/s] [内存消耗：1,864.81kb] [文件加载：51]
[ error ] [8]未定义数组下标: 1

---------------------------------------------------------------
[ 2023-08-02T16:55:30+08:00 ] [ log ] asd123111.icu/99/favicon.ico [运行时间：0.009618s][吞吐率：103.97req/s] [内存消耗：1,650.74kb] [文件加载：44]
[ error ] [8]未定义数组下标: 1

---------------------------------------------------------------
[ 2023-08-02T16:55:32+08:00 ] [ log ] asd123111.icu/99/index/open.html [运行时间：0.011416s][吞吐率：87.60req/s] [内存消耗：1,865.13kb] [文件加载：50]
[ error ] [8]未定义数组下标: 1

---------------------------------------------------------------
[ 2023-08-02T17:13:26+08:00 ] [ log ] asd123111.icu/99/ [运行时间：0.011497s][吞吐率：86.98req/s] [内存消耗：1,865.34kb] [文件加载：51]
[ error ] [8]未定义数组下标: 1

---------------------------------------------------------------
[ 2023-08-02T17:13:26+08:00 ] [ log ] asd123111.icu/99/favicon.ico [运行时间：0.009811s][吞吐率：101.93req/s] [内存消耗：1,650.74kb] [文件加载：44]
[ error ] [8]未定义数组下标: 1

---------------------------------------------------------------
[ 2023-08-02T17:13:28+08:00 ] [ log ] asd123111.icu/99/index/open.html [运行时间：0.040575s][吞吐率：24.65req/s] [内存消耗：1,865.13kb] [文件加载：50]
[ error ] [8]未定义数组下标: 1

---------------------------------------------------------------
[ 2023-08-02T17:13:45+08:00 ] [ log ] asd123111.icu/99/ [运行时间：0.011221s][吞吐率：89.12req/s] [内存消耗：1,864.81kb] [文件加载：51]
[ error ] [8]未定义数组下标: 1

---------------------------------------------------------------
[ 2023-08-02T17:14:10+08:00 ] [ log ] asd123111.icu/99/index/open.html [运行时间：0.018009s][吞吐率：55.53req/s] [内存消耗：1,865.13kb] [文件加载：50]
[ error ] [8]未定义数组下标: 1

---------------------------------------------------------------
[ 2023-08-02T17:14:35+08:00 ] [ log ] asd123111.icu/99/ [运行时间：0.014896s][吞吐率：67.13req/s] [内存消耗：1,864.81kb] [文件加载：51]
[ error ] [8]未定义数组下标: 1

---------------------------------------------------------------
[ 2023-08-02T17:14:37+08:00 ] [ log ] asd123111.icu/99/index/open.html [运行时间：0.010807s][吞吐率：92.53req/s] [内存消耗：1,865.13kb] [文件加载：50]
[ error ] [8]未定义数组下标: 1

---------------------------------------------------------------
[ 2023-08-02T17:42:57+08:00 ] [ log ] asd123111.icu/99/ [运行时间：0.010823s][吞吐率：92.40req/s] [内存消耗：1,864.81kb] [文件加载：51]
[ error ] [8]未定义数组下标: 1

---------------------------------------------------------------
[ 2023-08-02T17:42:59+08:00 ] [ log ] asd123111.icu/99/favicon.ico [运行时间：0.016020s][吞吐率：62.42req/s] [内存消耗：1,650.74kb] [文件加载：44]
[ error ] [8]未定义数组下标: 1

---------------------------------------------------------------
[ 2023-08-02T17:43:00+08:00 ] [ log ] asd123111.icu/99/index/open.html [运行时间：0.017185s][吞吐率：58.19req/s] [内存消耗：1,865.13kb] [文件加载：50]
[ error ] [8]未定义数组下标: 1

---------------------------------------------------------------
[ 2023-08-02T18:11:46+08:00 ] [ log ] asd123111.icu/99/ [运行时间：0.025702s][吞吐率：38.91req/s] [内存消耗：1,864.81kb] [文件加载：51]
[ error ] [8]未定义数组下标: 1

---------------------------------------------------------------
[ 2023-08-02T18:11:46+08:00 ] [ log ] asd123111.icu/99/favicon.ico [运行时间：0.009246s][吞吐率：108.16req/s] [内存消耗：1,650.74kb] [文件加载：44]
[ error ] [8]未定义数组下标: 1

---------------------------------------------------------------
[ 2023-08-02T18:11:48+08:00 ] [ log ] asd123111.icu/99/index/open.html [运行时间：0.013796s][吞吐率：72.48req/s] [内存消耗：1,865.13kb] [文件加载：50]
[ error ] [8]未定义数组下标: 1

---------------------------------------------------------------
[ 2023-08-02T18:12:16+08:00 ] [ log ] asd123111.icu/99/ [运行时间：0.010843s][吞吐率：92.23req/s] [内存消耗：1,864.81kb] [文件加载：51]
[ error ] [8]未定义数组下标: 1

---------------------------------------------------------------
[ 2023-08-02T18:12:19+08:00 ] [ log ] asd123111.icu/99/index/open.html [运行时间：0.010798s][吞吐率：92.61req/s] [内存消耗：1,865.13kb] [文件加载：50]
[ error ] [8]未定义数组下标: 1

---------------------------------------------------------------
[ 2023-08-02T18:31:15+08:00 ] [ log ] asd123111.icu/99/ [运行时间：0.011334s][吞吐率：88.23req/s] [内存消耗：1,865.34kb] [文件加载：51]
[ error ] [8]未定义数组下标: 1

---------------------------------------------------------------
[ 2023-08-02T18:31:15+08:00 ] [ log ] asd123111.icu/99/?uc_sm=1 [运行时间：0.010657s][吞吐率：93.83req/s] [内存消耗：1,865.98kb] [文件加载：51]
[ error ] [8]未定义数组下标: 1

---------------------------------------------------------------
[ 2023-08-02T18:31:15+08:00 ] [ log ] asd123111.icu/99/favicon.ico [运行时间：0.010983s][吞吐率：91.05req/s] [内存消耗：1,650.74kb] [文件加载：44]
[ error ] [8]未定义数组下标: 1

---------------------------------------------------------------
[ 2023-08-02T18:31:21+08:00 ] [ log ] asd123111.icu/99/index/open.html [运行时间：0.013858s][吞吐率：72.16req/s] [内存消耗：1,865.13kb] [文件加载：50]
[ error ] [8]未定义数组下标: 1

---------------------------------------------------------------
[ 2023-08-02T18:36:11+08:00 ] [ log ] asd181818.icu/99/ [运行时间：0.015167s][吞吐率：65.93req/s] [内存消耗：1,865.34kb] [文件加载：51]
[ error ] [8]未定义数组下标: 1

---------------------------------------------------------------
[ 2023-08-02T18:36:13+08:00 ] [ log ] asd181818.icu/99/favicon.ico [运行时间：0.010306s][吞吐率：97.03req/s] [内存消耗：1,650.74kb] [文件加载：44]
[ error ] [8]未定义数组下标: 1

---------------------------------------------------------------
[ 2023-08-02T18:36:15+08:00 ] [ log ] asd181818.icu/99/index/open.html [运行时间：0.040277s][吞吐率：24.83req/s] [内存消耗：1,865.13kb] [文件加载：50]
[ error ] [8]未定义数组下标: 1

---------------------------------------------------------------
[ 2023-08-02T19:01:36+08:00 ] [ log ] asd123111.icu/99/ [运行时间：0.018917s][吞吐率：52.86req/s] [内存消耗：1,865.34kb] [文件加载：51]
[ error ] [8]未定义数组下标: 1

---------------------------------------------------------------
[ 2023-08-02T19:01:37+08:00 ] [ log ] asd123111.icu/99/favicon.ico [运行时间：0.013702s][吞吐率：72.98req/s] [内存消耗：1,650.74kb] [文件加载：44]
[ error ] [8]未定义数组下标: 1

---------------------------------------------------------------
[ 2023-08-02T19:01:39+08:00 ] [ log ] asd123111.icu/99/index/open.html [运行时间：0.011400s][吞吐率：87.72req/s] [内存消耗：1,865.13kb] [文件加载：50]
[ error ] [8]未定义数组下标: 1

---------------------------------------------------------------
[ 2023-08-02T19:01:59+08:00 ] [ log ] asd123111.icu/99/ [运行时间：0.040633s][吞吐率：24.61req/s] [内存消耗：1,864.81kb] [文件加载：51]
[ error ] [8]未定义数组下标: 1

---------------------------------------------------------------
[ 2023-08-02T19:31:39+08:00 ] [ log ] asd123111.icu/99/ [运行时间：0.016711s][吞吐率：59.84req/s] [内存消耗：1,865.34kb] [文件加载：51]
[ error ] [8]未定义数组下标: 1

---------------------------------------------------------------
[ 2023-08-02T19:31:47+08:00 ] [ log ] asd123111.icu/99/index/open.html [运行时间：0.014286s][吞吐率：70.00req/s] [内存消耗：1,865.13kb] [文件加载：50]
[ error ] [8]未定义数组下标: 1

---------------------------------------------------------------
[ 2023-08-02T19:37:24+08:00 ] [ log ] asd123111.icu/99/ [运行时间：0.011880s][吞吐率：84.18req/s] [内存消耗：1,864.81kb] [文件加载：51]
[ error ] [8]未定义数组下标: 1

---------------------------------------------------------------
[ 2023-08-02T19:37:25+08:00 ] [ log ] asd123111.icu/99/favicon.ico [运行时间：0.010422s][吞吐率：95.95req/s] [内存消耗：1,650.74kb] [文件加载：44]
[ error ] [8]未定义数组下标: 1

---------------------------------------------------------------
[ 2023-08-02T19:37:27+08:00 ] [ log ] asd123111.icu/99/index/open.html [运行时间：0.019242s][吞吐率：51.97req/s] [内存消耗：1,865.13kb] [文件加载：50]
[ error ] [8]未定义数组下标: 1

---------------------------------------------------------------
[ 2023-08-02T19:38:13+08:00 ] [ log ] asd123111.icu/99/ [运行时间：0.011009s][吞吐率：90.83req/s] [内存消耗：1,864.81kb] [文件加载：51]
[ error ] [8]未定义数组下标: 1

---------------------------------------------------------------
[ 2023-08-02T19:39:05+08:00 ] [ log ] asd123111.icu/99/index/open.html [运行时间：0.011216s][吞吐率：89.16req/s] [内存消耗：1,865.13kb] [文件加载：50]
[ error ] [8]未定义数组下标: 1

---------------------------------------------------------------
[ 2023-08-02T19:39:06+08:00 ] [ log ] asd123111.icu/99/ [运行时间：0.034044s][吞吐率：29.37req/s] [内存消耗：1,864.81kb] [文件加载：51]
[ error ] [8]未定义数组下标: 1

---------------------------------------------------------------
[ 2023-08-02T19:46:43+08:00 ] [ log ] asd123111.icu/99/?uc_sm=1 [运行时间：0.017661s][吞吐率：56.62req/s] [内存消耗：1,865.98kb] [文件加载：51]
[ error ] [8]未定义数组下标: 1

---------------------------------------------------------------
[ 2023-08-02T19:46:43+08:00 ] [ log ] asd123111.icu/99/ [运行时间：0.011106s][吞吐率：90.04req/s] [内存消耗：1,865.34kb] [文件加载：51]
[ error ] [8]未定义数组下标: 1

---------------------------------------------------------------
[ 2023-08-02T19:46:44+08:00 ] [ log ] asd123111.icu/99/favicon.ico [运行时间：0.014339s][吞吐率：69.74req/s] [内存消耗：1,650.74kb] [文件加载：44]
[ error ] [8]未定义数组下标: 1

---------------------------------------------------------------
[ 2023-08-02T19:46:46+08:00 ] [ log ] asd123111.icu/99/index/open.html [运行时间：0.011372s][吞吐率：87.93req/s] [内存消耗：1,865.13kb] [文件加载：50]
[ error ] [8]未定义数组下标: 1

---------------------------------------------------------------
[ 2023-08-02T20:42:54+08:00 ] [ log ] asd181818.icu/99/ [运行时间：0.033313s][吞吐率：30.02req/s] [内存消耗：1,864.84kb] [文件加载：51]
[ error ] [8]未定义数组下标: 1

---------------------------------------------------------------
