[ 2023-08-03T07:56:08+08:00 ] [ log ] asd282828.icu/99/ [运行时间：0.011391s][吞吐率：87.79req/s] [内存消耗：1,865.34kb] [文件加载：51]
[ error ] [8]未定义数组下标: 1

---------------------------------------------------------------
[ 2023-08-03T07:56:09+08:00 ] [ log ] asd282828.icu/99/favicon.ico [运行时间：0.011047s][吞吐率：90.52req/s] [内存消耗：1,650.74kb] [文件加载：44]
[ error ] [8]未定义数组下标: 1

---------------------------------------------------------------
[ 2023-08-03T07:56:10+08:00 ] [ log ] asd282828.icu/99/index/open.html [运行时间：0.017043s][吞吐率：58.68req/s] [内存消耗：1,865.13kb] [文件加载：50]
[ error ] [8]未定义数组下标: 1

---------------------------------------------------------------
[ 2023-08-03T07:56:31+08:00 ] [ log ] asd282828.icu/99/ [运行时间：0.015869s][吞吐率：63.02req/s] [内存消耗：1,864.81kb] [文件加载：51]
[ error ] [8]未定义数组下标: 1

---------------------------------------------------------------
[ 2023-08-03T07:56:32+08:00 ] [ log ] asd282828.icu/99/favicon.ico [运行时间：0.009536s][吞吐率：104.87req/s] [内存消耗：1,650.74kb] [文件加载：44]
[ error ] [8]未定义数组下标: 1

---------------------------------------------------------------
[ 2023-08-03T07:56:34+08:00 ] [ log ] asd282828.icu/99/index/open.html [运行时间：0.014383s][吞吐率：69.53req/s] [内存消耗：1,865.13kb] [文件加载：50]
[ error ] [8]未定义数组下标: 1

---------------------------------------------------------------
[ 2023-08-03T07:57:39+08:00 ] [ log ] asd123111.icu/99/ [运行时间：0.011624s][吞吐率：86.03req/s] [内存消耗：1,865.34kb] [文件加载：51]
[ error ] [8]未定义数组下标: 1

---------------------------------------------------------------
[ 2023-08-03T07:57:47+08:00 ] [ log ] asd123111.icu/99/favicon.ico [运行时间：0.009418s][吞吐率：106.18req/s] [内存消耗：1,650.74kb] [文件加载：44]
[ error ] [8]未定义数组下标: 1

---------------------------------------------------------------
[ 2023-08-03T07:57:49+08:00 ] [ log ] asd123111.icu/99/index/open.html [运行时间：0.015028s][吞吐率：66.54req/s] [内存消耗：1,865.13kb] [文件加载：50]
[ error ] [8]未定义数组下标: 1

---------------------------------------------------------------
[ 2023-08-03T08:16:23+08:00 ] [ log ] asd123111.icu/99/ [运行时间：0.010949s][吞吐率：91.33req/s] [内存消耗：1,864.81kb] [文件加载：51]
[ error ] [8]未定义数组下标: 1

---------------------------------------------------------------
[ 2023-08-03T08:16:25+08:00 ] [ log ] asd123111.icu/99/favicon.ico [运行时间：0.009320s][吞吐率：107.30req/s] [内存消耗：1,650.74kb] [文件加载：44]
[ error ] [8]未定义数组下标: 1

---------------------------------------------------------------
[ 2023-08-03T08:16:27+08:00 ] [ log ] asd123111.icu/99/index/open.html [运行时间：0.010820s][吞吐率：92.42req/s] [内存消耗：1,865.13kb] [文件加载：50]
[ error ] [8]未定义数组下标: 1

---------------------------------------------------------------
[ 2023-08-03T11:00:34+08:00 ] [ log ] asd123111.icu/99/?uc_sm=1 [运行时间：0.012369s][吞吐率：80.85req/s] [内存消耗：1,865.98kb] [文件加载：51]
[ error ] [8]未定义数组下标: 1

---------------------------------------------------------------
[ 2023-08-03T11:00:34+08:00 ] [ log ] asd123111.icu/99/ [运行时间：0.014633s][吞吐率：68.34req/s] [内存消耗：1,865.34kb] [文件加载：51]
[ error ] [8]未定义数组下标: 1

---------------------------------------------------------------
[ 2023-08-03T11:00:37+08:00 ] [ log ] asd123111.icu/99/favicon.ico [运行时间：0.010053s][吞吐率：99.47req/s] [内存消耗：1,650.74kb] [文件加载：44]
[ error ] [8]未定义数组下标: 1

---------------------------------------------------------------
[ 2023-08-03T11:00:39+08:00 ] [ log ] asd123111.icu/99/index/open.html [运行时间：0.010710s][吞吐率：93.37req/s] [内存消耗：1,865.13kb] [文件加载：50]
[ error ] [8]未定义数组下标: 1

---------------------------------------------------------------
[ 2023-08-03T11:01:14+08:00 ] [ log ] asd123111.icu/99/?uc_sm=1 [运行时间：0.014931s][吞吐率：66.97req/s] [内存消耗：1,865.45kb] [文件加载：51]
[ error ] [8]未定义数组下标: 1

---------------------------------------------------------------
[ 2023-08-03T11:01:14+08:00 ] [ log ] asd123111.icu/99/ [运行时间：0.010920s][吞吐率：91.57req/s] [内存消耗：1,864.81kb] [文件加载：51]
[ error ] [8]未定义数组下标: 1

---------------------------------------------------------------
[ 2023-08-03T11:01:16+08:00 ] [ log ] asd123111.icu/99/favicon.ico [运行时间：0.011622s][吞吐率：86.04req/s] [内存消耗：1,650.74kb] [文件加载：44]
[ error ] [8]未定义数组下标: 1

---------------------------------------------------------------
[ 2023-08-03T11:01:18+08:00 ] [ log ] asd123111.icu/99/index/open.html [运行时间：0.014504s][吞吐率：68.95req/s] [内存消耗：1,865.13kb] [文件加载：50]
[ error ] [8]未定义数组下标: 1

---------------------------------------------------------------
[ 2023-08-03T11:02:01+08:00 ] [ log ] asd123111.icu/99/ [运行时间：0.010863s][吞吐率：92.06req/s] [内存消耗：1,864.81kb] [文件加载：51]
[ error ] [8]未定义数组下标: 1

---------------------------------------------------------------
[ 2023-08-03T11:02:02+08:00 ] [ log ] asd123111.icu/99/favicon.ico [运行时间：0.009542s][吞吐率：104.80req/s] [内存消耗：1,650.74kb] [文件加载：44]
[ error ] [8]未定义数组下标: 1

---------------------------------------------------------------
[ 2023-08-03T11:12:51+08:00 ] [ log ] asd123111.icu/99/?uc_sm=1 [运行时间：0.011258s][吞吐率：88.83req/s] [内存消耗：1,865.45kb] [文件加载：51]
[ error ] [8]未定义数组下标: 1

---------------------------------------------------------------
[ 2023-08-03T11:12:51+08:00 ] [ log ] asd123111.icu/99/ [运行时间：0.010732s][吞吐率：93.18req/s] [内存消耗：1,864.81kb] [文件加载：51]
[ error ] [8]未定义数组下标: 1

---------------------------------------------------------------
[ 2023-08-03T11:12:51+08:00 ] [ log ] asd123111.icu/99/favicon.ico [运行时间：0.035634s][吞吐率：28.06req/s] [内存消耗：1,650.74kb] [文件加载：44]
[ error ] [8]未定义数组下标: 1

---------------------------------------------------------------
[ 2023-08-03T11:12:54+08:00 ] [ log ] asd123111.icu/99/index/open.html [运行时间：0.039910s][吞吐率：25.06req/s] [内存消耗：1,865.13kb] [文件加载：50]
[ error ] [8]未定义数组下标: 1

---------------------------------------------------------------
[ 2023-08-03T11:20:11+08:00 ] [ log ] asd123111.icu/99/ [运行时间：0.021717s][吞吐率：46.05req/s] [内存消耗：1,865.34kb] [文件加载：51]
[ error ] [8]未定义数组下标: 1

---------------------------------------------------------------
[ 2023-08-03T11:20:12+08:00 ] [ log ] asd123111.icu/99/favicon.ico [运行时间：0.014207s][吞吐率：70.39req/s] [内存消耗：1,650.74kb] [文件加载：44]
[ error ] [8]未定义数组下标: 1

---------------------------------------------------------------
[ 2023-08-03T11:20:15+08:00 ] [ log ] asd123111.icu/99/index/open.html [运行时间：0.010846s][吞吐率：92.20req/s] [内存消耗：1,865.13kb] [文件加载：50]
[ error ] [8]未定义数组下标: 1

---------------------------------------------------------------
[ 2023-08-03T11:21:48+08:00 ] [ log ] asd123111.icu/99/?uc_sm=1 [运行时间：0.010955s][吞吐率：91.28req/s] [内存消耗：1,865.45kb] [文件加载：51]
[ error ] [8]未定义数组下标: 1

---------------------------------------------------------------
[ 2023-08-03T11:21:48+08:00 ] [ log ] asd123111.icu/99/ [运行时间：0.011609s][吞吐率：86.14req/s] [内存消耗：1,864.81kb] [文件加载：51]
[ error ] [8]未定义数组下标: 1

---------------------------------------------------------------
[ 2023-08-03T11:21:49+08:00 ] [ log ] asd123111.icu/99/favicon.ico [运行时间：0.020653s][吞吐率：48.42req/s] [内存消耗：1,650.74kb] [文件加载：44]
[ error ] [8]未定义数组下标: 1

---------------------------------------------------------------
[ 2023-08-03T11:21:52+08:00 ] [ log ] asd123111.icu/99/index/open.html [运行时间：0.011367s][吞吐率：87.97req/s] [内存消耗：1,865.13kb] [文件加载：50]
[ error ] [8]未定义数组下标: 1

---------------------------------------------------------------
[ 2023-08-03T11:22:42+08:00 ] [ log ] asd123111.icu/99/ [运行时间：0.013677s][吞吐率：73.12req/s] [内存消耗：1,864.81kb] [文件加载：51]
[ error ] [8]未定义数组下标: 1

---------------------------------------------------------------
[ 2023-08-03T12:17:27+08:00 ] [ log ] asd123111.icu/99/?uc_sm=1 [运行时间：0.011795s][吞吐率：84.78req/s] [内存消耗：1,865.98kb] [文件加载：51]
[ error ] [8]未定义数组下标: 1

---------------------------------------------------------------
[ 2023-08-03T12:17:27+08:00 ] [ log ] asd123111.icu/99/ [运行时间：0.010692s][吞吐率：93.53req/s] [内存消耗：1,865.34kb] [文件加载：51]
[ error ] [8]未定义数组下标: 1

---------------------------------------------------------------
[ 2023-08-03T12:17:28+08:00 ] [ log ] asd123111.icu/99/favicon.ico [运行时间：0.022802s][吞吐率：43.86req/s] [内存消耗：1,650.74kb] [文件加载：44]
[ error ] [8]未定义数组下标: 1

---------------------------------------------------------------
[ 2023-08-03T12:17:30+08:00 ] [ log ] asd123111.icu/99/index/open.html [运行时间：0.037482s][吞吐率：26.68req/s] [内存消耗：1,865.13kb] [文件加载：50]
[ error ] [8]未定义数组下标: 1

---------------------------------------------------------------
[ 2023-08-03T14:14:49+08:00 ] [ log ] asd123111.icu/99/index/open.html [运行时间：0.010873s][吞吐率：91.97req/s] [内存消耗：1,865.16kb] [文件加载：50]
[ error ] [8]未定义数组下标: 1

---------------------------------------------------------------
[ 2023-08-03T14:14:49+08:00 ] [ log ] asd181818.icu/99/ [运行时间：0.028161s][吞吐率：35.51req/s] [内存消耗：1,864.84kb] [文件加载：51]
[ error ] [8]未定义数组下标: 1

---------------------------------------------------------------
[ 2023-08-03T15:47:03+08:00 ] [ log ] asd123111.icu/99/index/open.html [运行时间：0.010995s][吞吐率：90.95req/s] [内存消耗：1,857.95kb] [文件加载：47]
[ error ] [8]Undefined offset: 1

---------------------------------------------------------------
[ 2023-08-03T16:29:36+08:00 ] [ log ] asd123111.icu/99/ [运行时间：0.011691s][吞吐率：85.54req/s] [内存消耗：1,865.34kb] [文件加载：51]
[ error ] [8]未定义数组下标: 1

---------------------------------------------------------------
[ 2023-08-03T16:29:37+08:00 ] [ log ] asd123111.icu/99/favicon.ico [运行时间：0.009442s][吞吐率：105.91req/s] [内存消耗：1,650.74kb] [文件加载：44]
[ error ] [8]未定义数组下标: 1

---------------------------------------------------------------
[ 2023-08-03T16:29:40+08:00 ] [ log ] asd123111.icu/99/index/open.html [运行时间：0.011202s][吞吐率：89.27req/s] [内存消耗：1,865.13kb] [文件加载：50]
[ error ] [8]未定义数组下标: 1

---------------------------------------------------------------
[ 2023-08-03T18:32:41+08:00 ] [ log ] asd123111.icu/99/?uc_sm=1 [运行时间：0.011630s][吞吐率：85.98req/s] [内存消耗：1,865.98kb] [文件加载：51]
[ error ] [8]未定义数组下标: 1

---------------------------------------------------------------
[ 2023-08-03T18:32:41+08:00 ] [ log ] asd123111.icu/99/ [运行时间：0.010828s][吞吐率：92.35req/s] [内存消耗：1,865.34kb] [文件加载：51]
[ error ] [8]未定义数组下标: 1

---------------------------------------------------------------
[ 2023-08-03T18:32:47+08:00 ] [ log ] asd123111.icu/99/favicon.ico [运行时间：0.009958s][吞吐率：100.42req/s] [内存消耗：1,650.74kb] [文件加载：44]
[ error ] [8]未定义数组下标: 1

---------------------------------------------------------------
[ 2023-08-03T18:32:51+08:00 ] [ log ] asd123111.icu/99/index/open.html [运行时间：0.010937s][吞吐率：91.43req/s] [内存消耗：1,865.13kb] [文件加载：50]
[ error ] [8]未定义数组下标: 1

---------------------------------------------------------------
[ 2023-08-03T19:38:36+08:00 ] [ log ] asd123111.icu/99/?uc_sm=1 [运行时间：0.011599s][吞吐率：86.21req/s] [内存消耗：1,865.98kb] [文件加载：51]
[ error ] [8]未定义数组下标: 1

---------------------------------------------------------------
[ 2023-08-03T19:38:36+08:00 ] [ log ] asd123111.icu/99/ [运行时间：0.010883s][吞吐率：91.89req/s] [内存消耗：1,865.34kb] [文件加载：51]
[ error ] [8]未定义数组下标: 1

---------------------------------------------------------------
[ 2023-08-03T19:38:37+08:00 ] [ log ] asd123111.icu/99/favicon.ico [运行时间：0.012777s][吞吐率：78.27req/s] [内存消耗：1,650.74kb] [文件加载：44]
[ error ] [8]未定义数组下标: 1

---------------------------------------------------------------
[ 2023-08-03T19:38:40+08:00 ] [ log ] asd123111.icu/99/index/open.html [运行时间：0.011233s][吞吐率：89.02req/s] [内存消耗：1,865.13kb] [文件加载：50]
[ error ] [8]未定义数组下标: 1

---------------------------------------------------------------
[ 2023-08-03T19:39:27+08:00 ] [ log ] asd123111.icu/99/?uc_sm=1 [运行时间：0.024737s][吞吐率：40.43req/s] [内存消耗：1,865.45kb] [文件加载：51]
[ error ] [8]未定义数组下标: 1

---------------------------------------------------------------
[ 2023-08-03T19:39:27+08:00 ] [ log ] asd123111.icu/99/ [运行时间：0.014096s][吞吐率：70.94req/s] [内存消耗：1,864.81kb] [文件加载：51]
[ error ] [8]未定义数组下标: 1

---------------------------------------------------------------
[ 2023-08-03T19:39:28+08:00 ] [ log ] asd123111.icu/99/favicon.ico [运行时间：0.009375s][吞吐率：106.67req/s] [内存消耗：1,650.74kb] [文件加载：44]
[ error ] [8]未定义数组下标: 1

---------------------------------------------------------------
[ 2023-08-03T19:39:30+08:00 ] [ log ] asd123111.icu/99/index/open.html [运行时间：0.010866s][吞吐率：92.03req/s] [内存消耗：1,865.13kb] [文件加载：50]
[ error ] [8]未定义数组下标: 1

---------------------------------------------------------------
[ 2023-08-03T20:35:58+08:00 ] [ log ] at999.icu/99/ [运行时间：0.011597s][吞吐率：86.23req/s] [内存消耗：1,865.34kb] [文件加载：51]
[ error ] [8]未定义数组下标: 1

---------------------------------------------------------------
[ 2023-08-03T20:35:59+08:00 ] [ log ] at999.icu/99/favicon.ico [运行时间：0.016556s][吞吐率：60.40req/s] [内存消耗：1,650.74kb] [文件加载：44]
[ error ] [8]未定义数组下标: 1

---------------------------------------------------------------
[ 2023-08-03T20:36:03+08:00 ] [ log ] at999.icu/99/index/open.html [运行时间：0.019314s][吞吐率：51.78req/s] [内存消耗：1,865.12kb] [文件加载：50]
[ error ] [8]未定义数组下标: 1

---------------------------------------------------------------
[ 2023-08-03T20:37:18+08:00 ] [ log ] at888.icu/99/ [运行时间：0.010785s][吞吐率：92.72req/s] [内存消耗：1,865.34kb] [文件加载：51]
[ error ] [8]未定义数组下标: 1

---------------------------------------------------------------
[ 2023-08-03T20:37:21+08:00 ] [ log ] at888.icu/99/favicon.ico [运行时间：0.009992s][吞吐率：100.08req/s] [内存消耗：1,650.74kb] [文件加载：44]
[ error ] [8]未定义数组下标: 1

---------------------------------------------------------------
[ 2023-08-03T20:37:24+08:00 ] [ log ] at888.icu/99/index/open.html [运行时间：0.010880s][吞吐率：91.91req/s] [内存消耗：1,865.12kb] [文件加载：50]
[ error ] [8]未定义数组下标: 1

---------------------------------------------------------------
[ 2023-08-03T20:38:31+08:00 ] [ log ] at888.icu/99/ [运行时间：0.015150s][吞吐率：66.01req/s] [内存消耗：1,865.34kb] [文件加载：51]
[ error ] [8]未定义数组下标: 1

---------------------------------------------------------------
[ 2023-08-03T20:38:36+08:00 ] [ log ] at888.icu/99/favicon.ico [运行时间：0.035911s][吞吐率：27.85req/s] [内存消耗：1,650.74kb] [文件加载：44]
[ error ] [8]未定义数组下标: 1

---------------------------------------------------------------
[ 2023-08-03T20:38:38+08:00 ] [ log ] at888.icu/99/index/open.html [运行时间：0.010754s][吞吐率：92.99req/s] [内存消耗：1,865.12kb] [文件加载：50]
[ error ] [8]未定义数组下标: 1

---------------------------------------------------------------
[ 2023-08-03T20:52:50+08:00 ] [ log ] at888.icu/99/ [运行时间：0.035872s][吞吐率：27.88req/s] [内存消耗：1,865.34kb] [文件加载：51]
[ error ] [8]未定义数组下标: 1

---------------------------------------------------------------
[ 2023-08-03T20:52:53+08:00 ] [ log ] at888.icu/99/ [运行时间：0.014611s][吞吐率：68.44req/s] [内存消耗：1,864.80kb] [文件加载：51]
[ error ] [8]未定义数组下标: 1

---------------------------------------------------------------
