[ 2023-08-04T05:03:59+08:00 ] [ log ] asd123111.icu/99/ [运行时间：0.019796s][吞吐率：50.51req/s] [内存消耗：1,865.34kb] [文件加载：51]
[ error ] [8]未定义数组下标: 1

---------------------------------------------------------------
[ 2023-08-04T05:04:01+08:00 ] [ log ] asd123111.icu/99/favicon.ico [运行时间：0.009437s][吞吐率：105.96req/s] [内存消耗：1,650.74kb] [文件加载：44]
[ error ] [8]未定义数组下标: 1

---------------------------------------------------------------
[ 2023-08-04T05:04:11+08:00 ] [ log ] asd123111.icu/99/index/open.html [运行时间：0.038193s][吞吐率：26.18req/s] [内存消耗：1,865.13kb] [文件加载：50]
[ error ] [8]未定义数组下标: 1

---------------------------------------------------------------
[ 2023-08-04T07:23:14+08:00 ] [ log ] asd123111.icu/99/ [运行时间：0.011304s][吞吐率：88.46req/s] [内存消耗：1,865.34kb] [文件加载：51]
[ error ] [8]未定义数组下标: 1

---------------------------------------------------------------
[ 2023-08-04T07:23:30+08:00 ] [ log ] asd123111.icu/99/index/open.html [运行时间：0.011245s][吞吐率：88.93req/s] [内存消耗：1,865.13kb] [文件加载：50]
[ error ] [8]未定义数组下标: 1

---------------------------------------------------------------
[ 2023-08-04T07:23:53+08:00 ] [ log ] asd123111.icu/99/index/open.html [运行时间：0.036859s][吞吐率：27.13req/s] [内存消耗：1,865.13kb] [文件加载：50]
[ error ] [8]未定义数组下标: 1

---------------------------------------------------------------
[ 2023-08-04T09:15:40+08:00 ] [ log ] asd123111.icu/99/?uc_sm=1 [运行时间：0.015266s][吞吐率：65.51req/s] [内存消耗：1,865.98kb] [文件加载：51]
[ error ] [8]未定义数组下标: 1

---------------------------------------------------------------
[ 2023-08-04T09:15:40+08:00 ] [ log ] asd123111.icu/99/ [运行时间：0.010783s][吞吐率：92.74req/s] [内存消耗：1,865.34kb] [文件加载：51]
[ error ] [8]未定义数组下标: 1

---------------------------------------------------------------
[ 2023-08-04T09:15:42+08:00 ] [ log ] asd123111.icu/99/favicon.ico [运行时间：0.032095s][吞吐率：31.16req/s] [内存消耗：1,650.74kb] [文件加载：44]
[ error ] [8]未定义数组下标: 1

---------------------------------------------------------------
[ 2023-08-04T09:15:44+08:00 ] [ log ] asd123111.icu/99/index/open.html [运行时间：0.011445s][吞吐率：87.38req/s] [内存消耗：1,865.13kb] [文件加载：50]
[ error ] [8]未定义数组下标: 1

---------------------------------------------------------------
[ 2023-08-04T11:02:37+08:00 ] [ log ] asd123111.icu/99/?uc_sm=1 [运行时间：0.020409s][吞吐率：49.00req/s] [内存消耗：1,865.98kb] [文件加载：51]
[ error ] [8]未定义数组下标: 1

---------------------------------------------------------------
[ 2023-08-04T11:02:37+08:00 ] [ log ] asd123111.icu/99/ [运行时间：0.012137s][吞吐率：82.39req/s] [内存消耗：1,865.34kb] [文件加载：51]
[ error ] [8]未定义数组下标: 1

---------------------------------------------------------------
[ 2023-08-04T11:02:38+08:00 ] [ log ] asd123111.icu/99/favicon.ico [运行时间：0.010032s][吞吐率：99.68req/s] [内存消耗：1,650.74kb] [文件加载：44]
[ error ] [8]未定义数组下标: 1

---------------------------------------------------------------
[ 2023-08-04T11:02:40+08:00 ] [ log ] asd123111.icu/99/index/open.html [运行时间：0.010783s][吞吐率：92.74req/s] [内存消耗：1,865.13kb] [文件加载：50]
[ error ] [8]未定义数组下标: 1

---------------------------------------------------------------
[ 2023-08-04T11:20:21+08:00 ] [ log ] asd123111.icu/99/?uc_sm=1 [运行时间：0.011554s][吞吐率：86.55req/s] [内存消耗：1,865.45kb] [文件加载：51]
[ error ] [8]未定义数组下标: 1

---------------------------------------------------------------
[ 2023-08-04T11:20:21+08:00 ] [ log ] asd123111.icu/99/ [运行时间：0.011213s][吞吐率：89.18req/s] [内存消耗：1,864.81kb] [文件加载：51]
[ error ] [8]未定义数组下标: 1

---------------------------------------------------------------
[ 2023-08-04T11:20:23+08:00 ] [ log ] asd123111.icu/99/favicon.ico [运行时间：0.030285s][吞吐率：33.02req/s] [内存消耗：1,650.74kb] [文件加载：44]
[ error ] [8]未定义数组下标: 1

---------------------------------------------------------------
[ 2023-08-04T11:20:25+08:00 ] [ log ] asd123111.icu/99/index/open.html [运行时间：0.010881s][吞吐率：91.90req/s] [内存消耗：1,865.13kb] [文件加载：50]
[ error ] [8]未定义数组下标: 1

---------------------------------------------------------------
[ 2023-08-04T12:43:45+08:00 ] [ log ] asd123111.icu/99/?uc_sm=1 [运行时间：0.032539s][吞吐率：30.73req/s] [内存消耗：1,865.98kb] [文件加载：51]
[ error ] [8]未定义数组下标: 1

---------------------------------------------------------------
[ 2023-08-04T12:43:45+08:00 ] [ log ] asd123111.icu/99/ [运行时间：0.020242s][吞吐率：49.40req/s] [内存消耗：1,865.34kb] [文件加载：51]
[ error ] [8]未定义数组下标: 1

---------------------------------------------------------------
[ 2023-08-04T12:43:47+08:00 ] [ log ] asd123111.icu/99/favicon.ico [运行时间：0.009486s][吞吐率：105.42req/s] [内存消耗：1,650.74kb] [文件加载：44]
[ error ] [8]未定义数组下标: 1

---------------------------------------------------------------
[ 2023-08-04T12:43:49+08:00 ] [ log ] asd123111.icu/99/index/open.html [运行时间：0.011374s][吞吐率：87.92req/s] [内存消耗：1,865.13kb] [文件加载：50]
[ error ] [8]未定义数组下标: 1

---------------------------------------------------------------
[ 2023-08-04T18:30:37+08:00 ] [ log ] asd123111.icu/99/?uc_sm=1 [运行时间：0.031252s][吞吐率：32.00req/s] [内存消耗：1,865.98kb] [文件加载：51]
[ error ] [8]未定义数组下标: 1

---------------------------------------------------------------
[ 2023-08-04T18:30:37+08:00 ] [ log ] asd123111.icu/99/ [运行时间：0.018225s][吞吐率：54.87req/s] [内存消耗：1,865.34kb] [文件加载：51]
[ error ] [8]未定义数组下标: 1

---------------------------------------------------------------
[ 2023-08-04T18:30:48+08:00 ] [ log ] asd123111.icu/99/favicon.ico [运行时间：0.009548s][吞吐率：104.73req/s] [内存消耗：1,650.74kb] [文件加载：44]
[ error ] [8]未定义数组下标: 1

---------------------------------------------------------------
[ 2023-08-04T18:30:50+08:00 ] [ log ] asd123111.icu/99/index/open.html [运行时间：0.012815s][吞吐率：78.03req/s] [内存消耗：1,865.13kb] [文件加载：50]
[ error ] [8]未定义数组下标: 1

---------------------------------------------------------------
[ 2023-08-04T19:09:03+08:00 ] [ log ] asd123111.icu/99/?uc_sm=1 [运行时间：0.011349s][吞吐率：88.11req/s] [内存消耗：1,865.45kb] [文件加载：51]
[ error ] [8]未定义数组下标: 1

---------------------------------------------------------------
[ 2023-08-04T19:09:03+08:00 ] [ log ] asd123111.icu/99/ [运行时间：0.011087s][吞吐率：90.20req/s] [内存消耗：1,864.81kb] [文件加载：51]
[ error ] [8]未定义数组下标: 1

---------------------------------------------------------------
[ 2023-08-04T19:09:06+08:00 ] [ log ] asd123111.icu/99/favicon.ico [运行时间：0.013690s][吞吐率：73.05req/s] [内存消耗：1,650.74kb] [文件加载：44]
[ error ] [8]未定义数组下标: 1

---------------------------------------------------------------
[ 2023-08-04T19:09:08+08:00 ] [ log ] asd123111.icu/99/index/open.html [运行时间：0.040262s][吞吐率：24.84req/s] [内存消耗：1,865.13kb] [文件加载：50]
[ error ] [8]未定义数组下标: 1

---------------------------------------------------------------
[ 2023-08-04T21:01:57+08:00 ] [ log ] asd123111.icu/99/ [运行时间：0.015980s][吞吐率：62.58req/s] [内存消耗：1,865.34kb] [文件加载：51]
[ error ] [8]未定义数组下标: 1

---------------------------------------------------------------
[ 2023-08-04T21:01:57+08:00 ] [ log ] asd123111.icu/99/?uc_sm=1 [运行时间：0.010867s][吞吐率：92.02req/s] [内存消耗：1,865.98kb] [文件加载：51]
[ error ] [8]未定义数组下标: 1

---------------------------------------------------------------
[ 2023-08-04T21:02:00+08:00 ] [ log ] asd123111.icu/99/favicon.ico [运行时间：0.009888s][吞吐率：101.13req/s] [内存消耗：1,650.74kb] [文件加载：44]
[ error ] [8]未定义数组下标: 1

---------------------------------------------------------------
[ 2023-08-04T21:02:02+08:00 ] [ log ] asd123111.icu/99/index/open.html [运行时间：0.038484s][吞吐率：25.98req/s] [内存消耗：1,865.13kb] [文件加载：50]
[ error ] [8]未定义数组下标: 1

---------------------------------------------------------------
