[ 2023-08-05T00:19:08+08:00 ] [ log ] asd282828.icu/99/ [运行时间：0.016370s][吞吐率：61.09req/s] [内存消耗：1,865.34kb] [文件加载：51]
[ error ] [8]未定义数组下标: 1

---------------------------------------------------------------
[ 2023-08-05T06:34:32+08:00 ] [ log ] asd282828.icu/99/ [运行时间：0.011505s][吞吐率：86.92req/s] [内存消耗：1,857.64kb] [文件加载：48]
[ error ] [8]Undefined offset: 1

---------------------------------------------------------------
[ 2023-08-05T06:34:33+08:00 ] [ log ] asd282828.icu/99/favicon.ico [运行时间：0.030549s][吞吐率：32.73req/s] [内存消耗：1,643.13kb] [文件加载：42]
[ error ] [8]Undefined offset: 1

---------------------------------------------------------------
[ 2023-08-05T07:17:54+08:00 ] [ log ] asd123111.icu/99/ [运行时间：0.011008s][吞吐率：90.84req/s] [内存消耗：1,865.34kb] [文件加载：51]
[ error ] [8]未定义数组下标: 1

---------------------------------------------------------------
[ 2023-08-05T07:17:56+08:00 ] [ log ] asd123111.icu/99/favicon.ico [运行时间：0.035953s][吞吐率：27.81req/s] [内存消耗：1,650.74kb] [文件加载：44]
[ error ] [8]未定义数组下标: 1

---------------------------------------------------------------
[ 2023-08-05T07:17:58+08:00 ] [ log ] asd123111.icu/99/index/open.html [运行时间：0.010811s][吞吐率：92.50req/s] [内存消耗：1,865.13kb] [文件加载：50]
[ error ] [8]未定义数组下标: 1

---------------------------------------------------------------
[ 2023-08-05T08:27:12+08:00 ] [ log ] asd282828.icu/99/ [运行时间：0.030888s][吞吐率：32.37req/s] [内存消耗：1,857.64kb] [文件加载：48]
[ error ] [8]Undefined offset: 1

---------------------------------------------------------------
[ 2023-08-05T09:02:27+08:00 ] [ log ] at888.icu/99/ [运行时间：0.011047s][吞吐率：90.52req/s] [内存消耗：1,865.34kb] [文件加载：51]
[ error ] [8]未定义数组下标: 1

---------------------------------------------------------------
[ 2023-08-05T09:02:30+08:00 ] [ log ] at888.icu/99/favicon.ico [运行时间：0.023857s][吞吐率：41.92req/s] [内存消耗：1,650.74kb] [文件加载：44]
[ error ] [8]未定义数组下标: 1

---------------------------------------------------------------
[ 2023-08-05T09:02:33+08:00 ] [ log ] at888.icu/99/index/open.html [运行时间：0.013186s][吞吐率：75.84req/s] [内存消耗：1,865.12kb] [文件加载：50]
[ error ] [8]未定义数组下标: 1

---------------------------------------------------------------
[ 2023-08-05T09:03:06+08:00 ] [ log ] at888.icu/99/ [运行时间：0.011021s][吞吐率：90.74req/s] [内存消耗：1,865.34kb] [文件加载：51]
[ error ] [8]未定义数组下标: 1

---------------------------------------------------------------
[ 2023-08-05T09:03:08+08:00 ] [ log ] at888.icu/99/favicon.ico [运行时间：0.037774s][吞吐率：26.47req/s] [内存消耗：1,650.74kb] [文件加载：44]
[ error ] [8]未定义数组下标: 1

---------------------------------------------------------------
[ 2023-08-05T09:03:08+08:00 ] [ log ] at888.icu/99/ [运行时间：0.016222s][吞吐率：61.64req/s] [内存消耗：1,864.80kb] [文件加载：51]
[ error ] [8]未定义数组下标: 1

---------------------------------------------------------------
[ 2023-08-05T09:03:11+08:00 ] [ log ] at888.icu/99/index/open.html [运行时间：0.011479s][吞吐率：87.12req/s] [内存消耗：1,865.12kb] [文件加载：50]
[ error ] [8]未定义数组下标: 1

---------------------------------------------------------------
[ 2023-08-05T09:03:41+08:00 ] [ log ] at888.icu/99/index/open.html [运行时间：0.010789s][吞吐率：92.69req/s] [内存消耗：1,865.15kb] [文件加载：50]
[ error ] [8]未定义数组下标: 1

---------------------------------------------------------------
[ 2023-08-05T09:04:32+08:00 ] [ log ] at888.icu/99/ [运行时间：0.011105s][吞吐率：90.05req/s] [内存消耗：1,864.84kb] [文件加载：51]
[ error ] [8]未定义数组下标: 1

---------------------------------------------------------------
[ 2023-08-05T10:52:40+08:00 ] [ log ] at999.icu/99/ [运行时间：0.011072s][吞吐率：90.32req/s] [内存消耗：1,865.34kb] [文件加载：51]
[ error ] [8]未定义数组下标: 1

---------------------------------------------------------------
[ 2023-08-05T10:52:42+08:00 ] [ log ] at999.icu/99/favicon.ico [运行时间：0.009503s][吞吐率：105.23req/s] [内存消耗：1,650.74kb] [文件加载：44]
[ error ] [8]未定义数组下标: 1

---------------------------------------------------------------
[ 2023-08-05T10:52:45+08:00 ] [ log ] at999.icu/99/index/open.html [运行时间：0.013350s][吞吐率：74.91req/s] [内存消耗：1,865.12kb] [文件加载：50]
[ error ] [8]未定义数组下标: 1

---------------------------------------------------------------
[ 2023-08-05T10:53:05+08:00 ] [ log ] at999.icu/99/index/open.html [运行时间：0.011528s][吞吐率：86.75req/s] [内存消耗：1,865.12kb] [文件加载：50]
[ error ] [8]未定义数组下标: 1

---------------------------------------------------------------
[ 2023-08-05T11:01:05+08:00 ] [ log ] asd123111.icu/99/?uc_sm=1 [运行时间：0.011024s][吞吐率：90.71req/s] [内存消耗：1,865.98kb] [文件加载：51]
[ error ] [8]未定义数组下标: 1

---------------------------------------------------------------
[ 2023-08-05T11:01:05+08:00 ] [ log ] asd123111.icu/99/ [运行时间：0.010739s][吞吐率：93.12req/s] [内存消耗：1,865.34kb] [文件加载：51]
[ error ] [8]未定义数组下标: 1

---------------------------------------------------------------
[ 2023-08-05T11:01:07+08:00 ] [ log ] asd123111.icu/99/favicon.ico [运行时间：0.009412s][吞吐率：106.25req/s] [内存消耗：1,650.74kb] [文件加载：44]
[ error ] [8]未定义数组下标: 1

---------------------------------------------------------------
[ 2023-08-05T11:01:09+08:00 ] [ log ] asd123111.icu/99/index/open.html [运行时间：0.014910s][吞吐率：67.07req/s] [内存消耗：1,865.13kb] [文件加载：50]
[ error ] [8]未定义数组下标: 1

---------------------------------------------------------------
[ 2023-08-05T11:29:11+08:00 ] [ log ] at888.icu/99/ [运行时间：0.011651s][吞吐率：85.83req/s] [内存消耗：1,865.34kb] [文件加载：51]
[ error ] [8]未定义数组下标: 1

---------------------------------------------------------------
[ 2023-08-05T11:29:12+08:00 ] [ log ] at888.icu/99/favicon.ico [运行时间：0.026025s][吞吐率：38.42req/s] [内存消耗：1,650.74kb] [文件加载：44]
[ error ] [8]未定义数组下标: 1

---------------------------------------------------------------
[ 2023-08-05T11:29:13+08:00 ] [ log ] at888.icu/99/index/open.html [运行时间：0.013954s][吞吐率：71.66req/s] [内存消耗：1,865.12kb] [文件加载：50]
[ error ] [8]未定义数组下标: 1

---------------------------------------------------------------
[ 2023-08-05T11:32:38+08:00 ] [ log ] at999.icu/99/ [运行时间：0.023334s][吞吐率：42.86req/s] [内存消耗：1,864.80kb] [文件加载：51]
[ error ] [8]未定义数组下标: 1

---------------------------------------------------------------
[ 2023-08-05T11:32:39+08:00 ] [ log ] at999.icu/99/favicon.ico [运行时间：0.015246s][吞吐率：65.59req/s] [内存消耗：1,650.74kb] [文件加载：44]
[ error ] [8]未定义数组下标: 1

---------------------------------------------------------------
[ 2023-08-05T11:32:42+08:00 ] [ log ] at999.icu/99/index/open.html [运行时间：0.025200s][吞吐率：39.68req/s] [内存消耗：1,865.12kb] [文件加载：50]
[ error ] [8]未定义数组下标: 1

---------------------------------------------------------------
[ 2023-08-05T11:34:41+08:00 ] [ log ] at999.icu/99/ [运行时间：0.011959s][吞吐率：83.62req/s] [内存消耗：1,864.80kb] [文件加载：51]
[ error ] [8]未定义数组下标: 1

---------------------------------------------------------------
[ 2023-08-05T11:43:32+08:00 ] [ log ] asd123111.icu/99/?uc_sm=1 [运行时间：0.011565s][吞吐率：86.47req/s] [内存消耗：1,865.45kb] [文件加载：51]
[ error ] [8]未定义数组下标: 1

---------------------------------------------------------------
[ 2023-08-05T11:43:32+08:00 ] [ log ] asd123111.icu/99/ [运行时间：0.010932s][吞吐率：91.47req/s] [内存消耗：1,864.81kb] [文件加载：51]
[ error ] [8]未定义数组下标: 1

---------------------------------------------------------------
[ 2023-08-05T11:43:33+08:00 ] [ log ] asd123111.icu/99/favicon.ico [运行时间：0.031894s][吞吐率：31.35req/s] [内存消耗：1,650.74kb] [文件加载：44]
[ error ] [8]未定义数组下标: 1

---------------------------------------------------------------
[ 2023-08-05T11:43:36+08:00 ] [ log ] asd123111.icu/99/index/open.html [运行时间：0.011321s][吞吐率：88.33req/s] [内存消耗：1,865.13kb] [文件加载：50]
[ error ] [8]未定义数组下标: 1

---------------------------------------------------------------
[ 2023-08-05T11:54:56+08:00 ] [ log ] at999.icu/99/index/open.html [运行时间：0.010842s][吞吐率：92.23req/s] [内存消耗：1,865.65kb] [文件加载：50]
[ error ] [8]未定义数组下标: 1

---------------------------------------------------------------
[ 2023-08-05T14:47:03+08:00 ] [ log ] at999.icu/99/ [运行时间：0.010833s][吞吐率：92.31req/s] [内存消耗：1,865.34kb] [文件加载：51]
[ error ] [8]未定义数组下标: 1

---------------------------------------------------------------
[ 2023-08-05T14:47:06+08:00 ] [ log ] at999.icu/99/favicon.ico [运行时间：0.009782s][吞吐率：102.23req/s] [内存消耗：1,650.74kb] [文件加载：44]
[ error ] [8]未定义数组下标: 1

---------------------------------------------------------------
[ 2023-08-05T14:47:09+08:00 ] [ log ] at999.icu/99/index/open.html [运行时间：0.011514s][吞吐率：86.85req/s] [内存消耗：1,865.12kb] [文件加载：50]
[ error ] [8]未定义数组下标: 1

---------------------------------------------------------------
[ 2023-08-05T17:48:11+08:00 ] [ log ] at888.icu/99/ [运行时间：0.012185s][吞吐率：82.07req/s] [内存消耗：1,865.34kb] [文件加载：51]
[ error ] [8]未定义数组下标: 1

---------------------------------------------------------------
[ 2023-08-05T17:48:12+08:00 ] [ log ] at888.icu/99/favicon.ico [运行时间：0.010043s][吞吐率：99.57req/s] [内存消耗：1,650.74kb] [文件加载：44]
[ error ] [8]未定义数组下标: 1

---------------------------------------------------------------
[ 2023-08-05T17:48:14+08:00 ] [ log ] at888.icu/99/index/open.html [运行时间：0.010761s][吞吐率：92.93req/s] [内存消耗：1,865.12kb] [文件加载：50]
[ error ] [8]未定义数组下标: 1

---------------------------------------------------------------
[ 2023-08-05T18:30:57+08:00 ] [ log ] asd123111.icu/99/?uc_sm=1 [运行时间：0.011388s][吞吐率：87.81req/s] [内存消耗：1,865.98kb] [文件加载：51]
[ error ] [8]未定义数组下标: 1

---------------------------------------------------------------
[ 2023-08-05T18:30:57+08:00 ] [ log ] asd123111.icu/99/ [运行时间：0.010806s][吞吐率：92.54req/s] [内存消耗：1,865.34kb] [文件加载：51]
[ error ] [8]未定义数组下标: 1

---------------------------------------------------------------
[ 2023-08-05T18:30:58+08:00 ] [ log ] asd123111.icu/99/favicon.ico [运行时间：0.009394s][吞吐率：106.45req/s] [内存消耗：1,650.74kb] [文件加载：44]
[ error ] [8]未定义数组下标: 1

---------------------------------------------------------------
[ 2023-08-05T18:31:00+08:00 ] [ log ] asd123111.icu/99/index/open.html [运行时间：0.033887s][吞吐率：29.51req/s] [内存消耗：1,865.13kb] [文件加载：50]
[ error ] [8]未定义数组下标: 1

---------------------------------------------------------------
[ 2023-08-05T18:58:20+08:00 ] [ log ] asd123111.icu/99/?uc_sm=1 [运行时间：0.011067s][吞吐率：90.36req/s] [内存消耗：1,865.45kb] [文件加载：51]
[ error ] [8]未定义数组下标: 1

---------------------------------------------------------------
[ 2023-08-05T18:58:20+08:00 ] [ log ] asd123111.icu/99/ [运行时间：0.010800s][吞吐率：92.59req/s] [内存消耗：1,864.81kb] [文件加载：51]
[ error ] [8]未定义数组下标: 1

---------------------------------------------------------------
[ 2023-08-05T18:58:21+08:00 ] [ log ] asd123111.icu/99/favicon.ico [运行时间：0.012442s][吞吐率：80.37req/s] [内存消耗：1,650.74kb] [文件加载：44]
[ error ] [8]未定义数组下标: 1

---------------------------------------------------------------
[ 2023-08-05T18:58:23+08:00 ] [ log ] asd123111.icu/99/index/open.html [运行时间：0.010899s][吞吐率：91.75req/s] [内存消耗：1,865.13kb] [文件加载：50]
[ error ] [8]未定义数组下标: 1

---------------------------------------------------------------
[ 2023-08-05T19:18:09+08:00 ] [ log ] at999.icu/99/ [运行时间：0.011630s][吞吐率：85.98req/s] [内存消耗：1,865.34kb] [文件加载：51]
[ error ] [8]未定义数组下标: 1

---------------------------------------------------------------
[ 2023-08-05T19:18:11+08:00 ] [ log ] at999.icu/99/favicon.ico [运行时间：0.010045s][吞吐率：99.55req/s] [内存消耗：1,650.74kb] [文件加载：44]
[ error ] [8]未定义数组下标: 1

---------------------------------------------------------------
[ 2023-08-05T19:18:13+08:00 ] [ log ] at999.icu/99/index/open.html [运行时间：0.036128s][吞吐率：27.68req/s] [内存消耗：1,865.12kb] [文件加载：50]
[ error ] [8]未定义数组下标: 1

---------------------------------------------------------------
[ 2023-08-05T19:18:20+08:00 ] [ log ] at999.icu/99/index/open.html [运行时间：0.011502s][吞吐率：86.94req/s] [内存消耗：1,865.12kb] [文件加载：50]
[ error ] [8]未定义数组下标: 1

---------------------------------------------------------------
[ 2023-08-05T21:07:28+08:00 ] [ log ] at999.icu/99/ [运行时间：0.018681s][吞吐率：53.53req/s] [内存消耗：1,865.34kb] [文件加载：51]
[ error ] [8]未定义数组下标: 1

---------------------------------------------------------------
[ 2023-08-05T21:07:32+08:00 ] [ log ] at999.icu/99/favicon.ico [运行时间：0.009326s][吞吐率：107.22req/s] [内存消耗：1,650.74kb] [文件加载：44]
[ error ] [8]未定义数组下标: 1

---------------------------------------------------------------
[ 2023-08-05T21:07:45+08:00 ] [ log ] at999.icu/99/index/open.html [运行时间：0.014958s][吞吐率：66.85req/s] [内存消耗：1,865.12kb] [文件加载：50]
[ error ] [8]未定义数组下标: 1

---------------------------------------------------------------
[ 2023-08-05T21:08:18+08:00 ] [ log ] at999.icu/99/ [运行时间：0.010731s][吞吐率：93.19req/s] [内存消耗：1,864.80kb] [文件加载：51]
[ error ] [8]未定义数组下标: 1

---------------------------------------------------------------
[ 2023-08-05T21:08:20+08:00 ] [ log ] at999.icu/99/favicon.ico [运行时间：0.009582s][吞吐率：104.36req/s] [内存消耗：1,650.74kb] [文件加载：44]
[ error ] [8]未定义数组下标: 1

---------------------------------------------------------------
[ 2023-08-05T21:08:33+08:00 ] [ log ] at999.icu/99/ [运行时间：0.040265s][吞吐率：24.84req/s] [内存消耗：1,864.80kb] [文件加载：51]
[ error ] [8]未定义数组下标: 1

---------------------------------------------------------------
[ 2023-08-05T21:08:35+08:00 ] [ log ] at999.icu/99/favicon.ico [运行时间：0.013516s][吞吐率：73.99req/s] [内存消耗：1,650.74kb] [文件加载：44]
[ error ] [8]未定义数组下标: 1

---------------------------------------------------------------
[ 2023-08-05T21:08:37+08:00 ] [ log ] at999.icu/99/index/open.html [运行时间：0.034121s][吞吐率：29.31req/s] [内存消耗：1,865.12kb] [文件加载：50]
[ error ] [8]未定义数组下标: 1

---------------------------------------------------------------
[ 2023-08-05T21:36:00+08:00 ] [ log ] at999.icu/99/ [运行时间：0.038124s][吞吐率：26.23req/s] [内存消耗：1,865.34kb] [文件加载：51]
[ error ] [8]未定义数组下标: 1

---------------------------------------------------------------
[ 2023-08-05T21:36:07+08:00 ] [ log ] at999.icu/99/index/open.html [运行时间：0.010743s][吞吐率：93.08req/s] [内存消耗：1,865.12kb] [文件加载：50]
[ error ] [8]未定义数组下标: 1

---------------------------------------------------------------
[ 2023-08-05T21:36:55+08:00 ] [ log ] at999.icu/99/ [运行时间：0.011294s][吞吐率：88.54req/s] [内存消耗：1,864.80kb] [文件加载：51]
[ error ] [8]未定义数组下标: 1

---------------------------------------------------------------
[ 2023-08-05T21:45:56+08:00 ] [ log ] at999.icu/99/ [运行时间：0.040762s][吞吐率：24.53req/s] [内存消耗：1,865.34kb] [文件加载：51]
[ error ] [8]未定义数组下标: 1

---------------------------------------------------------------
[ 2023-08-05T21:45:58+08:00 ] [ log ] at999.icu/99/favicon.ico [运行时间：0.010021s][吞吐率：99.79req/s] [内存消耗：1,650.74kb] [文件加载：44]
[ error ] [8]未定义数组下标: 1

---------------------------------------------------------------
[ 2023-08-05T21:46:00+08:00 ] [ log ] at999.icu/99/index/open.html [运行时间：0.010816s][吞吐率：92.45req/s] [内存消耗：1,865.12kb] [文件加载：50]
[ error ] [8]未定义数组下标: 1

---------------------------------------------------------------
