[ 2023-08-06T03:28:07+08:00 ] [ log ] at999.icu/99/ [运行时间：0.011340s][吞吐率：88.18req/s] [内存消耗：1,865.34kb] [文件加载：51]
[ error ] [8]未定义数组下标: 1

---------------------------------------------------------------
[ 2023-08-06T03:28:09+08:00 ] [ log ] at999.icu/99/favicon.ico [运行时间：0.012877s][吞吐率：77.66req/s] [内存消耗：1,650.74kb] [文件加载：44]
[ error ] [8]未定义数组下标: 1

---------------------------------------------------------------
[ 2023-08-06T03:28:12+08:00 ] [ log ] at999.icu/99/index/open.html [运行时间：0.010788s][吞吐率：92.69req/s] [内存消耗：1,865.12kb] [文件加载：50]
[ error ] [8]未定义数组下标: 1

---------------------------------------------------------------
[ 2023-08-06T04:07:31+08:00 ] [ log ] at999.icu/99/ [运行时间：0.011263s][吞吐率：88.79req/s] [内存消耗：1,864.80kb] [文件加载：51]
[ error ] [8]未定义数组下标: 1

---------------------------------------------------------------
[ 2023-08-06T04:07:31+08:00 ] [ log ] at999.icu/99/favicon.ico [运行时间：0.009638s][吞吐率：103.76req/s] [内存消耗：1,650.74kb] [文件加载：44]
[ error ] [8]未定义数组下标: 1

---------------------------------------------------------------
[ 2023-08-06T07:56:28+08:00 ] [ log ] asd181818.icu/99/ [运行时间：0.028253s][吞吐率：35.39req/s] [内存消耗：1,865.34kb] [文件加载：51]
[ error ] [8]未定义数组下标: 1

---------------------------------------------------------------
[ 2023-08-06T07:56:29+08:00 ] [ log ] asd181818.icu/99/favicon.ico [运行时间：0.009999s][吞吐率：100.01req/s] [内存消耗：1,650.74kb] [文件加载：44]
[ error ] [8]未定义数组下标: 1

---------------------------------------------------------------
[ 2023-08-06T07:56:31+08:00 ] [ log ] asd181818.icu/99/index/open.html [运行时间：0.010598s][吞吐率：94.36req/s] [内存消耗：1,865.13kb] [文件加载：50]
[ error ] [8]未定义数组下标: 1

---------------------------------------------------------------
[ 2023-08-06T09:24:50+08:00 ] [ log ] asd123111.icu/99/ [运行时间：0.015075s][吞吐率：66.33req/s] [内存消耗：1,865.34kb] [文件加载：51]
[ error ] [8]未定义数组下标: 1

---------------------------------------------------------------
[ 2023-08-06T09:24:54+08:00 ] [ log ] asd123111.icu/99/?uc_sm=1 [运行时间：0.011543s][吞吐率：86.63req/s] [内存消耗：1,865.45kb] [文件加载：51]
[ error ] [8]未定义数组下标: 1

---------------------------------------------------------------
[ 2023-08-06T09:24:55+08:00 ] [ log ] asd123111.icu/99/favicon.ico [运行时间：0.010018s][吞吐率：99.82req/s] [内存消耗：1,650.74kb] [文件加载：44]
[ error ] [8]未定义数组下标: 1

---------------------------------------------------------------
[ 2023-08-06T09:24:57+08:00 ] [ log ] asd123111.icu/99/index/open.html [运行时间：0.015343s][吞吐率：65.18req/s] [内存消耗：1,865.13kb] [文件加载：50]
[ error ] [8]未定义数组下标: 1

---------------------------------------------------------------
[ 2023-08-06T09:25:40+08:00 ] [ log ] asd123111.icu/99/index/open.html [运行时间：0.010882s][吞吐率：91.89req/s] [内存消耗：1,865.13kb] [文件加载：50]
[ error ] [8]未定义数组下标: 1

---------------------------------------------------------------
[ 2023-08-06T09:26:01+08:00 ] [ log ] asd282828.icu/99/ [运行时间：0.010845s][吞吐率：92.21req/s] [内存消耗：1,865.34kb] [文件加载：51]
[ error ] [8]未定义数组下标: 1

---------------------------------------------------------------
[ 2023-08-06T09:26:03+08:00 ] [ log ] asd282828.icu/99/favicon.ico [运行时间：0.011488s][吞吐率：87.05req/s] [内存消耗：1,650.74kb] [文件加载：44]
[ error ] [8]未定义数组下标: 1

---------------------------------------------------------------
[ 2023-08-06T09:26:06+08:00 ] [ log ] asd282828.icu/99/index/open.html [运行时间：0.015039s][吞吐率：66.49req/s] [内存消耗：1,865.13kb] [文件加载：50]
[ error ] [8]未定义数组下标: 1

---------------------------------------------------------------
[ 2023-08-06T09:26:25+08:00 ] [ log ] asd123111.icu/99/ [运行时间：0.012756s][吞吐率：78.39req/s] [内存消耗：1,864.81kb] [文件加载：51]
[ error ] [8]未定义数组下标: 1

---------------------------------------------------------------
[ 2023-08-06T09:26:25+08:00 ] [ log ] asd123111.icu/99/favicon.ico [运行时间：0.009395s][吞吐率：106.44req/s] [内存消耗：1,650.74kb] [文件加载：44]
[ error ] [8]未定义数组下标: 1

---------------------------------------------------------------
[ 2023-08-06T09:26:27+08:00 ] [ log ] asd123111.icu/99/index/open.html [运行时间：0.011031s][吞吐率：90.65req/s] [内存消耗：1,865.13kb] [文件加载：50]
[ error ] [8]未定义数组下标: 1

---------------------------------------------------------------
[ 2023-08-06T09:26:39+08:00 ] [ log ] asd123111.icu/99/ [运行时间：0.011691s][吞吐率：85.54req/s] [内存消耗：1,864.81kb] [文件加载：51]
[ error ] [8]未定义数组下标: 1

---------------------------------------------------------------
[ 2023-08-06T09:28:37+08:00 ] [ log ] asd123111.icu/99/ [运行时间：0.040834s][吞吐率：24.49req/s] [内存消耗：1,864.81kb] [文件加载：51]
[ error ] [8]未定义数组下标: 1

---------------------------------------------------------------
[ 2023-08-06T09:28:38+08:00 ] [ log ] asd123111.icu/99/favicon.ico [运行时间：0.019334s][吞吐率：51.72req/s] [内存消耗：1,650.74kb] [文件加载：44]
[ error ] [8]未定义数组下标: 1

---------------------------------------------------------------
[ 2023-08-06T09:28:40+08:00 ] [ log ] asd123111.icu/99/index/open.html [运行时间：0.031459s][吞吐率：31.79req/s] [内存消耗：1,865.13kb] [文件加载：50]
[ error ] [8]未定义数组下标: 1

---------------------------------------------------------------
[ 2023-08-06T09:30:23+08:00 ] [ log ] at888.icu/99/ [运行时间：0.010990s][吞吐率：90.99req/s] [内存消耗：1,865.34kb] [文件加载：51]
[ error ] [8]未定义数组下标: 1

---------------------------------------------------------------
[ 2023-08-06T09:30:25+08:00 ] [ log ] at888.icu/99/ [运行时间：0.017443s][吞吐率：57.33req/s] [内存消耗：1,864.80kb] [文件加载：51]
[ error ] [8]未定义数组下标: 1

---------------------------------------------------------------
[ 2023-08-06T09:30:28+08:00 ] [ log ] at888.icu/99/favicon.ico [运行时间：0.009731s][吞吐率：102.76req/s] [内存消耗：1,650.74kb] [文件加载：44]
[ error ] [8]未定义数组下标: 1

---------------------------------------------------------------
[ 2023-08-06T09:30:30+08:00 ] [ log ] at888.icu/99/index/open.html [运行时间：0.012828s][吞吐率：77.95req/s] [内存消耗：1,865.12kb] [文件加载：50]
[ error ] [8]未定义数组下标: 1

---------------------------------------------------------------
[ 2023-08-06T09:32:32+08:00 ] [ log ] asd123111.icu/99/ [运行时间：0.019516s][吞吐率：51.24req/s] [内存消耗：1,864.81kb] [文件加载：51]
[ error ] [8]未定义数组下标: 1

---------------------------------------------------------------
[ 2023-08-06T09:32:32+08:00 ] [ log ] asd123111.icu/99/favicon.ico [运行时间：0.013216s][吞吐率：75.67req/s] [内存消耗：1,650.74kb] [文件加载：44]
[ error ] [8]未定义数组下标: 1

---------------------------------------------------------------
[ 2023-08-06T09:32:35+08:00 ] [ log ] asd123111.icu/99/index/open.html [运行时间：0.010895s][吞吐率：91.79req/s] [内存消耗：1,865.13kb] [文件加载：50]
[ error ] [8]未定义数组下标: 1

---------------------------------------------------------------
[ 2023-08-06T09:34:11+08:00 ] [ log ] asd123111.icu/99/ [运行时间：0.013055s][吞吐率：76.60req/s] [内存消耗：1,864.81kb] [文件加载：51]
[ error ] [8]未定义数组下标: 1

---------------------------------------------------------------
[ 2023-08-06T09:34:13+08:00 ] [ log ] asd123111.icu/99/favicon.ico [运行时间：0.009612s][吞吐率：104.04req/s] [内存消耗：1,650.74kb] [文件加载：44]
[ error ] [8]未定义数组下标: 1

---------------------------------------------------------------
[ 2023-08-06T09:34:17+08:00 ] [ log ] asd123111.icu/99/index/open.html [运行时间：0.010752s][吞吐率：93.01req/s] [内存消耗：1,865.13kb] [文件加载：50]
[ error ] [8]未定义数组下标: 1

---------------------------------------------------------------
[ 2023-08-06T09:34:18+08:00 ] [ log ] asd123111.icu/99/?uc_sm=1 [运行时间：0.010952s][吞吐率：91.31req/s] [内存消耗：1,865.45kb] [文件加载：51]
[ error ] [8]未定义数组下标: 1

---------------------------------------------------------------
[ 2023-08-06T09:42:49+08:00 ] [ log ] asd123111.icu/99/ [运行时间：0.010932s][吞吐率：91.47req/s] [内存消耗：1,864.81kb] [文件加载：51]
[ error ] [8]未定义数组下标: 1

---------------------------------------------------------------
[ 2023-08-06T09:42:49+08:00 ] [ log ] asd123111.icu/99/?uc_sm=1 [运行时间：0.011489s][吞吐率：87.04req/s] [内存消耗：1,865.45kb] [文件加载：51]
[ error ] [8]未定义数组下标: 1

---------------------------------------------------------------
[ 2023-08-06T09:42:50+08:00 ] [ log ] asd123111.icu/99/favicon.ico [运行时间：0.013094s][吞吐率：76.37req/s] [内存消耗：1,650.74kb] [文件加载：44]
[ error ] [8]未定义数组下标: 1

---------------------------------------------------------------
[ 2023-08-06T09:42:53+08:00 ] [ log ] asd123111.icu/99/index/open.html [运行时间：0.010949s][吞吐率：91.33req/s] [内存消耗：1,865.13kb] [文件加载：50]
[ error ] [8]未定义数组下标: 1

---------------------------------------------------------------
[ 2023-08-06T11:14:10+08:00 ] [ log ] asd282828.icu/99/ [运行时间：0.012570s][吞吐率：79.55req/s] [内存消耗：1,865.34kb] [文件加载：51]
[ error ] [8]未定义数组下标: 1

---------------------------------------------------------------
[ 2023-08-06T11:14:11+08:00 ] [ log ] asd282828.icu/99/favicon.ico [运行时间：0.012315s][吞吐率：81.20req/s] [内存消耗：1,650.74kb] [文件加载：44]
[ error ] [8]未定义数组下标: 1

---------------------------------------------------------------
[ 2023-08-06T11:54:31+08:00 ] [ log ] asd123111.icu/99/ [运行时间：0.028285s][吞吐率：35.35req/s] [内存消耗：1,865.34kb] [文件加载：51]
[ error ] [8]未定义数组下标: 1

---------------------------------------------------------------
[ 2023-08-06T11:54:32+08:00 ] [ log ] asd123111.icu/99/favicon.ico [运行时间：0.013324s][吞吐率：75.05req/s] [内存消耗：1,650.74kb] [文件加载：44]
[ error ] [8]未定义数组下标: 1

---------------------------------------------------------------
[ 2023-08-06T11:54:34+08:00 ] [ log ] asd123111.icu/99/index/open.html [运行时间：0.014478s][吞吐率：69.07req/s] [内存消耗：1,865.13kb] [文件加载：50]
[ error ] [8]未定义数组下标: 1

---------------------------------------------------------------
[ 2023-08-06T12:44:56+08:00 ] [ log ] at888.icu/99/ [运行时间：0.040877s][吞吐率：24.46req/s] [内存消耗：1,865.34kb] [文件加载：51]
[ error ] [8]未定义数组下标: 1

---------------------------------------------------------------
[ 2023-08-06T12:44:57+08:00 ] [ log ] at888.icu/99/favicon.ico [运行时间：0.009484s][吞吐率：105.44req/s] [内存消耗：1,650.74kb] [文件加载：44]
[ error ] [8]未定义数组下标: 1

---------------------------------------------------------------
[ 2023-08-06T12:44:59+08:00 ] [ log ] at888.icu/99/index/open.html [运行时间：0.032398s][吞吐率：30.87req/s] [内存消耗：1,865.12kb] [文件加载：50]
[ error ] [8]未定义数组下标: 1

---------------------------------------------------------------
[ 2023-08-06T12:49:03+08:00 ] [ log ] asd123111.icu/99/ [运行时间：0.010850s][吞吐率：92.17req/s] [内存消耗：1,864.81kb] [文件加载：51]
[ error ] [8]未定义数组下标: 1

---------------------------------------------------------------
[ 2023-08-06T12:49:03+08:00 ] [ log ] asd123111.icu/99/?uc_sm=1 [运行时间：0.010652s][吞吐率：93.88req/s] [内存消耗：1,865.45kb] [文件加载：51]
[ error ] [8]未定义数组下标: 1

---------------------------------------------------------------
[ 2023-08-06T12:49:04+08:00 ] [ log ] asd123111.icu/99/favicon.ico [运行时间：0.009810s][吞吐率：101.94req/s] [内存消耗：1,650.74kb] [文件加载：44]
[ error ] [8]未定义数组下标: 1

---------------------------------------------------------------
[ 2023-08-06T12:49:06+08:00 ] [ log ] asd123111.icu/99/index/open.html [运行时间：0.021873s][吞吐率：45.72req/s] [内存消耗：1,865.13kb] [文件加载：50]
[ error ] [8]未定义数组下标: 1

---------------------------------------------------------------
[ 2023-08-06T13:19:36+08:00 ] [ log ] at888.icu/99/ [运行时间：0.024063s][吞吐率：41.56req/s] [内存消耗：1,864.80kb] [文件加载：51]
[ error ] [8]未定义数组下标: 1

---------------------------------------------------------------
[ 2023-08-06T13:19:37+08:00 ] [ log ] at888.icu/99/favicon.ico [运行时间：0.010033s][吞吐率：99.67req/s] [内存消耗：1,650.74kb] [文件加载：44]
[ error ] [8]未定义数组下标: 1

---------------------------------------------------------------
[ 2023-08-06T13:19:39+08:00 ] [ log ] at888.icu/99/index/open.html [运行时间：0.010716s][吞吐率：93.32req/s] [内存消耗：1,865.12kb] [文件加载：50]
[ error ] [8]未定义数组下标: 1

---------------------------------------------------------------
[ 2023-08-06T13:54:09+08:00 ] [ log ] asd123111.icu/99/ [运行时间：0.014738s][吞吐率：67.85req/s] [内存消耗：1,865.34kb] [文件加载：51]
[ error ] [8]未定义数组下标: 1

---------------------------------------------------------------
[ 2023-08-06T13:54:09+08:00 ] [ log ] asd123111.icu/99/favicon.ico [运行时间：0.009973s][吞吐率：100.27req/s] [内存消耗：1,650.74kb] [文件加载：44]
[ error ] [8]未定义数组下标: 1

---------------------------------------------------------------
[ 2023-08-06T13:54:11+08:00 ] [ log ] asd123111.icu/99/index/open.html [运行时间：0.010730s][吞吐率：93.20req/s] [内存消耗：1,865.13kb] [文件加载：50]
[ error ] [8]未定义数组下标: 1

---------------------------------------------------------------
[ 2023-08-06T14:47:49+08:00 ] [ log ] at999.icu/99/ [运行时间：0.012037s][吞吐率：83.08req/s] [内存消耗：1,865.34kb] [文件加载：51]
[ error ] [8]未定义数组下标: 1

---------------------------------------------------------------
[ 2023-08-06T14:47:49+08:00 ] [ log ] at999.icu/99/?uc_sm=1 [运行时间：0.010999s][吞吐率：90.92req/s] [内存消耗：1,865.97kb] [文件加载：51]
[ error ] [8]未定义数组下标: 1

---------------------------------------------------------------
[ 2023-08-06T14:47:50+08:00 ] [ log ] at999.icu/99/favicon.ico [运行时间：0.014153s][吞吐率：70.66req/s] [内存消耗：1,650.74kb] [文件加载：44]
[ error ] [8]未定义数组下标: 1

---------------------------------------------------------------
[ 2023-08-06T14:47:52+08:00 ] [ log ] at999.icu/99/index/open.html [运行时间：0.011475s][吞吐率：87.15req/s] [内存消耗：1,865.12kb] [文件加载：50]
[ error ] [8]未定义数组下标: 1

---------------------------------------------------------------
[ 2023-08-06T15:35:28+08:00 ] [ log ] at999.icu/99/ [运行时间：0.036974s][吞吐率：27.05req/s] [内存消耗：1,864.80kb] [文件加载：51]
[ error ] [8]未定义数组下标: 1

---------------------------------------------------------------
[ 2023-08-06T15:38:03+08:00 ] [ log ] at999.icu/99/favicon.ico [运行时间：0.011332s][吞吐率：88.25req/s] [内存消耗：1,651.28kb] [文件加载：44]
[ error ] [8]未定义数组下标: 1

---------------------------------------------------------------
[ 2023-08-06T15:38:04+08:00 ] [ log ] at999.icu/99/favicon.ico [运行时间：0.014986s][吞吐率：66.73req/s] [内存消耗：1,650.74kb] [文件加载：44]
[ error ] [8]未定义数组下标: 1

---------------------------------------------------------------
[ 2023-08-06T15:38:15+08:00 ] [ log ] at999.icu/99/?uc_sm=1 [运行时间：0.011253s][吞吐率：88.87req/s] [内存消耗：1,865.44kb] [文件加载：51]
[ error ] [8]未定义数组下标: 1

---------------------------------------------------------------
[ 2023-08-06T15:38:16+08:00 ] [ log ] at999.icu/99/ [运行时间：0.010872s][吞吐率：91.98req/s] [内存消耗：1,864.80kb] [文件加载：51]
[ error ] [8]未定义数组下标: 1

---------------------------------------------------------------
[ 2023-08-06T15:38:17+08:00 ] [ log ] at999.icu/99/favicon.ico [运行时间：0.012020s][吞吐率：83.20req/s] [内存消耗：1,650.74kb] [文件加载：44]
[ error ] [8]未定义数组下标: 1

---------------------------------------------------------------
[ 2023-08-06T15:38:20+08:00 ] [ log ] at999.icu/99/index/open.html [运行时间：0.013861s][吞吐率：72.14req/s] [内存消耗：1,865.12kb] [文件加载：50]
[ error ] [8]未定义数组下标: 1

---------------------------------------------------------------
[ 2023-08-06T17:19:21+08:00 ] [ log ] at999.icu/99/?uc_sm=1 [运行时间：0.036347s][吞吐率：27.51req/s] [内存消耗：1,865.97kb] [文件加载：51]
[ error ] [8]未定义数组下标: 1

---------------------------------------------------------------
[ 2023-08-06T17:19:21+08:00 ] [ log ] at999.icu/99/ [运行时间：0.018012s][吞吐率：55.52req/s] [内存消耗：1,865.34kb] [文件加载：51]
[ error ] [8]未定义数组下标: 1

---------------------------------------------------------------
[ 2023-08-06T17:19:26+08:00 ] [ log ] at999.icu/99/favicon.ico [运行时间：0.009621s][吞吐率：103.94req/s] [内存消耗：1,650.74kb] [文件加载：44]
[ error ] [8]未定义数组下标: 1

---------------------------------------------------------------
[ 2023-08-06T17:19:30+08:00 ] [ log ] at999.icu/99/index/open.html [运行时间：0.011495s][吞吐率：86.99req/s] [内存消耗：1,865.12kb] [文件加载：50]
[ error ] [8]未定义数组下标: 1

---------------------------------------------------------------
[ 2023-08-06T17:20:30+08:00 ] [ log ] at999.icu/99/ [运行时间：0.039094s][吞吐率：25.58req/s] [内存消耗：1,864.80kb] [文件加载：51]
[ error ] [8]未定义数组下标: 1

---------------------------------------------------------------
[ 2023-08-06T17:20:37+08:00 ] [ log ] at999.icu/99/?uc_sm=1 [运行时间：0.011148s][吞吐率：89.70req/s] [内存消耗：1,865.44kb] [文件加载：51]
[ error ] [8]未定义数组下标: 1

---------------------------------------------------------------
[ 2023-08-06T17:20:37+08:00 ] [ log ] at999.icu/99/ [运行时间：0.010994s][吞吐率：90.96req/s] [内存消耗：1,864.80kb] [文件加载：51]
[ error ] [8]未定义数组下标: 1

---------------------------------------------------------------
[ 2023-08-06T17:20:41+08:00 ] [ log ] at999.icu/99/index/open.html [运行时间：0.011121s][吞吐率：89.92req/s] [内存消耗：1,865.12kb] [文件加载：50]
[ error ] [8]未定义数组下标: 1

---------------------------------------------------------------
[ 2023-08-06T17:22:52+08:00 ] [ log ] asd282828.icu/99/ [运行时间：0.015815s][吞吐率：63.23req/s] [内存消耗：1,865.34kb] [文件加载：51]
[ error ] [8]未定义数组下标: 1

---------------------------------------------------------------
[ 2023-08-06T17:22:56+08:00 ] [ log ] asd282828.icu/99/favicon.ico [运行时间：0.009456s][吞吐率：105.75req/s] [内存消耗：1,650.74kb] [文件加载：44]
[ error ] [8]未定义数组下标: 1

---------------------------------------------------------------
[ 2023-08-06T17:23:33+08:00 ] [ log ] at999.icu/99/favicon.ico [运行时间：0.010059s][吞吐率：99.41req/s] [内存消耗：1,651.28kb] [文件加载：44]
[ error ] [8]未定义数组下标: 1

---------------------------------------------------------------
[ 2023-08-06T17:23:35+08:00 ] [ log ] at999.icu/99/favicon.ico [运行时间：0.009979s][吞吐率：100.21req/s] [内存消耗：1,650.74kb] [文件加载：44]
[ error ] [8]未定义数组下标: 1

---------------------------------------------------------------
[ 2023-08-06T17:23:37+08:00 ] [ log ] at999.icu/99/favicon.ico [运行时间：0.010692s][吞吐率：93.53req/s] [内存消耗：1,650.74kb] [文件加载：44]
[ error ] [8]未定义数组下标: 1

---------------------------------------------------------------
[ 2023-08-06T17:23:51+08:00 ] [ log ] at888.icu/99/ [运行时间：0.010905s][吞吐率：91.70req/s] [内存消耗：1,865.34kb] [文件加载：51]
[ error ] [8]未定义数组下标: 1

---------------------------------------------------------------
[ 2023-08-06T17:23:52+08:00 ] [ log ] at888.icu/99/ [运行时间：0.011491s][吞吐率：87.03req/s] [内存消耗：1,864.80kb] [文件加载：51]
[ error ] [8]未定义数组下标: 1

---------------------------------------------------------------
[ 2023-08-06T17:23:57+08:00 ] [ log ] at888.icu/99/ [运行时间：0.025731s][吞吐率：38.86req/s] [内存消耗：1,864.80kb] [文件加载：51]
[ error ] [8]未定义数组下标: 1

---------------------------------------------------------------
[ 2023-08-06T17:24:00+08:00 ] [ log ] at888.icu/99/favicon.ico [运行时间：0.009862s][吞吐率：101.40req/s] [内存消耗：1,650.74kb] [文件加载：44]
[ error ] [8]未定义数组下标: 1

---------------------------------------------------------------
[ 2023-08-06T17:24:04+08:00 ] [ log ] at888.icu/99/index/open.html [运行时间：0.026128s][吞吐率：38.27req/s] [内存消耗：1,865.12kb] [文件加载：50]
[ error ] [8]未定义数组下标: 1

---------------------------------------------------------------
[ 2023-08-06T17:24:10+08:00 ] [ log ] at888.icu/99/ [运行时间：0.011148s][吞吐率：89.70req/s] [内存消耗：1,864.80kb] [文件加载：51]
[ error ] [8]未定义数组下标: 1

---------------------------------------------------------------
[ 2023-08-06T17:24:14+08:00 ] [ log ] at888.icu/99/index/open.html [运行时间：0.040213s][吞吐率：24.87req/s] [内存消耗：1,865.12kb] [文件加载：50]
[ error ] [8]未定义数组下标: 1

---------------------------------------------------------------
[ 2023-08-06T17:26:30+08:00 ] [ log ] at888.icu/99/index/open.html [运行时间：0.011280s][吞吐率：88.65req/s] [内存消耗：1,865.12kb] [文件加载：50]
[ error ] [8]未定义数组下标: 1

---------------------------------------------------------------
[ 2023-08-06T17:27:10+08:00 ] [ log ] at999.icu/99/ [运行时间：0.014783s][吞吐率：67.65req/s] [内存消耗：1,864.80kb] [文件加载：51]
[ error ] [8]未定义数组下标: 1

---------------------------------------------------------------
[ 2023-08-06T17:27:10+08:00 ] [ log ] at999.icu/99/?uc_sm=1 [运行时间：0.013954s][吞吐率：71.66req/s] [内存消耗：1,865.44kb] [文件加载：51]
[ error ] [8]未定义数组下标: 1

---------------------------------------------------------------
[ 2023-08-06T17:27:11+08:00 ] [ log ] at999.icu/99/favicon.ico [运行时间：0.010027s][吞吐率：99.73req/s] [内存消耗：1,650.74kb] [文件加载：44]
[ error ] [8]未定义数组下标: 1

---------------------------------------------------------------
[ 2023-08-06T17:27:43+08:00 ] [ log ] at999.icu/99/index/open.html [运行时间：0.015461s][吞吐率：64.68req/s] [内存消耗：1,865.12kb] [文件加载：50]
[ error ] [8]未定义数组下标: 1

---------------------------------------------------------------
[ 2023-08-06T17:28:39+08:00 ] [ log ] at999.icu/99/?uc_sm=1 [运行时间：0.010961s][吞吐率：91.23req/s] [内存消耗：1,865.44kb] [文件加载：51]
[ error ] [8]未定义数组下标: 1

---------------------------------------------------------------
[ 2023-08-06T17:28:39+08:00 ] [ log ] at999.icu/99/ [运行时间：0.010872s][吞吐率：91.98req/s] [内存消耗：1,864.80kb] [文件加载：51]
[ error ] [8]未定义数组下标: 1

---------------------------------------------------------------
[ 2023-08-06T17:28:40+08:00 ] [ log ] at999.icu/99/favicon.ico [运行时间：0.010064s][吞吐率：99.37req/s] [内存消耗：1,650.74kb] [文件加载：44]
[ error ] [8]未定义数组下标: 1

---------------------------------------------------------------
[ 2023-08-06T17:28:47+08:00 ] [ log ] at999.icu/99/index/open.html [运行时间：0.015005s][吞吐率：66.64req/s] [内存消耗：1,865.12kb] [文件加载：50]
[ error ] [8]未定义数组下标: 1

---------------------------------------------------------------
[ 2023-08-06T17:30:45+08:00 ] [ log ] at999.icu/99/ [运行时间：0.040386s][吞吐率：24.76req/s] [内存消耗：1,864.80kb] [文件加载：51]
[ error ] [8]未定义数组下标: 1

---------------------------------------------------------------
[ 2023-08-06T17:30:46+08:00 ] [ log ] at999.icu/99/favicon.ico [运行时间：0.014459s][吞吐率：69.16req/s] [内存消耗：1,650.74kb] [文件加载：44]
[ error ] [8]未定义数组下标: 1

---------------------------------------------------------------
[ 2023-08-06T17:30:50+08:00 ] [ log ] at999.icu/99/index/open.html [运行时间：0.033957s][吞吐率：29.45req/s] [内存消耗：1,865.12kb] [文件加载：50]
[ error ] [8]未定义数组下标: 1

---------------------------------------------------------------
[ 2023-08-06T17:30:51+08:00 ] [ log ] at999.icu/99/ [运行时间：0.014556s][吞吐率：68.70req/s] [内存消耗：1,864.80kb] [文件加载：51]
[ error ] [8]未定义数组下标: 1

---------------------------------------------------------------
[ 2023-08-06T17:30:54+08:00 ] [ log ] at999.icu/99/?uc_sm=1 [运行时间：0.011134s][吞吐率：89.82req/s] [内存消耗：1,865.44kb] [文件加载：51]
[ error ] [8]未定义数组下标: 1

---------------------------------------------------------------
[ 2023-08-06T17:30:54+08:00 ] [ log ] at999.icu/99/ [运行时间：0.011314s][吞吐率：88.38req/s] [内存消耗：1,864.80kb] [文件加载：51]
[ error ] [8]未定义数组下标: 1

---------------------------------------------------------------
[ 2023-08-06T17:30:55+08:00 ] [ log ] at999.icu/99/favicon.ico [运行时间：0.010079s][吞吐率：99.21req/s] [内存消耗：1,650.74kb] [文件加载：44]
[ error ] [8]未定义数组下标: 1

---------------------------------------------------------------
[ 2023-08-06T17:30:59+08:00 ] [ log ] at999.icu/99/index/open.html [运行时间：0.014463s][吞吐率：69.14req/s] [内存消耗：1,865.12kb] [文件加载：50]
[ error ] [8]未定义数组下标: 1

---------------------------------------------------------------
[ 2023-08-06T17:30:59+08:00 ] [ log ] at999.icu/99/index/open.html [运行时间：0.022649s][吞吐率：44.15req/s] [内存消耗：1,865.12kb] [文件加载：50]
[ error ] [8]未定义数组下标: 1

---------------------------------------------------------------
[ 2023-08-06T17:34:16+08:00 ] [ log ] at999.icu/99/index/open.html [运行时间：0.010924s][吞吐率：91.54req/s] [内存消耗：1,865.12kb] [文件加载：50]
[ error ] [8]未定义数组下标: 1

---------------------------------------------------------------
[ 2023-08-06T17:37:02+08:00 ] [ log ] at999.icu/99/ [运行时间：0.011014s][吞吐率：90.79req/s] [内存消耗：1,864.80kb] [文件加载：51]
[ error ] [8]未定义数组下标: 1

---------------------------------------------------------------
[ 2023-08-06T17:37:03+08:00 ] [ log ] at999.icu/99/favicon.ico [运行时间：0.010144s][吞吐率：98.58req/s] [内存消耗：1,650.74kb] [文件加载：44]
[ error ] [8]未定义数组下标: 1

---------------------------------------------------------------
[ 2023-08-06T17:37:06+08:00 ] [ log ] at999.icu/99/index/open.html [运行时间：0.015843s][吞吐率：63.12req/s] [内存消耗：1,865.12kb] [文件加载：50]
[ error ] [8]未定义数组下标: 1

---------------------------------------------------------------
[ 2023-08-06T17:41:16+08:00 ] [ log ] at999.icu/99/ [运行时间：0.010813s][吞吐率：92.48req/s] [内存消耗：1,864.80kb] [文件加载：51]
[ error ] [8]未定义数组下标: 1

---------------------------------------------------------------
[ 2023-08-06T17:41:17+08:00 ] [ log ] at999.icu/99/favicon.ico [运行时间：0.010478s][吞吐率：95.44req/s] [内存消耗：1,650.74kb] [文件加载：44]
[ error ] [8]未定义数组下标: 1

---------------------------------------------------------------
[ 2023-08-06T17:41:21+08:00 ] [ log ] at999.icu/99/index/open.html [运行时间：0.039537s][吞吐率：25.29req/s] [内存消耗：1,865.12kb] [文件加载：50]
[ error ] [8]未定义数组下标: 1

---------------------------------------------------------------
[ 2023-08-06T17:59:10+08:00 ] [ log ] at888.icu/99/ [运行时间：0.011117s][吞吐率：89.95req/s] [内存消耗：1,865.34kb] [文件加载：51]
[ error ] [8]未定义数组下标: 1

---------------------------------------------------------------
[ 2023-08-06T17:59:11+08:00 ] [ log ] at888.icu/99/favicon.ico [运行时间：0.009685s][吞吐率：103.25req/s] [内存消耗：1,650.74kb] [文件加载：44]
[ error ] [8]未定义数组下标: 1

---------------------------------------------------------------
[ 2023-08-06T17:59:13+08:00 ] [ log ] at888.icu/99/index/open.html [运行时间：0.033808s][吞吐率：29.58req/s] [内存消耗：1,865.12kb] [文件加载：50]
[ error ] [8]未定义数组下标: 1

---------------------------------------------------------------
[ 2023-08-06T18:07:49+08:00 ] [ log ] asd123111.icu/99/ [运行时间：0.011012s][吞吐率：90.81req/s] [内存消耗：1,865.34kb] [文件加载：51]
[ error ] [8]未定义数组下标: 1

---------------------------------------------------------------
[ 2023-08-06T18:07:50+08:00 ] [ log ] asd123111.icu/99/favicon.ico [运行时间：0.011263s][吞吐率：88.79req/s] [内存消耗：1,650.74kb] [文件加载：44]
[ error ] [8]未定义数组下标: 1

---------------------------------------------------------------
[ 2023-08-06T18:07:52+08:00 ] [ log ] asd123111.icu/99/index/open.html [运行时间：0.012131s][吞吐率：82.43req/s] [内存消耗：1,865.13kb] [文件加载：50]
[ error ] [8]未定义数组下标: 1

---------------------------------------------------------------
[ 2023-08-06T18:13:11+08:00 ] [ log ] at999.icu/99/ [运行时间：0.015144s][吞吐率：66.03req/s] [内存消耗：1,864.80kb] [文件加载：51]
[ error ] [8]未定义数组下标: 1

---------------------------------------------------------------
[ 2023-08-06T18:13:13+08:00 ] [ log ] at999.icu/99/favicon.ico [运行时间：0.020941s][吞吐率：47.75req/s] [内存消耗：1,650.74kb] [文件加载：44]
[ error ] [8]未定义数组下标: 1

---------------------------------------------------------------
[ 2023-08-06T18:13:16+08:00 ] [ log ] at999.icu/99/index/open.html [运行时间：0.010686s][吞吐率：93.58req/s] [内存消耗：1,865.12kb] [文件加载：50]
[ error ] [8]未定义数组下标: 1

---------------------------------------------------------------
[ 2023-08-06T18:14:19+08:00 ] [ log ] at999.icu/99/ [运行时间：0.021440s][吞吐率：46.64req/s] [内存消耗：1,864.80kb] [文件加载：51]
[ error ] [8]未定义数组下标: 1

---------------------------------------------------------------
[ 2023-08-06T18:14:19+08:00 ] [ log ] at999.icu/99/favicon.ico [运行时间：0.014282s][吞吐率：70.02req/s] [内存消耗：1,650.74kb] [文件加载：44]
[ error ] [8]未定义数组下标: 1

---------------------------------------------------------------
[ 2023-08-06T18:14:26+08:00 ] [ log ] at999.icu/99/index/open.html [运行时间：0.023358s][吞吐率：42.81req/s] [内存消耗：1,865.12kb] [文件加载：50]
[ error ] [8]未定义数组下标: 1

---------------------------------------------------------------
[ 2023-08-06T18:20:35+08:00 ] [ log ] at888.icu/99/ [运行时间：0.010835s][吞吐率：92.29req/s] [内存消耗：1,864.80kb] [文件加载：51]
[ error ] [8]未定义数组下标: 1

---------------------------------------------------------------
[ 2023-08-06T18:20:37+08:00 ] [ log ] at888.icu/99/favicon.ico [运行时间：0.009480s][吞吐率：105.49req/s] [内存消耗：1,650.74kb] [文件加载：44]
[ error ] [8]未定义数组下标: 1

---------------------------------------------------------------
[ 2023-08-06T18:20:38+08:00 ] [ log ] at888.icu/99/index/open.html [运行时间：0.010717s][吞吐率：93.31req/s] [内存消耗：1,865.12kb] [文件加载：50]
[ error ] [8]未定义数组下标: 1

---------------------------------------------------------------
