[ 2023-08-07T03:41:51+08:00 ] [ log ] at999.icu/99/ [运行时间：0.011681s][吞吐率：85.61req/s] [内存消耗：1,865.34kb] [文件加载：51]
[ error ] [8]未定义数组下标: 1

---------------------------------------------------------------
[ 2023-08-07T03:41:53+08:00 ] [ log ] at999.icu/99/favicon.ico [运行时间：0.026876s][吞吐率：37.21req/s] [内存消耗：1,650.74kb] [文件加载：44]
[ error ] [8]未定义数组下标: 1

---------------------------------------------------------------
[ 2023-08-07T03:41:56+08:00 ] [ log ] at999.icu/99/index/open.html [运行时间：0.010737s][吞吐率：93.14req/s] [内存消耗：1,865.12kb] [文件加载：50]
[ error ] [8]未定义数组下标: 1

---------------------------------------------------------------
[ 2023-08-07T05:26:34+08:00 ] [ log ] asd123111.icu/99/ [运行时间：0.010955s][吞吐率：91.28req/s] [内存消耗：1,865.34kb] [文件加载：51]
[ error ] [8]未定义数组下标: 1

---------------------------------------------------------------
[ 2023-08-07T05:26:34+08:00 ] [ log ] asd123111.icu/99/favicon.ico [运行时间：0.009339s][吞吐率：107.08req/s] [内存消耗：1,650.74kb] [文件加载：44]
[ error ] [8]未定义数组下标: 1

---------------------------------------------------------------
[ 2023-08-07T05:26:37+08:00 ] [ log ] asd123111.icu/99/index/open.html [运行时间：0.010976s][吞吐率：91.11req/s] [内存消耗：1,865.13kb] [文件加载：50]
[ error ] [8]未定义数组下标: 1

---------------------------------------------------------------
[ 2023-08-07T05:27:04+08:00 ] [ log ] asd123111.icu/99/ [运行时间：0.011122s][吞吐率：89.91req/s] [内存消耗：1,864.81kb] [文件加载：51]
[ error ] [8]未定义数组下标: 1

---------------------------------------------------------------
[ 2023-08-07T05:27:04+08:00 ] [ log ] asd123111.icu/99/favicon.ico [运行时间：0.013111s][吞吐率：76.27req/s] [内存消耗：1,650.74kb] [文件加载：44]
[ error ] [8]未定义数组下标: 1

---------------------------------------------------------------
[ 2023-08-07T05:27:07+08:00 ] [ log ] asd123111.icu/99/index/open.html [运行时间：0.010852s][吞吐率：92.15req/s] [内存消耗：1,865.13kb] [文件加载：50]
[ error ] [8]未定义数组下标: 1

---------------------------------------------------------------
[ 2023-08-07T05:36:14+08:00 ] [ log ] asd123111.icu/99/ [运行时间：0.011001s][吞吐率：90.90req/s] [内存消耗：1,864.81kb] [文件加载：51]
[ error ] [8]未定义数组下标: 1

---------------------------------------------------------------
[ 2023-08-07T05:37:28+08:00 ] [ log ] asd123111.icu/99/ [运行时间：0.011553s][吞吐率：86.56req/s] [内存消耗：1,864.81kb] [文件加载：51]
[ error ] [8]未定义数组下标: 1

---------------------------------------------------------------
[ 2023-08-07T05:37:28+08:00 ] [ log ] asd123111.icu/99/favicon.ico [运行时间：0.010010s][吞吐率：99.90req/s] [内存消耗：1,650.74kb] [文件加载：44]
[ error ] [8]未定义数组下标: 1

---------------------------------------------------------------
[ 2023-08-07T05:37:30+08:00 ] [ log ] asd123111.icu/99/index/open.html [运行时间：0.021154s][吞吐率：47.27req/s] [内存消耗：1,865.13kb] [文件加载：50]
[ error ] [8]未定义数组下标: 1

---------------------------------------------------------------
[ 2023-08-07T09:37:13+08:00 ] [ log ] asd123111.icu/99/?uc_sm=1 [运行时间：0.011503s][吞吐率：86.93req/s] [内存消耗：1,865.98kb] [文件加载：51]
[ error ] [8]未定义数组下标: 1

---------------------------------------------------------------
[ 2023-08-07T09:37:14+08:00 ] [ log ] asd123111.icu/99/ [运行时间：0.011399s][吞吐率：87.73req/s] [内存消耗：1,865.34kb] [文件加载：51]
[ error ] [8]未定义数组下标: 1

---------------------------------------------------------------
[ 2023-08-07T09:37:16+08:00 ] [ log ] asd123111.icu/99/favicon.ico [运行时间：0.009824s][吞吐率：101.79req/s] [内存消耗：1,650.74kb] [文件加载：44]
[ error ] [8]未定义数组下标: 1

---------------------------------------------------------------
[ 2023-08-07T09:37:19+08:00 ] [ log ] asd123111.icu/99/index/open.html [运行时间：0.010829s][吞吐率：92.34req/s] [内存消耗：1,865.13kb] [文件加载：50]
[ error ] [8]未定义数组下标: 1

---------------------------------------------------------------
[ 2023-08-07T09:38:12+08:00 ] [ log ] asd282828.icu/99/ [运行时间：0.011190s][吞吐率：89.37req/s] [内存消耗：1,865.34kb] [文件加载：51]
[ error ] [8]未定义数组下标: 1

---------------------------------------------------------------
[ 2023-08-07T09:38:13+08:00 ] [ log ] asd282828.icu/99/favicon.ico [运行时间：0.020573s][吞吐率：48.61req/s] [内存消耗：1,650.74kb] [文件加载：44]
[ error ] [8]未定义数组下标: 1

---------------------------------------------------------------
[ 2023-08-07T09:38:37+08:00 ] [ log ] asd282828.icu/99/ [运行时间：0.010775s][吞吐率：92.81req/s] [内存消耗：1,864.81kb] [文件加载：51]
[ error ] [8]未定义数组下标: 1

---------------------------------------------------------------
[ 2023-08-07T09:38:40+08:00 ] [ log ] asd282828.icu/99/index/open.html [运行时间：0.011464s][吞吐率：87.23req/s] [内存消耗：1,865.13kb] [文件加载：50]
[ error ] [8]未定义数组下标: 1

---------------------------------------------------------------
[ 2023-08-07T09:39:03+08:00 ] [ log ] asd282828.icu/99/ [运行时间：0.038721s][吞吐率：25.83req/s] [内存消耗：1,864.81kb] [文件加载：51]
[ error ] [8]未定义数组下标: 1

---------------------------------------------------------------
[ 2023-08-07T10:49:36+08:00 ] [ log ] asd123111.icu/99/?uc_sm=1 [运行时间：0.039796s][吞吐率：25.13req/s] [内存消耗：1,865.98kb] [文件加载：51]
[ error ] [8]未定义数组下标: 1

---------------------------------------------------------------
[ 2023-08-07T10:49:36+08:00 ] [ log ] asd123111.icu/99/ [运行时间：0.021651s][吞吐率：46.19req/s] [内存消耗：1,865.34kb] [文件加载：51]
[ error ] [8]未定义数组下标: 1

---------------------------------------------------------------
[ 2023-08-07T10:49:36+08:00 ] [ log ] asd123111.icu/99/favicon.ico [运行时间：0.009140s][吞吐率：109.41req/s] [内存消耗：1,650.74kb] [文件加载：44]
[ error ] [8]未定义数组下标: 1

---------------------------------------------------------------
[ 2023-08-07T10:49:40+08:00 ] [ log ] asd123111.icu/99/index/open.html [运行时间：0.011318s][吞吐率：88.36req/s] [内存消耗：1,865.13kb] [文件加载：50]
[ error ] [8]未定义数组下标: 1

---------------------------------------------------------------
[ 2023-08-07T10:50:00+08:00 ] [ log ] asd123111.icu/99/?uc_sm=1 [运行时间：0.011086s][吞吐率：90.20req/s] [内存消耗：1,865.45kb] [文件加载：51]
[ error ] [8]未定义数组下标: 1

---------------------------------------------------------------
[ 2023-08-07T10:50:00+08:00 ] [ log ] asd123111.icu/99/ [运行时间：0.018178s][吞吐率：55.01req/s] [内存消耗：1,864.81kb] [文件加载：51]
[ error ] [8]未定义数组下标: 1

---------------------------------------------------------------
[ 2023-08-07T10:50:02+08:00 ] [ log ] asd123111.icu/99/favicon.ico [运行时间：0.010108s][吞吐率：98.93req/s] [内存消耗：1,650.74kb] [文件加载：44]
[ error ] [8]未定义数组下标: 1

---------------------------------------------------------------
[ 2023-08-07T10:50:04+08:00 ] [ log ] asd123111.icu/99/index/open.html [运行时间：0.011466s][吞吐率：87.21req/s] [内存消耗：1,865.13kb] [文件加载：50]
[ error ] [8]未定义数组下标: 1

---------------------------------------------------------------
[ 2023-08-07T11:58:01+08:00 ] [ log ] at999.icu/99/?uc_sm=1 [运行时间：0.011697s][吞吐率：85.49req/s] [内存消耗：1,865.97kb] [文件加载：51]
[ error ] [8]未定义数组下标: 1

---------------------------------------------------------------
[ 2023-08-07T11:58:02+08:00 ] [ log ] at999.icu/99/ [运行时间：0.013938s][吞吐率：71.75req/s] [内存消耗：1,865.34kb] [文件加载：51]
[ error ] [8]未定义数组下标: 1

---------------------------------------------------------------
[ 2023-08-07T11:58:03+08:00 ] [ log ] at999.icu/99/favicon.ico [运行时间：0.009837s][吞吐率：101.66req/s] [内存消耗：1,650.74kb] [文件加载：44]
[ error ] [8]未定义数组下标: 1

---------------------------------------------------------------
[ 2023-08-07T11:58:05+08:00 ] [ log ] at999.icu/99/index/open.html [运行时间：0.038053s][吞吐率：26.28req/s] [内存消耗：1,865.12kb] [文件加载：50]
[ error ] [8]未定义数组下标: 1

---------------------------------------------------------------
[ 2023-08-07T11:59:11+08:00 ] [ log ] at888.icu/99/ [运行时间：0.010743s][吞吐率：93.08req/s] [内存消耗：1,865.34kb] [文件加载：51]
[ error ] [8]未定义数组下标: 1

---------------------------------------------------------------
[ 2023-08-07T11:59:13+08:00 ] [ log ] at888.icu/99/favicon.ico [运行时间：0.009538s][吞吐率：104.84req/s] [内存消耗：1,650.74kb] [文件加载：44]
[ error ] [8]未定义数组下标: 1

---------------------------------------------------------------
[ 2023-08-07T11:59:15+08:00 ] [ log ] at888.icu/99/index/open.html [运行时间：0.011363s][吞吐率：88.00req/s] [内存消耗：1,865.12kb] [文件加载：50]
[ error ] [8]未定义数组下标: 1

---------------------------------------------------------------
[ 2023-08-07T13:21:54+08:00 ] [ log ] at888.icu/99/ [运行时间：0.015252s][吞吐率：65.57req/s] [内存消耗：1,865.34kb] [文件加载：51]
[ error ] [8]未定义数组下标: 1

---------------------------------------------------------------
[ 2023-08-07T13:21:56+08:00 ] [ log ] at888.icu/99/favicon.ico [运行时间：0.009322s][吞吐率：107.27req/s] [内存消耗：1,650.74kb] [文件加载：44]
[ error ] [8]未定义数组下标: 1

---------------------------------------------------------------
[ 2023-08-07T13:21:57+08:00 ] [ log ] asd123111.icu/99/ [运行时间：0.012976s][吞吐率：77.06req/s] [内存消耗：1,865.34kb] [文件加载：51]
[ error ] [8]未定义数组下标: 1

---------------------------------------------------------------
[ 2023-08-07T13:21:57+08:00 ] [ log ] at888.icu/99/index/open.html [运行时间：0.024646s][吞吐率：40.57req/s] [内存消耗：1,865.12kb] [文件加载：50]
[ error ] [8]未定义数组下标: 1

---------------------------------------------------------------
[ 2023-08-07T13:22:02+08:00 ] [ log ] asd123111.icu/99/index/open.html [运行时间：0.011140s][吞吐率：89.77req/s] [内存消耗：1,865.13kb] [文件加载：50]
[ error ] [8]未定义数组下标: 1

---------------------------------------------------------------
[ 2023-08-07T14:37:36+08:00 ] [ log ] at888.icu/99/ [运行时间：0.011116s][吞吐率：89.96req/s] [内存消耗：1,865.34kb] [文件加载：51]
[ error ] [8]未定义数组下标: 1

---------------------------------------------------------------
[ 2023-08-07T14:37:37+08:00 ] [ log ] at888.icu/99/favicon.ico [运行时间：0.035170s][吞吐率：28.43req/s] [内存消耗：1,650.74kb] [文件加载：44]
[ error ] [8]未定义数组下标: 1

---------------------------------------------------------------
[ 2023-08-07T14:37:39+08:00 ] [ log ] at888.icu/99/index/open.html [运行时间：0.021635s][吞吐率：46.22req/s] [内存消耗：1,865.12kb] [文件加载：50]
[ error ] [8]未定义数组下标: 1

---------------------------------------------------------------
[ 2023-08-07T15:40:26+08:00 ] [ log ] at999.icu/99/ [运行时间：0.024389s][吞吐率：41.00req/s] [内存消耗：1,865.34kb] [文件加载：51]
[ error ] [8]未定义数组下标: 1

---------------------------------------------------------------
[ 2023-08-07T15:40:28+08:00 ] [ log ] at999.icu/99/ [运行时间：0.014753s][吞吐率：67.78req/s] [内存消耗：1,865.34kb] [文件加载：51]
[ error ] [8]未定义数组下标: 1

---------------------------------------------------------------
[ 2023-08-07T15:40:33+08:00 ] [ log ] at999.icu/99/favicon.ico [运行时间：0.016250s][吞吐率：61.54req/s] [内存消耗：1,650.74kb] [文件加载：44]
[ error ] [8]未定义数组下标: 1

---------------------------------------------------------------
[ 2023-08-07T15:40:36+08:00 ] [ log ] at999.icu/99/index/open.html [运行时间：0.016892s][吞吐率：59.20req/s] [内存消耗：1,865.12kb] [文件加载：50]
[ error ] [8]未定义数组下标: 1

---------------------------------------------------------------
[ 2023-08-07T15:42:47+08:00 ] [ log ] at999.icu/99/ [运行时间：0.017922s][吞吐率：55.80req/s] [内存消耗：1,864.80kb] [文件加载：51]
[ error ] [8]未定义数组下标: 1

---------------------------------------------------------------
[ 2023-08-07T15:42:49+08:00 ] [ log ] at999.icu/99/favicon.ico [运行时间：0.009484s][吞吐率：105.44req/s] [内存消耗：1,650.74kb] [文件加载：44]
[ error ] [8]未定义数组下标: 1

---------------------------------------------------------------
[ 2023-08-07T15:42:54+08:00 ] [ log ] at999.icu/99/index/open.html [运行时间：0.010863s][吞吐率：92.06req/s] [内存消耗：1,865.12kb] [文件加载：50]
[ error ] [8]未定义数组下标: 1

---------------------------------------------------------------
[ 2023-08-07T16:44:44+08:00 ] [ log ] at999.icu/99/ [运行时间：0.015730s][吞吐率：63.57req/s] [内存消耗：1,865.34kb] [文件加载：51]
[ error ] [8]未定义数组下标: 1

---------------------------------------------------------------
[ 2023-08-07T16:44:45+08:00 ] [ log ] at999.icu/99/favicon.ico [运行时间：0.009747s][吞吐率：102.60req/s] [内存消耗：1,650.74kb] [文件加载：44]
[ error ] [8]未定义数组下标: 1

---------------------------------------------------------------
[ 2023-08-07T17:03:51+08:00 ] [ log ] asd181818.icu/99/ [运行时间：0.035267s][吞吐率：28.36req/s] [内存消耗：1,865.34kb] [文件加载：51]
[ error ] [8]未定义数组下标: 1

---------------------------------------------------------------
[ 2023-08-07T17:03:52+08:00 ] [ log ] asd181818.icu/99/favicon.ico [运行时间：0.009452s][吞吐率：105.80req/s] [内存消耗：1,650.74kb] [文件加载：44]
[ error ] [8]未定义数组下标: 1

---------------------------------------------------------------
[ 2023-08-07T17:03:54+08:00 ] [ log ] asd181818.icu/99/index/open.html [运行时间：0.030336s][吞吐率：32.96req/s] [内存消耗：1,865.13kb] [文件加载：50]
[ error ] [8]未定义数组下标: 1

---------------------------------------------------------------
[ 2023-08-07T17:06:50+08:00 ] [ log ] at888.icu/99/?uc_sm=1 [运行时间：0.012613s][吞吐率：79.28req/s] [内存消耗：1,865.97kb] [文件加载：51]
[ error ] [8]未定义数组下标: 1

---------------------------------------------------------------
[ 2023-08-07T17:06:50+08:00 ] [ log ] at888.icu/99/ [运行时间：0.011354s][吞吐率：88.07req/s] [内存消耗：1,865.34kb] [文件加载：51]
[ error ] [8]未定义数组下标: 1

---------------------------------------------------------------
[ 2023-08-07T17:06:55+08:00 ] [ log ] at888.icu/99/favicon.ico [运行时间：0.011550s][吞吐率：86.58req/s] [内存消耗：1,650.74kb] [文件加载：44]
[ error ] [8]未定义数组下标: 1

---------------------------------------------------------------
[ 2023-08-07T17:07:03+08:00 ] [ log ] at888.icu/99/index/open.html [运行时间：0.037411s][吞吐率：26.73req/s] [内存消耗：1,865.12kb] [文件加载：50]
[ error ] [8]未定义数组下标: 1

---------------------------------------------------------------
[ 2023-08-07T17:28:30+08:00 ] [ log ] at888.icu/99/ [运行时间：0.013866s][吞吐率：72.12req/s] [内存消耗：1,864.80kb] [文件加载：51]
[ error ] [8]未定义数组下标: 1

---------------------------------------------------------------
[ 2023-08-07T17:28:33+08:00 ] [ log ] at888.icu/99/favicon.ico [运行时间：0.009436s][吞吐率：105.98req/s] [内存消耗：1,650.74kb] [文件加载：44]
[ error ] [8]未定义数组下标: 1

---------------------------------------------------------------
[ 2023-08-07T17:28:40+08:00 ] [ log ] at888.icu/99/?uc_sm=1 [运行时间：0.010726s][吞吐率：93.23req/s] [内存消耗：1,865.44kb] [文件加载：51]
[ error ] [8]未定义数组下标: 1

---------------------------------------------------------------
[ 2023-08-07T17:28:40+08:00 ] [ log ] at888.icu/99/ [运行时间：0.015857s][吞吐率：63.06req/s] [内存消耗：1,864.80kb] [文件加载：51]
[ error ] [8]未定义数组下标: 1

---------------------------------------------------------------
[ 2023-08-07T17:28:42+08:00 ] [ log ] at888.icu/99/favicon.ico [运行时间：0.011664s][吞吐率：85.73req/s] [内存消耗：1,650.74kb] [文件加载：44]
[ error ] [8]未定义数组下标: 1

---------------------------------------------------------------
[ 2023-08-07T17:28:44+08:00 ] [ log ] at888.icu/99/index/open.html [运行时间：0.013278s][吞吐率：75.31req/s] [内存消耗：1,865.12kb] [文件加载：50]
[ error ] [8]未定义数组下标: 1

---------------------------------------------------------------
[ 2023-08-07T17:28:45+08:00 ] [ log ] at888.icu/99/index/open.html [运行时间：0.010864s][吞吐率：92.05req/s] [内存消耗：1,865.12kb] [文件加载：50]
[ error ] [8]未定义数组下标: 1

---------------------------------------------------------------
[ 2023-08-07T18:25:18+08:00 ] [ log ] at888.icu/99/ [运行时间：0.014269s][吞吐率：70.08req/s] [内存消耗：1,865.34kb] [文件加载：51]
[ error ] [8]未定义数组下标: 1

---------------------------------------------------------------
[ 2023-08-07T18:25:19+08:00 ] [ log ] at888.icu/99/favicon.ico [运行时间：0.018198s][吞吐率：54.95req/s] [内存消耗：1,650.74kb] [文件加载：44]
[ error ] [8]未定义数组下标: 1

---------------------------------------------------------------
[ 2023-08-07T18:38:51+08:00 ] [ log ] at888.icu/99/index/open.html [运行时间：0.013393s][吞吐率：74.67req/s] [内存消耗：1,865.12kb] [文件加载：50]
[ error ] [8]未定义数组下标: 1

---------------------------------------------------------------
[ 2023-08-07T20:11:23+08:00 ] [ log ] at888.icu/99/ [运行时间：0.014056s][吞吐率：71.14req/s] [内存消耗：1,865.34kb] [文件加载：51]
[ error ] [8]未定义数组下标: 1

---------------------------------------------------------------
[ 2023-08-07T20:18:46+08:00 ] [ log ] at888.icu/99/ [运行时间：0.015513s][吞吐率：64.46req/s] [内存消耗：1,865.34kb] [文件加载：51]
[ error ] [8]未定义数组下标: 1

---------------------------------------------------------------
[ 2023-08-07T20:18:48+08:00 ] [ log ] at888.icu/99/favicon.ico [运行时间：0.009191s][吞吐率：108.80req/s] [内存消耗：1,650.74kb] [文件加载：44]
[ error ] [8]未定义数组下标: 1

---------------------------------------------------------------
[ 2023-08-07T20:18:49+08:00 ] [ log ] at888.icu/99/index/open.html [运行时间：0.017578s][吞吐率：56.89req/s] [内存消耗：1,865.12kb] [文件加载：50]
[ error ] [8]未定义数组下标: 1

---------------------------------------------------------------
[ 2023-08-07T20:19:42+08:00 ] [ log ] at888.icu/99/ [运行时间：0.010898s][吞吐率：91.76req/s] [内存消耗：1,857.64kb] [文件加载：48]
[ error ] [8]Undefined offset: 1

---------------------------------------------------------------
[ 2023-08-07T20:19:47+08:00 ] [ log ] at888.icu/99/index/open.html [运行时间：0.028225s][吞吐率：35.43req/s] [内存消耗：1,857.41kb] [文件加载：47]
[ error ] [8]Undefined offset: 1

---------------------------------------------------------------
[ 2023-08-07T20:32:49+08:00 ] [ log ] at888.icu/99/ [运行时间：0.011149s][吞吐率：89.69req/s] [内存消耗：1,857.10kb] [文件加载：48]
[ error ] [8]Undefined offset: 1

---------------------------------------------------------------
[ 2023-08-07T20:32:53+08:00 ] [ log ] at888.icu/99/index/open.html [运行时间：0.028281s][吞吐率：35.36req/s] [内存消耗：1,857.41kb] [文件加载：47]
[ error ] [8]Undefined offset: 1

---------------------------------------------------------------
[ 2023-08-07T20:33:11+08:00 ] [ log ] at888.icu/99/ [运行时间：0.013746s][吞吐率：72.75req/s] [内存消耗：1,857.10kb] [文件加载：48]
[ error ] [8]Undefined offset: 1

---------------------------------------------------------------
[ 2023-08-07T20:33:14+08:00 ] [ log ] at888.icu/99/index/open.html [运行时间：0.010766s][吞吐率：92.88req/s] [内存消耗：1,857.41kb] [文件加载：47]
[ error ] [8]Undefined offset: 1

---------------------------------------------------------------
[ 2023-08-07T21:02:12+08:00 ] [ log ] at888.icu/99/ [运行时间：0.010860s][吞吐率：92.08req/s] [内存消耗：1,857.10kb] [文件加载：48]
[ error ] [8]Undefined offset: 1

---------------------------------------------------------------
[ 2023-08-07T21:02:12+08:00 ] [ log ] at888.icu/99/ [运行时间：0.011157s][吞吐率：89.63req/s] [内存消耗：1,857.10kb] [文件加载：48]
[ error ] [8]Undefined offset: 1

---------------------------------------------------------------
[ 2023-08-07T21:02:16+08:00 ] [ log ] at888.icu/99/index/open.html [运行时间：0.010677s][吞吐率：93.66req/s] [内存消耗：1,857.41kb] [文件加载：47]
[ error ] [8]Undefined offset: 1

---------------------------------------------------------------
[ 2023-08-07T21:02:20+08:00 ] [ log ] at888.icu/99/ [运行时间：0.010898s][吞吐率：91.76req/s] [内存消耗：1,865.34kb] [文件加载：51]
[ error ] [8]未定义数组下标: 1

---------------------------------------------------------------
[ 2023-08-07T21:02:21+08:00 ] [ log ] at888.icu/99/ [运行时间：0.015022s][吞吐率：66.57req/s] [内存消耗：1,865.34kb] [文件加载：51]
[ error ] [8]未定义数组下标: 1

---------------------------------------------------------------
[ 2023-08-07T21:02:24+08:00 ] [ log ] at888.icu/99/favicon.ico [运行时间：0.015382s][吞吐率：65.01req/s] [内存消耗：1,650.74kb] [文件加载：44]
[ error ] [8]未定义数组下标: 1

---------------------------------------------------------------
[ 2023-08-07T21:02:29+08:00 ] [ log ] at888.icu/99/index/open.html [运行时间：0.029241s][吞吐率：34.20req/s] [内存消耗：1,865.12kb] [文件加载：50]
[ error ] [8]未定义数组下标: 1

---------------------------------------------------------------
[ 2023-08-07T21:02:35+08:00 ] [ log ] at888.icu/99/ [运行时间：0.010989s][吞吐率：91.00req/s] [内存消耗：1,857.10kb] [文件加载：48]
[ error ] [8]Undefined offset: 1

---------------------------------------------------------------
[ 2023-08-07T21:02:39+08:00 ] [ log ] at888.icu/99/index/open.html [运行时间：0.012771s][吞吐率：78.30req/s] [内存消耗：1,857.41kb] [文件加载：47]
[ error ] [8]Undefined offset: 1

---------------------------------------------------------------
[ 2023-08-07T21:08:31+08:00 ] [ log ] at888.icu/99/ [运行时间：0.011012s][吞吐率：90.81req/s] [内存消耗：1,857.10kb] [文件加载：48]
[ error ] [8]Undefined offset: 1

---------------------------------------------------------------
[ 2023-08-07T21:08:34+08:00 ] [ log ] at888.icu/99/index/open.html [运行时间：0.014872s][吞吐率：67.24req/s] [内存消耗：1,857.41kb] [文件加载：47]
[ error ] [8]Undefined offset: 1

---------------------------------------------------------------
[ 2023-08-07T21:45:41+08:00 ] [ log ] at888.icu/99/ [运行时间：0.011501s][吞吐率：86.95req/s] [内存消耗：1,857.64kb] [文件加载：48]
[ error ] [8]Undefined offset: 1

---------------------------------------------------------------
[ 2023-08-07T21:45:44+08:00 ] [ log ] at888.icu/99/index/open.html [运行时间：0.017983s][吞吐率：55.61req/s] [内存消耗：1,857.41kb] [文件加载：47]
[ error ] [8]Undefined offset: 1

---------------------------------------------------------------
[ 2023-08-07T22:48:10+08:00 ] [ log ] at888.icu/99/ [运行时间：0.015160s][吞吐率：65.96req/s] [内存消耗：1,857.64kb] [文件加载：48]
[ error ] [8]Undefined offset: 1

---------------------------------------------------------------
[ 2023-08-07T22:48:13+08:00 ] [ log ] at888.icu/99/index/open.html [运行时间：0.010748s][吞吐率：93.04req/s] [内存消耗：1,857.41kb] [文件加载：47]
[ error ] [8]Undefined offset: 1

---------------------------------------------------------------
[ 2023-08-07T23:00:16+08:00 ] [ log ] at888.icu/99/ [运行时间：0.011147s][吞吐率：89.71req/s] [内存消耗：1,857.10kb] [文件加载：48]
[ error ] [8]Undefined offset: 1

---------------------------------------------------------------
[ 2023-08-07T23:00:19+08:00 ] [ log ] at888.icu/99/index/open.html [运行时间：0.010635s][吞吐率：94.03req/s] [内存消耗：1,857.41kb] [文件加载：47]
[ error ] [8]Undefined offset: 1

---------------------------------------------------------------
