[ 2023-08-08T00:15:43+08:00 ] [ log ] at888.icu/99/ [运行时间：0.014938s][吞吐率：66.94req/s] [内存消耗：1,857.64kb] [文件加载：48]
[ error ] [8]Undefined offset: 1

---------------------------------------------------------------
[ 2023-08-08T00:15:47+08:00 ] [ log ] at888.icu/99/ [运行时间：0.010890s][吞吐率：91.83req/s] [内存消耗：1,857.10kb] [文件加载：48]
[ error ] [8]Undefined offset: 1

---------------------------------------------------------------
[ 2023-08-08T00:15:54+08:00 ] [ log ] at888.icu/99/index/open.html [运行时间：0.014659s][吞吐率：68.22req/s] [内存消耗：1,857.41kb] [文件加载：47]
[ error ] [8]Undefined offset: 1

---------------------------------------------------------------
[ 2023-08-08T00:16:27+08:00 ] [ log ] at888.icu/99/ [运行时间：0.015258s][吞吐率：65.54req/s] [内存消耗：1,857.10kb] [文件加载：48]
[ error ] [8]Undefined offset: 1

---------------------------------------------------------------
[ 2023-08-08T00:16:30+08:00 ] [ log ] at888.icu/99/index/open.html [运行时间：0.010654s][吞吐率：93.86req/s] [内存消耗：1,857.41kb] [文件加载：47]
[ error ] [8]Undefined offset: 1

---------------------------------------------------------------
[ 2023-08-08T00:19:43+08:00 ] [ log ] at888.icu/99/ [运行时间：0.015133s][吞吐率：66.08req/s] [内存消耗：1,857.10kb] [文件加载：48]
[ error ] [8]Undefined offset: 1

---------------------------------------------------------------
[ 2023-08-08T00:19:46+08:00 ] [ log ] at888.icu/99/index/open.html [运行时间：0.012639s][吞吐率：79.12req/s] [内存消耗：1,857.41kb] [文件加载：47]
[ error ] [8]Undefined offset: 1

---------------------------------------------------------------
[ 2023-08-08T00:44:08+08:00 ] [ log ] at888.icu/99/ [运行时间：0.010678s][吞吐率：93.65req/s] [内存消耗：1,857.63kb] [文件加载：48]
[ error ] [8]Undefined offset: 1

---------------------------------------------------------------
[ 2023-08-08T00:44:10+08:00 ] [ log ] at888.icu/99/favicon.ico [运行时间：0.035309s][吞吐率：28.32req/s] [内存消耗：1,643.13kb] [文件加载：42]
[ error ] [8]Undefined offset: 1

---------------------------------------------------------------
[ 2023-08-08T00:49:25+08:00 ] [ log ] at888.icu/99/ [运行时间：0.016234s][吞吐率：61.60req/s] [内存消耗：1,857.10kb] [文件加载：48]
[ error ] [8]Undefined offset: 1

---------------------------------------------------------------
[ 2023-08-08T00:49:28+08:00 ] [ log ] at888.icu/99/index/open.html [运行时间：0.010926s][吞吐率：91.52req/s] [内存消耗：1,857.41kb] [文件加载：47]
[ error ] [8]Undefined offset: 1

---------------------------------------------------------------
[ 2023-08-08T01:43:35+08:00 ] [ log ] at999.icu/99/ [运行时间：0.010949s][吞吐率：91.33req/s] [内存消耗：1,865.34kb] [文件加载：51]
[ error ] [8]未定义数组下标: 1

---------------------------------------------------------------
[ 2023-08-08T01:43:39+08:00 ] [ log ] at999.icu/99/favicon.ico [运行时间：0.009784s][吞吐率：102.21req/s] [内存消耗：1,650.74kb] [文件加载：44]
[ error ] [8]未定义数组下标: 1

---------------------------------------------------------------
[ 2023-08-08T01:43:42+08:00 ] [ log ] at999.icu/99/index/open.html [运行时间：0.026432s][吞吐率：37.83req/s] [内存消耗：1,865.12kb] [文件加载：50]
[ error ] [8]未定义数组下标: 1

---------------------------------------------------------------
[ 2023-08-08T02:08:15+08:00 ] [ log ] asd123111.icu/99/ [运行时间：0.011125s][吞吐率：89.89req/s] [内存消耗：1,865.34kb] [文件加载：51]
[ error ] [8]未定义数组下标: 1

---------------------------------------------------------------
[ 2023-08-08T02:17:59+08:00 ] [ log ] at999.icu/99/ [运行时间：0.030813s][吞吐率：32.45req/s] [内存消耗：1,864.80kb] [文件加载：51]
[ error ] [8]未定义数组下标: 1

---------------------------------------------------------------
[ 2023-08-08T02:18:01+08:00 ] [ log ] at999.icu/99/favicon.ico [运行时间：0.032058s][吞吐率：31.19req/s] [内存消耗：1,650.74kb] [文件加载：44]
[ error ] [8]未定义数组下标: 1

---------------------------------------------------------------
[ 2023-08-08T02:18:04+08:00 ] [ log ] at999.icu/99/index/open.html [运行时间：0.010834s][吞吐率：92.30req/s] [内存消耗：1,865.12kb] [文件加载：50]
[ error ] [8]未定义数组下标: 1

---------------------------------------------------------------
[ 2023-08-08T02:18:19+08:00 ] [ log ] at999.icu/99/index/open.html [运行时间：0.011603s][吞吐率：86.18req/s] [内存消耗：1,865.12kb] [文件加载：50]
[ error ] [8]未定义数组下标: 1

---------------------------------------------------------------
[ 2023-08-08T02:18:32+08:00 ] [ log ] at999.icu/99/index/open.html [运行时间：0.010548s][吞吐率：94.81req/s] [内存消耗：1,865.12kb] [文件加载：50]
[ error ] [8]未定义数组下标: 1

---------------------------------------------------------------
[ 2023-08-08T02:19:01+08:00 ] [ log ] at999.icu/99/ [运行时间：0.010849s][吞吐率：92.17req/s] [内存消耗：1,864.80kb] [文件加载：51]
[ error ] [8]未定义数组下标: 1

---------------------------------------------------------------
[ 2023-08-08T02:19:02+08:00 ] [ log ] at999.icu/99/favicon.ico [运行时间：0.009559s][吞吐率：104.61req/s] [内存消耗：1,650.74kb] [文件加载：44]
[ error ] [8]未定义数组下标: 1

---------------------------------------------------------------
[ 2023-08-08T02:19:04+08:00 ] [ log ] at999.icu/99/index/open.html [运行时间：0.010408s][吞吐率：96.08req/s] [内存消耗：1,865.12kb] [文件加载：50]
[ error ] [8]未定义数组下标: 1

---------------------------------------------------------------
[ 2023-08-08T02:23:44+08:00 ] [ log ] at999.icu/99/ [运行时间：0.035560s][吞吐率：28.12req/s] [内存消耗：1,864.80kb] [文件加载：51]
[ error ] [8]未定义数组下标: 1

---------------------------------------------------------------
[ 2023-08-08T02:23:44+08:00 ] [ log ] at999.icu/99/favicon.ico [运行时间：0.009891s][吞吐率：101.10req/s] [内存消耗：1,650.74kb] [文件加载：44]
[ error ] [8]未定义数组下标: 1

---------------------------------------------------------------
[ 2023-08-08T02:23:47+08:00 ] [ log ] at999.icu/99/index/open.html [运行时间：0.011173s][吞吐率：89.50req/s] [内存消耗：1,865.12kb] [文件加载：50]
[ error ] [8]未定义数组下标: 1

---------------------------------------------------------------
[ 2023-08-08T02:39:16+08:00 ] [ log ] at999.icu/99/ [运行时间：0.010945s][吞吐率：91.37req/s] [内存消耗：1,864.80kb] [文件加载：51]
[ error ] [8]未定义数组下标: 1

---------------------------------------------------------------
[ 2023-08-08T02:39:17+08:00 ] [ log ] at999.icu/99/favicon.ico [运行时间：0.032167s][吞吐率：31.09req/s] [内存消耗：1,650.74kb] [文件加载：44]
[ error ] [8]未定义数组下标: 1

---------------------------------------------------------------
[ 2023-08-08T02:39:19+08:00 ] [ log ] at999.icu/99/index/open.html [运行时间：0.011138s][吞吐率：89.78req/s] [内存消耗：1,865.12kb] [文件加载：50]
[ error ] [8]未定义数组下标: 1

---------------------------------------------------------------
[ 2023-08-08T02:39:36+08:00 ] [ log ] at999.icu/99/index/open.html [运行时间：0.011535s][吞吐率：86.69req/s] [内存消耗：1,865.12kb] [文件加载：50]
[ error ] [8]未定义数组下标: 1

---------------------------------------------------------------
[ 2023-08-08T04:16:44+08:00 ] [ log ] at999.icu/99/ [运行时间：0.015200s][吞吐率：65.79req/s] [内存消耗：1,865.34kb] [文件加载：51]
[ error ] [8]未定义数组下标: 1

---------------------------------------------------------------
[ 2023-08-08T04:16:45+08:00 ] [ log ] at999.icu/99/favicon.ico [运行时间：0.014124s][吞吐率：70.80req/s] [内存消耗：1,650.74kb] [文件加载：44]
[ error ] [8]未定义数组下标: 1

---------------------------------------------------------------
[ 2023-08-08T04:16:47+08:00 ] [ log ] at999.icu/99/index/open.html [运行时间：0.011275s][吞吐率：88.69req/s] [内存消耗：1,865.12kb] [文件加载：50]
[ error ] [8]未定义数组下标: 1

---------------------------------------------------------------
[ 2023-08-08T06:00:00+08:00 ] [ log ] asd123111.icu/99/ [运行时间：0.011626s][吞吐率：86.01req/s] [内存消耗：1,865.34kb] [文件加载：51]
[ error ] [8]未定义数组下标: 1

---------------------------------------------------------------
[ 2023-08-08T06:00:00+08:00 ] [ log ] asd123111.icu/99/?uc_sm=1 [运行时间：0.011025s][吞吐率：90.70req/s] [内存消耗：1,865.98kb] [文件加载：51]
[ error ] [8]未定义数组下标: 1

---------------------------------------------------------------
[ 2023-08-08T06:00:02+08:00 ] [ log ] asd123111.icu/99/favicon.ico [运行时间：0.016412s][吞吐率：60.93req/s] [内存消耗：1,650.74kb] [文件加载：44]
[ error ] [8]未定义数组下标: 1

---------------------------------------------------------------
[ 2023-08-08T06:00:04+08:00 ] [ log ] asd123111.icu/99/index/open.html [运行时间：0.011194s][吞吐率：89.33req/s] [内存消耗：1,865.13kb] [文件加载：50]
[ error ] [8]未定义数组下标: 1

---------------------------------------------------------------
[ 2023-08-08T07:49:42+08:00 ] [ log ] at888.icu/99/ [运行时间：0.036065s][吞吐率：27.73req/s] [内存消耗：1,857.64kb] [文件加载：48]
[ error ] [8]Undefined offset: 1

---------------------------------------------------------------
[ 2023-08-08T07:49:47+08:00 ] [ log ] at888.icu/99/index/open.html [运行时间：0.010804s][吞吐率：92.56req/s] [内存消耗：1,857.41kb] [文件加载：47]
[ error ] [8]Undefined offset: 1

---------------------------------------------------------------
[ 2023-08-08T09:29:00+08:00 ] [ log ] asd123111.icu/99/?uc_sm=1 [运行时间：0.011053s][吞吐率：90.47req/s] [内存消耗：1,865.98kb] [文件加载：51]
[ error ] [8]未定义数组下标: 1

---------------------------------------------------------------
[ 2023-08-08T09:29:00+08:00 ] [ log ] asd123111.icu/99/ [运行时间：0.010674s][吞吐率：93.69req/s] [内存消耗：1,865.34kb] [文件加载：51]
[ error ] [8]未定义数组下标: 1

---------------------------------------------------------------
[ 2023-08-08T09:29:02+08:00 ] [ log ] asd123111.icu/99/favicon.ico [运行时间：0.009271s][吞吐率：107.86req/s] [内存消耗：1,650.74kb] [文件加载：44]
[ error ] [8]未定义数组下标: 1

---------------------------------------------------------------
[ 2023-08-08T09:29:04+08:00 ] [ log ] asd123111.icu/99/index/open.html [运行时间：0.011434s][吞吐率：87.46req/s] [内存消耗：1,865.13kb] [文件加载：50]
[ error ] [8]未定义数组下标: 1

---------------------------------------------------------------
[ 2023-08-08T09:29:59+08:00 ] [ log ] asd123111.icu/99/?uc_sm=1 [运行时间：0.010977s][吞吐率：91.10req/s] [内存消耗：1,865.45kb] [文件加载：51]
[ error ] [8]未定义数组下标: 1

---------------------------------------------------------------
[ 2023-08-08T09:29:59+08:00 ] [ log ] asd123111.icu/99/ [运行时间：0.010958s][吞吐率：91.26req/s] [内存消耗：1,864.81kb] [文件加载：51]
[ error ] [8]未定义数组下标: 1

---------------------------------------------------------------
[ 2023-08-08T09:30:00+08:00 ] [ log ] asd123111.icu/99/favicon.ico [运行时间：0.026311s][吞吐率：38.01req/s] [内存消耗：1,650.74kb] [文件加载：44]
[ error ] [8]未定义数组下标: 1

---------------------------------------------------------------
[ 2023-08-08T09:30:02+08:00 ] [ log ] asd123111.icu/99/index/open.html [运行时间：0.011271s][吞吐率：88.72req/s] [内存消耗：1,865.13kb] [文件加载：50]
[ error ] [8]未定义数组下标: 1

---------------------------------------------------------------
[ 2023-08-08T09:42:57+08:00 ] [ log ] asd123111.icu/99/?uc_sm=1 [运行时间：0.011729s][吞吐率：85.26req/s] [内存消耗：1,865.45kb] [文件加载：51]
[ error ] [8]未定义数组下标: 1

---------------------------------------------------------------
[ 2023-08-08T09:42:57+08:00 ] [ log ] asd123111.icu/99/ [运行时间：0.010778s][吞吐率：92.78req/s] [内存消耗：1,864.81kb] [文件加载：51]
[ error ] [8]未定义数组下标: 1

---------------------------------------------------------------
[ 2023-08-08T09:42:58+08:00 ] [ log ] asd123111.icu/99/favicon.ico [运行时间：0.009996s][吞吐率：100.04req/s] [内存消耗：1,650.74kb] [文件加载：44]
[ error ] [8]未定义数组下标: 1

---------------------------------------------------------------
[ 2023-08-08T09:43:00+08:00 ] [ log ] asd123111.icu/99/index/open.html [运行时间：0.012280s][吞吐率：81.43req/s] [内存消耗：1,865.13kb] [文件加载：50]
[ error ] [8]未定义数组下标: 1

---------------------------------------------------------------
[ 2023-08-08T10:41:02+08:00 ] [ log ] at999.icu/99/ [运行时间：0.038085s][吞吐率：26.26req/s] [内存消耗：1,865.34kb] [文件加载：51]
[ error ] [8]未定义数组下标: 1

---------------------------------------------------------------
[ 2023-08-08T10:41:04+08:00 ] [ log ] at999.icu/99/favicon.ico [运行时间：0.012814s][吞吐率：78.04req/s] [内存消耗：1,650.74kb] [文件加载：44]
[ error ] [8]未定义数组下标: 1

---------------------------------------------------------------
[ 2023-08-08T10:41:06+08:00 ] [ log ] at999.icu/99/index/open.html [运行时间：0.010858s][吞吐率：92.10req/s] [内存消耗：1,865.12kb] [文件加载：50]
[ error ] [8]未定义数组下标: 1

---------------------------------------------------------------
[ 2023-08-08T10:55:47+08:00 ] [ log ] at999.icu/99/ [运行时间：0.040713s][吞吐率：24.56req/s] [内存消耗：1,864.80kb] [文件加载：51]
[ error ] [8]未定义数组下标: 1

---------------------------------------------------------------
[ 2023-08-08T10:55:48+08:00 ] [ log ] at999.icu/99/favicon.ico [运行时间：0.024962s][吞吐率：40.06req/s] [内存消耗：1,650.74kb] [文件加载：44]
[ error ] [8]未定义数组下标: 1

---------------------------------------------------------------
[ 2023-08-08T10:55:49+08:00 ] [ log ] at999.icu/99/ [运行时间：0.011001s][吞吐率：90.90req/s] [内存消耗：1,864.80kb] [文件加载：51]
[ error ] [8]未定义数组下标: 1

---------------------------------------------------------------
[ 2023-08-08T10:55:51+08:00 ] [ log ] at999.icu/99/index/open.html [运行时间：0.016076s][吞吐率：62.21req/s] [内存消耗：1,865.12kb] [文件加载：50]
[ error ] [8]未定义数组下标: 1

---------------------------------------------------------------
[ 2023-08-08T10:58:14+08:00 ] [ log ] at999.icu/99/ [运行时间：0.015643s][吞吐率：63.93req/s] [内存消耗：1,864.80kb] [文件加载：51]
[ error ] [8]未定义数组下标: 1

---------------------------------------------------------------
[ 2023-08-08T10:58:15+08:00 ] [ log ] at999.icu/99/favicon.ico [运行时间：0.009542s][吞吐率：104.80req/s] [内存消耗：1,650.74kb] [文件加载：44]
[ error ] [8]未定义数组下标: 1

---------------------------------------------------------------
[ 2023-08-08T10:58:22+08:00 ] [ log ] at999.icu/99/ [运行时间：0.011053s][吞吐率：90.47req/s] [内存消耗：1,864.80kb] [文件加载：51]
[ error ] [8]未定义数组下标: 1

---------------------------------------------------------------
[ 2023-08-08T10:58:23+08:00 ] [ log ] at999.icu/99/favicon.ico [运行时间：0.009320s][吞吐率：107.30req/s] [内存消耗：1,650.74kb] [文件加载：44]
[ error ] [8]未定义数组下标: 1

---------------------------------------------------------------
[ 2023-08-08T10:58:25+08:00 ] [ log ] at999.icu/99/index/open.html [运行时间：0.034371s][吞吐率：29.09req/s] [内存消耗：1,865.12kb] [文件加载：50]
[ error ] [8]未定义数组下标: 1

---------------------------------------------------------------
[ 2023-08-08T11:05:04+08:00 ] [ log ] asd123111.icu/99/?uc_sm=1 [运行时间：0.025693s][吞吐率：38.92req/s] [内存消耗：1,865.98kb] [文件加载：51]
[ error ] [8]未定义数组下标: 1

---------------------------------------------------------------
[ 2023-08-08T11:05:04+08:00 ] [ log ] asd123111.icu/99/ [运行时间：0.015855s][吞吐率：63.07req/s] [内存消耗：1,865.34kb] [文件加载：51]
[ error ] [8]未定义数组下标: 1

---------------------------------------------------------------
[ 2023-08-08T11:05:05+08:00 ] [ log ] asd123111.icu/99/favicon.ico [运行时间：0.009501s][吞吐率：105.25req/s] [内存消耗：1,650.74kb] [文件加载：44]
[ error ] [8]未定义数组下标: 1

---------------------------------------------------------------
[ 2023-08-08T11:05:07+08:00 ] [ log ] asd123111.icu/99/index/open.html [运行时间：0.026669s][吞吐率：37.50req/s] [内存消耗：1,865.13kb] [文件加载：50]
[ error ] [8]未定义数组下标: 1

---------------------------------------------------------------
[ 2023-08-08T11:07:01+08:00 ] [ log ] at888.icu/99/ [运行时间：0.011367s][吞吐率：87.98req/s] [内存消耗：1,865.34kb] [文件加载：51]
[ error ] [8]未定义数组下标: 1

---------------------------------------------------------------
[ 2023-08-08T11:07:04+08:00 ] [ log ] at888.icu/99/favicon.ico [运行时间：0.010051s][吞吐率：99.49req/s] [内存消耗：1,650.74kb] [文件加载：44]
[ error ] [8]未定义数组下标: 1

---------------------------------------------------------------
[ 2023-08-08T11:07:06+08:00 ] [ log ] at888.icu/99/index/open.html [运行时间：0.011483s][吞吐率：87.09req/s] [内存消耗：1,865.12kb] [文件加载：50]
[ error ] [8]未定义数组下标: 1

---------------------------------------------------------------
[ 2023-08-08T11:07:19+08:00 ] [ log ] at999.icu/99/ [运行时间：0.010960s][吞吐率：91.24req/s] [内存消耗：1,864.80kb] [文件加载：51]
[ error ] [8]未定义数组下标: 1

---------------------------------------------------------------
[ 2023-08-08T11:07:19+08:00 ] [ log ] at999.icu/99/favicon.ico [运行时间：0.009470s][吞吐率：105.60req/s] [内存消耗：1,650.74kb] [文件加载：44]
[ error ] [8]未定义数组下标: 1

---------------------------------------------------------------
[ 2023-08-08T11:07:24+08:00 ] [ log ] at999.icu/99/index/open.html [运行时间：0.010931s][吞吐率：91.48req/s] [内存消耗：1,865.12kb] [文件加载：50]
[ error ] [8]未定义数组下标: 1

---------------------------------------------------------------
[ 2023-08-08T11:09:27+08:00 ] [ log ] at999.icu/99/ [运行时间：0.024661s][吞吐率：40.55req/s] [内存消耗：1,864.80kb] [文件加载：51]
[ error ] [8]未定义数组下标: 1

---------------------------------------------------------------
[ 2023-08-08T11:09:28+08:00 ] [ log ] at999.icu/99/favicon.ico [运行时间：0.022692s][吞吐率：44.07req/s] [内存消耗：1,650.74kb] [文件加载：44]
[ error ] [8]未定义数组下标: 1

---------------------------------------------------------------
[ 2023-08-08T11:09:30+08:00 ] [ log ] at999.icu/99/ [运行时间：0.011501s][吞吐率：86.95req/s] [内存消耗：1,864.80kb] [文件加载：51]
[ error ] [8]未定义数组下标: 1

---------------------------------------------------------------
[ 2023-08-08T11:47:46+08:00 ] [ log ] at888.icu/99/ [运行时间：0.020399s][吞吐率：49.02req/s] [内存消耗：1,857.64kb] [文件加载：48]
[ error ] [8]Undefined offset: 1

---------------------------------------------------------------
[ 2023-08-08T11:47:48+08:00 ] [ log ] at888.icu/99/ [运行时间：0.011173s][吞吐率：89.50req/s] [内存消耗：1,857.10kb] [文件加载：48]
[ error ] [8]Undefined offset: 1

---------------------------------------------------------------
[ 2023-08-08T11:47:54+08:00 ] [ log ] at888.icu/99/index/open.html [运行时间：0.011315s][吞吐率：88.38req/s] [内存消耗：1,857.41kb] [文件加载：47]
[ error ] [8]Undefined offset: 1

---------------------------------------------------------------
[ 2023-08-08T12:11:06+08:00 ] [ log ] at888.icu/99/ [运行时间：0.011308s][吞吐率：88.43req/s] [内存消耗：1,857.10kb] [文件加载：48]
[ error ] [8]Undefined offset: 1

---------------------------------------------------------------
[ 2023-08-08T12:11:09+08:00 ] [ log ] at888.icu/99/index/open.html [运行时间：0.038599s][吞吐率：25.91req/s] [内存消耗：1,857.41kb] [文件加载：47]
[ error ] [8]Undefined offset: 1

---------------------------------------------------------------
[ 2023-08-08T12:12:05+08:00 ] [ log ] at888.icu/99/ [运行时间：0.037609s][吞吐率：26.59req/s] [内存消耗：1,857.10kb] [文件加载：48]
[ error ] [8]Undefined offset: 1

---------------------------------------------------------------
[ 2023-08-08T12:12:08+08:00 ] [ log ] at888.icu/99/index/open.html [运行时间：0.010745s][吞吐率：93.07req/s] [内存消耗：1,857.41kb] [文件加载：47]
[ error ] [8]Undefined offset: 1

---------------------------------------------------------------
[ 2023-08-08T12:13:24+08:00 ] [ log ] at888.icu/99/ [运行时间：0.010868s][吞吐率：92.01req/s] [内存消耗：1,857.10kb] [文件加载：48]
[ error ] [8]Undefined offset: 1

---------------------------------------------------------------
[ 2023-08-08T12:13:28+08:00 ] [ log ] at888.icu/99/index/open.html [运行时间：0.013969s][吞吐率：71.59req/s] [内存消耗：1,857.41kb] [文件加载：47]
[ error ] [8]Undefined offset: 1

---------------------------------------------------------------
[ 2023-08-08T12:14:27+08:00 ] [ log ] at888.icu/99/ [运行时间：0.010772s][吞吐率：92.83req/s] [内存消耗：1,857.10kb] [文件加载：48]
[ error ] [8]Undefined offset: 1

---------------------------------------------------------------
[ 2023-08-08T12:14:30+08:00 ] [ log ] at888.icu/99/index/open.html [运行时间：0.036544s][吞吐率：27.36req/s] [内存消耗：1,857.41kb] [文件加载：47]
[ error ] [8]Undefined offset: 1

---------------------------------------------------------------
[ 2023-08-08T12:17:24+08:00 ] [ log ] asd123111.icu/99/ [运行时间：0.011601s][吞吐率：86.20req/s] [内存消耗：1,865.34kb] [文件加载：51]
[ error ] [8]未定义数组下标: 1

---------------------------------------------------------------
[ 2023-08-08T12:17:25+08:00 ] [ log ] asd123111.icu/99/favicon.ico [运行时间：0.009542s][吞吐率：104.80req/s] [内存消耗：1,650.74kb] [文件加载：44]
[ error ] [8]未定义数组下标: 1

---------------------------------------------------------------
[ 2023-08-08T12:17:27+08:00 ] [ log ] asd123111.icu/99/index/open.html [运行时间：0.011087s][吞吐率：90.20req/s] [内存消耗：1,865.13kb] [文件加载：50]
[ error ] [8]未定义数组下标: 1

---------------------------------------------------------------
[ 2023-08-08T12:17:49+08:00 ] [ log ] asd123111.icu/99/ [运行时间：0.010869s][吞吐率：92.01req/s] [内存消耗：1,864.81kb] [文件加载：51]
[ error ] [8]未定义数组下标: 1

---------------------------------------------------------------
[ 2023-08-08T12:17:54+08:00 ] [ log ] asd123111.icu/99/index/open.html [运行时间：0.018617s][吞吐率：53.71req/s] [内存消耗：1,865.13kb] [文件加载：50]
[ error ] [8]未定义数组下标: 1

---------------------------------------------------------------
[ 2023-08-08T12:18:10+08:00 ] [ log ] asd123111.icu/99/ [运行时间：0.010990s][吞吐率：90.99req/s] [内存消耗：1,864.81kb] [文件加载：51]
[ error ] [8]未定义数组下标: 1

---------------------------------------------------------------
[ 2023-08-08T12:29:40+08:00 ] [ log ] at999.icu/99/ [运行时间：0.016123s][吞吐率：62.02req/s] [内存消耗：1,865.34kb] [文件加载：51]
[ error ] [8]未定义数组下标: 1

---------------------------------------------------------------
[ 2023-08-08T12:29:42+08:00 ] [ log ] at999.icu/99/favicon.ico [运行时间：0.009851s][吞吐率：101.51req/s] [内存消耗：1,650.74kb] [文件加载：44]
[ error ] [8]未定义数组下标: 1

---------------------------------------------------------------
[ 2023-08-08T12:29:44+08:00 ] [ log ] at999.icu/99/index/open.html [运行时间：0.023658s][吞吐率：42.27req/s] [内存消耗：1,865.12kb] [文件加载：50]
[ error ] [8]未定义数组下标: 1

---------------------------------------------------------------
[ 2023-08-08T12:47:39+08:00 ] [ log ] at999.icu/99/ [运行时间：0.022403s][吞吐率：44.64req/s] [内存消耗：1,864.80kb] [文件加载：51]
[ error ] [8]未定义数组下标: 1

---------------------------------------------------------------
[ 2023-08-08T12:47:41+08:00 ] [ log ] at999.icu/99/favicon.ico [运行时间：0.009404s][吞吐率：106.34req/s] [内存消耗：1,650.74kb] [文件加载：44]
[ error ] [8]未定义数组下标: 1

---------------------------------------------------------------
[ 2023-08-08T12:47:48+08:00 ] [ log ] at999.icu/99/index/open.html [运行时间：0.014562s][吞吐率：68.67req/s] [内存消耗：1,865.12kb] [文件加载：50]
[ error ] [8]未定义数组下标: 1

---------------------------------------------------------------
[ 2023-08-08T13:03:56+08:00 ] [ log ] at888.icu/99/ [运行时间：0.017711s][吞吐率：56.46req/s] [内存消耗：1,857.64kb] [文件加载：48]
[ error ] [8]Undefined offset: 1

---------------------------------------------------------------
[ 2023-08-08T13:03:59+08:00 ] [ log ] at888.icu/99/index/open.html [运行时间：0.014811s][吞吐率：67.52req/s] [内存消耗：1,857.41kb] [文件加载：47]
[ error ] [8]Undefined offset: 1

---------------------------------------------------------------
[ 2023-08-08T13:13:10+08:00 ] [ log ] at888.icu/99/ [运行时间：0.011074s][吞吐率：90.30req/s] [内存消耗：1,857.10kb] [文件加载：48]
[ error ] [8]Undefined offset: 1

---------------------------------------------------------------
[ 2023-08-08T13:13:11+08:00 ] [ log ] at888.icu/99/ [运行时间：0.010830s][吞吐率：92.34req/s] [内存消耗：1,857.10kb] [文件加载：48]
[ error ] [8]Undefined offset: 1

---------------------------------------------------------------
[ 2023-08-08T13:13:20+08:00 ] [ log ] at888.icu/99/index/open.html [运行时间：0.011281s][吞吐率：88.64req/s] [内存消耗：1,857.41kb] [文件加载：47]
[ error ] [8]Undefined offset: 1

---------------------------------------------------------------
[ 2023-08-08T13:25:49+08:00 ] [ log ] at888.icu/99/ [运行时间：0.011710s][吞吐率：85.40req/s] [内存消耗：1,857.10kb] [文件加载：48]
[ error ] [8]Undefined offset: 1

---------------------------------------------------------------
[ 2023-08-08T13:25:52+08:00 ] [ log ] at888.icu/99/index/open.html [运行时间：0.010681s][吞吐率：93.62req/s] [内存消耗：1,857.41kb] [文件加载：47]
[ error ] [8]Undefined offset: 1

---------------------------------------------------------------
[ 2023-08-08T13:34:37+08:00 ] [ log ] at888.icu/99/ [运行时间：0.013599s][吞吐率：73.54req/s] [内存消耗：1,857.10kb] [文件加载：48]
[ error ] [8]Undefined offset: 1

---------------------------------------------------------------
[ 2023-08-08T13:34:41+08:00 ] [ log ] at888.icu/99/index/open.html [运行时间：0.016314s][吞吐率：61.30req/s] [内存消耗：1,857.41kb] [文件加载：47]
[ error ] [8]Undefined offset: 1

---------------------------------------------------------------
[ 2023-08-08T13:49:35+08:00 ] [ log ] at999.icu/99/ [运行时间：0.010950s][吞吐率：91.33req/s] [内存消耗：1,865.34kb] [文件加载：51]
[ error ] [8]未定义数组下标: 1

---------------------------------------------------------------
[ 2023-08-08T13:49:36+08:00 ] [ log ] at999.icu/99/favicon.ico [运行时间：0.009556s][吞吐率：104.65req/s] [内存消耗：1,650.74kb] [文件加载：44]
[ error ] [8]未定义数组下标: 1

---------------------------------------------------------------
[ 2023-08-08T13:49:38+08:00 ] [ log ] at999.icu/99/index/open.html [运行时间：0.010987s][吞吐率：91.02req/s] [内存消耗：1,865.12kb] [文件加载：50]
[ error ] [8]未定义数组下标: 1

---------------------------------------------------------------
[ 2023-08-08T13:50:03+08:00 ] [ log ] at999.icu/99/ [运行时间：0.010923s][吞吐率：91.55req/s] [内存消耗：1,864.80kb] [文件加载：51]
[ error ] [8]未定义数组下标: 1

---------------------------------------------------------------
[ 2023-08-08T13:50:04+08:00 ] [ log ] at999.icu/99/favicon.ico [运行时间：0.009727s][吞吐率：102.81req/s] [内存消耗：1,650.74kb] [文件加载：44]
[ error ] [8]未定义数组下标: 1

---------------------------------------------------------------
[ 2023-08-08T13:50:06+08:00 ] [ log ] at999.icu/99/index/open.html [运行时间：0.010440s][吞吐率：95.78req/s] [内存消耗：1,865.12kb] [文件加载：50]
[ error ] [8]未定义数组下标: 1

---------------------------------------------------------------
[ 2023-08-08T15:17:21+08:00 ] [ log ] at888.icu/99/ [运行时间：0.011186s][吞吐率：89.40req/s] [内存消耗：1,865.34kb] [文件加载：51]
[ error ] [8]未定义数组下标: 1

---------------------------------------------------------------
[ 2023-08-08T15:17:23+08:00 ] [ log ] at888.icu/99/favicon.ico [运行时间：0.009596s][吞吐率：104.21req/s] [内存消耗：1,650.74kb] [文件加载：44]
[ error ] [8]未定义数组下标: 1

---------------------------------------------------------------
[ 2023-08-08T15:17:25+08:00 ] [ log ] at888.icu/99/index/open.html [运行时间：0.010759s][吞吐率：92.94req/s] [内存消耗：1,865.12kb] [文件加载：50]
[ error ] [8]未定义数组下标: 1

---------------------------------------------------------------
[ 2023-08-08T16:51:17+08:00 ] [ log ] at999.icu/99/ [运行时间：0.011316s][吞吐率：88.37req/s] [内存消耗：1,865.34kb] [文件加载：51]
[ error ] [8]未定义数组下标: 1

---------------------------------------------------------------
[ 2023-08-08T16:51:18+08:00 ] [ log ] at999.icu/99/favicon.ico [运行时间：0.013660s][吞吐率：73.21req/s] [内存消耗：1,650.74kb] [文件加载：44]
[ error ] [8]未定义数组下标: 1

---------------------------------------------------------------
[ 2023-08-08T16:51:23+08:00 ] [ log ] at999.icu/99/index/open.html [运行时间：0.010911s][吞吐率：91.65req/s] [内存消耗：1,865.12kb] [文件加载：50]
[ error ] [8]未定义数组下标: 1

---------------------------------------------------------------
[ 2023-08-08T16:51:54+08:00 ] [ log ] at999.icu/99/index/open.html [运行时间：0.010681s][吞吐率：93.62req/s] [内存消耗：1,865.12kb] [文件加载：50]
[ error ] [8]未定义数组下标: 1

---------------------------------------------------------------
[ 2023-08-08T16:53:20+08:00 ] [ log ] at999.icu/99/ [运行时间：0.010926s][吞吐率：91.52req/s] [内存消耗：1,864.80kb] [文件加载：51]
[ error ] [8]未定义数组下标: 1

---------------------------------------------------------------
[ 2023-08-08T16:53:21+08:00 ] [ log ] at999.icu/99/favicon.ico [运行时间：0.009608s][吞吐率：104.08req/s] [内存消耗：1,650.74kb] [文件加载：44]
[ error ] [8]未定义数组下标: 1

---------------------------------------------------------------
[ 2023-08-08T16:53:24+08:00 ] [ log ] at999.icu/99/index/open.html [运行时间：0.012409s][吞吐率：80.59req/s] [内存消耗：1,865.12kb] [文件加载：50]
[ error ] [8]未定义数组下标: 1

---------------------------------------------------------------
[ 2023-08-08T16:54:26+08:00 ] [ log ] at999.icu/99/ [运行时间：0.010816s][吞吐率：92.45req/s] [内存消耗：1,864.80kb] [文件加载：51]
[ error ] [8]未定义数组下标: 1

---------------------------------------------------------------
[ 2023-08-08T16:54:27+08:00 ] [ log ] at999.icu/99/favicon.ico [运行时间：0.039460s][吞吐率：25.34req/s] [内存消耗：1,650.74kb] [文件加载：44]
[ error ] [8]未定义数组下标: 1

---------------------------------------------------------------
[ 2023-08-08T16:54:31+08:00 ] [ log ] at999.icu/99/index/open.html [运行时间：0.022681s][吞吐率：44.09req/s] [内存消耗：1,865.12kb] [文件加载：50]
[ error ] [8]未定义数组下标: 1

---------------------------------------------------------------
[ 2023-08-08T17:10:52+08:00 ] [ log ] at999.icu/99/ [运行时间：0.040542s][吞吐率：24.67req/s] [内存消耗：1,864.80kb] [文件加载：51]
[ error ] [8]未定义数组下标: 1

---------------------------------------------------------------
[ 2023-08-08T17:10:53+08:00 ] [ log ] at999.icu/99/favicon.ico [运行时间：0.009833s][吞吐率：101.70req/s] [内存消耗：1,650.74kb] [文件加载：44]
[ error ] [8]未定义数组下标: 1

---------------------------------------------------------------
[ 2023-08-08T17:10:57+08:00 ] [ log ] at999.icu/99/index/open.html [运行时间：0.011457s][吞吐率：87.28req/s] [内存消耗：1,865.12kb] [文件加载：50]
[ error ] [8]未定义数组下标: 1

---------------------------------------------------------------
[ 2023-08-08T17:13:05+08:00 ] [ log ] at999.icu/99/ [运行时间：0.013989s][吞吐率：71.48req/s] [内存消耗：1,864.80kb] [文件加载：51]
[ error ] [8]未定义数组下标: 1

---------------------------------------------------------------
[ 2023-08-08T17:13:06+08:00 ] [ log ] at999.icu/99/favicon.ico [运行时间：0.009453s][吞吐率：105.79req/s] [内存消耗：1,650.74kb] [文件加载：44]
[ error ] [8]未定义数组下标: 1

---------------------------------------------------------------
[ 2023-08-08T17:13:08+08:00 ] [ log ] at999.icu/99/index/open.html [运行时间：0.011235s][吞吐率：89.01req/s] [内存消耗：1,865.12kb] [文件加载：50]
[ error ] [8]未定义数组下标: 1

---------------------------------------------------------------
[ 2023-08-08T17:16:43+08:00 ] [ log ] at999.icu/99/ [运行时间：0.014268s][吞吐率：70.09req/s] [内存消耗：1,864.80kb] [文件加载：51]
[ error ] [8]未定义数组下标: 1

---------------------------------------------------------------
[ 2023-08-08T17:16:43+08:00 ] [ log ] at999.icu/99/favicon.ico [运行时间：0.009794s][吞吐率：102.10req/s] [内存消耗：1,650.74kb] [文件加载：44]
[ error ] [8]未定义数组下标: 1

---------------------------------------------------------------
[ 2023-08-08T17:16:46+08:00 ] [ log ] at999.icu/99/index/open.html [运行时间：0.016794s][吞吐率：59.55req/s] [内存消耗：1,865.12kb] [文件加载：50]
[ error ] [8]未定义数组下标: 1

---------------------------------------------------------------
[ 2023-08-08T17:22:43+08:00 ] [ log ] at999.icu/99/ [运行时间：0.014910s][吞吐率：67.07req/s] [内存消耗：1,864.80kb] [文件加载：51]
[ error ] [8]未定义数组下标: 1

---------------------------------------------------------------
[ 2023-08-08T17:22:45+08:00 ] [ log ] at999.icu/99/favicon.ico [运行时间：0.025307s][吞吐率：39.51req/s] [内存消耗：1,650.74kb] [文件加载：44]
[ error ] [8]未定义数组下标: 1

---------------------------------------------------------------
[ 2023-08-08T17:28:33+08:00 ] [ log ] at999.icu/99/ [运行时间：0.014409s][吞吐率：69.40req/s] [内存消耗：1,865.34kb] [文件加载：51]
[ error ] [8]未定义数组下标: 1

---------------------------------------------------------------
[ 2023-08-08T17:28:35+08:00 ] [ log ] at999.icu/99/favicon.ico [运行时间：0.013405s][吞吐率：74.60req/s] [内存消耗：1,650.74kb] [文件加载：44]
[ error ] [8]未定义数组下标: 1

---------------------------------------------------------------
[ 2023-08-08T17:28:49+08:00 ] [ log ] at999.icu/99/?uc_sm=1&from=wh10331 [运行时间：0.011964s][吞吐率：83.58req/s] [内存消耗：1,865.45kb] [文件加载：51]
[ error ] [8]未定义数组下标: 1

---------------------------------------------------------------
[ 2023-08-08T17:28:50+08:00 ] [ log ] at999.icu/99/index/open.html [运行时间：0.011551s][吞吐率：86.57req/s] [内存消耗：1,865.12kb] [文件加载：50]
[ error ] [8]未定义数组下标: 1

---------------------------------------------------------------
[ 2023-08-08T17:47:26+08:00 ] [ log ] at888.icu/99/ [运行时间：0.011175s][吞吐率：89.48req/s] [内存消耗：1,865.34kb] [文件加载：51]
[ error ] [8]未定义数组下标: 1

---------------------------------------------------------------
[ 2023-08-08T17:47:27+08:00 ] [ log ] at888.icu/99/favicon.ico [运行时间：0.015864s][吞吐率：63.04req/s] [内存消耗：1,650.74kb] [文件加载：44]
[ error ] [8]未定义数组下标: 1

---------------------------------------------------------------
[ 2023-08-08T17:47:29+08:00 ] [ log ] at888.icu/99/index/open.html [运行时间：0.035801s][吞吐率：27.93req/s] [内存消耗：1,865.12kb] [文件加载：50]
[ error ] [8]未定义数组下标: 1

---------------------------------------------------------------
[ 2023-08-08T18:35:13+08:00 ] [ log ] asd282828.icu/99/ [运行时间：0.015027s][吞吐率：66.55req/s] [内存消耗：1,865.34kb] [文件加载：51]
[ error ] [8]未定义数组下标: 1

---------------------------------------------------------------
[ 2023-08-08T18:35:15+08:00 ] [ log ] asd282828.icu/99/favicon.ico [运行时间：0.009566s][吞吐率：104.54req/s] [内存消耗：1,650.74kb] [文件加载：44]
[ error ] [8]未定义数组下标: 1

---------------------------------------------------------------
[ 2023-08-08T18:35:17+08:00 ] [ log ] asd282828.icu/99/index/open.html [运行时间：0.016606s][吞吐率：60.22req/s] [内存消耗：1,865.13kb] [文件加载：50]
[ error ] [8]未定义数组下标: 1

---------------------------------------------------------------
[ 2023-08-08T18:35:36+08:00 ] [ log ] asd123111.icu/99/ [运行时间：0.015057s][吞吐率：66.41req/s] [内存消耗：1,865.34kb] [文件加载：51]
[ error ] [8]未定义数组下标: 1

---------------------------------------------------------------
[ 2023-08-08T18:35:36+08:00 ] [ log ] asd123111.icu/99/favicon.ico [运行时间：0.013251s][吞吐率：75.47req/s] [内存消耗：1,650.74kb] [文件加载：44]
[ error ] [8]未定义数组下标: 1

---------------------------------------------------------------
[ 2023-08-08T18:35:39+08:00 ] [ log ] asd123111.icu/99/index/open.html [运行时间：0.010847s][吞吐率：92.19req/s] [内存消耗：1,865.13kb] [文件加载：50]
[ error ] [8]未定义数组下标: 1

---------------------------------------------------------------
[ 2023-08-08T18:36:12+08:00 ] [ log ] asd282828.icu/99/?uc_sm=1 [运行时间：0.011596s][吞吐率：86.24req/s] [内存消耗：1,865.45kb] [文件加载：51]
[ error ] [8]未定义数组下标: 1

---------------------------------------------------------------
[ 2023-08-08T18:36:12+08:00 ] [ log ] asd282828.icu/99/ [运行时间：0.010921s][吞吐率：91.57req/s] [内存消耗：1,864.81kb] [文件加载：51]
[ error ] [8]未定义数组下标: 1

---------------------------------------------------------------
[ 2023-08-08T18:36:13+08:00 ] [ log ] asd282828.icu/99/favicon.ico [运行时间：0.009616s][吞吐率：103.99req/s] [内存消耗：1,650.74kb] [文件加载：44]
[ error ] [8]未定义数组下标: 1

---------------------------------------------------------------
[ 2023-08-08T18:36:15+08:00 ] [ log ] asd282828.icu/99/index/open.html [运行时间：0.011482s][吞吐率：87.09req/s] [内存消耗：1,865.13kb] [文件加载：50]
[ error ] [8]未定义数组下标: 1

---------------------------------------------------------------
[ 2023-08-08T18:36:26+08:00 ] [ log ] asd282828.icu/99/ [运行时间：0.010894s][吞吐率：91.79req/s] [内存消耗：1,864.81kb] [文件加载：51]
[ error ] [8]未定义数组下标: 1

---------------------------------------------------------------
[ 2023-08-08T18:47:45+08:00 ] [ log ] asd123111.icu/99/?uc_sm=1 [运行时间：0.014030s][吞吐率：71.28req/s] [内存消耗：1,865.45kb] [文件加载：51]
[ error ] [8]未定义数组下标: 1

---------------------------------------------------------------
[ 2023-08-08T18:47:46+08:00 ] [ log ] asd123111.icu/99/ [运行时间：0.010939s][吞吐率：91.42req/s] [内存消耗：1,864.81kb] [文件加载：51]
[ error ] [8]未定义数组下标: 1

---------------------------------------------------------------
[ 2023-08-08T18:47:46+08:00 ] [ log ] asd123111.icu/99/favicon.ico [运行时间：0.009991s][吞吐率：100.09req/s] [内存消耗：1,650.74kb] [文件加载：44]
[ error ] [8]未定义数组下标: 1

---------------------------------------------------------------
[ 2023-08-08T18:47:48+08:00 ] [ log ] asd123111.icu/99/index/open.html [运行时间：0.014856s][吞吐率：67.31req/s] [内存消耗：1,865.13kb] [文件加载：50]
[ error ] [8]未定义数组下标: 1

---------------------------------------------------------------
[ 2023-08-08T18:48:09+08:00 ] [ log ] asd123111.icu/99/ [运行时间：0.011382s][吞吐率：87.86req/s] [内存消耗：1,864.81kb] [文件加载：51]
[ error ] [8]未定义数组下标: 1

---------------------------------------------------------------
[ 2023-08-08T18:48:09+08:00 ] [ log ] asd123111.icu/99/favicon.ico [运行时间：0.009979s][吞吐率：100.21req/s] [内存消耗：1,650.74kb] [文件加载：44]
[ error ] [8]未定义数组下标: 1

---------------------------------------------------------------
[ 2023-08-08T18:48:11+08:00 ] [ log ] asd123111.icu/99/index/open.html [运行时间：0.011228s][吞吐率：89.06req/s] [内存消耗：1,865.13kb] [文件加载：50]
[ error ] [8]未定义数组下标: 1

---------------------------------------------------------------
[ 2023-08-08T19:27:45+08:00 ] [ log ] asd123111.icu/99/ [运行时间：0.015367s][吞吐率：65.07req/s] [内存消耗：1,864.81kb] [文件加载：51]
[ error ] [8]未定义数组下标: 1

---------------------------------------------------------------
[ 2023-08-08T19:27:46+08:00 ] [ log ] asd123111.icu/99/favicon.ico [运行时间：0.018769s][吞吐率：53.28req/s] [内存消耗：1,650.74kb] [文件加载：44]
[ error ] [8]未定义数组下标: 1

---------------------------------------------------------------
[ 2023-08-08T19:27:48+08:00 ] [ log ] asd123111.icu/99/index/open.html [运行时间：0.015068s][吞吐率：66.37req/s] [内存消耗：1,865.13kb] [文件加载：50]
[ error ] [8]未定义数组下标: 1

---------------------------------------------------------------
[ 2023-08-08T19:27:58+08:00 ] [ log ] asd123111.icu/99/ [运行时间：0.013853s][吞吐率：72.19req/s] [内存消耗：1,864.81kb] [文件加载：51]
[ error ] [8]未定义数组下标: 1

---------------------------------------------------------------
[ 2023-08-08T20:53:01+08:00 ] [ log ] at888.icu/99/ [运行时间：0.010843s][吞吐率：92.23req/s] [内存消耗：1,857.64kb] [文件加载：48]
[ error ] [8]Undefined offset: 1

---------------------------------------------------------------
[ 2023-08-08T20:53:02+08:00 ] [ log ] at888.icu/99/ [运行时间：0.020220s][吞吐率：49.46req/s] [内存消耗：1,857.10kb] [文件加载：48]
[ error ] [8]Undefined offset: 1

---------------------------------------------------------------
[ 2023-08-08T20:53:06+08:00 ] [ log ] at888.icu/99/index/open.html [运行时间：0.019037s][吞吐率：52.53req/s] [内存消耗：1,857.41kb] [文件加载：47]
[ error ] [8]Undefined offset: 1

---------------------------------------------------------------
[ 2023-08-08T21:05:24+08:00 ] [ log ] at888.icu/99/ [运行时间：0.040702s][吞吐率：24.57req/s] [内存消耗：1,865.34kb] [文件加载：51]
[ error ] [8]未定义数组下标: 1

---------------------------------------------------------------
[ 2023-08-08T21:05:48+08:00 ] [ log ] at888.icu/99/index/open.html [运行时间：0.015505s][吞吐率：64.50req/s] [内存消耗：1,865.12kb] [文件加载：50]
[ error ] [8]未定义数组下标: 1

---------------------------------------------------------------
[ 2023-08-08T21:31:25+08:00 ] [ log ] asd181818.icu/99/ [运行时间：0.011607s][吞吐率：86.15req/s] [内存消耗：1,865.34kb] [文件加载：51]
[ error ] [8]未定义数组下标: 1

---------------------------------------------------------------
[ 2023-08-08T21:31:27+08:00 ] [ log ] asd181818.icu/99/favicon.ico [运行时间：0.009582s][吞吐率：104.36req/s] [内存消耗：1,650.74kb] [文件加载：44]
[ error ] [8]未定义数组下标: 1

---------------------------------------------------------------
[ 2023-08-08T21:31:29+08:00 ] [ log ] asd181818.icu/99/index/open.html [运行时间：0.011625s][吞吐率：86.02req/s] [内存消耗：1,865.13kb] [文件加载：50]
[ error ] [8]未定义数组下标: 1

---------------------------------------------------------------
[ 2023-08-08T22:31:11+08:00 ] [ log ] at888.icu/99/ [运行时间：0.028950s][吞吐率：34.54req/s] [内存消耗：1,865.34kb] [文件加载：51]
[ error ] [8]未定义数组下标: 1

---------------------------------------------------------------
[ 2023-08-08T22:31:11+08:00 ] [ log ] at888.icu/99/?uc_sm=1&from=wh10331 [运行时间：0.010964s][吞吐率：91.21req/s] [内存消耗：1,865.98kb] [文件加载：51]
[ error ] [8]未定义数组下标: 1

---------------------------------------------------------------
[ 2023-08-08T22:31:12+08:00 ] [ log ] at888.icu/99/ [运行时间：0.011588s][吞吐率：86.30req/s] [内存消耗：1,865.34kb] [文件加载：51]
[ error ] [8]未定义数组下标: 1

---------------------------------------------------------------
[ 2023-08-08T22:31:12+08:00 ] [ log ] at888.icu/99/?uc_sm=1&from=wh10331 [运行时间：0.015570s][吞吐率：64.23req/s] [内存消耗：1,865.98kb] [文件加载：51]
[ error ] [8]未定义数组下标: 1

---------------------------------------------------------------
[ 2023-08-08T22:31:18+08:00 ] [ log ] at888.icu/99/favicon.ico [运行时间：0.009366s][吞吐率：106.77req/s] [内存消耗：1,650.74kb] [文件加载：44]
[ error ] [8]未定义数组下标: 1

---------------------------------------------------------------
[ 2023-08-08T22:31:21+08:00 ] [ log ] at888.icu/99/index/open.html [运行时间：0.030551s][吞吐率：32.73req/s] [内存消耗：1,865.12kb] [文件加载：50]
[ error ] [8]未定义数组下标: 1

---------------------------------------------------------------
[ 2023-08-08T22:31:22+08:00 ] [ log ] at888.icu/99/favicon.ico [运行时间：0.017144s][吞吐率：58.33req/s] [内存消耗：1,650.74kb] [文件加载：44]
[ error ] [8]未定义数组下标: 1

---------------------------------------------------------------
[ 2023-08-08T22:31:23+08:00 ] [ log ] at888.icu/99/favicon.ico [运行时间：0.009991s][吞吐率：100.09req/s] [内存消耗：1,650.74kb] [文件加载：44]
[ error ] [8]未定义数组下标: 1

---------------------------------------------------------------
[ 2023-08-08T23:31:27+08:00 ] [ log ] asd123111.icu/99/ [运行时间：0.012912s][吞吐率：77.45req/s] [内存消耗：1,865.34kb] [文件加载：51]
[ error ] [8]未定义数组下标: 1

---------------------------------------------------------------
[ 2023-08-08T23:31:28+08:00 ] [ log ] asd123111.icu/99/favicon.ico [运行时间：0.009498s][吞吐率：105.29req/s] [内存消耗：1,650.74kb] [文件加载：44]
[ error ] [8]未定义数组下标: 1

---------------------------------------------------------------
[ 2023-08-08T23:31:30+08:00 ] [ log ] asd123111.icu/99/index/open.html [运行时间：0.036776s][吞吐率：27.19req/s] [内存消耗：1,865.13kb] [文件加载：50]
[ error ] [8]未定义数组下标: 1

---------------------------------------------------------------
