[ 2023-08-09T01:52:37+08:00 ] [ log ] at999.icu/99/ [运行时间：0.011021s][吞吐率：90.74req/s] [内存消耗：1,865.34kb] [文件加载：51]
[ error ] [8]未定义数组下标: 1

---------------------------------------------------------------
[ 2023-08-09T01:52:38+08:00 ] [ log ] at999.icu/99/favicon.ico [运行时间：0.009494s][吞吐率：105.33req/s] [内存消耗：1,650.74kb] [文件加载：44]
[ error ] [8]未定义数组下标: 1

---------------------------------------------------------------
[ 2023-08-09T01:52:42+08:00 ] [ log ] at999.icu/99/index/open.html [运行时间：0.010960s][吞吐率：91.24req/s] [内存消耗：1,865.12kb] [文件加载：50]
[ error ] [8]未定义数组下标: 1

---------------------------------------------------------------
[ 2023-08-09T03:26:00+08:00 ] [ log ] asd181818.icu/99/ [运行时间：0.011109s][吞吐率：90.02req/s] [内存消耗：1,864.84kb] [文件加载：51]
[ error ] [8]未定义数组下标: 1

---------------------------------------------------------------
[ 2023-08-09T07:06:45+08:00 ] [ log ] asd123111.icu/99/ [运行时间：0.014448s][吞吐率：69.21req/s] [内存消耗：1,865.34kb] [文件加载：51]
[ error ] [8]未定义数组下标: 1

---------------------------------------------------------------
[ 2023-08-09T07:06:46+08:00 ] [ log ] asd123111.icu/99/favicon.ico [运行时间：0.021765s][吞吐率：45.95req/s] [内存消耗：1,650.74kb] [文件加载：44]
[ error ] [8]未定义数组下标: 1

---------------------------------------------------------------
[ 2023-08-09T07:06:49+08:00 ] [ log ] asd123111.icu/99/index/open.html [运行时间：0.011559s][吞吐率：86.51req/s] [内存消耗：1,865.13kb] [文件加载：50]
[ error ] [8]未定义数组下标: 1

---------------------------------------------------------------
[ 2023-08-09T07:07:06+08:00 ] [ log ] asd123111.icu/99/ [运行时间：0.016216s][吞吐率：61.67req/s] [内存消耗：1,864.81kb] [文件加载：51]
[ error ] [8]未定义数组下标: 1

---------------------------------------------------------------
[ 2023-08-09T09:36:49+08:00 ] [ log ] at888.icu/99/ [运行时间：0.011150s][吞吐率：89.69req/s] [内存消耗：1,865.34kb] [文件加载：51]
[ error ] [8]未定义数组下标: 1

---------------------------------------------------------------
[ 2023-08-09T09:36:49+08:00 ] [ log ] at888.icu/99/favicon.ico [运行时间：0.009808s][吞吐率：101.96req/s] [内存消耗：1,650.74kb] [文件加载：44]
[ error ] [8]未定义数组下标: 1

---------------------------------------------------------------
[ 2023-08-09T09:36:51+08:00 ] [ log ] at888.icu/99/index/open.html [运行时间：0.037836s][吞吐率：26.43req/s] [内存消耗：1,865.12kb] [文件加载：50]
[ error ] [8]未定义数组下标: 1

---------------------------------------------------------------
[ 2023-08-09T09:36:53+08:00 ] [ log ] at888.icu/99/index/open.html [运行时间：0.010924s][吞吐率：91.54req/s] [内存消耗：1,865.12kb] [文件加载：50]
[ error ] [8]未定义数组下标: 1

---------------------------------------------------------------
[ 2023-08-09T12:00:30+08:00 ] [ log ] at888.icu/99/?uc_sm=1 [运行时间：0.027197s][吞吐率：36.77req/s] [内存消耗：1,865.97kb] [文件加载：51]
[ error ] [8]未定义数组下标: 1

---------------------------------------------------------------
[ 2023-08-09T12:00:30+08:00 ] [ log ] at888.icu/99/ [运行时间：0.013787s][吞吐率：72.53req/s] [内存消耗：1,865.34kb] [文件加载：51]
[ error ] [8]未定义数组下标: 1

---------------------------------------------------------------
[ 2023-08-09T12:00:35+08:00 ] [ log ] at888.icu/99/favicon.ico [运行时间：0.009401s][吞吐率：106.37req/s] [内存消耗：1,650.74kb] [文件加载：44]
[ error ] [8]未定义数组下标: 1

---------------------------------------------------------------
[ 2023-08-09T12:00:37+08:00 ] [ log ] at888.icu/99/index/open.html [运行时间：0.010714s][吞吐率：93.34req/s] [内存消耗：1,865.12kb] [文件加载：50]
[ error ] [8]未定义数组下标: 1

---------------------------------------------------------------
[ 2023-08-09T16:11:25+08:00 ] [ log ] at888.icu/99/ [运行时间：0.012014s][吞吐率：83.24req/s] [内存消耗：1,865.34kb] [文件加载：51]
[ error ] [8]未定义数组下标: 1

---------------------------------------------------------------
[ 2023-08-09T16:11:26+08:00 ] [ log ] at888.icu/99/favicon.ico [运行时间：0.009401s][吞吐率：106.37req/s] [内存消耗：1,650.74kb] [文件加载：44]
[ error ] [8]未定义数组下标: 1

---------------------------------------------------------------
[ 2023-08-09T16:11:29+08:00 ] [ log ] at888.icu/99/index/open.html [运行时间：0.026601s][吞吐率：37.59req/s] [内存消耗：1,865.12kb] [文件加载：50]
[ error ] [8]未定义数组下标: 1

---------------------------------------------------------------
[ 2023-08-09T16:12:09+08:00 ] [ log ] at888.icu/99/ [运行时间：0.013486s][吞吐率：74.15req/s] [内存消耗：1,864.84kb] [文件加载：51]
[ error ] [8]未定义数组下标: 1

---------------------------------------------------------------
[ 2023-08-09T18:19:22+08:00 ] [ log ] at888.icu/99/favicon.ico [运行时间：0.036075s][吞吐率：27.72req/s] [内存消耗：1,651.28kb] [文件加载：44]
[ error ] [8]未定义数组下标: 1

---------------------------------------------------------------
[ 2023-08-09T18:19:36+08:00 ] [ log ] at999.icu/99/?uc_sm=1&from=wh10331 [运行时间：0.011329s][吞吐率：88.27req/s] [内存消耗：1,865.98kb] [文件加载：51]
[ error ] [8]未定义数组下标: 1

---------------------------------------------------------------
[ 2023-08-09T18:19:37+08:00 ] [ log ] at999.icu/99/ [运行时间：0.015588s][吞吐率：64.15req/s] [内存消耗：1,865.34kb] [文件加载：51]
[ error ] [8]未定义数组下标: 1

---------------------------------------------------------------
[ 2023-08-09T18:19:38+08:00 ] [ log ] at999.icu/99/favicon.ico [运行时间：0.034156s][吞吐率：29.28req/s] [内存消耗：1,650.74kb] [文件加载：44]
[ error ] [8]未定义数组下标: 1

---------------------------------------------------------------
[ 2023-08-09T18:19:40+08:00 ] [ log ] at999.icu/99/index/open.html [运行时间：0.010698s][吞吐率：93.47req/s] [内存消耗：1,865.12kb] [文件加载：50]
[ error ] [8]未定义数组下标: 1

---------------------------------------------------------------
[ 2023-08-09T18:19:45+08:00 ] [ log ] at999.icu/99/ [运行时间：0.021289s][吞吐率：46.97req/s] [内存消耗：1,864.80kb] [文件加载：51]
[ error ] [8]未定义数组下标: 1

---------------------------------------------------------------
[ 2023-08-09T18:20:05+08:00 ] [ log ] at888.icu/99/ [运行时间：0.015634s][吞吐率：63.96req/s] [内存消耗：1,865.34kb] [文件加载：51]
[ error ] [8]未定义数组下标: 1

---------------------------------------------------------------
[ 2023-08-09T18:20:09+08:00 ] [ log ] at888.icu/99/favicon.ico [运行时间：0.036267s][吞吐率：27.57req/s] [内存消耗：1,650.74kb] [文件加载：44]
[ error ] [8]未定义数组下标: 1

---------------------------------------------------------------
[ 2023-08-09T18:20:12+08:00 ] [ log ] at888.icu/99/index/open.html [运行时间：0.011163s][吞吐率：89.58req/s] [内存消耗：1,865.12kb] [文件加载：50]
[ error ] [8]未定义数组下标: 1

---------------------------------------------------------------
[ 2023-08-09T18:26:55+08:00 ] [ log ] at888.icu/99/favicon.ico [运行时间：0.009292s][吞吐率：107.62req/s] [内存消耗：1,650.74kb] [文件加载：44]
[ error ] [8]未定义数组下标: 1

---------------------------------------------------------------
[ 2023-08-09T20:57:43+08:00 ] [ log ] asd123111.icu/99/?uc_sm=1 [运行时间：0.011541s][吞吐率：86.65req/s] [内存消耗：1,865.98kb] [文件加载：51]
[ error ] [8]未定义数组下标: 1

---------------------------------------------------------------
[ 2023-08-09T20:57:43+08:00 ] [ log ] asd123111.icu/99/ [运行时间：0.011553s][吞吐率：86.56req/s] [内存消耗：1,865.34kb] [文件加载：51]
[ error ] [8]未定义数组下标: 1

---------------------------------------------------------------
[ 2023-08-09T20:57:43+08:00 ] [ log ] asd123111.icu/99/?uc_sm=1 [运行时间：0.011375s][吞吐率：87.91req/s] [内存消耗：1,865.98kb] [文件加载：51]
[ error ] [8]未定义数组下标: 1

---------------------------------------------------------------
[ 2023-08-09T20:57:43+08:00 ] [ log ] asd123111.icu/99/ [运行时间：0.011308s][吞吐率：88.43req/s] [内存消耗：1,865.34kb] [文件加载：51]
[ error ] [8]未定义数组下标: 1

---------------------------------------------------------------
[ 2023-08-09T20:57:47+08:00 ] [ log ] asd123111.icu/99/favicon.ico [运行时间：0.013067s][吞吐率：76.53req/s] [内存消耗：1,650.74kb] [文件加载：44]
[ error ] [8]未定义数组下标: 1

---------------------------------------------------------------
[ 2023-08-09T20:57:47+08:00 ] [ log ] asd123111.icu/99/favicon.ico [运行时间：0.009512s][吞吐率：105.13req/s] [内存消耗：1,650.74kb] [文件加载：44]
[ error ] [8]未定义数组下标: 1

---------------------------------------------------------------
[ 2023-08-09T20:57:49+08:00 ] [ log ] asd123111.icu/99/index/open.html [运行时间：0.028912s][吞吐率：34.59req/s] [内存消耗：1,865.13kb] [文件加载：50]
[ error ] [8]未定义数组下标: 1

---------------------------------------------------------------
