[ 2023-08-10T03:55:53+08:00 ] [ log ] at999.icu/99/ [运行时间：0.011376s][吞吐率：87.91req/s] [内存消耗：1,865.34kb] [文件加载：51]
[ error ] [8]未定义数组下标: 1

---------------------------------------------------------------
[ 2023-08-10T03:55:55+08:00 ] [ log ] at999.icu/99/favicon.ico [运行时间：0.009353s][吞吐率：106.92req/s] [内存消耗：1,650.74kb] [文件加载：44]
[ error ] [8]未定义数组下标: 1

---------------------------------------------------------------
[ 2023-08-10T03:55:58+08:00 ] [ log ] at999.icu/99/index/open.html [运行时间：0.011516s][吞吐率：86.83req/s] [内存消耗：1,865.12kb] [文件加载：50]
[ error ] [8]未定义数组下标: 1

---------------------------------------------------------------
[ 2023-08-10T03:57:07+08:00 ] [ log ] at999.icu/99/ [运行时间：0.011335s][吞吐率：88.22req/s] [内存消耗：1,864.80kb] [文件加载：51]
[ error ] [8]未定义数组下标: 1

---------------------------------------------------------------
[ 2023-08-10T03:57:09+08:00 ] [ log ] at999.icu/99/favicon.ico [运行时间：0.009447s][吞吐率：105.85req/s] [内存消耗：1,650.74kb] [文件加载：44]
[ error ] [8]未定义数组下标: 1

---------------------------------------------------------------
[ 2023-08-10T03:57:12+08:00 ] [ log ] at999.icu/99/index/open.html [运行时间：0.027487s][吞吐率：36.38req/s] [内存消耗：1,865.12kb] [文件加载：50]
[ error ] [8]未定义数组下标: 1

---------------------------------------------------------------
[ 2023-08-10T03:57:22+08:00 ] [ log ] at999.icu/99/ [运行时间：0.014987s][吞吐率：66.72req/s] [内存消耗：1,864.80kb] [文件加载：51]
[ error ] [8]未定义数组下标: 1

---------------------------------------------------------------
[ 2023-08-10T03:57:29+08:00 ] [ log ] at999.icu/99/index/open.html [运行时间：0.010745s][吞吐率：93.07req/s] [内存消耗：1,865.12kb] [文件加载：50]
[ error ] [8]未定义数组下标: 1

---------------------------------------------------------------
[ 2023-08-10T03:57:50+08:00 ] [ log ] at999.icu/99/ [运行时间：0.010906s][吞吐率：91.69req/s] [内存消耗：1,864.80kb] [文件加载：51]
[ error ] [8]未定义数组下标: 1

---------------------------------------------------------------
[ 2023-08-10T03:57:58+08:00 ] [ log ] at999.icu/99/index/open.html [运行时间：0.010865s][吞吐率：92.04req/s] [内存消耗：1,865.12kb] [文件加载：50]
[ error ] [8]未定义数组下标: 1

---------------------------------------------------------------
[ 2023-08-10T03:58:52+08:00 ] [ log ] at999.icu/99/ [运行时间：0.011354s][吞吐率：88.07req/s] [内存消耗：1,864.80kb] [文件加载：51]
[ error ] [8]未定义数组下标: 1

---------------------------------------------------------------
[ 2023-08-10T03:58:53+08:00 ] [ log ] at999.icu/99/favicon.ico [运行时间：0.012134s][吞吐率：82.41req/s] [内存消耗：1,650.74kb] [文件加载：44]
[ error ] [8]未定义数组下标: 1

---------------------------------------------------------------
[ 2023-08-10T03:58:56+08:00 ] [ log ] at999.icu/99/index/open.html [运行时间：0.010785s][吞吐率：92.72req/s] [内存消耗：1,865.12kb] [文件加载：50]
[ error ] [8]未定义数组下标: 1

---------------------------------------------------------------
[ 2023-08-10T03:59:28+08:00 ] [ log ] at999.icu/99/index/open.html [运行时间：0.029412s][吞吐率：34.00req/s] [内存消耗：1,865.12kb] [文件加载：50]
[ error ] [8]未定义数组下标: 1

---------------------------------------------------------------
[ 2023-08-10T04:00:28+08:00 ] [ log ] at999.icu/99/ [运行时间：0.010789s][吞吐率：92.69req/s] [内存消耗：1,864.80kb] [文件加载：51]
[ error ] [8]未定义数组下标: 1

---------------------------------------------------------------
[ 2023-08-10T04:00:32+08:00 ] [ log ] at999.icu/99/index/open.html [运行时间：0.010502s][吞吐率：95.22req/s] [内存消耗：1,865.12kb] [文件加载：50]
[ error ] [8]未定义数组下标: 1

---------------------------------------------------------------
[ 2023-08-10T04:03:30+08:00 ] [ log ] at999.icu/99/ [运行时间：0.013196s][吞吐率：75.78req/s] [内存消耗：1,864.80kb] [文件加载：51]
[ error ] [8]未定义数组下标: 1

---------------------------------------------------------------
[ 2023-08-10T04:03:32+08:00 ] [ log ] at999.icu/99/favicon.ico [运行时间：0.010635s][吞吐率：94.03req/s] [内存消耗：1,650.74kb] [文件加载：44]
[ error ] [8]未定义数组下标: 1

---------------------------------------------------------------
[ 2023-08-10T04:03:38+08:00 ] [ log ] at999.icu/99/index/open.html [运行时间：0.010674s][吞吐率：93.69req/s] [内存消耗：1,865.12kb] [文件加载：50]
[ error ] [8]未定义数组下标: 1

---------------------------------------------------------------
[ 2023-08-10T04:03:51+08:00 ] [ log ] at999.icu/99/index/open.html [运行时间：0.015451s][吞吐率：64.72req/s] [内存消耗：1,865.12kb] [文件加载：50]
[ error ] [8]未定义数组下标: 1

---------------------------------------------------------------
[ 2023-08-10T04:04:11+08:00 ] [ log ] at999.icu/99/index/open.html [运行时间：0.011024s][吞吐率：90.71req/s] [内存消耗：1,865.12kb] [文件加载：50]
[ error ] [8]未定义数组下标: 1

---------------------------------------------------------------
[ 2023-08-10T04:04:29+08:00 ] [ log ] at999.icu/99/index/open.html [运行时间：0.010976s][吞吐率：91.11req/s] [内存消耗：1,865.12kb] [文件加载：50]
[ error ] [8]未定义数组下标: 1

---------------------------------------------------------------
[ 2023-08-10T04:04:49+08:00 ] [ log ] at999.icu/99/index/open.html [运行时间：0.010839s][吞吐率：92.26req/s] [内存消耗：1,865.12kb] [文件加载：50]
[ error ] [8]未定义数组下标: 1

---------------------------------------------------------------
[ 2023-08-10T04:05:19+08:00 ] [ log ] at999.icu/99/index/open.html [运行时间：0.010680s][吞吐率：93.63req/s] [内存消耗：1,865.12kb] [文件加载：50]
[ error ] [8]未定义数组下标: 1

---------------------------------------------------------------
[ 2023-08-10T04:07:02+08:00 ] [ log ] at999.icu/99/ [运行时间：0.011108s][吞吐率：90.02req/s] [内存消耗：1,864.80kb] [文件加载：51]
[ error ] [8]未定义数组下标: 1

---------------------------------------------------------------
[ 2023-08-10T04:07:03+08:00 ] [ log ] at999.icu/99/favicon.ico [运行时间：0.012376s][吞吐率：80.80req/s] [内存消耗：1,650.74kb] [文件加载：44]
[ error ] [8]未定义数组下标: 1

---------------------------------------------------------------
[ 2023-08-10T04:07:06+08:00 ] [ log ] at999.icu/99/index/open.html [运行时间：0.010971s][吞吐率：91.15req/s] [内存消耗：1,865.12kb] [文件加载：50]
[ error ] [8]未定义数组下标: 1

---------------------------------------------------------------
[ 2023-08-10T04:07:51+08:00 ] [ log ] at999.icu/99/index/open.html [运行时间：0.018472s][吞吐率：54.14req/s] [内存消耗：1,865.12kb] [文件加载：50]
[ error ] [8]未定义数组下标: 1

---------------------------------------------------------------
[ 2023-08-10T04:08:20+08:00 ] [ log ] at999.icu/99/index/open.html [运行时间：0.012323s][吞吐率：81.15req/s] [内存消耗：1,865.12kb] [文件加载：50]
[ error ] [8]未定义数组下标: 1

---------------------------------------------------------------
[ 2023-08-10T04:08:38+08:00 ] [ log ] at999.icu/99/index/open.html [运行时间：0.011472s][吞吐率：87.17req/s] [内存消耗：1,865.12kb] [文件加载：50]
[ error ] [8]未定义数组下标: 1

---------------------------------------------------------------
[ 2023-08-10T04:09:08+08:00 ] [ log ] at999.icu/99/index/open.html [运行时间：0.010836s][吞吐率：92.28req/s] [内存消耗：1,865.12kb] [文件加载：50]
[ error ] [8]未定义数组下标: 1

---------------------------------------------------------------
[ 2023-08-10T05:16:22+08:00 ] [ log ] asd123111.icu/99/ [运行时间：0.021367s][吞吐率：46.80req/s] [内存消耗：1,865.34kb] [文件加载：51]
[ error ] [8]未定义数组下标: 1

---------------------------------------------------------------
[ 2023-08-10T05:16:23+08:00 ] [ log ] asd123111.icu/99/favicon.ico [运行时间：0.009859s][吞吐率：101.43req/s] [内存消耗：1,650.74kb] [文件加载：44]
[ error ] [8]未定义数组下标: 1

---------------------------------------------------------------
[ 2023-08-10T05:16:26+08:00 ] [ log ] asd123111.icu/99/index/open.html [运行时间：0.011286s][吞吐率：88.61req/s] [内存消耗：1,865.13kb] [文件加载：50]
[ error ] [8]未定义数组下标: 1

---------------------------------------------------------------
[ 2023-08-10T05:16:38+08:00 ] [ log ] asd123111.icu/99/ [运行时间：0.012174s][吞吐率：82.14req/s] [内存消耗：1,864.81kb] [文件加载：51]
[ error ] [8]未定义数组下标: 1

---------------------------------------------------------------
[ 2023-08-10T06:36:29+08:00 ] [ log ] at999.icu/99/ [运行时间：0.019409s][吞吐率：51.52req/s] [内存消耗：1,865.34kb] [文件加载：51]
[ error ] [8]未定义数组下标: 1

---------------------------------------------------------------
[ 2023-08-10T06:36:30+08:00 ] [ log ] at999.icu/99/favicon.ico [运行时间：0.009479s][吞吐率：105.50req/s] [内存消耗：1,650.74kb] [文件加载：44]
[ error ] [8]未定义数组下标: 1

---------------------------------------------------------------
[ 2023-08-10T06:36:33+08:00 ] [ log ] at999.icu/99/index/open.html [运行时间：0.033603s][吞吐率：29.76req/s] [内存消耗：1,865.12kb] [文件加载：50]
[ error ] [8]未定义数组下标: 1

---------------------------------------------------------------
[ 2023-08-10T10:58:44+08:00 ] [ log ] at888.icu/99/ [运行时间：0.011014s][吞吐率：90.79req/s] [内存消耗：1,865.34kb] [文件加载：51]
[ error ] [8]未定义数组下标: 1

---------------------------------------------------------------
[ 2023-08-10T10:58:47+08:00 ] [ log ] at888.icu/99/favicon.ico [运行时间：0.010155s][吞吐率：98.47req/s] [内存消耗：1,650.74kb] [文件加载：44]
[ error ] [8]未定义数组下标: 1

---------------------------------------------------------------
[ 2023-08-10T10:58:49+08:00 ] [ log ] at888.icu/99/index/open.html [运行时间：0.026284s][吞吐率：38.05req/s] [内存消耗：1,865.12kb] [文件加载：50]
[ error ] [8]未定义数组下标: 1

---------------------------------------------------------------
[ 2023-08-10T11:02:54+08:00 ] [ log ] asd123111.icu/99/ [运行时间：0.011344s][吞吐率：88.15req/s] [内存消耗：1,865.34kb] [文件加载：51]
[ error ] [8]未定义数组下标: 1

---------------------------------------------------------------
[ 2023-08-10T11:02:54+08:00 ] [ log ] asd123111.icu/99/?uc_sm=1 [运行时间：0.014758s][吞吐率：67.76req/s] [内存消耗：1,865.98kb] [文件加载：51]
[ error ] [8]未定义数组下标: 1

---------------------------------------------------------------
[ 2023-08-10T11:02:55+08:00 ] [ log ] asd123111.icu/99/favicon.ico [运行时间：0.013776s][吞吐率：72.59req/s] [内存消耗：1,650.74kb] [文件加载：44]
[ error ] [8]未定义数组下标: 1

---------------------------------------------------------------
[ 2023-08-10T11:02:57+08:00 ] [ log ] asd123111.icu/99/index/open.html [运行时间：0.010540s][吞吐率：94.88req/s] [内存消耗：1,865.13kb] [文件加载：50]
[ error ] [8]未定义数组下标: 1

---------------------------------------------------------------
[ 2023-08-10T12:33:34+08:00 ] [ log ] asd123111.icu/99/?uc_sm=1 [运行时间：0.011321s][吞吐率：88.33req/s] [内存消耗：1,865.98kb] [文件加载：51]
[ error ] [8]未定义数组下标: 1

---------------------------------------------------------------
[ 2023-08-10T12:33:34+08:00 ] [ log ] asd123111.icu/99/ [运行时间：0.010723s][吞吐率：93.26req/s] [内存消耗：1,865.34kb] [文件加载：51]
[ error ] [8]未定义数组下标: 1

---------------------------------------------------------------
[ 2023-08-10T12:33:35+08:00 ] [ log ] asd123111.icu/99/favicon.ico [运行时间：0.030544s][吞吐率：32.74req/s] [内存消耗：1,650.74kb] [文件加载：44]
[ error ] [8]未定义数组下标: 1

---------------------------------------------------------------
[ 2023-08-10T12:33:38+08:00 ] [ log ] asd123111.icu/99/index/open.html [运行时间：0.014970s][吞吐率：66.80req/s] [内存消耗：1,865.13kb] [文件加载：50]
[ error ] [8]未定义数组下标: 1

---------------------------------------------------------------
[ 2023-08-10T13:00:08+08:00 ] [ log ] at888.icu/99/ [运行时间：0.014737s][吞吐率：67.86req/s] [内存消耗：1,865.34kb] [文件加载：51]
[ error ] [8]未定义数组下标: 1

---------------------------------------------------------------
[ 2023-08-10T13:00:10+08:00 ] [ log ] at888.icu/99/favicon.ico [运行时间：0.009267s][吞吐率：107.91req/s] [内存消耗：1,650.74kb] [文件加载：44]
[ error ] [8]未定义数组下标: 1

---------------------------------------------------------------
[ 2023-08-10T13:00:13+08:00 ] [ log ] at888.icu/99/index/open.html [运行时间：0.011223s][吞吐率：89.10req/s] [内存消耗：1,865.12kb] [文件加载：50]
[ error ] [8]未定义数组下标: 1

---------------------------------------------------------------
[ 2023-08-10T13:05:29+08:00 ] [ log ] at888.icu/99/ [运行时间：0.035469s][吞吐率：28.19req/s] [内存消耗：1,865.34kb] [文件加载：51]
[ error ] [8]未定义数组下标: 1

---------------------------------------------------------------
[ 2023-08-10T13:05:30+08:00 ] [ log ] at888.icu/99/favicon.ico [运行时间：0.009463s][吞吐率：105.67req/s] [内存消耗：1,650.74kb] [文件加载：44]
[ error ] [8]未定义数组下标: 1

---------------------------------------------------------------
[ 2023-08-10T13:05:36+08:00 ] [ log ] at888.icu/99/index/open.html [运行时间：0.019835s][吞吐率：50.42req/s] [内存消耗：1,865.12kb] [文件加载：50]
[ error ] [8]未定义数组下标: 1

---------------------------------------------------------------
[ 2023-08-10T13:17:41+08:00 ] [ log ] at888.icu/99/ [运行时间：0.015084s][吞吐率：66.30req/s] [内存消耗：1,864.80kb] [文件加载：51]
[ error ] [8]未定义数组下标: 1

---------------------------------------------------------------
[ 2023-08-10T13:17:43+08:00 ] [ log ] at888.icu/99/favicon.ico [运行时间：0.009538s][吞吐率：104.84req/s] [内存消耗：1,650.74kb] [文件加载：44]
[ error ] [8]未定义数组下标: 1

---------------------------------------------------------------
[ 2023-08-10T13:25:47+08:00 ] [ log ] asd181818.icu/99/index/open.html [运行时间：0.015293s][吞吐率：65.39req/s] [内存消耗：1,865.16kb] [文件加载：50]
[ error ] [8]未定义数组下标: 1

---------------------------------------------------------------
[ 2023-08-10T17:40:00+08:00 ] [ log ] at888.icu/99/ [运行时间：0.040906s][吞吐率：24.45req/s] [内存消耗：1,865.34kb] [文件加载：51]
[ error ] [8]未定义数组下标: 1

---------------------------------------------------------------
[ 2023-08-10T17:40:05+08:00 ] [ log ] at888.icu/99/favicon.ico [运行时间：0.009409s][吞吐率：106.28req/s] [内存消耗：1,650.74kb] [文件加载：44]
[ error ] [8]未定义数组下标: 1

---------------------------------------------------------------
[ 2023-08-10T17:40:07+08:00 ] [ log ] at888.icu/99/index/open.html [运行时间：0.016591s][吞吐率：60.27req/s] [内存消耗：1,865.12kb] [文件加载：50]
[ error ] [8]未定义数组下标: 1

---------------------------------------------------------------
[ 2023-08-10T19:43:28+08:00 ] [ log ] at888.icu/99/ [运行时间：0.010928s][吞吐率：91.51req/s] [内存消耗：1,865.34kb] [文件加载：51]
[ error ] [8]未定义数组下标: 1

---------------------------------------------------------------
[ 2023-08-10T19:43:29+08:00 ] [ log ] at888.icu/99/favicon.ico [运行时间：0.009947s][吞吐率：100.53req/s] [内存消耗：1,650.74kb] [文件加载：44]
[ error ] [8]未定义数组下标: 1

---------------------------------------------------------------
[ 2023-08-10T19:43:31+08:00 ] [ log ] at888.icu/99/index/open.html [运行时间：0.041110s][吞吐率：24.32req/s] [内存消耗：1,865.12kb] [文件加载：50]
[ error ] [8]未定义数组下标: 1

---------------------------------------------------------------
[ 2023-08-10T19:43:33+08:00 ] [ log ] at888.icu/99/index/open.html [运行时间：0.010769s][吞吐率：92.86req/s] [内存消耗：1,865.12kb] [文件加载：50]
[ error ] [8]未定义数组下标: 1

---------------------------------------------------------------
[ 2023-08-10T20:07:14+08:00 ] [ log ] asd123111.icu/99/?uc_sm=1 [运行时间：0.011511s][吞吐率：86.87req/s] [内存消耗：1,865.98kb] [文件加载：51]
[ error ] [8]未定义数组下标: 1

---------------------------------------------------------------
[ 2023-08-10T20:07:14+08:00 ] [ log ] asd123111.icu/99/ [运行时间：0.013296s][吞吐率：75.21req/s] [内存消耗：1,865.34kb] [文件加载：51]
[ error ] [8]未定义数组下标: 1

---------------------------------------------------------------
[ 2023-08-10T20:07:15+08:00 ] [ log ] asd123111.icu/99/favicon.ico [运行时间：0.009984s][吞吐率：100.16req/s] [内存消耗：1,650.74kb] [文件加载：44]
[ error ] [8]未定义数组下标: 1

---------------------------------------------------------------
[ 2023-08-10T20:07:18+08:00 ] [ log ] asd123111.icu/99/index/open.html [运行时间：0.039174s][吞吐率：25.53req/s] [内存消耗：1,865.13kb] [文件加载：50]
[ error ] [8]未定义数组下标: 1

---------------------------------------------------------------
[ 2023-08-10T20:36:00+08:00 ] [ log ] at888.icu/99/ [运行时间：0.019457s][吞吐率：51.40req/s] [内存消耗：1,865.34kb] [文件加载：51]
[ error ] [8]未定义数组下标: 1

---------------------------------------------------------------
[ 2023-08-10T20:36:01+08:00 ] [ log ] at888.icu/99/favicon.ico [运行时间：0.010692s][吞吐率：93.53req/s] [内存消耗：1,650.74kb] [文件加载：44]
[ error ] [8]未定义数组下标: 1

---------------------------------------------------------------
[ 2023-08-10T20:36:04+08:00 ] [ log ] at888.icu/99/index/open.html [运行时间：0.010853s][吞吐率：92.14req/s] [内存消耗：1,865.12kb] [文件加载：50]
[ error ] [8]未定义数组下标: 1

---------------------------------------------------------------
[ 2023-08-10T20:47:52+08:00 ] [ log ] at888.icu/99/ [运行时间：0.016725s][吞吐率：59.79req/s] [内存消耗：1,864.80kb] [文件加载：51]
[ error ] [8]未定义数组下标: 1

---------------------------------------------------------------
[ 2023-08-10T20:47:53+08:00 ] [ log ] at888.icu/99/favicon.ico [运行时间：0.009739s][吞吐率：102.68req/s] [内存消耗：1,650.74kb] [文件加载：44]
[ error ] [8]未定义数组下标: 1

---------------------------------------------------------------
[ 2023-08-10T20:47:55+08:00 ] [ log ] at888.icu/99/index/open.html [运行时间：0.040273s][吞吐率：24.83req/s] [内存消耗：1,865.12kb] [文件加载：50]
[ error ] [8]未定义数组下标: 1

---------------------------------------------------------------
[ 2023-08-10T20:58:50+08:00 ] [ log ] at888.icu/99/ [运行时间：0.011529s][吞吐率：86.74req/s] [内存消耗：1,864.80kb] [文件加载：51]
[ error ] [8]未定义数组下标: 1

---------------------------------------------------------------
[ 2023-08-10T20:58:51+08:00 ] [ log ] at888.icu/99/favicon.ico [运行时间：0.010012s][吞吐率：99.88req/s] [内存消耗：1,650.74kb] [文件加载：44]
[ error ] [8]未定义数组下标: 1

---------------------------------------------------------------
[ 2023-08-10T20:58:52+08:00 ] [ log ] at888.icu/99/index/open.html [运行时间：0.011052s][吞吐率：90.48req/s] [内存消耗：1,865.12kb] [文件加载：50]
[ error ] [8]未定义数组下标: 1

---------------------------------------------------------------
[ 2023-08-10T21:36:52+08:00 ] [ log ] at888.icu/99/ [运行时间：0.010819s][吞吐率：92.43req/s] [内存消耗：1,865.34kb] [文件加载：51]
[ error ] [8]未定义数组下标: 1

---------------------------------------------------------------
[ 2023-08-10T21:36:56+08:00 ] [ log ] at888.icu/99/favicon.ico [运行时间：0.009425s][吞吐率：106.10req/s] [内存消耗：1,650.74kb] [文件加载：44]
[ error ] [8]未定义数组下标: 1

---------------------------------------------------------------
[ 2023-08-10T21:36:59+08:00 ] [ log ] at888.icu/99/index/open.html [运行时间：0.011186s][吞吐率：89.40req/s] [内存消耗：1,865.12kb] [文件加载：50]
[ error ] [8]未定义数组下标: 1

---------------------------------------------------------------
[ 2023-08-10T22:20:10+08:00 ] [ log ] at888.icu/99/ [运行时间：0.011688s][吞吐率：85.56req/s] [内存消耗：1,865.34kb] [文件加载：51]
[ error ] [8]未定义数组下标: 1

---------------------------------------------------------------
[ 2023-08-10T22:20:12+08:00 ] [ log ] at888.icu/99/favicon.ico [运行时间：0.009530s][吞吐率：104.93req/s] [内存消耗：1,650.74kb] [文件加载：44]
[ error ] [8]未定义数组下标: 1

---------------------------------------------------------------
[ 2023-08-10T22:20:24+08:00 ] [ log ] at888.icu/99/index/open.html [运行时间：0.010847s][吞吐率：92.19req/s] [内存消耗：1,865.12kb] [文件加载：50]
[ error ] [8]未定义数组下标: 1

---------------------------------------------------------------
[ 2023-08-10T22:40:36+08:00 ] [ log ] at888.icu/99/ [运行时间：0.019978s][吞吐率：50.06req/s] [内存消耗：1,865.34kb] [文件加载：51]
[ error ] [8]未定义数组下标: 1

---------------------------------------------------------------
[ 2023-08-10T22:40:37+08:00 ] [ log ] at888.icu/99/favicon.ico [运行时间：0.011583s][吞吐率：86.33req/s] [内存消耗：1,650.74kb] [文件加载：44]
[ error ] [8]未定义数组下标: 1

---------------------------------------------------------------
[ 2023-08-10T22:40:45+08:00 ] [ log ] at888.icu/99/index/open.html [运行时间：0.028027s][吞吐率：35.68req/s] [内存消耗：1,865.12kb] [文件加载：50]
[ error ] [8]未定义数组下标: 1

---------------------------------------------------------------
