[ 2023-08-11T04:09:38+08:00 ] [ log ] at888.icu/99/ [运行时间：0.010908s][吞吐率：91.67req/s] [内存消耗：1,865.34kb] [文件加载：51]
[ error ] [8]未定义数组下标: 1

---------------------------------------------------------------
[ 2023-08-11T04:09:39+08:00 ] [ log ] at888.icu/99/favicon.ico [运行时间：0.027111s][吞吐率：36.89req/s] [内存消耗：1,650.74kb] [文件加载：44]
[ error ] [8]未定义数组下标: 1

---------------------------------------------------------------
[ 2023-08-11T04:09:43+08:00 ] [ log ] at888.icu/99/index/open.html [运行时间：0.011163s][吞吐率：89.58req/s] [内存消耗：1,865.12kb] [文件加载：50]
[ error ] [8]未定义数组下标: 1

---------------------------------------------------------------
[ 2023-08-11T05:26:38+08:00 ] [ log ] asd123111.icu/99/ [运行时间：0.016802s][吞吐率：59.52req/s] [内存消耗：1,865.34kb] [文件加载：51]
[ error ] [8]未定义数组下标: 1

---------------------------------------------------------------
[ 2023-08-11T05:26:41+08:00 ] [ log ] asd123111.icu/99/favicon.ico [运行时间：0.009460s][吞吐率：105.71req/s] [内存消耗：1,650.74kb] [文件加载：44]
[ error ] [8]未定义数组下标: 1

---------------------------------------------------------------
[ 2023-08-11T05:26:45+08:00 ] [ log ] asd123111.icu/99/index/open.html [运行时间：0.025869s][吞吐率：38.66req/s] [内存消耗：1,865.13kb] [文件加载：50]
[ error ] [8]未定义数组下标: 1

---------------------------------------------------------------
[ 2023-08-11T09:23:00+08:00 ] [ log ] at888.icu/99/ [运行时间：0.010941s][吞吐率：91.40req/s] [内存消耗：1,865.34kb] [文件加载：51]
[ error ] [8]未定义数组下标: 1

---------------------------------------------------------------
[ 2023-08-11T09:23:01+08:00 ] [ log ] at888.icu/99/favicon.ico [运行时间：0.009554s][吞吐率：104.67req/s] [内存消耗：1,650.74kb] [文件加载：44]
[ error ] [8]未定义数组下标: 1

---------------------------------------------------------------
[ 2023-08-11T09:23:04+08:00 ] [ log ] at888.icu/99/index/open.html [运行时间：0.013205s][吞吐率：75.73req/s] [内存消耗：1,865.12kb] [文件加载：50]
[ error ] [8]未定义数组下标: 1

---------------------------------------------------------------
[ 2023-08-11T10:11:24+08:00 ] [ log ] at888.icu/99/ [运行时间：0.015721s][吞吐率：63.61req/s] [内存消耗：1,865.34kb] [文件加载：51]
[ error ] [8]未定义数组下标: 1

---------------------------------------------------------------
[ 2023-08-11T10:11:29+08:00 ] [ log ] at888.icu/99/index/open.html [运行时间：0.014525s][吞吐率：68.85req/s] [内存消耗：1,865.12kb] [文件加载：50]
[ error ] [8]未定义数组下标: 1

---------------------------------------------------------------
[ 2023-08-11T11:00:29+08:00 ] [ log ] at999.icu/99/ [运行时间：0.011414s][吞吐率：87.61req/s] [内存消耗：1,865.34kb] [文件加载：51]
[ error ] [8]未定义数组下标: 1

---------------------------------------------------------------
[ 2023-08-11T11:00:32+08:00 ] [ log ] at999.icu/99/favicon.ico [运行时间：0.010237s][吞吐率：97.69req/s] [内存消耗：1,650.74kb] [文件加载：44]
[ error ] [8]未定义数组下标: 1

---------------------------------------------------------------
[ 2023-08-11T11:00:34+08:00 ] [ log ] at999.icu/99/index/open.html [运行时间：0.012748s][吞吐率：78.44req/s] [内存消耗：1,865.12kb] [文件加载：50]
[ error ] [8]未定义数组下标: 1

---------------------------------------------------------------
[ 2023-08-11T11:01:20+08:00 ] [ log ] at888.icu/99/?uc_sm=1 [运行时间：0.017737s][吞吐率：56.38req/s] [内存消耗：1,865.97kb] [文件加载：51]
[ error ] [8]未定义数组下标: 1

---------------------------------------------------------------
[ 2023-08-11T11:01:20+08:00 ] [ log ] at888.icu/99/ [运行时间：0.010903s][吞吐率：91.72req/s] [内存消耗：1,865.34kb] [文件加载：51]
[ error ] [8]未定义数组下标: 1

---------------------------------------------------------------
[ 2023-08-11T11:01:22+08:00 ] [ log ] at888.icu/99/favicon.ico [运行时间：0.009506s][吞吐率：105.20req/s] [内存消耗：1,650.74kb] [文件加载：44]
[ error ] [8]未定义数组下标: 1

---------------------------------------------------------------
[ 2023-08-11T11:01:24+08:00 ] [ log ] at888.icu/99/index/open.html [运行时间：0.011676s][吞吐率：85.65req/s] [内存消耗：1,865.12kb] [文件加载：50]
[ error ] [8]未定义数组下标: 1

---------------------------------------------------------------
[ 2023-08-11T12:35:12+08:00 ] [ log ] at888.icu/99/ [运行时间：0.036553s][吞吐率：27.36req/s] [内存消耗：1,865.34kb] [文件加载：51]
[ error ] [8]未定义数组下标: 1

---------------------------------------------------------------
[ 2023-08-11T12:35:17+08:00 ] [ log ] at888.icu/99/favicon.ico [运行时间：0.009525s][吞吐率：104.99req/s] [内存消耗：1,650.74kb] [文件加载：44]
[ error ] [8]未定义数组下标: 1

---------------------------------------------------------------
[ 2023-08-11T12:35:20+08:00 ] [ log ] at888.icu/99/index/open.html [运行时间：0.011588s][吞吐率：86.30req/s] [内存消耗：1,865.12kb] [文件加载：50]
[ error ] [8]未定义数组下标: 1

---------------------------------------------------------------
[ 2023-08-11T12:47:09+08:00 ] [ log ] at999.icu/99/ [运行时间：0.012044s][吞吐率：83.03req/s] [内存消耗：1,865.34kb] [文件加载：51]
[ error ] [8]未定义数组下标: 1

---------------------------------------------------------------
[ 2023-08-11T12:47:11+08:00 ] [ log ] at999.icu/99/favicon.ico [运行时间：0.009548s][吞吐率：104.73req/s] [内存消耗：1,650.74kb] [文件加载：44]
[ error ] [8]未定义数组下标: 1

---------------------------------------------------------------
[ 2023-08-11T12:47:13+08:00 ] [ log ] at999.icu/99/index/open.html [运行时间：0.011237s][吞吐率：88.99req/s] [内存消耗：1,865.12kb] [文件加载：50]
[ error ] [8]未定义数组下标: 1

---------------------------------------------------------------
[ 2023-08-11T12:47:43+08:00 ] [ log ] at999.icu/99/index/open.html [运行时间：0.011484s][吞吐率：87.08req/s] [内存消耗：1,865.12kb] [文件加载：50]
[ error ] [8]未定义数组下标: 1

---------------------------------------------------------------
[ 2023-08-11T12:48:31+08:00 ] [ log ] at999.icu/99/index/open.html [运行时间：0.018695s][吞吐率：53.49req/s] [内存消耗：1,865.12kb] [文件加载：50]
[ error ] [8]未定义数组下标: 1

---------------------------------------------------------------
[ 2023-08-11T12:48:59+08:00 ] [ log ] at999.icu/99/index/open.html [运行时间：0.012508s][吞吐率：79.95req/s] [内存消耗：1,865.12kb] [文件加载：50]
[ error ] [8]未定义数组下标: 1

---------------------------------------------------------------
[ 2023-08-11T12:49:39+08:00 ] [ log ] at999.icu/99/index/open.html [运行时间：0.015542s][吞吐率：64.34req/s] [内存消耗：1,865.12kb] [文件加载：50]
[ error ] [8]未定义数组下标: 1

---------------------------------------------------------------
[ 2023-08-11T12:51:51+08:00 ] [ log ] at999.icu/99/ [运行时间：0.011747s][吞吐率：85.13req/s] [内存消耗：1,864.80kb] [文件加载：51]
[ error ] [8]未定义数组下标: 1

---------------------------------------------------------------
[ 2023-08-11T12:51:52+08:00 ] [ log ] at999.icu/99/favicon.ico [运行时间：0.009205s][吞吐率：108.64req/s] [内存消耗：1,650.74kb] [文件加载：44]
[ error ] [8]未定义数组下标: 1

---------------------------------------------------------------
[ 2023-08-11T12:51:55+08:00 ] [ log ] at999.icu/99/index/open.html [运行时间：0.010909s][吞吐率：91.67req/s] [内存消耗：1,865.12kb] [文件加载：50]
[ error ] [8]未定义数组下标: 1

---------------------------------------------------------------
[ 2023-08-11T12:53:00+08:00 ] [ log ] at999.icu/99/index/open.html [运行时间：0.016286s][吞吐率：61.40req/s] [内存消耗：1,865.12kb] [文件加载：50]
[ error ] [8]未定义数组下标: 1

---------------------------------------------------------------
[ 2023-08-11T12:54:30+08:00 ] [ log ] at999.icu/99/ [运行时间：0.011892s][吞吐率：84.09req/s] [内存消耗：1,864.80kb] [文件加载：51]
[ error ] [8]未定义数组下标: 1

---------------------------------------------------------------
[ 2023-08-11T12:54:31+08:00 ] [ log ] at999.icu/99/favicon.ico [运行时间：0.011921s][吞吐率：83.88req/s] [内存消耗：1,650.74kb] [文件加载：44]
[ error ] [8]未定义数组下标: 1

---------------------------------------------------------------
[ 2023-08-11T12:54:34+08:00 ] [ log ] at999.icu/99/index/open.html [运行时间：0.011429s][吞吐率：87.50req/s] [内存消耗：1,865.12kb] [文件加载：50]
[ error ] [8]未定义数组下标: 1

---------------------------------------------------------------
[ 2023-08-11T12:54:43+08:00 ] [ log ] at999.icu/99/index/open.html [运行时间：0.011667s][吞吐率：85.71req/s] [内存消耗：1,865.12kb] [文件加载：50]
[ error ] [8]未定义数组下标: 1

---------------------------------------------------------------
[ 2023-08-11T12:55:30+08:00 ] [ log ] at999.icu/99/ [运行时间：0.013480s][吞吐率：74.18req/s] [内存消耗：1,864.80kb] [文件加载：51]
[ error ] [8]未定义数组下标: 1

---------------------------------------------------------------
[ 2023-08-11T12:55:31+08:00 ] [ log ] at999.icu/99/favicon.ico [运行时间：0.009999s][吞吐率：100.01req/s] [内存消耗：1,650.74kb] [文件加载：44]
[ error ] [8]未定义数组下标: 1

---------------------------------------------------------------
[ 2023-08-11T12:55:33+08:00 ] [ log ] at999.icu/99/index/open.html [运行时间：0.013421s][吞吐率：74.51req/s] [内存消耗：1,865.12kb] [文件加载：50]
[ error ] [8]未定义数组下标: 1

---------------------------------------------------------------
[ 2023-08-11T12:55:51+08:00 ] [ log ] at999.icu/99/index/open.html [运行时间：0.010984s][吞吐率：91.04req/s] [内存消耗：1,865.12kb] [文件加载：50]
[ error ] [8]未定义数组下标: 1

---------------------------------------------------------------
[ 2023-08-11T12:57:19+08:00 ] [ log ] at999.icu/99/ [运行时间：0.011030s][吞吐率：90.66req/s] [内存消耗：1,864.80kb] [文件加载：51]
[ error ] [8]未定义数组下标: 1

---------------------------------------------------------------
[ 2023-08-11T12:57:20+08:00 ] [ log ] at999.icu/99/favicon.ico [运行时间：0.009611s][吞吐率：104.05req/s] [内存消耗：1,650.74kb] [文件加载：44]
[ error ] [8]未定义数组下标: 1

---------------------------------------------------------------
[ 2023-08-11T12:57:22+08:00 ] [ log ] at999.icu/99/index/open.html [运行时间：0.011571s][吞吐率：86.42req/s] [内存消耗：1,865.12kb] [文件加载：50]
[ error ] [8]未定义数组下标: 1

---------------------------------------------------------------
[ 2023-08-11T12:58:34+08:00 ] [ log ] at999.icu/99/ [运行时间：0.011305s][吞吐率：88.46req/s] [内存消耗：1,864.80kb] [文件加载：51]
[ error ] [8]未定义数组下标: 1

---------------------------------------------------------------
[ 2023-08-11T12:58:37+08:00 ] [ log ] at999.icu/99/favicon.ico [运行时间：0.010107s][吞吐率：98.94req/s] [内存消耗：1,650.74kb] [文件加载：44]
[ error ] [8]未定义数组下标: 1

---------------------------------------------------------------
[ 2023-08-11T12:58:37+08:00 ] [ log ] at999.icu/99/index/open.html [运行时间：0.012031s][吞吐率：83.12req/s] [内存消耗：1,865.12kb] [文件加载：50]
[ error ] [8]未定义数组下标: 1

---------------------------------------------------------------
[ 2023-08-11T13:18:05+08:00 ] [ log ] at888.icu/99/ [运行时间：0.011493s][吞吐率：87.01req/s] [内存消耗：1,865.34kb] [文件加载：51]
[ error ] [8]未定义数组下标: 1

---------------------------------------------------------------
[ 2023-08-11T13:18:06+08:00 ] [ log ] at888.icu/99/favicon.ico [运行时间：0.010261s][吞吐率：97.46req/s] [内存消耗：1,650.74kb] [文件加载：44]
[ error ] [8]未定义数组下标: 1

---------------------------------------------------------------
[ 2023-08-11T13:18:11+08:00 ] [ log ] at888.icu/99/index/open.html [运行时间：0.010794s][吞吐率：92.64req/s] [内存消耗：1,865.12kb] [文件加载：50]
[ error ] [8]未定义数组下标: 1

---------------------------------------------------------------
[ 2023-08-11T13:39:59+08:00 ] [ log ] at888.icu/99/ [运行时间：0.011578s][吞吐率：86.37req/s] [内存消耗：1,865.34kb] [文件加载：51]
[ error ] [8]未定义数组下标: 1

---------------------------------------------------------------
[ 2023-08-11T13:40:03+08:00 ] [ log ] at888.icu/99/favicon.ico [运行时间：0.034651s][吞吐率：28.86req/s] [内存消耗：1,650.74kb] [文件加载：44]
[ error ] [8]未定义数组下标: 1

---------------------------------------------------------------
[ 2023-08-11T13:40:10+08:00 ] [ log ] at888.icu/99/index/open.html [运行时间：0.011613s][吞吐率：86.11req/s] [内存消耗：1,865.12kb] [文件加载：50]
[ error ] [8]未定义数组下标: 1

---------------------------------------------------------------
[ 2023-08-11T13:40:24+08:00 ] [ log ] at888.icu/99/ [运行时间：0.014169s][吞吐率：70.58req/s] [内存消耗：1,864.80kb] [文件加载：51]
[ error ] [8]未定义数组下标: 1

---------------------------------------------------------------
[ 2023-08-11T13:43:16+08:00 ] [ log ] at888.icu/99/ [运行时间：0.020601s][吞吐率：48.54req/s] [内存消耗：1,864.80kb] [文件加载：51]
[ error ] [8]未定义数组下标: 1

---------------------------------------------------------------
[ 2023-08-11T13:43:17+08:00 ] [ log ] at888.icu/99/favicon.ico [运行时间：0.033331s][吞吐率：30.00req/s] [内存消耗：1,650.74kb] [文件加载：44]
[ error ] [8]未定义数组下标: 1

---------------------------------------------------------------
[ 2023-08-11T13:43:19+08:00 ] [ log ] at888.icu/99/index/open.html [运行时间：0.040487s][吞吐率：24.70req/s] [内存消耗：1,865.12kb] [文件加载：50]
[ error ] [8]未定义数组下标: 1

---------------------------------------------------------------
[ 2023-08-11T13:46:51+08:00 ] [ log ] at888.icu/99/ [运行时间：0.011960s][吞吐率：83.61req/s] [内存消耗：1,864.80kb] [文件加载：51]
[ error ] [8]未定义数组下标: 1

---------------------------------------------------------------
[ 2023-08-11T13:46:52+08:00 ] [ log ] at888.icu/99/favicon.ico [运行时间：0.009967s][吞吐率：100.33req/s] [内存消耗：1,650.74kb] [文件加载：44]
[ error ] [8]未定义数组下标: 1

---------------------------------------------------------------
[ 2023-08-11T13:46:54+08:00 ] [ log ] at888.icu/99/index/open.html [运行时间：0.010821s][吞吐率：92.41req/s] [内存消耗：1,865.12kb] [文件加载：50]
[ error ] [8]未定义数组下标: 1

---------------------------------------------------------------
[ 2023-08-11T14:41:34+08:00 ] [ log ] at999.icu/99/ [运行时间：0.010852s][吞吐率：92.15req/s] [内存消耗：1,865.34kb] [文件加载：51]
[ error ] [8]未定义数组下标: 1

---------------------------------------------------------------
[ 2023-08-11T14:41:35+08:00 ] [ log ] at999.icu/99/favicon.ico [运行时间：0.009492s][吞吐率：105.35req/s] [内存消耗：1,650.74kb] [文件加载：44]
[ error ] [8]未定义数组下标: 1

---------------------------------------------------------------
[ 2023-08-11T14:41:38+08:00 ] [ log ] at999.icu/99/index/open.html [运行时间：0.010812s][吞吐率：92.49req/s] [内存消耗：1,865.12kb] [文件加载：50]
[ error ] [8]未定义数组下标: 1

---------------------------------------------------------------
[ 2023-08-11T14:52:57+08:00 ] [ log ] at999.icu/99/ [运行时间：0.015966s][吞吐率：62.63req/s] [内存消耗：1,864.80kb] [文件加载：51]
[ error ] [8]未定义数组下标: 1

---------------------------------------------------------------
[ 2023-08-11T16:56:09+08:00 ] [ log ] at999.icu/99/ [运行时间：0.011754s][吞吐率：85.08req/s] [内存消耗：1,865.34kb] [文件加载：51]
[ error ] [8]未定义数组下标: 1

---------------------------------------------------------------
[ 2023-08-11T16:56:11+08:00 ] [ log ] at999.icu/99/favicon.ico [运行时间：0.009552s][吞吐率：104.69req/s] [内存消耗：1,650.74kb] [文件加载：44]
[ error ] [8]未定义数组下标: 1

---------------------------------------------------------------
[ 2023-08-11T16:56:14+08:00 ] [ log ] at999.icu/99/index/open.html [运行时间：0.040223s][吞吐率：24.86req/s] [内存消耗：1,865.12kb] [文件加载：50]
[ error ] [8]未定义数组下标: 1

---------------------------------------------------------------
[ 2023-08-11T17:10:59+08:00 ] [ log ] at888.icu/99/ [运行时间：0.022988s][吞吐率：43.50req/s] [内存消耗：1,865.34kb] [文件加载：51]
[ error ] [8]未定义数组下标: 1

---------------------------------------------------------------
[ 2023-08-11T17:11:01+08:00 ] [ log ] at888.icu/99/favicon.ico [运行时间：0.017641s][吞吐率：56.69req/s] [内存消耗：1,650.74kb] [文件加载：44]
[ error ] [8]未定义数组下标: 1

---------------------------------------------------------------
[ 2023-08-11T17:11:03+08:00 ] [ log ] at888.icu/99/index/open.html [运行时间：0.010771s][吞吐率：92.84req/s] [内存消耗：1,865.12kb] [文件加载：50]
[ error ] [8]未定义数组下标: 1

---------------------------------------------------------------
[ 2023-08-11T17:13:31+08:00 ] [ log ] at888.icu/99/ [运行时间：0.018718s][吞吐率：53.42req/s] [内存消耗：1,864.80kb] [文件加载：51]
[ error ] [8]未定义数组下标: 1

---------------------------------------------------------------
[ 2023-08-11T17:13:31+08:00 ] [ log ] at888.icu/99/favicon.ico [运行时间：0.015206s][吞吐率：65.76req/s] [内存消耗：1,650.74kb] [文件加载：44]
[ error ] [8]未定义数组下标: 1

---------------------------------------------------------------
[ 2023-08-11T17:13:33+08:00 ] [ log ] at888.icu/99/index/open.html [运行时间：0.014725s][吞吐率：67.91req/s] [内存消耗：1,865.12kb] [文件加载：50]
[ error ] [8]未定义数组下标: 1

---------------------------------------------------------------
[ 2023-08-11T17:22:30+08:00 ] [ log ] at888.icu/99/ [运行时间：0.037870s][吞吐率：26.41req/s] [内存消耗：1,865.34kb] [文件加载：51]
[ error ] [8]未定义数组下标: 1

---------------------------------------------------------------
[ 2023-08-11T17:22:33+08:00 ] [ log ] at888.icu/99/index/open.html [运行时间：0.011619s][吞吐率：86.07req/s] [内存消耗：1,865.12kb] [文件加载：50]
[ error ] [8]未定义数组下标: 1

---------------------------------------------------------------
[ 2023-08-11T17:25:47+08:00 ] [ log ] at888.icu/99/ [运行时间：0.015484s][吞吐率：64.58req/s] [内存消耗：1,864.80kb] [文件加载：51]
[ error ] [8]未定义数组下标: 1

---------------------------------------------------------------
[ 2023-08-11T17:25:48+08:00 ] [ log ] at888.icu/99/favicon.ico [运行时间：0.010826s][吞吐率：92.37req/s] [内存消耗：1,650.74kb] [文件加载：44]
[ error ] [8]未定义数组下标: 1

---------------------------------------------------------------
[ 2023-08-11T17:25:49+08:00 ] [ log ] at888.icu/99/index/open.html [运行时间：0.021541s][吞吐率：46.42req/s] [内存消耗：1,865.12kb] [文件加载：50]
[ error ] [8]未定义数组下标: 1

---------------------------------------------------------------
[ 2023-08-11T17:26:22+08:00 ] [ log ] at888.icu/99/ [运行时间：0.011371s][吞吐率：87.94req/s] [内存消耗：1,864.80kb] [文件加载：51]
[ error ] [8]未定义数组下标: 1

---------------------------------------------------------------
[ 2023-08-11T17:26:23+08:00 ] [ log ] at888.icu/99/favicon.ico [运行时间：0.009967s][吞吐率：100.33req/s] [内存消耗：1,650.74kb] [文件加载：44]
[ error ] [8]未定义数组下标: 1

---------------------------------------------------------------
[ 2023-08-11T17:26:24+08:00 ] [ log ] at888.icu/99/index/open.html [运行时间：0.011138s][吞吐率：89.78req/s] [内存消耗：1,865.12kb] [文件加载：50]
[ error ] [8]未定义数组下标: 1

---------------------------------------------------------------
[ 2023-08-11T17:28:38+08:00 ] [ log ] at888.icu/99/ [运行时间：0.011282s][吞吐率：88.64req/s] [内存消耗：1,864.80kb] [文件加载：51]
[ error ] [8]未定义数组下标: 1

---------------------------------------------------------------
[ 2023-08-11T17:28:39+08:00 ] [ log ] at888.icu/99/favicon.ico [运行时间：0.009839s][吞吐率：101.64req/s] [内存消耗：1,650.74kb] [文件加载：44]
[ error ] [8]未定义数组下标: 1

---------------------------------------------------------------
[ 2023-08-11T17:28:41+08:00 ] [ log ] at888.icu/99/index/open.html [运行时间：0.010929s][吞吐率：91.50req/s] [内存消耗：1,865.12kb] [文件加载：50]
[ error ] [8]未定义数组下标: 1

---------------------------------------------------------------
[ 2023-08-11T17:42:02+08:00 ] [ log ] at888.icu/99/ [运行时间：0.011636s][吞吐率：85.94req/s] [内存消耗：1,864.80kb] [文件加载：51]
[ error ] [8]未定义数组下标: 1

---------------------------------------------------------------
[ 2023-08-11T17:42:03+08:00 ] [ log ] at888.icu/99/favicon.ico [运行时间：0.009636s][吞吐率：103.78req/s] [内存消耗：1,650.74kb] [文件加载：44]
[ error ] [8]未定义数组下标: 1

---------------------------------------------------------------
[ 2023-08-11T17:42:05+08:00 ] [ log ] at888.icu/99/index/open.html [运行时间：0.010935s][吞吐率：91.45req/s] [内存消耗：1,865.12kb] [文件加载：50]
[ error ] [8]未定义数组下标: 1

---------------------------------------------------------------
[ 2023-08-11T17:49:34+08:00 ] [ log ] at888.icu/99/ [运行时间：0.013335s][吞吐率：74.99req/s] [内存消耗：1,865.34kb] [文件加载：51]
[ error ] [8]未定义数组下标: 1

---------------------------------------------------------------
[ 2023-08-11T17:49:35+08:00 ] [ log ] at888.icu/99/favicon.ico [运行时间：0.009381s][吞吐率：106.60req/s] [内存消耗：1,650.74kb] [文件加载：44]
[ error ] [8]未定义数组下标: 1

---------------------------------------------------------------
[ 2023-08-11T17:49:38+08:00 ] [ log ] at888.icu/99/index/open.html [运行时间：0.010775s][吞吐率：92.81req/s] [内存消耗：1,865.12kb] [文件加载：50]
[ error ] [8]未定义数组下标: 1

---------------------------------------------------------------
[ 2023-08-11T17:56:35+08:00 ] [ log ] at888.icu/99/?uc_sm=1 [运行时间：0.010958s][吞吐率：91.26req/s] [内存消耗：1,865.97kb] [文件加载：51]
[ error ] [8]未定义数组下标: 1

---------------------------------------------------------------
[ 2023-08-11T17:56:38+08:00 ] [ log ] at888.icu/99/ [运行时间：0.018496s][吞吐率：54.07req/s] [内存消耗：1,865.34kb] [文件加载：51]
[ error ] [8]未定义数组下标: 1

---------------------------------------------------------------
[ 2023-08-11T17:56:39+08:00 ] [ log ] at888.icu/99/favicon.ico [运行时间：0.025531s][吞吐率：39.17req/s] [内存消耗：1,650.74kb] [文件加载：44]
[ error ] [8]未定义数组下标: 1

---------------------------------------------------------------
[ 2023-08-11T17:56:42+08:00 ] [ log ] at888.icu/99/index/open.html [运行时间：0.011788s][吞吐率：84.83req/s] [内存消耗：1,865.12kb] [文件加载：50]
[ error ] [8]未定义数组下标: 1

---------------------------------------------------------------
[ 2023-08-11T18:12:57+08:00 ] [ log ] at888.icu/99/ [运行时间：0.010674s][吞吐率：93.69req/s] [内存消耗：1,865.34kb] [文件加载：51]
[ error ] [8]未定义数组下标: 1

---------------------------------------------------------------
[ 2023-08-11T18:12:58+08:00 ] [ log ] at888.icu/99/favicon.ico [运行时间：0.009401s][吞吐率：106.37req/s] [内存消耗：1,650.74kb] [文件加载：44]
[ error ] [8]未定义数组下标: 1

---------------------------------------------------------------
[ 2023-08-11T18:13:02+08:00 ] [ log ] at888.icu/99/index/open.html [运行时间：0.010520s][吞吐率：95.06req/s] [内存消耗：1,865.12kb] [文件加载：50]
[ error ] [8]未定义数组下标: 1

---------------------------------------------------------------
[ 2023-08-11T18:13:32+08:00 ] [ log ] at888.icu/99/ [运行时间：0.010871s][吞吐率：91.99req/s] [内存消耗：1,865.34kb] [文件加载：51]
[ error ] [8]未定义数组下标: 1

---------------------------------------------------------------
[ 2023-08-11T18:21:04+08:00 ] [ log ] at888.icu/99/ [运行时间：0.011100s][吞吐率：90.09req/s] [内存消耗：1,865.34kb] [文件加载：51]
[ error ] [8]未定义数组下标: 1

---------------------------------------------------------------
[ 2023-08-11T18:21:04+08:00 ] [ log ] at888.icu/99/favicon.ico [运行时间：0.009452s][吞吐率：105.80req/s] [内存消耗：1,650.74kb] [文件加载：44]
[ error ] [8]未定义数组下标: 1

---------------------------------------------------------------
[ 2023-08-11T18:21:06+08:00 ] [ log ] at888.icu/99/index/open.html [运行时间：0.011266s][吞吐率：88.76req/s] [内存消耗：1,865.12kb] [文件加载：50]
[ error ] [8]未定义数组下标: 1

---------------------------------------------------------------
[ 2023-08-11T18:21:37+08:00 ] [ log ] at888.icu/99/ [运行时间：0.039839s][吞吐率：25.10req/s] [内存消耗：1,864.80kb] [文件加载：51]
[ error ] [8]未定义数组下标: 1

---------------------------------------------------------------
[ 2023-08-11T18:21:37+08:00 ] [ log ] at888.icu/99/favicon.ico [运行时间：0.010095s][吞吐率：99.06req/s] [内存消耗：1,650.74kb] [文件加载：44]
[ error ] [8]未定义数组下标: 1

---------------------------------------------------------------
[ 2023-08-11T18:21:39+08:00 ] [ log ] at888.icu/99/index/open.html [运行时间：0.012968s][吞吐率：77.11req/s] [内存消耗：1,865.12kb] [文件加载：50]
[ error ] [8]未定义数组下标: 1

---------------------------------------------------------------
[ 2023-08-11T18:23:08+08:00 ] [ log ] at888.icu/99/ [运行时间：0.011129s][吞吐率：89.86req/s] [内存消耗：1,864.80kb] [文件加载：51]
[ error ] [8]未定义数组下标: 1

---------------------------------------------------------------
[ 2023-08-11T18:23:08+08:00 ] [ log ] at888.icu/99/favicon.ico [运行时间：0.009631s][吞吐率：103.83req/s] [内存消耗：1,650.74kb] [文件加载：44]
[ error ] [8]未定义数组下标: 1

---------------------------------------------------------------
[ 2023-08-11T18:23:12+08:00 ] [ log ] at888.icu/99/index/open.html [运行时间：0.012460s][吞吐率：80.26req/s] [内存消耗：1,865.12kb] [文件加载：50]
[ error ] [8]未定义数组下标: 1

---------------------------------------------------------------
[ 2023-08-11T18:23:37+08:00 ] [ log ] at888.icu/99/index/open.html [运行时间：0.015675s][吞吐率：63.80req/s] [内存消耗：1,865.65kb] [文件加载：50]
[ error ] [8]未定义数组下标: 1

---------------------------------------------------------------
[ 2023-08-11T18:28:03+08:00 ] [ log ] at888.icu/99/ [运行时间：0.011551s][吞吐率：86.57req/s] [内存消耗：1,864.80kb] [文件加载：51]
[ error ] [8]未定义数组下标: 1

---------------------------------------------------------------
[ 2023-08-11T18:28:03+08:00 ] [ log ] at888.icu/99/favicon.ico [运行时间：0.010063s][吞吐率：99.37req/s] [内存消耗：1,650.74kb] [文件加载：44]
[ error ] [8]未定义数组下标: 1

---------------------------------------------------------------
[ 2023-08-11T18:28:22+08:00 ] [ log ] at888.icu/99/index/open.html [运行时间：0.016799s][吞吐率：59.53req/s] [内存消耗：1,865.12kb] [文件加载：50]
[ error ] [8]未定义数组下标: 1

---------------------------------------------------------------
[ 2023-08-11T19:51:06+08:00 ] [ log ] asd123111.icu/99/?uc_sm=1 [运行时间：0.015217s][吞吐率：65.72req/s] [内存消耗：1,865.98kb] [文件加载：51]
[ error ] [8]未定义数组下标: 1

---------------------------------------------------------------
[ 2023-08-11T19:51:06+08:00 ] [ log ] asd123111.icu/99/ [运行时间：0.011840s][吞吐率：84.46req/s] [内存消耗：1,865.34kb] [文件加载：51]
[ error ] [8]未定义数组下标: 1

---------------------------------------------------------------
[ 2023-08-11T19:51:08+08:00 ] [ log ] asd123111.icu/99/favicon.ico [运行时间：0.009526s][吞吐率：104.98req/s] [内存消耗：1,650.74kb] [文件加载：44]
[ error ] [8]未定义数组下标: 1

---------------------------------------------------------------
[ 2023-08-11T19:51:10+08:00 ] [ log ] asd123111.icu/99/index/open.html [运行时间：0.011936s][吞吐率：83.78req/s] [内存消耗：1,865.13kb] [文件加载：50]
[ error ] [8]未定义数组下标: 1

---------------------------------------------------------------
[ 2023-08-11T21:35:42+08:00 ] [ log ] at777.icu/99/ [运行时间：0.014108s][吞吐率：70.88req/s] [内存消耗：1,865.34kb] [文件加载：51]
[ error ] [8]未定义数组下标: 1

---------------------------------------------------------------
[ 2023-08-11T21:35:43+08:00 ] [ log ] at777.icu/99/ [运行时间：0.011830s][吞吐率：84.53req/s] [内存消耗：1,865.34kb] [文件加载：51]
[ error ] [8]未定义数组下标: 1

---------------------------------------------------------------
[ 2023-08-11T21:35:44+08:00 ] [ log ] at777.icu/99/favicon.ico [运行时间：0.009546s][吞吐率：104.76req/s] [内存消耗：1,650.74kb] [文件加载：44]
[ error ] [8]未定义数组下标: 1

---------------------------------------------------------------
[ 2023-08-11T21:35:45+08:00 ] [ log ] at777.icu/99/favicon.ico [运行时间：0.013368s][吞吐率：74.80req/s] [内存消耗：1,650.74kb] [文件加载：44]
[ error ] [8]未定义数组下标: 1

---------------------------------------------------------------
[ 2023-08-11T21:35:54+08:00 ] [ log ] at777.icu/99/index/open.html [运行时间：0.029046s][吞吐率：34.43req/s] [内存消耗：1,865.12kb] [文件加载：50]
[ error ] [8]未定义数组下标: 1

---------------------------------------------------------------
[ 2023-08-11T21:36:27+08:00 ] [ log ] at777.icu/99/ [运行时间：0.010722s][吞吐率：93.27req/s] [内存消耗：1,864.80kb] [文件加载：51]
[ error ] [8]未定义数组下标: 1

---------------------------------------------------------------
[ 2023-08-11T21:36:28+08:00 ] [ log ] at777.icu/99/favicon.ico [运行时间：0.009578s][吞吐率：104.41req/s] [内存消耗：1,650.74kb] [文件加载：44]
[ error ] [8]未定义数组下标: 1

---------------------------------------------------------------
[ 2023-08-11T21:36:55+08:00 ] [ log ] at777.icu/99/ [运行时间：0.010935s][吞吐率：91.45req/s] [内存消耗：1,865.34kb] [文件加载：51]
[ error ] [8]未定义数组下标: 1

---------------------------------------------------------------
[ 2023-08-11T21:36:56+08:00 ] [ log ] at777.icu/99/favicon.ico [运行时间：0.009451s][吞吐率：105.81req/s] [内存消耗：1,650.74kb] [文件加载：44]
[ error ] [8]未定义数组下标: 1

---------------------------------------------------------------
[ 2023-08-11T21:37:14+08:00 ] [ log ] at777.icu/99/index/open.html [运行时间：0.015368s][吞吐率：65.07req/s] [内存消耗：1,865.12kb] [文件加载：50]
[ error ] [8]未定义数组下标: 1

---------------------------------------------------------------
[ 2023-08-11T21:37:23+08:00 ] [ log ] at777.icu/99/index/open.html [运行时间：0.014290s][吞吐率：69.98req/s] [内存消耗：1,865.12kb] [文件加载：50]
[ error ] [8]未定义数组下标: 1

---------------------------------------------------------------
[ 2023-08-11T21:38:50+08:00 ] [ log ] at777.icu/99/ [运行时间：0.011330s][吞吐率：88.26req/s] [内存消耗：1,864.84kb] [文件加载：51]
[ error ] [8]未定义数组下标: 1

---------------------------------------------------------------
[ 2023-08-11T21:39:08+08:00 ] [ log ] at777.icu/99/index/open.html [运行时间：0.018497s][吞吐率：54.06req/s] [内存消耗：1,865.15kb] [文件加载：50]
[ error ] [8]未定义数组下标: 1

---------------------------------------------------------------
