[ 2023-08-12T02:05:43+08:00 ] [ log ] at999.icu/99/ [运行时间：0.011202s][吞吐率：89.27req/s] [内存消耗：1,865.34kb] [文件加载：51]
[ error ] [8]未定义数组下标: 1

---------------------------------------------------------------
[ 2023-08-12T02:05:46+08:00 ] [ log ] at999.icu/99/favicon.ico [运行时间：0.010217s][吞吐率：97.88req/s] [内存消耗：1,650.74kb] [文件加载：44]
[ error ] [8]未定义数组下标: 1

---------------------------------------------------------------
[ 2023-08-12T02:05:48+08:00 ] [ log ] at999.icu/99/index/open.html [运行时间：0.011446s][吞吐率：87.37req/s] [内存消耗：1,865.12kb] [文件加载：50]
[ error ] [8]未定义数组下标: 1

---------------------------------------------------------------
[ 2023-08-12T02:23:48+08:00 ] [ log ] at999.icu/99/ [运行时间：0.034856s][吞吐率：28.69req/s] [内存消耗：1,864.80kb] [文件加载：51]
[ error ] [8]未定义数组下标: 1

---------------------------------------------------------------
[ 2023-08-12T02:23:49+08:00 ] [ log ] at999.icu/99/favicon.ico [运行时间：0.009470s][吞吐率：105.60req/s] [内存消耗：1,650.74kb] [文件加载：44]
[ error ] [8]未定义数组下标: 1

---------------------------------------------------------------
[ 2023-08-12T02:23:53+08:00 ] [ log ] at999.icu/99/index/open.html [运行时间：0.010486s][吞吐率：95.37req/s] [内存消耗：1,865.12kb] [文件加载：50]
[ error ] [8]未定义数组下标: 1

---------------------------------------------------------------
[ 2023-08-12T02:25:27+08:00 ] [ log ] at999.icu/99/ [运行时间：0.033797s][吞吐率：29.59req/s] [内存消耗：1,864.80kb] [文件加载：51]
[ error ] [8]未定义数组下标: 1

---------------------------------------------------------------
[ 2023-08-12T02:25:28+08:00 ] [ log ] at999.icu/99/favicon.ico [运行时间：0.009606s][吞吐率：104.10req/s] [内存消耗：1,650.74kb] [文件加载：44]
[ error ] [8]未定义数组下标: 1

---------------------------------------------------------------
[ 2023-08-12T02:25:33+08:00 ] [ log ] at999.icu/99/index/open.html [运行时间：0.010828s][吞吐率：92.35req/s] [内存消耗：1,865.12kb] [文件加载：50]
[ error ] [8]未定义数组下标: 1

---------------------------------------------------------------
[ 2023-08-12T02:26:05+08:00 ] [ log ] at999.icu/99/ [运行时间：0.010998s][吞吐率：90.93req/s] [内存消耗：1,864.80kb] [文件加载：51]
[ error ] [8]未定义数组下标: 1

---------------------------------------------------------------
[ 2023-08-12T02:26:08+08:00 ] [ log ] at999.icu/99/index/open.html [运行时间：0.010669s][吞吐率：93.73req/s] [内存消耗：1,865.12kb] [文件加载：50]
[ error ] [8]未定义数组下标: 1

---------------------------------------------------------------
[ 2023-08-12T02:26:29+08:00 ] [ log ] at999.icu/99/index/open.html [运行时间：0.024788s][吞吐率：40.34req/s] [内存消耗：1,865.12kb] [文件加载：50]
[ error ] [8]未定义数组下标: 1

---------------------------------------------------------------
[ 2023-08-12T02:26:35+08:00 ] [ log ] at999.icu/99/index/open.html [运行时间：0.010807s][吞吐率：92.53req/s] [内存消耗：1,865.12kb] [文件加载：50]
[ error ] [8]未定义数组下标: 1

---------------------------------------------------------------
[ 2023-08-12T02:27:35+08:00 ] [ log ] at999.icu/99/ [运行时间：0.025858s][吞吐率：38.67req/s] [内存消耗：1,864.80kb] [文件加载：51]
[ error ] [8]未定义数组下标: 1

---------------------------------------------------------------
[ 2023-08-12T02:27:42+08:00 ] [ log ] at999.icu/99/index/open.html [运行时间：0.010836s][吞吐率：92.29req/s] [内存消耗：1,865.12kb] [文件加载：50]
[ error ] [8]未定义数组下标: 1

---------------------------------------------------------------
[ 2023-08-12T02:31:01+08:00 ] [ log ] at999.icu/99/ [运行时间：0.011358s][吞吐率：88.04req/s] [内存消耗：1,864.80kb] [文件加载：51]
[ error ] [8]未定义数组下标: 1

---------------------------------------------------------------
[ 2023-08-12T02:31:06+08:00 ] [ log ] at999.icu/99/index/open.html [运行时间：0.010713s][吞吐率：93.35req/s] [内存消耗：1,865.12kb] [文件加载：50]
[ error ] [8]未定义数组下标: 1

---------------------------------------------------------------
[ 2023-08-12T05:31:13+08:00 ] [ log ] at888.icu/99/ [运行时间：0.011583s][吞吐率：86.33req/s] [内存消耗：1,865.34kb] [文件加载：51]
[ error ] [8]未定义数组下标: 1

---------------------------------------------------------------
[ 2023-08-12T05:31:17+08:00 ] [ log ] at888.icu/99/favicon.ico [运行时间：0.037572s][吞吐率：26.62req/s] [内存消耗：1,650.74kb] [文件加载：44]
[ error ] [8]未定义数组下标: 1

---------------------------------------------------------------
[ 2023-08-12T05:31:20+08:00 ] [ log ] at888.icu/99/index/open.html [运行时间：0.010926s][吞吐率：91.52req/s] [内存消耗：1,865.12kb] [文件加载：50]
[ error ] [8]未定义数组下标: 1

---------------------------------------------------------------
[ 2023-08-12T08:56:52+08:00 ] [ log ] at777.icu/99/ [运行时间：0.017393s][吞吐率：57.49req/s] [内存消耗：1,865.34kb] [文件加载：51]
[ error ] [8]未定义数组下标: 1

---------------------------------------------------------------
[ 2023-08-12T08:56:54+08:00 ] [ log ] at777.icu/99/favicon.ico [运行时间：0.009868s][吞吐率：101.34req/s] [内存消耗：1,650.74kb] [文件加载：44]
[ error ] [8]未定义数组下标: 1

---------------------------------------------------------------
[ 2023-08-12T08:56:57+08:00 ] [ log ] at777.icu/99/index/open.html [运行时间：0.010871s][吞吐率：91.99req/s] [内存消耗：1,865.12kb] [文件加载：50]
[ error ] [8]未定义数组下标: 1

---------------------------------------------------------------
[ 2023-08-12T10:22:51+08:00 ] [ log ] at999.icu/99/ [运行时间：0.035587s][吞吐率：28.10req/s] [内存消耗：1,865.34kb] [文件加载：51]
[ error ] [8]未定义数组下标: 1

---------------------------------------------------------------
[ 2023-08-12T10:22:51+08:00 ] [ log ] at999.icu/99/?uc_sm=1&from=wh10331 [运行时间：0.022308s][吞吐率：44.83req/s] [内存消耗：1,865.98kb] [文件加载：51]
[ error ] [8]未定义数组下标: 1

---------------------------------------------------------------
[ 2023-08-12T10:22:54+08:00 ] [ log ] at999.icu/99/favicon.ico [运行时间：0.009683s][吞吐率：103.27req/s] [内存消耗：1,650.74kb] [文件加载：44]
[ error ] [8]未定义数组下标: 1

---------------------------------------------------------------
[ 2023-08-12T10:22:58+08:00 ] [ log ] at999.icu/99/index/open.html [运行时间：0.010595s][吞吐率：94.39req/s] [内存消耗：1,865.12kb] [文件加载：50]
[ error ] [8]未定义数组下标: 1

---------------------------------------------------------------
[ 2023-08-12T10:23:55+08:00 ] [ log ] at999.icu/99/index/open.html [运行时间：0.011023s][吞吐率：90.72req/s] [内存消耗：1,865.12kb] [文件加载：50]
[ error ] [8]未定义数组下标: 1

---------------------------------------------------------------
[ 2023-08-12T10:23:59+08:00 ] [ log ] at999.icu/99/ [运行时间：0.012709s][吞吐率：78.69req/s] [内存消耗：1,864.80kb] [文件加载：51]
[ error ] [8]未定义数组下标: 1

---------------------------------------------------------------
[ 2023-08-12T10:24:14+08:00 ] [ log ] at888.icu/99/ [运行时间：0.014989s][吞吐率：66.72req/s] [内存消耗：1,865.34kb] [文件加载：51]
[ error ] [8]未定义数组下标: 1

---------------------------------------------------------------
[ 2023-08-12T10:24:16+08:00 ] [ log ] at888.icu/99/favicon.ico [运行时间：0.013921s][吞吐率：71.83req/s] [内存消耗：1,650.74kb] [文件加载：44]
[ error ] [8]未定义数组下标: 1

---------------------------------------------------------------
[ 2023-08-12T10:24:19+08:00 ] [ log ] at888.icu/99/index/open.html [运行时间：0.011470s][吞吐率：87.18req/s] [内存消耗：1,865.12kb] [文件加载：50]
[ error ] [8]未定义数组下标: 1

---------------------------------------------------------------
[ 2023-08-12T11:33:41+08:00 ] [ log ] at777.icu/99/ [运行时间：0.040911s][吞吐率：24.44req/s] [内存消耗：1,865.34kb] [文件加载：51]
[ error ] [8]未定义数组下标: 1

---------------------------------------------------------------
[ 2023-08-12T11:33:41+08:00 ] [ log ] at777.icu/99/favicon.ico [运行时间：0.013312s][吞吐率：75.12req/s] [内存消耗：1,650.74kb] [文件加载：44]
[ error ] [8]未定义数组下标: 1

---------------------------------------------------------------
[ 2023-08-12T11:33:44+08:00 ] [ log ] at777.icu/99/index/open.html [运行时间：0.010582s][吞吐率：94.50req/s] [内存消耗：1,865.12kb] [文件加载：50]
[ error ] [8]未定义数组下标: 1

---------------------------------------------------------------
[ 2023-08-12T11:51:33+08:00 ] [ log ] at777.icu/99/ [运行时间：0.011521s][吞吐率：86.80req/s] [内存消耗：1,864.80kb] [文件加载：51]
[ error ] [8]未定义数组下标: 1

---------------------------------------------------------------
[ 2023-08-12T11:51:34+08:00 ] [ log ] at777.icu/99/favicon.ico [运行时间：0.013557s][吞吐率：73.76req/s] [内存消耗：1,650.74kb] [文件加载：44]
[ error ] [8]未定义数组下标: 1

---------------------------------------------------------------
[ 2023-08-12T11:51:37+08:00 ] [ log ] at777.icu/99/index/open.html [运行时间：0.011247s][吞吐率：88.91req/s] [内存消耗：1,865.12kb] [文件加载：50]
[ error ] [8]未定义数组下标: 1

---------------------------------------------------------------
[ 2023-08-12T12:02:45+08:00 ] [ log ] at777.icu/99/?03ae7a6cb391d6=03ae7a6cb391d6 [运行时间：0.028578s][吞吐率：34.99req/s] [内存消耗：1,866.00kb] [文件加载：51]
[ error ] [8]未定义数组下标: 1

---------------------------------------------------------------
[ 2023-08-12T12:04:36+08:00 ] [ log ] at777.icu/99/ [运行时间：0.011603s][吞吐率：86.18req/s] [内存消耗：1,864.80kb] [文件加载：51]
[ error ] [8]未定义数组下标: 1

---------------------------------------------------------------
[ 2023-08-12T12:04:36+08:00 ] [ log ] at777.icu/99/favicon.ico [运行时间：0.009537s][吞吐率：104.85req/s] [内存消耗：1,650.74kb] [文件加载：44]
[ error ] [8]未定义数组下标: 1

---------------------------------------------------------------
[ 2023-08-12T12:04:56+08:00 ] [ log ] at777.icu/99/index/open.html [运行时间：0.010717s][吞吐率：93.31req/s] [内存消耗：1,865.12kb] [文件加载：50]
[ error ] [8]未定义数组下标: 1

---------------------------------------------------------------
[ 2023-08-12T12:09:20+08:00 ] [ log ] at777.icu/99/ [运行时间：0.011094s][吞吐率：90.14req/s] [内存消耗：1,864.80kb] [文件加载：51]
[ error ] [8]未定义数组下标: 1

---------------------------------------------------------------
[ 2023-08-12T12:09:20+08:00 ] [ log ] at777.icu/99/favicon.ico [运行时间：0.010008s][吞吐率：99.92req/s] [内存消耗：1,650.74kb] [文件加载：44]
[ error ] [8]未定义数组下标: 1

---------------------------------------------------------------
[ 2023-08-12T12:09:26+08:00 ] [ log ] at777.icu/99/index/open.html [运行时间：0.010799s][吞吐率：92.60req/s] [内存消耗：1,865.12kb] [文件加载：50]
[ error ] [8]未定义数组下标: 1

---------------------------------------------------------------
[ 2023-08-12T12:17:15+08:00 ] [ log ] at777.icu/99/ [运行时间：0.011340s][吞吐率：88.18req/s] [内存消耗：1,864.80kb] [文件加载：51]
[ error ] [8]未定义数组下标: 1

---------------------------------------------------------------
[ 2023-08-12T12:17:15+08:00 ] [ log ] at777.icu/99/favicon.ico [运行时间：0.013006s][吞吐率：76.89req/s] [内存消耗：1,650.74kb] [文件加载：44]
[ error ] [8]未定义数组下标: 1

---------------------------------------------------------------
[ 2023-08-12T12:17:18+08:00 ] [ log ] at777.icu/99/index/open.html [运行时间：0.010600s][吞吐率：94.34req/s] [内存消耗：1,865.12kb] [文件加载：50]
[ error ] [8]未定义数组下标: 1

---------------------------------------------------------------
[ 2023-08-12T12:20:22+08:00 ] [ log ] at777.icu/99/ [运行时间：0.010875s][吞吐率：91.95req/s] [内存消耗：1,864.80kb] [文件加载：51]
[ error ] [8]未定义数组下标: 1

---------------------------------------------------------------
[ 2023-08-12T12:20:23+08:00 ] [ log ] at777.icu/99/favicon.ico [运行时间：0.009357s][吞吐率：106.87req/s] [内存消耗：1,650.74kb] [文件加载：44]
[ error ] [8]未定义数组下标: 1

---------------------------------------------------------------
[ 2023-08-12T12:22:36+08:00 ] [ log ] at777.icu/99/ [运行时间：0.038732s][吞吐率：25.82req/s] [内存消耗：1,864.80kb] [文件加载：51]
[ error ] [8]未定义数组下标: 1

---------------------------------------------------------------
[ 2023-08-12T12:22:37+08:00 ] [ log ] at777.icu/99/favicon.ico [运行时间：0.009937s][吞吐率：100.63req/s] [内存消耗：1,650.74kb] [文件加载：44]
[ error ] [8]未定义数组下标: 1

---------------------------------------------------------------
[ 2023-08-12T12:22:40+08:00 ] [ log ] at777.icu/99/index/open.html [运行时间：0.010733s][吞吐率：93.17req/s] [内存消耗：1,865.12kb] [文件加载：50]
[ error ] [8]未定义数组下标: 1

---------------------------------------------------------------
[ 2023-08-12T12:36:26+08:00 ] [ log ] at777.icu/99/ [运行时间：0.011668s][吞吐率：85.70req/s] [内存消耗：1,864.80kb] [文件加载：51]
[ error ] [8]未定义数组下标: 1

---------------------------------------------------------------
[ 2023-08-12T12:36:27+08:00 ] [ log ] at777.icu/99/favicon.ico [运行时间：0.009453s][吞吐率：105.79req/s] [内存消耗：1,650.74kb] [文件加载：44]
[ error ] [8]未定义数组下标: 1

---------------------------------------------------------------
[ 2023-08-12T12:36:30+08:00 ] [ log ] at777.icu/99/index/open.html [运行时间：0.022369s][吞吐率：44.70req/s] [内存消耗：1,865.12kb] [文件加载：50]
[ error ] [8]未定义数组下标: 1

---------------------------------------------------------------
[ 2023-08-12T12:36:43+08:00 ] [ log ] at888.icu/99/ [运行时间：0.014558s][吞吐率：68.69req/s] [内存消耗：1,865.34kb] [文件加载：51]
[ error ] [8]未定义数组下标: 1

---------------------------------------------------------------
[ 2023-08-12T12:36:45+08:00 ] [ log ] at888.icu/99/favicon.ico [运行时间：0.009974s][吞吐率：100.26req/s] [内存消耗：1,650.74kb] [文件加载：44]
[ error ] [8]未定义数组下标: 1

---------------------------------------------------------------
[ 2023-08-12T12:36:46+08:00 ] [ log ] at888.icu/99/index/open.html [运行时间：0.011492s][吞吐率：87.02req/s] [内存消耗：1,865.12kb] [文件加载：50]
[ error ] [8]未定义数组下标: 1

---------------------------------------------------------------
[ 2023-08-12T12:36:49+08:00 ] [ log ] at888.icu/99/index/open.html [运行时间：0.021917s][吞吐率：45.63req/s] [内存消耗：1,865.12kb] [文件加载：50]
[ error ] [8]未定义数组下标: 1

---------------------------------------------------------------
[ 2023-08-12T12:37:01+08:00 ] [ log ] at888.icu/99/ [运行时间：0.010517s][吞吐率：95.09req/s] [内存消耗：1,864.84kb] [文件加载：51]
[ error ] [8]未定义数组下标: 1

---------------------------------------------------------------
[ 2023-08-12T12:37:37+08:00 ] [ log ] at777.icu/99/ [运行时间：0.011333s][吞吐率：88.24req/s] [内存消耗：1,865.34kb] [文件加载：51]
[ error ] [8]未定义数组下标: 1

---------------------------------------------------------------
[ 2023-08-12T12:37:56+08:00 ] [ log ] at777.icu/99/ [运行时间：0.010711s][吞吐率：93.36req/s] [内存消耗：1,864.80kb] [文件加载：51]
[ error ] [8]未定义数组下标: 1

---------------------------------------------------------------
[ 2023-08-12T12:37:56+08:00 ] [ log ] at777.icu/99/favicon.ico [运行时间：0.009378s][吞吐率：106.63req/s] [内存消耗：1,650.74kb] [文件加载：44]
[ error ] [8]未定义数组下标: 1

---------------------------------------------------------------
[ 2023-08-12T12:37:58+08:00 ] [ log ] at777.icu/99/index/open.html [运行时间：0.035363s][吞吐率：28.28req/s] [内存消耗：1,865.12kb] [文件加载：50]
[ error ] [8]未定义数组下标: 1

---------------------------------------------------------------
[ 2023-08-12T12:41:53+08:00 ] [ log ] at777.icu/99/ [运行时间：0.011144s][吞吐率：89.74req/s] [内存消耗：1,864.80kb] [文件加载：51]
[ error ] [8]未定义数组下标: 1

---------------------------------------------------------------
[ 2023-08-12T12:43:14+08:00 ] [ log ] at777.icu/99/ [运行时间：0.011565s][吞吐率：86.47req/s] [内存消耗：1,864.80kb] [文件加载：51]
[ error ] [8]未定义数组下标: 1

---------------------------------------------------------------
[ 2023-08-12T12:43:14+08:00 ] [ log ] at777.icu/99/favicon.ico [运行时间：0.009600s][吞吐率：104.17req/s] [内存消耗：1,650.74kb] [文件加载：44]
[ error ] [8]未定义数组下标: 1

---------------------------------------------------------------
[ 2023-08-12T12:43:16+08:00 ] [ log ] at777.icu/99/index/open.html [运行时间：0.021180s][吞吐率：47.21req/s] [内存消耗：1,865.12kb] [文件加载：50]
[ error ] [8]未定义数组下标: 1

---------------------------------------------------------------
[ 2023-08-12T12:44:03+08:00 ] [ log ] at777.icu/99/ [运行时间：0.013919s][吞吐率：71.84req/s] [内存消耗：1,864.80kb] [文件加载：51]
[ error ] [8]未定义数组下标: 1

---------------------------------------------------------------
[ 2023-08-12T12:44:03+08:00 ] [ log ] at777.icu/99/?uc_sm=1&from=wh10331 [运行时间：0.013051s][吞吐率：76.62req/s] [内存消耗：1,865.45kb] [文件加载：51]
[ error ] [8]未定义数组下标: 1

---------------------------------------------------------------
[ 2023-08-12T12:44:04+08:00 ] [ log ] at777.icu/99/favicon.ico [运行时间：0.010635s][吞吐率：94.03req/s] [内存消耗：1,650.74kb] [文件加载：44]
[ error ] [8]未定义数组下标: 1

---------------------------------------------------------------
[ 2023-08-12T12:44:06+08:00 ] [ log ] at777.icu/99/index/open.html [运行时间：0.014811s][吞吐率：67.52req/s] [内存消耗：1,865.12kb] [文件加载：50]
[ error ] [8]未定义数组下标: 1

---------------------------------------------------------------
[ 2023-08-12T12:45:57+08:00 ] [ log ] at777.icu/99/?uc_sm=1&from=wh10331 [运行时间：0.011586s][吞吐率：86.31req/s] [内存消耗：1,865.45kb] [文件加载：51]
[ error ] [8]未定义数组下标: 1

---------------------------------------------------------------
[ 2023-08-12T12:45:57+08:00 ] [ log ] at777.icu/99/ [运行时间：0.013034s][吞吐率：76.72req/s] [内存消耗：1,864.80kb] [文件加载：51]
[ error ] [8]未定义数组下标: 1

---------------------------------------------------------------
[ 2023-08-12T12:45:58+08:00 ] [ log ] at777.icu/99/favicon.ico [运行时间：0.009995s][吞吐率：100.05req/s] [内存消耗：1,650.74kb] [文件加载：44]
[ error ] [8]未定义数组下标: 1

---------------------------------------------------------------
[ 2023-08-12T12:45:59+08:00 ] [ log ] at777.icu/99/index/open.html [运行时间：0.012674s][吞吐率：78.90req/s] [内存消耗：1,865.12kb] [文件加载：50]
[ error ] [8]未定义数组下标: 1

---------------------------------------------------------------
[ 2023-08-12T12:56:40+08:00 ] [ log ] at777.icu/99/favicon.ico [运行时间：0.009579s][吞吐率：104.40req/s] [内存消耗：1,651.27kb] [文件加载：44]
[ error ] [8]未定义数组下标: 1

---------------------------------------------------------------
[ 2023-08-12T12:56:49+08:00 ] [ log ] at777.icu/99/favicon.ico [运行时间：0.014225s][吞吐率：70.30req/s] [内存消耗：1,650.74kb] [文件加载：44]
[ error ] [8]未定义数组下标: 1

---------------------------------------------------------------
[ 2023-08-12T12:58:30+08:00 ] [ log ] at777.icu/99/ [运行时间：0.011641s][吞吐率：85.90req/s] [内存消耗：1,864.80kb] [文件加载：51]
[ error ] [8]未定义数组下标: 1

---------------------------------------------------------------
[ 2023-08-12T12:58:30+08:00 ] [ log ] at777.icu/99/favicon.ico [运行时间：0.009636s][吞吐率：103.78req/s] [内存消耗：1,650.74kb] [文件加载：44]
[ error ] [8]未定义数组下标: 1

---------------------------------------------------------------
[ 2023-08-12T12:58:34+08:00 ] [ log ] at777.icu/99/index/open.html [运行时间：0.011448s][吞吐率：87.35req/s] [内存消耗：1,865.12kb] [文件加载：50]
[ error ] [8]未定义数组下标: 1

---------------------------------------------------------------
[ 2023-08-12T13:42:01+08:00 ] [ log ] at777.icu/99/ [运行时间：0.025409s][吞吐率：39.36req/s] [内存消耗：1,865.34kb] [文件加载：51]
[ error ] [8]未定义数组下标: 1

---------------------------------------------------------------
[ 2023-08-12T13:42:07+08:00 ] [ log ] at777.icu/99/ [运行时间：0.011415s][吞吐率：87.60req/s] [内存消耗：1,865.34kb] [文件加载：51]
[ error ] [8]未定义数组下标: 1

---------------------------------------------------------------
[ 2023-08-12T13:42:12+08:00 ] [ log ] at777.icu/99/favicon.ico [运行时间：0.014767s][吞吐率：67.72req/s] [内存消耗：1,650.74kb] [文件加载：44]
[ error ] [8]未定义数组下标: 1

---------------------------------------------------------------
[ 2023-08-12T13:42:12+08:00 ] [ log ] at777.icu/99/index/open.html [运行时间：0.013681s][吞吐率：73.09req/s] [内存消耗：1,865.12kb] [文件加载：50]
[ error ] [8]未定义数组下标: 1

---------------------------------------------------------------
[ 2023-08-12T13:42:13+08:00 ] [ log ] at777.icu/99/favicon.ico [运行时间：0.009362s][吞吐率：106.81req/s] [内存消耗：1,650.74kb] [文件加载：44]
[ error ] [8]未定义数组下标: 1

---------------------------------------------------------------
[ 2023-08-12T13:48:51+08:00 ] [ log ] at777.icu/99/ [运行时间：0.010676s][吞吐率：93.67req/s] [内存消耗：1,865.34kb] [文件加载：51]
[ error ] [8]未定义数组下标: 1

---------------------------------------------------------------
[ 2023-08-12T13:49:04+08:00 ] [ log ] at777.icu/99/favicon.ico [运行时间：0.009921s][吞吐率：100.80req/s] [内存消耗：1,651.27kb] [文件加载：44]
[ error ] [8]未定义数组下标: 1

---------------------------------------------------------------
[ 2023-08-12T13:49:07+08:00 ] [ log ] at777.icu/99/favicon.ico [运行时间：0.016924s][吞吐率：59.09req/s] [内存消耗：1,650.74kb] [文件加载：44]
[ error ] [8]未定义数组下标: 1

---------------------------------------------------------------
[ 2023-08-12T13:49:25+08:00 ] [ log ] at777.icu/99/favicon.ico [运行时间：0.010117s][吞吐率：98.85req/s] [内存消耗：1,650.74kb] [文件加载：44]
[ error ] [8]未定义数组下标: 1

---------------------------------------------------------------
[ 2023-08-12T13:49:26+08:00 ] [ log ] at777.icu/99/favicon.ico [运行时间：0.009461s][吞吐率：105.70req/s] [内存消耗：1,650.74kb] [文件加载：44]
[ error ] [8]未定义数组下标: 1

---------------------------------------------------------------
[ 2023-08-12T13:49:28+08:00 ] [ log ] at777.icu/99/favicon.ico [运行时间：0.009716s][吞吐率：102.92req/s] [内存消耗：1,650.74kb] [文件加载：44]
[ error ] [8]未定义数组下标: 1

---------------------------------------------------------------
[ 2023-08-12T13:49:29+08:00 ] [ log ] at777.icu/99/favicon.ico [运行时间：0.009392s][吞吐率：106.47req/s] [内存消耗：1,650.74kb] [文件加载：44]
[ error ] [8]未定义数组下标: 1

---------------------------------------------------------------
[ 2023-08-12T13:50:15+08:00 ] [ log ] at999.icu/99/ [运行时间：0.012474s][吞吐率：80.17req/s] [内存消耗：1,865.34kb] [文件加载：51]
[ error ] [8]未定义数组下标: 1

---------------------------------------------------------------
[ 2023-08-12T13:50:17+08:00 ] [ log ] at999.icu/99/favicon.ico [运行时间：0.016391s][吞吐率：61.01req/s] [内存消耗：1,650.74kb] [文件加载：44]
[ error ] [8]未定义数组下标: 1

---------------------------------------------------------------
[ 2023-08-12T13:50:24+08:00 ] [ log ] at999.icu/99/index/open.html [运行时间：0.010715s][吞吐率：93.33req/s] [内存消耗：1,865.12kb] [文件加载：50]
[ error ] [8]未定义数组下标: 1

---------------------------------------------------------------
[ 2023-08-12T13:50:51+08:00 ] [ log ] at777.icu/99/ [运行时间：0.015706s][吞吐率：63.67req/s] [内存消耗：1,864.80kb] [文件加载：51]
[ error ] [8]未定义数组下标: 1

---------------------------------------------------------------
[ 2023-08-12T13:50:52+08:00 ] [ log ] at777.icu/99/favicon.ico [运行时间：0.009505s][吞吐率：105.21req/s] [内存消耗：1,650.74kb] [文件加载：44]
[ error ] [8]未定义数组下标: 1

---------------------------------------------------------------
[ 2023-08-12T13:50:54+08:00 ] [ log ] at777.icu/99/index/open.html [运行时间：0.015866s][吞吐率：63.03req/s] [内存消耗：1,865.12kb] [文件加载：50]
[ error ] [8]未定义数组下标: 1

---------------------------------------------------------------
[ 2023-08-12T13:53:07+08:00 ] [ log ] at999.icu/99/index/open.html [运行时间：0.019613s][吞吐率：50.99req/s] [内存消耗：1,865.12kb] [文件加载：50]
[ error ] [8]未定义数组下标: 1

---------------------------------------------------------------
[ 2023-08-12T13:56:51+08:00 ] [ log ] at777.icu/99/ [运行时间：0.010935s][吞吐率：91.45req/s] [内存消耗：1,865.34kb] [文件加载：51]
[ error ] [8]未定义数组下标: 1

---------------------------------------------------------------
[ 2023-08-12T13:56:52+08:00 ] [ log ] at777.icu/99/favicon.ico [运行时间：0.009817s][吞吐率：101.87req/s] [内存消耗：1,650.74kb] [文件加载：44]
[ error ] [8]未定义数组下标: 1

---------------------------------------------------------------
[ 2023-08-12T14:14:20+08:00 ] [ log ] at777.icu/99/ [运行时间：0.015649s][吞吐率：63.90req/s] [内存消耗：1,865.34kb] [文件加载：51]
[ error ] [8]未定义数组下标: 1

---------------------------------------------------------------
[ 2023-08-12T14:14:23+08:00 ] [ log ] at777.icu/99/ [运行时间：0.017650s][吞吐率：56.66req/s] [内存消耗：1,864.80kb] [文件加载：51]
[ error ] [8]未定义数组下标: 1

---------------------------------------------------------------
[ 2023-08-12T14:14:26+08:00 ] [ log ] at777.icu/99/favicon.ico [运行时间：0.035745s][吞吐率：27.98req/s] [内存消耗：1,650.74kb] [文件加载：44]
[ error ] [8]未定义数组下标: 1

---------------------------------------------------------------
[ 2023-08-12T14:14:28+08:00 ] [ log ] at777.icu/99/index/open.html [运行时间：0.011080s][吞吐率：90.25req/s] [内存消耗：1,865.12kb] [文件加载：50]
[ error ] [8]未定义数组下标: 1

---------------------------------------------------------------
[ 2023-08-12T14:16:59+08:00 ] [ log ] at777.icu/99/index/open.html [运行时间：0.011251s][吞吐率：88.88req/s] [内存消耗：1,865.12kb] [文件加载：50]
[ error ] [8]未定义数组下标: 1

---------------------------------------------------------------
[ 2023-08-12T14:17:25+08:00 ] [ log ] at777.icu/99/ [运行时间：0.011258s][吞吐率：88.83req/s] [内存消耗：1,864.80kb] [文件加载：51]
[ error ] [8]未定义数组下标: 1

---------------------------------------------------------------
[ 2023-08-12T14:17:26+08:00 ] [ log ] at777.icu/99/favicon.ico [运行时间：0.010758s][吞吐率：92.95req/s] [内存消耗：1,650.74kb] [文件加载：44]
[ error ] [8]未定义数组下标: 1

---------------------------------------------------------------
[ 2023-08-12T14:17:27+08:00 ] [ log ] at777.icu/99/ [运行时间：0.033641s][吞吐率：29.73req/s] [内存消耗：1,864.80kb] [文件加载：51]
[ error ] [8]未定义数组下标: 1

---------------------------------------------------------------
[ 2023-08-12T14:17:29+08:00 ] [ log ] at777.icu/99/favicon.ico [运行时间：0.020878s][吞吐率：47.90req/s] [内存消耗：1,650.74kb] [文件加载：44]
[ error ] [8]未定义数组下标: 1

---------------------------------------------------------------
[ 2023-08-12T14:17:31+08:00 ] [ log ] at777.icu/99/index/open.html [运行时间：0.011175s][吞吐率：89.49req/s] [内存消耗：1,865.12kb] [文件加载：50]
[ error ] [8]未定义数组下标: 1

---------------------------------------------------------------
[ 2023-08-12T14:18:12+08:00 ] [ log ] at777.icu/99/ [运行时间：0.040590s][吞吐率：24.64req/s] [内存消耗：1,864.80kb] [文件加载：51]
[ error ] [8]未定义数组下标: 1

---------------------------------------------------------------
[ 2023-08-12T14:18:12+08:00 ] [ log ] at777.icu/99/favicon.ico [运行时间：0.015056s][吞吐率：66.42req/s] [内存消耗：1,650.74kb] [文件加载：44]
[ error ] [8]未定义数组下标: 1

---------------------------------------------------------------
[ 2023-08-12T14:18:13+08:00 ] [ log ] at777.icu/99/ [运行时间：0.011324s][吞吐率：88.31req/s] [内存消耗：1,864.80kb] [文件加载：51]
[ error ] [8]未定义数组下标: 1

---------------------------------------------------------------
[ 2023-08-12T14:18:14+08:00 ] [ log ] at777.icu/99/favicon.ico [运行时间：0.009353s][吞吐率：106.92req/s] [内存消耗：1,650.74kb] [文件加载：44]
[ error ] [8]未定义数组下标: 1

---------------------------------------------------------------
[ 2023-08-12T14:18:19+08:00 ] [ log ] at777.icu/99/index/open.html [运行时间：0.011503s][吞吐率：86.93req/s] [内存消耗：1,865.12kb] [文件加载：50]
[ error ] [8]未定义数组下标: 1

---------------------------------------------------------------
[ 2023-08-12T14:19:06+08:00 ] [ log ] at777.icu/99/ [运行时间：0.011107s][吞吐率：90.03req/s] [内存消耗：1,864.80kb] [文件加载：51]
[ error ] [8]未定义数组下标: 1

---------------------------------------------------------------
[ 2023-08-12T14:19:07+08:00 ] [ log ] at777.icu/99/favicon.ico [运行时间：0.014016s][吞吐率：71.35req/s] [内存消耗：1,650.74kb] [文件加载：44]
[ error ] [8]未定义数组下标: 1

---------------------------------------------------------------
[ 2023-08-12T14:19:09+08:00 ] [ log ] at777.icu/99/ [运行时间：0.010997s][吞吐率：90.94req/s] [内存消耗：1,864.80kb] [文件加载：51]
[ error ] [8]未定义数组下标: 1

---------------------------------------------------------------
[ 2023-08-12T14:19:09+08:00 ] [ log ] at777.icu/99/favicon.ico [运行时间：0.014895s][吞吐率：67.14req/s] [内存消耗：1,650.74kb] [文件加载：44]
[ error ] [8]未定义数组下标: 1

---------------------------------------------------------------
[ 2023-08-12T14:19:13+08:00 ] [ log ] at777.icu/99/index/open.html [运行时间：0.011448s][吞吐率：87.35req/s] [内存消耗：1,865.12kb] [文件加载：50]
[ error ] [8]未定义数组下标: 1

---------------------------------------------------------------
[ 2023-08-12T15:58:41+08:00 ] [ log ] at777.icu/99/ [运行时间：0.011383s][吞吐率：87.85req/s] [内存消耗：1,865.34kb] [文件加载：51]
[ error ] [8]未定义数组下标: 1

---------------------------------------------------------------
[ 2023-08-12T15:58:43+08:00 ] [ log ] at777.icu/99/favicon.ico [运行时间：0.009552s][吞吐率：104.69req/s] [内存消耗：1,650.74kb] [文件加载：44]
[ error ] [8]未定义数组下标: 1

---------------------------------------------------------------
[ 2023-08-12T15:58:45+08:00 ] [ log ] at777.icu/99/index/open.html [运行时间：0.010995s][吞吐率：90.95req/s] [内存消耗：1,865.12kb] [文件加载：50]
[ error ] [8]未定义数组下标: 1

---------------------------------------------------------------
[ 2023-08-12T17:01:37+08:00 ] [ log ] at777.icu/99/ [运行时间：0.010981s][吞吐率：91.07req/s] [内存消耗：1,865.34kb] [文件加载：51]
[ error ] [8]未定义数组下标: 1

---------------------------------------------------------------
[ 2023-08-12T17:01:38+08:00 ] [ log ] at777.icu/99/favicon.ico [运行时间：0.009507s][吞吐率：105.19req/s] [内存消耗：1,650.74kb] [文件加载：44]
[ error ] [8]未定义数组下标: 1

---------------------------------------------------------------
[ 2023-08-12T17:01:42+08:00 ] [ log ] at777.icu/99/index/open.html [运行时间：0.010624s][吞吐率：94.13req/s] [内存消耗：1,865.12kb] [文件加载：50]
[ error ] [8]未定义数组下标: 1

---------------------------------------------------------------
[ 2023-08-12T17:12:42+08:00 ] [ log ] at777.icu/99/ [运行时间：0.010772s][吞吐率：92.83req/s] [内存消耗：1,864.80kb] [文件加载：51]
[ error ] [8]未定义数组下标: 1

---------------------------------------------------------------
[ 2023-08-12T17:12:43+08:00 ] [ log ] at777.icu/99/favicon.ico [运行时间：0.009403s][吞吐率：106.35req/s] [内存消耗：1,650.74kb] [文件加载：44]
[ error ] [8]未定义数组下标: 1

---------------------------------------------------------------
[ 2023-08-12T17:15:17+08:00 ] [ log ] at777.icu/99/index/open.html [运行时间：0.039998s][吞吐率：25.00req/s] [内存消耗：1,865.65kb] [文件加载：50]
[ error ] [8]未定义数组下标: 1

---------------------------------------------------------------
[ 2023-08-12T17:16:35+08:00 ] [ log ] at777.icu/99/ [运行时间：0.024853s][吞吐率：40.24req/s] [内存消耗：1,864.80kb] [文件加载：51]
[ error ] [8]未定义数组下标: 1

---------------------------------------------------------------
[ 2023-08-12T17:16:35+08:00 ] [ log ] at777.icu/99/favicon.ico [运行时间：0.011516s][吞吐率：86.84req/s] [内存消耗：1,650.74kb] [文件加载：44]
[ error ] [8]未定义数组下标: 1

---------------------------------------------------------------
[ 2023-08-12T17:16:42+08:00 ] [ log ] at777.icu/99/?uc_sm=1 [运行时间：0.010803s][吞吐率：92.57req/s] [内存消耗：1,865.44kb] [文件加载：51]
[ error ] [8]未定义数组下标: 1

---------------------------------------------------------------
[ 2023-08-12T17:16:48+08:00 ] [ log ] at777.icu/99/?uc_sm=1 [运行时间：0.036971s][吞吐率：27.05req/s] [内存消耗：1,865.44kb] [文件加载：51]
[ error ] [8]未定义数组下标: 1

---------------------------------------------------------------
[ 2023-08-12T17:16:51+08:00 ] [ log ] at777.icu/99/index/open.html [运行时间：0.011920s][吞吐率：83.89req/s] [内存消耗：1,865.12kb] [文件加载：50]
[ error ] [8]未定义数组下标: 1

---------------------------------------------------------------
[ 2023-08-12T17:23:28+08:00 ] [ log ] at777.icu/99/ [运行时间：0.013950s][吞吐率：71.68req/s] [内存消耗：1,864.80kb] [文件加载：51]
[ error ] [8]未定义数组下标: 1

---------------------------------------------------------------
[ 2023-08-12T17:23:29+08:00 ] [ log ] at777.icu/99/favicon.ico [运行时间：0.014489s][吞吐率：69.02req/s] [内存消耗：1,650.74kb] [文件加载：44]
[ error ] [8]未定义数组下标: 1

---------------------------------------------------------------
[ 2023-08-12T17:23:31+08:00 ] [ log ] at777.icu/99/index/open.html [运行时间：0.015288s][吞吐率：65.41req/s] [内存消耗：1,865.12kb] [文件加载：50]
[ error ] [8]未定义数组下标: 1

---------------------------------------------------------------
[ 2023-08-12T17:27:51+08:00 ] [ log ] at777.icu/99/ [运行时间：0.011305s][吞吐率：88.46req/s] [内存消耗：1,864.80kb] [文件加载：51]
[ error ] [8]未定义数组下标: 1

---------------------------------------------------------------
[ 2023-08-12T17:27:52+08:00 ] [ log ] at777.icu/99/favicon.ico [运行时间：0.032495s][吞吐率：30.77req/s] [内存消耗：1,650.74kb] [文件加载：44]
[ error ] [8]未定义数组下标: 1

---------------------------------------------------------------
[ 2023-08-12T17:27:57+08:00 ] [ log ] at777.icu/99/ [运行时间：0.015186s][吞吐率：65.85req/s] [内存消耗：1,864.80kb] [文件加载：51]
[ error ] [8]未定义数组下标: 1

---------------------------------------------------------------
[ 2023-08-12T17:27:58+08:00 ] [ log ] at777.icu/99/favicon.ico [运行时间：0.009651s][吞吐率：103.62req/s] [内存消耗：1,650.74kb] [文件加载：44]
[ error ] [8]未定义数组下标: 1

---------------------------------------------------------------
[ 2023-08-12T17:28:00+08:00 ] [ log ] at777.icu/99/index/open.html [运行时间：0.011549s][吞吐率：86.59req/s] [内存消耗：1,865.12kb] [文件加载：50]
[ error ] [8]未定义数组下标: 1

---------------------------------------------------------------
[ 2023-08-12T17:28:51+08:00 ] [ log ] at777.icu/99/ [运行时间：0.010783s][吞吐率：92.74req/s] [内存消耗：1,864.80kb] [文件加载：51]
[ error ] [8]未定义数组下标: 1

---------------------------------------------------------------
[ 2023-08-12T17:28:52+08:00 ] [ log ] at777.icu/99/favicon.ico [运行时间：0.026506s][吞吐率：37.73req/s] [内存消耗：1,650.74kb] [文件加载：44]
[ error ] [8]未定义数组下标: 1

---------------------------------------------------------------
[ 2023-08-12T17:28:54+08:00 ] [ log ] at777.icu/99/index/open.html [运行时间：0.010635s][吞吐率：94.03req/s] [内存消耗：1,865.12kb] [文件加载：50]
[ error ] [8]未定义数组下标: 1

---------------------------------------------------------------
[ 2023-08-12T17:29:31+08:00 ] [ log ] at777.icu/99/index/open.html [运行时间：0.011373s][吞吐率：87.93req/s] [内存消耗：1,865.12kb] [文件加载：50]
[ error ] [8]未定义数组下标: 1

---------------------------------------------------------------
[ 2023-08-12T17:30:08+08:00 ] [ log ] at777.icu/99/index/open.html [运行时间：0.010847s][吞吐率：92.19req/s] [内存消耗：1,865.12kb] [文件加载：50]
[ error ] [8]未定义数组下标: 1

---------------------------------------------------------------
[ 2023-08-12T17:33:48+08:00 ] [ log ] at777.icu/99/ [运行时间：0.014536s][吞吐率：68.80req/s] [内存消耗：1,865.34kb] [文件加载：51]
[ error ] [8]未定义数组下标: 1

---------------------------------------------------------------
[ 2023-08-12T17:33:52+08:00 ] [ log ] at777.icu/99/favicon.ico [运行时间：0.012902s][吞吐率：77.51req/s] [内存消耗：1,650.74kb] [文件加载：44]
[ error ] [8]未定义数组下标: 1

---------------------------------------------------------------
[ 2023-08-12T17:33:54+08:00 ] [ log ] at777.icu/99/index/open.html [运行时间：0.011299s][吞吐率：88.50req/s] [内存消耗：1,865.12kb] [文件加载：50]
[ error ] [8]未定义数组下标: 1

---------------------------------------------------------------
[ 2023-08-12T17:44:45+08:00 ] [ log ] at777.icu/99/ [运行时间：0.010924s][吞吐率：91.54req/s] [内存消耗：1,864.80kb] [文件加载：51]
[ error ] [8]未定义数组下标: 1

---------------------------------------------------------------
[ 2023-08-12T17:44:46+08:00 ] [ log ] at777.icu/99/favicon.ico [运行时间：0.011302s][吞吐率：88.48req/s] [内存消耗：1,650.74kb] [文件加载：44]
[ error ] [8]未定义数组下标: 1

---------------------------------------------------------------
[ 2023-08-12T17:54:52+08:00 ] [ log ] at777.icu/99/ [运行时间：0.011588s][吞吐率：86.30req/s] [内存消耗：1,864.80kb] [文件加载：51]
[ error ] [8]未定义数组下标: 1

---------------------------------------------------------------
[ 2023-08-12T17:56:37+08:00 ] [ log ] at777.icu/99/ [运行时间：0.014966s][吞吐率：66.82req/s] [内存消耗：1,865.34kb] [文件加载：51]
[ error ] [8]未定义数组下标: 1

---------------------------------------------------------------
[ 2023-08-12T17:56:37+08:00 ] [ log ] at777.icu/99/ [运行时间：0.011620s][吞吐率：86.06req/s] [内存消耗：1,865.34kb] [文件加载：51]
[ error ] [8]未定义数组下标: 1

---------------------------------------------------------------
[ 2023-08-12T17:56:39+08:00 ] [ log ] at777.icu/99/favicon.ico [运行时间：0.009275s][吞吐率：107.82req/s] [内存消耗：1,650.74kb] [文件加载：44]
[ error ] [8]未定义数组下标: 1

---------------------------------------------------------------
[ 2023-08-12T17:56:42+08:00 ] [ log ] at777.icu/99/index/open.html [运行时间：0.011390s][吞吐率：87.80req/s] [内存消耗：1,865.12kb] [文件加载：50]
[ error ] [8]未定义数组下标: 1

---------------------------------------------------------------
[ 2023-08-12T17:59:56+08:00 ] [ log ] at777.icu/99/ [运行时间：0.010613s][吞吐率：94.22req/s] [内存消耗：1,865.34kb] [文件加载：51]
[ error ] [8]未定义数组下标: 1

---------------------------------------------------------------
[ 2023-08-12T17:59:56+08:00 ] [ log ] at777.icu/99/favicon.ico [运行时间：0.009254s][吞吐率：108.06req/s] [内存消耗：1,650.74kb] [文件加载：44]
[ error ] [8]未定义数组下标: 1

---------------------------------------------------------------
[ 2023-08-12T17:59:58+08:00 ] [ log ] at777.icu/99/index/open.html [运行时间：0.010652s][吞吐率：93.88req/s] [内存消耗：1,865.12kb] [文件加载：50]
[ error ] [8]未定义数组下标: 1

---------------------------------------------------------------
[ 2023-08-12T18:02:43+08:00 ] [ log ] at777.icu/99/ [运行时间：0.037351s][吞吐率：26.77req/s] [内存消耗：1,865.34kb] [文件加载：51]
[ error ] [8]未定义数组下标: 1

---------------------------------------------------------------
[ 2023-08-12T18:02:43+08:00 ] [ log ] at777.icu/99/favicon.ico [运行时间：0.013888s][吞吐率：72.01req/s] [内存消耗：1,650.74kb] [文件加载：44]
[ error ] [8]未定义数组下标: 1

---------------------------------------------------------------
[ 2023-08-12T18:02:46+08:00 ] [ log ] at777.icu/99/index/open.html [运行时间：0.012386s][吞吐率：80.74req/s] [内存消耗：1,865.12kb] [文件加载：50]
[ error ] [8]未定义数组下标: 1

---------------------------------------------------------------
[ 2023-08-12T18:03:50+08:00 ] [ log ] at777.icu/99/index/open.html [运行时间：0.010888s][吞吐率：91.84req/s] [内存消耗：1,865.12kb] [文件加载：50]
[ error ] [8]未定义数组下标: 1

---------------------------------------------------------------
[ 2023-08-12T18:07:06+08:00 ] [ log ] at999.icu/99/ [运行时间：0.011669s][吞吐率：85.70req/s] [内存消耗：1,865.34kb] [文件加载：51]
[ error ] [8]未定义数组下标: 1

---------------------------------------------------------------
[ 2023-08-12T18:07:06+08:00 ] [ log ] at999.icu/99/?uc_sm=1 [运行时间：0.010625s][吞吐率：94.12req/s] [内存消耗：1,865.97kb] [文件加载：51]
[ error ] [8]未定义数组下标: 1

---------------------------------------------------------------
[ 2023-08-12T18:07:14+08:00 ] [ log ] at999.icu/99/favicon.ico [运行时间：0.012018s][吞吐率：83.21req/s] [内存消耗：1,650.74kb] [文件加载：44]
[ error ] [8]未定义数组下标: 1

---------------------------------------------------------------
[ 2023-08-12T18:07:16+08:00 ] [ log ] at999.icu/99/index/open.html [运行时间：0.015887s][吞吐率：62.94req/s] [内存消耗：1,865.12kb] [文件加载：50]
[ error ] [8]未定义数组下标: 1

---------------------------------------------------------------
[ 2023-08-12T18:07:52+08:00 ] [ log ] at999.icu/99/?uc_sm=1 [运行时间：0.011481s][吞吐率：87.10req/s] [内存消耗：1,865.44kb] [文件加载：51]
[ error ] [8]未定义数组下标: 1

---------------------------------------------------------------
[ 2023-08-12T18:07:53+08:00 ] [ log ] at999.icu/99/ [运行时间：0.010802s][吞吐率：92.58req/s] [内存消耗：1,864.80kb] [文件加载：51]
[ error ] [8]未定义数组下标: 1

---------------------------------------------------------------
[ 2023-08-12T18:07:54+08:00 ] [ log ] at999.icu/99/favicon.ico [运行时间：0.013431s][吞吐率：74.45req/s] [内存消耗：1,650.74kb] [文件加载：44]
[ error ] [8]未定义数组下标: 1

---------------------------------------------------------------
[ 2023-08-12T18:07:57+08:00 ] [ log ] at999.icu/99/index/open.html [运行时间：0.011310s][吞吐率：88.42req/s] [内存消耗：1,865.12kb] [文件加载：50]
[ error ] [8]未定义数组下标: 1

---------------------------------------------------------------
[ 2023-08-12T18:08:12+08:00 ] [ log ] at888.icu/99/?uc_sm=1 [运行时间：0.014539s][吞吐率：68.78req/s] [内存消耗：1,865.97kb] [文件加载：51]
[ error ] [8]未定义数组下标: 1

---------------------------------------------------------------
[ 2023-08-12T18:08:12+08:00 ] [ log ] at888.icu/99/ [运行时间：0.010579s][吞吐率：94.53req/s] [内存消耗：1,865.34kb] [文件加载：51]
[ error ] [8]未定义数组下标: 1

---------------------------------------------------------------
[ 2023-08-12T18:08:13+08:00 ] [ log ] at888.icu/99/favicon.ico [运行时间：0.010030s][吞吐率：99.70req/s] [内存消耗：1,650.74kb] [文件加载：44]
[ error ] [8]未定义数组下标: 1

---------------------------------------------------------------
[ 2023-08-12T18:08:15+08:00 ] [ log ] at888.icu/99/index/open.html [运行时间：0.011109s][吞吐率：90.02req/s] [内存消耗：1,865.12kb] [文件加载：50]
[ error ] [8]未定义数组下标: 1

---------------------------------------------------------------
[ 2023-08-12T18:11:29+08:00 ] [ log ] at777.icu/99/ [运行时间：0.010990s][吞吐率：90.99req/s] [内存消耗：1,864.80kb] [文件加载：51]
[ error ] [8]未定义数组下标: 1

---------------------------------------------------------------
[ 2023-08-12T18:11:29+08:00 ] [ log ] at777.icu/99/favicon.ico [运行时间：0.009625s][吞吐率：103.90req/s] [内存消耗：1,650.74kb] [文件加载：44]
[ error ] [8]未定义数组下标: 1

---------------------------------------------------------------
[ 2023-08-12T18:11:32+08:00 ] [ log ] at777.icu/99/index/open.html [运行时间：0.037594s][吞吐率：26.60req/s] [内存消耗：1,865.12kb] [文件加载：50]
[ error ] [8]未定义数组下标: 1

---------------------------------------------------------------
[ 2023-08-12T18:22:03+08:00 ] [ log ] at888.icu/99/favicon.ico [运行时间：0.012735s][吞吐率：78.52req/s] [内存消耗：1,651.28kb] [文件加载：44]
[ error ] [8]未定义数组下标: 1

---------------------------------------------------------------
[ 2023-08-12T18:22:04+08:00 ] [ log ] at888.icu/99/favicon.ico [运行时间：0.009967s][吞吐率：100.33req/s] [内存消耗：1,650.74kb] [文件加载：44]
[ error ] [8]未定义数组下标: 1

---------------------------------------------------------------
[ 2023-08-12T18:45:17+08:00 ] [ log ] at777.icu/99/ [运行时间：0.028228s][吞吐率：35.43req/s] [内存消耗：1,864.80kb] [文件加载：51]
[ error ] [8]未定义数组下标: 1

---------------------------------------------------------------
[ 2023-08-12T18:45:17+08:00 ] [ log ] at777.icu/99/favicon.ico [运行时间：0.010007s][吞吐率：99.93req/s] [内存消耗：1,650.74kb] [文件加载：44]
[ error ] [8]未定义数组下标: 1

---------------------------------------------------------------
[ 2023-08-12T18:45:20+08:00 ] [ log ] at777.icu/99/index/open.html [运行时间：0.011122s][吞吐率：89.91req/s] [内存消耗：1,865.12kb] [文件加载：50]
[ error ] [8]未定义数组下标: 1

---------------------------------------------------------------
[ 2023-08-12T19:00:16+08:00 ] [ log ] at777.icu/99/ [运行时间：0.015078s][吞吐率：66.32req/s] [内存消耗：1,864.80kb] [文件加载：51]
[ error ] [8]未定义数组下标: 1

---------------------------------------------------------------
[ 2023-08-12T19:00:17+08:00 ] [ log ] at777.icu/99/favicon.ico [运行时间：0.009527s][吞吐率：104.97req/s] [内存消耗：1,650.74kb] [文件加载：44]
[ error ] [8]未定义数组下标: 1

---------------------------------------------------------------
[ 2023-08-12T19:00:20+08:00 ] [ log ] at777.icu/99/favicon.ico [运行时间：0.009550s][吞吐率：104.71req/s] [内存消耗：1,651.27kb] [文件加载：44]
[ error ] [8]未定义数组下标: 1

---------------------------------------------------------------
[ 2023-08-12T19:00:31+08:00 ] [ log ] at777.icu/99/ [运行时间：0.016113s][吞吐率：62.06req/s] [内存消耗：1,864.80kb] [文件加载：51]
[ error ] [8]未定义数组下标: 1

---------------------------------------------------------------
[ 2023-08-12T19:00:32+08:00 ] [ log ] at777.icu/99/favicon.ico [运行时间：0.009704s][吞吐率：103.05req/s] [内存消耗：1,650.74kb] [文件加载：44]
[ error ] [8]未定义数组下标: 1

---------------------------------------------------------------
[ 2023-08-12T19:00:34+08:00 ] [ log ] at777.icu/99/index/open.html [运行时间：0.011241s][吞吐率：88.96req/s] [内存消耗：1,865.12kb] [文件加载：50]
[ error ] [8]未定义数组下标: 1

---------------------------------------------------------------
[ 2023-08-12T19:10:13+08:00 ] [ log ] at777.icu/99/ [运行时间：0.037610s][吞吐率：26.59req/s] [内存消耗：1,865.34kb] [文件加载：51]
[ error ] [8]未定义数组下标: 1

---------------------------------------------------------------
[ 2023-08-12T19:10:14+08:00 ] [ log ] at777.icu/99/favicon.ico [运行时间：0.028521s][吞吐率：35.06req/s] [内存消耗：1,650.74kb] [文件加载：44]
[ error ] [8]未定义数组下标: 1

---------------------------------------------------------------
[ 2023-08-12T19:10:17+08:00 ] [ log ] at777.icu/99/index/open.html [运行时间：0.010944s][吞吐率：91.38req/s] [内存消耗：1,865.12kb] [文件加载：50]
[ error ] [8]未定义数组下标: 1

---------------------------------------------------------------
[ 2023-08-12T20:54:57+08:00 ] [ log ] at888.icu/99/ [运行时间：0.011282s][吞吐率：88.64req/s] [内存消耗：1,865.34kb] [文件加载：51]
[ error ] [8]未定义数组下标: 1

---------------------------------------------------------------
[ 2023-08-12T20:54:58+08:00 ] [ log ] at888.icu/99/favicon.ico [运行时间：0.010524s][吞吐率：95.02req/s] [内存消耗：1,650.74kb] [文件加载：44]
[ error ] [8]未定义数组下标: 1

---------------------------------------------------------------
[ 2023-08-12T20:55:00+08:00 ] [ log ] at888.icu/99/index/open.html [运行时间：0.012972s][吞吐率：77.09req/s] [内存消耗：1,865.12kb] [文件加载：50]
[ error ] [8]未定义数组下标: 1

---------------------------------------------------------------
[ 2023-08-12T20:59:29+08:00 ] [ log ] at888.icu/99/ [运行时间：0.012029s][吞吐率：83.13req/s] [内存消耗：1,864.80kb] [文件加载：51]
[ error ] [8]未定义数组下标: 1

---------------------------------------------------------------
[ 2023-08-12T20:59:30+08:00 ] [ log ] at888.icu/99/favicon.ico [运行时间：0.015419s][吞吐率：64.86req/s] [内存消耗：1,650.74kb] [文件加载：44]
[ error ] [8]未定义数组下标: 1

---------------------------------------------------------------
[ 2023-08-12T20:59:32+08:00 ] [ log ] at888.icu/99/index/open.html [运行时间：0.010872s][吞吐率：91.98req/s] [内存消耗：1,865.12kb] [文件加载：50]
[ error ] [8]未定义数组下标: 1

---------------------------------------------------------------
[ 2023-08-12T21:05:05+08:00 ] [ log ] at888.icu/99/ [运行时间：0.011507s][吞吐率：86.90req/s] [内存消耗：1,864.80kb] [文件加载：51]
[ error ] [8]未定义数组下标: 1

---------------------------------------------------------------
[ 2023-08-12T21:05:06+08:00 ] [ log ] at888.icu/99/favicon.ico [运行时间：0.009469s][吞吐率：105.61req/s] [内存消耗：1,650.74kb] [文件加载：44]
[ error ] [8]未定义数组下标: 1

---------------------------------------------------------------
[ 2023-08-12T21:05:08+08:00 ] [ log ] at888.icu/99/index/open.html [运行时间：0.011223s][吞吐率：89.10req/s] [内存消耗：1,865.12kb] [文件加载：50]
[ error ] [8]未定义数组下标: 1

---------------------------------------------------------------
