[ 2023-08-13T02:34:27+08:00 ] [ log ] at777.icu/99/ [运行时间：0.011528s][吞吐率：86.75req/s] [内存消耗：1,865.34kb] [文件加载：51]
[ error ] [8]未定义数组下标: 1

---------------------------------------------------------------
[ 2023-08-13T02:34:40+08:00 ] [ log ] at777.icu/99/favicon.ico [运行时间：0.009440s][吞吐率：105.93req/s] [内存消耗：1,650.74kb] [文件加载：44]
[ error ] [8]未定义数组下标: 1

---------------------------------------------------------------
[ 2023-08-13T02:34:42+08:00 ] [ log ] at777.icu/99/index/open.html [运行时间：0.010586s][吞吐率：94.46req/s] [内存消耗：1,865.12kb] [文件加载：50]
[ error ] [8]未定义数组下标: 1

---------------------------------------------------------------
[ 2023-08-13T03:00:06+08:00 ] [ log ] at777.icu/99/ [运行时间：0.013451s][吞吐率：74.34req/s] [内存消耗：1,864.80kb] [文件加载：51]
[ error ] [8]未定义数组下标: 1

---------------------------------------------------------------
[ 2023-08-13T03:00:08+08:00 ] [ log ] at777.icu/99/favicon.ico [运行时间：0.009888s][吞吐率：101.13req/s] [内存消耗：1,650.74kb] [文件加载：44]
[ error ] [8]未定义数组下标: 1

---------------------------------------------------------------
[ 2023-08-13T03:00:10+08:00 ] [ log ] at777.icu/99/index/open.html [运行时间：0.010653s][吞吐率：93.87req/s] [内存消耗：1,865.12kb] [文件加载：50]
[ error ] [8]未定义数组下标: 1

---------------------------------------------------------------
[ 2023-08-13T03:31:37+08:00 ] [ log ] at777.icu/99/ [运行时间：0.010951s][吞吐率：91.32req/s] [内存消耗：1,864.80kb] [文件加载：51]
[ error ] [8]未定义数组下标: 1

---------------------------------------------------------------
[ 2023-08-13T03:31:38+08:00 ] [ log ] at777.icu/99/favicon.ico [运行时间：0.009479s][吞吐率：105.50req/s] [内存消耗：1,650.74kb] [文件加载：44]
[ error ] [8]未定义数组下标: 1

---------------------------------------------------------------
[ 2023-08-13T03:31:42+08:00 ] [ log ] at777.icu/99/index/open.html [运行时间：0.013666s][吞吐率：73.17req/s] [内存消耗：1,865.12kb] [文件加载：50]
[ error ] [8]未定义数组下标: 1

---------------------------------------------------------------
[ 2023-08-13T03:34:10+08:00 ] [ log ] at777.icu/99/ [运行时间：0.011525s][吞吐率：86.77req/s] [内存消耗：1,864.80kb] [文件加载：51]
[ error ] [8]未定义数组下标: 1

---------------------------------------------------------------
[ 2023-08-13T03:34:11+08:00 ] [ log ] at777.icu/99/favicon.ico [运行时间：0.009462s][吞吐率：105.69req/s] [内存消耗：1,650.74kb] [文件加载：44]
[ error ] [8]未定义数组下标: 1

---------------------------------------------------------------
[ 2023-08-13T06:10:14+08:00 ] [ log ] at888.icu/99/ [运行时间：0.010678s][吞吐率：93.65req/s] [内存消耗：1,865.34kb] [文件加载：51]
[ error ] [8]未定义数组下标: 1

---------------------------------------------------------------
[ 2023-08-13T06:10:15+08:00 ] [ log ] at888.icu/99/favicon.ico [运行时间：0.035757s][吞吐率：27.97req/s] [内存消耗：1,650.74kb] [文件加载：44]
[ error ] [8]未定义数组下标: 1

---------------------------------------------------------------
[ 2023-08-13T06:10:17+08:00 ] [ log ] at888.icu/99/index/open.html [运行时间：0.011101s][吞吐率：90.08req/s] [内存消耗：1,865.12kb] [文件加载：50]
[ error ] [8]未定义数组下标: 1

---------------------------------------------------------------
[ 2023-08-13T10:11:03+08:00 ] [ log ] at777.icu/99/ [运行时间：0.010721s][吞吐率：93.28req/s] [内存消耗：1,865.34kb] [文件加载：51]
[ error ] [8]未定义数组下标: 1

---------------------------------------------------------------
[ 2023-08-13T10:11:04+08:00 ] [ log ] at777.icu/99/favicon.ico [运行时间：0.009782s][吞吐率：102.23req/s] [内存消耗：1,650.74kb] [文件加载：44]
[ error ] [8]未定义数组下标: 1

---------------------------------------------------------------
[ 2023-08-13T10:11:06+08:00 ] [ log ] at777.icu/99/index/open.html [运行时间：0.010972s][吞吐率：91.14req/s] [内存消耗：1,865.12kb] [文件加载：50]
[ error ] [8]未定义数组下标: 1

---------------------------------------------------------------
[ 2023-08-13T10:17:10+08:00 ] [ log ] at888.icu/99/ [运行时间：0.013119s][吞吐率：76.23req/s] [内存消耗：1,865.34kb] [文件加载：51]
[ error ] [8]未定义数组下标: 1

---------------------------------------------------------------
[ 2023-08-13T10:17:11+08:00 ] [ log ] at888.icu/99/favicon.ico [运行时间：0.009206s][吞吐率：108.63req/s] [内存消耗：1,650.74kb] [文件加载：44]
[ error ] [8]未定义数组下标: 1

---------------------------------------------------------------
[ 2023-08-13T10:17:16+08:00 ] [ log ] at888.icu/99/index/open.html [运行时间：0.011361s][吞吐率：88.02req/s] [内存消耗：1,865.12kb] [文件加载：50]
[ error ] [8]未定义数组下标: 1

---------------------------------------------------------------
[ 2023-08-13T10:21:17+08:00 ] [ log ] at888.icu/99/ [运行时间：0.011177s][吞吐率：89.47req/s] [内存消耗：1,864.80kb] [文件加载：51]
[ error ] [8]未定义数组下标: 1

---------------------------------------------------------------
[ 2023-08-13T10:21:18+08:00 ] [ log ] at888.icu/99/favicon.ico [运行时间：0.009601s][吞吐率：104.16req/s] [内存消耗：1,650.74kb] [文件加载：44]
[ error ] [8]未定义数组下标: 1

---------------------------------------------------------------
[ 2023-08-13T10:21:20+08:00 ] [ log ] at888.icu/99/index/open.html [运行时间：0.010569s][吞吐率：94.62req/s] [内存消耗：1,865.12kb] [文件加载：50]
[ error ] [8]未定义数组下标: 1

---------------------------------------------------------------
[ 2023-08-13T11:05:55+08:00 ] [ log ] at888.icu/99/ [运行时间：0.022213s][吞吐率：45.02req/s] [内存消耗：1,865.34kb] [文件加载：51]
[ error ] [8]未定义数组下标: 1

---------------------------------------------------------------
[ 2023-08-13T11:05:57+08:00 ] [ log ] at888.icu/99/favicon.ico [运行时间：0.009397s][吞吐率：106.42req/s] [内存消耗：1,650.74kb] [文件加载：44]
[ error ] [8]未定义数组下标: 1

---------------------------------------------------------------
[ 2023-08-13T11:05:58+08:00 ] [ log ] at888.icu/99/index/open.html [运行时间：0.012519s][吞吐率：79.88req/s] [内存消耗：1,865.12kb] [文件加载：50]
[ error ] [8]未定义数组下标: 1

---------------------------------------------------------------
[ 2023-08-13T11:06:00+08:00 ] [ log ] at888.icu/99/index/open.html [运行时间：0.016195s][吞吐率：61.75req/s] [内存消耗：1,865.12kb] [文件加载：50]
[ error ] [8]未定义数组下标: 1

---------------------------------------------------------------
[ 2023-08-13T11:09:23+08:00 ] [ log ] at777.icu/99/?uc_sm=1&from=wh10331 [运行时间：0.039155s][吞吐率：25.54req/s] [内存消耗：1,865.48kb] [文件加载：51]
[ error ] [8]未定义数组下标: 1

---------------------------------------------------------------
[ 2023-08-13T11:17:04+08:00 ] [ log ] at999.icu/99/?uc_sm=1 [运行时间：0.010697s][吞吐率：93.48req/s] [内存消耗：1,865.97kb] [文件加载：51]
[ error ] [8]未定义数组下标: 1

---------------------------------------------------------------
[ 2023-08-13T11:17:06+08:00 ] [ log ] at999.icu/99/ [运行时间：0.016575s][吞吐率：60.33req/s] [内存消耗：1,865.34kb] [文件加载：51]
[ error ] [8]未定义数组下标: 1

---------------------------------------------------------------
[ 2023-08-13T11:17:25+08:00 ] [ log ] at888.icu/99/ [运行时间：0.014707s][吞吐率：67.99req/s] [内存消耗：1,865.34kb] [文件加载：51]
[ error ] [8]未定义数组下标: 1

---------------------------------------------------------------
[ 2023-08-13T11:17:25+08:00 ] [ log ] at888.icu/99/?uc_sm=1 [运行时间：0.011521s][吞吐率：86.80req/s] [内存消耗：1,865.97kb] [文件加载：51]
[ error ] [8]未定义数组下标: 1

---------------------------------------------------------------
[ 2023-08-13T11:17:26+08:00 ] [ log ] at888.icu/99/favicon.ico [运行时间：0.009424s][吞吐率：106.11req/s] [内存消耗：1,650.74kb] [文件加载：44]
[ error ] [8]未定义数组下标: 1

---------------------------------------------------------------
[ 2023-08-13T11:17:28+08:00 ] [ log ] at888.icu/99/index/open.html [运行时间：0.017313s][吞吐率：57.76req/s] [内存消耗：1,865.12kb] [文件加载：50]
[ error ] [8]未定义数组下标: 1

---------------------------------------------------------------
[ 2023-08-13T11:20:45+08:00 ] [ log ] at777.icu/99/ [运行时间：0.013543s][吞吐率：73.84req/s] [内存消耗：1,865.34kb] [文件加载：51]
[ error ] [8]未定义数组下标: 1

---------------------------------------------------------------
[ 2023-08-13T11:20:46+08:00 ] [ log ] at777.icu/99/favicon.ico [运行时间：0.012968s][吞吐率：77.11req/s] [内存消耗：1,650.74kb] [文件加载：44]
[ error ] [8]未定义数组下标: 1

---------------------------------------------------------------
[ 2023-08-13T11:20:48+08:00 ] [ log ] at777.icu/99/index/open.html [运行时间：0.010831s][吞吐率：92.33req/s] [内存消耗：1,865.12kb] [文件加载：50]
[ error ] [8]未定义数组下标: 1

---------------------------------------------------------------
[ 2023-08-13T11:25:14+08:00 ] [ log ] at888.icu/99/ [运行时间：0.038315s][吞吐率：26.10req/s] [内存消耗：1,864.80kb] [文件加载：51]
[ error ] [8]未定义数组下标: 1

---------------------------------------------------------------
[ 2023-08-13T11:25:14+08:00 ] [ log ] at888.icu/99/?uc_sm=1&from=wh10331 [运行时间：0.019034s][吞吐率：52.54req/s] [内存消耗：1,865.45kb] [文件加载：51]
[ error ] [8]未定义数组下标: 1

---------------------------------------------------------------
[ 2023-08-13T11:25:15+08:00 ] [ log ] at888.icu/99/favicon.ico [运行时间：0.013728s][吞吐率：72.84req/s] [内存消耗：1,650.74kb] [文件加载：44]
[ error ] [8]未定义数组下标: 1

---------------------------------------------------------------
[ 2023-08-13T11:25:18+08:00 ] [ log ] at888.icu/99/index/open.html [运行时间：0.012257s][吞吐率：81.59req/s] [内存消耗：1,865.12kb] [文件加载：50]
[ error ] [8]未定义数组下标: 1

---------------------------------------------------------------
[ 2023-08-13T11:32:37+08:00 ] [ log ] at777.icu/99/ [运行时间：0.014948s][吞吐率：66.90req/s] [内存消耗：1,864.80kb] [文件加载：51]
[ error ] [8]未定义数组下标: 1

---------------------------------------------------------------
[ 2023-08-13T11:32:37+08:00 ] [ log ] at777.icu/99/favicon.ico [运行时间：0.009529s][吞吐率：104.94req/s] [内存消耗：1,650.74kb] [文件加载：44]
[ error ] [8]未定义数组下标: 1

---------------------------------------------------------------
[ 2023-08-13T11:32:39+08:00 ] [ log ] at777.icu/99/index/open.html [运行时间：0.010541s][吞吐率：94.87req/s] [内存消耗：1,865.12kb] [文件加载：50]
[ error ] [8]未定义数组下标: 1

---------------------------------------------------------------
[ 2023-08-13T11:53:22+08:00 ] [ log ] at888.icu/99/ [运行时间：0.010912s][吞吐率：91.64req/s] [内存消耗：1,865.34kb] [文件加载：51]
[ error ] [8]未定义数组下标: 1

---------------------------------------------------------------
[ 2023-08-13T11:53:25+08:00 ] [ log ] at888.icu/99/index/open.html [运行时间：0.010768s][吞吐率：92.87req/s] [内存消耗：1,865.12kb] [文件加载：50]
[ error ] [8]未定义数组下标: 1

---------------------------------------------------------------
[ 2023-08-13T13:28:30+08:00 ] [ log ] at888.icu/99/ [运行时间：0.010992s][吞吐率：90.98req/s] [内存消耗：1,865.34kb] [文件加载：51]
[ error ] [8]未定义数组下标: 1

---------------------------------------------------------------
[ 2023-08-13T13:28:31+08:00 ] [ log ] at888.icu/99/favicon.ico [运行时间：0.016903s][吞吐率：59.16req/s] [内存消耗：1,650.74kb] [文件加载：44]
[ error ] [8]未定义数组下标: 1

---------------------------------------------------------------
[ 2023-08-13T13:28:33+08:00 ] [ log ] at888.icu/99/index/open.html [运行时间：0.010720s][吞吐率：93.28req/s] [内存消耗：1,865.12kb] [文件加载：50]
[ error ] [8]未定义数组下标: 1

---------------------------------------------------------------
[ 2023-08-13T14:12:03+08:00 ] [ log ] at888.icu/99/ [运行时间：0.029735s][吞吐率：33.63req/s] [内存消耗：1,864.80kb] [文件加载：51]
[ error ] [8]未定义数组下标: 1

---------------------------------------------------------------
[ 2023-08-13T14:12:04+08:00 ] [ log ] at888.icu/99/favicon.ico [运行时间：0.009456s][吞吐率：105.75req/s] [内存消耗：1,650.74kb] [文件加载：44]
[ error ] [8]未定义数组下标: 1

---------------------------------------------------------------
[ 2023-08-13T14:12:08+08:00 ] [ log ] at888.icu/99/index/open.html [运行时间：0.011245s][吞吐率：88.93req/s] [内存消耗：1,865.12kb] [文件加载：50]
[ error ] [8]未定义数组下标: 1

---------------------------------------------------------------
[ 2023-08-13T15:18:37+08:00 ] [ log ] asd123111.icu/99/ [运行时间：0.011092s][吞吐率：90.16req/s] [内存消耗：1,865.34kb] [文件加载：51]
[ error ] [8]未定义数组下标: 1

---------------------------------------------------------------
[ 2023-08-13T16:52:12+08:00 ] [ log ] at888.icu/99/ [运行时间：0.035985s][吞吐率：27.79req/s] [内存消耗：1,865.34kb] [文件加载：51]
[ error ] [8]未定义数组下标: 1

---------------------------------------------------------------
[ 2023-08-13T16:52:13+08:00 ] [ log ] at888.icu/99/favicon.ico [运行时间：0.035144s][吞吐率：28.45req/s] [内存消耗：1,650.74kb] [文件加载：44]
[ error ] [8]未定义数组下标: 1

---------------------------------------------------------------
[ 2023-08-13T16:52:16+08:00 ] [ log ] at888.icu/99/index/open.html [运行时间：0.017407s][吞吐率：57.45req/s] [内存消耗：1,865.12kb] [文件加载：50]
[ error ] [8]未定义数组下标: 1

---------------------------------------------------------------
[ 2023-08-13T17:21:27+08:00 ] [ log ] at888.icu/99/ [运行时间：0.025807s][吞吐率：38.75req/s] [内存消耗：1,865.34kb] [文件加载：51]
[ error ] [8]未定义数组下标: 1

---------------------------------------------------------------
[ 2023-08-13T17:21:28+08:00 ] [ log ] at888.icu/99/favicon.ico [运行时间：0.025284s][吞吐率：39.55req/s] [内存消耗：1,650.74kb] [文件加载：44]
[ error ] [8]未定义数组下标: 1

---------------------------------------------------------------
[ 2023-08-13T17:21:31+08:00 ] [ log ] at888.icu/99/index/open.html [运行时间：0.010768s][吞吐率：92.87req/s] [内存消耗：1,865.12kb] [文件加载：50]
[ error ] [8]未定义数组下标: 1

---------------------------------------------------------------
[ 2023-08-13T17:42:01+08:00 ] [ log ] at888.icu/99/ [运行时间：0.011450s][吞吐率：87.34req/s] [内存消耗：1,864.80kb] [文件加载：51]
[ error ] [8]未定义数组下标: 1

---------------------------------------------------------------
[ 2023-08-13T17:42:02+08:00 ] [ log ] at888.icu/99/favicon.ico [运行时间：0.009602s][吞吐率：104.15req/s] [内存消耗：1,650.74kb] [文件加载：44]
[ error ] [8]未定义数组下标: 1

---------------------------------------------------------------
[ 2023-08-13T17:42:05+08:00 ] [ log ] at888.icu/99/index/open.html [运行时间：0.019340s][吞吐率：51.71req/s] [内存消耗：1,865.12kb] [文件加载：50]
[ error ] [8]未定义数组下标: 1

---------------------------------------------------------------
[ 2023-08-13T17:47:35+08:00 ] [ log ] at888.icu/99/ [运行时间：0.011530s][吞吐率：86.73req/s] [内存消耗：1,864.80kb] [文件加载：51]
[ error ] [8]未定义数组下标: 1

---------------------------------------------------------------
[ 2023-08-13T17:47:36+08:00 ] [ log ] at888.icu/99/favicon.ico [运行时间：0.010111s][吞吐率：98.90req/s] [内存消耗：1,650.74kb] [文件加载：44]
[ error ] [8]未定义数组下标: 1

---------------------------------------------------------------
[ 2023-08-13T17:47:38+08:00 ] [ log ] at888.icu/99/index/open.html [运行时间：0.037865s][吞吐率：26.41req/s] [内存消耗：1,865.12kb] [文件加载：50]
[ error ] [8]未定义数组下标: 1

---------------------------------------------------------------
[ 2023-08-13T17:55:40+08:00 ] [ log ] at888.icu/99/ [运行时间：0.010993s][吞吐率：90.97req/s] [内存消耗：1,864.80kb] [文件加载：51]
[ error ] [8]未定义数组下标: 1

---------------------------------------------------------------
[ 2023-08-13T17:55:41+08:00 ] [ log ] at888.icu/99/favicon.ico [运行时间：0.012814s][吞吐率：78.04req/s] [内存消耗：1,650.74kb] [文件加载：44]
[ error ] [8]未定义数组下标: 1

---------------------------------------------------------------
[ 2023-08-13T17:55:43+08:00 ] [ log ] at888.icu/99/index/open.html [运行时间：0.014670s][吞吐率：68.17req/s] [内存消耗：1,865.12kb] [文件加载：50]
[ error ] [8]未定义数组下标: 1

---------------------------------------------------------------
[ 2023-08-13T18:00:31+08:00 ] [ log ] at777.icu/99/ [运行时间：0.015465s][吞吐率：64.66req/s] [内存消耗：1,865.34kb] [文件加载：51]
[ error ] [8]未定义数组下标: 1

---------------------------------------------------------------
[ 2023-08-13T18:00:32+08:00 ] [ log ] at777.icu/99/favicon.ico [运行时间：0.011180s][吞吐率：89.45req/s] [内存消耗：1,650.74kb] [文件加载：44]
[ error ] [8]未定义数组下标: 1

---------------------------------------------------------------
[ 2023-08-13T18:00:33+08:00 ] [ log ] at777.icu/99/index/open.html [运行时间：0.012048s][吞吐率：83.00req/s] [内存消耗：1,865.12kb] [文件加载：50]
[ error ] [8]未定义数组下标: 1

---------------------------------------------------------------
[ 2023-08-13T18:50:11+08:00 ] [ log ] at888.icu/99/ [运行时间：0.010838s][吞吐率：92.27req/s] [内存消耗：1,865.34kb] [文件加载：51]
[ error ] [8]未定义数组下标: 1

---------------------------------------------------------------
[ 2023-08-13T18:50:11+08:00 ] [ log ] at888.icu/99/favicon.ico [运行时间：0.013894s][吞吐率：71.97req/s] [内存消耗：1,650.74kb] [文件加载：44]
[ error ] [8]未定义数组下标: 1

---------------------------------------------------------------
[ 2023-08-13T18:50:14+08:00 ] [ log ] at888.icu/99/index/open.html [运行时间：0.010741s][吞吐率：93.10req/s] [内存消耗：1,865.12kb] [文件加载：50]
[ error ] [8]未定义数组下标: 1

---------------------------------------------------------------
[ 2023-08-13T19:41:35+08:00 ] [ log ] at888.icu/99/ [运行时间：0.031029s][吞吐率：32.23req/s] [内存消耗：1,864.80kb] [文件加载：51]
[ error ] [8]未定义数组下标: 1

---------------------------------------------------------------
[ 2023-08-13T19:41:35+08:00 ] [ log ] at888.icu/99/favicon.ico [运行时间：0.014041s][吞吐率：71.22req/s] [内存消耗：1,650.74kb] [文件加载：44]
[ error ] [8]未定义数组下标: 1

---------------------------------------------------------------
[ 2023-08-13T19:41:38+08:00 ] [ log ] at888.icu/99/index/open.html [运行时间：0.035305s][吞吐率：28.32req/s] [内存消耗：1,865.12kb] [文件加载：50]
[ error ] [8]未定义数组下标: 1

---------------------------------------------------------------
[ 2023-08-13T20:10:38+08:00 ] [ log ] at777.icu/99/ [运行时间：0.040192s][吞吐率：24.88req/s] [内存消耗：1,865.34kb] [文件加载：51]
[ error ] [8]未定义数组下标: 1

---------------------------------------------------------------
[ 2023-08-13T20:10:41+08:00 ] [ log ] at777.icu/99/favicon.ico [运行时间：0.010059s][吞吐率：99.41req/s] [内存消耗：1,650.74kb] [文件加载：44]
[ error ] [8]未定义数组下标: 1

---------------------------------------------------------------
[ 2023-08-13T20:10:45+08:00 ] [ log ] at777.icu/99/index/open.html [运行时间：0.010921s][吞吐率：91.57req/s] [内存消耗：1,865.12kb] [文件加载：50]
[ error ] [8]未定义数组下标: 1

---------------------------------------------------------------
[ 2023-08-13T21:08:32+08:00 ] [ log ] at888.icu/99/ [运行时间：0.010824s][吞吐率：92.39req/s] [内存消耗：1,865.34kb] [文件加载：51]
[ error ] [8]未定义数组下标: 1

---------------------------------------------------------------
[ 2023-08-13T21:08:33+08:00 ] [ log ] at888.icu/99/ [运行时间：0.011305s][吞吐率：88.46req/s] [内存消耗：1,865.34kb] [文件加载：51]
[ error ] [8]未定义数组下标: 1

---------------------------------------------------------------
[ 2023-08-13T21:08:39+08:00 ] [ log ] at888.icu/99/favicon.ico [运行时间：0.012658s][吞吐率：79.00req/s] [内存消耗：1,650.74kb] [文件加载：44]
[ error ] [8]未定义数组下标: 1

---------------------------------------------------------------
[ 2023-08-13T21:08:41+08:00 ] [ log ] at888.icu/99/index/open.html [运行时间：0.013997s][吞吐率：71.44req/s] [内存消耗：1,865.12kb] [文件加载：50]
[ error ] [8]未定义数组下标: 1

---------------------------------------------------------------
[ 2023-08-13T21:12:36+08:00 ] [ log ] at888.icu/99/ [运行时间：0.010622s][吞吐率：94.14req/s] [内存消耗：1,864.80kb] [文件加载：51]
[ error ] [8]未定义数组下标: 1

---------------------------------------------------------------
[ 2023-08-13T21:12:37+08:00 ] [ log ] at888.icu/99/favicon.ico [运行时间：0.016035s][吞吐率：62.36req/s] [内存消耗：1,650.74kb] [文件加载：44]
[ error ] [8]未定义数组下标: 1

---------------------------------------------------------------
[ 2023-08-13T21:12:39+08:00 ] [ log ] at888.icu/99/index/open.html [运行时间：0.011467s][吞吐率：87.21req/s] [内存消耗：1,865.12kb] [文件加载：50]
[ error ] [8]未定义数组下标: 1

---------------------------------------------------------------
