[ 2023-08-14T00:34:19+08:00 ] [ log ] at888.icu/99/ [运行时间：0.019987s][吞吐率：50.03req/s] [内存消耗：1,865.34kb] [文件加载：51]
[ error ] [8]未定义数组下标: 1

---------------------------------------------------------------
[ 2023-08-14T00:34:20+08:00 ] [ log ] at888.icu/99/favicon.ico [运行时间：0.009492s][吞吐率：105.35req/s] [内存消耗：1,650.74kb] [文件加载：44]
[ error ] [8]未定义数组下标: 1

---------------------------------------------------------------
[ 2023-08-14T00:34:24+08:00 ] [ log ] at888.icu/99/index/open.html [运行时间：0.015441s][吞吐率：64.76req/s] [内存消耗：1,865.12kb] [文件加载：50]
[ error ] [8]未定义数组下标: 1

---------------------------------------------------------------
[ 2023-08-14T02:37:50+08:00 ] [ log ] at777.icu/99/ [运行时间：0.011570s][吞吐率：86.43req/s] [内存消耗：1,865.34kb] [文件加载：51]
[ error ] [8]未定义数组下标: 1

---------------------------------------------------------------
[ 2023-08-14T02:37:54+08:00 ] [ log ] at777.icu/99/favicon.ico [运行时间：0.009344s][吞吐率：107.02req/s] [内存消耗：1,650.74kb] [文件加载：44]
[ error ] [8]未定义数组下标: 1

---------------------------------------------------------------
[ 2023-08-14T02:37:56+08:00 ] [ log ] at777.icu/99/index/open.html [运行时间：0.010820s][吞吐率：92.42req/s] [内存消耗：1,865.12kb] [文件加载：50]
[ error ] [8]未定义数组下标: 1

---------------------------------------------------------------
[ 2023-08-14T06:24:51+08:00 ] [ log ] at777.icu/99/ [运行时间：0.041173s][吞吐率：24.29req/s] [内存消耗：1,865.34kb] [文件加载：51]
[ error ] [8]未定义数组下标: 1

---------------------------------------------------------------
[ 2023-08-14T06:24:53+08:00 ] [ log ] at777.icu/99/favicon.ico [运行时间：0.009878s][吞吐率：101.24req/s] [内存消耗：1,650.74kb] [文件加载：44]
[ error ] [8]未定义数组下标: 1

---------------------------------------------------------------
[ 2023-08-14T06:24:54+08:00 ] [ log ] at777.icu/99/index/open.html [运行时间：0.010934s][吞吐率：91.46req/s] [内存消耗：1,865.12kb] [文件加载：50]
[ error ] [8]未定义数组下标: 1

---------------------------------------------------------------
[ 2023-08-14T06:46:42+08:00 ] [ log ] at777.icu/99/ [运行时间：0.015484s][吞吐率：64.58req/s] [内存消耗：1,864.80kb] [文件加载：51]
[ error ] [8]未定义数组下标: 1

---------------------------------------------------------------
[ 2023-08-14T06:46:43+08:00 ] [ log ] at777.icu/99/favicon.ico [运行时间：0.009881s][吞吐率：101.20req/s] [内存消耗：1,650.74kb] [文件加载：44]
[ error ] [8]未定义数组下标: 1

---------------------------------------------------------------
[ 2023-08-14T06:46:45+08:00 ] [ log ] at777.icu/99/index/open.html [运行时间：0.011046s][吞吐率：90.53req/s] [内存消耗：1,865.12kb] [文件加载：50]
[ error ] [8]未定义数组下标: 1

---------------------------------------------------------------
[ 2023-08-14T10:44:22+08:00 ] [ log ] at777.icu/99/ [运行时间：0.010923s][吞吐率：91.55req/s] [内存消耗：1,865.34kb] [文件加载：51]
[ error ] [8]未定义数组下标: 1

---------------------------------------------------------------
[ 2023-08-14T10:44:24+08:00 ] [ log ] at777.icu/99/favicon.ico [运行时间：0.009624s][吞吐率：103.91req/s] [内存消耗：1,650.74kb] [文件加载：44]
[ error ] [8]未定义数组下标: 1

---------------------------------------------------------------
[ 2023-08-14T10:44:26+08:00 ] [ log ] at777.icu/99/index/open.html [运行时间：0.015569s][吞吐率：64.23req/s] [内存消耗：1,865.12kb] [文件加载：50]
[ error ] [8]未定义数组下标: 1

---------------------------------------------------------------
[ 2023-08-14T10:56:57+08:00 ] [ log ] at999.icu/99/ [运行时间：0.011160s][吞吐率：89.61req/s] [内存消耗：1,865.34kb] [文件加载：51]
[ error ] [8]未定义数组下标: 1

---------------------------------------------------------------
[ 2023-08-14T10:57:00+08:00 ] [ log ] at999.icu/99/favicon.ico [运行时间：0.009450s][吞吐率：105.82req/s] [内存消耗：1,650.74kb] [文件加载：44]
[ error ] [8]未定义数组下标: 1

---------------------------------------------------------------
[ 2023-08-14T10:57:00+08:00 ] [ log ] at888.icu/99/ [运行时间：0.010578s][吞吐率：94.54req/s] [内存消耗：1,865.34kb] [文件加载：51]
[ error ] [8]未定义数组下标: 1

---------------------------------------------------------------
[ 2023-08-14T10:57:01+08:00 ] [ log ] at888.icu/99/?uc_sm=1&from=wh10331 [运行时间：0.032963s][吞吐率：30.34req/s] [内存消耗：1,865.45kb] [文件加载：51]
[ error ] [8]未定义数组下标: 1

---------------------------------------------------------------
[ 2023-08-14T10:57:01+08:00 ] [ log ] at888.icu/99/favicon.ico [运行时间：0.013836s][吞吐率：72.28req/s] [内存消耗：1,650.74kb] [文件加载：44]
[ error ] [8]未定义数组下标: 1

---------------------------------------------------------------
[ 2023-08-14T10:57:04+08:00 ] [ log ] at888.icu/99/index/open.html [运行时间：0.012546s][吞吐率：79.71req/s] [内存消耗：1,865.12kb] [文件加载：50]
[ error ] [8]未定义数组下标: 1

---------------------------------------------------------------
[ 2023-08-14T11:29:21+08:00 ] [ log ] at777.icu/99/ [运行时间：0.010958s][吞吐率：91.26req/s] [内存消耗：1,865.34kb] [文件加载：51]
[ error ] [8]未定义数组下标: 1

---------------------------------------------------------------
[ 2023-08-14T11:29:22+08:00 ] [ log ] at777.icu/99/favicon.ico [运行时间：0.009827s][吞吐率：101.76req/s] [内存消耗：1,650.74kb] [文件加载：44]
[ error ] [8]未定义数组下标: 1

---------------------------------------------------------------
[ 2023-08-14T11:29:24+08:00 ] [ log ] at777.icu/99/index/open.html [运行时间：0.033604s][吞吐率：29.76req/s] [内存消耗：1,865.12kb] [文件加载：50]
[ error ] [8]未定义数组下标: 1

---------------------------------------------------------------
[ 2023-08-14T11:53:56+08:00 ] [ log ] at777.icu/99/ [运行时间：0.011710s][吞吐率：85.40req/s] [内存消耗：1,865.34kb] [文件加载：51]
[ error ] [8]未定义数组下标: 1

---------------------------------------------------------------
[ 2023-08-14T11:53:57+08:00 ] [ log ] at777.icu/99/favicon.ico [运行时间：0.013615s][吞吐率：73.45req/s] [内存消耗：1,650.74kb] [文件加载：44]
[ error ] [8]未定义数组下标: 1

---------------------------------------------------------------
[ 2023-08-14T11:53:59+08:00 ] [ log ] at777.icu/99/index/open.html [运行时间：0.011399s][吞吐率：87.73req/s] [内存消耗：1,865.12kb] [文件加载：50]
[ error ] [8]未定义数组下标: 1

---------------------------------------------------------------
[ 2023-08-14T12:56:12+08:00 ] [ log ] at777.icu/99/ [运行时间：0.011610s][吞吐率：86.13req/s] [内存消耗：1,865.34kb] [文件加载：51]
[ error ] [8]未定义数组下标: 1

---------------------------------------------------------------
[ 2023-08-14T12:56:13+08:00 ] [ log ] at777.icu/99/favicon.ico [运行时间：0.030696s][吞吐率：32.58req/s] [内存消耗：1,650.74kb] [文件加载：44]
[ error ] [8]未定义数组下标: 1

---------------------------------------------------------------
[ 2023-08-14T12:56:15+08:00 ] [ log ] at777.icu/99/index/open.html [运行时间：0.012963s][吞吐率：77.14req/s] [内存消耗：1,865.12kb] [文件加载：50]
[ error ] [8]未定义数组下标: 1

---------------------------------------------------------------
[ 2023-08-14T13:36:12+08:00 ] [ log ] asd123111.icu/99/ [运行时间：0.014512s][吞吐率：68.91req/s] [内存消耗：1,865.34kb] [文件加载：51]
[ error ] [8]未定义数组下标: 1

---------------------------------------------------------------
[ 2023-08-14T13:36:17+08:00 ] [ log ] asd123111.icu/99/favicon.ico [运行时间：0.025994s][吞吐率：38.47req/s] [内存消耗：1,650.74kb] [文件加载：44]
[ error ] [8]未定义数组下标: 1

---------------------------------------------------------------
[ 2023-08-14T13:36:20+08:00 ] [ log ] asd123111.icu/99/index/open.html [运行时间：0.011002s][吞吐率：90.89req/s] [内存消耗：1,865.13kb] [文件加载：50]
[ error ] [8]未定义数组下标: 1

---------------------------------------------------------------
[ 2023-08-14T13:45:52+08:00 ] [ log ] at777.icu/99/ [运行时间：0.015265s][吞吐率：65.51req/s] [内存消耗：1,865.34kb] [文件加载：51]
[ error ] [8]未定义数组下标: 1

---------------------------------------------------------------
[ 2023-08-14T13:45:53+08:00 ] [ log ] at777.icu/99/favicon.ico [运行时间：0.009993s][吞吐率：100.07req/s] [内存消耗：1,650.74kb] [文件加载：44]
[ error ] [8]未定义数组下标: 1

---------------------------------------------------------------
[ 2023-08-14T13:46:15+08:00 ] [ log ] at777.icu/99/index/open.html [运行时间：0.035295s][吞吐率：28.33req/s] [内存消耗：1,865.12kb] [文件加载：50]
[ error ] [8]未定义数组下标: 1

---------------------------------------------------------------
[ 2023-08-14T13:46:55+08:00 ] [ log ] at777.icu/99/ [运行时间：0.010445s][吞吐率：95.74req/s] [内存消耗：1,865.34kb] [文件加载：51]
[ error ] [8]未定义数组下标: 1

---------------------------------------------------------------
[ 2023-08-14T17:33:59+08:00 ] [ log ] at999.icu/99/?uc_sm=1&from=wh10331 [运行时间：0.014802s][吞吐率：67.56req/s] [内存消耗：1,865.98kb] [文件加载：51]
[ error ] [8]未定义数组下标: 1

---------------------------------------------------------------
[ 2023-08-14T17:33:59+08:00 ] [ log ] at999.icu/99/ [运行时间：0.012947s][吞吐率：77.24req/s] [内存消耗：1,865.34kb] [文件加载：51]
[ error ] [8]未定义数组下标: 1

---------------------------------------------------------------
[ 2023-08-14T17:34:02+08:00 ] [ log ] at999.icu/99/favicon.ico [运行时间：0.009461s][吞吐率：105.70req/s] [内存消耗：1,650.74kb] [文件加载：44]
[ error ] [8]未定义数组下标: 1

---------------------------------------------------------------
[ 2023-08-14T17:34:04+08:00 ] [ log ] at999.icu/99/index/open.html [运行时间：0.011335s][吞吐率：88.22req/s] [内存消耗：1,865.12kb] [文件加载：50]
[ error ] [8]未定义数组下标: 1

---------------------------------------------------------------
[ 2023-08-14T17:34:04+08:00 ] [ log ] at999.icu/99/index/open.html [运行时间：0.010825s][吞吐率：92.38req/s] [内存消耗：1,865.12kb] [文件加载：50]
[ error ] [8]未定义数组下标: 1

---------------------------------------------------------------
[ 2023-08-14T17:34:23+08:00 ] [ log ] at999.icu/99/index/open.html [运行时间：0.012223s][吞吐率：81.81req/s] [内存消耗：1,865.12kb] [文件加载：50]
[ error ] [8]未定义数组下标: 1

---------------------------------------------------------------
[ 2023-08-14T17:34:36+08:00 ] [ log ] at999.icu/99/index/open.html [运行时间：0.011293s][吞吐率：88.55req/s] [内存消耗：1,865.12kb] [文件加载：50]
[ error ] [8]未定义数组下标: 1

---------------------------------------------------------------
[ 2023-08-14T17:34:40+08:00 ] [ log ] at999.icu/99/index/open.html [运行时间：0.011088s][吞吐率：90.19req/s] [内存消耗：1,865.12kb] [文件加载：50]
[ error ] [8]未定义数组下标: 1

---------------------------------------------------------------
[ 2023-08-14T17:34:45+08:00 ] [ log ] at999.icu/99/ [运行时间：0.031945s][吞吐率：31.30req/s] [内存消耗：1,864.80kb] [文件加载：51]
[ error ] [8]未定义数组下标: 1

---------------------------------------------------------------
[ 2023-08-14T17:34:49+08:00 ] [ log ] at999.icu/99/index/open.html [运行时间：0.011441s][吞吐率：87.41req/s] [内存消耗：1,865.12kb] [文件加载：50]
[ error ] [8]未定义数组下标: 1

---------------------------------------------------------------
[ 2023-08-14T17:34:56+08:00 ] [ log ] at999.icu/99/index/open.html [运行时间：0.011100s][吞吐率：90.09req/s] [内存消耗：1,865.12kb] [文件加载：50]
[ error ] [8]未定义数组下标: 1

---------------------------------------------------------------
[ 2023-08-14T17:35:10+08:00 ] [ log ] at999.icu/99/favicon.ico [运行时间：0.028760s][吞吐率：34.77req/s] [内存消耗：1,651.28kb] [文件加载：44]
[ error ] [8]未定义数组下标: 1

---------------------------------------------------------------
[ 2023-08-14T17:35:12+08:00 ] [ log ] at999.icu/99/favicon.ico [运行时间：0.010050s][吞吐率：99.50req/s] [内存消耗：1,650.74kb] [文件加载：44]
[ error ] [8]未定义数组下标: 1

---------------------------------------------------------------
[ 2023-08-14T17:40:13+08:00 ] [ log ] at888.icu/99/?uc_sm=1&from=wh10331 [运行时间：0.010926s][吞吐率：91.52req/s] [内存消耗：1,865.98kb] [文件加载：51]
[ error ] [8]未定义数组下标: 1

---------------------------------------------------------------
[ 2023-08-14T17:40:13+08:00 ] [ log ] at888.icu/99/ [运行时间：0.010703s][吞吐率：93.43req/s] [内存消耗：1,865.34kb] [文件加载：51]
[ error ] [8]未定义数组下标: 1

---------------------------------------------------------------
[ 2023-08-14T17:40:14+08:00 ] [ log ] at888.icu/99/favicon.ico [运行时间：0.024428s][吞吐率：40.94req/s] [内存消耗：1,650.74kb] [文件加载：44]
[ error ] [8]未定义数组下标: 1

---------------------------------------------------------------
[ 2023-08-14T17:40:17+08:00 ] [ log ] at888.icu/99/index/open.html [运行时间：0.010891s][吞吐率：91.82req/s] [内存消耗：1,865.12kb] [文件加载：50]
[ error ] [8]未定义数组下标: 1

---------------------------------------------------------------
[ 2023-08-14T18:00:22+08:00 ] [ log ] at777.icu/99/ [运行时间：0.011592s][吞吐率：86.27req/s] [内存消耗：1,865.34kb] [文件加载：51]
[ error ] [8]未定义数组下标: 1

---------------------------------------------------------------
[ 2023-08-14T18:00:23+08:00 ] [ log ] at777.icu/99/favicon.ico [运行时间：0.009383s][吞吐率：106.58req/s] [内存消耗：1,650.74kb] [文件加载：44]
[ error ] [8]未定义数组下标: 1

---------------------------------------------------------------
[ 2023-08-14T18:00:25+08:00 ] [ log ] at777.icu/99/index/open.html [运行时间：0.012979s][吞吐率：77.05req/s] [内存消耗：1,865.12kb] [文件加载：50]
[ error ] [8]未定义数组下标: 1

---------------------------------------------------------------
[ 2023-08-14T18:46:56+08:00 ] [ log ] at888.icu/99/ [运行时间：0.011332s][吞吐率：88.25req/s] [内存消耗：1,865.34kb] [文件加载：51]
[ error ] [8]未定义数组下标: 1

---------------------------------------------------------------
[ 2023-08-14T18:47:00+08:00 ] [ log ] at888.icu/99/favicon.ico [运行时间：0.035607s][吞吐率：28.08req/s] [内存消耗：1,650.74kb] [文件加载：44]
[ error ] [8]未定义数组下标: 1

---------------------------------------------------------------
[ 2023-08-14T18:47:03+08:00 ] [ log ] at888.icu/99/index/open.html [运行时间：0.026822s][吞吐率：37.28req/s] [内存消耗：1,865.12kb] [文件加载：50]
[ error ] [8]未定义数组下标: 1

---------------------------------------------------------------
[ 2023-08-14T18:50:21+08:00 ] [ log ] at888.icu/99/ [运行时间：0.011632s][吞吐率：85.97req/s] [内存消耗：1,864.80kb] [文件加载：51]
[ error ] [8]未定义数组下标: 1

---------------------------------------------------------------
[ 2023-08-14T18:50:21+08:00 ] [ log ] at888.icu/99/favicon.ico [运行时间：0.013422s][吞吐率：74.50req/s] [内存消耗：1,650.74kb] [文件加载：44]
[ error ] [8]未定义数组下标: 1

---------------------------------------------------------------
[ 2023-08-14T18:50:23+08:00 ] [ log ] at888.icu/99/index/open.html [运行时间：0.011297s][吞吐率：88.52req/s] [内存消耗：1,865.12kb] [文件加载：50]
[ error ] [8]未定义数组下标: 1

---------------------------------------------------------------
[ 2023-08-14T19:07:00+08:00 ] [ log ] at777.icu/99/ [运行时间：0.010908s][吞吐率：91.68req/s] [内存消耗：1,865.34kb] [文件加载：51]
[ error ] [8]未定义数组下标: 1

---------------------------------------------------------------
[ 2023-08-14T19:07:05+08:00 ] [ log ] at777.icu/99/index/open.html [运行时间：0.013403s][吞吐率：74.61req/s] [内存消耗：1,865.12kb] [文件加载：50]
[ error ] [8]未定义数组下标: 1

---------------------------------------------------------------
[ 2023-08-14T19:12:04+08:00 ] [ log ] asd123111.icu/99/ [运行时间：0.011062s][吞吐率：90.40req/s] [内存消耗：1,865.34kb] [文件加载：51]
[ error ] [8]未定义数组下标: 1

---------------------------------------------------------------
[ 2023-08-14T19:12:04+08:00 ] [ log ] asd123111.icu/99/favicon.ico [运行时间：0.009255s][吞吐率：108.05req/s] [内存消耗：1,650.74kb] [文件加载：44]
[ error ] [8]未定义数组下标: 1

---------------------------------------------------------------
[ 2023-08-14T19:12:07+08:00 ] [ log ] asd123111.icu/99/index/open.html [运行时间：0.014680s][吞吐率：68.12req/s] [内存消耗：1,865.13kb] [文件加载：50]
[ error ] [8]未定义数组下标: 1

---------------------------------------------------------------
[ 2023-08-14T19:45:22+08:00 ] [ log ] at777.icu/99/ [运行时间：0.011661s][吞吐率：85.76req/s] [内存消耗：1,865.34kb] [文件加载：51]
[ error ] [8]未定义数组下标: 1

---------------------------------------------------------------
[ 2023-08-14T19:45:23+08:00 ] [ log ] at777.icu/99/ [运行时间：0.010904s][吞吐率：91.71req/s] [内存消耗：1,865.34kb] [文件加载：51]
[ error ] [8]未定义数组下标: 1

---------------------------------------------------------------
[ 2023-08-14T19:45:27+08:00 ] [ log ] at777.icu/99/favicon.ico [运行时间：0.013230s][吞吐率：75.59req/s] [内存消耗：1,650.74kb] [文件加载：44]
[ error ] [8]未定义数组下标: 1

---------------------------------------------------------------
[ 2023-08-14T19:45:29+08:00 ] [ log ] at777.icu/99/index/open.html [运行时间：0.034742s][吞吐率：28.78req/s] [内存消耗：1,865.12kb] [文件加载：50]
[ error ] [8]未定义数组下标: 1

---------------------------------------------------------------
[ 2023-08-14T20:01:24+08:00 ] [ log ] at777.icu/99/ [运行时间：0.013285s][吞吐率：75.27req/s] [内存消耗：1,865.34kb] [文件加载：51]
[ error ] [8]未定义数组下标: 1

---------------------------------------------------------------
[ 2023-08-14T20:01:25+08:00 ] [ log ] at777.icu/99/favicon.ico [运行时间：0.011629s][吞吐率：85.99req/s] [内存消耗：1,650.74kb] [文件加载：44]
[ error ] [8]未定义数组下标: 1

---------------------------------------------------------------
[ 2023-08-14T20:01:27+08:00 ] [ log ] at777.icu/99/index/open.html [运行时间：0.011951s][吞吐率：83.68req/s] [内存消耗：1,865.12kb] [文件加载：50]
[ error ] [8]未定义数组下标: 1

---------------------------------------------------------------
[ 2023-08-14T20:02:28+08:00 ] [ log ] at777.icu/99/ [运行时间：0.011600s][吞吐率：86.21req/s] [内存消耗：1,864.80kb] [文件加载：51]
[ error ] [8]未定义数组下标: 1

---------------------------------------------------------------
[ 2023-08-14T20:02:31+08:00 ] [ log ] at777.icu/99/index/open.html [运行时间：0.010776s][吞吐率：92.80req/s] [内存消耗：1,865.12kb] [文件加载：50]
[ error ] [8]未定义数组下标: 1

---------------------------------------------------------------
[ 2023-08-14T20:02:36+08:00 ] [ log ] at777.icu/99/ [运行时间：0.011125s][吞吐率：89.89req/s] [内存消耗：1,864.80kb] [文件加载：51]
[ error ] [8]未定义数组下标: 1

---------------------------------------------------------------
[ 2023-08-14T20:10:17+08:00 ] [ log ] at777.icu/99/ [运行时间：0.010982s][吞吐率：91.06req/s] [内存消耗：1,865.34kb] [文件加载：51]
[ error ] [8]未定义数组下标: 1

---------------------------------------------------------------
[ 2023-08-14T20:10:18+08:00 ] [ log ] at777.icu/99/favicon.ico [运行时间：0.010989s][吞吐率：91.00req/s] [内存消耗：1,650.74kb] [文件加载：44]
[ error ] [8]未定义数组下标: 1

---------------------------------------------------------------
[ 2023-08-14T20:10:20+08:00 ] [ log ] at777.icu/99/index/open.html [运行时间：0.011937s][吞吐率：83.77req/s] [内存消耗：1,865.12kb] [文件加载：50]
[ error ] [8]未定义数组下标: 1

---------------------------------------------------------------
[ 2023-08-14T20:28:34+08:00 ] [ log ] at777.icu/99/ [运行时间：0.018717s][吞吐率：53.43req/s] [内存消耗：1,865.34kb] [文件加载：51]
[ error ] [8]未定义数组下标: 1

---------------------------------------------------------------
[ 2023-08-14T20:28:34+08:00 ] [ log ] at777.icu/99/favicon.ico [运行时间：0.012624s][吞吐率：79.21req/s] [内存消耗：1,650.74kb] [文件加载：44]
[ error ] [8]未定义数组下标: 1

---------------------------------------------------------------
[ 2023-08-14T20:28:36+08:00 ] [ log ] at777.icu/99/index/open.html [运行时间：0.010475s][吞吐率：95.46req/s] [内存消耗：1,865.12kb] [文件加载：50]
[ error ] [8]未定义数组下标: 1

---------------------------------------------------------------
[ 2023-08-14T20:30:58+08:00 ] [ log ] at777.icu/99/ [运行时间：0.013235s][吞吐率：75.56req/s] [内存消耗：1,864.80kb] [文件加载：51]
[ error ] [8]未定义数组下标: 1

---------------------------------------------------------------
[ 2023-08-14T20:30:59+08:00 ] [ log ] at777.icu/99/favicon.ico [运行时间：0.009518s][吞吐率：105.07req/s] [内存消耗：1,650.74kb] [文件加载：44]
[ error ] [8]未定义数组下标: 1

---------------------------------------------------------------
[ 2023-08-14T20:31:01+08:00 ] [ log ] at777.icu/99/index/open.html [运行时间：0.012738s][吞吐率：78.51req/s] [内存消耗：1,865.12kb] [文件加载：50]
[ error ] [8]未定义数组下标: 1

---------------------------------------------------------------
[ 2023-08-14T20:33:33+08:00 ] [ log ] at777.icu/99/ [运行时间：0.019245s][吞吐率：51.96req/s] [内存消耗：1,864.80kb] [文件加载：51]
[ error ] [8]未定义数组下标: 1

---------------------------------------------------------------
[ 2023-08-14T20:33:34+08:00 ] [ log ] at777.icu/99/favicon.ico [运行时间：0.009378s][吞吐率：106.63req/s] [内存消耗：1,650.74kb] [文件加载：44]
[ error ] [8]未定义数组下标: 1

---------------------------------------------------------------
[ 2023-08-14T20:33:36+08:00 ] [ log ] at777.icu/99/index/open.html [运行时间：0.014546s][吞吐率：68.75req/s] [内存消耗：1,865.12kb] [文件加载：50]
[ error ] [8]未定义数组下标: 1

---------------------------------------------------------------
[ 2023-08-14T20:50:57+08:00 ] [ log ] at777.icu/99/ [运行时间：0.014271s][吞吐率：70.07req/s] [内存消耗：1,865.34kb] [文件加载：51]
[ error ] [8]未定义数组下标: 1

---------------------------------------------------------------
[ 2023-08-14T20:51:03+08:00 ] [ log ] at777.icu/99/favicon.ico [运行时间：0.012573s][吞吐率：79.54req/s] [内存消耗：1,650.74kb] [文件加载：44]
[ error ] [8]未定义数组下标: 1

---------------------------------------------------------------
[ 2023-08-14T20:51:06+08:00 ] [ log ] at777.icu/99/index/open.html [运行时间：0.010952s][吞吐率：91.31req/s] [内存消耗：1,865.12kb] [文件加载：50]
[ error ] [8]未定义数组下标: 1

---------------------------------------------------------------
[ 2023-08-14T20:51:17+08:00 ] [ log ] at777.icu/99/ [运行时间：0.011038s][吞吐率：90.60req/s] [内存消耗：1,864.80kb] [文件加载：51]
[ error ] [8]未定义数组下标: 1

---------------------------------------------------------------
[ 2023-08-14T20:51:18+08:00 ] [ log ] at777.icu/99/favicon.ico [运行时间：0.010080s][吞吐率：99.21req/s] [内存消耗：1,650.74kb] [文件加载：44]
[ error ] [8]未定义数组下标: 1

---------------------------------------------------------------
[ 2023-08-14T20:51:22+08:00 ] [ log ] at777.icu/99/ [运行时间：0.010817s][吞吐率：92.45req/s] [内存消耗：1,864.84kb] [文件加载：51]
[ error ] [8]未定义数组下标: 1

---------------------------------------------------------------
[ 2023-08-14T20:51:23+08:00 ] [ log ] at777.icu/99/index/open.html [运行时间：0.010738s][吞吐率：93.13req/s] [内存消耗：1,865.12kb] [文件加载：50]
[ error ] [8]未定义数组下标: 1

---------------------------------------------------------------
[ 2023-08-14T20:51:24+08:00 ] [ log ] at777.icu/99/ [运行时间：0.010834s][吞吐率：92.30req/s] [内存消耗：1,864.84kb] [文件加载：51]
[ error ] [8]未定义数组下标: 1

---------------------------------------------------------------
[ 2023-08-14T20:55:06+08:00 ] [ log ] at777.icu/99/index/open.html [运行时间：0.016930s][吞吐率：59.07req/s] [内存消耗：1,865.12kb] [文件加载：50]
[ error ] [8]未定义数组下标: 1

---------------------------------------------------------------
[ 2023-08-14T20:55:08+08:00 ] [ log ] at777.icu/99/index/open.html [运行时间：0.015982s][吞吐率：62.57req/s] [内存消耗：1,865.12kb] [文件加载：50]
[ error ] [8]未定义数组下标: 1

---------------------------------------------------------------
[ 2023-08-14T20:57:12+08:00 ] [ log ] at777.icu/99/ [运行时间：0.010923s][吞吐率：91.55req/s] [内存消耗：1,864.80kb] [文件加载：51]
[ error ] [8]未定义数组下标: 1

---------------------------------------------------------------
[ 2023-08-14T20:57:13+08:00 ] [ log ] at777.icu/99/favicon.ico [运行时间：0.023067s][吞吐率：43.35req/s] [内存消耗：1,650.74kb] [文件加载：44]
[ error ] [8]未定义数组下标: 1

---------------------------------------------------------------
[ 2023-08-14T20:57:15+08:00 ] [ log ] at777.icu/99/index/open.html [运行时间：0.010791s][吞吐率：92.67req/s] [内存消耗：1,865.12kb] [文件加载：50]
[ error ] [8]未定义数组下标: 1

---------------------------------------------------------------
[ 2023-08-14T20:57:49+08:00 ] [ log ] at777.icu/99/ [运行时间：0.012653s][吞吐率：79.03req/s] [内存消耗：1,865.34kb] [文件加载：51]
[ error ] [8]未定义数组下标: 1

---------------------------------------------------------------
[ 2023-08-14T20:57:50+08:00 ] [ log ] at777.icu/99/favicon.ico [运行时间：0.010160s][吞吐率：98.43req/s] [内存消耗：1,650.74kb] [文件加载：44]
[ error ] [8]未定义数组下标: 1

---------------------------------------------------------------
[ 2023-08-14T20:57:51+08:00 ] [ log ] at777.icu/99/index/open.html [运行时间：0.018591s][吞吐率：53.79req/s] [内存消耗：1,865.12kb] [文件加载：50]
[ error ] [8]未定义数组下标: 1

---------------------------------------------------------------
[ 2023-08-14T20:58:05+08:00 ] [ log ] at777.icu/99/index/open.html [运行时间：0.027892s][吞吐率：35.85req/s] [内存消耗：1,865.12kb] [文件加载：50]
[ error ] [8]未定义数组下标: 1

---------------------------------------------------------------
[ 2023-08-14T20:59:01+08:00 ] [ log ] at777.icu/99/ [运行时间：0.020620s][吞吐率：48.50req/s] [内存消耗：1,864.80kb] [文件加载：51]
[ error ] [8]未定义数组下标: 1

---------------------------------------------------------------
[ 2023-08-14T20:59:03+08:00 ] [ log ] at777.icu/99/index/open.html [运行时间：0.025196s][吞吐率：39.69req/s] [内存消耗：1,865.12kb] [文件加载：50]
[ error ] [8]未定义数组下标: 1

---------------------------------------------------------------
[ 2023-08-14T20:59:05+08:00 ] [ log ] at777.icu/99/ [运行时间：0.011125s][吞吐率：89.89req/s] [内存消耗：1,864.80kb] [文件加载：51]
[ error ] [8]未定义数组下标: 1

---------------------------------------------------------------
[ 2023-08-14T20:59:20+08:00 ] [ log ] at777.icu/99/favicon.ico [运行时间：0.009528s][吞吐率：104.95req/s] [内存消耗：1,650.74kb] [文件加载：44]
[ error ] [8]未定义数组下标: 1

---------------------------------------------------------------
[ 2023-08-14T20:59:25+08:00 ] [ log ] at777.icu/99/ [运行时间：0.017365s][吞吐率：57.59req/s] [内存消耗：1,864.80kb] [文件加载：51]
[ error ] [8]未定义数组下标: 1

---------------------------------------------------------------
[ 2023-08-14T20:59:27+08:00 ] [ log ] at777.icu/99/index/open.html [运行时间：0.013475s][吞吐率：74.21req/s] [内存消耗：1,865.12kb] [文件加载：50]
[ error ] [8]未定义数组下标: 1

---------------------------------------------------------------
[ 2023-08-14T21:00:29+08:00 ] [ log ] at777.icu/99/ [运行时间：0.010711s][吞吐率：93.36req/s] [内存消耗：1,864.80kb] [文件加载：51]
[ error ] [8]未定义数组下标: 1

---------------------------------------------------------------
[ 2023-08-14T21:00:30+08:00 ] [ log ] at777.icu/99/favicon.ico [运行时间：0.012876s][吞吐率：77.67req/s] [内存消耗：1,650.74kb] [文件加载：44]
[ error ] [8]未定义数组下标: 1

---------------------------------------------------------------
[ 2023-08-14T21:00:32+08:00 ] [ log ] at777.icu/99/index/open.html [运行时间：0.010842s][吞吐率：92.24req/s] [内存消耗：1,865.12kb] [文件加载：50]
[ error ] [8]未定义数组下标: 1

---------------------------------------------------------------
[ 2023-08-14T21:01:49+08:00 ] [ log ] at777.icu/99/ [运行时间：0.014529s][吞吐率：68.83req/s] [内存消耗：1,864.80kb] [文件加载：51]
[ error ] [8]未定义数组下标: 1

---------------------------------------------------------------
[ 2023-08-14T21:01:51+08:00 ] [ log ] at777.icu/99/index/open.html [运行时间：0.014571s][吞吐率：68.63req/s] [内存消耗：1,865.12kb] [文件加载：50]
[ error ] [8]未定义数组下标: 1

---------------------------------------------------------------
[ 2023-08-14T21:08:58+08:00 ] [ log ] at1333.com/99/ [运行时间：0.010986s][吞吐率：91.02req/s] [内存消耗：1,865.34kb] [文件加载：51]
[ error ] [8]未定义数组下标: 1

---------------------------------------------------------------
[ 2023-08-14T21:09:04+08:00 ] [ log ] at1333.com/99/favicon.ico [运行时间：0.012249s][吞吐率：81.64req/s] [内存消耗：1,650.74kb] [文件加载：44]
[ error ] [8]未定义数组下标: 1

---------------------------------------------------------------
[ 2023-08-14T21:09:10+08:00 ] [ log ] at1333.com/99/index/open.html [运行时间：0.011519s][吞吐率：86.81req/s] [内存消耗：1,865.12kb] [文件加载：50]
[ error ] [8]未定义数组下标: 1

---------------------------------------------------------------
[ 2023-08-14T21:09:36+08:00 ] [ log ] at1333.com/99/ [运行时间：0.010932s][吞吐率：91.47req/s] [内存消耗：1,864.80kb] [文件加载：51]
[ error ] [8]未定义数组下标: 1

---------------------------------------------------------------
[ 2023-08-14T21:09:38+08:00 ] [ log ] at1333.com/99/favicon.ico [运行时间：0.024438s][吞吐率：40.92req/s] [内存消耗：1,650.74kb] [文件加载：44]
[ error ] [8]未定义数组下标: 1

---------------------------------------------------------------
[ 2023-08-14T21:09:40+08:00 ] [ log ] at1333.com/99/index/open.html [运行时间：0.018852s][吞吐率：53.04req/s] [内存消耗：1,865.12kb] [文件加载：50]
[ error ] [8]未定义数组下标: 1

---------------------------------------------------------------
[ 2023-08-14T21:13:21+08:00 ] [ log ] at1333.com/99/ [运行时间：0.011495s][吞吐率：87.00req/s] [内存消耗：1,864.80kb] [文件加载：51]
[ error ] [8]未定义数组下标: 1

---------------------------------------------------------------
[ 2023-08-14T21:13:22+08:00 ] [ log ] at1333.com/99/favicon.ico [运行时间：0.009344s][吞吐率：107.02req/s] [内存消耗：1,650.74kb] [文件加载：44]
[ error ] [8]未定义数组下标: 1

---------------------------------------------------------------
[ 2023-08-14T21:13:24+08:00 ] [ log ] at1333.com/99/index/open.html [运行时间：0.034843s][吞吐率：28.70req/s] [内存消耗：1,865.12kb] [文件加载：50]
[ error ] [8]未定义数组下标: 1

---------------------------------------------------------------
[ 2023-08-14T21:14:26+08:00 ] [ log ] at1333.com/99/index/open.html [运行时间：0.010937s][吞吐率：91.43req/s] [内存消耗：1,865.12kb] [文件加载：50]
[ error ] [8]未定义数组下标: 1

---------------------------------------------------------------
[ 2023-08-14T21:14:26+08:00 ] [ log ] at1333.com/99/index/open.html [运行时间：0.011591s][吞吐率：86.27req/s] [内存消耗：1,865.12kb] [文件加载：50]
[ error ] [8]未定义数组下标: 1

---------------------------------------------------------------
[ 2023-08-14T21:14:27+08:00 ] [ log ] at1333.com/99/index/open.html [运行时间：0.010754s][吞吐率：92.99req/s] [内存消耗：1,865.12kb] [文件加载：50]
[ error ] [8]未定义数组下标: 1

---------------------------------------------------------------
[ 2023-08-14T21:16:44+08:00 ] [ log ] at1333.com/99/ [运行时间：0.021168s][吞吐率：47.24req/s] [内存消耗：1,864.80kb] [文件加载：51]
[ error ] [8]未定义数组下标: 1

---------------------------------------------------------------
[ 2023-08-14T21:16:45+08:00 ] [ log ] at1333.com/99/favicon.ico [运行时间：0.011248s][吞吐率：88.90req/s] [内存消耗：1,650.74kb] [文件加载：44]
[ error ] [8]未定义数组下标: 1

---------------------------------------------------------------
[ 2023-08-14T21:16:47+08:00 ] [ log ] at1333.com/99/index/open.html [运行时间：0.010665s][吞吐率：93.76req/s] [内存消耗：1,865.12kb] [文件加载：50]
[ error ] [8]未定义数组下标: 1

---------------------------------------------------------------
[ 2023-08-14T21:21:15+08:00 ] [ log ] at1333.com/99/ [运行时间：0.040540s][吞吐率：24.67req/s] [内存消耗：1,864.80kb] [文件加载：51]
[ error ] [8]未定义数组下标: 1

---------------------------------------------------------------
[ 2023-08-14T21:23:25+08:00 ] [ log ] at1333.com/99/ [运行时间：0.017567s][吞吐率：56.93req/s] [内存消耗：1,864.80kb] [文件加载：51]
[ error ] [8]未定义数组下标: 1

---------------------------------------------------------------
[ 2023-08-14T21:23:28+08:00 ] [ log ] at1333.com/99/favicon.ico [运行时间：0.022292s][吞吐率：44.86req/s] [内存消耗：1,650.74kb] [文件加载：44]
[ error ] [8]未定义数组下标: 1

---------------------------------------------------------------
[ 2023-08-14T21:23:31+08:00 ] [ log ] at1333.com/99/index/open.html [运行时间：0.011081s][吞吐率：90.24req/s] [内存消耗：1,865.12kb] [文件加载：50]
[ error ] [8]未定义数组下标: 1

---------------------------------------------------------------
[ 2023-08-14T21:24:13+08:00 ] [ log ] at777.icu/99/ [运行时间：0.010551s][吞吐率：94.78req/s] [内存消耗：1,865.34kb] [文件加载：51]
[ error ] [8]未定义数组下标: 1

---------------------------------------------------------------
[ 2023-08-14T21:24:57+08:00 ] [ log ] at1666.com/99/ [运行时间：0.011330s][吞吐率：88.26req/s] [内存消耗：1,865.34kb] [文件加载：51]
[ error ] [8]未定义数组下标: 1

---------------------------------------------------------------
[ 2023-08-14T21:26:52+08:00 ] [ log ] at1666.com/99/ [运行时间：0.015070s][吞吐率：66.36req/s] [内存消耗：1,864.84kb] [文件加载：51]
[ error ] [8]未定义数组下标: 1

---------------------------------------------------------------
[ 2023-08-14T21:29:17+08:00 ] [ log ] at1666.com/99/ [运行时间：0.010990s][吞吐率：90.99req/s] [内存消耗：1,865.34kb] [文件加载：51]
[ error ] [8]未定义数组下标: 1

---------------------------------------------------------------
[ 2023-08-14T21:51:47+08:00 ] [ log ] at1666.com/99/ [运行时间：0.016395s][吞吐率：60.99req/s] [内存消耗：1,865.34kb] [文件加载：51]
[ error ] [8]未定义数组下标: 1

---------------------------------------------------------------
[ 2023-08-14T21:51:49+08:00 ] [ log ] at1666.com/99/favicon.ico [运行时间：0.029766s][吞吐率：33.60req/s] [内存消耗：1,650.74kb] [文件加载：44]
[ error ] [8]未定义数组下标: 1

---------------------------------------------------------------
[ 2023-08-14T21:51:52+08:00 ] [ log ] at1666.com/99/index/open.html [运行时间：0.010537s][吞吐率：94.90req/s] [内存消耗：1,865.12kb] [文件加载：50]
[ error ] [8]未定义数组下标: 1

---------------------------------------------------------------
[ 2023-08-14T21:52:05+08:00 ] [ log ] at1666.com/99/index/open.html [运行时间：0.040131s][吞吐率：24.92req/s] [内存消耗：1,865.12kb] [文件加载：50]
[ error ] [8]未定义数组下标: 1

---------------------------------------------------------------
[ 2023-08-14T21:52:28+08:00 ] [ log ] at1666.com/99/ [运行时间：0.010845s][吞吐率：92.21req/s] [内存消耗：1,864.80kb] [文件加载：51]
[ error ] [8]未定义数组下标: 1

---------------------------------------------------------------
[ 2023-08-14T21:52:57+08:00 ] [ log ] at1333.com/99/ [运行时间：0.011243s][吞吐率：88.95req/s] [内存消耗：1,865.34kb] [文件加载：51]
[ error ] [8]未定义数组下标: 1

---------------------------------------------------------------
[ 2023-08-14T21:53:03+08:00 ] [ log ] at1333.com/99/favicon.ico [运行时间：0.018967s][吞吐率：52.72req/s] [内存消耗：1,650.74kb] [文件加载：44]
[ error ] [8]未定义数组下标: 1

---------------------------------------------------------------
[ 2023-08-14T21:53:09+08:00 ] [ log ] at1666.com/99/ [运行时间：0.040393s][吞吐率：24.76req/s] [内存消耗：1,864.80kb] [文件加载：51]
[ error ] [8]未定义数组下标: 1

---------------------------------------------------------------
[ 2023-08-14T21:53:10+08:00 ] [ log ] at1666.com/99/favicon.ico [运行时间：0.009528s][吞吐率：104.95req/s] [内存消耗：1,650.74kb] [文件加载：44]
[ error ] [8]未定义数组下标: 1

---------------------------------------------------------------
[ 2023-08-14T21:53:11+08:00 ] [ log ] at1666.com/99/index/open.html [运行时间：0.039401s][吞吐率：25.38req/s] [内存消耗：1,865.12kb] [文件加载：50]
[ error ] [8]未定义数组下标: 1

---------------------------------------------------------------
[ 2023-08-14T21:53:28+08:00 ] [ log ] at1333.com/99/?uc_sm=1 [运行时间：0.019310s][吞吐率：51.79req/s] [内存消耗：1,865.44kb] [文件加载：51]
[ error ] [8]未定义数组下标: 1

---------------------------------------------------------------
[ 2023-08-14T21:53:29+08:00 ] [ log ] at1333.com/99/ [运行时间：0.039020s][吞吐率：25.63req/s] [内存消耗：1,864.80kb] [文件加载：51]
[ error ] [8]未定义数组下标: 1

---------------------------------------------------------------
[ 2023-08-14T21:53:32+08:00 ] [ log ] at1333.com/99/favicon.ico [运行时间：0.026135s][吞吐率：38.26req/s] [内存消耗：1,650.74kb] [文件加载：44]
[ error ] [8]未定义数组下标: 1

---------------------------------------------------------------
[ 2023-08-14T21:53:35+08:00 ] [ log ] at1333.com/99/index/open.html [运行时间：0.011259s][吞吐率：88.82req/s] [内存消耗：1,865.12kb] [文件加载：50]
[ error ] [8]未定义数组下标: 1

---------------------------------------------------------------
[ 2023-08-14T21:54:33+08:00 ] [ log ] at1666.com/99/index/open.html [运行时间：0.012261s][吞吐率：81.56req/s] [内存消耗：1,865.12kb] [文件加载：50]
[ error ] [8]未定义数组下标: 1

---------------------------------------------------------------
[ 2023-08-14T21:54:43+08:00 ] [ log ] at1333.com/99/?uc_sm=1 [运行时间：0.010977s][吞吐率：91.10req/s] [内存消耗：1,865.44kb] [文件加载：51]
[ error ] [8]未定义数组下标: 1

---------------------------------------------------------------
[ 2023-08-14T21:54:44+08:00 ] [ log ] at1333.com/99/ [运行时间：0.010760s][吞吐率：92.94req/s] [内存消耗：1,864.80kb] [文件加载：51]
[ error ] [8]未定义数组下标: 1

---------------------------------------------------------------
[ 2023-08-14T21:54:45+08:00 ] [ log ] at1333.com/99/favicon.ico [运行时间：0.010890s][吞吐率：91.83req/s] [内存消耗：1,650.74kb] [文件加载：44]
[ error ] [8]未定义数组下标: 1

---------------------------------------------------------------
[ 2023-08-14T21:54:46+08:00 ] [ log ] at1333.com/99/index/open.html [运行时间：0.015639s][吞吐率：63.94req/s] [内存消耗：1,865.12kb] [文件加载：50]
[ error ] [8]未定义数组下标: 1

---------------------------------------------------------------
[ 2023-08-14T21:54:53+08:00 ] [ log ] at1333.com/99/ [运行时间：0.010954s][吞吐率：91.29req/s] [内存消耗：1,864.80kb] [文件加载：51]
[ error ] [8]未定义数组下标: 1

---------------------------------------------------------------
[ 2023-08-14T21:54:56+08:00 ] [ log ] at1333.com/99/?uc_sm=1 [运行时间：0.011631s][吞吐率：85.98req/s] [内存消耗：1,865.44kb] [文件加载：51]
[ error ] [8]未定义数组下标: 1

---------------------------------------------------------------
[ 2023-08-14T21:54:56+08:00 ] [ log ] at1333.com/99/ [运行时间：0.011114s][吞吐率：89.98req/s] [内存消耗：1,864.80kb] [文件加载：51]
[ error ] [8]未定义数组下标: 1

---------------------------------------------------------------
[ 2023-08-14T21:54:57+08:00 ] [ log ] at1333.com/99/favicon.ico [运行时间：0.014062s][吞吐率：71.11req/s] [内存消耗：1,650.74kb] [文件加载：44]
[ error ] [8]未定义数组下标: 1

---------------------------------------------------------------
[ 2023-08-14T21:55:00+08:00 ] [ log ] at1333.com/99/index/open.html [运行时间：0.010514s][吞吐率：95.11req/s] [内存消耗：1,865.12kb] [文件加载：50]
[ error ] [8]未定义数组下标: 1

---------------------------------------------------------------
[ 2023-08-14T21:55:30+08:00 ] [ log ] at1666.com/99/ [运行时间：0.033983s][吞吐率：29.43req/s] [内存消耗：1,864.80kb] [文件加载：51]
[ error ] [8]未定义数组下标: 1

---------------------------------------------------------------
[ 2023-08-14T21:55:31+08:00 ] [ log ] at1666.com/99/favicon.ico [运行时间：0.009887s][吞吐率：101.14req/s] [内存消耗：1,650.74kb] [文件加载：44]
[ error ] [8]未定义数组下标: 1

---------------------------------------------------------------
[ 2023-08-14T21:55:33+08:00 ] [ log ] at1666.com/99/index/open.html [运行时间：0.013120s][吞吐率：76.22req/s] [内存消耗：1,865.12kb] [文件加载：50]
[ error ] [8]未定义数组下标: 1

---------------------------------------------------------------
[ 2023-08-14T21:56:51+08:00 ] [ log ] at1666.com/99/ [运行时间：0.016540s][吞吐率：60.46req/s] [内存消耗：1,864.80kb] [文件加载：51]
[ error ] [8]未定义数组下标: 1

---------------------------------------------------------------
[ 2023-08-14T21:56:52+08:00 ] [ log ] at1666.com/99/favicon.ico [运行时间：0.029406s][吞吐率：34.01req/s] [内存消耗：1,650.74kb] [文件加载：44]
[ error ] [8]未定义数组下标: 1

---------------------------------------------------------------
[ 2023-08-14T21:56:54+08:00 ] [ log ] at1666.com/99/index/open.html [运行时间：0.039741s][吞吐率：25.16req/s] [内存消耗：1,865.12kb] [文件加载：50]
[ error ] [8]未定义数组下标: 1

---------------------------------------------------------------
[ 2023-08-14T22:00:43+08:00 ] [ log ] at1333.com/99/ [运行时间：0.032669s][吞吐率：30.61req/s] [内存消耗：1,864.80kb] [文件加载：51]
[ error ] [8]未定义数组下标: 1

---------------------------------------------------------------
[ 2023-08-14T22:00:45+08:00 ] [ log ] at1333.com/99/favicon.ico [运行时间：0.009265s][吞吐率：107.93req/s] [内存消耗：1,650.74kb] [文件加载：44]
[ error ] [8]未定义数组下标: 1

---------------------------------------------------------------
