[ 2023-08-15T00:35:57+08:00 ] [ log ] at1666.com/99/ [运行时间：0.011317s][吞吐率：88.36req/s] [内存消耗：1,857.63kb] [文件加载：48]
[ error ] [8]Undefined offset: 1

---------------------------------------------------------------
[ 2023-08-15T00:35:58+08:00 ] [ log ] at1666.com/99/favicon.ico [运行时间：0.009308s][吞吐率：107.43req/s] [内存消耗：1,643.13kb] [文件加载：42]
[ error ] [8]Undefined offset: 1

---------------------------------------------------------------
[ 2023-08-15T01:32:30+08:00 ] [ log ] at777.icu/99/ [运行时间：0.037513s][吞吐率：26.66req/s] [内存消耗：1,865.34kb] [文件加载：51]
[ error ] [8]未定义数组下标: 1

---------------------------------------------------------------
[ 2023-08-15T01:32:31+08:00 ] [ log ] at777.icu/99/favicon.ico [运行时间：0.009305s][吞吐率：107.47req/s] [内存消耗：1,650.74kb] [文件加载：44]
[ error ] [8]未定义数组下标: 1

---------------------------------------------------------------
[ 2023-08-15T01:32:34+08:00 ] [ log ] at777.icu/99/index/open.html [运行时间：0.010726s][吞吐率：93.23req/s] [内存消耗：1,865.12kb] [文件加载：50]
[ error ] [8]未定义数组下标: 1

---------------------------------------------------------------
[ 2023-08-15T01:32:46+08:00 ] [ log ] at777.icu/99/index/open.html [运行时间：0.010572s][吞吐率：94.59req/s] [内存消耗：1,865.12kb] [文件加载：50]
[ error ] [8]未定义数组下标: 1

---------------------------------------------------------------
[ 2023-08-15T01:32:59+08:00 ] [ log ] at777.icu/99/index/open.html [运行时间：0.011245s][吞吐率：88.93req/s] [内存消耗：1,865.12kb] [文件加载：50]
[ error ] [8]未定义数组下标: 1

---------------------------------------------------------------
[ 2023-08-15T01:34:17+08:00 ] [ log ] at999.icu/99/ [运行时间：0.010975s][吞吐率：91.12req/s] [内存消耗：1,865.34kb] [文件加载：51]
[ error ] [8]未定义数组下标: 1

---------------------------------------------------------------
[ 2023-08-15T01:34:21+08:00 ] [ log ] at999.icu/99/favicon.ico [运行时间：0.011516s][吞吐率：86.83req/s] [内存消耗：1,650.74kb] [文件加载：44]
[ error ] [8]未定义数组下标: 1

---------------------------------------------------------------
[ 2023-08-15T01:34:24+08:00 ] [ log ] at999.icu/99/index/open.html [运行时间：0.010766s][吞吐率：92.88req/s] [内存消耗：1,865.12kb] [文件加载：50]
[ error ] [8]未定义数组下标: 1

---------------------------------------------------------------
[ 2023-08-15T01:34:35+08:00 ] [ log ] at999.icu/99/index/open.html [运行时间：0.010446s][吞吐率：95.73req/s] [内存消耗：1,865.12kb] [文件加载：50]
[ error ] [8]未定义数组下标: 1

---------------------------------------------------------------
[ 2023-08-15T01:40:10+08:00 ] [ log ] at777.icu/99/ [运行时间：0.016689s][吞吐率：59.92req/s] [内存消耗：1,864.80kb] [文件加载：51]
[ error ] [8]未定义数组下标: 1

---------------------------------------------------------------
[ 2023-08-15T01:40:11+08:00 ] [ log ] at777.icu/99/favicon.ico [运行时间：0.009611s][吞吐率：104.05req/s] [内存消耗：1,650.74kb] [文件加载：44]
[ error ] [8]未定义数组下标: 1

---------------------------------------------------------------
[ 2023-08-15T01:40:15+08:00 ] [ log ] at777.icu/99/index/open.html [运行时间：0.015557s][吞吐率：64.28req/s] [内存消耗：1,865.12kb] [文件加载：50]
[ error ] [8]未定义数组下标: 1

---------------------------------------------------------------
[ 2023-08-15T01:40:32+08:00 ] [ log ] at777.icu/99/index/open.html [运行时间：0.011790s][吞吐率：84.82req/s] [内存消耗：1,865.12kb] [文件加载：50]
[ error ] [8]未定义数组下标: 1

---------------------------------------------------------------
[ 2023-08-15T01:41:18+08:00 ] [ log ] at777.icu/99/ [运行时间：0.011011s][吞吐率：90.82req/s] [内存消耗：1,864.80kb] [文件加载：51]
[ error ] [8]未定义数组下标: 1

---------------------------------------------------------------
[ 2023-08-15T01:41:23+08:00 ] [ log ] at777.icu/99/index/open.html [运行时间：0.010439s][吞吐率：95.80req/s] [内存消耗：1,865.12kb] [文件加载：50]
[ error ] [8]未定义数组下标: 1

---------------------------------------------------------------
[ 2023-08-15T01:41:51+08:00 ] [ log ] at777.icu/99/ [运行时间：0.011357s][吞吐率：88.05req/s] [内存消耗：1,864.80kb] [文件加载：51]
[ error ] [8]未定义数组下标: 1

---------------------------------------------------------------
[ 2023-08-15T01:41:52+08:00 ] [ log ] at777.icu/99/favicon.ico [运行时间：0.013952s][吞吐率：71.67req/s] [内存消耗：1,650.74kb] [文件加载：44]
[ error ] [8]未定义数组下标: 1

---------------------------------------------------------------
[ 2023-08-15T01:41:55+08:00 ] [ log ] at777.icu/99/index/open.html [运行时间：0.010959s][吞吐率：91.25req/s] [内存消耗：1,865.12kb] [文件加载：50]
[ error ] [8]未定义数组下标: 1

---------------------------------------------------------------
[ 2023-08-15T01:42:17+08:00 ] [ log ] at777.icu/99/ [运行时间：0.020497s][吞吐率：48.79req/s] [内存消耗：1,864.80kb] [文件加载：51]
[ error ] [8]未定义数组下标: 1

---------------------------------------------------------------
[ 2023-08-15T01:42:17+08:00 ] [ log ] at777.icu/99/favicon.ico [运行时间：0.009454s][吞吐率：105.78req/s] [内存消耗：1,650.74kb] [文件加载：44]
[ error ] [8]未定义数组下标: 1

---------------------------------------------------------------
[ 2023-08-15T01:42:21+08:00 ] [ log ] at777.icu/99/index/open.html [运行时间：0.011632s][吞吐率：85.97req/s] [内存消耗：1,865.12kb] [文件加载：50]
[ error ] [8]未定义数组下标: 1

---------------------------------------------------------------
[ 2023-08-15T01:44:55+08:00 ] [ log ] at777.icu/99/ [运行时间：0.011029s][吞吐率：90.67req/s] [内存消耗：1,864.80kb] [文件加载：51]
[ error ] [8]未定义数组下标: 1

---------------------------------------------------------------
[ 2023-08-15T01:44:55+08:00 ] [ log ] at777.icu/99/favicon.ico [运行时间：0.009899s][吞吐率：101.02req/s] [内存消耗：1,650.74kb] [文件加载：44]
[ error ] [8]未定义数组下标: 1

---------------------------------------------------------------
[ 2023-08-15T01:44:58+08:00 ] [ log ] at777.icu/99/index/open.html [运行时间：0.011074s][吞吐率：90.30req/s] [内存消耗：1,865.12kb] [文件加载：50]
[ error ] [8]未定义数组下标: 1

---------------------------------------------------------------
[ 2023-08-15T01:46:08+08:00 ] [ log ] at777.icu/99/ [运行时间：0.010859s][吞吐率：92.09req/s] [内存消耗：1,864.80kb] [文件加载：51]
[ error ] [8]未定义数组下标: 1

---------------------------------------------------------------
[ 2023-08-15T01:46:09+08:00 ] [ log ] at777.icu/99/favicon.ico [运行时间：0.014418s][吞吐率：69.36req/s] [内存消耗：1,650.74kb] [文件加载：44]
[ error ] [8]未定义数组下标: 1

---------------------------------------------------------------
[ 2023-08-15T01:46:11+08:00 ] [ log ] at777.icu/99/index/open.html [运行时间：0.011225s][吞吐率：89.09req/s] [内存消耗：1,865.12kb] [文件加载：50]
[ error ] [8]未定义数组下标: 1

---------------------------------------------------------------
[ 2023-08-15T02:06:18+08:00 ] [ log ] at777.icu/99/ [运行时间：0.011011s][吞吐率：90.82req/s] [内存消耗：1,864.80kb] [文件加载：51]
[ error ] [8]未定义数组下标: 1

---------------------------------------------------------------
[ 2023-08-15T02:06:19+08:00 ] [ log ] at777.icu/99/favicon.ico [运行时间：0.009523s][吞吐率：105.01req/s] [内存消耗：1,650.74kb] [文件加载：44]
[ error ] [8]未定义数组下标: 1

---------------------------------------------------------------
[ 2023-08-15T02:06:22+08:00 ] [ log ] at777.icu/99/index/open.html [运行时间：0.010519s][吞吐率：95.07req/s] [内存消耗：1,865.12kb] [文件加载：50]
[ error ] [8]未定义数组下标: 1

---------------------------------------------------------------
[ 2023-08-15T02:06:58+08:00 ] [ log ] at777.icu/99/ [运行时间：0.010592s][吞吐率：94.41req/s] [内存消耗：1,864.80kb] [文件加载：51]
[ error ] [8]未定义数组下标: 1

---------------------------------------------------------------
[ 2023-08-15T02:07:02+08:00 ] [ log ] at777.icu/99/index/open.html [运行时间：0.018130s][吞吐率：55.16req/s] [内存消耗：1,865.12kb] [文件加载：50]
[ error ] [8]未定义数组下标: 1

---------------------------------------------------------------
[ 2023-08-15T02:07:20+08:00 ] [ log ] at777.icu/99/ [运行时间：0.013828s][吞吐率：72.32req/s] [内存消耗：1,864.80kb] [文件加载：51]
[ error ] [8]未定义数组下标: 1

---------------------------------------------------------------
[ 2023-08-15T02:07:21+08:00 ] [ log ] at777.icu/99/favicon.ico [运行时间：0.012090s][吞吐率：82.71req/s] [内存消耗：1,650.74kb] [文件加载：44]
[ error ] [8]未定义数组下标: 1

---------------------------------------------------------------
[ 2023-08-15T02:07:23+08:00 ] [ log ] at777.icu/99/index/open.html [运行时间：0.016645s][吞吐率：60.08req/s] [内存消耗：1,865.12kb] [文件加载：50]
[ error ] [8]未定义数组下标: 1

---------------------------------------------------------------
[ 2023-08-15T02:08:19+08:00 ] [ log ] at777.icu/99/ [运行时间：0.016489s][吞吐率：60.65req/s] [内存消耗：1,864.80kb] [文件加载：51]
[ error ] [8]未定义数组下标: 1

---------------------------------------------------------------
[ 2023-08-15T02:08:24+08:00 ] [ log ] at777.icu/99/index/open.html [运行时间：0.010892s][吞吐率：91.81req/s] [内存消耗：1,865.12kb] [文件加载：50]
[ error ] [8]未定义数组下标: 1

---------------------------------------------------------------
[ 2023-08-15T02:09:38+08:00 ] [ log ] at777.icu/99/ [运行时间：0.018983s][吞吐率：52.68req/s] [内存消耗：1,864.80kb] [文件加载：51]
[ error ] [8]未定义数组下标: 1

---------------------------------------------------------------
[ 2023-08-15T02:09:39+08:00 ] [ log ] at777.icu/99/favicon.ico [运行时间：0.009298s][吞吐率：107.55req/s] [内存消耗：1,650.74kb] [文件加载：44]
[ error ] [8]未定义数组下标: 1

---------------------------------------------------------------
[ 2023-08-15T02:09:42+08:00 ] [ log ] at777.icu/99/index/open.html [运行时间：0.021435s][吞吐率：46.65req/s] [内存消耗：1,865.12kb] [文件加载：50]
[ error ] [8]未定义数组下标: 1

---------------------------------------------------------------
[ 2023-08-15T02:10:18+08:00 ] [ log ] at777.icu/99/index/open.html [运行时间：0.011495s][吞吐率：86.99req/s] [内存消耗：1,865.12kb] [文件加载：50]
[ error ] [8]未定义数组下标: 1

---------------------------------------------------------------
[ 2023-08-15T02:12:37+08:00 ] [ log ] at777.icu/99/ [运行时间：0.011458s][吞吐率：87.28req/s] [内存消耗：1,864.80kb] [文件加载：51]
[ error ] [8]未定义数组下标: 1

---------------------------------------------------------------
[ 2023-08-15T02:12:38+08:00 ] [ log ] at777.icu/99/favicon.ico [运行时间：0.013839s][吞吐率：72.26req/s] [内存消耗：1,650.74kb] [文件加载：44]
[ error ] [8]未定义数组下标: 1

---------------------------------------------------------------
[ 2023-08-15T02:12:41+08:00 ] [ log ] at777.icu/99/index/open.html [运行时间：0.011429s][吞吐率：87.50req/s] [内存消耗：1,865.12kb] [文件加载：50]
[ error ] [8]未定义数组下标: 1

---------------------------------------------------------------
[ 2023-08-15T02:13:11+08:00 ] [ log ] at777.icu/99/ [运行时间：0.011599s][吞吐率：86.22req/s] [内存消耗：1,864.80kb] [文件加载：51]
[ error ] [8]未定义数组下标: 1

---------------------------------------------------------------
[ 2023-08-15T02:13:14+08:00 ] [ log ] at777.icu/99/index/open.html [运行时间：0.010804s][吞吐率：92.56req/s] [内存消耗：1,865.12kb] [文件加载：50]
[ error ] [8]未定义数组下标: 1

---------------------------------------------------------------
[ 2023-08-15T02:14:39+08:00 ] [ log ] at777.icu/99/index/open.html [运行时间：0.011456s][吞吐率：87.29req/s] [内存消耗：1,865.12kb] [文件加载：50]
[ error ] [8]未定义数组下标: 1

---------------------------------------------------------------
[ 2023-08-15T02:15:41+08:00 ] [ log ] at777.icu/99/ [运行时间：0.011527s][吞吐率：86.75req/s] [内存消耗：1,864.80kb] [文件加载：51]
[ error ] [8]未定义数组下标: 1

---------------------------------------------------------------
[ 2023-08-15T02:15:42+08:00 ] [ log ] at777.icu/99/favicon.ico [运行时间：0.009341s][吞吐率：107.05req/s] [内存消耗：1,650.74kb] [文件加载：44]
[ error ] [8]未定义数组下标: 1

---------------------------------------------------------------
[ 2023-08-15T02:15:45+08:00 ] [ log ] at777.icu/99/index/open.html [运行时间：0.011446s][吞吐率：87.37req/s] [内存消耗：1,865.12kb] [文件加载：50]
[ error ] [8]未定义数组下标: 1

---------------------------------------------------------------
[ 2023-08-15T02:15:56+08:00 ] [ log ] at777.icu/99/index/open.html [运行时间：0.015024s][吞吐率：66.56req/s] [内存消耗：1,865.12kb] [文件加载：50]
[ error ] [8]未定义数组下标: 1

---------------------------------------------------------------
[ 2023-08-15T02:17:15+08:00 ] [ log ] at777.icu/99/index/open.html [运行时间：0.010786s][吞吐率：92.71req/s] [内存消耗：1,865.12kb] [文件加载：50]
[ error ] [8]未定义数组下标: 1

---------------------------------------------------------------
[ 2023-08-15T02:53:21+08:00 ] [ log ] at777.icu/99/ [运行时间：0.011148s][吞吐率：89.70req/s] [内存消耗：1,865.34kb] [文件加载：51]
[ error ] [8]未定义数组下标: 1

---------------------------------------------------------------
[ 2023-08-15T02:53:22+08:00 ] [ log ] at777.icu/99/favicon.ico [运行时间：0.009807s][吞吐率：101.97req/s] [内存消耗：1,650.74kb] [文件加载：44]
[ error ] [8]未定义数组下标: 1

---------------------------------------------------------------
[ 2023-08-15T04:49:56+08:00 ] [ log ] asd123111.icu/99/ [运行时间：0.014245s][吞吐率：70.20req/s] [内存消耗：1,865.34kb] [文件加载：51]
[ error ] [8]未定义数组下标: 1

---------------------------------------------------------------
[ 2023-08-15T04:50:02+08:00 ] [ log ] asd123111.icu/99/favicon.ico [运行时间：0.011975s][吞吐率：83.51req/s] [内存消耗：1,650.74kb] [文件加载：44]
[ error ] [8]未定义数组下标: 1

---------------------------------------------------------------
[ 2023-08-15T04:50:04+08:00 ] [ log ] asd123111.icu/99/index/open.html [运行时间：0.017323s][吞吐率：57.73req/s] [内存消耗：1,865.13kb] [文件加载：50]
[ error ] [8]未定义数组下标: 1

---------------------------------------------------------------
[ 2023-08-15T05:28:19+08:00 ] [ log ] at1333.com/99/ [运行时间：0.018583s][吞吐率：53.81req/s] [内存消耗：1,865.34kb] [文件加载：51]
[ error ] [8]未定义数组下标: 1

---------------------------------------------------------------
[ 2023-08-15T05:28:20+08:00 ] [ log ] at1333.com/99/favicon.ico [运行时间：0.009440s][吞吐率：105.93req/s] [内存消耗：1,650.74kb] [文件加载：44]
[ error ] [8]未定义数组下标: 1

---------------------------------------------------------------
[ 2023-08-15T05:28:23+08:00 ] [ log ] at1333.com/99/index/open.html [运行时间：0.010543s][吞吐率：94.85req/s] [内存消耗：1,865.12kb] [文件加载：50]
[ error ] [8]未定义数组下标: 1

---------------------------------------------------------------
[ 2023-08-15T06:06:28+08:00 ] [ log ] at777.icu/99/ [运行时间：0.011624s][吞吐率：86.03req/s] [内存消耗：1,865.34kb] [文件加载：51]
[ error ] [8]未定义数组下标: 1

---------------------------------------------------------------
[ 2023-08-15T06:06:29+08:00 ] [ log ] at777.icu/99/favicon.ico [运行时间：0.009644s][吞吐率：103.69req/s] [内存消耗：1,650.74kb] [文件加载：44]
[ error ] [8]未定义数组下标: 1

---------------------------------------------------------------
[ 2023-08-15T06:06:31+08:00 ] [ log ] at777.icu/99/index/open.html [运行时间：0.010668s][吞吐率：93.74req/s] [内存消耗：1,865.12kb] [文件加载：50]
[ error ] [8]未定义数组下标: 1

---------------------------------------------------------------
[ 2023-08-15T06:07:32+08:00 ] [ log ] at777.icu/99/ [运行时间：0.011016s][吞吐率：90.78req/s] [内存消耗：1,864.80kb] [文件加载：51]
[ error ] [8]未定义数组下标: 1

---------------------------------------------------------------
[ 2023-08-15T06:07:32+08:00 ] [ log ] at777.icu/99/favicon.ico [运行时间：0.014244s][吞吐率：70.21req/s] [内存消耗：1,650.74kb] [文件加载：44]
[ error ] [8]未定义数组下标: 1

---------------------------------------------------------------
[ 2023-08-15T06:07:35+08:00 ] [ log ] at777.icu/99/index/open.html [运行时间：0.013717s][吞吐率：72.90req/s] [内存消耗：1,865.12kb] [文件加载：50]
[ error ] [8]未定义数组下标: 1

---------------------------------------------------------------
[ 2023-08-15T06:08:08+08:00 ] [ log ] at777.icu/99/index/open.html [运行时间：0.010911s][吞吐率：91.65req/s] [内存消耗：1,865.12kb] [文件加载：50]
[ error ] [8]未定义数组下标: 1

---------------------------------------------------------------
[ 2023-08-15T06:27:34+08:00 ] [ log ] at1333.com/99/ [运行时间：0.011610s][吞吐率：86.13req/s] [内存消耗：1,864.80kb] [文件加载：51]
[ error ] [8]未定义数组下标: 1

---------------------------------------------------------------
[ 2023-08-15T06:27:35+08:00 ] [ log ] at1333.com/99/favicon.ico [运行时间：0.010115s][吞吐率：98.86req/s] [内存消耗：1,650.74kb] [文件加载：44]
[ error ] [8]未定义数组下标: 1

---------------------------------------------------------------
[ 2023-08-15T06:27:38+08:00 ] [ log ] at1333.com/99/index/open.html [运行时间：0.015783s][吞吐率：63.36req/s] [内存消耗：1,865.12kb] [文件加载：50]
[ error ] [8]未定义数组下标: 1

---------------------------------------------------------------
[ 2023-08-15T08:58:51+08:00 ] [ log ] at1666.com/99/ [运行时间：0.014516s][吞吐率：68.89req/s] [内存消耗：1,865.34kb] [文件加载：51]
[ error ] [8]未定义数组下标: 1

---------------------------------------------------------------
[ 2023-08-15T08:58:51+08:00 ] [ log ] at1666.com/99/ [运行时间：0.010591s][吞吐率：94.42req/s] [内存消耗：1,865.34kb] [文件加载：51]
[ error ] [8]未定义数组下标: 1

---------------------------------------------------------------
[ 2023-08-15T08:58:54+08:00 ] [ log ] at1666.com/99/favicon.ico [运行时间：0.010438s][吞吐率：95.80req/s] [内存消耗：1,650.74kb] [文件加载：44]
[ error ] [8]未定义数组下标: 1

---------------------------------------------------------------
[ 2023-08-15T09:01:04+08:00 ] [ log ] at1666.com/99/index/open.html [运行时间：0.013923s][吞吐率：71.82req/s] [内存消耗：1,865.12kb] [文件加载：50]
[ error ] [8]未定义数组下标: 1

---------------------------------------------------------------
[ 2023-08-15T09:01:47+08:00 ] [ log ] at1666.com/99/ [运行时间：0.010961s][吞吐率：91.23req/s] [内存消耗：1,864.80kb] [文件加载：51]
[ error ] [8]未定义数组下标: 1

---------------------------------------------------------------
[ 2023-08-15T09:01:49+08:00 ] [ log ] at1666.com/99/favicon.ico [运行时间：0.016388s][吞吐率：61.02req/s] [内存消耗：1,650.74kb] [文件加载：44]
[ error ] [8]未定义数组下标: 1

---------------------------------------------------------------
[ 2023-08-15T09:07:29+08:00 ] [ log ] at1666.com/99/ [运行时间：0.010754s][吞吐率：92.99req/s] [内存消耗：1,865.34kb] [文件加载：51]
[ error ] [8]未定义数组下标: 1

---------------------------------------------------------------
[ 2023-08-15T09:07:31+08:00 ] [ log ] at1666.com/99/favicon.ico [运行时间：0.009485s][吞吐率：105.43req/s] [内存消耗：1,650.74kb] [文件加载：44]
[ error ] [8]未定义数组下标: 1

---------------------------------------------------------------
[ 2023-08-15T09:07:33+08:00 ] [ log ] at1666.com/99/index/open.html [运行时间：0.011333s][吞吐率：88.24req/s] [内存消耗：1,865.12kb] [文件加载：50]
[ error ] [8]未定义数组下标: 1

---------------------------------------------------------------
[ 2023-08-15T09:08:59+08:00 ] [ log ] at1666.com/99/ [运行时间：0.032064s][吞吐率：31.19req/s] [内存消耗：1,864.80kb] [文件加载：51]
[ error ] [8]未定义数组下标: 1

---------------------------------------------------------------
[ 2023-08-15T09:09:01+08:00 ] [ log ] at1666.com/99/favicon.ico [运行时间：0.015044s][吞吐率：66.47req/s] [内存消耗：1,650.74kb] [文件加载：44]
[ error ] [8]未定义数组下标: 1

---------------------------------------------------------------
[ 2023-08-15T09:09:03+08:00 ] [ log ] at1666.com/99/index/open.html [运行时间：0.010803s][吞吐率：92.56req/s] [内存消耗：1,865.12kb] [文件加载：50]
[ error ] [8]未定义数组下标: 1

---------------------------------------------------------------
[ 2023-08-15T09:40:39+08:00 ] [ log ] at1666.com/99/ [运行时间：0.011392s][吞吐率：87.78req/s] [内存消耗：1,865.34kb] [文件加载：51]
[ error ] [8]未定义数组下标: 1

---------------------------------------------------------------
[ 2023-08-15T09:40:39+08:00 ] [ log ] at1666.com/99/favicon.ico [运行时间：0.009388s][吞吐率：106.52req/s] [内存消耗：1,650.74kb] [文件加载：44]
[ error ] [8]未定义数组下标: 1

---------------------------------------------------------------
[ 2023-08-15T09:40:43+08:00 ] [ log ] at1666.com/99/index/open.html [运行时间：0.011546s][吞吐率：86.61req/s] [内存消耗：1,865.12kb] [文件加载：50]
[ error ] [8]未定义数组下标: 1

---------------------------------------------------------------
[ 2023-08-15T09:55:40+08:00 ] [ log ] at1333.com/99/ [运行时间：0.010983s][吞吐率：91.05req/s] [内存消耗：1,865.34kb] [文件加载：51]
[ error ] [8]未定义数组下标: 1

---------------------------------------------------------------
[ 2023-08-15T09:55:42+08:00 ] [ log ] at1333.com/99/favicon.ico [运行时间：0.009839s][吞吐率：101.64req/s] [内存消耗：1,650.74kb] [文件加载：44]
[ error ] [8]未定义数组下标: 1

---------------------------------------------------------------
[ 2023-08-15T09:56:40+08:00 ] [ log ] at1333.com/99/index/open.html [运行时间：0.010680s][吞吐率：93.63req/s] [内存消耗：1,865.12kb] [文件加载：50]
[ error ] [8]未定义数组下标: 1

---------------------------------------------------------------
[ 2023-08-15T10:10:01+08:00 ] [ log ] at1333.com/99/ [运行时间：0.015729s][吞吐率：63.58req/s] [内存消耗：1,865.34kb] [文件加载：51]
[ error ] [8]未定义数组下标: 1

---------------------------------------------------------------
[ 2023-08-15T10:10:02+08:00 ] [ log ] at1333.com/99/favicon.ico [运行时间：0.009340s][吞吐率：107.07req/s] [内存消耗：1,650.74kb] [文件加载：44]
[ error ] [8]未定义数组下标: 1

---------------------------------------------------------------
[ 2023-08-15T10:10:42+08:00 ] [ log ] at1333.com/99/index/open.html [运行时间：0.014225s][吞吐率：70.30req/s] [内存消耗：1,865.12kb] [文件加载：50]
[ error ] [8]未定义数组下标: 1

---------------------------------------------------------------
[ 2023-08-15T10:24:25+08:00 ] [ log ] at888.icu/99/ [运行时间：0.010900s][吞吐率：91.74req/s] [内存消耗：1,865.34kb] [文件加载：51]
[ error ] [8]未定义数组下标: 1

---------------------------------------------------------------
[ 2023-08-15T10:24:31+08:00 ] [ log ] at888.icu/99/favicon.ico [运行时间：0.010113s][吞吐率：98.88req/s] [内存消耗：1,650.74kb] [文件加载：44]
[ error ] [8]未定义数组下标: 1

---------------------------------------------------------------
[ 2023-08-15T10:31:41+08:00 ] [ log ] at1333.com/99/ [运行时间：0.010990s][吞吐率：90.99req/s] [内存消耗：1,865.34kb] [文件加载：51]
[ error ] [8]未定义数组下标: 1

---------------------------------------------------------------
[ 2023-08-15T10:31:42+08:00 ] [ log ] at1333.com/99/favicon.ico [运行时间：0.013995s][吞吐率：71.45req/s] [内存消耗：1,650.74kb] [文件加载：44]
[ error ] [8]未定义数组下标: 1

---------------------------------------------------------------
[ 2023-08-15T10:31:45+08:00 ] [ log ] at1333.com/99/index/open.html [运行时间：0.012407s][吞吐率：80.60req/s] [内存消耗：1,865.12kb] [文件加载：50]
[ error ] [8]未定义数组下标: 1

---------------------------------------------------------------
[ 2023-08-15T10:37:02+08:00 ] [ log ] at1333.com/99/?uc_sm=1&from=wh10331 [运行时间：0.011519s][吞吐率：86.81req/s] [内存消耗：1,865.45kb] [文件加载：51]
[ error ] [8]未定义数组下标: 1

---------------------------------------------------------------
[ 2023-08-15T10:37:02+08:00 ] [ log ] at1333.com/99/ [运行时间：0.011002s][吞吐率：90.89req/s] [内存消耗：1,864.80kb] [文件加载：51]
[ error ] [8]未定义数组下标: 1

---------------------------------------------------------------
[ 2023-08-15T10:37:02+08:00 ] [ log ] at1333.com/99/favicon.ico [运行时间：0.009527s][吞吐率：104.97req/s] [内存消耗：1,650.74kb] [文件加载：44]
[ error ] [8]未定义数组下标: 1

---------------------------------------------------------------
[ 2023-08-15T10:37:09+08:00 ] [ log ] at1333.com/99/index/open.html [运行时间：0.010649s][吞吐率：93.91req/s] [内存消耗：1,865.12kb] [文件加载：50]
[ error ] [8]未定义数组下标: 1

---------------------------------------------------------------
[ 2023-08-15T10:54:03+08:00 ] [ log ] at1555.com/99/ [运行时间：0.010644s][吞吐率：93.95req/s] [内存消耗：1,865.34kb] [文件加载：51]
[ error ] [8]未定义数组下标: 1

---------------------------------------------------------------
[ 2023-08-15T10:54:03+08:00 ] [ log ] at1555.com/99/ [运行时间：0.012284s][吞吐率：81.41req/s] [内存消耗：1,865.34kb] [文件加载：51]
[ error ] [8]未定义数组下标: 1

---------------------------------------------------------------
[ 2023-08-15T10:54:04+08:00 ] [ log ] at1555.com/99/ [运行时间：0.011118s][吞吐率：89.94req/s] [内存消耗：1,865.34kb] [文件加载：51]
[ error ] [8]未定义数组下标: 1

---------------------------------------------------------------
[ 2023-08-15T10:54:06+08:00 ] [ log ] at1555.com/99/favicon.ico [运行时间：0.009866s][吞吐率：101.36req/s] [内存消耗：1,650.74kb] [文件加载：44]
[ error ] [8]未定义数组下标: 1

---------------------------------------------------------------
[ 2023-08-15T10:54:12+08:00 ] [ log ] at1555.com/99/index/open.html [运行时间：0.010553s][吞吐率：94.76req/s] [内存消耗：1,865.12kb] [文件加载：50]
[ error ] [8]未定义数组下标: 1

---------------------------------------------------------------
[ 2023-08-15T10:55:02+08:00 ] [ log ] at888.icu/99/ [运行时间：0.010907s][吞吐率：91.68req/s] [内存消耗：1,865.34kb] [文件加载：51]
[ error ] [8]未定义数组下标: 1

---------------------------------------------------------------
[ 2023-08-15T10:55:02+08:00 ] [ log ] at888.icu/99/?uc_sm=1&from=wh10331 [运行时间：0.011257s][吞吐率：88.83req/s] [内存消耗：1,865.98kb] [文件加载：51]
[ error ] [8]未定义数组下标: 1

---------------------------------------------------------------
[ 2023-08-15T10:55:03+08:00 ] [ log ] at888.icu/99/favicon.ico [运行时间：0.013013s][吞吐率：76.85req/s] [内存消耗：1,650.74kb] [文件加载：44]
[ error ] [8]未定义数组下标: 1

---------------------------------------------------------------
[ 2023-08-15T10:55:05+08:00 ] [ log ] at888.icu/99/index/open.html [运行时间：0.010733s][吞吐率：93.17req/s] [内存消耗：1,865.12kb] [文件加载：50]
[ error ] [8]未定义数组下标: 1

---------------------------------------------------------------
[ 2023-08-15T11:22:04+08:00 ] [ log ] at1666.com/99/ [运行时间：0.011574s][吞吐率：86.40req/s] [内存消耗：1,865.34kb] [文件加载：51]
[ error ] [8]未定义数组下标: 1

---------------------------------------------------------------
[ 2023-08-15T11:22:08+08:00 ] [ log ] at1666.com/99/ [运行时间：0.011511s][吞吐率：86.87req/s] [内存消耗：1,865.34kb] [文件加载：51]
[ error ] [8]未定义数组下标: 1

---------------------------------------------------------------
[ 2023-08-15T11:22:10+08:00 ] [ log ] at1666.com/99/favicon.ico [运行时间：0.009547s][吞吐率：104.74req/s] [内存消耗：1,650.74kb] [文件加载：44]
[ error ] [8]未定义数组下标: 1

---------------------------------------------------------------
[ 2023-08-15T11:27:17+08:00 ] [ log ] at1666.com/99/ [运行时间：0.011639s][吞吐率：85.92req/s] [内存消耗：1,865.34kb] [文件加载：51]
[ error ] [8]未定义数组下标: 1

---------------------------------------------------------------
[ 2023-08-15T11:27:18+08:00 ] [ log ] at1666.com/99/favicon.ico [运行时间：0.009713s][吞吐率：102.96req/s] [内存消耗：1,650.74kb] [文件加载：44]
[ error ] [8]未定义数组下标: 1

---------------------------------------------------------------
[ 2023-08-15T11:27:23+08:00 ] [ log ] at1666.com/99/index/open.html [运行时间：0.039568s][吞吐率：25.27req/s] [内存消耗：1,865.12kb] [文件加载：50]
[ error ] [8]未定义数组下标: 1

---------------------------------------------------------------
[ 2023-08-15T11:31:46+08:00 ] [ log ] at777.icu/99/ [运行时间：0.010994s][吞吐率：90.96req/s] [内存消耗：1,865.34kb] [文件加载：51]
[ error ] [8]未定义数组下标: 1

---------------------------------------------------------------
[ 2023-08-15T11:31:47+08:00 ] [ log ] at777.icu/99/favicon.ico [运行时间：0.009361s][吞吐率：106.83req/s] [内存消耗：1,650.74kb] [文件加载：44]
[ error ] [8]未定义数组下标: 1

---------------------------------------------------------------
[ 2023-08-15T11:31:49+08:00 ] [ log ] at777.icu/99/index/open.html [运行时间：0.010918s][吞吐率：91.59req/s] [内存消耗：1,865.12kb] [文件加载：50]
[ error ] [8]未定义数组下标: 1

---------------------------------------------------------------
[ 2023-08-15T12:07:47+08:00 ] [ log ] at1666.com/99/ [运行时间：0.011259s][吞吐率：88.82req/s] [内存消耗：1,864.80kb] [文件加载：51]
[ error ] [8]未定义数组下标: 1

---------------------------------------------------------------
[ 2023-08-15T12:07:48+08:00 ] [ log ] at1666.com/99/ [运行时间：0.014840s][吞吐率：67.38req/s] [内存消耗：1,864.80kb] [文件加载：51]
[ error ] [8]未定义数组下标: 1

---------------------------------------------------------------
[ 2023-08-15T12:07:49+08:00 ] [ log ] at1666.com/99/favicon.ico [运行时间：0.010040s][吞吐率：99.60req/s] [内存消耗：1,650.74kb] [文件加载：44]
[ error ] [8]未定义数组下标: 1

---------------------------------------------------------------
[ 2023-08-15T12:07:51+08:00 ] [ log ] at1666.com/99/index/open.html [运行时间：0.015816s][吞吐率：63.23req/s] [内存消耗：1,865.12kb] [文件加载：50]
[ error ] [8]未定义数组下标: 1

---------------------------------------------------------------
[ 2023-08-15T12:08:13+08:00 ] [ log ] at1666.com/99/ [运行时间：0.010917s][吞吐率：91.60req/s] [内存消耗：1,865.34kb] [文件加载：51]
[ error ] [8]未定义数组下标: 1

---------------------------------------------------------------
[ 2023-08-15T12:09:23+08:00 ] [ log ] at1666.com/99/ [运行时间：0.010818s][吞吐率：92.44req/s] [内存消耗：1,864.80kb] [文件加载：51]
[ error ] [8]未定义数组下标: 1

---------------------------------------------------------------
[ 2023-08-15T12:09:24+08:00 ] [ log ] at1666.com/99/favicon.ico [运行时间：0.009707s][吞吐率：103.02req/s] [内存消耗：1,650.74kb] [文件加载：44]
[ error ] [8]未定义数组下标: 1

---------------------------------------------------------------
[ 2023-08-15T12:09:25+08:00 ] [ log ] at1666.com/99/index/open.html [运行时间：0.010846s][吞吐率：92.20req/s] [内存消耗：1,865.12kb] [文件加载：50]
[ error ] [8]未定义数组下标: 1

---------------------------------------------------------------
[ 2023-08-15T12:09:44+08:00 ] [ log ] at1666.com/99/index/open.html [运行时间：0.011201s][吞吐率：89.28req/s] [内存消耗：1,865.12kb] [文件加载：50]
[ error ] [8]未定义数组下标: 1

---------------------------------------------------------------
[ 2023-08-15T12:09:48+08:00 ] [ log ] at1666.com/99/index/open.html [运行时间：0.030280s][吞吐率：33.03req/s] [内存消耗：1,865.12kb] [文件加载：50]
[ error ] [8]未定义数组下标: 1

---------------------------------------------------------------
[ 2023-08-15T12:09:53+08:00 ] [ log ] at1666.com/99/ [运行时间：0.013027s][吞吐率：76.76req/s] [内存消耗：1,864.80kb] [文件加载：51]
[ error ] [8]未定义数组下标: 1

---------------------------------------------------------------
[ 2023-08-15T12:09:56+08:00 ] [ log ] at1666.com/99/index/open.html [运行时间：0.010760s][吞吐率：92.94req/s] [内存消耗：1,865.12kb] [文件加载：50]
[ error ] [8]未定义数组下标: 1

---------------------------------------------------------------
[ 2023-08-15T12:10:26+08:00 ] [ log ] at1666.com/99/ [运行时间：0.029778s][吞吐率：33.58req/s] [内存消耗：1,864.80kb] [文件加载：51]
[ error ] [8]未定义数组下标: 1

---------------------------------------------------------------
[ 2023-08-15T12:10:27+08:00 ] [ log ] at1666.com/99/favicon.ico [运行时间：0.015523s][吞吐率：64.42req/s] [内存消耗：1,650.74kb] [文件加载：44]
[ error ] [8]未定义数组下标: 1

---------------------------------------------------------------
[ 2023-08-15T12:10:28+08:00 ] [ log ] at1666.com/99/index/open.html [运行时间：0.014476s][吞吐率：69.08req/s] [内存消耗：1,865.12kb] [文件加载：50]
[ error ] [8]未定义数组下标: 1

---------------------------------------------------------------
[ 2023-08-15T12:12:49+08:00 ] [ log ] at1666.com/99/ [运行时间：0.014997s][吞吐率：66.68req/s] [内存消耗：1,864.80kb] [文件加载：51]
[ error ] [8]未定义数组下标: 1

---------------------------------------------------------------
[ 2023-08-15T12:12:50+08:00 ] [ log ] at1666.com/99/favicon.ico [运行时间：0.009579s][吞吐率：104.40req/s] [内存消耗：1,650.74kb] [文件加载：44]
[ error ] [8]未定义数组下标: 1

---------------------------------------------------------------
[ 2023-08-15T12:12:51+08:00 ] [ log ] at1666.com/99/index/open.html [运行时间：0.039877s][吞吐率：25.08req/s] [内存消耗：1,865.12kb] [文件加载：50]
[ error ] [8]未定义数组下标: 1

---------------------------------------------------------------
[ 2023-08-15T12:18:30+08:00 ] [ log ] at888.icu/99/ [运行时间：0.038140s][吞吐率：26.22req/s] [内存消耗：1,865.34kb] [文件加载：51]
[ error ] [8]未定义数组下标: 1

---------------------------------------------------------------
[ 2023-08-15T12:18:31+08:00 ] [ log ] at888.icu/99/favicon.ico [运行时间：0.010282s][吞吐率：97.26req/s] [内存消耗：1,650.74kb] [文件加载：44]
[ error ] [8]未定义数组下标: 1

---------------------------------------------------------------
[ 2023-08-15T12:18:34+08:00 ] [ log ] at888.icu/99/index/open.html [运行时间：0.010936s][吞吐率：91.44req/s] [内存消耗：1,865.12kb] [文件加载：50]
[ error ] [8]未定义数组下标: 1

---------------------------------------------------------------
[ 2023-08-15T12:19:04+08:00 ] [ log ] at777.icu/99/ [运行时间：0.011710s][吞吐率：85.40req/s] [内存消耗：1,865.34kb] [文件加载：51]
[ error ] [8]未定义数组下标: 1

---------------------------------------------------------------
[ 2023-08-15T12:19:15+08:00 ] [ log ] at777.icu/99/ [运行时间：0.011827s][吞吐率：84.55req/s] [内存消耗：1,864.80kb] [文件加载：51]
[ error ] [8]未定义数组下标: 1

---------------------------------------------------------------
[ 2023-08-15T12:19:18+08:00 ] [ log ] at777.icu/99/index/open.html [运行时间：0.037662s][吞吐率：26.55req/s] [内存消耗：1,865.12kb] [文件加载：50]
[ error ] [8]未定义数组下标: 1

---------------------------------------------------------------
[ 2023-08-15T12:19:21+08:00 ] [ log ] at777.icu/99/ [运行时间：0.011287s][吞吐率：88.60req/s] [内存消耗：1,864.80kb] [文件加载：51]
[ error ] [8]未定义数组下标: 1

---------------------------------------------------------------
[ 2023-08-15T12:19:24+08:00 ] [ log ] at666.icu/99/ [运行时间：0.011476s][吞吐率：87.14req/s] [内存消耗：1,865.34kb] [文件加载：51]
[ error ] [8]未定义数组下标: 1

---------------------------------------------------------------
[ 2023-08-15T12:19:27+08:00 ] [ log ] at666.icu/99/index/open.html [运行时间：0.028209s][吞吐率：35.45req/s] [内存消耗：1,865.12kb] [文件加载：50]
[ error ] [8]未定义数组下标: 1

---------------------------------------------------------------
[ 2023-08-15T12:19:30+08:00 ] [ log ] at666.icu/99/ [运行时间：0.017527s][吞吐率：57.06req/s] [内存消耗：1,864.80kb] [文件加载：51]
[ error ] [8]未定义数组下标: 1

---------------------------------------------------------------
[ 2023-08-15T12:19:38+08:00 ] [ log ] at666.icu/99/ [运行时间：0.012156s][吞吐率：82.26req/s] [内存消耗：1,865.34kb] [文件加载：51]
[ error ] [8]未定义数组下标: 1

---------------------------------------------------------------
[ 2023-08-15T12:19:43+08:00 ] [ log ] at666.icu/99/index/open.html [运行时间：0.010843s][吞吐率：92.23req/s] [内存消耗：1,865.12kb] [文件加载：50]
[ error ] [8]未定义数组下标: 1

---------------------------------------------------------------
[ 2023-08-15T12:24:14+08:00 ] [ log ] at777.icu/99/ [运行时间：0.014390s][吞吐率：69.49req/s] [内存消耗：1,865.34kb] [文件加载：51]
[ error ] [8]未定义数组下标: 1

---------------------------------------------------------------
[ 2023-08-15T12:24:15+08:00 ] [ log ] at777.icu/99/favicon.ico [运行时间：0.010122s][吞吐率：98.79req/s] [内存消耗：1,650.74kb] [文件加载：44]
[ error ] [8]未定义数组下标: 1

---------------------------------------------------------------
[ 2023-08-15T12:24:15+08:00 ] [ log ] at777.icu/99/favicon.ico [运行时间：0.014628s][吞吐率：68.36req/s] [内存消耗：1,650.74kb] [文件加载：44]
[ error ] [8]未定义数组下标: 1

---------------------------------------------------------------
[ 2023-08-15T12:25:01+08:00 ] [ log ] at888.icu/99/ [运行时间：0.015599s][吞吐率：64.11req/s] [内存消耗：1,865.34kb] [文件加载：51]
[ error ] [8]未定义数组下标: 1

---------------------------------------------------------------
[ 2023-08-15T12:26:19+08:00 ] [ log ] at666.icu/99/ [运行时间：0.011028s][吞吐率：90.68req/s] [内存消耗：1,864.80kb] [文件加载：51]
[ error ] [8]未定义数组下标: 1

---------------------------------------------------------------
[ 2023-08-15T12:26:21+08:00 ] [ log ] at666.icu/99/index/open.html [运行时间：0.010483s][吞吐率：95.39req/s] [内存消耗：1,865.12kb] [文件加载：50]
[ error ] [8]未定义数组下标: 1

---------------------------------------------------------------
[ 2023-08-15T12:27:58+08:00 ] [ log ] at666.icu/99/ [运行时间：0.011028s][吞吐率：90.68req/s] [内存消耗：1,864.80kb] [文件加载：51]
[ error ] [8]未定义数组下标: 1

---------------------------------------------------------------
[ 2023-08-15T12:39:39+08:00 ] [ log ] at1666.com/99/ [运行时间：0.010875s][吞吐率：91.95req/s] [内存消耗：1,865.34kb] [文件加载：51]
[ error ] [8]未定义数组下标: 1

---------------------------------------------------------------
[ 2023-08-15T12:39:40+08:00 ] [ log ] at1666.com/99/favicon.ico [运行时间：0.028813s][吞吐率：34.71req/s] [内存消耗：1,650.74kb] [文件加载：44]
[ error ] [8]未定义数组下标: 1

---------------------------------------------------------------
[ 2023-08-15T12:39:41+08:00 ] [ log ] at1666.com/99/index/open.html [运行时间：0.010719s][吞吐率：93.29req/s] [内存消耗：1,865.12kb] [文件加载：50]
[ error ] [8]未定义数组下标: 1

---------------------------------------------------------------
[ 2023-08-15T12:39:57+08:00 ] [ log ] at1666.com/99/index/open.html [运行时间：0.011066s][吞吐率：90.37req/s] [内存消耗：1,865.12kb] [文件加载：50]
[ error ] [8]未定义数组下标: 1

---------------------------------------------------------------
[ 2023-08-15T12:42:07+08:00 ] [ log ] at888.icu/99/ [运行时间：0.010930s][吞吐率：91.49req/s] [内存消耗：1,865.34kb] [文件加载：51]
[ error ] [8]未定义数组下标: 1

---------------------------------------------------------------
[ 2023-08-15T12:42:08+08:00 ] [ log ] at888.icu/99/favicon.ico [运行时间：0.009112s][吞吐率：109.75req/s] [内存消耗：1,650.74kb] [文件加载：44]
[ error ] [8]未定义数组下标: 1

---------------------------------------------------------------
[ 2023-08-15T12:42:10+08:00 ] [ log ] at888.icu/99/index/open.html [运行时间：0.010769s][吞吐率：92.86req/s] [内存消耗：1,865.12kb] [文件加载：50]
[ error ] [8]未定义数组下标: 1

---------------------------------------------------------------
[ 2023-08-15T12:44:51+08:00 ] [ log ] at666.icu/99/ [运行时间：0.010857s][吞吐率：92.11req/s] [内存消耗：1,865.34kb] [文件加载：51]
[ error ] [8]未定义数组下标: 1

---------------------------------------------------------------
[ 2023-08-15T12:44:53+08:00 ] [ log ] at666.icu/99/favicon.ico [运行时间：0.009528s][吞吐率：104.95req/s] [内存消耗：1,650.74kb] [文件加载：44]
[ error ] [8]未定义数组下标: 1

---------------------------------------------------------------
[ 2023-08-15T12:44:57+08:00 ] [ log ] at666.icu/99/index/open.html [运行时间：0.039891s][吞吐率：25.07req/s] [内存消耗：1,865.12kb] [文件加载：50]
[ error ] [8]未定义数组下标: 1

---------------------------------------------------------------
[ 2023-08-15T13:48:55+08:00 ] [ log ] at666.icu/99/ [运行时间：0.011071s][吞吐率：90.33req/s] [内存消耗：1,865.34kb] [文件加载：51]
[ error ] [8]未定义数组下标: 1

---------------------------------------------------------------
[ 2023-08-15T13:48:56+08:00 ] [ log ] at666.icu/99/favicon.ico [运行时间：0.035285s][吞吐率：28.34req/s] [内存消耗：1,650.74kb] [文件加载：44]
[ error ] [8]未定义数组下标: 1

---------------------------------------------------------------
[ 2023-08-15T13:48:59+08:00 ] [ log ] at666.icu/99/index/open.html [运行时间：0.011717s][吞吐率：85.35req/s] [内存消耗：1,865.12kb] [文件加载：50]
[ error ] [8]未定义数组下标: 1

---------------------------------------------------------------
[ 2023-08-15T13:52:13+08:00 ] [ log ] at666.icu/99/ [运行时间：0.010801s][吞吐率：92.58req/s] [内存消耗：1,864.80kb] [文件加载：51]
[ error ] [8]未定义数组下标: 1

---------------------------------------------------------------
[ 2023-08-15T13:52:14+08:00 ] [ log ] at666.icu/99/favicon.ico [运行时间：0.009362s][吞吐率：106.81req/s] [内存消耗：1,650.74kb] [文件加载：44]
[ error ] [8]未定义数组下标: 1

---------------------------------------------------------------
[ 2023-08-15T13:52:16+08:00 ] [ log ] at666.icu/99/index/open.html [运行时间：0.010835s][吞吐率：92.29req/s] [内存消耗：1,865.12kb] [文件加载：50]
[ error ] [8]未定义数组下标: 1

---------------------------------------------------------------
[ 2023-08-15T14:53:49+08:00 ] [ log ] at1555.com/99/ [运行时间：0.011231s][吞吐率：89.04req/s] [内存消耗：1,865.34kb] [文件加载：51]
[ error ] [8]未定义数组下标: 1

---------------------------------------------------------------
[ 2023-08-15T14:53:50+08:00 ] [ log ] at1555.com/99/favicon.ico [运行时间：0.013012s][吞吐率：76.85req/s] [内存消耗：1,650.74kb] [文件加载：44]
[ error ] [8]未定义数组下标: 1

---------------------------------------------------------------
[ 2023-08-15T14:53:53+08:00 ] [ log ] at1555.com/99/index/open.html [运行时间：0.010665s][吞吐率：93.77req/s] [内存消耗：1,865.12kb] [文件加载：50]
[ error ] [8]未定义数组下标: 1

---------------------------------------------------------------
[ 2023-08-15T16:28:38+08:00 ] [ log ] at666.icu/99/ [运行时间：0.016039s][吞吐率：62.35req/s] [内存消耗：1,865.34kb] [文件加载：51]
[ error ] [8]未定义数组下标: 1

---------------------------------------------------------------
[ 2023-08-15T16:28:39+08:00 ] [ log ] at666.icu/99/favicon.ico [运行时间：0.015448s][吞吐率：64.73req/s] [内存消耗：1,650.74kb] [文件加载：44]
[ error ] [8]未定义数组下标: 1

---------------------------------------------------------------
[ 2023-08-15T16:28:41+08:00 ] [ log ] at666.icu/99/index/open.html [运行时间：0.011399s][吞吐率：87.73req/s] [内存消耗：1,865.12kb] [文件加载：50]
[ error ] [8]未定义数组下标: 1

---------------------------------------------------------------
[ 2023-08-15T16:37:00+08:00 ] [ log ] at999.icu/99/ [运行时间：0.016134s][吞吐率：61.98req/s] [内存消耗：1,865.34kb] [文件加载：51]
[ error ] [8]未定义数组下标: 1

---------------------------------------------------------------
[ 2023-08-15T16:38:36+08:00 ] [ log ] at888.icu/99/ [运行时间：0.011417s][吞吐率：87.59req/s] [内存消耗：1,865.34kb] [文件加载：51]
[ error ] [8]未定义数组下标: 1

---------------------------------------------------------------
[ 2023-08-15T16:38:37+08:00 ] [ log ] at888.icu/99/favicon.ico [运行时间：0.035888s][吞吐率：27.86req/s] [内存消耗：1,650.74kb] [文件加载：44]
[ error ] [8]未定义数组下标: 1

---------------------------------------------------------------
[ 2023-08-15T16:38:39+08:00 ] [ log ] at888.icu/99/index/open.html [运行时间：0.011338s][吞吐率：88.20req/s] [内存消耗：1,865.12kb] [文件加载：50]
[ error ] [8]未定义数组下标: 1

---------------------------------------------------------------
[ 2023-08-15T17:59:52+08:00 ] [ log ] at888.icu/99/?uc_sm=1&from=wh10331 [运行时间：0.014252s][吞吐率：70.17req/s] [内存消耗：1,865.98kb] [文件加载：51]
[ error ] [8]未定义数组下标: 1

---------------------------------------------------------------
[ 2023-08-15T17:59:54+08:00 ] [ log ] at888.icu/99/ [运行时间：0.010755s][吞吐率：92.98req/s] [内存消耗：1,865.34kb] [文件加载：51]
[ error ] [8]未定义数组下标: 1

---------------------------------------------------------------
[ 2023-08-15T18:00:11+08:00 ] [ log ] at888.icu/99/index/open.html [运行时间：0.010914s][吞吐率：91.62req/s] [内存消耗：1,865.12kb] [文件加载：50]
[ error ] [8]未定义数组下标: 1

---------------------------------------------------------------
[ 2023-08-15T18:00:13+08:00 ] [ log ] at1555.com/99/ [运行时间：0.011622s][吞吐率：86.04req/s] [内存消耗：1,865.34kb] [文件加载：51]
[ error ] [8]未定义数组下标: 1

---------------------------------------------------------------
[ 2023-08-15T18:00:13+08:00 ] [ log ] at1555.com/99/favicon.ico [运行时间：0.009475s][吞吐率：105.54req/s] [内存消耗：1,650.74kb] [文件加载：44]
[ error ] [8]未定义数组下标: 1

---------------------------------------------------------------
[ 2023-08-15T18:00:15+08:00 ] [ log ] at1555.com/99/index/open.html [运行时间：0.011184s][吞吐率：89.41req/s] [内存消耗：1,865.12kb] [文件加载：50]
[ error ] [8]未定义数组下标: 1

---------------------------------------------------------------
[ 2023-08-15T18:01:06+08:00 ] [ log ] at1555.com/99/ [运行时间：0.015178s][吞吐率：65.88req/s] [内存消耗：1,864.80kb] [文件加载：51]
[ error ] [8]未定义数组下标: 1

---------------------------------------------------------------
[ 2023-08-15T18:01:06+08:00 ] [ log ] at1555.com/99/favicon.ico [运行时间：0.009690s][吞吐率：103.20req/s] [内存消耗：1,650.74kb] [文件加载：44]
[ error ] [8]未定义数组下标: 1

---------------------------------------------------------------
[ 2023-08-15T18:01:08+08:00 ] [ log ] at1555.com/99/index/open.html [运行时间：0.011490s][吞吐率：87.03req/s] [内存消耗：1,865.12kb] [文件加载：50]
[ error ] [8]未定义数组下标: 1

---------------------------------------------------------------
[ 2023-08-15T18:07:43+08:00 ] [ log ] at888.icu/99/favicon.ico [运行时间：0.009620s][吞吐率：103.95req/s] [内存消耗：1,650.74kb] [文件加载：44]
[ error ] [8]未定义数组下标: 1

---------------------------------------------------------------
[ 2023-08-15T18:41:11+08:00 ] [ log ] at555.icu/99/ [运行时间：0.011176s][吞吐率：89.48req/s] [内存消耗：1,865.34kb] [文件加载：51]
[ error ] [8]未定义数组下标: 1

---------------------------------------------------------------
[ 2023-08-15T18:41:12+08:00 ] [ log ] at555.icu/99/favicon.ico [运行时间：0.009826s][吞吐率：101.77req/s] [内存消耗：1,650.74kb] [文件加载：44]
[ error ] [8]未定义数组下标: 1

---------------------------------------------------------------
[ 2023-08-15T18:41:15+08:00 ] [ log ] at555.icu/99/index/open.html [运行时间：0.011442s][吞吐率：87.40req/s] [内存消耗：1,865.12kb] [文件加载：50]
[ error ] [8]未定义数组下标: 1

---------------------------------------------------------------
[ 2023-08-15T18:42:37+08:00 ] [ log ] at555.icu/99/index/open.html [运行时间：0.011361s][吞吐率：88.02req/s] [内存消耗：1,865.15kb] [文件加载：50]
[ error ] [8]未定义数组下标: 1

---------------------------------------------------------------
[ 2023-08-15T18:42:43+08:00 ] [ log ] at555.icu/99/index/open.html [运行时间：0.010578s][吞吐率：94.54req/s] [内存消耗：1,865.15kb] [文件加载：50]
[ error ] [8]未定义数组下标: 1

---------------------------------------------------------------
[ 2023-08-15T18:42:57+08:00 ] [ log ] at555.icu/99/ [运行时间：0.010802s][吞吐率：92.58req/s] [内存消耗：1,864.84kb] [文件加载：51]
[ error ] [8]未定义数组下标: 1

---------------------------------------------------------------
[ 2023-08-15T18:42:59+08:00 ] [ log ] at555.icu/99/favicon.ico [运行时间：0.009399s][吞吐率：106.40req/s] [内存消耗：1,650.77kb] [文件加载：44]
[ error ] [8]未定义数组下标: 1

---------------------------------------------------------------
[ 2023-08-15T18:43:02+08:00 ] [ log ] at555.icu/99/favicon.ico [运行时间：0.009432s][吞吐率：106.02req/s] [内存消耗：1,650.77kb] [文件加载：44]
[ error ] [8]未定义数组下标: 1

---------------------------------------------------------------
[ 2023-08-15T18:43:39+08:00 ] [ log ] at555.icu/99/ [运行时间：0.014695s][吞吐率：68.05req/s] [内存消耗：1,864.80kb] [文件加载：51]
[ error ] [8]未定义数组下标: 1

---------------------------------------------------------------
[ 2023-08-15T18:43:43+08:00 ] [ log ] at555.icu/99/index/open.html [运行时间：0.011022s][吞吐率：90.73req/s] [内存消耗：1,865.12kb] [文件加载：50]
[ error ] [8]未定义数组下标: 1

---------------------------------------------------------------
[ 2023-08-15T18:46:32+08:00 ] [ log ] at555.icu/99/home [运行时间：0.009984s][吞吐率：100.16req/s] [内存消耗：1,650.68kb] [文件加载：44]
[ error ] [8]未定义数组下标: 1

---------------------------------------------------------------
[ 2023-08-15T18:46:36+08:00 ] [ log ] at555.icu/99/home [运行时间：0.009576s][吞吐率：104.43req/s] [内存消耗：1,650.68kb] [文件加载：44]
[ error ] [8]未定义数组下标: 1

---------------------------------------------------------------
[ 2023-08-15T18:47:59+08:00 ] [ log ] at555.icu/99/ [运行时间：0.011450s][吞吐率：87.34req/s] [内存消耗：1,864.80kb] [文件加载：51]
[ error ] [8]未定义数组下标: 1

---------------------------------------------------------------
[ 2023-08-15T18:48:02+08:00 ] [ log ] at555.icu/99/index/open.html [运行时间：0.010861s][吞吐率：92.07req/s] [内存消耗：1,865.12kb] [文件加载：50]
[ error ] [8]未定义数组下标: 1

---------------------------------------------------------------
[ 2023-08-15T18:48:08+08:00 ] [ log ] at555.icu/99/ [运行时间：0.011000s][吞吐率：90.91req/s] [内存消耗：1,864.80kb] [文件加载：51]
[ error ] [8]未定义数组下标: 1

---------------------------------------------------------------
[ 2023-08-15T18:48:11+08:00 ] [ log ] at555.icu/99/index/open.html [运行时间：0.011262s][吞吐率：88.79req/s] [内存消耗：1,865.12kb] [文件加载：50]
[ error ] [8]未定义数组下标: 1

---------------------------------------------------------------
[ 2023-08-15T18:48:14+08:00 ] [ log ] at555.icu/99/ [运行时间：0.012510s][吞吐率：79.94req/s] [内存消耗：1,864.80kb] [文件加载：51]
[ error ] [8]未定义数组下标: 1

---------------------------------------------------------------
[ 2023-08-15T18:49:24+08:00 ] [ log ] at555.icu/99/ [运行时间：0.011556s][吞吐率：86.54req/s] [内存消耗：1,864.80kb] [文件加载：51]
[ error ] [8]未定义数组下标: 1

---------------------------------------------------------------
[ 2023-08-15T18:49:27+08:00 ] [ log ] at555.icu/99/index/open.html [运行时间：0.010799s][吞吐率：92.60req/s] [内存消耗：1,865.12kb] [文件加载：50]
[ error ] [8]未定义数组下标: 1

---------------------------------------------------------------
[ 2023-08-15T18:49:30+08:00 ] [ log ] at555.icu/99/ [运行时间：0.011796s][吞吐率：84.77req/s] [内存消耗：1,864.80kb] [文件加载：51]
[ error ] [8]未定义数组下标: 1

---------------------------------------------------------------
[ 2023-08-15T18:51:19+08:00 ] [ log ] at444.icu/99/ [运行时间：0.011075s][吞吐率：90.29req/s] [内存消耗：1,865.34kb] [文件加载：51]
[ error ] [8]未定义数组下标: 1

---------------------------------------------------------------
[ 2023-08-15T18:51:20+08:00 ] [ log ] at444.icu/99/favicon.ico [运行时间：0.009387s][吞吐率：106.53req/s] [内存消耗：1,650.74kb] [文件加载：44]
[ error ] [8]未定义数组下标: 1

---------------------------------------------------------------
[ 2023-08-15T18:51:23+08:00 ] [ log ] at444.icu/99/index/open.html [运行时间：0.014050s][吞吐率：71.17req/s] [内存消耗：1,865.12kb] [文件加载：50]
[ error ] [8]未定义数组下标: 1

---------------------------------------------------------------
[ 2023-08-15T18:51:26+08:00 ] [ log ] at444.icu/99/ [运行时间：0.010808s][吞吐率：92.52req/s] [内存消耗：1,864.80kb] [文件加载：51]
[ error ] [8]未定义数组下标: 1

---------------------------------------------------------------
[ 2023-08-15T18:52:45+08:00 ] [ log ] at555.icu/99/ [运行时间：0.014101s][吞吐率：70.92req/s] [内存消耗：1,864.80kb] [文件加载：51]
[ error ] [8]未定义数组下标: 1

---------------------------------------------------------------
[ 2023-08-15T18:52:48+08:00 ] [ log ] at555.icu/99/index/open.html [运行时间：0.011186s][吞吐率：89.40req/s] [内存消耗：1,865.12kb] [文件加载：50]
[ error ] [8]未定义数组下标: 1

---------------------------------------------------------------
[ 2023-08-15T18:53:05+08:00 ] [ log ] at444.icu/99/index/open.html [运行时间：0.040223s][吞吐率：24.86req/s] [内存消耗：1,865.15kb] [文件加载：50]
[ error ] [8]未定义数组下标: 1

---------------------------------------------------------------
[ 2023-08-15T18:53:12+08:00 ] [ log ] at444.icu/99/index/open.html [运行时间：0.011184s][吞吐率：89.41req/s] [内存消耗：1,865.15kb] [文件加载：50]
[ error ] [8]未定义数组下标: 1

---------------------------------------------------------------
[ 2023-08-15T18:53:32+08:00 ] [ log ] at444.icu/99/ [运行时间：0.011707s][吞吐率：85.42req/s] [内存消耗：1,864.84kb] [文件加载：51]
[ error ] [8]未定义数组下标: 1

---------------------------------------------------------------
[ 2023-08-15T18:53:34+08:00 ] [ log ] at444.icu/99/favicon.ico [运行时间：0.009686s][吞吐率：103.24req/s] [内存消耗：1,650.77kb] [文件加载：44]
[ error ] [8]未定义数组下标: 1

---------------------------------------------------------------
[ 2023-08-15T18:53:37+08:00 ] [ log ] at444.icu/99/favicon.ico [运行时间：0.009759s][吞吐率：102.47req/s] [内存消耗：1,650.77kb] [文件加载：44]
[ error ] [8]未定义数组下标: 1

---------------------------------------------------------------
[ 2023-08-15T18:57:23+08:00 ] [ log ] at555.icu/99/ [运行时间：0.015433s][吞吐率：64.80req/s] [内存消耗：1,864.80kb] [文件加载：51]
[ error ] [8]未定义数组下标: 1

---------------------------------------------------------------
[ 2023-08-15T18:57:27+08:00 ] [ log ] at555.icu/99/index/open.html [运行时间：0.039469s][吞吐率：25.34req/s] [内存消耗：1,865.12kb] [文件加载：50]
[ error ] [8]未定义数组下标: 1

---------------------------------------------------------------
[ 2023-08-15T18:57:34+08:00 ] [ log ] at555.icu/99/ [运行时间：0.010730s][吞吐率：93.20req/s] [内存消耗：1,864.80kb] [文件加载：51]
[ error ] [8]未定义数组下标: 1

---------------------------------------------------------------
[ 2023-08-15T18:59:48+08:00 ] [ log ] at1333.com/99/ [运行时间：0.034196s][吞吐率：29.24req/s] [内存消耗：1,857.63kb] [文件加载：48]
[ error ] [8]Undefined offset: 1

---------------------------------------------------------------
[ 2023-08-15T18:59:50+08:00 ] [ log ] at1333.com/99/favicon.ico [运行时间：0.009751s][吞吐率：102.55req/s] [内存消耗：1,643.13kb] [文件加载：42]
[ error ] [8]Undefined offset: 1

---------------------------------------------------------------
[ 2023-08-15T19:01:35+08:00 ] [ log ] at555.icu/99/index/open.html [运行时间：0.015634s][吞吐率：63.96req/s] [内存消耗：1,865.12kb] [文件加载：50]
[ error ] [8]未定义数组下标: 1

---------------------------------------------------------------
[ 2023-08-15T19:01:38+08:00 ] [ log ] at555.icu/99/ [运行时间：0.014266s][吞吐率：70.10req/s] [内存消耗：1,864.80kb] [文件加载：51]
[ error ] [8]未定义数组下标: 1

---------------------------------------------------------------
[ 2023-08-15T19:11:54+08:00 ] [ log ] at555.icu/99/ [运行时间：0.014340s][吞吐率：69.73req/s] [内存消耗：1,864.80kb] [文件加载：51]
[ error ] [8]未定义数组下标: 1

---------------------------------------------------------------
[ 2023-08-15T19:11:57+08:00 ] [ log ] at555.icu/99/index/open.html [运行时间：0.013566s][吞吐率：73.71req/s] [内存消耗：1,865.12kb] [文件加载：50]
[ error ] [8]未定义数组下标: 1

---------------------------------------------------------------
[ 2023-08-15T19:12:01+08:00 ] [ log ] at555.icu/99/ [运行时间：0.015045s][吞吐率：66.47req/s] [内存消耗：1,864.80kb] [文件加载：51]
[ error ] [8]未定义数组下标: 1

---------------------------------------------------------------
[ 2023-08-15T19:13:12+08:00 ] [ log ] at555.icu/99/index/open.html [运行时间：0.010755s][吞吐率：92.98req/s] [内存消耗：1,865.12kb] [文件加载：50]
[ error ] [8]未定义数组下标: 1

---------------------------------------------------------------
[ 2023-08-15T19:13:14+08:00 ] [ log ] at555.icu/99/ [运行时间：0.010876s][吞吐率：91.95req/s] [内存消耗：1,864.80kb] [文件加载：51]
[ error ] [8]未定义数组下标: 1

---------------------------------------------------------------
[ 2023-08-15T19:18:31+08:00 ] [ log ] at555.icu/99/index/open.html [运行时间：0.011274s][吞吐率：88.70req/s] [内存消耗：1,865.12kb] [文件加载：50]
[ error ] [8]未定义数组下标: 1

---------------------------------------------------------------
[ 2023-08-15T19:19:20+08:00 ] [ log ] at555.icu/99/ [运行时间：0.013463s][吞吐率：74.28req/s] [内存消耗：1,864.80kb] [文件加载：51]
[ error ] [8]未定义数组下标: 1

---------------------------------------------------------------
[ 2023-08-15T19:19:23+08:00 ] [ log ] at555.icu/99/index/open.html [运行时间：0.033318s][吞吐率：30.01req/s] [内存消耗：1,865.12kb] [文件加载：50]
[ error ] [8]未定义数组下标: 1

---------------------------------------------------------------
[ 2023-08-15T19:28:14+08:00 ] [ log ] at555.icu/99/home [运行时间：0.010307s][吞吐率：97.02req/s] [内存消耗：1,650.68kb] [文件加载：44]
[ error ] [8]未定义数组下标: 1

---------------------------------------------------------------
[ 2023-08-15T19:28:17+08:00 ] [ log ] at555.icu/99/home [运行时间：0.009926s][吞吐率：100.74req/s] [内存消耗：1,650.68kb] [文件加载：44]
[ error ] [8]未定义数组下标: 1

---------------------------------------------------------------
[ 2023-08-15T19:30:44+08:00 ] [ log ] at555.icu/99/ [运行时间：0.015061s][吞吐率：66.40req/s] [内存消耗：1,864.80kb] [文件加载：51]
[ error ] [8]未定义数组下标: 1

---------------------------------------------------------------
[ 2023-08-15T19:30:47+08:00 ] [ log ] at555.icu/99/index/open.html [运行时间：0.010677s][吞吐率：93.66req/s] [内存消耗：1,865.12kb] [文件加载：50]
[ error ] [8]未定义数组下标: 1

---------------------------------------------------------------
[ 2023-08-15T19:30:50+08:00 ] [ log ] at555.icu/99/ [运行时间：0.011324s][吞吐率：88.31req/s] [内存消耗：1,864.80kb] [文件加载：51]
[ error ] [8]未定义数组下标: 1

---------------------------------------------------------------
[ 2023-08-15T19:36:05+08:00 ] [ log ] at666.icu/99/ [运行时间：0.011007s][吞吐率：90.85req/s] [内存消耗：1,865.34kb] [文件加载：51]
[ error ] [8]未定义数组下标: 1

---------------------------------------------------------------
[ 2023-08-15T19:36:07+08:00 ] [ log ] at666.icu/99/favicon.ico [运行时间：0.009508s][吞吐率：105.18req/s] [内存消耗：1,650.74kb] [文件加载：44]
[ error ] [8]未定义数组下标: 1

---------------------------------------------------------------
[ 2023-08-15T19:36:10+08:00 ] [ log ] at666.icu/99/index/open.html [运行时间：0.033814s][吞吐率：29.57req/s] [内存消耗：1,865.12kb] [文件加载：50]
[ error ] [8]未定义数组下标: 1

---------------------------------------------------------------
[ 2023-08-15T19:44:13+08:00 ] [ log ] at555.icu/99/ [运行时间：0.011571s][吞吐率：86.42req/s] [内存消耗：1,865.34kb] [文件加载：51]
[ error ] [8]未定义数组下标: 1

---------------------------------------------------------------
[ 2023-08-15T19:44:16+08:00 ] [ log ] at555.icu/99/index/open.html [运行时间：0.010883s][吞吐率：91.89req/s] [内存消耗：1,865.12kb] [文件加载：50]
[ error ] [8]未定义数组下标: 1

---------------------------------------------------------------
[ 2023-08-15T19:45:06+08:00 ] [ log ] at555.icu/99/home [运行时间：0.009794s][吞吐率：102.10req/s] [内存消耗：1,651.21kb] [文件加载：44]
[ error ] [8]未定义数组下标: 1

---------------------------------------------------------------
[ 2023-08-15T19:45:24+08:00 ] [ log ] at555.icu/99/home [运行时间：0.009534s][吞吐率：104.89req/s] [内存消耗：1,650.68kb] [文件加载：44]
[ error ] [8]未定义数组下标: 1

---------------------------------------------------------------
[ 2023-08-15T19:45:37+08:00 ] [ log ] at555.icu/99/ [运行时间：0.011560s][吞吐率：86.51req/s] [内存消耗：1,864.80kb] [文件加载：51]
[ error ] [8]未定义数组下标: 1

---------------------------------------------------------------
[ 2023-08-15T19:45:40+08:00 ] [ log ] at555.icu/99/index/open.html [运行时间：0.014222s][吞吐率：70.31req/s] [内存消耗：1,865.12kb] [文件加载：50]
[ error ] [8]未定义数组下标: 1

---------------------------------------------------------------
[ 2023-08-15T19:45:52+08:00 ] [ log ] at555.icu/99/ [运行时间：0.015391s][吞吐率：64.97req/s] [内存消耗：1,864.80kb] [文件加载：51]
[ error ] [8]未定义数组下标: 1

---------------------------------------------------------------
[ 2023-08-15T19:45:54+08:00 ] [ log ] at555.icu/99/index/open.html [运行时间：0.010775s][吞吐率：92.81req/s] [内存消耗：1,865.12kb] [文件加载：50]
[ error ] [8]未定义数组下标: 1

---------------------------------------------------------------
[ 2023-08-15T20:17:12+08:00 ] [ log ] at1333.com/99/ [运行时间：0.011669s][吞吐率：85.70req/s] [内存消耗：1,864.84kb] [文件加载：51]
[ error ] [8]未定义数组下标: 1

---------------------------------------------------------------
[ 2023-08-15T20:23:31+08:00 ] [ log ] at888.icu/99/ [运行时间：0.011434s][吞吐率：87.46req/s] [内存消耗：1,865.34kb] [文件加载：51]
[ error ] [8]未定义数组下标: 1

---------------------------------------------------------------
[ 2023-08-15T20:23:32+08:00 ] [ log ] at888.icu/99/favicon.ico [运行时间：0.012259s][吞吐率：81.57req/s] [内存消耗：1,650.74kb] [文件加载：44]
[ error ] [8]未定义数组下标: 1

---------------------------------------------------------------
[ 2023-08-15T20:23:56+08:00 ] [ log ] at888.icu/99/ [运行时间：0.037503s][吞吐率：26.66req/s] [内存消耗：1,864.80kb] [文件加载：51]
[ error ] [8]未定义数组下标: 1

---------------------------------------------------------------
[ 2023-08-15T20:23:56+08:00 ] [ log ] at888.icu/99/favicon.ico [运行时间：0.010000s][吞吐率：100.00req/s] [内存消耗：1,650.74kb] [文件加载：44]
[ error ] [8]未定义数组下标: 1

---------------------------------------------------------------
[ 2023-08-15T20:23:58+08:00 ] [ log ] at888.icu/99/index/open.html [运行时间：0.010859s][吞吐率：92.09req/s] [内存消耗：1,865.12kb] [文件加载：50]
[ error ] [8]未定义数组下标: 1

---------------------------------------------------------------
[ 2023-08-15T20:26:03+08:00 ] [ log ] at888.icu/99/ [运行时间：0.011166s][吞吐率：89.56req/s] [内存消耗：1,864.80kb] [文件加载：51]
[ error ] [8]未定义数组下标: 1

---------------------------------------------------------------
[ 2023-08-15T20:26:04+08:00 ] [ log ] at888.icu/99/favicon.ico [运行时间：0.009444s][吞吐率：105.89req/s] [内存消耗：1,650.74kb] [文件加载：44]
[ error ] [8]未定义数组下标: 1

---------------------------------------------------------------
[ 2023-08-15T20:26:58+08:00 ] [ log ] at888.icu/99/ [运行时间：0.011275s][吞吐率：88.69req/s] [内存消耗：1,864.80kb] [文件加载：51]
[ error ] [8]未定义数组下标: 1

---------------------------------------------------------------
[ 2023-08-15T20:26:59+08:00 ] [ log ] at888.icu/99/favicon.ico [运行时间：0.009565s][吞吐率：104.55req/s] [内存消耗：1,650.74kb] [文件加载：44]
[ error ] [8]未定义数组下标: 1

---------------------------------------------------------------
[ 2023-08-15T20:27:01+08:00 ] [ log ] at888.icu/99/index/open.html [运行时间：0.022026s][吞吐率：45.40req/s] [内存消耗：1,865.12kb] [文件加载：50]
[ error ] [8]未定义数组下标: 1

---------------------------------------------------------------
[ 2023-08-15T20:28:57+08:00 ] [ log ] at1333.com/99/ [运行时间：0.010861s][吞吐率：92.07req/s] [内存消耗：1,857.63kb] [文件加载：48]
[ error ] [8]Undefined offset: 1

---------------------------------------------------------------
[ 2023-08-15T20:38:32+08:00 ] [ log ] at666.icu/99/ [运行时间：0.011282s][吞吐率：88.64req/s] [内存消耗：1,865.34kb] [文件加载：51]
[ error ] [8]未定义数组下标: 1

---------------------------------------------------------------
[ 2023-08-15T20:38:33+08:00 ] [ log ] at666.icu/99/favicon.ico [运行时间：0.009862s][吞吐率：101.40req/s] [内存消耗：1,650.74kb] [文件加载：44]
[ error ] [8]未定义数组下标: 1

---------------------------------------------------------------
[ 2023-08-15T20:38:35+08:00 ] [ log ] at666.icu/99/index/open.html [运行时间：0.015447s][吞吐率：64.74req/s] [内存消耗：1,865.12kb] [文件加载：50]
[ error ] [8]未定义数组下标: 1

---------------------------------------------------------------
[ 2023-08-15T21:00:59+08:00 ] [ log ] at666.icu/99/ [运行时间：0.016232s][吞吐率：61.61req/s] [内存消耗：1,864.80kb] [文件加载：51]
[ error ] [8]未定义数组下标: 1

---------------------------------------------------------------
[ 2023-08-15T21:01:02+08:00 ] [ log ] at666.icu/99/favicon.ico [运行时间：0.014069s][吞吐率：71.08req/s] [内存消耗：1,650.74kb] [文件加载：44]
[ error ] [8]未定义数组下标: 1

---------------------------------------------------------------
[ 2023-08-15T21:01:05+08:00 ] [ log ] at666.icu/99/index/open.html [运行时间：0.011898s][吞吐率：84.05req/s] [内存消耗：1,865.12kb] [文件加载：50]
[ error ] [8]未定义数组下标: 1

---------------------------------------------------------------
[ 2023-08-15T21:40:29+08:00 ] [ log ] at666.icu/99/ [运行时间：0.039924s][吞吐率：25.05req/s] [内存消耗：1,865.34kb] [文件加载：51]
[ error ] [8]未定义数组下标: 1

---------------------------------------------------------------
[ 2023-08-15T21:40:31+08:00 ] [ log ] at666.icu/99/favicon.ico [运行时间：0.030009s][吞吐率：33.32req/s] [内存消耗：1,650.74kb] [文件加载：44]
[ error ] [8]未定义数组下标: 1

---------------------------------------------------------------
[ 2023-08-15T21:40:34+08:00 ] [ log ] at666.icu/99/index/open.html [运行时间：0.039649s][吞吐率：25.22req/s] [内存消耗：1,865.12kb] [文件加载：50]
[ error ] [8]未定义数组下标: 1

---------------------------------------------------------------
