[ 2023-08-16T03:52:54+08:00 ] [ log ] at1777.com/99/ [运行时间：0.011736s][吞吐率：85.21req/s] [内存消耗：1,865.34kb] [文件加载：51]
[ error ] [8]未定义数组下标: 1

---------------------------------------------------------------
[ 2023-08-16T03:52:56+08:00 ] [ log ] at1777.com/99/favicon.ico [运行时间：0.014568s][吞吐率：68.64req/s] [内存消耗：1,650.74kb] [文件加载：44]
[ error ] [8]未定义数组下标: 1

---------------------------------------------------------------
[ 2023-08-16T03:52:58+08:00 ] [ log ] at1777.com/99/index/open.html [运行时间：0.014523s][吞吐率：68.86req/s] [内存消耗：1,865.12kb] [文件加载：50]
[ error ] [8]未定义数组下标: 1

---------------------------------------------------------------
[ 2023-08-16T04:12:57+08:00 ] [ log ] at1777.com/99/ [运行时间：0.011614s][吞吐率：86.10req/s] [内存消耗：1,864.80kb] [文件加载：51]
[ error ] [8]未定义数组下标: 1

---------------------------------------------------------------
[ 2023-08-16T04:12:58+08:00 ] [ log ] at1777.com/99/favicon.ico [运行时间：0.009431s][吞吐率：106.03req/s] [内存消耗：1,650.74kb] [文件加载：44]
[ error ] [8]未定义数组下标: 1

---------------------------------------------------------------
[ 2023-08-16T04:13:01+08:00 ] [ log ] at1777.com/99/index/open.html [运行时间：0.010860s][吞吐率：92.08req/s] [内存消耗：1,865.12kb] [文件加载：50]
[ error ] [8]未定义数组下标: 1

---------------------------------------------------------------
[ 2023-08-16T04:29:15+08:00 ] [ log ] at1777.com/99/ [运行时间：0.014029s][吞吐率：71.28req/s] [内存消耗：1,864.80kb] [文件加载：51]
[ error ] [8]未定义数组下标: 1

---------------------------------------------------------------
[ 2023-08-16T04:29:16+08:00 ] [ log ] at1777.com/99/favicon.ico [运行时间：0.009819s][吞吐率：101.84req/s] [内存消耗：1,650.74kb] [文件加载：44]
[ error ] [8]未定义数组下标: 1

---------------------------------------------------------------
[ 2023-08-16T04:29:19+08:00 ] [ log ] at1777.com/99/index/open.html [运行时间：0.015692s][吞吐率：63.73req/s] [内存消耗：1,865.12kb] [文件加载：50]
[ error ] [8]未定义数组下标: 1

---------------------------------------------------------------
[ 2023-08-16T05:26:35+08:00 ] [ log ] at666.icu/99/ [运行时间：0.022671s][吞吐率：44.11req/s] [内存消耗：1,865.34kb] [文件加载：51]
[ error ] [8]未定义数组下标: 1

---------------------------------------------------------------
[ 2023-08-16T05:26:36+08:00 ] [ log ] at666.icu/99/favicon.ico [运行时间：0.013633s][吞吐率：73.35req/s] [内存消耗：1,650.74kb] [文件加载：44]
[ error ] [8]未定义数组下标: 1

---------------------------------------------------------------
[ 2023-08-16T05:26:38+08:00 ] [ log ] at666.icu/99/index/open.html [运行时间：0.011328s][吞吐率：88.28req/s] [内存消耗：1,865.12kb] [文件加载：50]
[ error ] [8]未定义数组下标: 1

---------------------------------------------------------------
[ 2023-08-16T11:16:51+08:00 ] [ log ] at888.icu/99/ [运行时间：0.040183s][吞吐率：24.89req/s] [内存消耗：1,865.34kb] [文件加载：51]
[ error ] [8]未定义数组下标: 1

---------------------------------------------------------------
[ 2023-08-16T11:16:52+08:00 ] [ log ] at888.icu/99/favicon.ico [运行时间：0.009472s][吞吐率：105.58req/s] [内存消耗：1,650.74kb] [文件加载：44]
[ error ] [8]未定义数组下标: 1

---------------------------------------------------------------
[ 2023-08-16T11:16:54+08:00 ] [ log ] at888.icu/99/index/open.html [运行时间：0.012495s][吞吐率：80.03req/s] [内存消耗：1,865.12kb] [文件加载：50]
[ error ] [8]未定义数组下标: 1

---------------------------------------------------------------
[ 2023-08-16T11:25:49+08:00 ] [ log ] at888.icu/99/ [运行时间：0.012002s][吞吐率：83.32req/s] [内存消耗：1,864.80kb] [文件加载：51]
[ error ] [8]未定义数组下标: 1

---------------------------------------------------------------
[ 2023-08-16T11:26:02+08:00 ] [ log ] at888.icu/99/favicon.ico [运行时间：0.009965s][吞吐率：100.35req/s] [内存消耗：1,650.74kb] [文件加载：44]
[ error ] [8]未定义数组下标: 1

---------------------------------------------------------------
[ 2023-08-16T11:26:23+08:00 ] [ log ] at888.icu/99/index/open.html [运行时间：0.011375s][吞吐率：87.91req/s] [内存消耗：1,865.12kb] [文件加载：50]
[ error ] [8]未定义数组下标: 1

---------------------------------------------------------------
[ 2023-08-16T11:26:38+08:00 ] [ log ] at888.icu/99/ [运行时间：0.010957s][吞吐率：91.27req/s] [内存消耗：1,864.80kb] [文件加载：51]
[ error ] [8]未定义数组下标: 1

---------------------------------------------------------------
[ 2023-08-16T11:26:39+08:00 ] [ log ] at888.icu/99/favicon.ico [运行时间：0.012755s][吞吐率：78.40req/s] [内存消耗：1,650.74kb] [文件加载：44]
[ error ] [8]未定义数组下标: 1

---------------------------------------------------------------
[ 2023-08-16T11:26:41+08:00 ] [ log ] at888.icu/99/index/open.html [运行时间：0.010780s][吞吐率：92.76req/s] [内存消耗：1,865.12kb] [文件加载：50]
[ error ] [8]未定义数组下标: 1

---------------------------------------------------------------
[ 2023-08-16T11:32:22+08:00 ] [ log ] at888.icu/99/ [运行时间：0.017728s][吞吐率：56.41req/s] [内存消耗：1,865.34kb] [文件加载：51]
[ error ] [8]未定义数组下标: 1

---------------------------------------------------------------
[ 2023-08-16T11:32:30+08:00 ] [ log ] at888.icu/99/index/open.html [运行时间：0.010806s][吞吐率：92.54req/s] [内存消耗：1,865.12kb] [文件加载：50]
[ error ] [8]未定义数组下标: 1

---------------------------------------------------------------
[ 2023-08-16T11:32:31+08:00 ] [ log ] at888.icu/99/favicon.ico [运行时间：0.010111s][吞吐率：98.90req/s] [内存消耗：1,650.74kb] [文件加载：44]
[ error ] [8]未定义数组下标: 1

---------------------------------------------------------------
[ 2023-08-16T12:11:19+08:00 ] [ log ] at1666.com/99/ [运行时间：0.012044s][吞吐率：83.03req/s] [内存消耗：1,865.34kb] [文件加载：51]
[ error ] [8]未定义数组下标: 1

---------------------------------------------------------------
[ 2023-08-16T12:11:19+08:00 ] [ log ] at1666.com/99/ [运行时间：0.010646s][吞吐率：93.93req/s] [内存消耗：1,865.34kb] [文件加载：51]
[ error ] [8]未定义数组下标: 1

---------------------------------------------------------------
[ 2023-08-16T12:11:20+08:00 ] [ log ] at1666.com/99/favicon.ico [运行时间：0.012291s][吞吐率：81.36req/s] [内存消耗：1,650.74kb] [文件加载：44]
[ error ] [8]未定义数组下标: 1

---------------------------------------------------------------
[ 2023-08-16T12:11:22+08:00 ] [ log ] at1666.com/99/index/open.html [运行时间：0.010645s][吞吐率：93.94req/s] [内存消耗：1,865.12kb] [文件加载：50]
[ error ] [8]未定义数组下标: 1

---------------------------------------------------------------
[ 2023-08-16T12:24:09+08:00 ] [ log ] at666.icu/99/ [运行时间：0.011736s][吞吐率：85.21req/s] [内存消耗：1,865.34kb] [文件加载：51]
[ error ] [8]未定义数组下标: 1

---------------------------------------------------------------
[ 2023-08-16T12:24:12+08:00 ] [ log ] at666.icu/99/favicon.ico [运行时间：0.025380s][吞吐率：39.40req/s] [内存消耗：1,650.74kb] [文件加载：44]
[ error ] [8]未定义数组下标: 1

---------------------------------------------------------------
[ 2023-08-16T12:24:14+08:00 ] [ log ] at666.icu/99/index/open.html [运行时间：0.010594s][吞吐率：94.39req/s] [内存消耗：1,865.12kb] [文件加载：50]
[ error ] [8]未定义数组下标: 1

---------------------------------------------------------------
[ 2023-08-16T13:45:36+08:00 ] [ log ] at1666.com/99/ [运行时间：0.015148s][吞吐率：66.02req/s] [内存消耗：1,865.34kb] [文件加载：51]
[ error ] [8]未定义数组下标: 1

---------------------------------------------------------------
[ 2023-08-16T13:45:36+08:00 ] [ log ] at1666.com/99/favicon.ico [运行时间：0.010352s][吞吐率：96.60req/s] [内存消耗：1,650.74kb] [文件加载：44]
[ error ] [8]未定义数组下标: 1

---------------------------------------------------------------
[ 2023-08-16T13:45:38+08:00 ] [ log ] at1666.com/99/index/open.html [运行时间：0.034275s][吞吐率：29.18req/s] [内存消耗：1,865.12kb] [文件加载：50]
[ error ] [8]未定义数组下标: 1

---------------------------------------------------------------
[ 2023-08-16T14:27:10+08:00 ] [ log ] at666.icu/99/ [运行时间：0.015068s][吞吐率：66.37req/s] [内存消耗：1,865.34kb] [文件加载：51]
[ error ] [8]未定义数组下标: 1

---------------------------------------------------------------
[ 2023-08-16T14:27:11+08:00 ] [ log ] at666.icu/99/favicon.ico [运行时间：0.012391s][吞吐率：80.70req/s] [内存消耗：1,650.74kb] [文件加载：44]
[ error ] [8]未定义数组下标: 1

---------------------------------------------------------------
[ 2023-08-16T14:27:13+08:00 ] [ log ] at666.icu/99/index/open.html [运行时间：0.010668s][吞吐率：93.74req/s] [内存消耗：1,865.12kb] [文件加载：50]
[ error ] [8]未定义数组下标: 1

---------------------------------------------------------------
[ 2023-08-16T17:16:24+08:00 ] [ log ] at888.icu/99/ [运行时间：0.012280s][吞吐率：81.43req/s] [内存消耗：1,865.34kb] [文件加载：51]
[ error ] [8]未定义数组下标: 1

---------------------------------------------------------------
[ 2023-08-16T17:16:29+08:00 ] [ log ] at888.icu/99/index/open.html [运行时间：0.011102s][吞吐率：90.07req/s] [内存消耗：1,865.12kb] [文件加载：50]
[ error ] [8]未定义数组下标: 1

---------------------------------------------------------------
[ 2023-08-16T17:56:38+08:00 ] [ log ] at888.icu/99/ [运行时间：0.011614s][吞吐率：86.10req/s] [内存消耗：1,865.34kb] [文件加载：51]
[ error ] [8]未定义数组下标: 1

---------------------------------------------------------------
[ 2023-08-16T17:56:48+08:00 ] [ log ] at888.icu/99/favicon.ico [运行时间：0.012175s][吞吐率：82.13req/s] [内存消耗：1,650.74kb] [文件加载：44]
[ error ] [8]未定义数组下标: 1

---------------------------------------------------------------
[ 2023-08-16T17:56:50+08:00 ] [ log ] at888.icu/99/index/open.html [运行时间：0.011630s][吞吐率：85.99req/s] [内存消耗：1,865.12kb] [文件加载：50]
[ error ] [8]未定义数组下标: 1

---------------------------------------------------------------
[ 2023-08-16T17:56:54+08:00 ] [ log ] at888.icu/99/favicon.ico [运行时间：0.009975s][吞吐率：100.25req/s] [内存消耗：1,650.74kb] [文件加载：44]
[ error ] [8]未定义数组下标: 1

---------------------------------------------------------------
[ 2023-08-16T17:57:05+08:00 ] [ log ] at888.icu/99/?uc_sm=1&from=wh10331 [运行时间：0.010964s][吞吐率：91.21req/s] [内存消耗：1,865.45kb] [文件加载：51]
[ error ] [8]未定义数组下标: 1

---------------------------------------------------------------
[ 2023-08-16T17:58:41+08:00 ] [ log ] at888.icu/99/?uc_sm=1&from=wh10331 [运行时间：0.010941s][吞吐率：91.40req/s] [内存消耗：1,865.45kb] [文件加载：51]
[ error ] [8]未定义数组下标: 1

---------------------------------------------------------------
[ 2023-08-16T17:59:05+08:00 ] [ log ] at999.icu/99/ [运行时间：0.012207s][吞吐率：81.92req/s] [内存消耗：1,865.34kb] [文件加载：51]
[ error ] [8]未定义数组下标: 1

---------------------------------------------------------------
[ 2023-08-16T18:07:15+08:00 ] [ log ] at999.icu/99/ [运行时间：0.011390s][吞吐率：87.80req/s] [内存消耗：1,864.80kb] [文件加载：51]
[ error ] [8]未定义数组下标: 1

---------------------------------------------------------------
[ 2023-08-16T18:07:15+08:00 ] [ log ] at999.icu/99/?uc_sm=1 [运行时间：0.010978s][吞吐率：91.09req/s] [内存消耗：1,865.44kb] [文件加载：51]
[ error ] [8]未定义数组下标: 1

---------------------------------------------------------------
[ 2023-08-16T18:07:16+08:00 ] [ log ] at999.icu/99/favicon.ico [运行时间：0.009421s][吞吐率：106.14req/s] [内存消耗：1,650.74kb] [文件加载：44]
[ error ] [8]未定义数组下标: 1

---------------------------------------------------------------
[ 2023-08-16T18:07:55+08:00 ] [ log ] at999.icu/99/index/open.html [运行时间：0.010855s][吞吐率：92.12req/s] [内存消耗：1,865.12kb] [文件加载：50]
[ error ] [8]未定义数组下标: 1

---------------------------------------------------------------
[ 2023-08-16T18:58:55+08:00 ] [ log ] at999.icu/99/?uc_sm=1&from=wh10331 [运行时间：0.017452s][吞吐率：57.30req/s] [内存消耗：1,865.45kb] [文件加载：51]
[ error ] [8]未定义数组下标: 1

---------------------------------------------------------------
[ 2023-08-16T18:58:55+08:00 ] [ log ] at999.icu/99/ [运行时间：0.011448s][吞吐率：87.35req/s] [内存消耗：1,864.80kb] [文件加载：51]
[ error ] [8]未定义数组下标: 1

---------------------------------------------------------------
[ 2023-08-16T18:58:57+08:00 ] [ log ] at999.icu/99/favicon.ico [运行时间：0.009840s][吞吐率：101.63req/s] [内存消耗：1,650.74kb] [文件加载：44]
[ error ] [8]未定义数组下标: 1

---------------------------------------------------------------
[ 2023-08-16T18:59:01+08:00 ] [ log ] at999.icu/99/index/open.html [运行时间：0.010660s][吞吐率：93.81req/s] [内存消耗：1,865.12kb] [文件加载：50]
[ error ] [8]未定义数组下标: 1

---------------------------------------------------------------
[ 2023-08-16T18:59:36+08:00 ] [ log ] at999.icu/99/ [运行时间：0.018787s][吞吐率：53.23req/s] [内存消耗：1,865.34kb] [文件加载：51]
[ error ] [8]未定义数组下标: 1

---------------------------------------------------------------
[ 2023-08-16T18:59:37+08:00 ] [ log ] at999.icu/99/favicon.ico [运行时间：0.010035s][吞吐率：99.65req/s] [内存消耗：1,650.74kb] [文件加载：44]
[ error ] [8]未定义数组下标: 1

---------------------------------------------------------------
[ 2023-08-16T18:59:39+08:00 ] [ log ] at999.icu/99/index/open.html [运行时间：0.010463s][吞吐率：95.57req/s] [内存消耗：1,865.12kb] [文件加载：50]
[ error ] [8]未定义数组下标: 1

---------------------------------------------------------------
[ 2023-08-16T19:02:50+08:00 ] [ log ] at888.icu/99/ [运行时间：0.011607s][吞吐率：86.16req/s] [内存消耗：1,865.34kb] [文件加载：51]
[ error ] [8]未定义数组下标: 1

---------------------------------------------------------------
[ 2023-08-16T19:02:50+08:00 ] [ log ] at888.icu/99/favicon.ico [运行时间：0.010025s][吞吐率：99.75req/s] [内存消耗：1,650.74kb] [文件加载：44]
[ error ] [8]未定义数组下标: 1

---------------------------------------------------------------
[ 2023-08-16T19:02:52+08:00 ] [ log ] at888.icu/99/index/open.html [运行时间：0.013845s][吞吐率：72.23req/s] [内存消耗：1,865.12kb] [文件加载：50]
[ error ] [8]未定义数组下标: 1

---------------------------------------------------------------
[ 2023-08-16T19:09:10+08:00 ] [ log ] at666.icu/99/ [运行时间：0.010609s][吞吐率：94.26req/s] [内存消耗：1,865.34kb] [文件加载：51]
[ error ] [8]未定义数组下标: 1

---------------------------------------------------------------
[ 2023-08-16T19:09:11+08:00 ] [ log ] at666.icu/99/favicon.ico [运行时间：0.009787s][吞吐率：102.18req/s] [内存消耗：1,650.74kb] [文件加载：44]
[ error ] [8]未定义数组下标: 1

---------------------------------------------------------------
[ 2023-08-16T19:09:14+08:00 ] [ log ] at666.icu/99/index/open.html [运行时间：0.010736s][吞吐率：93.14req/s] [内存消耗：1,865.12kb] [文件加载：50]
[ error ] [8]未定义数组下标: 1

---------------------------------------------------------------
[ 2023-08-16T19:17:08+08:00 ] [ log ] at888.icu/99/ [运行时间：0.010510s][吞吐率：95.15req/s] [内存消耗：1,864.80kb] [文件加载：51]
[ error ] [8]未定义数组下标: 1

---------------------------------------------------------------
[ 2023-08-16T19:17:08+08:00 ] [ log ] at888.icu/99/favicon.ico [运行时间：0.032075s][吞吐率：31.18req/s] [内存消耗：1,650.74kb] [文件加载：44]
[ error ] [8]未定义数组下标: 1

---------------------------------------------------------------
[ 2023-08-16T19:17:10+08:00 ] [ log ] at888.icu/99/index/open.html [运行时间：0.014310s][吞吐率：69.88req/s] [内存消耗：1,865.12kb] [文件加载：50]
[ error ] [8]未定义数组下标: 1

---------------------------------------------------------------
[ 2023-08-16T19:17:56+08:00 ] [ log ] at888.icu/99/ [运行时间：0.030793s][吞吐率：32.47req/s] [内存消耗：1,864.80kb] [文件加载：51]
[ error ] [8]未定义数组下标: 1

---------------------------------------------------------------
[ 2023-08-16T19:17:56+08:00 ] [ log ] at888.icu/99/favicon.ico [运行时间：0.013332s][吞吐率：75.01req/s] [内存消耗：1,650.74kb] [文件加载：44]
[ error ] [8]未定义数组下标: 1

---------------------------------------------------------------
[ 2023-08-16T19:17:58+08:00 ] [ log ] at888.icu/99/index/open.html [运行时间：0.011462s][吞吐率：87.25req/s] [内存消耗：1,865.12kb] [文件加载：50]
[ error ] [8]未定义数组下标: 1

---------------------------------------------------------------
[ 2023-08-16T19:18:12+08:00 ] [ log ] at888.icu/99/ [运行时间：0.010623s][吞吐率：94.14req/s] [内存消耗：1,864.80kb] [文件加载：51]
[ error ] [8]未定义数组下标: 1

---------------------------------------------------------------
[ 2023-08-16T19:18:13+08:00 ] [ log ] at888.icu/99/favicon.ico [运行时间：0.009419s][吞吐率：106.17req/s] [内存消耗：1,650.74kb] [文件加载：44]
[ error ] [8]未定义数组下标: 1

---------------------------------------------------------------
[ 2023-08-16T19:18:16+08:00 ] [ log ] at888.icu/99/index/open.html [运行时间：0.011068s][吞吐率：90.35req/s] [内存消耗：1,865.12kb] [文件加载：50]
[ error ] [8]未定义数组下标: 1

---------------------------------------------------------------
[ 2023-08-16T20:15:18+08:00 ] [ log ] at1666.com/99/ [运行时间：0.014747s][吞吐率：67.81req/s] [内存消耗：1,865.34kb] [文件加载：51]
[ error ] [8]未定义数组下标: 1

---------------------------------------------------------------
[ 2023-08-16T20:15:22+08:00 ] [ log ] at1666.com/99/favicon.ico [运行时间：0.010632s][吞吐率：94.06req/s] [内存消耗：1,650.74kb] [文件加载：44]
[ error ] [8]未定义数组下标: 1

---------------------------------------------------------------
[ 2023-08-16T20:15:24+08:00 ] [ log ] at1666.com/99/index/open.html [运行时间：0.010450s][吞吐率：95.69req/s] [内存消耗：1,865.12kb] [文件加载：50]
[ error ] [8]未定义数组下标: 1

---------------------------------------------------------------
[ 2023-08-16T20:35:37+08:00 ] [ log ] at666.icu/99/ [运行时间：0.011401s][吞吐率：87.71req/s] [内存消耗：1,865.34kb] [文件加载：51]
[ error ] [8]未定义数组下标: 1

---------------------------------------------------------------
[ 2023-08-16T20:35:38+08:00 ] [ log ] at666.icu/99/favicon.ico [运行时间：0.009166s][吞吐率：109.10req/s] [内存消耗：1,650.74kb] [文件加载：44]
[ error ] [8]未定义数组下标: 1

---------------------------------------------------------------
[ 2023-08-16T20:35:41+08:00 ] [ log ] at666.icu/99/index/open.html [运行时间：0.016505s][吞吐率：60.59req/s] [内存消耗：1,865.12kb] [文件加载：50]
[ error ] [8]未定义数组下标: 1

---------------------------------------------------------------
[ 2023-08-16T20:37:33+08:00 ] [ log ] at888.icu/99/ [运行时间：0.012748s][吞吐率：78.44req/s] [内存消耗：1,865.34kb] [文件加载：51]
[ error ] [8]未定义数组下标: 1

---------------------------------------------------------------
[ 2023-08-16T20:37:35+08:00 ] [ log ] at888.icu/99/favicon.ico [运行时间：0.009439s][吞吐率：105.94req/s] [内存消耗：1,650.74kb] [文件加载：44]
[ error ] [8]未定义数组下标: 1

---------------------------------------------------------------
[ 2023-08-16T20:37:40+08:00 ] [ log ] at888.icu/99/index/open.html [运行时间：0.015583s][吞吐率：64.17req/s] [内存消耗：1,865.12kb] [文件加载：50]
[ error ] [8]未定义数组下标: 1

---------------------------------------------------------------
[ 2023-08-16T20:44:05+08:00 ] [ log ] at888.icu/99/ [运行时间：0.015809s][吞吐率：63.26req/s] [内存消耗：1,865.34kb] [文件加载：51]
[ error ] [8]未定义数组下标: 1

---------------------------------------------------------------
[ 2023-08-16T20:44:06+08:00 ] [ log ] at888.icu/99/favicon.ico [运行时间：0.011227s][吞吐率：89.07req/s] [内存消耗：1,650.74kb] [文件加载：44]
[ error ] [8]未定义数组下标: 1

---------------------------------------------------------------
[ 2023-08-16T20:44:08+08:00 ] [ log ] at888.icu/99/index/open.html [运行时间：0.010840s][吞吐率：92.25req/s] [内存消耗：1,865.12kb] [文件加载：50]
[ error ] [8]未定义数组下标: 1

---------------------------------------------------------------
[ 2023-08-16T21:30:26+08:00 ] [ log ] at1555.com/99/ [运行时间：0.011165s][吞吐率：89.57req/s] [内存消耗：1,865.34kb] [文件加载：51]
[ error ] [8]未定义数组下标: 1

---------------------------------------------------------------
[ 2023-08-16T21:30:27+08:00 ] [ log ] at1555.com/99/favicon.ico [运行时间：0.009714s][吞吐率：102.94req/s] [内存消耗：1,650.74kb] [文件加载：44]
[ error ] [8]未定义数组下标: 1

---------------------------------------------------------------
[ 2023-08-16T21:30:29+08:00 ] [ log ] at1555.com/99/index/open.html [运行时间：0.010806s][吞吐率：92.54req/s] [内存消耗：1,865.12kb] [文件加载：50]
[ error ] [8]未定义数组下标: 1

---------------------------------------------------------------
[ 2023-08-16T22:06:37+08:00 ] [ log ] at555.icu/99/ [运行时间：0.011720s][吞吐率：85.32req/s] [内存消耗：1,865.34kb] [文件加载：51]
[ error ] [8]未定义数组下标: 1

---------------------------------------------------------------
[ 2023-08-16T22:06:40+08:00 ] [ log ] at555.icu/99/index/open.html [运行时间：0.014517s][吞吐率：68.88req/s] [内存消耗：1,865.12kb] [文件加载：50]
[ error ] [8]未定义数组下标: 1

---------------------------------------------------------------
[ 2023-08-16T23:46:16+08:00 ] [ log ] at1555.com/99/ [运行时间：0.011027s][吞吐率：90.69req/s] [内存消耗：1,865.34kb] [文件加载：51]
[ error ] [8]未定义数组下标: 1

---------------------------------------------------------------
[ 2023-08-16T23:46:17+08:00 ] [ log ] at1555.com/99/favicon.ico [运行时间：0.009926s][吞吐率：100.74req/s] [内存消耗：1,650.74kb] [文件加载：44]
[ error ] [8]未定义数组下标: 1

---------------------------------------------------------------
[ 2023-08-16T23:46:19+08:00 ] [ log ] at1555.com/99/index/open.html [运行时间：0.010879s][吞吐率：91.92req/s] [内存消耗：1,865.12kb] [文件加载：50]
[ error ] [8]未定义数组下标: 1

---------------------------------------------------------------
