[ 2023-08-17T06:07:06+08:00 ] [ log ] at777.icu/99/ [运行时间：0.010960s][吞吐率：91.24req/s] [内存消耗：1,865.34kb] [文件加载：51]
[ error ] [8]未定义数组下标: 1

---------------------------------------------------------------
[ 2023-08-17T06:07:08+08:00 ] [ log ] at777.icu/99/favicon.ico [运行时间：0.011925s][吞吐率：83.86req/s] [内存消耗：1,650.74kb] [文件加载：44]
[ error ] [8]未定义数组下标: 1

---------------------------------------------------------------
[ 2023-08-17T06:07:11+08:00 ] [ log ] at777.icu/99/index/open.html [运行时间：0.016414s][吞吐率：60.92req/s] [内存消耗：1,865.12kb] [文件加载：50]
[ error ] [8]未定义数组下标: 1

---------------------------------------------------------------
[ 2023-08-17T06:08:22+08:00 ] [ log ] at777.icu/99/ [运行时间：0.010993s][吞吐率：90.97req/s] [内存消耗：1,864.80kb] [文件加载：51]
[ error ] [8]未定义数组下标: 1

---------------------------------------------------------------
[ 2023-08-17T06:08:23+08:00 ] [ log ] at777.icu/99/favicon.ico [运行时间：0.009607s][吞吐率：104.09req/s] [内存消耗：1,650.74kb] [文件加载：44]
[ error ] [8]未定义数组下标: 1

---------------------------------------------------------------
[ 2023-08-17T06:08:25+08:00 ] [ log ] at777.icu/99/index/open.html [运行时间：0.039871s][吞吐率：25.08req/s] [内存消耗：1,865.12kb] [文件加载：50]
[ error ] [8]未定义数组下标: 1

---------------------------------------------------------------
[ 2023-08-17T06:12:09+08:00 ] [ log ] at777.icu/99/ [运行时间：0.012528s][吞吐率：79.82req/s] [内存消耗：1,864.80kb] [文件加载：51]
[ error ] [8]未定义数组下标: 1

---------------------------------------------------------------
[ 2023-08-17T06:12:10+08:00 ] [ log ] at777.icu/99/favicon.ico [运行时间：0.029113s][吞吐率：34.35req/s] [内存消耗：1,650.74kb] [文件加载：44]
[ error ] [8]未定义数组下标: 1

---------------------------------------------------------------
[ 2023-08-17T06:12:13+08:00 ] [ log ] at777.icu/99/index/open.html [运行时间：0.020206s][吞吐率：49.49req/s] [内存消耗：1,865.12kb] [文件加载：50]
[ error ] [8]未定义数组下标: 1

---------------------------------------------------------------
[ 2023-08-17T06:33:34+08:00 ] [ log ] at777.icu/99/ [运行时间：0.010685s][吞吐率：93.59req/s] [内存消耗：1,864.80kb] [文件加载：51]
[ error ] [8]未定义数组下标: 1

---------------------------------------------------------------
[ 2023-08-17T06:33:36+08:00 ] [ log ] at777.icu/99/favicon.ico [运行时间：0.009601s][吞吐率：104.16req/s] [内存消耗：1,650.74kb] [文件加载：44]
[ error ] [8]未定义数组下标: 1

---------------------------------------------------------------
[ 2023-08-17T06:33:38+08:00 ] [ log ] at777.icu/99/index/open.html [运行时间：0.013883s][吞吐率：72.03req/s] [内存消耗：1,865.12kb] [文件加载：50]
[ error ] [8]未定义数组下标: 1

---------------------------------------------------------------
[ 2023-08-17T06:35:12+08:00 ] [ log ] at777.icu/99/ [运行时间：0.011470s][吞吐率：87.19req/s] [内存消耗：1,864.80kb] [文件加载：51]
[ error ] [8]未定义数组下标: 1

---------------------------------------------------------------
[ 2023-08-17T06:35:16+08:00 ] [ log ] at777.icu/99/index/open.html [运行时间：0.016774s][吞吐率：59.62req/s] [内存消耗：1,865.12kb] [文件加载：50]
[ error ] [8]未定义数组下标: 1

---------------------------------------------------------------
[ 2023-08-17T06:40:13+08:00 ] [ log ] at777.icu/99/ [运行时间：0.013961s][吞吐率：71.63req/s] [内存消耗：1,864.80kb] [文件加载：51]
[ error ] [8]未定义数组下标: 1

---------------------------------------------------------------
[ 2023-08-17T06:40:13+08:00 ] [ log ] at777.icu/99/favicon.ico [运行时间：0.009218s][吞吐率：108.48req/s] [内存消耗：1,650.74kb] [文件加载：44]
[ error ] [8]未定义数组下标: 1

---------------------------------------------------------------
[ 2023-08-17T06:40:16+08:00 ] [ log ] at777.icu/99/index/open.html [运行时间：0.011040s][吞吐率：90.58req/s] [内存消耗：1,865.12kb] [文件加载：50]
[ error ] [8]未定义数组下标: 1

---------------------------------------------------------------
[ 2023-08-17T07:08:32+08:00 ] [ log ] asd123111.icu/99/ [运行时间：0.011659s][吞吐率：85.77req/s] [内存消耗：1,865.34kb] [文件加载：51]
[ error ] [8]未定义数组下标: 1

---------------------------------------------------------------
[ 2023-08-17T07:08:34+08:00 ] [ log ] asd123111.icu/99/favicon.ico [运行时间：0.009402s][吞吐率：106.36req/s] [内存消耗：1,650.74kb] [文件加载：44]
[ error ] [8]未定义数组下标: 1

---------------------------------------------------------------
[ 2023-08-17T07:08:37+08:00 ] [ log ] asd123111.icu/99/index/open.html [运行时间：0.010919s][吞吐率：91.58req/s] [内存消耗：1,865.13kb] [文件加载：50]
[ error ] [8]未定义数组下标: 1

---------------------------------------------------------------
[ 2023-08-17T07:09:03+08:00 ] [ log ] asd123111.icu/99/ [运行时间：0.014703s][吞吐率：68.01req/s] [内存消耗：1,864.81kb] [文件加载：51]
[ error ] [8]未定义数组下标: 1

---------------------------------------------------------------
[ 2023-08-17T07:09:10+08:00 ] [ log ] asd123111.icu/99/?uc_sm=1 [运行时间：0.011241s][吞吐率：88.96req/s] [内存消耗：1,865.45kb] [文件加载：51]
[ error ] [8]未定义数组下标: 1

---------------------------------------------------------------
[ 2023-08-17T07:09:10+08:00 ] [ log ] asd123111.icu/99/ [运行时间：0.011495s][吞吐率：87.00req/s] [内存消耗：1,864.81kb] [文件加载：51]
[ error ] [8]未定义数组下标: 1

---------------------------------------------------------------
[ 2023-08-17T07:09:11+08:00 ] [ log ] asd123111.icu/99/favicon.ico [运行时间：0.012740s][吞吐率：78.49req/s] [内存消耗：1,650.74kb] [文件加载：44]
[ error ] [8]未定义数组下标: 1

---------------------------------------------------------------
[ 2023-08-17T07:09:13+08:00 ] [ log ] asd123111.icu/99/index/open.html [运行时间：0.010996s][吞吐率：90.94req/s] [内存消耗：1,865.13kb] [文件加载：50]
[ error ] [8]未定义数组下标: 1

---------------------------------------------------------------
[ 2023-08-17T07:09:52+08:00 ] [ log ] asd123111.icu/99/ [运行时间：0.013942s][吞吐率：71.73req/s] [内存消耗：1,864.81kb] [文件加载：51]
[ error ] [8]未定义数组下标: 1

---------------------------------------------------------------
[ 2023-08-17T07:09:52+08:00 ] [ log ] asd123111.icu/99/favicon.ico [运行时间：0.009401s][吞吐率：106.37req/s] [内存消耗：1,650.74kb] [文件加载：44]
[ error ] [8]未定义数组下标: 1

---------------------------------------------------------------
[ 2023-08-17T07:09:54+08:00 ] [ log ] asd123111.icu/99/index/open.html [运行时间：0.018384s][吞吐率：54.39req/s] [内存消耗：1,865.13kb] [文件加载：50]
[ error ] [8]未定义数组下标: 1

---------------------------------------------------------------
[ 2023-08-17T07:10:09+08:00 ] [ log ] asd123111.icu/99/ [运行时间：0.015474s][吞吐率：64.62req/s] [内存消耗：1,864.81kb] [文件加载：51]
[ error ] [8]未定义数组下标: 1

---------------------------------------------------------------
[ 2023-08-17T08:15:08+08:00 ] [ log ] at666.icu/99/ [运行时间：0.010905s][吞吐率：91.70req/s] [内存消耗：1,865.34kb] [文件加载：51]
[ error ] [8]未定义数组下标: 1

---------------------------------------------------------------
[ 2023-08-17T08:15:10+08:00 ] [ log ] at666.icu/99/favicon.ico [运行时间：0.009761s][吞吐率：102.45req/s] [内存消耗：1,650.74kb] [文件加载：44]
[ error ] [8]未定义数组下标: 1

---------------------------------------------------------------
[ 2023-08-17T08:15:12+08:00 ] [ log ] at666.icu/99/index/open.html [运行时间：0.011635s][吞吐率：85.95req/s] [内存消耗：1,865.12kb] [文件加载：50]
[ error ] [8]未定义数组下标: 1

---------------------------------------------------------------
[ 2023-08-17T08:15:23+08:00 ] [ log ] at666.icu/99/ [运行时间：0.010945s][吞吐率：91.37req/s] [内存消耗：1,864.80kb] [文件加载：51]
[ error ] [8]未定义数组下标: 1

---------------------------------------------------------------
[ 2023-08-17T08:15:24+08:00 ] [ log ] at666.icu/99/favicon.ico [运行时间：0.009469s][吞吐率：105.61req/s] [内存消耗：1,650.74kb] [文件加载：44]
[ error ] [8]未定义数组下标: 1

---------------------------------------------------------------
[ 2023-08-17T08:15:26+08:00 ] [ log ] at666.icu/99/index/open.html [运行时间：0.015847s][吞吐率：63.10req/s] [内存消耗：1,865.12kb] [文件加载：50]
[ error ] [8]未定义数组下标: 1

---------------------------------------------------------------
[ 2023-08-17T08:16:06+08:00 ] [ log ] at666.icu/99/ [运行时间：0.013349s][吞吐率：74.91req/s] [内存消耗：1,864.80kb] [文件加载：51]
[ error ] [8]未定义数组下标: 1

---------------------------------------------------------------
[ 2023-08-17T08:16:07+08:00 ] [ log ] at666.icu/99/favicon.ico [运行时间：0.009437s][吞吐率：105.96req/s] [内存消耗：1,650.74kb] [文件加载：44]
[ error ] [8]未定义数组下标: 1

---------------------------------------------------------------
[ 2023-08-17T08:16:09+08:00 ] [ log ] at666.icu/99/index/open.html [运行时间：0.038658s][吞吐率：25.87req/s] [内存消耗：1,865.12kb] [文件加载：50]
[ error ] [8]未定义数组下标: 1

---------------------------------------------------------------
[ 2023-08-17T09:10:54+08:00 ] [ log ] at666.icu/99/ [运行时间：0.019563s][吞吐率：51.12req/s] [内存消耗：1,864.80kb] [文件加载：51]
[ error ] [8]未定义数组下标: 1

---------------------------------------------------------------
[ 2023-08-17T09:10:55+08:00 ] [ log ] at666.icu/99/favicon.ico [运行时间：0.025161s][吞吐率：39.74req/s] [内存消耗：1,650.74kb] [文件加载：44]
[ error ] [8]未定义数组下标: 1

---------------------------------------------------------------
[ 2023-08-17T09:10:57+08:00 ] [ log ] at666.icu/99/index/open.html [运行时间：0.012263s][吞吐率：81.55req/s] [内存消耗：1,865.12kb] [文件加载：50]
[ error ] [8]未定义数组下标: 1

---------------------------------------------------------------
[ 2023-08-17T09:15:52+08:00 ] [ log ] at666.icu/99/ [运行时间：0.010941s][吞吐率：91.40req/s] [内存消耗：1,865.34kb] [文件加载：51]
[ error ] [8]未定义数组下标: 1

---------------------------------------------------------------
[ 2023-08-17T09:15:53+08:00 ] [ log ] at666.icu/99/favicon.ico [运行时间：0.011860s][吞吐率：84.32req/s] [内存消耗：1,650.74kb] [文件加载：44]
[ error ] [8]未定义数组下标: 1

---------------------------------------------------------------
[ 2023-08-17T09:16:29+08:00 ] [ log ] at666.icu/99/index/open.html [运行时间：0.016649s][吞吐率：60.06req/s] [内存消耗：1,865.12kb] [文件加载：50]
[ error ] [8]未定义数组下标: 1

---------------------------------------------------------------
[ 2023-08-17T09:19:02+08:00 ] [ log ] at888.icu/99/ [运行时间：0.037163s][吞吐率：26.91req/s] [内存消耗：1,865.34kb] [文件加载：51]
[ error ] [8]未定义数组下标: 1

---------------------------------------------------------------
[ 2023-08-17T09:19:04+08:00 ] [ log ] at888.icu/99/favicon.ico [运行时间：0.030901s][吞吐率：32.36req/s] [内存消耗：1,650.74kb] [文件加载：44]
[ error ] [8]未定义数组下标: 1

---------------------------------------------------------------
[ 2023-08-17T09:19:05+08:00 ] [ log ] at888.icu/99/index/open.html [运行时间：0.010862s][吞吐率：92.06req/s] [内存消耗：1,865.12kb] [文件加载：50]
[ error ] [8]未定义数组下标: 1

---------------------------------------------------------------
[ 2023-08-17T10:49:42+08:00 ] [ log ] at999.icu/99/ [运行时间：0.011619s][吞吐率：86.07req/s] [内存消耗：1,865.34kb] [文件加载：51]
[ error ] [8]未定义数组下标: 1

---------------------------------------------------------------
[ 2023-08-17T10:49:43+08:00 ] [ log ] at999.icu/99/favicon.ico [运行时间：0.009342s][吞吐率：107.04req/s] [内存消耗：1,650.74kb] [文件加载：44]
[ error ] [8]未定义数组下标: 1

---------------------------------------------------------------
[ 2023-08-17T10:49:46+08:00 ] [ log ] at999.icu/99/index/open.html [运行时间：0.010877s][吞吐率：91.94req/s] [内存消耗：1,865.12kb] [文件加载：50]
[ error ] [8]未定义数组下标: 1

---------------------------------------------------------------
[ 2023-08-17T11:02:06+08:00 ] [ log ] at888.icu/99/ [运行时间：0.019809s][吞吐率：50.48req/s] [内存消耗：1,865.34kb] [文件加载：51]
[ error ] [8]未定义数组下标: 1

---------------------------------------------------------------
[ 2023-08-17T11:02:06+08:00 ] [ log ] at888.icu/99/favicon.ico [运行时间：0.009564s][吞吐率：104.56req/s] [内存消耗：1,650.74kb] [文件加载：44]
[ error ] [8]未定义数组下标: 1

---------------------------------------------------------------
[ 2023-08-17T11:02:07+08:00 ] [ log ] at888.icu/99/?uc_sm=1 [运行时间：0.010917s][吞吐率：91.60req/s] [内存消耗：1,865.97kb] [文件加载：51]
[ error ] [8]未定义数组下标: 1

---------------------------------------------------------------
[ 2023-08-17T11:02:10+08:00 ] [ log ] at888.icu/99/index/open.html [运行时间：0.014409s][吞吐率：69.40req/s] [内存消耗：1,865.12kb] [文件加载：50]
[ error ] [8]未定义数组下标: 1

---------------------------------------------------------------
[ 2023-08-17T12:11:48+08:00 ] [ log ] at666.icu/99/?uc_sm=1 [运行时间：0.010832s][吞吐率：92.32req/s] [内存消耗：1,865.97kb] [文件加载：51]
[ error ] [8]未定义数组下标: 1

---------------------------------------------------------------
[ 2023-08-17T12:11:48+08:00 ] [ log ] at666.icu/99/ [运行时间：0.010459s][吞吐率：95.61req/s] [内存消耗：1,865.34kb] [文件加载：51]
[ error ] [8]未定义数组下标: 1

---------------------------------------------------------------
[ 2023-08-17T12:11:53+08:00 ] [ log ] at666.icu/99/favicon.ico [运行时间：0.009497s][吞吐率：105.30req/s] [内存消耗：1,650.74kb] [文件加载：44]
[ error ] [8]未定义数组下标: 1

---------------------------------------------------------------
[ 2023-08-17T12:11:55+08:00 ] [ log ] at666.icu/99/index/open.html [运行时间：0.024616s][吞吐率：40.62req/s] [内存消耗：1,865.12kb] [文件加载：50]
[ error ] [8]未定义数组下标: 1

---------------------------------------------------------------
[ 2023-08-17T12:12:38+08:00 ] [ log ] at666.icu/99/ [运行时间：0.010923s][吞吐率：91.55req/s] [内存消耗：1,864.80kb] [文件加载：51]
[ error ] [8]未定义数组下标: 1

---------------------------------------------------------------
[ 2023-08-17T12:13:07+08:00 ] [ log ] at666.icu/99/?uc_sm=1 [运行时间：0.011061s][吞吐率：90.41req/s] [内存消耗：1,865.44kb] [文件加载：51]
[ error ] [8]未定义数组下标: 1

---------------------------------------------------------------
[ 2023-08-17T12:13:07+08:00 ] [ log ] at666.icu/99/ [运行时间：0.010483s][吞吐率：95.39req/s] [内存消耗：1,864.80kb] [文件加载：51]
[ error ] [8]未定义数组下标: 1

---------------------------------------------------------------
[ 2023-08-17T12:13:08+08:00 ] [ log ] at666.icu/99/favicon.ico [运行时间：0.009984s][吞吐率：100.16req/s] [内存消耗：1,650.74kb] [文件加载：44]
[ error ] [8]未定义数组下标: 1

---------------------------------------------------------------
[ 2023-08-17T12:14:04+08:00 ] [ log ] at666.icu/99/index/open.html [运行时间：0.011255s][吞吐率：88.85req/s] [内存消耗：1,865.12kb] [文件加载：50]
[ error ] [8]未定义数组下标: 1

---------------------------------------------------------------
[ 2023-08-17T12:22:52+08:00 ] [ log ] at888.icu/99/ [运行时间：0.012171s][吞吐率：82.16req/s] [内存消耗：1,865.34kb] [文件加载：51]
[ error ] [8]未定义数组下标: 1

---------------------------------------------------------------
[ 2023-08-17T12:22:54+08:00 ] [ log ] at888.icu/99/favicon.ico [运行时间：0.009198s][吞吐率：108.72req/s] [内存消耗：1,650.74kb] [文件加载：44]
[ error ] [8]未定义数组下标: 1

---------------------------------------------------------------
[ 2023-08-17T12:22:55+08:00 ] [ log ] at888.icu/99/index/open.html [运行时间：0.012889s][吞吐率：77.59req/s] [内存消耗：1,865.12kb] [文件加载：50]
[ error ] [8]未定义数组下标: 1

---------------------------------------------------------------
[ 2023-08-17T13:01:36+08:00 ] [ log ] at888.icu/99/ [运行时间：0.010883s][吞吐率：91.89req/s] [内存消耗：1,864.80kb] [文件加载：51]
[ error ] [8]未定义数组下标: 1

---------------------------------------------------------------
[ 2023-08-17T13:01:38+08:00 ] [ log ] at888.icu/99/favicon.ico [运行时间：0.009534s][吞吐率：104.89req/s] [内存消耗：1,650.74kb] [文件加载：44]
[ error ] [8]未定义数组下标: 1

---------------------------------------------------------------
[ 2023-08-17T13:01:39+08:00 ] [ log ] at888.icu/99/index/open.html [运行时间：0.010598s][吞吐率：94.36req/s] [内存消耗：1,865.12kb] [文件加载：50]
[ error ] [8]未定义数组下标: 1

---------------------------------------------------------------
[ 2023-08-17T13:27:11+08:00 ] [ log ] at888.icu/99/ [运行时间：0.010839s][吞吐率：92.26req/s] [内存消耗：1,865.34kb] [文件加载：51]
[ error ] [8]未定义数组下标: 1

---------------------------------------------------------------
[ 2023-08-17T13:27:15+08:00 ] [ log ] at888.icu/99/favicon.ico [运行时间：0.009801s][吞吐率：102.03req/s] [内存消耗：1,650.74kb] [文件加载：44]
[ error ] [8]未定义数组下标: 1

---------------------------------------------------------------
[ 2023-08-17T13:27:17+08:00 ] [ log ] at888.icu/99/index/open.html [运行时间：0.011191s][吞吐率：89.36req/s] [内存消耗：1,865.12kb] [文件加载：50]
[ error ] [8]未定义数组下标: 1

---------------------------------------------------------------
[ 2023-08-17T13:40:40+08:00 ] [ log ] at1666.com/99/ [运行时间：0.011647s][吞吐率：85.86req/s] [内存消耗：1,865.34kb] [文件加载：51]
[ error ] [8]未定义数组下标: 1

---------------------------------------------------------------
[ 2023-08-17T13:40:41+08:00 ] [ log ] at1666.com/99/favicon.ico [运行时间：0.009800s][吞吐率：102.04req/s] [内存消耗：1,650.74kb] [文件加载：44]
[ error ] [8]未定义数组下标: 1

---------------------------------------------------------------
[ 2023-08-17T13:40:43+08:00 ] [ log ] at1666.com/99/index/open.html [运行时间：0.011270s][吞吐率：88.73req/s] [内存消耗：1,865.12kb] [文件加载：50]
[ error ] [8]未定义数组下标: 1

---------------------------------------------------------------
[ 2023-08-17T13:58:54+08:00 ] [ log ] at1666.com/99/ [运行时间：0.021759s][吞吐率：45.96req/s] [内存消耗：1,864.80kb] [文件加载：51]
[ error ] [8]未定义数组下标: 1

---------------------------------------------------------------
[ 2023-08-17T16:41:55+08:00 ] [ log ] at888.icu/99/ [运行时间：0.011007s][吞吐率：90.85req/s] [内存消耗：1,865.34kb] [文件加载：51]
[ error ] [8]未定义数组下标: 1

---------------------------------------------------------------
[ 2023-08-17T16:41:55+08:00 ] [ log ] at888.icu/99/?uc_sm=1 [运行时间：0.010933s][吞吐率：91.47req/s] [内存消耗：1,865.97kb] [文件加载：51]
[ error ] [8]未定义数组下标: 1

---------------------------------------------------------------
[ 2023-08-17T16:41:58+08:00 ] [ log ] at888.icu/99/favicon.ico [运行时间：0.012397s][吞吐率：80.67req/s] [内存消耗：1,650.74kb] [文件加载：44]
[ error ] [8]未定义数组下标: 1

---------------------------------------------------------------
[ 2023-08-17T16:42:54+08:00 ] [ log ] at888.icu/99/index/open.html [运行时间：0.011316s][吞吐率：88.37req/s] [内存消耗：1,865.12kb] [文件加载：50]
[ error ] [8]未定义数组下标: 1

---------------------------------------------------------------
[ 2023-08-17T17:07:41+08:00 ] [ log ] at666.icu/99/images/favicon.ico [运行时间：0.010004s][吞吐率：99.96req/s] [内存消耗：1,651.37kb] [文件加载：44]
[ error ] [8]未定义数组下标: 1

---------------------------------------------------------------
[ 2023-08-17T17:07:43+08:00 ] [ log ] at666.icu/99/ [运行时间：0.011038s][吞吐率：90.60req/s] [内存消耗：1,864.80kb] [文件加载：51]
[ error ] [8]未定义数组下标: 1

---------------------------------------------------------------
[ 2023-08-17T17:07:43+08:00 ] [ log ] at666.icu/99/favicon.ico [运行时间：0.014423s][吞吐率：69.33req/s] [内存消耗：1,650.74kb] [文件加载：44]
[ error ] [8]未定义数组下标: 1

---------------------------------------------------------------
[ 2023-08-17T17:07:46+08:00 ] [ log ] at666.icu/99/index/open.html [运行时间：0.010607s][吞吐率：94.28req/s] [内存消耗：1,865.12kb] [文件加载：50]
[ error ] [8]未定义数组下标: 1

---------------------------------------------------------------
[ 2023-08-17T17:08:02+08:00 ] [ log ] at666.icu/99/ [运行时间：0.011064s][吞吐率：90.38req/s] [内存消耗：1,864.80kb] [文件加载：51]
[ error ] [8]未定义数组下标: 1

---------------------------------------------------------------
[ 2023-08-17T17:08:30+08:00 ] [ log ] at666.icu/99/favicon.ico [运行时间：0.014687s][吞吐率：68.09req/s] [内存消耗：1,651.27kb] [文件加载：44]
[ error ] [8]未定义数组下标: 1

---------------------------------------------------------------
[ 2023-08-17T17:08:30+08:00 ] [ log ] at666.icu/99/favicon.ico [运行时间：0.009564s][吞吐率：104.56req/s] [内存消耗：1,650.74kb] [文件加载：44]
[ error ] [8]未定义数组下标: 1

---------------------------------------------------------------
[ 2023-08-17T17:08:33+08:00 ] [ log ] at666.icu/99/favicon.ico [运行时间：0.013640s][吞吐率：73.31req/s] [内存消耗：1,650.74kb] [文件加载：44]
[ error ] [8]未定义数组下标: 1

---------------------------------------------------------------
[ 2023-08-17T17:09:15+08:00 ] [ log ] at666.icu/99/favicon.ico [运行时间：0.029305s][吞吐率：34.12req/s] [内存消耗：1,650.74kb] [文件加载：44]
[ error ] [8]未定义数组下标: 1

---------------------------------------------------------------
[ 2023-08-17T17:09:18+08:00 ] [ log ] at666.icu/99/favicon.ico [运行时间：0.012599s][吞吐率：79.37req/s] [内存消耗：1,650.74kb] [文件加载：44]
[ error ] [8]未定义数组下标: 1

---------------------------------------------------------------
[ 2023-08-17T17:09:19+08:00 ] [ log ] at666.icu/99/favicon.ico [运行时间：0.009684s][吞吐率：103.26req/s] [内存消耗：1,650.74kb] [文件加载：44]
[ error ] [8]未定义数组下标: 1

---------------------------------------------------------------
[ 2023-08-17T17:09:21+08:00 ] [ log ] at666.icu/99/favicon.ico [运行时间：0.025918s][吞吐率：38.58req/s] [内存消耗：1,650.74kb] [文件加载：44]
[ error ] [8]未定义数组下标: 1

---------------------------------------------------------------
[ 2023-08-17T17:09:23+08:00 ] [ log ] at666.icu/99/ [运行时间：0.011016s][吞吐率：90.78req/s] [内存消耗：1,864.80kb] [文件加载：51]
[ error ] [8]未定义数组下标: 1

---------------------------------------------------------------
[ 2023-08-17T17:09:26+08:00 ] [ log ] at666.icu/99/favicon.ico [运行时间：0.009119s][吞吐率：109.66req/s] [内存消耗：1,650.74kb] [文件加载：44]
[ error ] [8]未定义数组下标: 1

---------------------------------------------------------------
[ 2023-08-17T17:09:28+08:00 ] [ log ] at666.icu/99/index/open.html [运行时间：0.015371s][吞吐率：65.06req/s] [内存消耗：1,865.12kb] [文件加载：50]
[ error ] [8]未定义数组下标: 1

---------------------------------------------------------------
[ 2023-08-17T17:16:42+08:00 ] [ log ] asd123111.icu/99/?uc_sm=1 [运行时间：0.011285s][吞吐率：88.61req/s] [内存消耗：1,865.98kb] [文件加载：51]
[ error ] [8]未定义数组下标: 1

---------------------------------------------------------------
[ 2023-08-17T17:16:43+08:00 ] [ log ] asd123111.icu/99/ [运行时间：0.011447s][吞吐率：87.36req/s] [内存消耗：1,865.34kb] [文件加载：51]
[ error ] [8]未定义数组下标: 1

---------------------------------------------------------------
[ 2023-08-17T17:16:49+08:00 ] [ log ] asd123111.icu/99/favicon.ico [运行时间：0.009497s][吞吐率：105.30req/s] [内存消耗：1,650.74kb] [文件加载：44]
[ error ] [8]未定义数组下标: 1

---------------------------------------------------------------
[ 2023-08-17T17:16:51+08:00 ] [ log ] asd123111.icu/99/index/open.html [运行时间：0.014748s][吞吐率：67.81req/s] [内存消耗：1,865.13kb] [文件加载：50]
[ error ] [8]未定义数组下标: 1

---------------------------------------------------------------
[ 2023-08-17T17:18:17+08:00 ] [ log ] at444.icu/99/ [运行时间：0.010809s][吞吐率：92.52req/s] [内存消耗：1,865.34kb] [文件加载：51]
[ error ] [8]未定义数组下标: 1

---------------------------------------------------------------
[ 2023-08-17T17:28:52+08:00 ] [ log ] at888.icu/99/ [运行时间：0.010796s][吞吐率：92.63req/s] [内存消耗：1,865.34kb] [文件加载：51]
[ error ] [8]未定义数组下标: 1

---------------------------------------------------------------
[ 2023-08-17T17:28:53+08:00 ] [ log ] at888.icu/99/favicon.ico [运行时间：0.009337s][吞吐率：107.10req/s] [内存消耗：1,650.74kb] [文件加载：44]
[ error ] [8]未定义数组下标: 1

---------------------------------------------------------------
[ 2023-08-17T17:28:57+08:00 ] [ log ] at888.icu/99/index/open.html [运行时间：0.037685s][吞吐率：26.54req/s] [内存消耗：1,865.12kb] [文件加载：50]
[ error ] [8]未定义数组下标: 1

---------------------------------------------------------------
[ 2023-08-17T19:21:58+08:00 ] [ log ] at666.icu/99/favicon.ico [运行时间：0.009635s][吞吐率：103.79req/s] [内存消耗：1,651.27kb] [文件加载：44]
[ error ] [8]未定义数组下标: 1

---------------------------------------------------------------
[ 2023-08-17T19:21:59+08:00 ] [ log ] at666.icu/99/favicon.ico [运行时间：0.009485s][吞吐率：105.43req/s] [内存消耗：1,650.74kb] [文件加载：44]
[ error ] [8]未定义数组下标: 1

---------------------------------------------------------------
[ 2023-08-17T19:22:02+08:00 ] [ log ] at666.icu/99/favicon.ico [运行时间：0.009473s][吞吐率：105.56req/s] [内存消耗：1,650.74kb] [文件加载：44]
[ error ] [8]未定义数组下标: 1

---------------------------------------------------------------
[ 2023-08-17T19:22:03+08:00 ] [ log ] at666.icu/99/favicon.ico [运行时间：0.027120s][吞吐率：36.87req/s] [内存消耗：1,650.74kb] [文件加载：44]
[ error ] [8]未定义数组下标: 1

---------------------------------------------------------------
[ 2023-08-17T19:22:04+08:00 ] [ log ] at666.icu/99/ [运行时间：0.010692s][吞吐率：93.53req/s] [内存消耗：1,865.34kb] [文件加载：51]
[ error ] [8]未定义数组下标: 1

---------------------------------------------------------------
[ 2023-08-17T19:22:09+08:00 ] [ log ] at666.icu/99/favicon.ico [运行时间：0.032062s][吞吐率：31.19req/s] [内存消耗：1,650.74kb] [文件加载：44]
[ error ] [8]未定义数组下标: 1

---------------------------------------------------------------
[ 2023-08-17T19:22:11+08:00 ] [ log ] at666.icu/99/index/open.html [运行时间：0.010878s][吞吐率：91.93req/s] [内存消耗：1,865.12kb] [文件加载：50]
[ error ] [8]未定义数组下标: 1

---------------------------------------------------------------
[ 2023-08-17T19:22:36+08:00 ] [ log ] at666.icu/99/favicon.ico [运行时间：0.009625s][吞吐率：103.90req/s] [内存消耗：1,650.74kb] [文件加载：44]
[ error ] [8]未定义数组下标: 1

---------------------------------------------------------------
[ 2023-08-17T19:32:58+08:00 ] [ log ] at888.icu/99/ [运行时间：0.010941s][吞吐率：91.40req/s] [内存消耗：1,865.34kb] [文件加载：51]
[ error ] [8]未定义数组下标: 1

---------------------------------------------------------------
[ 2023-08-17T19:32:58+08:00 ] [ log ] at888.icu/99/favicon.ico [运行时间：0.009532s][吞吐率：104.91req/s] [内存消耗：1,650.74kb] [文件加载：44]
[ error ] [8]未定义数组下标: 1

---------------------------------------------------------------
[ 2023-08-17T19:33:00+08:00 ] [ log ] at888.icu/99/index/open.html [运行时间：0.032491s][吞吐率：30.78req/s] [内存消耗：1,865.12kb] [文件加载：50]
[ error ] [8]未定义数组下标: 1

---------------------------------------------------------------
[ 2023-08-17T20:22:32+08:00 ] [ log ] at444.icu/99/ [运行时间：0.017959s][吞吐率：55.68req/s] [内存消耗：1,865.34kb] [文件加载：51]
[ error ] [8]未定义数组下标: 1

---------------------------------------------------------------
[ 2023-08-17T20:22:34+08:00 ] [ log ] at444.icu/99/favicon.ico [运行时间：0.009157s][吞吐率：109.21req/s] [内存消耗：1,650.74kb] [文件加载：44]
[ error ] [8]未定义数组下标: 1

---------------------------------------------------------------
[ 2023-08-17T20:22:41+08:00 ] [ log ] at444.icu/99/index/open.html [运行时间：0.010597s][吞吐率：94.37req/s] [内存消耗：1,865.12kb] [文件加载：50]
[ error ] [8]未定义数组下标: 1

---------------------------------------------------------------
[ 2023-08-17T20:34:33+08:00 ] [ log ] at1666.com/99/ [运行时间：0.016673s][吞吐率：59.98req/s] [内存消耗：1,865.34kb] [文件加载：51]
[ error ] [8]未定义数组下标: 1

---------------------------------------------------------------
[ 2023-08-17T20:34:34+08:00 ] [ log ] at1666.com/99/favicon.ico [运行时间：0.011727s][吞吐率：85.27req/s] [内存消耗：1,650.74kb] [文件加载：44]
[ error ] [8]未定义数组下标: 1

---------------------------------------------------------------
[ 2023-08-17T20:34:36+08:00 ] [ log ] at1666.com/99/index/open.html [运行时间：0.017400s][吞吐率：57.47req/s] [内存消耗：1,865.12kb] [文件加载：50]
[ error ] [8]未定义数组下标: 1

---------------------------------------------------------------
[ 2023-08-17T20:37:23+08:00 ] [ log ] at888.icu/99/ [运行时间：0.038359s][吞吐率：26.07req/s] [内存消耗：1,865.34kb] [文件加载：51]
[ error ] [8]未定义数组下标: 1

---------------------------------------------------------------
[ 2023-08-17T20:37:25+08:00 ] [ log ] at888.icu/99/favicon.ico [运行时间：0.009312s][吞吐率：107.39req/s] [内存消耗：1,650.74kb] [文件加载：44]
[ error ] [8]未定义数组下标: 1

---------------------------------------------------------------
[ 2023-08-17T20:37:27+08:00 ] [ log ] at888.icu/99/index/open.html [运行时间：0.014751s][吞吐率：67.79req/s] [内存消耗：1,865.12kb] [文件加载：50]
[ error ] [8]未定义数组下标: 1

---------------------------------------------------------------
[ 2023-08-17T20:39:40+08:00 ] [ log ] at888.icu/99/ [运行时间：0.016549s][吞吐率：60.43req/s] [内存消耗：1,864.80kb] [文件加载：51]
[ error ] [8]未定义数组下标: 1

---------------------------------------------------------------
[ 2023-08-17T20:39:40+08:00 ] [ log ] at888.icu/99/favicon.ico [运行时间：0.013268s][吞吐率：75.37req/s] [内存消耗：1,650.74kb] [文件加载：44]
[ error ] [8]未定义数组下标: 1

---------------------------------------------------------------
[ 2023-08-17T20:39:44+08:00 ] [ log ] at888.icu/99/index/open.html [运行时间：0.013776s][吞吐率：72.59req/s] [内存消耗：1,865.12kb] [文件加载：50]
[ error ] [8]未定义数组下标: 1

---------------------------------------------------------------
[ 2023-08-17T21:13:54+08:00 ] [ log ] asd123111.icu/99/?uc_sm=1 [运行时间：0.010861s][吞吐率：92.07req/s] [内存消耗：1,865.98kb] [文件加载：51]
[ error ] [8]未定义数组下标: 1

---------------------------------------------------------------
[ 2023-08-17T21:13:54+08:00 ] [ log ] asd123111.icu/99/ [运行时间：0.010954s][吞吐率：91.29req/s] [内存消耗：1,865.34kb] [文件加载：51]
[ error ] [8]未定义数组下标: 1

---------------------------------------------------------------
[ 2023-08-17T21:13:55+08:00 ] [ log ] asd123111.icu/99/favicon.ico [运行时间：0.033656s][吞吐率：29.71req/s] [内存消耗：1,650.74kb] [文件加载：44]
[ error ] [8]未定义数组下标: 1

---------------------------------------------------------------
[ 2023-08-17T21:13:59+08:00 ] [ log ] asd123111.icu/99/index/open.html [运行时间：0.011281s][吞吐率：88.64req/s] [内存消耗：1,865.13kb] [文件加载：50]
[ error ] [8]未定义数组下标: 1

---------------------------------------------------------------
[ 2023-08-17T22:20:46+08:00 ] [ log ] at444.icu/99/ [运行时间：0.014781s][吞吐率：67.65req/s] [内存消耗：1,865.34kb] [文件加载：51]
[ error ] [8]未定义数组下标: 1

---------------------------------------------------------------
[ 2023-08-17T22:26:00+08:00 ] [ log ] at444.icu/99/ [运行时间：0.011424s][吞吐率：87.53req/s] [内存消耗：1,857.63kb] [文件加载：48]
[ error ] [8]Undefined offset: 1

---------------------------------------------------------------
[ 2023-08-17T22:26:02+08:00 ] [ log ] at444.icu/99/favicon.ico [运行时间：0.009514s][吞吐率：105.11req/s] [内存消耗：1,643.13kb] [文件加载：42]
[ error ] [8]Undefined offset: 1

---------------------------------------------------------------
[ 2023-08-17T23:22:45+08:00 ] [ log ] at444.icu/99/ [运行时间：0.011251s][吞吐率：88.88req/s] [内存消耗：1,857.63kb] [文件加载：48]
[ error ] [8]Undefined offset: 1

---------------------------------------------------------------
