[ 2023-08-18T04:07:47+08:00 ] [ log ] at444.icu/99/ [运行时间：0.011066s][吞吐率：90.37req/s] [内存消耗：1,865.34kb] [文件加载：51]
[ error ] [8]未定义数组下标: 1

---------------------------------------------------------------
[ 2023-08-18T04:07:48+08:00 ] [ log ] at444.icu/99/favicon.ico [运行时间：0.010379s][吞吐率：96.35req/s] [内存消耗：1,650.74kb] [文件加载：44]
[ error ] [8]未定义数组下标: 1

---------------------------------------------------------------
[ 2023-08-18T04:34:23+08:00 ] [ log ] asd123111.icu/99/?uc_sm=1 [运行时间：0.011473s][吞吐率：87.16req/s] [内存消耗：1,865.98kb] [文件加载：51]
[ error ] [8]未定义数组下标: 1

---------------------------------------------------------------
[ 2023-08-18T04:34:23+08:00 ] [ log ] asd123111.icu/99/ [运行时间：0.028228s][吞吐率：35.43req/s] [内存消耗：1,865.34kb] [文件加载：51]
[ error ] [8]未定义数组下标: 1

---------------------------------------------------------------
[ 2023-08-18T04:34:25+08:00 ] [ log ] asd123111.icu/99/favicon.ico [运行时间：0.009437s][吞吐率：105.97req/s] [内存消耗：1,650.74kb] [文件加载：44]
[ error ] [8]未定义数组下标: 1

---------------------------------------------------------------
[ 2023-08-18T04:34:30+08:00 ] [ log ] asd123111.icu/99/index/open.html [运行时间：0.011487s][吞吐率：87.05req/s] [内存消耗：1,865.13kb] [文件加载：50]
[ error ] [8]未定义数组下标: 1

---------------------------------------------------------------
[ 2023-08-18T06:41:06+08:00 ] [ log ] at888.icu/99/ [运行时间：0.011556s][吞吐率：86.54req/s] [内存消耗：1,865.34kb] [文件加载：51]
[ error ] [8]未定义数组下标: 1

---------------------------------------------------------------
[ 2023-08-18T06:41:08+08:00 ] [ log ] at888.icu/99/favicon.ico [运行时间：0.009456s][吞吐率：105.75req/s] [内存消耗：1,650.74kb] [文件加载：44]
[ error ] [8]未定义数组下标: 1

---------------------------------------------------------------
[ 2023-08-18T06:41:10+08:00 ] [ log ] at888.icu/99/index/open.html [运行时间：0.029176s][吞吐率：34.27req/s] [内存消耗：1,865.12kb] [文件加载：50]
[ error ] [8]未定义数组下标: 1

---------------------------------------------------------------
[ 2023-08-18T07:19:39+08:00 ] [ log ] at777.icu/99/ [运行时间：0.010933s][吞吐率：91.47req/s] [内存消耗：1,865.34kb] [文件加载：51]
[ error ] [8]未定义数组下标: 1

---------------------------------------------------------------
[ 2023-08-18T07:19:41+08:00 ] [ log ] at777.icu/99/favicon.ico [运行时间：0.009930s][吞吐率：100.70req/s] [内存消耗：1,650.74kb] [文件加载：44]
[ error ] [8]未定义数组下标: 1

---------------------------------------------------------------
[ 2023-08-18T07:19:43+08:00 ] [ log ] at777.icu/99/index/open.html [运行时间：0.012140s][吞吐率：82.37req/s] [内存消耗：1,865.12kb] [文件加载：50]
[ error ] [8]未定义数组下标: 1

---------------------------------------------------------------
[ 2023-08-18T07:27:14+08:00 ] [ log ] at777.icu/99/ [运行时间：0.010699s][吞吐率：93.47req/s] [内存消耗：1,864.80kb] [文件加载：51]
[ error ] [8]未定义数组下标: 1

---------------------------------------------------------------
[ 2023-08-18T07:27:15+08:00 ] [ log ] at777.icu/99/favicon.ico [运行时间：0.014454s][吞吐率：69.19req/s] [内存消耗：1,650.74kb] [文件加载：44]
[ error ] [8]未定义数组下标: 1

---------------------------------------------------------------
[ 2023-08-18T07:27:18+08:00 ] [ log ] at777.icu/99/index/open.html [运行时间：0.015735s][吞吐率：63.55req/s] [内存消耗：1,865.12kb] [文件加载：50]
[ error ] [8]未定义数组下标: 1

---------------------------------------------------------------
[ 2023-08-18T07:28:01+08:00 ] [ log ] at777.icu/99/index/open.html [运行时间：0.016110s][吞吐率：62.07req/s] [内存消耗：1,865.12kb] [文件加载：50]
[ error ] [8]未定义数组下标: 1

---------------------------------------------------------------
[ 2023-08-18T07:30:20+08:00 ] [ log ] at777.icu/99/ [运行时间：0.011294s][吞吐率：88.54req/s] [内存消耗：1,864.80kb] [文件加载：51]
[ error ] [8]未定义数组下标: 1

---------------------------------------------------------------
[ 2023-08-18T07:30:21+08:00 ] [ log ] at777.icu/99/favicon.ico [运行时间：0.010039s][吞吐率：99.61req/s] [内存消耗：1,650.74kb] [文件加载：44]
[ error ] [8]未定义数组下标: 1

---------------------------------------------------------------
[ 2023-08-18T07:30:24+08:00 ] [ log ] at777.icu/99/index/open.html [运行时间：0.010841s][吞吐率：92.24req/s] [内存消耗：1,865.12kb] [文件加载：50]
[ error ] [8]未定义数组下标: 1

---------------------------------------------------------------
[ 2023-08-18T07:47:31+08:00 ] [ log ] at777.icu/99/ [运行时间：0.011627s][吞吐率：86.01req/s] [内存消耗：1,864.80kb] [文件加载：51]
[ error ] [8]未定义数组下标: 1

---------------------------------------------------------------
[ 2023-08-18T07:47:32+08:00 ] [ log ] at777.icu/99/favicon.ico [运行时间：0.009317s][吞吐率：107.33req/s] [内存消耗：1,650.74kb] [文件加载：44]
[ error ] [8]未定义数组下标: 1

---------------------------------------------------------------
[ 2023-08-18T07:47:34+08:00 ] [ log ] at777.icu/99/index/open.html [运行时间：0.011130s][吞吐率：89.85req/s] [内存消耗：1,865.12kb] [文件加载：50]
[ error ] [8]未定义数组下标: 1

---------------------------------------------------------------
[ 2023-08-18T07:50:13+08:00 ] [ log ] at777.icu/99/ [运行时间：0.020953s][吞吐率：47.73req/s] [内存消耗：1,864.80kb] [文件加载：51]
[ error ] [8]未定义数组下标: 1

---------------------------------------------------------------
[ 2023-08-18T07:50:14+08:00 ] [ log ] at777.icu/99/favicon.ico [运行时间：0.010020s][吞吐率：99.80req/s] [内存消耗：1,650.74kb] [文件加载：44]
[ error ] [8]未定义数组下标: 1

---------------------------------------------------------------
[ 2023-08-18T07:50:16+08:00 ] [ log ] at777.icu/99/index/open.html [运行时间：0.023766s][吞吐率：42.08req/s] [内存消耗：1,865.12kb] [文件加载：50]
[ error ] [8]未定义数组下标: 1

---------------------------------------------------------------
[ 2023-08-18T07:50:29+08:00 ] [ log ] at777.icu/99/index/open.html [运行时间：0.010786s][吞吐率：92.71req/s] [内存消耗：1,865.12kb] [文件加载：50]
[ error ] [8]未定义数组下标: 1

---------------------------------------------------------------
[ 2023-08-18T08:07:25+08:00 ] [ log ] at777.icu/99/ [运行时间：0.014033s][吞吐率：71.26req/s] [内存消耗：1,864.80kb] [文件加载：51]
[ error ] [8]未定义数组下标: 1

---------------------------------------------------------------
[ 2023-08-18T08:07:26+08:00 ] [ log ] at777.icu/99/favicon.ico [运行时间：0.010052s][吞吐率：99.48req/s] [内存消耗：1,650.74kb] [文件加载：44]
[ error ] [8]未定义数组下标: 1

---------------------------------------------------------------
[ 2023-08-18T08:07:29+08:00 ] [ log ] at777.icu/99/index/open.html [运行时间：0.033708s][吞吐率：29.67req/s] [内存消耗：1,865.12kb] [文件加载：50]
[ error ] [8]未定义数组下标: 1

---------------------------------------------------------------
[ 2023-08-18T08:09:11+08:00 ] [ log ] at777.icu/99/ [运行时间：0.010696s][吞吐率：93.49req/s] [内存消耗：1,864.80kb] [文件加载：51]
[ error ] [8]未定义数组下标: 1

---------------------------------------------------------------
[ 2023-08-18T08:09:11+08:00 ] [ log ] at777.icu/99/favicon.ico [运行时间：0.019403s][吞吐率：51.54req/s] [内存消耗：1,650.74kb] [文件加载：44]
[ error ] [8]未定义数组下标: 1

---------------------------------------------------------------
[ 2023-08-18T08:09:13+08:00 ] [ log ] at777.icu/99/index/open.html [运行时间：0.013363s][吞吐率：74.83req/s] [内存消耗：1,865.12kb] [文件加载：50]
[ error ] [8]未定义数组下标: 1

---------------------------------------------------------------
[ 2023-08-18T08:11:20+08:00 ] [ log ] at777.icu/99/ [运行时间：0.011517s][吞吐率：86.83req/s] [内存消耗：1,864.80kb] [文件加载：51]
[ error ] [8]未定义数组下标: 1

---------------------------------------------------------------
[ 2023-08-18T08:11:21+08:00 ] [ log ] at777.icu/99/favicon.ico [运行时间：0.009157s][吞吐率：109.21req/s] [内存消耗：1,650.74kb] [文件加载：44]
[ error ] [8]未定义数组下标: 1

---------------------------------------------------------------
[ 2023-08-18T08:11:23+08:00 ] [ log ] at777.icu/99/index/open.html [运行时间：0.011522s][吞吐率：86.79req/s] [内存消耗：1,865.12kb] [文件加载：50]
[ error ] [8]未定义数组下标: 1

---------------------------------------------------------------
[ 2023-08-18T08:12:16+08:00 ] [ log ] at777.icu/99/ [运行时间：0.011223s][吞吐率：89.10req/s] [内存消耗：1,864.80kb] [文件加载：51]
[ error ] [8]未定义数组下标: 1

---------------------------------------------------------------
[ 2023-08-18T08:12:21+08:00 ] [ log ] at777.icu/99/index/open.html [运行时间：0.010745s][吞吐率：93.07req/s] [内存消耗：1,865.12kb] [文件加载：50]
[ error ] [8]未定义数组下标: 1

---------------------------------------------------------------
[ 2023-08-18T09:20:45+08:00 ] [ log ] at777.icu/99/ [运行时间：0.030852s][吞吐率：32.41req/s] [内存消耗：1,865.34kb] [文件加载：51]
[ error ] [8]未定义数组下标: 1

---------------------------------------------------------------
[ 2023-08-18T09:20:46+08:00 ] [ log ] at777.icu/99/favicon.ico [运行时间：0.016791s][吞吐率：59.56req/s] [内存消耗：1,650.74kb] [文件加载：44]
[ error ] [8]未定义数组下标: 1

---------------------------------------------------------------
[ 2023-08-18T09:20:48+08:00 ] [ log ] at777.icu/99/index/open.html [运行时间：0.011292s][吞吐率：88.56req/s] [内存消耗：1,865.12kb] [文件加载：50]
[ error ] [8]未定义数组下标: 1

---------------------------------------------------------------
[ 2023-08-18T09:24:40+08:00 ] [ log ] at777.icu/99/ [运行时间：0.010891s][吞吐率：91.82req/s] [内存消耗：1,864.80kb] [文件加载：51]
[ error ] [8]未定义数组下标: 1

---------------------------------------------------------------
[ 2023-08-18T09:24:41+08:00 ] [ log ] at777.icu/99/favicon.ico [运行时间：0.010091s][吞吐率：99.10req/s] [内存消耗：1,650.74kb] [文件加载：44]
[ error ] [8]未定义数组下标: 1

---------------------------------------------------------------
[ 2023-08-18T09:24:43+08:00 ] [ log ] at777.icu/99/index/open.html [运行时间：0.010660s][吞吐率：93.81req/s] [内存消耗：1,865.12kb] [文件加载：50]
[ error ] [8]未定义数组下标: 1

---------------------------------------------------------------
[ 2023-08-18T09:33:56+08:00 ] [ log ] at444.icu/99/ [运行时间：0.034163s][吞吐率：29.27req/s] [内存消耗：1,865.34kb] [文件加载：51]
[ error ] [8]未定义数组下标: 1

---------------------------------------------------------------
[ 2023-08-18T09:33:58+08:00 ] [ log ] at444.icu/99/favicon.ico [运行时间：0.009629s][吞吐率：103.85req/s] [内存消耗：1,650.74kb] [文件加载：44]
[ error ] [8]未定义数组下标: 1

---------------------------------------------------------------
[ 2023-08-18T09:36:44+08:00 ] [ log ] at444.icu/99/index/open.html [运行时间：0.036594s][吞吐率：27.33req/s] [内存消耗：1,865.12kb] [文件加载：50]
[ error ] [8]未定义数组下标: 1

---------------------------------------------------------------
[ 2023-08-18T09:37:10+08:00 ] [ log ] at444.icu/99/ [运行时间：0.010999s][吞吐率：90.92req/s] [内存消耗：1,864.80kb] [文件加载：51]
[ error ] [8]未定义数组下标: 1

---------------------------------------------------------------
[ 2023-08-18T09:37:27+08:00 ] [ log ] at555.icu/99/ [运行时间：0.010943s][吞吐率：91.38req/s] [内存消耗：1,865.34kb] [文件加载：51]
[ error ] [8]未定义数组下标: 1

---------------------------------------------------------------
[ 2023-08-18T09:37:28+08:00 ] [ log ] at555.icu/99/favicon.ico [运行时间：0.012642s][吞吐率：79.10req/s] [内存消耗：1,650.74kb] [文件加载：44]
[ error ] [8]未定义数组下标: 1

---------------------------------------------------------------
[ 2023-08-18T09:37:31+08:00 ] [ log ] at555.icu/99/index/open.html [运行时间：0.010979s][吞吐率：91.08req/s] [内存消耗：1,865.12kb] [文件加载：50]
[ error ] [8]未定义数组下标: 1

---------------------------------------------------------------
[ 2023-08-18T09:37:48+08:00 ] [ log ] at555.icu/99/ [运行时间：0.026527s][吞吐率：37.70req/s] [内存消耗：1,864.80kb] [文件加载：51]
[ error ] [8]未定义数组下标: 1

---------------------------------------------------------------
[ 2023-08-18T09:38:09+08:00 ] [ log ] at666.icu/99/ [运行时间：0.011321s][吞吐率：88.33req/s] [内存消耗：1,865.34kb] [文件加载：51]
[ error ] [8]未定义数组下标: 1

---------------------------------------------------------------
[ 2023-08-18T09:38:12+08:00 ] [ log ] at666.icu/99/index/open.html [运行时间：0.011476s][吞吐率：87.14req/s] [内存消耗：1,865.12kb] [文件加载：50]
[ error ] [8]未定义数组下标: 1

---------------------------------------------------------------
[ 2023-08-18T09:39:00+08:00 ] [ log ] at1777.com/99/ [运行时间：0.010956s][吞吐率：91.27req/s] [内存消耗：1,865.34kb] [文件加载：51]
[ error ] [8]未定义数组下标: 1

---------------------------------------------------------------
[ 2023-08-18T09:39:02+08:00 ] [ log ] at1777.com/99/favicon.ico [运行时间：0.009248s][吞吐率：108.13req/s] [内存消耗：1,650.74kb] [文件加载：44]
[ error ] [8]未定义数组下标: 1

---------------------------------------------------------------
[ 2023-08-18T09:39:07+08:00 ] [ log ] at1777.com/99/index/open.html [运行时间：0.010906s][吞吐率：91.69req/s] [内存消耗：1,865.12kb] [文件加载：50]
[ error ] [8]未定义数组下标: 1

---------------------------------------------------------------
[ 2023-08-18T09:39:14+08:00 ] [ log ] at1777.com/99/index/open.html [运行时间：0.016801s][吞吐率：59.52req/s] [内存消耗：1,865.12kb] [文件加载：50]
[ error ] [8]未定义数组下标: 1

---------------------------------------------------------------
[ 2023-08-18T09:40:26+08:00 ] [ log ] at1777.com/99/index/open.html [运行时间：0.010540s][吞吐率：94.88req/s] [内存消耗：1,865.12kb] [文件加载：50]
[ error ] [8]未定义数组下标: 1

---------------------------------------------------------------
[ 2023-08-18T10:34:11+08:00 ] [ log ] at888.icu/99/ [运行时间：0.014502s][吞吐率：68.96req/s] [内存消耗：1,865.34kb] [文件加载：51]
[ error ] [8]未定义数组下标: 1

---------------------------------------------------------------
[ 2023-08-18T10:34:12+08:00 ] [ log ] at888.icu/99/favicon.ico [运行时间：0.009437s][吞吐率：105.97req/s] [内存消耗：1,650.74kb] [文件加载：44]
[ error ] [8]未定义数组下标: 1

---------------------------------------------------------------
[ 2023-08-18T10:34:15+08:00 ] [ log ] at888.icu/99/index/open.html [运行时间：0.023463s][吞吐率：42.62req/s] [内存消耗：1,865.12kb] [文件加载：50]
[ error ] [8]未定义数组下标: 1

---------------------------------------------------------------
[ 2023-08-18T10:36:43+08:00 ] [ log ] at888.icu/99/ [运行时间：0.010883s][吞吐率：91.89req/s] [内存消耗：1,864.80kb] [文件加载：51]
[ error ] [8]未定义数组下标: 1

---------------------------------------------------------------
[ 2023-08-18T10:36:44+08:00 ] [ log ] at888.icu/99/favicon.ico [运行时间：0.014511s][吞吐率：68.91req/s] [内存消耗：1,650.74kb] [文件加载：44]
[ error ] [8]未定义数组下标: 1

---------------------------------------------------------------
[ 2023-08-18T10:36:46+08:00 ] [ log ] at888.icu/99/index/open.html [运行时间：0.010734s][吞吐率：93.16req/s] [内存消耗：1,865.12kb] [文件加载：50]
[ error ] [8]未定义数组下标: 1

---------------------------------------------------------------
[ 2023-08-18T10:54:35+08:00 ] [ log ] at888.icu/99/?uc_sm=1 [运行时间：0.027893s][吞吐率：35.85req/s] [内存消耗：1,865.97kb] [文件加载：51]
[ error ] [8]未定义数组下标: 1

---------------------------------------------------------------
[ 2023-08-18T10:58:35+08:00 ] [ log ] at888.icu/99/ [运行时间：0.015842s][吞吐率：63.12req/s] [内存消耗：1,865.34kb] [文件加载：51]
[ error ] [8]未定义数组下标: 1

---------------------------------------------------------------
[ 2023-08-18T10:58:38+08:00 ] [ log ] at888.icu/99/?uc_sm=1 [运行时间：0.038773s][吞吐率：25.79req/s] [内存消耗：1,865.97kb] [文件加载：51]
[ error ] [8]未定义数组下标: 1

---------------------------------------------------------------
[ 2023-08-18T10:58:40+08:00 ] [ log ] at888.icu/99/favicon.ico [运行时间：0.009921s][吞吐率：100.80req/s] [内存消耗：1,650.74kb] [文件加载：44]
[ error ] [8]未定义数组下标: 1

---------------------------------------------------------------
[ 2023-08-18T10:58:43+08:00 ] [ log ] at888.icu/99/index/open.html [运行时间：0.010528s][吞吐率：94.99req/s] [内存消耗：1,865.12kb] [文件加载：50]
[ error ] [8]未定义数组下标: 1

---------------------------------------------------------------
[ 2023-08-18T11:02:00+08:00 ] [ log ] asd123111.icu/99/ [运行时间：0.017478s][吞吐率：57.21req/s] [内存消耗：1,865.34kb] [文件加载：51]
[ error ] [8]未定义数组下标: 1

---------------------------------------------------------------
[ 2023-08-18T11:02:00+08:00 ] [ log ] asd123111.icu/99/favicon.ico [运行时间：0.009922s][吞吐率：100.79req/s] [内存消耗：1,650.74kb] [文件加载：44]
[ error ] [8]未定义数组下标: 1

---------------------------------------------------------------
[ 2023-08-18T11:02:02+08:00 ] [ log ] asd123111.icu/99/?uc_sm=1 [运行时间：0.011362s][吞吐率：88.01req/s] [内存消耗：1,865.45kb] [文件加载：51]
[ error ] [8]未定义数组下标: 1

---------------------------------------------------------------
[ 2023-08-18T11:02:03+08:00 ] [ log ] asd123111.icu/99/ [运行时间：0.010935s][吞吐率：91.45req/s] [内存消耗：1,864.81kb] [文件加载：51]
[ error ] [8]未定义数组下标: 1

---------------------------------------------------------------
[ 2023-08-18T11:02:03+08:00 ] [ log ] asd123111.icu/99/favicon.ico [运行时间：0.009403s][吞吐率：106.35req/s] [内存消耗：1,650.74kb] [文件加载：44]
[ error ] [8]未定义数组下标: 1

---------------------------------------------------------------
[ 2023-08-18T11:02:06+08:00 ] [ log ] asd123111.icu/99/index/open.html [运行时间：0.011001s][吞吐率：90.90req/s] [内存消耗：1,865.13kb] [文件加载：50]
[ error ] [8]未定义数组下标: 1

---------------------------------------------------------------
[ 2023-08-18T11:55:58+08:00 ] [ log ] at888.icu/99/favicon.ico [运行时间：0.009509s][吞吐率：105.16req/s] [内存消耗：1,651.28kb] [文件加载：44]
[ error ] [8]未定义数组下标: 1

---------------------------------------------------------------
[ 2023-08-18T11:56:01+08:00 ] [ log ] at888.icu/99/favicon.ico [运行时间：0.009499s][吞吐率：105.27req/s] [内存消耗：1,650.74kb] [文件加载：44]
[ error ] [8]未定义数组下标: 1

---------------------------------------------------------------
[ 2023-08-18T11:56:04+08:00 ] [ log ] at888.icu/99/favicon.ico [运行时间：0.009449s][吞吐率：105.83req/s] [内存消耗：1,650.74kb] [文件加载：44]
[ error ] [8]未定义数组下标: 1

---------------------------------------------------------------
[ 2023-08-18T11:56:07+08:00 ] [ log ] at888.icu/99/favicon.ico [运行时间：0.012911s][吞吐率：77.45req/s] [内存消耗：1,650.74kb] [文件加载：44]
[ error ] [8]未定义数组下标: 1

---------------------------------------------------------------
[ 2023-08-18T12:45:05+08:00 ] [ log ] at999.icu/99/ [运行时间：0.012408s][吞吐率：80.59req/s] [内存消耗：1,865.34kb] [文件加载：51]
[ error ] [8]未定义数组下标: 1

---------------------------------------------------------------
[ 2023-08-18T12:45:07+08:00 ] [ log ] at999.icu/99/favicon.ico [运行时间：0.009466s][吞吐率：105.64req/s] [内存消耗：1,650.74kb] [文件加载：44]
[ error ] [8]未定义数组下标: 1

---------------------------------------------------------------
[ 2023-08-18T12:45:09+08:00 ] [ log ] at999.icu/99/ [运行时间：0.010699s][吞吐率：93.47req/s] [内存消耗：1,864.80kb] [文件加载：51]
[ error ] [8]未定义数组下标: 1

---------------------------------------------------------------
[ 2023-08-18T12:45:09+08:00 ] [ log ] at999.icu/99/favicon.ico [运行时间：0.014008s][吞吐率：71.39req/s] [内存消耗：1,650.74kb] [文件加载：44]
[ error ] [8]未定义数组下标: 1

---------------------------------------------------------------
[ 2023-08-18T12:45:11+08:00 ] [ log ] at999.icu/99/index/open.html [运行时间：0.016284s][吞吐率：61.41req/s] [内存消耗：1,865.12kb] [文件加载：50]
[ error ] [8]未定义数组下标: 1

---------------------------------------------------------------
[ 2023-08-18T12:45:24+08:00 ] [ log ] at999.icu/99/ [运行时间：0.033549s][吞吐率：29.81req/s] [内存消耗：1,864.80kb] [文件加载：51]
[ error ] [8]未定义数组下标: 1

---------------------------------------------------------------
[ 2023-08-18T12:45:27+08:00 ] [ log ] at999.icu/99/index/open.html [运行时间：0.010699s][吞吐率：93.47req/s] [内存消耗：1,865.12kb] [文件加载：50]
[ error ] [8]未定义数组下标: 1

---------------------------------------------------------------
[ 2023-08-18T12:46:12+08:00 ] [ log ] at999.icu/99/ [运行时间：0.040846s][吞吐率：24.48req/s] [内存消耗：1,864.80kb] [文件加载：51]
[ error ] [8]未定义数组下标: 1

---------------------------------------------------------------
[ 2023-08-18T12:46:16+08:00 ] [ log ] at999.icu/99/index/open.html [运行时间：0.010717s][吞吐率：93.31req/s] [内存消耗：1,865.12kb] [文件加载：50]
[ error ] [8]未定义数组下标: 1

---------------------------------------------------------------
[ 2023-08-18T12:46:34+08:00 ] [ log ] at999.icu/99/index/open.html [运行时间：0.010789s][吞吐率：92.69req/s] [内存消耗：1,865.12kb] [文件加载：50]
[ error ] [8]未定义数组下标: 1

---------------------------------------------------------------
[ 2023-08-18T13:07:54+08:00 ] [ log ] at888.icu/99/ [运行时间：0.010941s][吞吐率：91.40req/s] [内存消耗：1,865.34kb] [文件加载：51]
[ error ] [8]未定义数组下标: 1

---------------------------------------------------------------
[ 2023-08-18T13:07:55+08:00 ] [ log ] at888.icu/99/favicon.ico [运行时间：0.013503s][吞吐率：74.06req/s] [内存消耗：1,650.74kb] [文件加载：44]
[ error ] [8]未定义数组下标: 1

---------------------------------------------------------------
[ 2023-08-18T13:07:58+08:00 ] [ log ] at888.icu/99/index/open.html [运行时间：0.013019s][吞吐率：76.81req/s] [内存消耗：1,865.12kb] [文件加载：50]
[ error ] [8]未定义数组下标: 1

---------------------------------------------------------------
[ 2023-08-18T13:20:48+08:00 ] [ log ] at777.icu/99/ [运行时间：0.011735s][吞吐率：85.22req/s] [内存消耗：1,865.34kb] [文件加载：51]
[ error ] [8]未定义数组下标: 1

---------------------------------------------------------------
[ 2023-08-18T13:20:50+08:00 ] [ log ] at777.icu/99/favicon.ico [运行时间：0.026011s][吞吐率：38.45req/s] [内存消耗：1,650.74kb] [文件加载：44]
[ error ] [8]未定义数组下标: 1

---------------------------------------------------------------
[ 2023-08-18T13:20:52+08:00 ] [ log ] at777.icu/99/index/open.html [运行时间：0.015877s][吞吐率：62.98req/s] [内存消耗：1,865.12kb] [文件加载：50]
[ error ] [8]未定义数组下标: 1

---------------------------------------------------------------
[ 2023-08-18T13:21:04+08:00 ] [ log ] at777.icu/99/index/open.html [运行时间：0.010980s][吞吐率：91.07req/s] [内存消耗：1,865.12kb] [文件加载：50]
[ error ] [8]未定义数组下标: 1

---------------------------------------------------------------
[ 2023-08-18T13:21:42+08:00 ] [ log ] at777.icu/99/index/open.html [运行时间：0.013953s][吞吐率：71.67req/s] [内存消耗：1,865.12kb] [文件加载：50]
[ error ] [8]未定义数组下标: 1

---------------------------------------------------------------
[ 2023-08-18T13:35:19+08:00 ] [ log ] at888.icu/99/favicon.ico [运行时间：0.034068s][吞吐率：29.35req/s] [内存消耗：1,651.28kb] [文件加载：44]
[ error ] [8]未定义数组下标: 1

---------------------------------------------------------------
[ 2023-08-18T13:35:20+08:00 ] [ log ] at1666.com/99/ [运行时间：0.011171s][吞吐率：89.52req/s] [内存消耗：1,865.34kb] [文件加载：51]
[ error ] [8]未定义数组下标: 1

---------------------------------------------------------------
[ 2023-08-18T13:35:21+08:00 ] [ log ] at1666.com/99/favicon.ico [运行时间：0.009656s][吞吐率：103.56req/s] [内存消耗：1,650.74kb] [文件加载：44]
[ error ] [8]未定义数组下标: 1

---------------------------------------------------------------
[ 2023-08-18T13:35:26+08:00 ] [ log ] at1666.com/99/index/open.html [运行时间：0.011526s][吞吐率：86.76req/s] [内存消耗：1,865.12kb] [文件加载：50]
[ error ] [8]未定义数组下标: 1

---------------------------------------------------------------
[ 2023-08-18T13:38:40+08:00 ] [ log ] at888.icu/99/?uc_sm=1 [运行时间：0.011127s][吞吐率：89.87req/s] [内存消耗：1,865.97kb] [文件加载：51]
[ error ] [8]未定义数组下标: 1

---------------------------------------------------------------
[ 2023-08-18T13:38:40+08:00 ] [ log ] at888.icu/99/ [运行时间：0.011344s][吞吐率：88.15req/s] [内存消耗：1,865.34kb] [文件加载：51]
[ error ] [8]未定义数组下标: 1

---------------------------------------------------------------
[ 2023-08-18T15:06:42+08:00 ] [ log ] at888.icu/99/ [运行时间：0.027708s][吞吐率：36.09req/s] [内存消耗：1,865.34kb] [文件加载：51]
[ error ] [8]未定义数组下标: 1

---------------------------------------------------------------
[ 2023-08-18T15:06:43+08:00 ] [ log ] at888.icu/99/favicon.ico [运行时间：0.009096s][吞吐率：109.94req/s] [内存消耗：1,650.74kb] [文件加载：44]
[ error ] [8]未定义数组下标: 1

---------------------------------------------------------------
[ 2023-08-18T15:06:46+08:00 ] [ log ] at888.icu/99/index/open.html [运行时间：0.011951s][吞吐率：83.68req/s] [内存消耗：1,865.12kb] [文件加载：50]
[ error ] [8]未定义数组下标: 1

---------------------------------------------------------------
[ 2023-08-18T15:54:39+08:00 ] [ log ] at777.icu/99/ [运行时间：0.022566s][吞吐率：44.31req/s] [内存消耗：1,865.34kb] [文件加载：51]
[ error ] [8]未定义数组下标: 1

---------------------------------------------------------------
[ 2023-08-18T15:54:43+08:00 ] [ log ] at777.icu/99/favicon.ico [运行时间：0.012796s][吞吐率：78.15req/s] [内存消耗：1,650.74kb] [文件加载：44]
[ error ] [8]未定义数组下标: 1

---------------------------------------------------------------
[ 2023-08-18T15:54:46+08:00 ] [ log ] at777.icu/99/index/open.html [运行时间：0.011400s][吞吐率：87.72req/s] [内存消耗：1,865.12kb] [文件加载：50]
[ error ] [8]未定义数组下标: 1

---------------------------------------------------------------
[ 2023-08-18T16:56:37+08:00 ] [ log ] at777.icu/99/ [运行时间：0.010686s][吞吐率：93.58req/s] [内存消耗：1,865.34kb] [文件加载：51]
[ error ] [8]未定义数组下标: 1

---------------------------------------------------------------
[ 2023-08-18T16:56:39+08:00 ] [ log ] at777.icu/99/favicon.ico [运行时间：0.009579s][吞吐率：104.40req/s] [内存消耗：1,650.74kb] [文件加载：44]
[ error ] [8]未定义数组下标: 1

---------------------------------------------------------------
[ 2023-08-18T16:56:41+08:00 ] [ log ] at777.icu/99/index/open.html [运行时间：0.032764s][吞吐率：30.52req/s] [内存消耗：1,865.12kb] [文件加载：50]
[ error ] [8]未定义数组下标: 1

---------------------------------------------------------------
[ 2023-08-18T17:33:12+08:00 ] [ log ] at777.icu/99/ [运行时间：0.010728s][吞吐率：93.22req/s] [内存消耗：1,864.80kb] [文件加载：51]
[ error ] [8]未定义数组下标: 1

---------------------------------------------------------------
[ 2023-08-18T17:33:13+08:00 ] [ log ] at777.icu/99/favicon.ico [运行时间：0.010284s][吞吐率：97.24req/s] [内存消耗：1,650.74kb] [文件加载：44]
[ error ] [8]未定义数组下标: 1

---------------------------------------------------------------
[ 2023-08-18T17:33:15+08:00 ] [ log ] at777.icu/99/index/open.html [运行时间：0.010711s][吞吐率：93.36req/s] [内存消耗：1,865.12kb] [文件加载：50]
[ error ] [8]未定义数组下标: 1

---------------------------------------------------------------
[ 2023-08-18T17:34:27+08:00 ] [ log ] at777.icu/99/index/open.html [运行时间：0.010621s][吞吐率：94.15req/s] [内存消耗：1,865.12kb] [文件加载：50]
[ error ] [8]未定义数组下标: 1

---------------------------------------------------------------
[ 2023-08-18T17:36:17+08:00 ] [ log ] at777.icu/99/index/open.html [运行时间：0.033819s][吞吐率：29.57req/s] [内存消耗：1,865.12kb] [文件加载：50]
[ error ] [8]未定义数组下标: 1

---------------------------------------------------------------
[ 2023-08-18T17:38:54+08:00 ] [ log ] at777.icu/99/ [运行时间：0.014382s][吞吐率：69.53req/s] [内存消耗：1,864.80kb] [文件加载：51]
[ error ] [8]未定义数组下标: 1

---------------------------------------------------------------
[ 2023-08-18T17:38:57+08:00 ] [ log ] at777.icu/99/favicon.ico [运行时间：0.009829s][吞吐率：101.74req/s] [内存消耗：1,650.74kb] [文件加载：44]
[ error ] [8]未定义数组下标: 1

---------------------------------------------------------------
[ 2023-08-18T17:39:07+08:00 ] [ log ] at777.icu/99/index/open.html [运行时间：0.011813s][吞吐率：84.65req/s] [内存消耗：1,865.12kb] [文件加载：50]
[ error ] [8]未定义数组下标: 1

---------------------------------------------------------------
[ 2023-08-18T17:40:43+08:00 ] [ log ] at777.icu/99/ [运行时间：0.018152s][吞吐率：55.09req/s] [内存消耗：1,864.80kb] [文件加载：51]
[ error ] [8]未定义数组下标: 1

---------------------------------------------------------------
[ 2023-08-18T17:40:47+08:00 ] [ log ] at777.icu/99/index/open.html [运行时间：0.011141s][吞吐率：89.76req/s] [内存消耗：1,865.12kb] [文件加载：50]
[ error ] [8]未定义数组下标: 1

---------------------------------------------------------------
[ 2023-08-18T18:22:33+08:00 ] [ log ] at888.icu/99/ [运行时间：0.011662s][吞吐率：85.75req/s] [内存消耗：1,865.34kb] [文件加载：51]
[ error ] [8]未定义数组下标: 1

---------------------------------------------------------------
[ 2023-08-18T18:22:34+08:00 ] [ log ] at888.icu/99/favicon.ico [运行时间：0.013791s][吞吐率：72.51req/s] [内存消耗：1,650.74kb] [文件加载：44]
[ error ] [8]未定义数组下标: 1

---------------------------------------------------------------
[ 2023-08-18T18:29:03+08:00 ] [ log ] at777.icu/99/ [运行时间：0.011079s][吞吐率：90.26req/s] [内存消耗：1,865.34kb] [文件加载：51]
[ error ] [8]未定义数组下标: 1

---------------------------------------------------------------
[ 2023-08-18T18:29:06+08:00 ] [ log ] at777.icu/99/favicon.ico [运行时间：0.009903s][吞吐率：100.98req/s] [内存消耗：1,650.74kb] [文件加载：44]
[ error ] [8]未定义数组下标: 1

---------------------------------------------------------------
[ 2023-08-18T18:29:08+08:00 ] [ log ] at777.icu/99/index/open.html [运行时间：0.010776s][吞吐率：92.80req/s] [内存消耗：1,865.12kb] [文件加载：50]
[ error ] [8]未定义数组下标: 1

---------------------------------------------------------------
[ 2023-08-18T18:31:23+08:00 ] [ log ] at777.icu/99/ [运行时间：0.040711s][吞吐率：24.56req/s] [内存消耗：1,864.80kb] [文件加载：51]
[ error ] [8]未定义数组下标: 1

---------------------------------------------------------------
[ 2023-08-18T18:32:01+08:00 ] [ log ] at777.icu/99/index/open.html [运行时间：0.010622s][吞吐率：94.14req/s] [内存消耗：1,865.12kb] [文件加载：50]
[ error ] [8]未定义数组下标: 1

---------------------------------------------------------------
[ 2023-08-18T18:37:46+08:00 ] [ log ] at888.icu/99/ [运行时间：0.015166s][吞吐率：65.94req/s] [内存消耗：1,864.80kb] [文件加载：51]
[ error ] [8]未定义数组下标: 1

---------------------------------------------------------------
[ 2023-08-18T18:37:47+08:00 ] [ log ] at888.icu/99/favicon.ico [运行时间：0.012532s][吞吐率：79.80req/s] [内存消耗：1,650.74kb] [文件加载：44]
[ error ] [8]未定义数组下标: 1

---------------------------------------------------------------
[ 2023-08-18T18:37:51+08:00 ] [ log ] at888.icu/99/index/open.html [运行时间：0.014966s][吞吐率：66.82req/s] [内存消耗：1,865.12kb] [文件加载：50]
[ error ] [8]未定义数组下标: 1

---------------------------------------------------------------
[ 2023-08-18T18:39:21+08:00 ] [ log ] at888.icu/99/ [运行时间：0.013351s][吞吐率：74.90req/s] [内存消耗：1,865.34kb] [文件加载：51]
[ error ] [8]未定义数组下标: 1

---------------------------------------------------------------
[ 2023-08-18T18:39:23+08:00 ] [ log ] at888.icu/99/favicon.ico [运行时间：0.009482s][吞吐率：105.46req/s] [内存消耗：1,650.74kb] [文件加载：44]
[ error ] [8]未定义数组下标: 1

---------------------------------------------------------------
[ 2023-08-18T18:39:27+08:00 ] [ log ] at888.icu/99/index/open.html [运行时间：0.026736s][吞吐率：37.40req/s] [内存消耗：1,865.12kb] [文件加载：50]
[ error ] [8]未定义数组下标: 1

---------------------------------------------------------------
[ 2023-08-18T19:02:25+08:00 ] [ log ] at888.icu/99/ [运行时间：0.019496s][吞吐率：51.29req/s] [内存消耗：1,864.80kb] [文件加载：51]
[ error ] [8]未定义数组下标: 1

---------------------------------------------------------------
[ 2023-08-18T19:02:26+08:00 ] [ log ] at888.icu/99/favicon.ico [运行时间：0.009297s][吞吐率：107.56req/s] [内存消耗：1,650.74kb] [文件加载：44]
[ error ] [8]未定义数组下标: 1

---------------------------------------------------------------
[ 2023-08-18T19:02:28+08:00 ] [ log ] at888.icu/99/index/open.html [运行时间：0.011031s][吞吐率：90.65req/s] [内存消耗：1,865.12kb] [文件加载：50]
[ error ] [8]未定义数组下标: 1

---------------------------------------------------------------
[ 2023-08-18T19:04:31+08:00 ] [ log ] at888.icu/99/ [运行时间：0.039470s][吞吐率：25.34req/s] [内存消耗：1,864.80kb] [文件加载：51]
[ error ] [8]未定义数组下标: 1

---------------------------------------------------------------
[ 2023-08-18T19:04:32+08:00 ] [ log ] at888.icu/99/favicon.ico [运行时间：0.023685s][吞吐率：42.22req/s] [内存消耗：1,650.74kb] [文件加载：44]
[ error ] [8]未定义数组下标: 1

---------------------------------------------------------------
[ 2023-08-18T19:04:34+08:00 ] [ log ] at888.icu/99/index/open.html [运行时间：0.012762s][吞吐率：78.36req/s] [内存消耗：1,865.12kb] [文件加载：50]
[ error ] [8]未定义数组下标: 1

---------------------------------------------------------------
[ 2023-08-18T19:06:12+08:00 ] [ log ] at888.icu/99/ [运行时间：0.011805s][吞吐率：84.71req/s] [内存消耗：1,864.80kb] [文件加载：51]
[ error ] [8]未定义数组下标: 1

---------------------------------------------------------------
[ 2023-08-18T19:06:13+08:00 ] [ log ] at888.icu/99/favicon.ico [运行时间：0.009652s][吞吐率：103.61req/s] [内存消耗：1,650.74kb] [文件加载：44]
[ error ] [8]未定义数组下标: 1

---------------------------------------------------------------
[ 2023-08-18T19:06:16+08:00 ] [ log ] at888.icu/99/index/open.html [运行时间：0.014198s][吞吐率：70.43req/s] [内存消耗：1,865.12kb] [文件加载：50]
[ error ] [8]未定义数组下标: 1

---------------------------------------------------------------
[ 2023-08-18T19:28:34+08:00 ] [ log ] at888.icu/99/?uc_sm=1 [运行时间：0.016353s][吞吐率：61.15req/s] [内存消耗：1,865.97kb] [文件加载：51]
[ error ] [8]未定义数组下标: 1

---------------------------------------------------------------
[ 2023-08-18T19:28:35+08:00 ] [ log ] at888.icu/99/ [运行时间：0.010691s][吞吐率：93.54req/s] [内存消耗：1,865.34kb] [文件加载：51]
[ error ] [8]未定义数组下标: 1

---------------------------------------------------------------
[ 2023-08-18T19:28:38+08:00 ] [ log ] at888.icu/99/favicon.ico [运行时间：0.009376s][吞吐率：106.65req/s] [内存消耗：1,650.74kb] [文件加载：44]
[ error ] [8]未定义数组下标: 1

---------------------------------------------------------------
[ 2023-08-18T19:28:39+08:00 ] [ log ] at888.icu/99/index/open.html [运行时间：0.011370s][吞吐率：87.95req/s] [内存消耗：1,865.12kb] [文件加载：50]
[ error ] [8]未定义数组下标: 1

---------------------------------------------------------------
[ 2023-08-18T19:40:29+08:00 ] [ log ] at888.icu/99/ [运行时间：0.033037s][吞吐率：30.27req/s] [内存消耗：1,865.34kb] [文件加载：51]
[ error ] [8]未定义数组下标: 1

---------------------------------------------------------------
[ 2023-08-18T19:40:30+08:00 ] [ log ] at888.icu/99/favicon.ico [运行时间：0.034033s][吞吐率：29.38req/s] [内存消耗：1,650.74kb] [文件加载：44]
[ error ] [8]未定义数组下标: 1

---------------------------------------------------------------
[ 2023-08-18T19:40:32+08:00 ] [ log ] at888.icu/99/index/open.html [运行时间：0.011218s][吞吐率：89.14req/s] [内存消耗：1,865.12kb] [文件加载：50]
[ error ] [8]未定义数组下标: 1

---------------------------------------------------------------
[ 2023-08-18T20:32:16+08:00 ] [ log ] at888.icu/99/ [运行时间：0.010941s][吞吐率：91.40req/s] [内存消耗：1,865.34kb] [文件加载：51]
[ error ] [8]未定义数组下标: 1

---------------------------------------------------------------
[ 2023-08-18T20:32:17+08:00 ] [ log ] at888.icu/99/favicon.ico [运行时间：0.011706s][吞吐率：85.43req/s] [内存消耗：1,650.74kb] [文件加载：44]
[ error ] [8]未定义数组下标: 1

---------------------------------------------------------------
[ 2023-08-18T20:32:19+08:00 ] [ log ] at888.icu/99/index/open.html [运行时间：0.016684s][吞吐率：59.94req/s] [内存消耗：1,865.12kb] [文件加载：50]
[ error ] [8]未定义数组下标: 1

---------------------------------------------------------------
[ 2023-08-18T20:58:57+08:00 ] [ log ] asd123111.icu/99/ [运行时间：0.010754s][吞吐率：92.99req/s] [内存消耗：1,865.34kb] [文件加载：51]
[ error ] [8]未定义数组下标: 1

---------------------------------------------------------------
[ 2023-08-18T20:58:58+08:00 ] [ log ] asd123111.icu/99/favicon.ico [运行时间：0.014705s][吞吐率：68.00req/s] [内存消耗：1,650.74kb] [文件加载：44]
[ error ] [8]未定义数组下标: 1

---------------------------------------------------------------
[ 2023-08-18T20:59:00+08:00 ] [ log ] asd123111.icu/99/index/open.html [运行时间：0.010906s][吞吐率：91.69req/s] [内存消耗：1,865.13kb] [文件加载：50]
[ error ] [8]未定义数组下标: 1

---------------------------------------------------------------
