[ 2023-08-19T05:25:21+08:00 ] [ log ] at777.icu/99/ [运行时间：0.015634s][吞吐率：63.96req/s] [内存消耗：1,865.34kb] [文件加载：51]
[ error ] [8]未定义数组下标: 1

---------------------------------------------------------------
[ 2023-08-19T05:25:23+08:00 ] [ log ] at777.icu/99/favicon.ico [运行时间：0.009444s][吞吐率：105.89req/s] [内存消耗：1,650.74kb] [文件加载：44]
[ error ] [8]未定义数组下标: 1

---------------------------------------------------------------
[ 2023-08-19T05:25:25+08:00 ] [ log ] at777.icu/99/index/open.html [运行时间：0.010652s][吞吐率：93.88req/s] [内存消耗：1,865.12kb] [文件加载：50]
[ error ] [8]未定义数组下标: 1

---------------------------------------------------------------
[ 2023-08-19T05:26:23+08:00 ] [ log ] at777.icu/99/index/open.html [运行时间：0.011347s][吞吐率：88.13req/s] [内存消耗：1,865.12kb] [文件加载：50]
[ error ] [8]未定义数组下标: 1

---------------------------------------------------------------
[ 2023-08-19T09:59:22+08:00 ] [ log ] at444.icu/99/ [运行时间：0.010932s][吞吐率：91.47req/s] [内存消耗：1,865.34kb] [文件加载：51]
[ error ] [8]未定义数组下标: 1

---------------------------------------------------------------
[ 2023-08-19T10:29:02+08:00 ] [ log ] at888.icu/99/ [运行时间：0.011621s][吞吐率：86.05req/s] [内存消耗：1,865.34kb] [文件加载：51]
[ error ] [8]未定义数组下标: 1

---------------------------------------------------------------
[ 2023-08-19T10:29:08+08:00 ] [ log ] at888.icu/99/favicon.ico [运行时间：0.009920s][吞吐率：100.81req/s] [内存消耗：1,650.74kb] [文件加载：44]
[ error ] [8]未定义数组下标: 1

---------------------------------------------------------------
[ 2023-08-19T10:29:17+08:00 ] [ log ] at888.icu/99/index/open.html [运行时间：0.037322s][吞吐率：26.79req/s] [内存消耗：1,865.12kb] [文件加载：50]
[ error ] [8]未定义数组下标: 1

---------------------------------------------------------------
[ 2023-08-19T10:49:06+08:00 ] [ log ] at888.icu/99/ [运行时间：0.019933s][吞吐率：50.17req/s] [内存消耗：1,865.34kb] [文件加载：51]
[ error ] [8]未定义数组下标: 1

---------------------------------------------------------------
[ 2023-08-19T10:49:07+08:00 ] [ log ] at888.icu/99/favicon.ico [运行时间：0.009476s][吞吐率：105.53req/s] [内存消耗：1,650.74kb] [文件加载：44]
[ error ] [8]未定义数组下标: 1

---------------------------------------------------------------
[ 2023-08-19T10:49:09+08:00 ] [ log ] at888.icu/99/index/open.html [运行时间：0.014773s][吞吐率：67.69req/s] [内存消耗：1,865.12kb] [文件加载：50]
[ error ] [8]未定义数组下标: 1

---------------------------------------------------------------
[ 2023-08-19T11:39:25+08:00 ] [ log ] at888.icu/99/ [运行时间：0.017048s][吞吐率：58.66req/s] [内存消耗：1,865.34kb] [文件加载：51]
[ error ] [8]未定义数组下标: 1

---------------------------------------------------------------
[ 2023-08-19T11:39:29+08:00 ] [ log ] at888.icu/99/favicon.ico [运行时间：0.017088s][吞吐率：58.52req/s] [内存消耗：1,650.74kb] [文件加载：44]
[ error ] [8]未定义数组下标: 1

---------------------------------------------------------------
[ 2023-08-19T11:39:32+08:00 ] [ log ] at888.icu/99/index/open.html [运行时间：0.011780s][吞吐率：84.89req/s] [内存消耗：1,865.12kb] [文件加载：50]
[ error ] [8]未定义数组下标: 1

---------------------------------------------------------------
[ 2023-08-19T11:40:04+08:00 ] [ log ] at888.icu/99/index/open.html [运行时间：0.010634s][吞吐率：94.04req/s] [内存消耗：1,865.12kb] [文件加载：50]
[ error ] [8]未定义数组下标: 1

---------------------------------------------------------------
[ 2023-08-19T11:40:32+08:00 ] [ log ] at888.icu/99/index/open.html [运行时间：0.016676s][吞吐率：59.97req/s] [内存消耗：1,865.12kb] [文件加载：50]
[ error ] [8]未定义数组下标: 1

---------------------------------------------------------------
[ 2023-08-19T11:42:53+08:00 ] [ log ] at888.icu/99/ [运行时间：0.018687s][吞吐率：53.51req/s] [内存消耗：1,864.80kb] [文件加载：51]
[ error ] [8]未定义数组下标: 1

---------------------------------------------------------------
[ 2023-08-19T11:42:54+08:00 ] [ log ] at888.icu/99/favicon.ico [运行时间：0.011292s][吞吐率：88.56req/s] [内存消耗：1,650.74kb] [文件加载：44]
[ error ] [8]未定义数组下标: 1

---------------------------------------------------------------
[ 2023-08-19T11:42:56+08:00 ] [ log ] at888.icu/99/index/open.html [运行时间：0.011123s][吞吐率：89.90req/s] [内存消耗：1,865.12kb] [文件加载：50]
[ error ] [8]未定义数组下标: 1

---------------------------------------------------------------
[ 2023-08-19T11:43:26+08:00 ] [ log ] at888.icu/99/ [运行时间：0.033192s][吞吐率：30.13req/s] [内存消耗：1,864.80kb] [文件加载：51]
[ error ] [8]未定义数组下标: 1

---------------------------------------------------------------
[ 2023-08-19T11:43:27+08:00 ] [ log ] at888.icu/99/favicon.ico [运行时间：0.009659s][吞吐率：103.53req/s] [内存消耗：1,650.74kb] [文件加载：44]
[ error ] [8]未定义数组下标: 1

---------------------------------------------------------------
[ 2023-08-19T11:43:30+08:00 ] [ log ] at888.icu/99/index/open.html [运行时间：0.011965s][吞吐率：83.58req/s] [内存消耗：1,865.12kb] [文件加载：50]
[ error ] [8]未定义数组下标: 1

---------------------------------------------------------------
[ 2023-08-19T12:10:54+08:00 ] [ log ] at888.icu/99/ [运行时间：0.011028s][吞吐率：90.68req/s] [内存消耗：1,865.34kb] [文件加载：51]
[ error ] [8]未定义数组下标: 1

---------------------------------------------------------------
[ 2023-08-19T12:10:55+08:00 ] [ log ] at888.icu/99/favicon.ico [运行时间：0.035143s][吞吐率：28.46req/s] [内存消耗：1,650.74kb] [文件加载：44]
[ error ] [8]未定义数组下标: 1

---------------------------------------------------------------
[ 2023-08-19T12:10:58+08:00 ] [ log ] at888.icu/99/index/open.html [运行时间：0.010913s][吞吐率：91.63req/s] [内存消耗：1,865.12kb] [文件加载：50]
[ error ] [8]未定义数组下标: 1

---------------------------------------------------------------
[ 2023-08-19T12:19:56+08:00 ] [ log ] at888.icu/99/ [运行时间：0.010832s][吞吐率：92.32req/s] [内存消耗：1,864.80kb] [文件加载：51]
[ error ] [8]未定义数组下标: 1

---------------------------------------------------------------
[ 2023-08-19T12:20:01+08:00 ] [ log ] at888.icu/99/index/open.html [运行时间：0.010671s][吞吐率：93.71req/s] [内存消耗：1,865.12kb] [文件加载：50]
[ error ] [8]未定义数组下标: 1

---------------------------------------------------------------
[ 2023-08-19T12:20:01+08:00 ] [ log ] at888.icu/99/favicon.ico [运行时间：0.009373s][吞吐率：106.69req/s] [内存消耗：1,650.74kb] [文件加载：44]
[ error ] [8]未定义数组下标: 1

---------------------------------------------------------------
[ 2023-08-19T12:25:33+08:00 ] [ log ] at888.icu/99/ [运行时间：0.010713s][吞吐率：93.34req/s] [内存消耗：1,864.80kb] [文件加载：51]
[ error ] [8]未定义数组下标: 1

---------------------------------------------------------------
[ 2023-08-19T12:25:34+08:00 ] [ log ] at888.icu/99/favicon.ico [运行时间：0.009916s][吞吐率：100.85req/s] [内存消耗：1,650.74kb] [文件加载：44]
[ error ] [8]未定义数组下标: 1

---------------------------------------------------------------
[ 2023-08-19T12:25:37+08:00 ] [ log ] at888.icu/99/index/open.html [运行时间：0.011007s][吞吐率：90.85req/s] [内存消耗：1,865.12kb] [文件加载：50]
[ error ] [8]未定义数组下标: 1

---------------------------------------------------------------
[ 2023-08-19T12:38:00+08:00 ] [ log ] at444.icu/99/ [运行时间：0.010950s][吞吐率：91.32req/s] [内存消耗：1,865.34kb] [文件加载：51]
[ error ] [8]未定义数组下标: 1

---------------------------------------------------------------
[ 2023-08-19T12:38:02+08:00 ] [ log ] at444.icu/99/favicon.ico [运行时间：0.012501s][吞吐率：80.00req/s] [内存消耗：1,650.74kb] [文件加载：44]
[ error ] [8]未定义数组下标: 1

---------------------------------------------------------------
[ 2023-08-19T12:38:05+08:00 ] [ log ] at444.icu/99/index/open.html [运行时间：0.013974s][吞吐率：71.56req/s] [内存消耗：1,865.12kb] [文件加载：50]
[ error ] [8]未定义数组下标: 1

---------------------------------------------------------------
[ 2023-08-19T12:39:28+08:00 ] [ log ] at666.icu/99/ [运行时间：0.011326s][吞吐率：88.29req/s] [内存消耗：1,865.34kb] [文件加载：51]
[ error ] [8]未定义数组下标: 1

---------------------------------------------------------------
[ 2023-08-19T12:39:33+08:00 ] [ log ] at666.icu/99/favicon.ico [运行时间：0.009213s][吞吐率：108.54req/s] [内存消耗：1,650.74kb] [文件加载：44]
[ error ] [8]未定义数组下标: 1

---------------------------------------------------------------
[ 2023-08-19T12:39:34+08:00 ] [ log ] at666.icu/99/index/open.html [运行时间：0.010723s][吞吐率：93.26req/s] [内存消耗：1,865.12kb] [文件加载：50]
[ error ] [8]未定义数组下标: 1

---------------------------------------------------------------
[ 2023-08-19T12:40:44+08:00 ] [ log ] at666.icu/99/ [运行时间：0.011212s][吞吐率：89.19req/s] [内存消耗：1,865.34kb] [文件加载：51]
[ error ] [8]未定义数组下标: 1

---------------------------------------------------------------
[ 2023-08-19T12:40:46+08:00 ] [ log ] at666.icu/99/favicon.ico [运行时间：0.036061s][吞吐率：27.73req/s] [内存消耗：1,650.74kb] [文件加载：44]
[ error ] [8]未定义数组下标: 1

---------------------------------------------------------------
[ 2023-08-19T12:40:47+08:00 ] [ log ] at666.icu/99/ [运行时间：0.019743s][吞吐率：50.65req/s] [内存消耗：1,857.63kb] [文件加载：48]
[ error ] [8]Undefined offset: 1

---------------------------------------------------------------
[ 2023-08-19T12:40:49+08:00 ] [ log ] at666.icu/99/index/open.html [运行时间：0.010782s][吞吐率：92.75req/s] [内存消耗：1,865.12kb] [文件加载：50]
[ error ] [8]未定义数组下标: 1

---------------------------------------------------------------
[ 2023-08-19T13:03:11+08:00 ] [ log ] at444.icu/99/ [运行时间：0.017528s][吞吐率：57.05req/s] [内存消耗：1,865.34kb] [文件加载：51]
[ error ] [8]未定义数组下标: 1

---------------------------------------------------------------
[ 2023-08-19T13:03:13+08:00 ] [ log ] at444.icu/99/favicon.ico [运行时间：0.009585s][吞吐率：104.33req/s] [内存消耗：1,650.74kb] [文件加载：44]
[ error ] [8]未定义数组下标: 1

---------------------------------------------------------------
[ 2023-08-19T13:03:15+08:00 ] [ log ] at444.icu/99/index/open.html [运行时间：0.010478s][吞吐率：95.44req/s] [内存消耗：1,865.12kb] [文件加载：50]
[ error ] [8]未定义数组下标: 1

---------------------------------------------------------------
[ 2023-08-19T13:03:39+08:00 ] [ log ] at444.icu/99/ [运行时间：0.011478s][吞吐率：87.12req/s] [内存消耗：1,864.80kb] [文件加载：51]
[ error ] [8]未定义数组下标: 1

---------------------------------------------------------------
[ 2023-08-19T13:04:01+08:00 ] [ log ] at444.icu/99/index/open.html [运行时间：0.015010s][吞吐率：66.62req/s] [内存消耗：1,865.12kb] [文件加载：50]
[ error ] [8]未定义数组下标: 1

---------------------------------------------------------------
[ 2023-08-19T13:23:59+08:00 ] [ log ] at666.icu/99/ [运行时间：0.017762s][吞吐率：56.30req/s] [内存消耗：1,865.34kb] [文件加载：51]
[ error ] [8]未定义数组下标: 1

---------------------------------------------------------------
[ 2023-08-19T13:24:02+08:00 ] [ log ] at666.icu/99/favicon.ico [运行时间：0.009383s][吞吐率：106.57req/s] [内存消耗：1,650.74kb] [文件加载：44]
[ error ] [8]未定义数组下标: 1

---------------------------------------------------------------
[ 2023-08-19T13:24:04+08:00 ] [ log ] at666.icu/99/index/open.html [运行时间：0.010629s][吞吐率：94.08req/s] [内存消耗：1,865.12kb] [文件加载：50]
[ error ] [8]未定义数组下标: 1

---------------------------------------------------------------
[ 2023-08-19T13:55:16+08:00 ] [ log ] at666.icu/99/ [运行时间：0.011588s][吞吐率：86.30req/s] [内存消耗：1,864.80kb] [文件加载：51]
[ error ] [8]未定义数组下标: 1

---------------------------------------------------------------
[ 2023-08-19T13:55:17+08:00 ] [ log ] at666.icu/99/favicon.ico [运行时间：0.015506s][吞吐率：64.49req/s] [内存消耗：1,650.74kb] [文件加载：44]
[ error ] [8]未定义数组下标: 1

---------------------------------------------------------------
[ 2023-08-19T13:55:20+08:00 ] [ log ] at666.icu/99/index/open.html [运行时间：0.011910s][吞吐率：83.96req/s] [内存消耗：1,865.12kb] [文件加载：50]
[ error ] [8]未定义数组下标: 1

---------------------------------------------------------------
[ 2023-08-19T13:56:33+08:00 ] [ log ] at666.icu/99/ [运行时间：0.014418s][吞吐率：69.36req/s] [内存消耗：1,864.80kb] [文件加载：51]
[ error ] [8]未定义数组下标: 1

---------------------------------------------------------------
[ 2023-08-19T13:56:35+08:00 ] [ log ] at666.icu/99/favicon.ico [运行时间：0.009557s][吞吐率：104.64req/s] [内存消耗：1,650.74kb] [文件加载：44]
[ error ] [8]未定义数组下标: 1

---------------------------------------------------------------
[ 2023-08-19T13:56:37+08:00 ] [ log ] at666.icu/99/index/open.html [运行时间：0.015449s][吞吐率：64.73req/s] [内存消耗：1,865.12kb] [文件加载：50]
[ error ] [8]未定义数组下标: 1

---------------------------------------------------------------
[ 2023-08-19T13:57:02+08:00 ] [ log ] at666.icu/99/index/open.html [运行时间：0.011080s][吞吐率：90.25req/s] [内存消耗：1,865.12kb] [文件加载：50]
[ error ] [8]未定义数组下标: 1

---------------------------------------------------------------
[ 2023-08-19T13:58:13+08:00 ] [ log ] at888.icu/99/ [运行时间：0.039611s][吞吐率：25.25req/s] [内存消耗：1,865.34kb] [文件加载：51]
[ error ] [8]未定义数组下标: 1

---------------------------------------------------------------
[ 2023-08-19T13:58:14+08:00 ] [ log ] at888.icu/99/favicon.ico [运行时间：0.032663s][吞吐率：30.62req/s] [内存消耗：1,650.74kb] [文件加载：44]
[ error ] [8]未定义数组下标: 1

---------------------------------------------------------------
[ 2023-08-19T13:58:16+08:00 ] [ log ] at888.icu/99/index/open.html [运行时间：0.012438s][吞吐率：80.40req/s] [内存消耗：1,865.12kb] [文件加载：50]
[ error ] [8]未定义数组下标: 1

---------------------------------------------------------------
[ 2023-08-19T17:16:07+08:00 ] [ log ] at888.icu/99/ [运行时间：0.013593s][吞吐率：73.57req/s] [内存消耗：1,865.34kb] [文件加载：51]
[ error ] [8]未定义数组下标: 1

---------------------------------------------------------------
[ 2023-08-19T17:16:10+08:00 ] [ log ] at888.icu/99/favicon.ico [运行时间：0.009327s][吞吐率：107.22req/s] [内存消耗：1,650.74kb] [文件加载：44]
[ error ] [8]未定义数组下标: 1

---------------------------------------------------------------
[ 2023-08-19T17:16:14+08:00 ] [ log ] at888.icu/99/index/open.html [运行时间：0.020626s][吞吐率：48.48req/s] [内存消耗：1,865.12kb] [文件加载：50]
[ error ] [8]未定义数组下标: 1

---------------------------------------------------------------
[ 2023-08-19T17:40:14+08:00 ] [ log ] at888.icu/99/?uc_sm=1 [运行时间：0.010911s][吞吐率：91.65req/s] [内存消耗：1,865.97kb] [文件加载：51]
[ error ] [8]未定义数组下标: 1

---------------------------------------------------------------
[ 2023-08-19T17:46:03+08:00 ] [ log ] at888.icu/99/ [运行时间：0.020523s][吞吐率：48.73req/s] [内存消耗：1,865.34kb] [文件加载：51]
[ error ] [8]未定义数组下标: 1

---------------------------------------------------------------
[ 2023-08-19T17:47:22+08:00 ] [ log ] at888.icu/99/ [运行时间：0.010674s][吞吐率：93.69req/s] [内存消耗：1,865.34kb] [文件加载：51]
[ error ] [8]未定义数组下标: 1

---------------------------------------------------------------
[ 2023-08-19T17:47:22+08:00 ] [ log ] at888.icu/99/?uc_sm=1&from=wh10331 [运行时间：0.010767s][吞吐率：92.88req/s] [内存消耗：1,865.98kb] [文件加载：51]
[ error ] [8]未定义数组下标: 1

---------------------------------------------------------------
[ 2023-08-19T17:47:50+08:00 ] [ log ] at888.icu/99/ [运行时间：0.014912s][吞吐率：67.06req/s] [内存消耗：1,865.34kb] [文件加载：51]
[ error ] [8]未定义数组下标: 1

---------------------------------------------------------------
[ 2023-08-19T17:47:59+08:00 ] [ log ] at888.icu/99/?uc_sm=1&from=wh10331 [运行时间：0.037629s][吞吐率：26.58req/s] [内存消耗：1,865.98kb] [文件加载：51]
[ error ] [8]未定义数组下标: 1

---------------------------------------------------------------
[ 2023-08-19T17:48:04+08:00 ] [ log ] at888.icu/99/favicon.ico [运行时间：0.035111s][吞吐率：28.48req/s] [内存消耗：1,650.74kb] [文件加载：44]
[ error ] [8]未定义数组下标: 1

---------------------------------------------------------------
[ 2023-08-19T17:48:23+08:00 ] [ log ] at888.icu/99/index/open.html [运行时间：0.012413s][吞吐率：80.56req/s] [内存消耗：1,865.12kb] [文件加载：50]
[ error ] [8]未定义数组下标: 1

---------------------------------------------------------------
[ 2023-08-19T17:51:31+08:00 ] [ log ] at888.icu/99/index/open.html [运行时间：0.014391s][吞吐率：69.49req/s] [内存消耗：1,865.12kb] [文件加载：50]
[ error ] [8]未定义数组下标: 1

---------------------------------------------------------------
[ 2023-08-19T17:59:55+08:00 ] [ log ] at888.icu/99/ [运行时间：0.011561s][吞吐率：86.50req/s] [内存消耗：1,864.80kb] [文件加载：51]
[ error ] [8]未定义数组下标: 1

---------------------------------------------------------------
[ 2023-08-19T17:59:56+08:00 ] [ log ] at888.icu/99/favicon.ico [运行时间：0.010006s][吞吐率：99.94req/s] [内存消耗：1,650.74kb] [文件加载：44]
[ error ] [8]未定义数组下标: 1

---------------------------------------------------------------
[ 2023-08-19T17:59:58+08:00 ] [ log ] at888.icu/99/index/open.html [运行时间：0.011985s][吞吐率：83.44req/s] [内存消耗：1,865.12kb] [文件加载：50]
[ error ] [8]未定义数组下标: 1

---------------------------------------------------------------
[ 2023-08-19T18:02:06+08:00 ] [ log ] at888.icu/99/ [运行时间：0.011325s][吞吐率：88.30req/s] [内存消耗：1,864.80kb] [文件加载：51]
[ error ] [8]未定义数组下标: 1

---------------------------------------------------------------
[ 2023-08-19T18:02:07+08:00 ] [ log ] at888.icu/99/favicon.ico [运行时间：0.009405s][吞吐率：106.32req/s] [内存消耗：1,650.74kb] [文件加载：44]
[ error ] [8]未定义数组下标: 1

---------------------------------------------------------------
[ 2023-08-19T18:02:15+08:00 ] [ log ] at888.icu/99/index/open.html [运行时间：0.010814s][吞吐率：92.47req/s] [内存消耗：1,865.12kb] [文件加载：50]
[ error ] [8]未定义数组下标: 1

---------------------------------------------------------------
[ 2023-08-19T18:10:32+08:00 ] [ log ] at888.icu/99/ [运行时间：0.010973s][吞吐率：91.13req/s] [内存消耗：1,864.80kb] [文件加载：51]
[ error ] [8]未定义数组下标: 1

---------------------------------------------------------------
[ 2023-08-19T18:10:35+08:00 ] [ log ] at888.icu/99/favicon.ico [运行时间：0.009544s][吞吐率：104.78req/s] [内存消耗：1,650.74kb] [文件加载：44]
[ error ] [8]未定义数组下标: 1

---------------------------------------------------------------
[ 2023-08-19T18:10:38+08:00 ] [ log ] at888.icu/99/index/open.html [运行时间：0.011500s][吞吐率：86.96req/s] [内存消耗：1,865.12kb] [文件加载：50]
[ error ] [8]未定义数组下标: 1

---------------------------------------------------------------
[ 2023-08-19T20:40:32+08:00 ] [ log ] at888.icu/99/ [运行时间：0.010737s][吞吐率：93.14req/s] [内存消耗：1,865.34kb] [文件加载：51]
[ error ] [8]未定义数组下标: 1

---------------------------------------------------------------
[ 2023-08-19T20:40:35+08:00 ] [ log ] at888.icu/99/favicon.ico [运行时间：0.009372s][吞吐率：106.70req/s] [内存消耗：1,650.74kb] [文件加载：44]
[ error ] [8]未定义数组下标: 1

---------------------------------------------------------------
[ 2023-08-19T20:40:37+08:00 ] [ log ] at888.icu/99/index/open.html [运行时间：0.011519s][吞吐率：86.81req/s] [内存消耗：1,865.12kb] [文件加载：50]
[ error ] [8]未定义数组下标: 1

---------------------------------------------------------------
[ 2023-08-19T20:40:40+08:00 ] [ log ] at888.icu/99/index/open.html [运行时间：0.010866s][吞吐率：92.03req/s] [内存消耗：1,865.12kb] [文件加载：50]
[ error ] [8]未定义数组下标: 1

---------------------------------------------------------------
[ 2023-08-19T20:40:50+08:00 ] [ log ] at888.icu/99/ [运行时间：0.010932s][吞吐率：91.47req/s] [内存消耗：1,864.84kb] [文件加载：51]
[ error ] [8]未定义数组下标: 1

---------------------------------------------------------------
[ 2023-08-19T21:31:33+08:00 ] [ log ] at444.icu/99/ [运行时间：0.010898s][吞吐率：91.76req/s] [内存消耗：1,865.34kb] [文件加载：51]
[ error ] [8]未定义数组下标: 1

---------------------------------------------------------------
[ 2023-08-19T21:31:34+08:00 ] [ log ] at444.icu/99/ [运行时间：0.011590s][吞吐率：86.28req/s] [内存消耗：1,865.34kb] [文件加载：51]
[ error ] [8]未定义数组下标: 1

---------------------------------------------------------------
[ 2023-08-19T21:31:34+08:00 ] [ log ] at444.icu/99/ [运行时间：0.011671s][吞吐率：85.68req/s] [内存消耗：1,865.34kb] [文件加载：51]
[ error ] [8]未定义数组下标: 1

---------------------------------------------------------------
[ 2023-08-19T21:31:36+08:00 ] [ log ] at444.icu/99/ [运行时间：0.010690s][吞吐率：93.55req/s] [内存消耗：1,865.34kb] [文件加载：51]
[ error ] [8]未定义数组下标: 1

---------------------------------------------------------------
[ 2023-08-19T21:31:36+08:00 ] [ log ] at444.icu/99/ [运行时间：0.015222s][吞吐率：65.69req/s] [内存消耗：1,865.34kb] [文件加载：51]
[ error ] [8]未定义数组下标: 1

---------------------------------------------------------------
[ 2023-08-19T21:31:37+08:00 ] [ log ] at444.icu/99/ [运行时间：0.010799s][吞吐率：92.60req/s] [内存消耗：1,865.34kb] [文件加载：51]
[ error ] [8]未定义数组下标: 1

---------------------------------------------------------------
[ 2023-08-19T21:31:37+08:00 ] [ log ] at444.icu/99/ [运行时间：0.010903s][吞吐率：91.72req/s] [内存消耗：1,865.34kb] [文件加载：51]
[ error ] [8]未定义数组下标: 1

---------------------------------------------------------------
[ 2023-08-19T21:31:37+08:00 ] [ log ] at444.icu/99/ [运行时间：0.010853s][吞吐率：92.14req/s] [内存消耗：1,865.34kb] [文件加载：51]
[ error ] [8]未定义数组下标: 1

---------------------------------------------------------------
[ 2023-08-19T21:31:37+08:00 ] [ log ] at444.icu/99/ [运行时间：0.011601s][吞吐率：86.20req/s] [内存消耗：1,865.34kb] [文件加载：51]
[ error ] [8]未定义数组下标: 1

---------------------------------------------------------------
[ 2023-08-19T21:31:37+08:00 ] [ log ] at444.icu/99/ [运行时间：0.018406s][吞吐率：54.33req/s] [内存消耗：1,865.34kb] [文件加载：51]
[ error ] [8]未定义数组下标: 1

---------------------------------------------------------------
[ 2023-08-19T21:31:37+08:00 ] [ log ] at444.icu/99/ [运行时间：0.010962s][吞吐率：91.22req/s] [内存消耗：1,865.34kb] [文件加载：51]
[ error ] [8]未定义数组下标: 1

---------------------------------------------------------------
[ 2023-08-19T21:31:37+08:00 ] [ log ] at444.icu/99/ [运行时间：0.013326s][吞吐率：75.04req/s] [内存消耗：1,865.34kb] [文件加载：51]
[ error ] [8]未定义数组下标: 1

---------------------------------------------------------------
[ 2023-08-19T21:31:37+08:00 ] [ log ] at444.icu/99/ [运行时间：0.011161s][吞吐率：89.60req/s] [内存消耗：1,865.34kb] [文件加载：51]
[ error ] [8]未定义数组下标: 1

---------------------------------------------------------------
[ 2023-08-19T21:31:39+08:00 ] [ log ] at444.icu/99/ [运行时间：0.011296s][吞吐率：88.53req/s] [内存消耗：1,865.34kb] [文件加载：51]
[ error ] [8]未定义数组下标: 1

---------------------------------------------------------------
[ 2023-08-19T21:31:39+08:00 ] [ log ] at444.icu/99/ [运行时间：0.010658s][吞吐率：93.83req/s] [内存消耗：1,865.34kb] [文件加载：51]
[ error ] [8]未定义数组下标: 1

---------------------------------------------------------------
[ 2023-08-19T21:31:39+08:00 ] [ log ] at444.icu/99/ [运行时间：0.011217s][吞吐率：89.15req/s] [内存消耗：1,865.34kb] [文件加载：51]
[ error ] [8]未定义数组下标: 1

---------------------------------------------------------------
[ 2023-08-19T21:31:39+08:00 ] [ log ] at444.icu/99/ [运行时间：0.010939s][吞吐率：91.42req/s] [内存消耗：1,865.34kb] [文件加载：51]
[ error ] [8]未定义数组下标: 1

---------------------------------------------------------------
[ 2023-08-19T21:31:41+08:00 ] [ log ] at444.icu/99/ [运行时间：0.011162s][吞吐率：89.59req/s] [内存消耗：1,865.34kb] [文件加载：51]
[ error ] [8]未定义数组下标: 1

---------------------------------------------------------------
[ 2023-08-19T21:31:42+08:00 ] [ log ] at444.icu/99/ [运行时间：0.014400s][吞吐率：69.44req/s] [内存消耗：1,865.34kb] [文件加载：51]
[ error ] [8]未定义数组下标: 1

---------------------------------------------------------------
[ 2023-08-19T21:32:06+08:00 ] [ log ] at444.icu/99/ [运行时间：0.010941s][吞吐率：91.40req/s] [内存消耗：1,864.84kb] [文件加载：51]
[ error ] [8]未定义数组下标: 1

---------------------------------------------------------------
[ 2023-08-19T21:37:52+08:00 ] [ log ] at444.icu/99/?uc_sm=1 [运行时间：0.011721s][吞吐率：85.32req/s] [内存消耗：1,865.97kb] [文件加载：51]
[ error ] [8]未定义数组下标: 1

---------------------------------------------------------------
[ 2023-08-19T21:37:52+08:00 ] [ log ] at444.icu/99/ [运行时间：0.010801s][吞吐率：92.58req/s] [内存消耗：1,865.34kb] [文件加载：51]
[ error ] [8]未定义数组下标: 1

---------------------------------------------------------------
[ 2023-08-19T21:37:52+08:00 ] [ log ] at444.icu/99/ [运行时间：0.020227s][吞吐率：49.44req/s] [内存消耗：1,865.34kb] [文件加载：51]
[ error ] [8]未定义数组下标: 1

---------------------------------------------------------------
[ 2023-08-19T21:37:52+08:00 ] [ log ] at444.icu/99/ [运行时间：0.011181s][吞吐率：89.44req/s] [内存消耗：1,865.34kb] [文件加载：51]
[ error ] [8]未定义数组下标: 1

---------------------------------------------------------------
[ 2023-08-19T21:37:52+08:00 ] [ log ] at444.icu/99/ [运行时间：0.011013s][吞吐率：90.80req/s] [内存消耗：1,865.34kb] [文件加载：51]
[ error ] [8]未定义数组下标: 1

---------------------------------------------------------------
[ 2023-08-19T21:37:53+08:00 ] [ log ] at444.icu/99/ [运行时间：0.010920s][吞吐率：91.57req/s] [内存消耗：1,865.34kb] [文件加载：51]
[ error ] [8]未定义数组下标: 1

---------------------------------------------------------------
[ 2023-08-19T21:37:53+08:00 ] [ log ] at444.icu/99/ [运行时间：0.013248s][吞吐率：75.48req/s] [内存消耗：1,865.34kb] [文件加载：51]
[ error ] [8]未定义数组下标: 1

---------------------------------------------------------------
[ 2023-08-19T21:37:53+08:00 ] [ log ] at444.icu/99/ [运行时间：0.011155s][吞吐率：89.64req/s] [内存消耗：1,865.34kb] [文件加载：51]
[ error ] [8]未定义数组下标: 1

---------------------------------------------------------------
[ 2023-08-19T21:37:53+08:00 ] [ log ] at444.icu/99/ [运行时间：0.011283s][吞吐率：88.63req/s] [内存消耗：1,865.34kb] [文件加载：51]
[ error ] [8]未定义数组下标: 1

---------------------------------------------------------------
[ 2023-08-19T21:37:53+08:00 ] [ log ] at444.icu/99/ [运行时间：0.010731s][吞吐率：93.19req/s] [内存消耗：1,865.34kb] [文件加载：51]
[ error ] [8]未定义数组下标: 1

---------------------------------------------------------------
[ 2023-08-19T21:38:47+08:00 ] [ log ] at444.icu/99/ [运行时间：0.011573s][吞吐率：86.41req/s] [内存消耗：1,865.34kb] [文件加载：51]
[ error ] [8]未定义数组下标: 1

---------------------------------------------------------------
[ 2023-08-19T21:38:47+08:00 ] [ log ] at444.icu/99/ [运行时间：0.017128s][吞吐率：58.38req/s] [内存消耗：1,865.34kb] [文件加载：51]
[ error ] [8]未定义数组下标: 1

---------------------------------------------------------------
[ 2023-08-19T21:38:47+08:00 ] [ log ] at444.icu/99/ [运行时间：0.010661s][吞吐率：93.80req/s] [内存消耗：1,865.34kb] [文件加载：51]
[ error ] [8]未定义数组下标: 1

---------------------------------------------------------------
[ 2023-08-19T21:38:48+08:00 ] [ log ] at444.icu/99/ [运行时间：0.010867s][吞吐率：92.02req/s] [内存消耗：1,865.34kb] [文件加载：51]
[ error ] [8]未定义数组下标: 1

---------------------------------------------------------------
[ 2023-08-19T21:38:48+08:00 ] [ log ] at444.icu/99/ [运行时间：0.010793s][吞吐率：92.65req/s] [内存消耗：1,865.34kb] [文件加载：51]
[ error ] [8]未定义数组下标: 1

---------------------------------------------------------------
[ 2023-08-19T21:38:48+08:00 ] [ log ] at444.icu/99/ [运行时间：0.015700s][吞吐率：63.69req/s] [内存消耗：1,865.34kb] [文件加载：51]
[ error ] [8]未定义数组下标: 1

---------------------------------------------------------------
[ 2023-08-19T21:38:48+08:00 ] [ log ] at444.icu/99/ [运行时间：0.014900s][吞吐率：67.11req/s] [内存消耗：1,865.34kb] [文件加载：51]
[ error ] [8]未定义数组下标: 1

---------------------------------------------------------------
[ 2023-08-19T21:38:48+08:00 ] [ log ] at444.icu/99/ [运行时间：0.011173s][吞吐率：89.50req/s] [内存消耗：1,865.34kb] [文件加载：51]
[ error ] [8]未定义数组下标: 1

---------------------------------------------------------------
[ 2023-08-19T21:38:48+08:00 ] [ log ] at444.icu/99/ [运行时间：0.010796s][吞吐率：92.63req/s] [内存消耗：1,865.34kb] [文件加载：51]
[ error ] [8]未定义数组下标: 1

---------------------------------------------------------------
[ 2023-08-19T21:38:48+08:00 ] [ log ] at444.icu/99/ [运行时间：0.011128s][吞吐率：89.86req/s] [内存消耗：1,865.34kb] [文件加载：51]
[ error ] [8]未定义数组下标: 1

---------------------------------------------------------------
[ 2023-08-19T21:38:49+08:00 ] [ log ] at444.icu/99/ [运行时间：0.011356s][吞吐率：88.06req/s] [内存消耗：1,865.34kb] [文件加载：51]
[ error ] [8]未定义数组下标: 1

---------------------------------------------------------------
[ 2023-08-19T21:38:52+08:00 ] [ log ] at444.icu/99/ [运行时间：0.011268s][吞吐率：88.75req/s] [内存消耗：1,865.34kb] [文件加载：51]
[ error ] [8]未定义数组下标: 1

---------------------------------------------------------------
[ 2023-08-19T21:38:52+08:00 ] [ log ] at444.icu/99/ [运行时间：0.011340s][吞吐率：88.18req/s] [内存消耗：1,865.34kb] [文件加载：51]
[ error ] [8]未定义数组下标: 1

---------------------------------------------------------------
[ 2023-08-19T21:38:52+08:00 ] [ log ] at444.icu/99/ [运行时间：0.010844s][吞吐率：92.22req/s] [内存消耗：1,865.34kb] [文件加载：51]
[ error ] [8]未定义数组下标: 1

---------------------------------------------------------------
[ 2023-08-19T21:39:08+08:00 ] [ log ] at444.icu/99/ [运行时间：0.011165s][吞吐率：89.57req/s] [内存消耗：1,864.84kb] [文件加载：51]
[ error ] [8]未定义数组下标: 1

---------------------------------------------------------------
[ 2023-08-19T21:40:57+08:00 ] [ log ] at444.icu/99/ [运行时间：0.035298s][吞吐率：28.33req/s] [内存消耗：1,865.34kb] [文件加载：51]
[ error ] [8]未定义数组下标: 1

---------------------------------------------------------------
[ 2023-08-19T21:40:57+08:00 ] [ log ] at444.icu/99/ [运行时间：0.011365s][吞吐率：87.99req/s] [内存消耗：1,865.34kb] [文件加载：51]
[ error ] [8]未定义数组下标: 1

---------------------------------------------------------------
[ 2023-08-19T21:52:12+08:00 ] [ log ] at444.icu/99/?uc_sm=1 [运行时间：0.010939s][吞吐率：91.42req/s] [内存消耗：1,865.97kb] [文件加载：51]
[ error ] [8]未定义数组下标: 1

---------------------------------------------------------------
[ 2023-08-19T21:52:12+08:00 ] [ log ] at444.icu/99/ [运行时间：0.010667s][吞吐率：93.75req/s] [内存消耗：1,865.34kb] [文件加载：51]
[ error ] [8]未定义数组下标: 1

---------------------------------------------------------------
[ 2023-08-19T21:52:12+08:00 ] [ log ] at444.icu/99/ [运行时间：0.026324s][吞吐率：37.99req/s] [内存消耗：1,865.34kb] [文件加载：51]
[ error ] [8]未定义数组下标: 1

---------------------------------------------------------------
[ 2023-08-19T21:52:12+08:00 ] [ log ] at444.icu/99/ [运行时间：0.011355s][吞吐率：88.07req/s] [内存消耗：1,865.34kb] [文件加载：51]
[ error ] [8]未定义数组下标: 1

---------------------------------------------------------------
[ 2023-08-19T21:52:13+08:00 ] [ log ] at444.icu/99/ [运行时间：0.017259s][吞吐率：57.94req/s] [内存消耗：1,865.34kb] [文件加载：51]
[ error ] [8]未定义数组下标: 1

---------------------------------------------------------------
[ 2023-08-19T21:52:13+08:00 ] [ log ] at444.icu/99/ [运行时间：0.011796s][吞吐率：84.77req/s] [内存消耗：1,865.34kb] [文件加载：51]
[ error ] [8]未定义数组下标: 1

---------------------------------------------------------------
[ 2023-08-19T21:52:13+08:00 ] [ log ] at444.icu/99/ [运行时间：0.010958s][吞吐率：91.26req/s] [内存消耗：1,865.34kb] [文件加载：51]
[ error ] [8]未定义数组下标: 1

---------------------------------------------------------------
[ 2023-08-19T21:52:13+08:00 ] [ log ] at444.icu/99/ [运行时间：0.010951s][吞吐率：91.32req/s] [内存消耗：1,865.34kb] [文件加载：51]
[ error ] [8]未定义数组下标: 1

---------------------------------------------------------------
[ 2023-08-19T21:52:13+08:00 ] [ log ] at444.icu/99/ [运行时间：0.016334s][吞吐率：61.22req/s] [内存消耗：1,865.34kb] [文件加载：51]
[ error ] [8]未定义数组下标: 1

---------------------------------------------------------------
[ 2023-08-19T21:52:13+08:00 ] [ log ] at444.icu/99/ [运行时间：0.011040s][吞吐率：90.58req/s] [内存消耗：1,865.34kb] [文件加载：51]
[ error ] [8]未定义数组下标: 1

---------------------------------------------------------------
[ 2023-08-19T21:52:13+08:00 ] [ log ] at444.icu/99/ [运行时间：0.011195s][吞吐率：89.33req/s] [内存消耗：1,865.34kb] [文件加载：51]
[ error ] [8]未定义数组下标: 1

---------------------------------------------------------------
[ 2023-08-19T21:54:38+08:00 ] [ log ] at555.icu/99/ [运行时间：0.011066s][吞吐率：90.37req/s] [内存消耗：1,865.34kb] [文件加载：51]
[ error ] [8]未定义数组下标: 1

---------------------------------------------------------------
[ 2023-08-19T21:54:39+08:00 ] [ log ] at555.icu/99/ [运行时间：0.016181s][吞吐率：61.80req/s] [内存消耗：1,865.34kb] [文件加载：51]
[ error ] [8]未定义数组下标: 1

---------------------------------------------------------------
[ 2023-08-19T21:54:39+08:00 ] [ log ] at555.icu/99/ [运行时间：0.011588s][吞吐率：86.30req/s] [内存消耗：1,865.34kb] [文件加载：51]
[ error ] [8]未定义数组下标: 1

---------------------------------------------------------------
[ 2023-08-19T21:54:39+08:00 ] [ log ] at555.icu/99/ [运行时间：0.011048s][吞吐率：90.51req/s] [内存消耗：1,865.34kb] [文件加载：51]
[ error ] [8]未定义数组下标: 1

---------------------------------------------------------------
[ 2023-08-19T21:54:39+08:00 ] [ log ] at555.icu/99/ [运行时间：0.012089s][吞吐率：82.72req/s] [内存消耗：1,865.34kb] [文件加载：51]
[ error ] [8]未定义数组下标: 1

---------------------------------------------------------------
[ 2023-08-19T21:54:39+08:00 ] [ log ] at555.icu/99/ [运行时间：0.010798s][吞吐率：92.61req/s] [内存消耗：1,865.34kb] [文件加载：51]
[ error ] [8]未定义数组下标: 1

---------------------------------------------------------------
[ 2023-08-19T21:54:39+08:00 ] [ log ] at555.icu/99/ [运行时间：0.010972s][吞吐率：91.14req/s] [内存消耗：1,865.34kb] [文件加载：51]
[ error ] [8]未定义数组下标: 1

---------------------------------------------------------------
[ 2023-08-19T21:54:39+08:00 ] [ log ] at555.icu/99/ [运行时间：0.011120s][吞吐率：89.93req/s] [内存消耗：1,865.34kb] [文件加载：51]
[ error ] [8]未定义数组下标: 1

---------------------------------------------------------------
[ 2023-08-19T21:54:40+08:00 ] [ log ] at555.icu/99/ [运行时间：0.011678s][吞吐率：85.63req/s] [内存消耗：1,865.34kb] [文件加载：51]
[ error ] [8]未定义数组下标: 1

---------------------------------------------------------------
[ 2023-08-19T22:22:59+08:00 ] [ log ] asd123111.icu/99/?uc_sm=1 [运行时间：0.010667s][吞吐率：93.75req/s] [内存消耗：1,865.98kb] [文件加载：51]
[ error ] [8]未定义数组下标: 1

---------------------------------------------------------------
[ 2023-08-19T22:22:59+08:00 ] [ log ] asd123111.icu/99/ [运行时间：0.011461s][吞吐率：87.25req/s] [内存消耗：1,865.34kb] [文件加载：51]
[ error ] [8]未定义数组下标: 1

---------------------------------------------------------------
[ 2023-08-19T22:23:18+08:00 ] [ log ] asd123111.icu/99/favicon.ico [运行时间：0.009918s][吞吐率：100.83req/s] [内存消耗：1,650.74kb] [文件加载：44]
[ error ] [8]未定义数组下标: 1

---------------------------------------------------------------
[ 2023-08-19T22:23:21+08:00 ] [ log ] asd123111.icu/99/index/open.html [运行时间：0.011100s][吞吐率：90.09req/s] [内存消耗：1,865.13kb] [文件加载：50]
[ error ] [8]未定义数组下标: 1

---------------------------------------------------------------
