[ 2023-08-20T03:41:19+08:00 ] [ log ] at777.icu/99/ [运行时间：0.011343s][吞吐率：88.16req/s] [内存消耗：1,865.34kb] [文件加载：51]
[ error ] [8]未定义数组下标: 1

---------------------------------------------------------------
[ 2023-08-20T03:41:20+08:00 ] [ log ] at777.icu/99/favicon.ico [运行时间：0.009543s][吞吐率：104.79req/s] [内存消耗：1,650.74kb] [文件加载：44]
[ error ] [8]未定义数组下标: 1

---------------------------------------------------------------
[ 2023-08-20T03:41:23+08:00 ] [ log ] at777.icu/99/index/open.html [运行时间：0.010773s][吞吐率：92.83req/s] [内存消耗：1,865.12kb] [文件加载：50]
[ error ] [8]未定义数组下标: 1

---------------------------------------------------------------
[ 2023-08-20T03:49:35+08:00 ] [ log ] at777.icu/99/ [运行时间：0.010951s][吞吐率：91.32req/s] [内存消耗：1,864.80kb] [文件加载：51]
[ error ] [8]未定义数组下标: 1

---------------------------------------------------------------
[ 2023-08-20T03:49:36+08:00 ] [ log ] at777.icu/99/favicon.ico [运行时间：0.009895s][吞吐率：101.06req/s] [内存消耗：1,650.74kb] [文件加载：44]
[ error ] [8]未定义数组下标: 1

---------------------------------------------------------------
[ 2023-08-20T03:49:38+08:00 ] [ log ] at777.icu/99/index/open.html [运行时间：0.011740s][吞吐率：85.18req/s] [内存消耗：1,865.12kb] [文件加载：50]
[ error ] [8]未定义数组下标: 1

---------------------------------------------------------------
[ 2023-08-20T03:50:33+08:00 ] [ log ] at777.icu/99/index/open.html [运行时间：0.010680s][吞吐率：93.63req/s] [内存消耗：1,865.12kb] [文件加载：50]
[ error ] [8]未定义数组下标: 1

---------------------------------------------------------------
[ 2023-08-20T03:52:07+08:00 ] [ log ] at1777.com/99/ [运行时间：0.012384s][吞吐率：80.75req/s] [内存消耗：1,865.34kb] [文件加载：51]
[ error ] [8]未定义数组下标: 1

---------------------------------------------------------------
[ 2023-08-20T03:52:07+08:00 ] [ log ] at1777.com/99/favicon.ico [运行时间：0.014776s][吞吐率：67.68req/s] [内存消耗：1,650.74kb] [文件加载：44]
[ error ] [8]未定义数组下标: 1

---------------------------------------------------------------
[ 2023-08-20T03:52:10+08:00 ] [ log ] at1777.com/99/index/open.html [运行时间：0.011410s][吞吐率：87.64req/s] [内存消耗：1,865.12kb] [文件加载：50]
[ error ] [8]未定义数组下标: 1

---------------------------------------------------------------
[ 2023-08-20T04:01:30+08:00 ] [ log ] at1777.com/99/ [运行时间：0.010695s][吞吐率：93.50req/s] [内存消耗：1,864.80kb] [文件加载：51]
[ error ] [8]未定义数组下标: 1

---------------------------------------------------------------
[ 2023-08-20T04:01:32+08:00 ] [ log ] at1777.com/99/favicon.ico [运行时间：0.009857s][吞吐率：101.45req/s] [内存消耗：1,650.74kb] [文件加载：44]
[ error ] [8]未定义数组下标: 1

---------------------------------------------------------------
[ 2023-08-20T04:01:36+08:00 ] [ log ] at777.icu/99/ [运行时间：0.010569s][吞吐率：94.62req/s] [内存消耗：1,864.80kb] [文件加载：51]
[ error ] [8]未定义数组下标: 1

---------------------------------------------------------------
[ 2023-08-20T04:01:36+08:00 ] [ log ] at777.icu/99/favicon.ico [运行时间：0.009993s][吞吐率：100.07req/s] [内存消耗：1,650.74kb] [文件加载：44]
[ error ] [8]未定义数组下标: 1

---------------------------------------------------------------
[ 2023-08-20T04:01:39+08:00 ] [ log ] at1777.com/99/index/open.html [运行时间：0.011072s][吞吐率：90.32req/s] [内存消耗：1,865.12kb] [文件加载：50]
[ error ] [8]未定义数组下标: 1

---------------------------------------------------------------
[ 2023-08-20T04:02:51+08:00 ] [ log ] at1777.com/99/index/open.html [运行时间：0.010923s][吞吐率：91.55req/s] [内存消耗：1,865.12kb] [文件加载：50]
[ error ] [8]未定义数组下标: 1

---------------------------------------------------------------
[ 2023-08-20T04:03:29+08:00 ] [ log ] at777.icu/99/ [运行时间：0.011902s][吞吐率：84.02req/s] [内存消耗：1,864.80kb] [文件加载：51]
[ error ] [8]未定义数组下标: 1

---------------------------------------------------------------
[ 2023-08-20T04:03:30+08:00 ] [ log ] at777.icu/99/favicon.ico [运行时间：0.014007s][吞吐率：71.39req/s] [内存消耗：1,650.74kb] [文件加载：44]
[ error ] [8]未定义数组下标: 1

---------------------------------------------------------------
[ 2023-08-20T04:03:37+08:00 ] [ log ] at777.icu/99/index/open.html [运行时间：0.010886s][吞吐率：91.86req/s] [内存消耗：1,865.12kb] [文件加载：50]
[ error ] [8]未定义数组下标: 1

---------------------------------------------------------------
[ 2023-08-20T04:05:54+08:00 ] [ log ] at777.icu/99/ [运行时间：0.039353s][吞吐率：25.41req/s] [内存消耗：1,864.80kb] [文件加载：51]
[ error ] [8]未定义数组下标: 1

---------------------------------------------------------------
[ 2023-08-20T04:05:55+08:00 ] [ log ] at777.icu/99/favicon.ico [运行时间：0.009223s][吞吐率：108.42req/s] [内存消耗：1,650.74kb] [文件加载：44]
[ error ] [8]未定义数组下标: 1

---------------------------------------------------------------
[ 2023-08-20T04:05:57+08:00 ] [ log ] at777.icu/99/index/open.html [运行时间：0.021464s][吞吐率：46.59req/s] [内存消耗：1,865.12kb] [文件加载：50]
[ error ] [8]未定义数组下标: 1

---------------------------------------------------------------
[ 2023-08-20T04:06:27+08:00 ] [ log ] at777.icu/99/ [运行时间：0.012129s][吞吐率：82.45req/s] [内存消耗：1,864.80kb] [文件加载：51]
[ error ] [8]未定义数组下标: 1

---------------------------------------------------------------
[ 2023-08-20T04:06:28+08:00 ] [ log ] at777.icu/99/favicon.ico [运行时间：0.009227s][吞吐率：108.38req/s] [内存消耗：1,650.74kb] [文件加载：44]
[ error ] [8]未定义数组下标: 1

---------------------------------------------------------------
[ 2023-08-20T04:06:52+08:00 ] [ log ] at1777.com/99/ [运行时间：0.010724s][吞吐率：93.25req/s] [内存消耗：1,864.80kb] [文件加载：51]
[ error ] [8]未定义数组下标: 1

---------------------------------------------------------------
[ 2023-08-20T04:06:54+08:00 ] [ log ] at1777.com/99/favicon.ico [运行时间：0.012480s][吞吐率：80.13req/s] [内存消耗：1,650.74kb] [文件加载：44]
[ error ] [8]未定义数组下标: 1

---------------------------------------------------------------
[ 2023-08-20T04:06:56+08:00 ] [ log ] at1777.com/99/index/open.html [运行时间：0.018220s][吞吐率：54.88req/s] [内存消耗：1,865.12kb] [文件加载：50]
[ error ] [8]未定义数组下标: 1

---------------------------------------------------------------
[ 2023-08-20T04:07:16+08:00 ] [ log ] at1777.com/99/index/open.html [运行时间：0.032000s][吞吐率：31.25req/s] [内存消耗：1,865.12kb] [文件加载：50]
[ error ] [8]未定义数组下标: 1

---------------------------------------------------------------
[ 2023-08-20T06:41:56+08:00 ] [ log ] at1777.com/99/ [运行时间：0.011151s][吞吐率：89.68req/s] [内存消耗：1,865.34kb] [文件加载：51]
[ error ] [8]未定义数组下标: 1

---------------------------------------------------------------
[ 2023-08-20T06:41:57+08:00 ] [ log ] at1777.com/99/favicon.ico [运行时间：0.009909s][吞吐率：100.92req/s] [内存消耗：1,650.74kb] [文件加载：44]
[ error ] [8]未定义数组下标: 1

---------------------------------------------------------------
[ 2023-08-20T06:42:03+08:00 ] [ log ] at1777.com/99/index/open.html [运行时间：0.011365s][吞吐率：87.99req/s] [内存消耗：1,865.12kb] [文件加载：50]
[ error ] [8]未定义数组下标: 1

---------------------------------------------------------------
[ 2023-08-20T06:42:25+08:00 ] [ log ] at1777.com/99/index/open.html [运行时间：0.017373s][吞吐率：57.56req/s] [内存消耗：1,865.12kb] [文件加载：50]
[ error ] [8]未定义数组下标: 1

---------------------------------------------------------------
[ 2023-08-20T06:44:56+08:00 ] [ log ] at1777.com/99/index/open.html [运行时间：0.010863s][吞吐率：92.06req/s] [内存消耗：1,865.12kb] [文件加载：50]
[ error ] [8]未定义数组下标: 1

---------------------------------------------------------------
[ 2023-08-20T06:49:57+08:00 ] [ log ] at777.icu/99/ [运行时间：0.010948s][吞吐率：91.34req/s] [内存消耗：1,865.34kb] [文件加载：51]
[ error ] [8]未定义数组下标: 1

---------------------------------------------------------------
[ 2023-08-20T06:49:58+08:00 ] [ log ] at777.icu/99/favicon.ico [运行时间：0.009246s][吞吐率：108.16req/s] [内存消耗：1,650.74kb] [文件加载：44]
[ error ] [8]未定义数组下标: 1

---------------------------------------------------------------
[ 2023-08-20T06:50:01+08:00 ] [ log ] at777.icu/99/index/open.html [运行时间：0.011704s][吞吐率：85.44req/s] [内存消耗：1,865.12kb] [文件加载：50]
[ error ] [8]未定义数组下标: 1

---------------------------------------------------------------
[ 2023-08-20T09:34:59+08:00 ] [ log ] at444.icu/99/ [运行时间：0.011517s][吞吐率：86.83req/s] [内存消耗：1,865.34kb] [文件加载：51]
[ error ] [8]未定义数组下标: 1

---------------------------------------------------------------
[ 2023-08-20T09:35:15+08:00 ] [ log ] at444.icu/99/ [运行时间：0.026112s][吞吐率：38.30req/s] [内存消耗：1,865.34kb] [文件加载：51]
[ error ] [8]未定义数组下标: 1

---------------------------------------------------------------
[ 2023-08-20T09:35:15+08:00 ] [ log ] at444.icu/99/ [运行时间：0.012999s][吞吐率：76.93req/s] [内存消耗：1,865.34kb] [文件加载：51]
[ error ] [8]未定义数组下标: 1

---------------------------------------------------------------
[ 2023-08-20T09:35:15+08:00 ] [ log ] at444.icu/99/ [运行时间：0.011063s][吞吐率：90.39req/s] [内存消耗：1,865.34kb] [文件加载：51]
[ error ] [8]未定义数组下标: 1

---------------------------------------------------------------
[ 2023-08-20T10:08:42+08:00 ] [ log ] at666.icu/99/ [运行时间：0.040552s][吞吐率：24.66req/s] [内存消耗：1,865.34kb] [文件加载：51]
[ error ] [8]未定义数组下标: 1

---------------------------------------------------------------
[ 2023-08-20T10:08:44+08:00 ] [ log ] at666.icu/99/favicon.ico [运行时间：0.010499s][吞吐率：95.25req/s] [内存消耗：1,650.74kb] [文件加载：44]
[ error ] [8]未定义数组下标: 1

---------------------------------------------------------------
[ 2023-08-20T10:08:46+08:00 ] [ log ] at666.icu/99/index/open.html [运行时间：0.014810s][吞吐率：67.52req/s] [内存消耗：1,865.12kb] [文件加载：50]
[ error ] [8]未定义数组下标: 1

---------------------------------------------------------------
[ 2023-08-20T10:12:14+08:00 ] [ log ] at666.icu/99/ [运行时间：0.011444s][吞吐率：87.38req/s] [内存消耗：1,864.80kb] [文件加载：51]
[ error ] [8]未定义数组下标: 1

---------------------------------------------------------------
[ 2023-08-20T10:12:15+08:00 ] [ log ] at666.icu/99/favicon.ico [运行时间：0.010570s][吞吐率：94.61req/s] [内存消耗：1,650.74kb] [文件加载：44]
[ error ] [8]未定义数组下标: 1

---------------------------------------------------------------
[ 2023-08-20T10:12:17+08:00 ] [ log ] at666.icu/99/index/open.html [运行时间：0.034007s][吞吐率：29.41req/s] [内存消耗：1,865.12kb] [文件加载：50]
[ error ] [8]未定义数组下标: 1

---------------------------------------------------------------
[ 2023-08-20T10:43:04+08:00 ] [ log ] at666.icu/99/ [运行时间：0.011325s][吞吐率：88.30req/s] [内存消耗：1,864.80kb] [文件加载：51]
[ error ] [8]未定义数组下标: 1

---------------------------------------------------------------
[ 2023-08-20T10:43:05+08:00 ] [ log ] at666.icu/99/favicon.ico [运行时间：0.012070s][吞吐率：82.85req/s] [内存消耗：1,650.74kb] [文件加载：44]
[ error ] [8]未定义数组下标: 1

---------------------------------------------------------------
[ 2023-08-20T10:43:06+08:00 ] [ log ] at666.icu/99/index/open.html [运行时间：0.010705s][吞吐率：93.41req/s] [内存消耗：1,865.12kb] [文件加载：50]
[ error ] [8]未定义数组下标: 1

---------------------------------------------------------------
[ 2023-08-20T10:43:49+08:00 ] [ log ] at888.icu/99/ [运行时间：0.011846s][吞吐率：84.42req/s] [内存消耗：1,865.34kb] [文件加载：51]
[ error ] [8]未定义数组下标: 1

---------------------------------------------------------------
[ 2023-08-20T10:43:50+08:00 ] [ log ] at888.icu/99/favicon.ico [运行时间：0.009413s][吞吐率：106.24req/s] [内存消耗：1,650.74kb] [文件加载：44]
[ error ] [8]未定义数组下标: 1

---------------------------------------------------------------
[ 2023-08-20T10:43:52+08:00 ] [ log ] at888.icu/99/index/open.html [运行时间：0.011173s][吞吐率：89.50req/s] [内存消耗：1,865.12kb] [文件加载：50]
[ error ] [8]未定义数组下标: 1

---------------------------------------------------------------
[ 2023-08-20T10:52:21+08:00 ] [ log ] at444.icu/99/ [运行时间：0.017756s][吞吐率：56.32req/s] [内存消耗：1,865.34kb] [文件加载：51]
[ error ] [8]未定义数组下标: 1

---------------------------------------------------------------
[ 2023-08-20T10:52:21+08:00 ] [ log ] at444.icu/99/ [运行时间：0.010525s][吞吐率：95.01req/s] [内存消耗：1,865.34kb] [文件加载：51]
[ error ] [8]未定义数组下标: 1

---------------------------------------------------------------
[ 2023-08-20T10:52:21+08:00 ] [ log ] at444.icu/99/ [运行时间：0.010803s][吞吐率：92.57req/s] [内存消耗：1,865.34kb] [文件加载：51]
[ error ] [8]未定义数组下标: 1

---------------------------------------------------------------
[ 2023-08-20T10:58:30+08:00 ] [ log ] at555.icu/99/ [运行时间：0.010937s][吞吐率：91.43req/s] [内存消耗：1,865.34kb] [文件加载：51]
[ error ] [8]未定义数组下标: 1

---------------------------------------------------------------
[ 2023-08-20T11:19:30+08:00 ] [ log ] at888.icu/99/ [运行时间：0.010799s][吞吐率：92.60req/s] [内存消耗：1,865.34kb] [文件加载：51]
[ error ] [8]未定义数组下标: 1

---------------------------------------------------------------
[ 2023-08-20T11:20:34+08:00 ] [ log ] at888.icu/99/ [运行时间：0.010893s][吞吐率：91.80req/s] [内存消耗：1,865.34kb] [文件加载：51]
[ error ] [8]未定义数组下标: 1

---------------------------------------------------------------
[ 2023-08-20T11:20:47+08:00 ] [ log ] at888.icu/99/favicon.ico [运行时间：0.030218s][吞吐率：33.09req/s] [内存消耗：1,650.74kb] [文件加载：44]
[ error ] [8]未定义数组下标: 1

---------------------------------------------------------------
[ 2023-08-20T11:20:48+08:00 ] [ log ] at888.icu/99/index/open.html [运行时间：0.012546s][吞吐率：79.71req/s] [内存消耗：1,865.12kb] [文件加载：50]
[ error ] [8]未定义数组下标: 1

---------------------------------------------------------------
[ 2023-08-20T11:21:05+08:00 ] [ log ] at888.icu/99/favicon.ico [运行时间：0.022653s][吞吐率：44.14req/s] [内存消耗：1,650.74kb] [文件加载：44]
[ error ] [8]未定义数组下标: 1

---------------------------------------------------------------
[ 2023-08-20T11:21:37+08:00 ] [ log ] at888.icu/99/index/open.html [运行时间：0.010923s][吞吐率：91.55req/s] [内存消耗：1,865.12kb] [文件加载：50]
[ error ] [8]未定义数组下标: 1

---------------------------------------------------------------
[ 2023-08-20T11:46:55+08:00 ] [ log ] at888.icu/99/ [运行时间：0.011051s][吞吐率：90.49req/s] [内存消耗：1,865.34kb] [文件加载：51]
[ error ] [8]未定义数组下标: 1

---------------------------------------------------------------
[ 2023-08-20T11:47:18+08:00 ] [ log ] at888.icu/99/favicon.ico [运行时间：0.009884s][吞吐率：101.17req/s] [内存消耗：1,650.74kb] [文件加载：44]
[ error ] [8]未定义数组下标: 1

---------------------------------------------------------------
[ 2023-08-20T11:47:26+08:00 ] [ log ] at888.icu/99/index/open.html [运行时间：0.010805s][吞吐率：92.55req/s] [内存消耗：1,865.12kb] [文件加载：50]
[ error ] [8]未定义数组下标: 1

---------------------------------------------------------------
[ 2023-08-20T11:55:46+08:00 ] [ log ] at888.icu/99/ [运行时间：0.011302s][吞吐率：88.48req/s] [内存消耗：1,864.80kb] [文件加载：51]
[ error ] [8]未定义数组下标: 1

---------------------------------------------------------------
[ 2023-08-20T11:55:51+08:00 ] [ log ] at888.icu/99/favicon.ico [运行时间：0.009448s][吞吐率：105.84req/s] [内存消耗：1,650.74kb] [文件加载：44]
[ error ] [8]未定义数组下标: 1

---------------------------------------------------------------
[ 2023-08-20T11:55:53+08:00 ] [ log ] at888.icu/99/favicon.ico [运行时间：0.009810s][吞吐率：101.94req/s] [内存消耗：1,650.74kb] [文件加载：44]
[ error ] [8]未定义数组下标: 1

---------------------------------------------------------------
[ 2023-08-20T11:55:56+08:00 ] [ log ] at888.icu/99/index/open.html [运行时间：0.015718s][吞吐率：63.62req/s] [内存消耗：1,865.12kb] [文件加载：50]
[ error ] [8]未定义数组下标: 1

---------------------------------------------------------------
[ 2023-08-20T12:14:32+08:00 ] [ log ] at888.icu/99/ [运行时间：0.011318s][吞吐率：88.36req/s] [内存消耗：1,864.80kb] [文件加载：51]
[ error ] [8]未定义数组下标: 1

---------------------------------------------------------------
[ 2023-08-20T12:14:33+08:00 ] [ log ] at888.icu/99/favicon.ico [运行时间：0.035810s][吞吐率：27.93req/s] [内存消耗：1,650.74kb] [文件加载：44]
[ error ] [8]未定义数组下标: 1

---------------------------------------------------------------
[ 2023-08-20T12:14:35+08:00 ] [ log ] at888.icu/99/index/open.html [运行时间：0.013693s][吞吐率：73.03req/s] [内存消耗：1,865.12kb] [文件加载：50]
[ error ] [8]未定义数组下标: 1

---------------------------------------------------------------
[ 2023-08-20T12:14:41+08:00 ] [ log ] at888.icu/99/index/open.html [运行时间：0.015160s][吞吐率：65.96req/s] [内存消耗：1,865.12kb] [文件加载：50]
[ error ] [8]未定义数组下标: 1

---------------------------------------------------------------
[ 2023-08-20T12:16:31+08:00 ] [ log ] at888.icu/99/ [运行时间：0.011037s][吞吐率：90.61req/s] [内存消耗：1,864.80kb] [文件加载：51]
[ error ] [8]未定义数组下标: 1

---------------------------------------------------------------
[ 2023-08-20T12:16:31+08:00 ] [ log ] at888.icu/99/favicon.ico [运行时间：0.009408s][吞吐率：106.29req/s] [内存消耗：1,650.74kb] [文件加载：44]
[ error ] [8]未定义数组下标: 1

---------------------------------------------------------------
[ 2023-08-20T12:16:34+08:00 ] [ log ] at888.icu/99/index/open.html [运行时间：0.014668s][吞吐率：68.18req/s] [内存消耗：1,865.12kb] [文件加载：50]
[ error ] [8]未定义数组下标: 1

---------------------------------------------------------------
[ 2023-08-20T12:56:19+08:00 ] [ log ] at888.icu/99/ [运行时间：0.025328s][吞吐率：39.48req/s] [内存消耗：1,865.34kb] [文件加载：51]
[ error ] [8]未定义数组下标: 1

---------------------------------------------------------------
[ 2023-08-20T12:56:20+08:00 ] [ log ] at888.icu/99/favicon.ico [运行时间：0.013815s][吞吐率：72.39req/s] [内存消耗：1,650.74kb] [文件加载：44]
[ error ] [8]未定义数组下标: 1

---------------------------------------------------------------
[ 2023-08-20T12:56:22+08:00 ] [ log ] at888.icu/99/index/open.html [运行时间：0.015545s][吞吐率：64.33req/s] [内存消耗：1,865.12kb] [文件加载：50]
[ error ] [8]未定义数组下标: 1

---------------------------------------------------------------
[ 2023-08-20T13:34:35+08:00 ] [ log ] at888.icu/99/ [运行时间：0.015984s][吞吐率：62.56req/s] [内存消耗：1,864.80kb] [文件加载：51]
[ error ] [8]未定义数组下标: 1

---------------------------------------------------------------
[ 2023-08-20T13:34:36+08:00 ] [ log ] at888.icu/99/favicon.ico [运行时间：0.011099s][吞吐率：90.10req/s] [内存消耗：1,650.74kb] [文件加载：44]
[ error ] [8]未定义数组下标: 1

---------------------------------------------------------------
[ 2023-08-20T13:34:38+08:00 ] [ log ] at888.icu/99/index/open.html [运行时间：0.016746s][吞吐率：59.72req/s] [内存消耗：1,865.12kb] [文件加载：50]
[ error ] [8]未定义数组下标: 1

---------------------------------------------------------------
[ 2023-08-20T13:35:12+08:00 ] [ log ] at888.icu/99/ [运行时间：0.010913s][吞吐率：91.63req/s] [内存消耗：1,864.80kb] [文件加载：51]
[ error ] [8]未定义数组下标: 1

---------------------------------------------------------------
[ 2023-08-20T13:35:15+08:00 ] [ log ] at888.icu/99/favicon.ico [运行时间：0.010177s][吞吐率：98.26req/s] [内存消耗：1,650.74kb] [文件加载：44]
[ error ] [8]未定义数组下标: 1

---------------------------------------------------------------
[ 2023-08-20T13:35:17+08:00 ] [ log ] at888.icu/99/index/open.html [运行时间：0.010449s][吞吐率：95.70req/s] [内存消耗：1,865.12kb] [文件加载：50]
[ error ] [8]未定义数组下标: 1

---------------------------------------------------------------
[ 2023-08-20T16:36:51+08:00 ] [ log ] at888.icu/99/?uc_sm=1&from=wh10331 [运行时间：0.020223s][吞吐率：49.45req/s] [内存消耗：1,865.98kb] [文件加载：51]
[ error ] [8]未定义数组下标: 1

---------------------------------------------------------------
[ 2023-08-20T16:36:51+08:00 ] [ log ] at888.icu/99/ [运行时间：0.010536s][吞吐率：94.91req/s] [内存消耗：1,865.34kb] [文件加载：51]
[ error ] [8]未定义数组下标: 1

---------------------------------------------------------------
[ 2023-08-20T16:36:52+08:00 ] [ log ] at888.icu/99/favicon.ico [运行时间：0.009831s][吞吐率：101.72req/s] [内存消耗：1,650.74kb] [文件加载：44]
[ error ] [8]未定义数组下标: 1

---------------------------------------------------------------
[ 2023-08-20T16:36:55+08:00 ] [ log ] at888.icu/99/index/open.html [运行时间：0.010812s][吞吐率：92.49req/s] [内存消耗：1,865.12kb] [文件加载：50]
[ error ] [8]未定义数组下标: 1

---------------------------------------------------------------
[ 2023-08-20T16:54:48+08:00 ] [ log ] at888.icu/99/ [运行时间：0.024618s][吞吐率：40.62req/s] [内存消耗：1,864.80kb] [文件加载：51]
[ error ] [8]未定义数组下标: 1

---------------------------------------------------------------
[ 2023-08-20T16:54:49+08:00 ] [ log ] at888.icu/99/favicon.ico [运行时间：0.010464s][吞吐率：95.57req/s] [内存消耗：1,650.74kb] [文件加载：44]
[ error ] [8]未定义数组下标: 1

---------------------------------------------------------------
[ 2023-08-20T16:57:57+08:00 ] [ log ] at888.icu/99/?uc_sm=1&from=wh10331 [运行时间：0.010932s][吞吐率：91.47req/s] [内存消耗：1,865.45kb] [文件加载：51]
[ error ] [8]未定义数组下标: 1

---------------------------------------------------------------
[ 2023-08-20T16:57:57+08:00 ] [ log ] at888.icu/99/ [运行时间：0.011473s][吞吐率：87.16req/s] [内存消耗：1,864.80kb] [文件加载：51]
[ error ] [8]未定义数组下标: 1

---------------------------------------------------------------
[ 2023-08-20T16:57:58+08:00 ] [ log ] at888.icu/99/favicon.ico [运行时间：0.009523s][吞吐率：105.01req/s] [内存消耗：1,650.74kb] [文件加载：44]
[ error ] [8]未定义数组下标: 1

---------------------------------------------------------------
[ 2023-08-20T16:58:03+08:00 ] [ log ] at888.icu/99/index/open.html [运行时间：0.017170s][吞吐率：58.24req/s] [内存消耗：1,865.12kb] [文件加载：50]
[ error ] [8]未定义数组下标: 1

---------------------------------------------------------------
[ 2023-08-20T17:07:59+08:00 ] [ log ] at555.icu/99/ [运行时间：0.011413s][吞吐率：87.62req/s] [内存消耗：1,865.34kb] [文件加载：51]
[ error ] [8]未定义数组下标: 1

---------------------------------------------------------------
[ 2023-08-20T17:08:10+08:00 ] [ log ] at555.icu/99/ [运行时间：0.012752s][吞吐率：78.42req/s] [内存消耗：1,865.34kb] [文件加载：51]
[ error ] [8]未定义数组下标: 1

---------------------------------------------------------------
[ 2023-08-20T17:08:10+08:00 ] [ log ] at555.icu/99/ [运行时间：0.010589s][吞吐率：94.44req/s] [内存消耗：1,865.34kb] [文件加载：51]
[ error ] [8]未定义数组下标: 1

---------------------------------------------------------------
[ 2023-08-20T17:08:18+08:00 ] [ log ] at555.icu/99/ [运行时间：0.010925s][吞吐率：91.53req/s] [内存消耗：1,865.34kb] [文件加载：51]
[ error ] [8]未定义数组下标: 1

---------------------------------------------------------------
[ 2023-08-20T17:08:18+08:00 ] [ log ] at555.icu/99/ [运行时间：0.010910s][吞吐率：91.66req/s] [内存消耗：1,865.34kb] [文件加载：51]
[ error ] [8]未定义数组下标: 1

---------------------------------------------------------------
[ 2023-08-20T17:08:18+08:00 ] [ log ] at555.icu/99/ [运行时间：0.010922s][吞吐率：91.56req/s] [内存消耗：1,865.34kb] [文件加载：51]
[ error ] [8]未定义数组下标: 1

---------------------------------------------------------------
[ 2023-08-20T17:08:32+08:00 ] [ log ] at555.icu/99/ [运行时间：0.014504s][吞吐率：68.95req/s] [内存消耗：1,865.34kb] [文件加载：51]
[ error ] [8]未定义数组下标: 1

---------------------------------------------------------------
[ 2023-08-20T17:08:32+08:00 ] [ log ] at555.icu/99/ [运行时间：0.010782s][吞吐率：92.75req/s] [内存消耗：1,865.34kb] [文件加载：51]
[ error ] [8]未定义数组下标: 1

---------------------------------------------------------------
[ 2023-08-20T17:08:32+08:00 ] [ log ] at555.icu/99/ [运行时间：0.011015s][吞吐率：90.79req/s] [内存消耗：1,865.34kb] [文件加载：51]
[ error ] [8]未定义数组下标: 1

---------------------------------------------------------------
[ 2023-08-20T17:09:16+08:00 ] [ log ] at555.icu/99/ [运行时间：0.010808s][吞吐率：92.52req/s] [内存消耗：1,865.34kb] [文件加载：51]
[ error ] [8]未定义数组下标: 1

---------------------------------------------------------------
[ 2023-08-20T17:09:18+08:00 ] [ log ] at555.icu/99/favicon.ico [运行时间：0.009291s][吞吐率：107.63req/s] [内存消耗：1,650.74kb] [文件加载：44]
[ error ] [8]未定义数组下标: 1

---------------------------------------------------------------
[ 2023-08-20T17:09:20+08:00 ] [ log ] at555.icu/99/index/open.html [运行时间：0.010959s][吞吐率：91.25req/s] [内存消耗：1,865.12kb] [文件加载：50]
[ error ] [8]未定义数组下标: 1

---------------------------------------------------------------
[ 2023-08-20T17:11:51+08:00 ] [ log ] at555.icu/99/ [运行时间：0.010924s][吞吐率：91.54req/s] [内存消耗：1,864.80kb] [文件加载：51]
[ error ] [8]未定义数组下标: 1

---------------------------------------------------------------
[ 2023-08-20T17:11:52+08:00 ] [ log ] at555.icu/99/favicon.ico [运行时间：0.009863s][吞吐率：101.39req/s] [内存消耗：1,650.74kb] [文件加载：44]
[ error ] [8]未定义数组下标: 1

---------------------------------------------------------------
[ 2023-08-20T17:11:54+08:00 ] [ log ] at555.icu/99/index/open.html [运行时间：0.040859s][吞吐率：24.47req/s] [内存消耗：1,865.12kb] [文件加载：50]
[ error ] [8]未定义数组下标: 1

---------------------------------------------------------------
[ 2023-08-20T17:13:46+08:00 ] [ log ] at555.icu/99/ [运行时间：0.011705s][吞吐率：85.43req/s] [内存消耗：1,864.80kb] [文件加载：51]
[ error ] [8]未定义数组下标: 1

---------------------------------------------------------------
[ 2023-08-20T17:13:47+08:00 ] [ log ] at555.icu/99/favicon.ico [运行时间：0.017866s][吞吐率：55.97req/s] [内存消耗：1,650.74kb] [文件加载：44]
[ error ] [8]未定义数组下标: 1

---------------------------------------------------------------
[ 2023-08-20T17:13:49+08:00 ] [ log ] at555.icu/99/index/open.html [运行时间：0.011068s][吞吐率：90.35req/s] [内存消耗：1,865.12kb] [文件加载：50]
[ error ] [8]未定义数组下标: 1

---------------------------------------------------------------
[ 2023-08-20T17:16:02+08:00 ] [ log ] at888.icu/99/ [运行时间：0.010896s][吞吐率：91.78req/s] [内存消耗：1,865.34kb] [文件加载：51]
[ error ] [8]未定义数组下标: 1

---------------------------------------------------------------
[ 2023-08-20T17:16:03+08:00 ] [ log ] at888.icu/99/favicon.ico [运行时间：0.012933s][吞吐率：77.32req/s] [内存消耗：1,650.74kb] [文件加载：44]
[ error ] [8]未定义数组下标: 1

---------------------------------------------------------------
[ 2023-08-20T17:16:05+08:00 ] [ log ] at888.icu/99/index/open.html [运行时间：0.010935s][吞吐率：91.45req/s] [内存消耗：1,865.12kb] [文件加载：50]
[ error ] [8]未定义数组下标: 1

---------------------------------------------------------------
[ 2023-08-20T17:17:50+08:00 ] [ log ] at888.icu/99/ [运行时间：0.015741s][吞吐率：63.53req/s] [内存消耗：1,865.34kb] [文件加载：51]
[ error ] [8]未定义数组下标: 1

---------------------------------------------------------------
[ 2023-08-20T17:17:51+08:00 ] [ log ] at888.icu/99/favicon.ico [运行时间：0.010026s][吞吐率：99.74req/s] [内存消耗：1,650.74kb] [文件加载：44]
[ error ] [8]未定义数组下标: 1

---------------------------------------------------------------
[ 2023-08-20T17:17:54+08:00 ] [ log ] at888.icu/99/index/open.html [运行时间：0.011474s][吞吐率：87.15req/s] [内存消耗：1,865.12kb] [文件加载：50]
[ error ] [8]未定义数组下标: 1

---------------------------------------------------------------
[ 2023-08-20T17:50:26+08:00 ] [ log ] at888.icu/99/ [运行时间：0.011451s][吞吐率：87.33req/s] [内存消耗：1,864.80kb] [文件加载：51]
[ error ] [8]未定义数组下标: 1

---------------------------------------------------------------
[ 2023-08-20T17:50:27+08:00 ] [ log ] at888.icu/99/favicon.ico [运行时间：0.016474s][吞吐率：60.70req/s] [内存消耗：1,650.74kb] [文件加载：44]
[ error ] [8]未定义数组下标: 1

---------------------------------------------------------------
[ 2023-08-20T17:50:29+08:00 ] [ log ] at888.icu/99/index/open.html [运行时间：0.011772s][吞吐率：84.95req/s] [内存消耗：1,865.12kb] [文件加载：50]
[ error ] [8]未定义数组下标: 1

---------------------------------------------------------------
[ 2023-08-20T17:57:37+08:00 ] [ log ] at888.icu/99/ [运行时间：0.010776s][吞吐率：92.80req/s] [内存消耗：1,864.80kb] [文件加载：51]
[ error ] [8]未定义数组下标: 1

---------------------------------------------------------------
[ 2023-08-20T17:57:38+08:00 ] [ log ] at888.icu/99/favicon.ico [运行时间：0.020484s][吞吐率：48.82req/s] [内存消耗：1,650.74kb] [文件加载：44]
[ error ] [8]未定义数组下标: 1

---------------------------------------------------------------
[ 2023-08-20T17:57:42+08:00 ] [ log ] at888.icu/99/ [运行时间：0.011255s][吞吐率：88.85req/s] [内存消耗：1,864.80kb] [文件加载：51]
[ error ] [8]未定义数组下标: 1

---------------------------------------------------------------
[ 2023-08-20T17:57:43+08:00 ] [ log ] at888.icu/99/favicon.ico [运行时间：0.009488s][吞吐率：105.40req/s] [内存消耗：1,650.74kb] [文件加载：44]
[ error ] [8]未定义数组下标: 1

---------------------------------------------------------------
[ 2023-08-20T17:57:45+08:00 ] [ log ] at888.icu/99/index/open.html [运行时间：0.010773s][吞吐率：92.83req/s] [内存消耗：1,865.12kb] [文件加载：50]
[ error ] [8]未定义数组下标: 1

---------------------------------------------------------------
[ 2023-08-20T17:58:17+08:00 ] [ log ] at888.icu/99/ [运行时间：0.011465s][吞吐率：87.22req/s] [内存消耗：1,864.80kb] [文件加载：51]
[ error ] [8]未定义数组下标: 1

---------------------------------------------------------------
[ 2023-08-20T17:58:17+08:00 ] [ log ] at888.icu/99/favicon.ico [运行时间：0.009493s][吞吐率：105.34req/s] [内存消耗：1,650.74kb] [文件加载：44]
[ error ] [8]未定义数组下标: 1

---------------------------------------------------------------
[ 2023-08-20T17:58:19+08:00 ] [ log ] at888.icu/99/index/open.html [运行时间：0.011065s][吞吐率：90.38req/s] [内存消耗：1,865.12kb] [文件加载：50]
[ error ] [8]未定义数组下标: 1

---------------------------------------------------------------
[ 2023-08-20T18:13:05+08:00 ] [ log ] at888.icu/99/ [运行时间：0.013452s][吞吐率：74.34req/s] [内存消耗：1,864.80kb] [文件加载：51]
[ error ] [8]未定义数组下标: 1

---------------------------------------------------------------
[ 2023-08-20T18:13:07+08:00 ] [ log ] at888.icu/99/favicon.ico [运行时间：0.009927s][吞吐率：100.74req/s] [内存消耗：1,650.74kb] [文件加载：44]
[ error ] [8]未定义数组下标: 1

---------------------------------------------------------------
[ 2023-08-20T18:13:08+08:00 ] [ log ] at888.icu/99/index/open.html [运行时间：0.010811s][吞吐率：92.50req/s] [内存消耗：1,865.12kb] [文件加载：50]
[ error ] [8]未定义数组下标: 1

---------------------------------------------------------------
[ 2023-08-20T18:23:27+08:00 ] [ log ] at888.icu/99/ [运行时间：0.016506s][吞吐率：60.58req/s] [内存消耗：1,865.34kb] [文件加载：51]
[ error ] [8]未定义数组下标: 1

---------------------------------------------------------------
[ 2023-08-20T18:23:28+08:00 ] [ log ] at888.icu/99/favicon.ico [运行时间：0.035265s][吞吐率：28.36req/s] [内存消耗：1,650.74kb] [文件加载：44]
[ error ] [8]未定义数组下标: 1

---------------------------------------------------------------
[ 2023-08-20T18:35:02+08:00 ] [ log ] at555.icu/99/ [运行时间：0.011052s][吞吐率：90.48req/s] [内存消耗：1,865.34kb] [文件加载：51]
[ error ] [8]未定义数组下标: 1

---------------------------------------------------------------
[ 2023-08-20T18:53:09+08:00 ] [ log ] at555.icu/99/ [运行时间：0.010614s][吞吐率：94.22req/s] [内存消耗：1,865.34kb] [文件加载：51]
[ error ] [8]未定义数组下标: 1

---------------------------------------------------------------
[ 2023-08-20T18:57:30+08:00 ] [ log ] at555.icu/99/?extra_params=AAN3UlC%2BkC6uKpnBo9DX2EztTVzUCfUkAGDYaOAqw0B3cg%3D%3D [运行时间：0.010884s][吞吐率：91.88req/s] [内存消耗：1,866.03kb] [文件加载：51]
[ error ] [8]未定义数组下标: 1

---------------------------------------------------------------
[ 2023-08-20T18:57:33+08:00 ] [ log ] at555.icu/99/ [运行时间：0.020349s][吞吐率：49.14req/s] [内存消耗：1,865.34kb] [文件加载：51]
[ error ] [8]未定义数组下标: 1

---------------------------------------------------------------
[ 2023-08-20T18:57:33+08:00 ] [ log ] at555.icu/99/ [运行时间：0.011280s][吞吐率：88.65req/s] [内存消耗：1,865.34kb] [文件加载：51]
[ error ] [8]未定义数组下标: 1

---------------------------------------------------------------
[ 2023-08-20T18:57:46+08:00 ] [ log ] at555.icu/99/ [运行时间：0.014896s][吞吐率：67.13req/s] [内存消耗：1,865.34kb] [文件加载：51]
[ error ] [8]未定义数组下标: 1

---------------------------------------------------------------
[ 2023-08-20T18:57:46+08:00 ] [ log ] at555.icu/99/ [运行时间：0.010737s][吞吐率：93.14req/s] [内存消耗：1,865.34kb] [文件加载：51]
[ error ] [8]未定义数组下标: 1

---------------------------------------------------------------
[ 2023-08-20T18:57:46+08:00 ] [ log ] at555.icu/99/ [运行时间：0.010743s][吞吐率：93.08req/s] [内存消耗：1,865.34kb] [文件加载：51]
[ error ] [8]未定义数组下标: 1

---------------------------------------------------------------
[ 2023-08-20T19:25:12+08:00 ] [ log ] at888.icu/99/ [运行时间：0.016900s][吞吐率：59.17req/s] [内存消耗：1,865.34kb] [文件加载：51]
[ error ] [8]未定义数组下标: 1

---------------------------------------------------------------
[ 2023-08-20T19:25:13+08:00 ] [ log ] at888.icu/99/favicon.ico [运行时间：0.012260s][吞吐率：81.56req/s] [内存消耗：1,650.74kb] [文件加载：44]
[ error ] [8]未定义数组下标: 1

---------------------------------------------------------------
[ 2023-08-20T19:25:26+08:00 ] [ log ] at888.icu/99/index/open.html [运行时间：0.011700s][吞吐率：85.47req/s] [内存消耗：1,865.12kb] [文件加载：50]
[ error ] [8]未定义数组下标: 1

---------------------------------------------------------------
[ 2023-08-20T20:41:49+08:00 ] [ log ] at666.icu/99/ [运行时间：0.012462s][吞吐率：80.24req/s] [内存消耗：1,865.34kb] [文件加载：51]
[ error ] [8]未定义数组下标: 1

---------------------------------------------------------------
[ 2023-08-20T20:41:50+08:00 ] [ log ] at666.icu/99/favicon.ico [运行时间：0.010187s][吞吐率：98.16req/s] [内存消耗：1,650.74kb] [文件加载：44]
[ error ] [8]未定义数组下标: 1

---------------------------------------------------------------
[ 2023-08-20T20:41:53+08:00 ] [ log ] at666.icu/99/index/open.html [运行时间：0.010830s][吞吐率：92.34req/s] [内存消耗：1,865.12kb] [文件加载：50]
[ error ] [8]未定义数组下标: 1

---------------------------------------------------------------
[ 2023-08-20T20:43:26+08:00 ] [ log ] at666.icu/99/ [运行时间：0.033403s][吞吐率：29.94req/s] [内存消耗：1,864.80kb] [文件加载：51]
[ error ] [8]未定义数组下标: 1

---------------------------------------------------------------
[ 2023-08-20T20:43:29+08:00 ] [ log ] at666.icu/99/favicon.ico [运行时间：0.009876s][吞吐率：101.26req/s] [内存消耗：1,650.74kb] [文件加载：44]
[ error ] [8]未定义数组下标: 1

---------------------------------------------------------------
[ 2023-08-20T20:43:33+08:00 ] [ log ] at666.icu/99/index/open.html [运行时间：0.011466s][吞吐率：87.21req/s] [内存消耗：1,865.12kb] [文件加载：50]
[ error ] [8]未定义数组下标: 1

---------------------------------------------------------------
[ 2023-08-20T20:44:18+08:00 ] [ log ] at888.icu/99/ [运行时间：0.014816s][吞吐率：67.50req/s] [内存消耗：1,865.34kb] [文件加载：51]
[ error ] [8]未定义数组下标: 1

---------------------------------------------------------------
[ 2023-08-20T20:44:19+08:00 ] [ log ] at888.icu/99/favicon.ico [运行时间：0.009441s][吞吐率：105.92req/s] [内存消耗：1,650.74kb] [文件加载：44]
[ error ] [8]未定义数组下标: 1

---------------------------------------------------------------
[ 2023-08-20T20:44:23+08:00 ] [ log ] at888.icu/99/index/open.html [运行时间：0.011009s][吞吐率：90.83req/s] [内存消耗：1,865.12kb] [文件加载：50]
[ error ] [8]未定义数组下标: 1

---------------------------------------------------------------
[ 2023-08-20T21:26:00+08:00 ] [ log ] asd123111.icu/99/?uc_sm=1 [运行时间：0.011716s][吞吐率：85.35req/s] [内存消耗：1,865.98kb] [文件加载：51]
[ error ] [8]未定义数组下标: 1

---------------------------------------------------------------
[ 2023-08-20T21:26:01+08:00 ] [ log ] asd123111.icu/99/ [运行时间：0.011216s][吞吐率：89.16req/s] [内存消耗：1,865.34kb] [文件加载：51]
[ error ] [8]未定义数组下标: 1

---------------------------------------------------------------
[ 2023-08-20T21:26:02+08:00 ] [ log ] asd123111.icu/99/favicon.ico [运行时间：0.015252s][吞吐率：65.56req/s] [内存消耗：1,650.74kb] [文件加载：44]
[ error ] [8]未定义数组下标: 1

---------------------------------------------------------------
[ 2023-08-20T21:26:05+08:00 ] [ log ] asd123111.icu/99/index/open.html [运行时间：0.016521s][吞吐率：60.53req/s] [内存消耗：1,865.13kb] [文件加载：50]
[ error ] [8]未定义数组下标: 1

---------------------------------------------------------------
[ 2023-08-20T22:46:44+08:00 ] [ log ] at555.icu/99/ [运行时间：0.011462s][吞吐率：87.25req/s] [内存消耗：1,865.34kb] [文件加载：51]
[ error ] [8]未定义数组下标: 1

---------------------------------------------------------------
