[ 2023-08-21T00:09:32+08:00 ] [ log ] at555.icu/99/ [运行时间：0.010741s][吞吐率：93.10req/s] [内存消耗：1,865.34kb] [文件加载：51]
[ error ] [8]未定义数组下标: 1

---------------------------------------------------------------
[ 2023-08-21T00:09:33+08:00 ] [ log ] at555.icu/99/favicon.ico [运行时间：0.009448s][吞吐率：105.84req/s] [内存消耗：1,650.74kb] [文件加载：44]
[ error ] [8]未定义数组下标: 1

---------------------------------------------------------------
[ 2023-08-21T09:45:03+08:00 ] [ log ] at888.icu/99/ [运行时间：0.023770s][吞吐率：42.07req/s] [内存消耗：1,865.34kb] [文件加载：51]
[ error ] [8]未定义数组下标: 1

---------------------------------------------------------------
[ 2023-08-21T09:45:03+08:00 ] [ log ] at888.icu/99/favicon.ico [运行时间：0.009841s][吞吐率：101.62req/s] [内存消耗：1,650.74kb] [文件加载：44]
[ error ] [8]未定义数组下标: 1

---------------------------------------------------------------
[ 2023-08-21T09:45:06+08:00 ] [ log ] at888.icu/99/index/open.html [运行时间：0.011544s][吞吐率：86.63req/s] [内存消耗：1,865.12kb] [文件加载：50]
[ error ] [8]未定义数组下标: 1

---------------------------------------------------------------
[ 2023-08-21T10:00:34+08:00 ] [ log ] at888.icu/99/ [运行时间：0.014761s][吞吐率：67.75req/s] [内存消耗：1,864.80kb] [文件加载：51]
[ error ] [8]未定义数组下标: 1

---------------------------------------------------------------
[ 2023-08-21T10:00:35+08:00 ] [ log ] at888.icu/99/favicon.ico [运行时间：0.011467s][吞吐率：87.21req/s] [内存消耗：1,650.74kb] [文件加载：44]
[ error ] [8]未定义数组下标: 1

---------------------------------------------------------------
[ 2023-08-21T10:00:37+08:00 ] [ log ] at888.icu/99/index/open.html [运行时间：0.011269s][吞吐率：88.74req/s] [内存消耗：1,865.12kb] [文件加载：50]
[ error ] [8]未定义数组下标: 1

---------------------------------------------------------------
[ 2023-08-21T10:01:12+08:00 ] [ log ] at888.icu/99/ [运行时间：0.011011s][吞吐率：90.82req/s] [内存消耗：1,865.34kb] [文件加载：51]
[ error ] [8]未定义数组下标: 1

---------------------------------------------------------------
[ 2023-08-21T10:01:13+08:00 ] [ log ] at888.icu/99/?uc_sm=1 [运行时间：0.015097s][吞吐率：66.24req/s] [内存消耗：1,865.97kb] [文件加载：51]
[ error ] [8]未定义数组下标: 1

---------------------------------------------------------------
[ 2023-08-21T10:01:17+08:00 ] [ log ] at888.icu/99/favicon.ico [运行时间：0.009333s][吞吐率：107.15req/s] [内存消耗：1,650.74kb] [文件加载：44]
[ error ] [8]未定义数组下标: 1

---------------------------------------------------------------
[ 2023-08-21T10:01:17+08:00 ] [ log ] at888.icu/99/index/open.html [运行时间：0.011245s][吞吐率：88.93req/s] [内存消耗：1,865.12kb] [文件加载：50]
[ error ] [8]未定义数组下标: 1

---------------------------------------------------------------
[ 2023-08-21T10:03:02+08:00 ] [ log ] at888.icu/99/index/open.html [运行时间：0.011348s][吞吐率：88.12req/s] [内存消耗：1,865.12kb] [文件加载：50]
[ error ] [8]未定义数组下标: 1

---------------------------------------------------------------
[ 2023-08-21T10:03:18+08:00 ] [ log ] at888.icu/99/index/open.html [运行时间：0.018917s][吞吐率：52.86req/s] [内存消耗：1,865.12kb] [文件加载：50]
[ error ] [8]未定义数组下标: 1

---------------------------------------------------------------
[ 2023-08-21T11:44:53+08:00 ] [ log ] at888.icu/99/ [运行时间：0.015697s][吞吐率：63.71req/s] [内存消耗：1,865.34kb] [文件加载：51]
[ error ] [8]未定义数组下标: 1

---------------------------------------------------------------
[ 2023-08-21T11:44:54+08:00 ] [ log ] at888.icu/99/favicon.ico [运行时间：0.009269s][吞吐率：107.89req/s] [内存消耗：1,650.74kb] [文件加载：44]
[ error ] [8]未定义数组下标: 1

---------------------------------------------------------------
[ 2023-08-21T11:44:57+08:00 ] [ log ] at888.icu/99/index/open.html [运行时间：0.015396s][吞吐率：64.95req/s] [内存消耗：1,865.12kb] [文件加载：50]
[ error ] [8]未定义数组下标: 1

---------------------------------------------------------------
[ 2023-08-21T11:46:05+08:00 ] [ log ] at888.icu/99/ [运行时间：0.036769s][吞吐率：27.20req/s] [内存消耗：1,864.80kb] [文件加载：51]
[ error ] [8]未定义数组下标: 1

---------------------------------------------------------------
[ 2023-08-21T11:46:06+08:00 ] [ log ] at888.icu/99/favicon.ico [运行时间：0.009858s][吞吐率：101.44req/s] [内存消耗：1,650.74kb] [文件加载：44]
[ error ] [8]未定义数组下标: 1

---------------------------------------------------------------
[ 2023-08-21T11:46:11+08:00 ] [ log ] at888.icu/99/index/open.html [运行时间：0.014789s][吞吐率：67.62req/s] [内存消耗：1,865.12kb] [文件加载：50]
[ error ] [8]未定义数组下标: 1

---------------------------------------------------------------
[ 2023-08-21T12:01:55+08:00 ] [ log ] at888.icu/99/ [运行时间：0.014940s][吞吐率：66.93req/s] [内存消耗：1,864.80kb] [文件加载：51]
[ error ] [8]未定义数组下标: 1

---------------------------------------------------------------
[ 2023-08-21T12:01:55+08:00 ] [ log ] at888.icu/99/favicon.ico [运行时间：0.009992s][吞吐率：100.08req/s] [内存消耗：1,650.74kb] [文件加载：44]
[ error ] [8]未定义数组下标: 1

---------------------------------------------------------------
[ 2023-08-21T12:01:58+08:00 ] [ log ] at888.icu/99/index/open.html [运行时间：0.010877s][吞吐率：91.94req/s] [内存消耗：1,865.12kb] [文件加载：50]
[ error ] [8]未定义数组下标: 1

---------------------------------------------------------------
[ 2023-08-21T12:32:42+08:00 ] [ log ] at888.icu/99/ [运行时间：0.011453s][吞吐率：87.31req/s] [内存消耗：1,864.80kb] [文件加载：51]
[ error ] [8]未定义数组下标: 1

---------------------------------------------------------------
[ 2023-08-21T12:32:43+08:00 ] [ log ] at888.icu/99/favicon.ico [运行时间：0.010047s][吞吐率：99.53req/s] [内存消耗：1,650.74kb] [文件加载：44]
[ error ] [8]未定义数组下标: 1

---------------------------------------------------------------
[ 2023-08-21T12:32:45+08:00 ] [ log ] at888.icu/99/index/open.html [运行时间：0.036844s][吞吐率：27.14req/s] [内存消耗：1,865.12kb] [文件加载：50]
[ error ] [8]未定义数组下标: 1

---------------------------------------------------------------
[ 2023-08-21T12:34:51+08:00 ] [ log ] at888.icu/99/ [运行时间：0.023749s][吞吐率：42.11req/s] [内存消耗：1,864.80kb] [文件加载：51]
[ error ] [8]未定义数组下标: 1

---------------------------------------------------------------
[ 2023-08-21T12:34:52+08:00 ] [ log ] at888.icu/99/favicon.ico [运行时间：0.010138s][吞吐率：98.64req/s] [内存消耗：1,650.74kb] [文件加载：44]
[ error ] [8]未定义数组下标: 1

---------------------------------------------------------------
[ 2023-08-21T12:34:54+08:00 ] [ log ] at888.icu/99/index/open.html [运行时间：0.012147s][吞吐率：82.33req/s] [内存消耗：1,865.12kb] [文件加载：50]
[ error ] [8]未定义数组下标: 1

---------------------------------------------------------------
[ 2023-08-21T12:56:11+08:00 ] [ log ] at666.icu/99/ [运行时间：0.010582s][吞吐率：94.50req/s] [内存消耗：1,865.34kb] [文件加载：51]
[ error ] [8]未定义数组下标: 1

---------------------------------------------------------------
[ 2023-08-21T12:56:14+08:00 ] [ log ] at666.icu/99/index/open.html [运行时间：0.022883s][吞吐率：43.70req/s] [内存消耗：1,865.12kb] [文件加载：50]
[ error ] [8]未定义数组下标: 1

---------------------------------------------------------------
[ 2023-08-21T13:03:20+08:00 ] [ log ] at666.icu/99/ [运行时间：0.016061s][吞吐率：62.26req/s] [内存消耗：1,865.34kb] [文件加载：51]
[ error ] [8]未定义数组下标: 1

---------------------------------------------------------------
[ 2023-08-21T13:03:21+08:00 ] [ log ] at666.icu/99/favicon.ico [运行时间：0.009343s][吞吐率：107.03req/s] [内存消耗：1,650.74kb] [文件加载：44]
[ error ] [8]未定义数组下标: 1

---------------------------------------------------------------
[ 2023-08-21T13:03:23+08:00 ] [ log ] at666.icu/99/index/open.html [运行时间：0.014859s][吞吐率：67.30req/s] [内存消耗：1,865.12kb] [文件加载：50]
[ error ] [8]未定义数组下标: 1

---------------------------------------------------------------
[ 2023-08-21T13:04:32+08:00 ] [ log ] at666.icu/99/ [运行时间：0.015640s][吞吐率：63.94req/s] [内存消耗：1,864.80kb] [文件加载：51]
[ error ] [8]未定义数组下标: 1

---------------------------------------------------------------
[ 2023-08-21T13:04:32+08:00 ] [ log ] at666.icu/99/favicon.ico [运行时间：0.018259s][吞吐率：54.77req/s] [内存消耗：1,650.74kb] [文件加载：44]
[ error ] [8]未定义数组下标: 1

---------------------------------------------------------------
[ 2023-08-21T13:04:36+08:00 ] [ log ] at666.icu/99/index/open.html [运行时间：0.011326s][吞吐率：88.29req/s] [内存消耗：1,865.12kb] [文件加载：50]
[ error ] [8]未定义数组下标: 1

---------------------------------------------------------------
[ 2023-08-21T13:05:20+08:00 ] [ log ] at888.icu/99/ [运行时间：0.011236s][吞吐率：89.00req/s] [内存消耗：1,865.34kb] [文件加载：51]
[ error ] [8]未定义数组下标: 1

---------------------------------------------------------------
[ 2023-08-21T13:05:23+08:00 ] [ log ] at888.icu/99/favicon.ico [运行时间：0.030763s][吞吐率：32.51req/s] [内存消耗：1,650.74kb] [文件加载：44]
[ error ] [8]未定义数组下标: 1

---------------------------------------------------------------
[ 2023-08-21T13:05:25+08:00 ] [ log ] at888.icu/99/index/open.html [运行时间：0.011152s][吞吐率：89.67req/s] [内存消耗：1,865.12kb] [文件加载：50]
[ error ] [8]未定义数组下标: 1

---------------------------------------------------------------
[ 2023-08-21T13:20:18+08:00 ] [ log ] at888.icu/99/ [运行时间：0.010961s][吞吐率：91.23req/s] [内存消耗：1,865.34kb] [文件加载：51]
[ error ] [8]未定义数组下标: 1

---------------------------------------------------------------
[ 2023-08-21T13:20:20+08:00 ] [ log ] at888.icu/99/favicon.ico [运行时间：0.010369s][吞吐率：96.44req/s] [内存消耗：1,650.74kb] [文件加载：44]
[ error ] [8]未定义数组下标: 1

---------------------------------------------------------------
[ 2023-08-21T13:20:22+08:00 ] [ log ] at888.icu/99/index/open.html [运行时间：0.011006s][吞吐率：90.86req/s] [内存消耗：1,865.12kb] [文件加载：50]
[ error ] [8]未定义数组下标: 1

---------------------------------------------------------------
[ 2023-08-21T17:25:10+08:00 ] [ log ] at888.icu/99/?uc_sm=1 [运行时间：0.010768s][吞吐率：92.87req/s] [内存消耗：1,865.97kb] [文件加载：51]
[ error ] [8]未定义数组下标: 1

---------------------------------------------------------------
[ 2023-08-21T17:25:12+08:00 ] [ log ] at888.icu/99/ [运行时间：0.010724s][吞吐率：93.25req/s] [内存消耗：1,865.34kb] [文件加载：51]
[ error ] [8]未定义数组下标: 1

---------------------------------------------------------------
[ 2023-08-21T17:25:14+08:00 ] [ log ] at888.icu/99/favicon.ico [运行时间：0.009431s][吞吐率：106.03req/s] [内存消耗：1,650.74kb] [文件加载：44]
[ error ] [8]未定义数组下标: 1

---------------------------------------------------------------
[ 2023-08-21T17:45:01+08:00 ] [ log ] at888.icu/99/ [运行时间：0.010598s][吞吐率：94.36req/s] [内存消耗：1,864.80kb] [文件加载：51]
[ error ] [8]未定义数组下标: 1

---------------------------------------------------------------
[ 2023-08-21T17:45:01+08:00 ] [ log ] at888.icu/99/?uc_sm=1 [运行时间：0.010742s][吞吐率：93.09req/s] [内存消耗：1,865.44kb] [文件加载：51]
[ error ] [8]未定义数组下标: 1

---------------------------------------------------------------
[ 2023-08-21T17:45:01+08:00 ] [ log ] at888.icu/99/favicon.ico [运行时间：0.009309s][吞吐率：107.42req/s] [内存消耗：1,650.74kb] [文件加载：44]
[ error ] [8]未定义数组下标: 1

---------------------------------------------------------------
[ 2023-08-21T17:45:03+08:00 ] [ log ] at888.icu/99/index/open.html [运行时间：0.010609s][吞吐率：94.26req/s] [内存消耗：1,865.12kb] [文件加载：50]
[ error ] [8]未定义数组下标: 1

---------------------------------------------------------------
[ 2023-08-21T17:56:48+08:00 ] [ log ] at888.icu/99/ [运行时间：0.020463s][吞吐率：48.87req/s] [内存消耗：1,865.34kb] [文件加载：51]
[ error ] [8]未定义数组下标: 1

---------------------------------------------------------------
[ 2023-08-21T17:56:49+08:00 ] [ log ] at888.icu/99/favicon.ico [运行时间：0.009449s][吞吐率：105.83req/s] [内存消耗：1,650.74kb] [文件加载：44]
[ error ] [8]未定义数组下标: 1

---------------------------------------------------------------
[ 2023-08-21T17:56:53+08:00 ] [ log ] at888.icu/99/index/open.html [运行时间：0.011880s][吞吐率：84.18req/s] [内存消耗：1,865.12kb] [文件加载：50]
[ error ] [8]未定义数组下标: 1

---------------------------------------------------------------
[ 2023-08-21T20:37:21+08:00 ] [ log ] at666.icu/99/ [运行时间：0.029104s][吞吐率：34.36req/s] [内存消耗：1,865.34kb] [文件加载：51]
[ error ] [8]未定义数组下标: 1

---------------------------------------------------------------
[ 2023-08-21T20:37:22+08:00 ] [ log ] at666.icu/99/favicon.ico [运行时间：0.009791s][吞吐率：102.13req/s] [内存消耗：1,650.74kb] [文件加载：44]
[ error ] [8]未定义数组下标: 1

---------------------------------------------------------------
[ 2023-08-21T20:37:26+08:00 ] [ log ] at666.icu/99/index/open.html [运行时间：0.011071s][吞吐率：90.33req/s] [内存消耗：1,865.12kb] [文件加载：50]
[ error ] [8]未定义数组下标: 1

---------------------------------------------------------------
[ 2023-08-21T20:38:37+08:00 ] [ log ] at888.icu/99/ [运行时间：0.011284s][吞吐率：88.62req/s] [内存消耗：1,865.34kb] [文件加载：51]
[ error ] [8]未定义数组下标: 1

---------------------------------------------------------------
[ 2023-08-21T20:38:38+08:00 ] [ log ] at888.icu/99/favicon.ico [运行时间：0.009924s][吞吐率：100.77req/s] [内存消耗：1,650.74kb] [文件加载：44]
[ error ] [8]未定义数组下标: 1

---------------------------------------------------------------
[ 2023-08-21T20:38:41+08:00 ] [ log ] at888.icu/99/index/open.html [运行时间：0.011796s][吞吐率：84.77req/s] [内存消耗：1,865.12kb] [文件加载：50]
[ error ] [8]未定义数组下标: 1

---------------------------------------------------------------
[ 2023-08-21T21:05:22+08:00 ] [ log ] at888.icu/99/ [运行时间：0.010886s][吞吐率：91.86req/s] [内存消耗：1,865.34kb] [文件加载：51]
[ error ] [8]未定义数组下标: 1

---------------------------------------------------------------
[ 2023-08-21T21:05:22+08:00 ] [ log ] at888.icu/99/favicon.ico [运行时间：0.010015s][吞吐率：99.85req/s] [内存消耗：1,650.74kb] [文件加载：44]
[ error ] [8]未定义数组下标: 1

---------------------------------------------------------------
[ 2023-08-21T21:05:25+08:00 ] [ log ] at888.icu/99/index/open.html [运行时间：0.011227s][吞吐率：89.07req/s] [内存消耗：1,865.12kb] [文件加载：50]
[ error ] [8]未定义数组下标: 1

---------------------------------------------------------------
[ 2023-08-21T21:36:58+08:00 ] [ log ] at888.icu/99/ [运行时间：0.011414s][吞吐率：87.61req/s] [内存消耗：1,864.80kb] [文件加载：51]
[ error ] [8]未定义数组下标: 1

---------------------------------------------------------------
[ 2023-08-21T21:36:58+08:00 ] [ log ] at888.icu/99/favicon.ico [运行时间：0.009274s][吞吐率：107.83req/s] [内存消耗：1,650.74kb] [文件加载：44]
[ error ] [8]未定义数组下标: 1

---------------------------------------------------------------
[ 2023-08-21T21:37:01+08:00 ] [ log ] at888.icu/99/index/open.html [运行时间：0.014400s][吞吐率：69.44req/s] [内存消耗：1,865.12kb] [文件加载：50]
[ error ] [8]未定义数组下标: 1

---------------------------------------------------------------
