[ 2023-08-22T07:51:41+08:00 ] [ log ] at888.icu/99/ [运行时间：0.013985s][吞吐率：71.50req/s] [内存消耗：1,865.34kb] [文件加载：51]
[ error ] [8]未定义数组下标: 1

---------------------------------------------------------------
[ 2023-08-22T07:51:44+08:00 ] [ log ] at888.icu/99/favicon.ico [运行时间：0.009440s][吞吐率：105.93req/s] [内存消耗：1,650.74kb] [文件加载：44]
[ error ] [8]未定义数组下标: 1

---------------------------------------------------------------
[ 2023-08-22T07:51:45+08:00 ] [ log ] at888.icu/99/index/open.html [运行时间：0.011591s][吞吐率：86.27req/s] [内存消耗：1,865.12kb] [文件加载：50]
[ error ] [8]未定义数组下标: 1

---------------------------------------------------------------
[ 2023-08-22T07:51:50+08:00 ] [ log ] at888.icu/99/index/open.html [运行时间：0.026203s][吞吐率：38.16req/s] [内存消耗：1,865.12kb] [文件加载：50]
[ error ] [8]未定义数组下标: 1

---------------------------------------------------------------
[ 2023-08-22T07:57:10+08:00 ] [ log ] at888.icu/99/ [运行时间：0.011253s][吞吐率：88.86req/s] [内存消耗：1,864.84kb] [文件加载：51]
[ error ] [8]未定义数组下标: 1

---------------------------------------------------------------
[ 2023-08-22T07:58:34+08:00 ] [ log ] at888.icu/99/ [运行时间：0.010885s][吞吐率：91.87req/s] [内存消耗：1,865.34kb] [文件加载：51]
[ error ] [8]未定义数组下标: 1

---------------------------------------------------------------
[ 2023-08-22T07:58:35+08:00 ] [ log ] at888.icu/99/favicon.ico [运行时间：0.009927s][吞吐率：100.74req/s] [内存消耗：1,650.74kb] [文件加载：44]
[ error ] [8]未定义数组下标: 1

---------------------------------------------------------------
[ 2023-08-22T07:58:42+08:00 ] [ log ] at888.icu/99/index/open.html [运行时间：0.022147s][吞吐率：45.15req/s] [内存消耗：1,865.12kb] [文件加载：50]
[ error ] [8]未定义数组下标: 1

---------------------------------------------------------------
[ 2023-08-22T10:12:01+08:00 ] [ log ] at888.icu/99/ [运行时间：0.015113s][吞吐率：66.17req/s] [内存消耗：1,865.34kb] [文件加载：51]
[ error ] [8]未定义数组下标: 1

---------------------------------------------------------------
[ 2023-08-22T10:12:03+08:00 ] [ log ] at888.icu/99/favicon.ico [运行时间：0.009322s][吞吐率：107.27req/s] [内存消耗：1,650.74kb] [文件加载：44]
[ error ] [8]未定义数组下标: 1

---------------------------------------------------------------
[ 2023-08-22T10:12:05+08:00 ] [ log ] at888.icu/99/index/open.html [运行时间：0.031077s][吞吐率：32.18req/s] [内存消耗：1,865.12kb] [文件加载：50]
[ error ] [8]未定义数组下标: 1

---------------------------------------------------------------
[ 2023-08-22T10:40:04+08:00 ] [ log ] at888.icu/99/ [运行时间：0.010827s][吞吐率：92.36req/s] [内存消耗：1,864.80kb] [文件加载：51]
[ error ] [8]未定义数组下标: 1

---------------------------------------------------------------
[ 2023-08-22T10:40:05+08:00 ] [ log ] at888.icu/99/favicon.ico [运行时间：0.009837s][吞吐率：101.66req/s] [内存消耗：1,650.74kb] [文件加载：44]
[ error ] [8]未定义数组下标: 1

---------------------------------------------------------------
[ 2023-08-22T10:40:06+08:00 ] [ log ] at888.icu/99/index/open.html [运行时间：0.011185s][吞吐率：89.40req/s] [内存消耗：1,865.12kb] [文件加载：50]
[ error ] [8]未定义数组下标: 1

---------------------------------------------------------------
[ 2023-08-22T11:13:33+08:00 ] [ log ] at888.icu/99/ [运行时间：0.010999s][吞吐率：90.92req/s] [内存消耗：1,865.34kb] [文件加载：51]
[ error ] [8]未定义数组下标: 1

---------------------------------------------------------------
[ 2023-08-22T11:13:34+08:00 ] [ log ] at888.icu/99/favicon.ico [运行时间：0.009456s][吞吐率：105.75req/s] [内存消耗：1,650.74kb] [文件加载：44]
[ error ] [8]未定义数组下标: 1

---------------------------------------------------------------
[ 2023-08-22T11:13:38+08:00 ] [ log ] at888.icu/99/index/open.html [运行时间：0.010977s][吞吐率：91.10req/s] [内存消耗：1,865.12kb] [文件加载：50]
[ error ] [8]未定义数组下标: 1

---------------------------------------------------------------
[ 2023-08-22T13:03:24+08:00 ] [ log ] at888.icu/99/ [运行时间：0.011313s][吞吐率：88.39req/s] [内存消耗：1,865.34kb] [文件加载：51]
[ error ] [8]未定义数组下标: 1

---------------------------------------------------------------
[ 2023-08-22T13:03:25+08:00 ] [ log ] at888.icu/99/favicon.ico [运行时间：0.012651s][吞吐率：79.05req/s] [内存消耗：1,650.74kb] [文件加载：44]
[ error ] [8]未定义数组下标: 1

---------------------------------------------------------------
[ 2023-08-22T13:03:27+08:00 ] [ log ] at888.icu/99/index/open.html [运行时间：0.015278s][吞吐率：65.45req/s] [内存消耗：1,865.12kb] [文件加载：50]
[ error ] [8]未定义数组下标: 1

---------------------------------------------------------------
[ 2023-08-22T13:03:36+08:00 ] [ log ] at888.icu/99/ [运行时间：0.013343s][吞吐率：74.95req/s] [内存消耗：1,865.34kb] [文件加载：51]
[ error ] [8]未定义数组下标: 1

---------------------------------------------------------------
[ 2023-08-22T13:03:37+08:00 ] [ log ] at888.icu/99/favicon.ico [运行时间：0.010210s][吞吐率：97.94req/s] [内存消耗：1,650.74kb] [文件加载：44]
[ error ] [8]未定义数组下标: 1

---------------------------------------------------------------
[ 2023-08-22T13:03:40+08:00 ] [ log ] at888.icu/99/index/open.html [运行时间：0.011181s][吞吐率：89.44req/s] [内存消耗：1,865.12kb] [文件加载：50]
[ error ] [8]未定义数组下标: 1

---------------------------------------------------------------
[ 2023-08-22T14:01:37+08:00 ] [ log ] at888.icu/99/ [运行时间：0.013611s][吞吐率：73.47req/s] [内存消耗：1,864.80kb] [文件加载：51]
[ error ] [8]未定义数组下标: 1

---------------------------------------------------------------
[ 2023-08-22T14:01:38+08:00 ] [ log ] at888.icu/99/favicon.ico [运行时间：0.009353s][吞吐率：106.92req/s] [内存消耗：1,650.74kb] [文件加载：44]
[ error ] [8]未定义数组下标: 1

---------------------------------------------------------------
[ 2023-08-22T14:01:42+08:00 ] [ log ] at888.icu/99/index/open.html [运行时间：0.028731s][吞吐率：34.81req/s] [内存消耗：1,865.12kb] [文件加载：50]
[ error ] [8]未定义数组下标: 1

---------------------------------------------------------------
[ 2023-08-22T15:04:19+08:00 ] [ log ] at888.icu/99/ [运行时间：0.012193s][吞吐率：82.01req/s] [内存消耗：1,865.34kb] [文件加载：51]
[ error ] [8]未定义数组下标: 1

---------------------------------------------------------------
[ 2023-08-22T15:04:20+08:00 ] [ log ] at888.icu/99/favicon.ico [运行时间：0.027277s][吞吐率：36.66req/s] [内存消耗：1,650.74kb] [文件加载：44]
[ error ] [8]未定义数组下标: 1

---------------------------------------------------------------
[ 2023-08-22T15:04:22+08:00 ] [ log ] at888.icu/99/index/open.html [运行时间：0.012728s][吞吐率：78.57req/s] [内存消耗：1,865.12kb] [文件加载：50]
[ error ] [8]未定义数组下标: 1

---------------------------------------------------------------
[ 2023-08-22T17:20:09+08:00 ] [ log ] at888.icu/99/?uc_sm=1&from=wh10331 [运行时间：0.010697s][吞吐率：93.48req/s] [内存消耗：1,865.98kb] [文件加载：51]
[ error ] [8]未定义数组下标: 1

---------------------------------------------------------------
[ 2023-08-22T17:20:10+08:00 ] [ log ] at888.icu/99/ [运行时间：0.011359s][吞吐率：88.04req/s] [内存消耗：1,865.34kb] [文件加载：51]
[ error ] [8]未定义数组下标: 1

---------------------------------------------------------------
[ 2023-08-22T17:20:14+08:00 ] [ log ] at888.icu/99/favicon.ico [运行时间：0.020386s][吞吐率：49.05req/s] [内存消耗：1,650.74kb] [文件加载：44]
[ error ] [8]未定义数组下标: 1

---------------------------------------------------------------
[ 2023-08-22T17:21:16+08:00 ] [ log ] at888.icu/99/index/open.html [运行时间：0.010862s][吞吐率：92.06req/s] [内存消耗：1,865.12kb] [文件加载：50]
[ error ] [8]未定义数组下标: 1

---------------------------------------------------------------
[ 2023-08-22T17:48:23+08:00 ] [ log ] at888.icu/99/ [运行时间：0.032066s][吞吐率：31.19req/s] [内存消耗：1,864.80kb] [文件加载：51]
[ error ] [8]未定义数组下标: 1

---------------------------------------------------------------
[ 2023-08-22T17:48:28+08:00 ] [ log ] at888.icu/99/favicon.ico [运行时间：0.009214s][吞吐率：108.53req/s] [内存消耗：1,650.74kb] [文件加载：44]
[ error ] [8]未定义数组下标: 1

---------------------------------------------------------------
[ 2023-08-22T17:48:28+08:00 ] [ log ] at888.icu/99/?uc_sm=1&from=wh10331 [运行时间：0.011084s][吞吐率：90.22req/s] [内存消耗：1,865.45kb] [文件加载：51]
[ error ] [8]未定义数组下标: 1

---------------------------------------------------------------
[ 2023-08-22T17:48:29+08:00 ] [ log ] at888.icu/99/ [运行时间：0.011604s][吞吐率：86.18req/s] [内存消耗：1,864.80kb] [文件加载：51]
[ error ] [8]未定义数组下标: 1

---------------------------------------------------------------
[ 2023-08-22T17:48:29+08:00 ] [ log ] at888.icu/99/favicon.ico [运行时间：0.009275s][吞吐率：107.81req/s] [内存消耗：1,650.74kb] [文件加载：44]
[ error ] [8]未定义数组下标: 1

---------------------------------------------------------------
[ 2023-08-22T17:48:41+08:00 ] [ log ] at888.icu/99/index/open.html [运行时间：0.013360s][吞吐率：74.85req/s] [内存消耗：1,865.12kb] [文件加载：50]
[ error ] [8]未定义数组下标: 1

---------------------------------------------------------------
[ 2023-08-22T17:48:42+08:00 ] [ log ] at888.icu/99/index/open.html [运行时间：0.013950s][吞吐率：71.69req/s] [内存消耗：1,865.12kb] [文件加载：50]
[ error ] [8]未定义数组下标: 1

---------------------------------------------------------------
[ 2023-08-22T17:48:42+08:00 ] [ log ] at888.icu/99/index/open.html [运行时间：0.013874s][吞吐率：72.08req/s] [内存消耗：1,865.12kb] [文件加载：50]
[ error ] [8]未定义数组下标: 1

---------------------------------------------------------------
[ 2023-08-22T18:12:43+08:00 ] [ log ] at888.icu/99/ [运行时间：0.011254s][吞吐率：88.86req/s] [内存消耗：1,865.34kb] [文件加载：51]
[ error ] [8]未定义数组下标: 1

---------------------------------------------------------------
[ 2023-08-22T18:12:44+08:00 ] [ log ] at888.icu/99/favicon.ico [运行时间：0.009603s][吞吐率：104.14req/s] [内存消耗：1,650.74kb] [文件加载：44]
[ error ] [8]未定义数组下标: 1

---------------------------------------------------------------
[ 2023-08-22T18:12:46+08:00 ] [ log ] at888.icu/99/index/open.html [运行时间：0.010885s][吞吐率：91.87req/s] [内存消耗：1,865.12kb] [文件加载：50]
[ error ] [8]未定义数组下标: 1

---------------------------------------------------------------
[ 2023-08-22T18:59:55+08:00 ] [ log ] at888.icu/99/ [运行时间：0.010863s][吞吐率：92.06req/s] [内存消耗：1,865.34kb] [文件加载：51]
[ error ] [8]未定义数组下标: 1

---------------------------------------------------------------
[ 2023-08-22T18:59:57+08:00 ] [ log ] at888.icu/99/favicon.ico [运行时间：0.012778s][吞吐率：78.26req/s] [内存消耗：1,650.74kb] [文件加载：44]
[ error ] [8]未定义数组下标: 1

---------------------------------------------------------------
[ 2023-08-22T19:00:02+08:00 ] [ log ] at888.icu/99/index/open.html [运行时间：0.013453s][吞吐率：74.33req/s] [内存消耗：1,865.12kb] [文件加载：50]
[ error ] [8]未定义数组下标: 1

---------------------------------------------------------------
[ 2023-08-22T20:25:21+08:00 ] [ log ] at888.icu/99/ [运行时间：0.039807s][吞吐率：25.12req/s] [内存消耗：1,865.34kb] [文件加载：51]
[ error ] [8]未定义数组下标: 1

---------------------------------------------------------------
[ 2023-08-22T20:25:22+08:00 ] [ log ] at888.icu/99/favicon.ico [运行时间：0.009349s][吞吐率：106.96req/s] [内存消耗：1,650.74kb] [文件加载：44]
[ error ] [8]未定义数组下标: 1

---------------------------------------------------------------
[ 2023-08-22T20:25:25+08:00 ] [ log ] at888.icu/99/index/open.html [运行时间：0.010827s][吞吐率：92.36req/s] [内存消耗：1,865.12kb] [文件加载：50]
[ error ] [8]未定义数组下标: 1

---------------------------------------------------------------
[ 2023-08-22T21:05:00+08:00 ] [ log ] at888.icu/99/ [运行时间：0.011107s][吞吐率：90.03req/s] [内存消耗：1,865.34kb] [文件加载：51]
[ error ] [8]未定义数组下标: 1

---------------------------------------------------------------
[ 2023-08-22T21:05:00+08:00 ] [ log ] at888.icu/99/favicon.ico [运行时间：0.009370s][吞吐率：106.72req/s] [内存消耗：1,650.74kb] [文件加载：44]
[ error ] [8]未定义数组下标: 1

---------------------------------------------------------------
[ 2023-08-22T21:05:06+08:00 ] [ log ] at888.icu/99/index/open.html [运行时间：0.011310s][吞吐率：88.42req/s] [内存消耗：1,865.12kb] [文件加载：50]
[ error ] [8]未定义数组下标: 1

---------------------------------------------------------------
