[ 2023-08-23T06:30:27+08:00 ] [ log ] at888.icu/99/ [运行时间：0.031854s][吞吐率：31.39req/s] [内存消耗：1,865.34kb] [文件加载：51]
[ error ] [8]未定义数组下标: 1

---------------------------------------------------------------
[ 2023-08-23T06:30:28+08:00 ] [ log ] at888.icu/99/favicon.ico [运行时间：0.009439s][吞吐率：105.94req/s] [内存消耗：1,650.74kb] [文件加载：44]
[ error ] [8]未定义数组下标: 1

---------------------------------------------------------------
[ 2023-08-23T06:30:30+08:00 ] [ log ] at888.icu/99/index/open.html [运行时间：0.017505s][吞吐率：57.13req/s] [内存消耗：1,865.12kb] [文件加载：50]
[ error ] [8]未定义数组下标: 1

---------------------------------------------------------------
[ 2023-08-23T07:53:32+08:00 ] [ log ] at888.icu/99/ [运行时间：0.010896s][吞吐率：91.78req/s] [内存消耗：1,865.34kb] [文件加载：51]
[ error ] [8]未定义数组下标: 1

---------------------------------------------------------------
[ 2023-08-23T07:53:34+08:00 ] [ log ] at888.icu/99/favicon.ico [运行时间：0.009368s][吞吐率：106.75req/s] [内存消耗：1,650.74kb] [文件加载：44]
[ error ] [8]未定义数组下标: 1

---------------------------------------------------------------
[ 2023-08-23T07:53:38+08:00 ] [ log ] at888.icu/99/index/open.html [运行时间：0.011614s][吞吐率：86.10req/s] [内存消耗：1,865.12kb] [文件加载：50]
[ error ] [8]未定义数组下标: 1

---------------------------------------------------------------
[ 2023-08-23T09:16:55+08:00 ] [ log ] at444.icu/99/ [运行时间：0.016006s][吞吐率：62.48req/s] [内存消耗：1,865.34kb] [文件加载：51]
[ error ] [8]未定义数组下标: 1

---------------------------------------------------------------
[ 2023-08-23T09:17:00+08:00 ] [ log ] at444.icu/99/index/open.html [运行时间：0.037241s][吞吐率：26.85req/s] [内存消耗：1,865.12kb] [文件加载：50]
[ error ] [8]未定义数组下标: 1

---------------------------------------------------------------
[ 2023-08-23T09:18:05+08:00 ] [ log ] at666.icu/99/ [运行时间：0.017196s][吞吐率：58.15req/s] [内存消耗：1,865.34kb] [文件加载：51]
[ error ] [8]未定义数组下标: 1

---------------------------------------------------------------
[ 2023-08-23T09:18:10+08:00 ] [ log ] at666.icu/99/index/open.html [运行时间：0.011396s][吞吐率：87.75req/s] [内存消耗：1,865.12kb] [文件加载：50]
[ error ] [8]未定义数组下标: 1

---------------------------------------------------------------
[ 2023-08-23T09:27:38+08:00 ] [ log ] at888.icu/99/ [运行时间：0.011253s][吞吐率：88.86req/s] [内存消耗：1,865.34kb] [文件加载：51]
[ error ] [8]未定义数组下标: 1

---------------------------------------------------------------
[ 2023-08-23T09:27:39+08:00 ] [ log ] at888.icu/99/favicon.ico [运行时间：0.012981s][吞吐率：77.04req/s] [内存消耗：1,650.74kb] [文件加载：44]
[ error ] [8]未定义数组下标: 1

---------------------------------------------------------------
[ 2023-08-23T09:27:42+08:00 ] [ log ] at888.icu/99/index/open.html [运行时间：0.026413s][吞吐率：37.86req/s] [内存消耗：1,865.12kb] [文件加载：50]
[ error ] [8]未定义数组下标: 1

---------------------------------------------------------------
[ 2023-08-23T10:01:15+08:00 ] [ log ] at888.icu/99/ [运行时间：0.011500s][吞吐率：86.96req/s] [内存消耗：1,865.34kb] [文件加载：51]
[ error ] [8]未定义数组下标: 1

---------------------------------------------------------------
[ 2023-08-23T10:01:15+08:00 ] [ log ] at888.icu/99/favicon.ico [运行时间：0.014545s][吞吐率：68.75req/s] [内存消耗：1,650.74kb] [文件加载：44]
[ error ] [8]未定义数组下标: 1

---------------------------------------------------------------
[ 2023-08-23T10:01:17+08:00 ] [ log ] at888.icu/99/index/open.html [运行时间：0.012791s][吞吐率：78.18req/s] [内存消耗：1,865.12kb] [文件加载：50]
[ error ] [8]未定义数组下标: 1

---------------------------------------------------------------
[ 2023-08-23T10:07:47+08:00 ] [ log ] at888.icu/99/ [运行时间：0.010734s][吞吐率：93.16req/s] [内存消耗：1,865.34kb] [文件加载：51]
[ error ] [8]未定义数组下标: 1

---------------------------------------------------------------
[ 2023-08-23T10:07:48+08:00 ] [ log ] at888.icu/99/favicon.ico [运行时间：0.028163s][吞吐率：35.51req/s] [内存消耗：1,650.74kb] [文件加载：44]
[ error ] [8]未定义数组下标: 1

---------------------------------------------------------------
[ 2023-08-23T10:07:51+08:00 ] [ log ] at888.icu/99/index/open.html [运行时间：0.027606s][吞吐率：36.22req/s] [内存消耗：1,865.12kb] [文件加载：50]
[ error ] [8]未定义数组下标: 1

---------------------------------------------------------------
[ 2023-08-23T10:42:30+08:00 ] [ log ] at888.icu/99/ [运行时间：0.010747s][吞吐率：93.05req/s] [内存消耗：1,865.34kb] [文件加载：51]
[ error ] [8]未定义数组下标: 1

---------------------------------------------------------------
[ 2023-08-23T10:42:30+08:00 ] [ log ] at888.icu/99/?uc_sm=1 [运行时间：0.010532s][吞吐率：94.95req/s] [内存消耗：1,865.97kb] [文件加载：51]
[ error ] [8]未定义数组下标: 1

---------------------------------------------------------------
[ 2023-08-23T10:42:33+08:00 ] [ log ] at888.icu/99/favicon.ico [运行时间：0.013821s][吞吐率：72.35req/s] [内存消耗：1,650.74kb] [文件加载：44]
[ error ] [8]未定义数组下标: 1

---------------------------------------------------------------
[ 2023-08-23T10:42:35+08:00 ] [ log ] at888.icu/99/index/open.html [运行时间：0.010622s][吞吐率：94.14req/s] [内存消耗：1,865.12kb] [文件加载：50]
[ error ] [8]未定义数组下标: 1

---------------------------------------------------------------
[ 2023-08-23T11:59:40+08:00 ] [ log ] at888.icu/99/ [运行时间：0.011174s][吞吐率：89.49req/s] [内存消耗：1,865.34kb] [文件加载：51]
[ error ] [8]未定义数组下标: 1

---------------------------------------------------------------
[ 2023-08-23T11:59:41+08:00 ] [ log ] at888.icu/99/favicon.ico [运行时间：0.009993s][吞吐率：100.07req/s] [内存消耗：1,650.74kb] [文件加载：44]
[ error ] [8]未定义数组下标: 1

---------------------------------------------------------------
[ 2023-08-23T11:59:43+08:00 ] [ log ] at888.icu/99/index/open.html [运行时间：0.010776s][吞吐率：92.80req/s] [内存消耗：1,865.12kb] [文件加载：50]
[ error ] [8]未定义数组下标: 1

---------------------------------------------------------------
[ 2023-08-23T13:04:22+08:00 ] [ log ] at888.icu/99/ [运行时间：0.015691s][吞吐率：63.73req/s] [内存消耗：1,865.34kb] [文件加载：51]
[ error ] [8]未定义数组下标: 1

---------------------------------------------------------------
[ 2023-08-23T13:04:23+08:00 ] [ log ] at888.icu/99/favicon.ico [运行时间：0.010026s][吞吐率：99.74req/s] [内存消耗：1,650.74kb] [文件加载：44]
[ error ] [8]未定义数组下标: 1

---------------------------------------------------------------
[ 2023-08-23T13:04:25+08:00 ] [ log ] at888.icu/99/index/open.html [运行时间：0.010868s][吞吐率：92.01req/s] [内存消耗：1,865.12kb] [文件加载：50]
[ error ] [8]未定义数组下标: 1

---------------------------------------------------------------
[ 2023-08-23T13:25:40+08:00 ] [ log ] at888.icu/99/ [运行时间：0.010837s][吞吐率：92.28req/s] [内存消耗：1,864.80kb] [文件加载：51]
[ error ] [8]未定义数组下标: 1

---------------------------------------------------------------
[ 2023-08-23T13:25:41+08:00 ] [ log ] at888.icu/99/favicon.ico [运行时间：0.009662s][吞吐率：103.50req/s] [内存消耗：1,650.74kb] [文件加载：44]
[ error ] [8]未定义数组下标: 1

---------------------------------------------------------------
[ 2023-08-23T13:25:44+08:00 ] [ log ] at888.icu/99/index/open.html [运行时间：0.011950s][吞吐率：83.68req/s] [内存消耗：1,865.12kb] [文件加载：50]
[ error ] [8]未定义数组下标: 1

---------------------------------------------------------------
[ 2023-08-23T13:37:46+08:00 ] [ log ] at888.icu/99/ [运行时间：0.033423s][吞吐率：29.92req/s] [内存消耗：1,865.34kb] [文件加载：51]
[ error ] [8]未定义数组下标: 1

---------------------------------------------------------------
[ 2023-08-23T13:37:46+08:00 ] [ log ] at888.icu/99/favicon.ico [运行时间：0.020794s][吞吐率：48.09req/s] [内存消耗：1,650.74kb] [文件加载：44]
[ error ] [8]未定义数组下标: 1

---------------------------------------------------------------
[ 2023-08-23T13:37:48+08:00 ] [ log ] at888.icu/99/index/open.html [运行时间：0.033324s][吞吐率：30.01req/s] [内存消耗：1,865.12kb] [文件加载：50]
[ error ] [8]未定义数组下标: 1

---------------------------------------------------------------
[ 2023-08-23T13:38:47+08:00 ] [ log ] at888.icu/99/ [运行时间：0.010917s][吞吐率：91.60req/s] [内存消耗：1,864.80kb] [文件加载：51]
[ error ] [8]未定义数组下标: 1

---------------------------------------------------------------
[ 2023-08-23T13:38:49+08:00 ] [ log ] at888.icu/99/favicon.ico [运行时间：0.009494s][吞吐率：105.33req/s] [内存消耗：1,650.74kb] [文件加载：44]
[ error ] [8]未定义数组下标: 1

---------------------------------------------------------------
[ 2023-08-23T13:38:50+08:00 ] [ log ] at888.icu/99/?extra_params=AAPPkAMhaecnYjJ7rIoy%2BP0%2FesS2ZbHOah8%2BUtlCddz3oA%3D%3D [运行时间：0.011213s][吞吐率：89.18req/s] [内存消耗：1,865.50kb] [文件加载：51]
[ error ] [8]未定义数组下标: 1

---------------------------------------------------------------
[ 2023-08-23T13:38:50+08:00 ] [ log ] at888.icu/99/index/open.html [运行时间：0.010713s][吞吐率：93.34req/s] [内存消耗：1,865.12kb] [文件加载：50]
[ error ] [8]未定义数组下标: 1

---------------------------------------------------------------
[ 2023-08-23T13:38:51+08:00 ] [ log ] at888.icu/99/favicon.ico [运行时间：0.009816s][吞吐率：101.88req/s] [内存消耗：1,650.74kb] [文件加载：44]
[ error ] [8]未定义数组下标: 1

---------------------------------------------------------------
[ 2023-08-23T13:38:52+08:00 ] [ log ] at888.icu/99/ [运行时间：0.010830s][吞吐率：92.34req/s] [内存消耗：1,864.80kb] [文件加载：51]
[ error ] [8]未定义数组下标: 1

---------------------------------------------------------------
[ 2023-08-23T13:38:53+08:00 ] [ log ] at888.icu/99/favicon.ico [运行时间：0.009139s][吞吐率：109.42req/s] [内存消耗：1,650.74kb] [文件加载：44]
[ error ] [8]未定义数组下标: 1

---------------------------------------------------------------
[ 2023-08-23T13:38:55+08:00 ] [ log ] at888.icu/99/index/open.html [运行时间：0.010612s][吞吐率：94.23req/s] [内存消耗：1,865.12kb] [文件加载：50]
[ error ] [8]未定义数组下标: 1

---------------------------------------------------------------
[ 2023-08-23T13:39:14+08:00 ] [ log ] at888.icu/99/index/open.html [运行时间：0.014376s][吞吐率：69.56req/s] [内存消耗：1,865.12kb] [文件加载：50]
[ error ] [8]未定义数组下标: 1

---------------------------------------------------------------
[ 2023-08-23T13:44:09+08:00 ] [ log ] at888.icu/99/ [运行时间：0.010988s][吞吐率：91.01req/s] [内存消耗：1,865.34kb] [文件加载：51]
[ error ] [8]未定义数组下标: 1

---------------------------------------------------------------
[ 2023-08-23T13:44:10+08:00 ] [ log ] at888.icu/99/favicon.ico [运行时间：0.034525s][吞吐率：28.96req/s] [内存消耗：1,650.74kb] [文件加载：44]
[ error ] [8]未定义数组下标: 1

---------------------------------------------------------------
[ 2023-08-23T13:44:16+08:00 ] [ log ] at888.icu/99/ [运行时间：0.014283s][吞吐率：70.01req/s] [内存消耗：1,864.80kb] [文件加载：51]
[ error ] [8]未定义数组下标: 1

---------------------------------------------------------------
[ 2023-08-23T13:44:17+08:00 ] [ log ] at888.icu/99/favicon.ico [运行时间：0.010268s][吞吐率：97.39req/s] [内存消耗：1,650.74kb] [文件加载：44]
[ error ] [8]未定义数组下标: 1

---------------------------------------------------------------
[ 2023-08-23T13:44:19+08:00 ] [ log ] at888.icu/99/index/open.html [运行时间：0.010757s][吞吐率：92.96req/s] [内存消耗：1,865.12kb] [文件加载：50]
[ error ] [8]未定义数组下标: 1

---------------------------------------------------------------
[ 2023-08-23T13:47:33+08:00 ] [ log ] at888.icu/99/ [运行时间：0.015251s][吞吐率：65.57req/s] [内存消耗：1,864.80kb] [文件加载：51]
[ error ] [8]未定义数组下标: 1

---------------------------------------------------------------
[ 2023-08-23T13:47:34+08:00 ] [ log ] at888.icu/99/favicon.ico [运行时间：0.009719s][吞吐率：102.89req/s] [内存消耗：1,650.74kb] [文件加载：44]
[ error ] [8]未定义数组下标: 1

---------------------------------------------------------------
[ 2023-08-23T13:47:36+08:00 ] [ log ] at888.icu/99/index/open.html [运行时间：0.014030s][吞吐率：71.28req/s] [内存消耗：1,865.12kb] [文件加载：50]
[ error ] [8]未定义数组下标: 1

---------------------------------------------------------------
[ 2023-08-23T13:49:13+08:00 ] [ log ] at888.icu/99/ [运行时间：0.011256s][吞吐率：88.84req/s] [内存消耗：1,864.80kb] [文件加载：51]
[ error ] [8]未定义数组下标: 1

---------------------------------------------------------------
[ 2023-08-23T13:49:14+08:00 ] [ log ] at888.icu/99/favicon.ico [运行时间：0.009750s][吞吐率：102.57req/s] [内存消耗：1,650.74kb] [文件加载：44]
[ error ] [8]未定义数组下标: 1

---------------------------------------------------------------
[ 2023-08-23T13:49:16+08:00 ] [ log ] at888.icu/99/index/open.html [运行时间：0.015392s][吞吐率：64.97req/s] [内存消耗：1,865.12kb] [文件加载：50]
[ error ] [8]未定义数组下标: 1

---------------------------------------------------------------
[ 2023-08-23T15:08:53+08:00 ] [ log ] at888.icu/99/ [运行时间：0.010878s][吞吐率：91.93req/s] [内存消耗：1,865.34kb] [文件加载：51]
[ error ] [8]未定义数组下标: 1

---------------------------------------------------------------
[ 2023-08-23T15:08:53+08:00 ] [ log ] at888.icu/99/favicon.ico [运行时间：0.016406s][吞吐率：60.95req/s] [内存消耗：1,650.74kb] [文件加载：44]
[ error ] [8]未定义数组下标: 1

---------------------------------------------------------------
[ 2023-08-23T15:08:56+08:00 ] [ log ] at888.icu/99/index/open.html [运行时间：0.012890s][吞吐率：77.58req/s] [内存消耗：1,865.12kb] [文件加载：50]
[ error ] [8]未定义数组下标: 1

---------------------------------------------------------------
[ 2023-08-23T15:54:32+08:00 ] [ log ] at888.icu/99/ [运行时间：0.011305s][吞吐率：88.46req/s] [内存消耗：1,865.34kb] [文件加载：51]
[ error ] [8]未定义数组下标: 1

---------------------------------------------------------------
[ 2023-08-23T15:54:33+08:00 ] [ log ] at888.icu/99/favicon.ico [运行时间：0.009647s][吞吐率：103.66req/s] [内存消耗：1,650.74kb] [文件加载：44]
[ error ] [8]未定义数组下标: 1

---------------------------------------------------------------
[ 2023-08-23T15:54:35+08:00 ] [ log ] at888.icu/99/index/open.html [运行时间：0.039824s][吞吐率：25.11req/s] [内存消耗：1,865.12kb] [文件加载：50]
[ error ] [8]未定义数组下标: 1

---------------------------------------------------------------
[ 2023-08-23T15:56:26+08:00 ] [ log ] at888.icu/99/ [运行时间：0.013487s][吞吐率：74.14req/s] [内存消耗：1,864.80kb] [文件加载：51]
[ error ] [8]未定义数组下标: 1

---------------------------------------------------------------
[ 2023-08-23T15:56:27+08:00 ] [ log ] at888.icu/99/favicon.ico [运行时间：0.009486s][吞吐率：105.42req/s] [内存消耗：1,650.74kb] [文件加载：44]
[ error ] [8]未定义数组下标: 1

---------------------------------------------------------------
[ 2023-08-23T15:56:29+08:00 ] [ log ] at888.icu/99/index/open.html [运行时间：0.011195s][吞吐率：89.33req/s] [内存消耗：1,865.12kb] [文件加载：50]
[ error ] [8]未定义数组下标: 1

---------------------------------------------------------------
[ 2023-08-23T17:35:24+08:00 ] [ log ] at888.icu/99/ [运行时间：0.013666s][吞吐率：73.17req/s] [内存消耗：1,865.34kb] [文件加载：51]
[ error ] [8]未定义数组下标: 1

---------------------------------------------------------------
[ 2023-08-23T17:35:25+08:00 ] [ log ] at888.icu/99/favicon.ico [运行时间：0.009850s][吞吐率：101.52req/s] [内存消耗：1,650.74kb] [文件加载：44]
[ error ] [8]未定义数组下标: 1

---------------------------------------------------------------
[ 2023-08-23T17:35:27+08:00 ] [ log ] at888.icu/99/index/open.html [运行时间：0.013541s][吞吐率：73.85req/s] [内存消耗：1,865.12kb] [文件加载：50]
[ error ] [8]未定义数组下标: 1

---------------------------------------------------------------
[ 2023-08-23T17:57:24+08:00 ] [ log ] at888.icu/99/ [运行时间：0.010678s][吞吐率：93.65req/s] [内存消耗：1,865.34kb] [文件加载：51]
[ error ] [8]未定义数组下标: 1

---------------------------------------------------------------
[ 2023-08-23T17:57:27+08:00 ] [ log ] at888.icu/99/favicon.ico [运行时间：0.009928s][吞吐率：100.73req/s] [内存消耗：1,650.74kb] [文件加载：44]
[ error ] [8]未定义数组下标: 1

---------------------------------------------------------------
[ 2023-08-23T17:57:30+08:00 ] [ log ] at888.icu/99/index/open.html [运行时间：0.011070s][吞吐率：90.33req/s] [内存消耗：1,865.12kb] [文件加载：50]
[ error ] [8]未定义数组下标: 1

---------------------------------------------------------------
[ 2023-08-23T17:57:32+08:00 ] [ log ] at888.icu/99/favicon.ico [运行时间：0.009189s][吞吐率：108.83req/s] [内存消耗：1,650.74kb] [文件加载：44]
[ error ] [8]未定义数组下标: 1

---------------------------------------------------------------
[ 2023-08-23T18:33:32+08:00 ] [ log ] at888.icu/99/ [运行时间：0.011253s][吞吐率：88.87req/s] [内存消耗：1,864.80kb] [文件加载：51]
[ error ] [8]未定义数组下标: 1

---------------------------------------------------------------
[ 2023-08-23T18:33:38+08:00 ] [ log ] at888.icu/99/favicon.ico [运行时间：0.009770s][吞吐率：102.36req/s] [内存消耗：1,650.74kb] [文件加载：44]
[ error ] [8]未定义数组下标: 1

---------------------------------------------------------------
[ 2023-08-23T18:34:22+08:00 ] [ log ] at888.icu/99/index/open.html [运行时间：0.011286s][吞吐率：88.61req/s] [内存消耗：1,865.12kb] [文件加载：50]
[ error ] [8]未定义数组下标: 1

---------------------------------------------------------------
[ 2023-08-23T18:35:56+08:00 ] [ log ] at888.icu/99/?uc_sm=1&from=wh10331 [运行时间：0.011369s][吞吐率：87.96req/s] [内存消耗：1,865.45kb] [文件加载：51]
[ error ] [8]未定义数组下标: 1

---------------------------------------------------------------
[ 2023-08-23T18:35:56+08:00 ] [ log ] at888.icu/99/ [运行时间：0.010669s][吞吐率：93.73req/s] [内存消耗：1,864.80kb] [文件加载：51]
[ error ] [8]未定义数组下标: 1

---------------------------------------------------------------
[ 2023-08-23T18:36:03+08:00 ] [ log ] at888.icu/99/favicon.ico [运行时间：0.009250s][吞吐率：108.11req/s] [内存消耗：1,650.74kb] [文件加载：44]
[ error ] [8]未定义数组下标: 1

---------------------------------------------------------------
[ 2023-08-23T18:36:04+08:00 ] [ log ] at888.icu/99/index/open.html [运行时间：0.011225s][吞吐率：89.09req/s] [内存消耗：1,865.12kb] [文件加载：50]
[ error ] [8]未定义数组下标: 1

---------------------------------------------------------------
[ 2023-08-23T18:36:10+08:00 ] [ log ] at888.icu/99/favicon.ico [运行时间：0.012938s][吞吐率：77.29req/s] [内存消耗：1,650.74kb] [文件加载：44]
[ error ] [8]未定义数组下标: 1

---------------------------------------------------------------
[ 2023-08-23T18:36:30+08:00 ] [ log ] at888.icu/99/ [运行时间：0.014424s][吞吐率：69.33req/s] [内存消耗：1,864.80kb] [文件加载：51]
[ error ] [8]未定义数组下标: 1

---------------------------------------------------------------
[ 2023-08-23T18:36:31+08:00 ] [ log ] at888.icu/99/favicon.ico [运行时间：0.010041s][吞吐率：99.59req/s] [内存消耗：1,650.74kb] [文件加载：44]
[ error ] [8]未定义数组下标: 1

---------------------------------------------------------------
[ 2023-08-23T18:36:33+08:00 ] [ log ] at888.icu/99/index/open.html [运行时间：0.010898s][吞吐率：91.76req/s] [内存消耗：1,865.12kb] [文件加载：50]
[ error ] [8]未定义数组下标: 1

---------------------------------------------------------------
[ 2023-08-23T18:39:46+08:00 ] [ log ] at888.icu/99/?uc_sm=1&from=wh10331 [运行时间：0.013923s][吞吐率：71.82req/s] [内存消耗：1,865.45kb] [文件加载：51]
[ error ] [8]未定义数组下标: 1

---------------------------------------------------------------
[ 2023-08-23T18:39:46+08:00 ] [ log ] at888.icu/99/ [运行时间：0.011764s][吞吐率：85.00req/s] [内存消耗：1,864.80kb] [文件加载：51]
[ error ] [8]未定义数组下标: 1

---------------------------------------------------------------
[ 2023-08-23T18:39:47+08:00 ] [ log ] at888.icu/99/favicon.ico [运行时间：0.010805s][吞吐率：92.55req/s] [内存消耗：1,650.74kb] [文件加载：44]
[ error ] [8]未定义数组下标: 1

---------------------------------------------------------------
[ 2023-08-23T18:39:50+08:00 ] [ log ] at888.icu/99/index/open.html [运行时间：0.010719s][吞吐率：93.29req/s] [内存消耗：1,865.12kb] [文件加载：50]
[ error ] [8]未定义数组下标: 1

---------------------------------------------------------------
[ 2023-08-23T19:25:34+08:00 ] [ log ] at888.icu/99/ [运行时间：0.012484s][吞吐率：80.10req/s] [内存消耗：1,865.34kb] [文件加载：51]
[ error ] [8]未定义数组下标: 1

---------------------------------------------------------------
[ 2023-08-23T19:25:35+08:00 ] [ log ] at888.icu/99/favicon.ico [运行时间：0.009850s][吞吐率：101.52req/s] [内存消耗：1,650.74kb] [文件加载：44]
[ error ] [8]未定义数组下标: 1

---------------------------------------------------------------
[ 2023-08-23T19:25:37+08:00 ] [ log ] at888.icu/99/index/open.html [运行时间：0.018319s][吞吐率：54.59req/s] [内存消耗：1,865.12kb] [文件加载：50]
[ error ] [8]未定义数组下标: 1

---------------------------------------------------------------
[ 2023-08-23T20:58:56+08:00 ] [ log ] at888.icu/99/ [运行时间：0.017830s][吞吐率：56.09req/s] [内存消耗：1,865.34kb] [文件加载：51]
[ error ] [8]未定义数组下标: 1

---------------------------------------------------------------
[ 2023-08-23T20:58:57+08:00 ] [ log ] at888.icu/99/favicon.ico [运行时间：0.009630s][吞吐率：103.84req/s] [内存消耗：1,650.74kb] [文件加载：44]
[ error ] [8]未定义数组下标: 1

---------------------------------------------------------------
[ 2023-08-23T20:58:59+08:00 ] [ log ] at888.icu/99/index/open.html [运行时间：0.010907s][吞吐率：91.68req/s] [内存消耗：1,865.12kb] [文件加载：50]
[ error ] [8]未定义数组下标: 1

---------------------------------------------------------------
[ 2023-08-23T21:01:16+08:00 ] [ log ] at888.icu/99/ [运行时间：0.010932s][吞吐率：91.47req/s] [内存消耗：1,864.80kb] [文件加载：51]
[ error ] [8]未定义数组下标: 1

---------------------------------------------------------------
[ 2023-08-23T21:01:17+08:00 ] [ log ] at888.icu/99/favicon.ico [运行时间：0.009405s][吞吐率：106.32req/s] [内存消耗：1,650.74kb] [文件加载：44]
[ error ] [8]未定义数组下标: 1

---------------------------------------------------------------
[ 2023-08-23T21:01:19+08:00 ] [ log ] at888.icu/99/index/open.html [运行时间：0.011491s][吞吐率：87.02req/s] [内存消耗：1,865.12kb] [文件加载：50]
[ error ] [8]未定义数组下标: 1

---------------------------------------------------------------
[ 2023-08-23T21:04:25+08:00 ] [ log ] at888.icu/99/ [运行时间：0.010874s][吞吐率：91.96req/s] [内存消耗：1,865.34kb] [文件加载：51]
[ error ] [8]未定义数组下标: 1

---------------------------------------------------------------
[ 2023-08-23T21:04:26+08:00 ] [ log ] at888.icu/99/favicon.ico [运行时间：0.009990s][吞吐率：100.10req/s] [内存消耗：1,650.74kb] [文件加载：44]
[ error ] [8]未定义数组下标: 1

---------------------------------------------------------------
[ 2023-08-23T21:04:28+08:00 ] [ log ] at888.icu/99/index/open.html [运行时间：0.010428s][吞吐率：95.90req/s] [内存消耗：1,865.12kb] [文件加载：50]
[ error ] [8]未定义数组下标: 1

---------------------------------------------------------------
[ 2023-08-23T21:07:32+08:00 ] [ log ] at888.icu/99/ [运行时间：0.010681s][吞吐率：93.62req/s] [内存消耗：1,864.80kb] [文件加载：51]
[ error ] [8]未定义数组下标: 1

---------------------------------------------------------------
[ 2023-08-23T21:07:32+08:00 ] [ log ] at888.icu/99/favicon.ico [运行时间：0.009473s][吞吐率：105.56req/s] [内存消耗：1,650.74kb] [文件加载：44]
[ error ] [8]未定义数组下标: 1

---------------------------------------------------------------
[ 2023-08-23T21:07:34+08:00 ] [ log ] at888.icu/99/index/open.html [运行时间：0.011029s][吞吐率：90.67req/s] [内存消耗：1,865.12kb] [文件加载：50]
[ error ] [8]未定义数组下标: 1

---------------------------------------------------------------
[ 2023-08-23T21:08:08+08:00 ] [ log ] at888.icu/99/index/open.html [运行时间：0.013563s][吞吐率：73.73req/s] [内存消耗：1,865.12kb] [文件加载：50]
[ error ] [8]未定义数组下标: 1

---------------------------------------------------------------
[ 2023-08-23T21:25:38+08:00 ] [ log ] at666.icu/99/ [运行时间：0.011103s][吞吐率：90.06req/s] [内存消耗：1,865.34kb] [文件加载：51]
[ error ] [8]未定义数组下标: 1

---------------------------------------------------------------
[ 2023-08-23T21:25:43+08:00 ] [ log ] at666.icu/99/favicon.ico [运行时间：0.032325s][吞吐率：30.94req/s] [内存消耗：1,650.74kb] [文件加载：44]
[ error ] [8]未定义数组下标: 1

---------------------------------------------------------------
[ 2023-08-23T21:25:49+08:00 ] [ log ] at666.icu/99/index/open.html [运行时间：0.010603s][吞吐率：94.31req/s] [内存消耗：1,865.12kb] [文件加载：50]
[ error ] [8]未定义数组下标: 1

---------------------------------------------------------------
[ 2023-08-23T21:25:54+08:00 ] [ log ] at666.icu/99/ [运行时间：0.013682s][吞吐率：73.09req/s] [内存消耗：1,864.80kb] [文件加载：51]
[ error ] [8]未定义数组下标: 1

---------------------------------------------------------------
[ 2023-08-23T21:26:00+08:00 ] [ log ] at666.icu/99/index/open.html [运行时间：0.010815s][吞吐率：92.46req/s] [内存消耗：1,865.12kb] [文件加载：50]
[ error ] [8]未定义数组下标: 1

---------------------------------------------------------------
[ 2023-08-23T21:42:28+08:00 ] [ log ] at666.icu/99/ [运行时间：0.010905s][吞吐率：91.70req/s] [内存消耗：1,864.80kb] [文件加载：51]
[ error ] [8]未定义数组下标: 1

---------------------------------------------------------------
[ 2023-08-23T21:43:46+08:00 ] [ log ] at666.icu/99/ [运行时间：0.010864s][吞吐率：92.05req/s] [内存消耗：1,864.80kb] [文件加载：51]
[ error ] [8]未定义数组下标: 1

---------------------------------------------------------------
[ 2023-08-23T21:43:48+08:00 ] [ log ] at666.icu/99/favicon.ico [运行时间：0.023125s][吞吐率：43.24req/s] [内存消耗：1,650.74kb] [文件加载：44]
[ error ] [8]未定义数组下标: 1

---------------------------------------------------------------
[ 2023-08-23T21:43:51+08:00 ] [ log ] at666.icu/99/index/open.html [运行时间：0.012350s][吞吐率：80.97req/s] [内存消耗：1,865.12kb] [文件加载：50]
[ error ] [8]未定义数组下标: 1

---------------------------------------------------------------
[ 2023-08-23T23:04:30+08:00 ] [ log ] at666.icu/99/ [运行时间：0.011175s][吞吐率：89.49req/s] [内存消耗：1,865.34kb] [文件加载：51]
[ error ] [8]未定义数组下标: 1

---------------------------------------------------------------
[ 2023-08-23T23:04:32+08:00 ] [ log ] at666.icu/99/favicon.ico [运行时间：0.009621s][吞吐率：103.94req/s] [内存消耗：1,650.74kb] [文件加载：44]
[ error ] [8]未定义数组下标: 1

---------------------------------------------------------------
[ 2023-08-23T23:04:35+08:00 ] [ log ] at666.icu/99/index/open.html [运行时间：0.040040s][吞吐率：24.98req/s] [内存消耗：1,865.12kb] [文件加载：50]
[ error ] [8]未定义数组下标: 1

---------------------------------------------------------------
[ 2023-08-23T23:19:37+08:00 ] [ log ] at666.icu/99/ [运行时间：0.012044s][吞吐率：83.03req/s] [内存消耗：1,864.80kb] [文件加载：51]
[ error ] [8]未定义数组下标: 1

---------------------------------------------------------------
[ 2023-08-23T23:19:38+08:00 ] [ log ] at666.icu/99/favicon.ico [运行时间：0.010067s][吞吐率：99.33req/s] [内存消耗：1,650.74kb] [文件加载：44]
[ error ] [8]未定义数组下标: 1

---------------------------------------------------------------
[ 2023-08-23T23:19:41+08:00 ] [ log ] at666.icu/99/index/open.html [运行时间：0.030654s][吞吐率：32.62req/s] [内存消耗：1,865.12kb] [文件加载：50]
[ error ] [8]未定义数组下标: 1

---------------------------------------------------------------
