[ 2023-08-24T05:00:04+08:00 ] [ log ] at555.icu/99/index/open.html [运行时间：0.011241s][吞吐率：88.96req/s] [内存消耗：1,857.95kb] [文件加载：47]
[ error ] [8]Undefined offset: 1

---------------------------------------------------------------
[ 2023-08-24T05:00:46+08:00 ] [ log ] at555.icu/99/index/open.html [运行时间：0.010831s][吞吐率：92.33req/s] [内存消耗：1,865.15kb] [文件加载：50]
[ error ] [8]未定义数组下标: 1

---------------------------------------------------------------
[ 2023-08-24T05:00:46+08:00 ] [ log ] at555.icu/99/index/open.html [运行时间：0.017202s][吞吐率：58.13req/s] [内存消耗：1,865.15kb] [文件加载：50]
[ error ] [8]未定义数组下标: 1

---------------------------------------------------------------
[ 2023-08-24T06:01:22+08:00 ] [ log ] at888.icu/99/ [运行时间：0.011056s][吞吐率：90.45req/s] [内存消耗：1,865.34kb] [文件加载：51]
[ error ] [8]未定义数组下标: 1

---------------------------------------------------------------
[ 2023-08-24T06:01:28+08:00 ] [ log ] at888.icu/99/favicon.ico [运行时间：0.014229s][吞吐率：70.28req/s] [内存消耗：1,650.74kb] [文件加载：44]
[ error ] [8]未定义数组下标: 1

---------------------------------------------------------------
[ 2023-08-24T06:01:29+08:00 ] [ log ] at888.icu/99/favicon.ico [运行时间：0.010011s][吞吐率：99.89req/s] [内存消耗：1,650.74kb] [文件加载：44]
[ error ] [8]未定义数组下标: 1

---------------------------------------------------------------
[ 2023-08-24T06:01:29+08:00 ] [ log ] at888.icu/99/index/open.html [运行时间：0.011028s][吞吐率：90.68req/s] [内存消耗：1,865.12kb] [文件加载：50]
[ error ] [8]未定义数组下标: 1

---------------------------------------------------------------
[ 2023-08-24T07:35:06+08:00 ] [ log ] at888.icu/99/ [运行时间：0.011579s][吞吐率：86.36req/s] [内存消耗：1,865.34kb] [文件加载：51]
[ error ] [8]未定义数组下标: 1

---------------------------------------------------------------
[ 2023-08-24T07:35:06+08:00 ] [ log ] at888.icu/99/favicon.ico [运行时间：0.010272s][吞吐率：97.35req/s] [内存消耗：1,650.74kb] [文件加载：44]
[ error ] [8]未定义数组下标: 1

---------------------------------------------------------------
[ 2023-08-24T07:35:09+08:00 ] [ log ] at888.icu/99/index/open.html [运行时间：0.011734s][吞吐率：85.22req/s] [内存消耗：1,865.12kb] [文件加载：50]
[ error ] [8]未定义数组下标: 1

---------------------------------------------------------------
[ 2023-08-24T08:56:14+08:00 ] [ log ] at888.icu/99/ [运行时间：0.014859s][吞吐率：67.30req/s] [内存消耗：1,865.34kb] [文件加载：51]
[ error ] [8]未定义数组下标: 1

---------------------------------------------------------------
[ 2023-08-24T08:56:16+08:00 ] [ log ] at888.icu/99/favicon.ico [运行时间：0.009879s][吞吐率：101.22req/s] [内存消耗：1,650.74kb] [文件加载：44]
[ error ] [8]未定义数组下标: 1

---------------------------------------------------------------
[ 2023-08-24T08:56:18+08:00 ] [ log ] at888.icu/99/index/open.html [运行时间：0.010903s][吞吐率：91.72req/s] [内存消耗：1,865.12kb] [文件加载：50]
[ error ] [8]未定义数组下标: 1

---------------------------------------------------------------
[ 2023-08-24T09:23:28+08:00 ] [ log ] at888.icu/99/ [运行时间：0.034441s][吞吐率：29.04req/s] [内存消耗：1,865.34kb] [文件加载：51]
[ error ] [8]未定义数组下标: 1

---------------------------------------------------------------
[ 2023-08-24T09:23:29+08:00 ] [ log ] at888.icu/99/favicon.ico [运行时间：0.012108s][吞吐率：82.59req/s] [内存消耗：1,650.74kb] [文件加载：44]
[ error ] [8]未定义数组下标: 1

---------------------------------------------------------------
[ 2023-08-24T09:23:31+08:00 ] [ log ] at888.icu/99/index/open.html [运行时间：0.011031s][吞吐率：90.65req/s] [内存消耗：1,865.12kb] [文件加载：50]
[ error ] [8]未定义数组下标: 1

---------------------------------------------------------------
[ 2023-08-24T10:13:27+08:00 ] [ log ] at666.icu/99/ [运行时间：0.015488s][吞吐率：64.57req/s] [内存消耗：1,865.34kb] [文件加载：51]
[ error ] [8]未定义数组下标: 1

---------------------------------------------------------------
[ 2023-08-24T10:13:37+08:00 ] [ log ] at666.icu/99/index/open.html [运行时间：0.010847s][吞吐率：92.19req/s] [内存消耗：1,865.12kb] [文件加载：50]
[ error ] [8]未定义数组下标: 1

---------------------------------------------------------------
[ 2023-08-24T10:13:38+08:00 ] [ log ] at666.icu/99/favicon.ico [运行时间：0.009748s][吞吐率：102.59req/s] [内存消耗：1,650.74kb] [文件加载：44]
[ error ] [8]未定义数组下标: 1

---------------------------------------------------------------
[ 2023-08-24T10:14:04+08:00 ] [ log ] at666.icu/99/index/open.html [运行时间：0.010531s][吞吐率：94.96req/s] [内存消耗：1,865.12kb] [文件加载：50]
[ error ] [8]未定义数组下标: 1

---------------------------------------------------------------
[ 2023-08-24T10:33:38+08:00 ] [ log ] at666.icu/99/ [运行时间：0.010867s][吞吐率：92.02req/s] [内存消耗：1,864.80kb] [文件加载：51]
[ error ] [8]未定义数组下标: 1

---------------------------------------------------------------
[ 2023-08-24T10:33:39+08:00 ] [ log ] at666.icu/99/favicon.ico [运行时间：0.012831s][吞吐率：77.94req/s] [内存消耗：1,650.74kb] [文件加载：44]
[ error ] [8]未定义数组下标: 1

---------------------------------------------------------------
[ 2023-08-24T10:33:41+08:00 ] [ log ] at666.icu/99/index/open.html [运行时间：0.010905s][吞吐率：91.70req/s] [内存消耗：1,865.12kb] [文件加载：50]
[ error ] [8]未定义数组下标: 1

---------------------------------------------------------------
[ 2023-08-24T10:57:51+08:00 ] [ log ] at888.icu/99/ [运行时间：0.010929s][吞吐率：91.50req/s] [内存消耗：1,865.34kb] [文件加载：51]
[ error ] [8]未定义数组下标: 1

---------------------------------------------------------------
[ 2023-08-24T10:57:52+08:00 ] [ log ] at888.icu/99/favicon.ico [运行时间：0.015011s][吞吐率：66.62req/s] [内存消耗：1,650.74kb] [文件加载：44]
[ error ] [8]未定义数组下标: 1

---------------------------------------------------------------
[ 2023-08-24T10:57:55+08:00 ] [ log ] at888.icu/99/index/open.html [运行时间：0.010647s][吞吐率：93.92req/s] [内存消耗：1,865.12kb] [文件加载：50]
[ error ] [8]未定义数组下标: 1

---------------------------------------------------------------
[ 2023-08-24T11:01:06+08:00 ] [ log ] at888.icu/99/ [运行时间：0.013997s][吞吐率：71.44req/s] [内存消耗：1,865.34kb] [文件加载：51]
[ error ] [8]未定义数组下标: 1

---------------------------------------------------------------
[ 2023-08-24T11:01:07+08:00 ] [ log ] at888.icu/99/favicon.ico [运行时间：0.009394s][吞吐率：106.45req/s] [内存消耗：1,650.74kb] [文件加载：44]
[ error ] [8]未定义数组下标: 1

---------------------------------------------------------------
[ 2023-08-24T11:01:09+08:00 ] [ log ] at888.icu/99/index/open.html [运行时间：0.011208s][吞吐率：89.22req/s] [内存消耗：1,865.12kb] [文件加载：50]
[ error ] [8]未定义数组下标: 1

---------------------------------------------------------------
[ 2023-08-24T11:06:46+08:00 ] [ log ] at888.icu/99/ [运行时间：0.010697s][吞吐率：93.49req/s] [内存消耗：1,864.80kb] [文件加载：51]
[ error ] [8]未定义数组下标: 1

---------------------------------------------------------------
[ 2023-08-24T11:06:47+08:00 ] [ log ] at888.icu/99/favicon.ico [运行时间：0.013769s][吞吐率：72.63req/s] [内存消耗：1,650.74kb] [文件加载：44]
[ error ] [8]未定义数组下标: 1

---------------------------------------------------------------
[ 2023-08-24T11:06:53+08:00 ] [ log ] at888.icu/99/index/open.html [运行时间：0.011165s][吞吐率：89.57req/s] [内存消耗：1,865.12kb] [文件加载：50]
[ error ] [8]未定义数组下标: 1

---------------------------------------------------------------
[ 2023-08-24T12:06:12+08:00 ] [ log ] at666.icu/99/ [运行时间：0.011020s][吞吐率：90.74req/s] [内存消耗：1,865.34kb] [文件加载：51]
[ error ] [8]未定义数组下标: 1

---------------------------------------------------------------
[ 2023-08-24T12:06:14+08:00 ] [ log ] at666.icu/99/favicon.ico [运行时间：0.009551s][吞吐率：104.70req/s] [内存消耗：1,650.74kb] [文件加载：44]
[ error ] [8]未定义数组下标: 1

---------------------------------------------------------------
[ 2023-08-24T12:07:48+08:00 ] [ log ] at666.icu/99/index/open.html [运行时间：0.011151s][吞吐率：89.68req/s] [内存消耗：1,865.12kb] [文件加载：50]
[ error ] [8]未定义数组下标: 1

---------------------------------------------------------------
[ 2023-08-24T12:12:24+08:00 ] [ log ] at888.icu/99/ [运行时间：0.011874s][吞吐率：84.22req/s] [内存消耗：1,865.34kb] [文件加载：51]
[ error ] [8]未定义数组下标: 1

---------------------------------------------------------------
[ 2023-08-24T12:12:26+08:00 ] [ log ] at888.icu/99/favicon.ico [运行时间：0.010305s][吞吐率：97.04req/s] [内存消耗：1,650.74kb] [文件加载：44]
[ error ] [8]未定义数组下标: 1

---------------------------------------------------------------
[ 2023-08-24T12:12:30+08:00 ] [ log ] at888.icu/99/index/open.html [运行时间：0.015242s][吞吐率：65.61req/s] [内存消耗：1,865.12kb] [文件加载：50]
[ error ] [8]未定义数组下标: 1

---------------------------------------------------------------
[ 2023-08-24T12:40:41+08:00 ] [ log ] at888.icu/99/ [运行时间：0.011582s][吞吐率：86.34req/s] [内存消耗：1,865.34kb] [文件加载：51]
[ error ] [8]未定义数组下标: 1

---------------------------------------------------------------
[ 2023-08-24T12:40:41+08:00 ] [ log ] at888.icu/99/ [运行时间：0.011027s][吞吐率：90.69req/s] [内存消耗：1,865.34kb] [文件加载：51]
[ error ] [8]未定义数组下标: 1

---------------------------------------------------------------
[ 2023-08-24T12:40:44+08:00 ] [ log ] at888.icu/99/favicon.ico [运行时间：0.013575s][吞吐率：73.66req/s] [内存消耗：1,650.74kb] [文件加载：44]
[ error ] [8]未定义数组下标: 1

---------------------------------------------------------------
[ 2023-08-24T12:40:46+08:00 ] [ log ] at888.icu/99/index/open.html [运行时间：0.010758s][吞吐率：92.95req/s] [内存消耗：1,865.12kb] [文件加载：50]
[ error ] [8]未定义数组下标: 1

---------------------------------------------------------------
[ 2023-08-24T12:45:21+08:00 ] [ log ] at888.icu/99/ [运行时间：0.013808s][吞吐率：72.42req/s] [内存消耗：1,865.34kb] [文件加载：51]
[ error ] [8]未定义数组下标: 1

---------------------------------------------------------------
[ 2023-08-24T12:45:22+08:00 ] [ log ] at888.icu/99/favicon.ico [运行时间：0.009529s][吞吐率：104.94req/s] [内存消耗：1,650.74kb] [文件加载：44]
[ error ] [8]未定义数组下标: 1

---------------------------------------------------------------
[ 2023-08-24T12:45:25+08:00 ] [ log ] at888.icu/99/ [运行时间：0.010901s][吞吐率：91.73req/s] [内存消耗：1,864.80kb] [文件加载：51]
[ error ] [8]未定义数组下标: 1

---------------------------------------------------------------
[ 2023-08-24T12:45:26+08:00 ] [ log ] at888.icu/99/favicon.ico [运行时间：0.009859s][吞吐率：101.43req/s] [内存消耗：1,650.74kb] [文件加载：44]
[ error ] [8]未定义数组下标: 1

---------------------------------------------------------------
[ 2023-08-24T12:45:28+08:00 ] [ log ] at888.icu/99/index/open.html [运行时间：0.010800s][吞吐率：92.59req/s] [内存消耗：1,865.12kb] [文件加载：50]
[ error ] [8]未定义数组下标: 1

---------------------------------------------------------------
[ 2023-08-24T13:42:11+08:00 ] [ log ] at888.icu/99/ [运行时间：0.010853s][吞吐率：92.14req/s] [内存消耗：1,865.34kb] [文件加载：51]
[ error ] [8]未定义数组下标: 1

---------------------------------------------------------------
[ 2023-08-24T13:42:14+08:00 ] [ log ] at888.icu/99/favicon.ico [运行时间：0.009489s][吞吐率：105.38req/s] [内存消耗：1,650.74kb] [文件加载：44]
[ error ] [8]未定义数组下标: 1

---------------------------------------------------------------
[ 2023-08-24T13:42:18+08:00 ] [ log ] at888.icu/99/index/open.html [运行时间：0.010606s][吞吐率：94.29req/s] [内存消耗：1,865.12kb] [文件加载：50]
[ error ] [8]未定义数组下标: 1

---------------------------------------------------------------
[ 2023-08-24T13:43:53+08:00 ] [ log ] at888.icu/99/index/open.html [运行时间：0.013471s][吞吐率：74.23req/s] [内存消耗：1,865.12kb] [文件加载：50]
[ error ] [8]未定义数组下标: 1

---------------------------------------------------------------
[ 2023-08-24T13:43:55+08:00 ] [ log ] at888.icu/99/index/open.html [运行时间：0.037313s][吞吐率：26.80req/s] [内存消耗：1,865.12kb] [文件加载：50]
[ error ] [8]未定义数组下标: 1

---------------------------------------------------------------
[ 2023-08-24T13:43:55+08:00 ] [ log ] at888.icu/99/index/open.html [运行时间：0.014714s][吞吐率：67.96req/s] [内存消耗：1,865.12kb] [文件加载：50]
[ error ] [8]未定义数组下标: 1

---------------------------------------------------------------
[ 2023-08-24T14:00:48+08:00 ] [ log ] at444.icu/99/ [运行时间：0.011137s][吞吐率：89.79req/s] [内存消耗：1,865.34kb] [文件加载：51]
[ error ] [8]未定义数组下标: 1

---------------------------------------------------------------
[ 2023-08-24T14:00:50+08:00 ] [ log ] at444.icu/99/favicon.ico [运行时间：0.012525s][吞吐率：79.84req/s] [内存消耗：1,650.74kb] [文件加载：44]
[ error ] [8]未定义数组下标: 1

---------------------------------------------------------------
[ 2023-08-24T14:00:57+08:00 ] [ log ] at444.icu/99/index/open.html [运行时间：0.018362s][吞吐率：54.46req/s] [内存消耗：1,865.12kb] [文件加载：50]
[ error ] [8]未定义数组下标: 1

---------------------------------------------------------------
[ 2023-08-24T14:02:21+08:00 ] [ log ] at555.icu/99/ [运行时间：0.011009s][吞吐率：90.83req/s] [内存消耗：1,865.34kb] [文件加载：51]
[ error ] [8]未定义数组下标: 1

---------------------------------------------------------------
[ 2023-08-24T14:02:23+08:00 ] [ log ] at555.icu/99/favicon.ico [运行时间：0.009861s][吞吐率：101.41req/s] [内存消耗：1,650.74kb] [文件加载：44]
[ error ] [8]未定义数组下标: 1

---------------------------------------------------------------
[ 2023-08-24T14:02:26+08:00 ] [ log ] at555.icu/99/index/open.html [运行时间：0.010918s][吞吐率：91.59req/s] [内存消耗：1,865.12kb] [文件加载：50]
[ error ] [8]未定义数组下标: 1

---------------------------------------------------------------
[ 2023-08-24T14:04:56+08:00 ] [ log ] at666.icu/99/ [运行时间：0.038578s][吞吐率：25.92req/s] [内存消耗：1,865.34kb] [文件加载：51]
[ error ] [8]未定义数组下标: 1

---------------------------------------------------------------
[ 2023-08-24T14:05:09+08:00 ] [ log ] at666.icu/99/favicon.ico [运行时间：0.013406s][吞吐率：74.59req/s] [内存消耗：1,650.74kb] [文件加载：44]
[ error ] [8]未定义数组下标: 1

---------------------------------------------------------------
[ 2023-08-24T14:05:13+08:00 ] [ log ] at666.icu/99/index/open.html [运行时间：0.010442s][吞吐率：95.77req/s] [内存消耗：1,865.12kb] [文件加载：50]
[ error ] [8]未定义数组下标: 1

---------------------------------------------------------------
[ 2023-08-24T14:59:46+08:00 ] [ log ] at888.icu/99/ [运行时间：0.011024s][吞吐率：90.71req/s] [内存消耗：1,865.34kb] [文件加载：51]
[ error ] [8]未定义数组下标: 1

---------------------------------------------------------------
[ 2023-08-24T15:10:17+08:00 ] [ log ] at888.icu/99/ [运行时间：0.011655s][吞吐率：85.80req/s] [内存消耗：1,864.80kb] [文件加载：51]
[ error ] [8]未定义数组下标: 1

---------------------------------------------------------------
[ 2023-08-24T15:10:19+08:00 ] [ log ] at888.icu/99/favicon.ico [运行时间：0.010073s][吞吐率：99.28req/s] [内存消耗：1,650.74kb] [文件加载：44]
[ error ] [8]未定义数组下标: 1

---------------------------------------------------------------
[ 2023-08-24T15:10:22+08:00 ] [ log ] at888.icu/99/index/open.html [运行时间：0.010629s][吞吐率：94.08req/s] [内存消耗：1,865.12kb] [文件加载：50]
[ error ] [8]未定义数组下标: 1

---------------------------------------------------------------
[ 2023-08-24T16:14:37+08:00 ] [ log ] at888.icu/99/ [运行时间：0.013683s][吞吐率：73.08req/s] [内存消耗：1,865.34kb] [文件加载：51]
[ error ] [8]未定义数组下标: 1

---------------------------------------------------------------
[ 2023-08-24T16:14:37+08:00 ] [ log ] at888.icu/99/favicon.ico [运行时间：0.009324s][吞吐率：107.25req/s] [内存消耗：1,650.74kb] [文件加载：44]
[ error ] [8]未定义数组下标: 1

---------------------------------------------------------------
[ 2023-08-24T16:14:40+08:00 ] [ log ] at888.icu/99/index/open.html [运行时间：0.011011s][吞吐率：90.82req/s] [内存消耗：1,865.12kb] [文件加载：50]
[ error ] [8]未定义数组下标: 1

---------------------------------------------------------------
[ 2023-08-24T16:20:23+08:00 ] [ log ] at888.icu/99/ [运行时间：0.011695s][吞吐率：85.51req/s] [内存消耗：1,864.80kb] [文件加载：51]
[ error ] [8]未定义数组下标: 1

---------------------------------------------------------------
[ 2023-08-24T16:20:24+08:00 ] [ log ] at888.icu/99/favicon.ico [运行时间：0.009815s][吞吐率：101.89req/s] [内存消耗：1,650.74kb] [文件加载：44]
[ error ] [8]未定义数组下标: 1

---------------------------------------------------------------
[ 2023-08-24T16:20:26+08:00 ] [ log ] at888.icu/99/index/open.html [运行时间：0.011011s][吞吐率：90.82req/s] [内存消耗：1,865.12kb] [文件加载：50]
[ error ] [8]未定义数组下标: 1

---------------------------------------------------------------
[ 2023-08-24T17:28:01+08:00 ] [ log ] at888.icu/99/ [运行时间：0.016479s][吞吐率：60.68req/s] [内存消耗：1,865.34kb] [文件加载：51]
[ error ] [8]未定义数组下标: 1

---------------------------------------------------------------
[ 2023-08-24T17:40:19+08:00 ] [ log ] at888.icu/99/?uc_sm=1&from=wh10331 [运行时间：0.011395s][吞吐率：87.76req/s] [内存消耗：1,865.45kb] [文件加载：51]
[ error ] [8]未定义数组下标: 1

---------------------------------------------------------------
[ 2023-08-24T17:40:19+08:00 ] [ log ] at888.icu/99/ [运行时间：0.011346s][吞吐率：88.14req/s] [内存消耗：1,864.80kb] [文件加载：51]
[ error ] [8]未定义数组下标: 1

---------------------------------------------------------------
[ 2023-08-24T17:40:20+08:00 ] [ log ] at888.icu/99/favicon.ico [运行时间：0.009253s][吞吐率：108.07req/s] [内存消耗：1,650.74kb] [文件加载：44]
[ error ] [8]未定义数组下标: 1

---------------------------------------------------------------
[ 2023-08-24T17:40:22+08:00 ] [ log ] at888.icu/99/index/open.html [运行时间：0.011262s][吞吐率：88.79req/s] [内存消耗：1,865.12kb] [文件加载：50]
[ error ] [8]未定义数组下标: 1

---------------------------------------------------------------
[ 2023-08-24T18:05:36+08:00 ] [ log ] at888.icu/99/ [运行时间：0.014672s][吞吐率：68.16req/s] [内存消耗：1,865.34kb] [文件加载：51]
[ error ] [8]未定义数组下标: 1

---------------------------------------------------------------
[ 2023-08-24T18:05:36+08:00 ] [ log ] at888.icu/99/favicon.ico [运行时间：0.009288s][吞吐率：107.67req/s] [内存消耗：1,650.74kb] [文件加载：44]
[ error ] [8]未定义数组下标: 1

---------------------------------------------------------------
[ 2023-08-24T18:15:07+08:00 ] [ log ] at888.icu/99/index/open.html [运行时间：0.010935s][吞吐率：91.45req/s] [内存消耗：1,865.12kb] [文件加载：50]
[ error ] [8]未定义数组下标: 1

---------------------------------------------------------------
[ 2023-08-24T18:51:53+08:00 ] [ log ] at888.icu/99/favicon.ico [运行时间：0.009411s][吞吐率：106.26req/s] [内存消耗：1,651.28kb] [文件加载：44]
[ error ] [8]未定义数组下标: 1

---------------------------------------------------------------
[ 2023-08-24T18:51:54+08:00 ] [ log ] at888.icu/99/ [运行时间：0.010987s][吞吐率：91.02req/s] [内存消耗：1,865.34kb] [文件加载：51]
[ error ] [8]未定义数组下标: 1

---------------------------------------------------------------
[ 2023-08-24T18:52:02+08:00 ] [ log ] at888.icu/99/?uc_sm=1&from=wh10331 [运行时间：0.010650s][吞吐率：93.90req/s] [内存消耗：1,865.45kb] [文件加载：51]
[ error ] [8]未定义数组下标: 1

---------------------------------------------------------------
[ 2023-08-24T18:52:02+08:00 ] [ log ] at888.icu/99/ [运行时间：0.010795s][吞吐率：92.64req/s] [内存消耗：1,864.80kb] [文件加载：51]
[ error ] [8]未定义数组下标: 1

---------------------------------------------------------------
[ 2023-08-24T18:52:03+08:00 ] [ log ] at888.icu/99/favicon.ico [运行时间：0.012818s][吞吐率：78.02req/s] [内存消耗：1,650.74kb] [文件加载：44]
[ error ] [8]未定义数组下标: 1

---------------------------------------------------------------
[ 2023-08-24T18:52:09+08:00 ] [ log ] at888.icu/99/index/open.html [运行时间：0.013861s][吞吐率：72.15req/s] [内存消耗：1,865.12kb] [文件加载：50]
[ error ] [8]未定义数组下标: 1

---------------------------------------------------------------
[ 2023-08-24T19:38:30+08:00 ] [ log ] at888.icu/99/favicon.ico [运行时间：0.019602s][吞吐率：51.02req/s] [内存消耗：1,650.74kb] [文件加载：44]
[ error ] [8]未定义数组下标: 1

---------------------------------------------------------------
[ 2023-08-24T19:39:48+08:00 ] [ log ] at888.icu/99/ [运行时间：0.010900s][吞吐率：91.74req/s] [内存消耗：1,864.80kb] [文件加载：51]
[ error ] [8]未定义数组下标: 1

---------------------------------------------------------------
[ 2023-08-24T19:39:48+08:00 ] [ log ] at888.icu/99/?uc_sm=1&from=wh10331 [运行时间：0.011559s][吞吐率：86.51req/s] [内存消耗：1,865.45kb] [文件加载：51]
[ error ] [8]未定义数组下标: 1

---------------------------------------------------------------
[ 2023-08-24T19:39:50+08:00 ] [ log ] at888.icu/99/favicon.ico [运行时间：0.011450s][吞吐率：87.34req/s] [内存消耗：1,650.74kb] [文件加载：44]
[ error ] [8]未定义数组下标: 1

---------------------------------------------------------------
[ 2023-08-24T19:40:08+08:00 ] [ log ] at888.icu/99/index/open.html [运行时间：0.021626s][吞吐率：46.24req/s] [内存消耗：1,865.12kb] [文件加载：50]
[ error ] [8]未定义数组下标: 1

---------------------------------------------------------------
[ 2023-08-24T19:41:21+08:00 ] [ log ] at888.icu/99/index/open.html [运行时间：0.011393s][吞吐率：87.77req/s] [内存消耗：1,865.12kb] [文件加载：50]
[ error ] [8]未定义数组下标: 1

---------------------------------------------------------------
[ 2023-08-24T19:43:03+08:00 ] [ log ] at888.icu/99/favicon.ico [运行时间：0.009202s][吞吐率：108.67req/s] [内存消耗：1,650.74kb] [文件加载：44]
[ error ] [8]未定义数组下标: 1

---------------------------------------------------------------
[ 2023-08-24T19:56:18+08:00 ] [ log ] at1333.com/99/ [运行时间：0.039202s][吞吐率：25.51req/s] [内存消耗：1,865.34kb] [文件加载：51]
[ error ] [8]未定义数组下标: 1

---------------------------------------------------------------
[ 2023-08-24T19:56:20+08:00 ] [ log ] at1333.com/99/favicon.ico [运行时间：0.012685s][吞吐率：78.83req/s] [内存消耗：1,650.74kb] [文件加载：44]
[ error ] [8]未定义数组下标: 1

---------------------------------------------------------------
[ 2023-08-24T19:56:22+08:00 ] [ log ] at1333.com/99/index/open.html [运行时间：0.010761s][吞吐率：92.93req/s] [内存消耗：1,865.12kb] [文件加载：50]
[ error ] [8]未定义数组下标: 1

---------------------------------------------------------------
[ 2023-08-24T19:57:43+08:00 ] [ log ] at888.icu/99/ [运行时间：0.010744s][吞吐率：93.07req/s] [内存消耗：1,865.34kb] [文件加载：51]
[ error ] [8]未定义数组下标: 1

---------------------------------------------------------------
[ 2023-08-24T19:57:43+08:00 ] [ log ] at888.icu/99/?uc_sm=1&from=wh10331 [运行时间：0.015003s][吞吐率：66.65req/s] [内存消耗：1,865.98kb] [文件加载：51]
[ error ] [8]未定义数组下标: 1

---------------------------------------------------------------
[ 2023-08-24T19:57:44+08:00 ] [ log ] at888.icu/99/favicon.ico [运行时间：0.009669s][吞吐率：103.43req/s] [内存消耗：1,650.74kb] [文件加载：44]
[ error ] [8]未定义数组下标: 1

---------------------------------------------------------------
[ 2023-08-24T19:57:50+08:00 ] [ log ] at888.icu/99/index/open.html [运行时间：0.010890s][吞吐率：91.83req/s] [内存消耗：1,865.12kb] [文件加载：50]
[ error ] [8]未定义数组下标: 1

---------------------------------------------------------------
[ 2023-08-24T19:58:19+08:00 ] [ log ] at888.icu/99/?uc_sm=1&from=wh10331 [运行时间：0.041218s][吞吐率：24.26req/s] [内存消耗：1,865.45kb] [文件加载：51]
[ error ] [8]未定义数组下标: 1

---------------------------------------------------------------
[ 2023-08-24T19:58:19+08:00 ] [ log ] at888.icu/99/ [运行时间：0.011610s][吞吐率：86.13req/s] [内存消耗：1,864.80kb] [文件加载：51]
[ error ] [8]未定义数组下标: 1

---------------------------------------------------------------
[ 2023-08-24T19:58:19+08:00 ] [ log ] at888.icu/99/favicon.ico [运行时间：0.009833s][吞吐率：101.70req/s] [内存消耗：1,650.74kb] [文件加载：44]
[ error ] [8]未定义数组下标: 1

---------------------------------------------------------------
[ 2023-08-24T19:58:23+08:00 ] [ log ] at888.icu/99/index/open.html [运行时间：0.040745s][吞吐率：24.54req/s] [内存消耗：1,865.12kb] [文件加载：50]
[ error ] [8]未定义数组下标: 1

---------------------------------------------------------------
[ 2023-08-24T19:59:30+08:00 ] [ log ] at888.icu/99/ [运行时间：0.011887s][吞吐率：84.12req/s] [内存消耗：1,865.34kb] [文件加载：51]
[ error ] [8]未定义数组下标: 1

---------------------------------------------------------------
[ 2023-08-24T19:59:32+08:00 ] [ log ] at888.icu/99/favicon.ico [运行时间：0.009150s][吞吐率：109.29req/s] [内存消耗：1,650.74kb] [文件加载：44]
[ error ] [8]未定义数组下标: 1

---------------------------------------------------------------
[ 2023-08-24T19:59:34+08:00 ] [ log ] at888.icu/99/index/open.html [运行时间：0.010590s][吞吐率：94.43req/s] [内存消耗：1,865.12kb] [文件加载：50]
[ error ] [8]未定义数组下标: 1

---------------------------------------------------------------
[ 2023-08-24T20:31:07+08:00 ] [ log ] at888.icu/99/ [运行时间：0.010847s][吞吐率：92.19req/s] [内存消耗：1,865.34kb] [文件加载：51]
[ error ] [8]未定义数组下标: 1

---------------------------------------------------------------
[ 2023-08-24T20:31:08+08:00 ] [ log ] at888.icu/99/favicon.ico [运行时间：0.009741s][吞吐率：102.66req/s] [内存消耗：1,650.74kb] [文件加载：44]
[ error ] [8]未定义数组下标: 1

---------------------------------------------------------------
[ 2023-08-24T20:31:10+08:00 ] [ log ] at888.icu/99/index/open.html [运行时间：0.040572s][吞吐率：24.65req/s] [内存消耗：1,865.12kb] [文件加载：50]
[ error ] [8]未定义数组下标: 1

---------------------------------------------------------------
[ 2023-08-24T20:56:58+08:00 ] [ log ] at888.icu/99/?uc_sm=1 [运行时间：0.011050s][吞吐率：90.50req/s] [内存消耗：1,865.44kb] [文件加载：51]
[ error ] [8]未定义数组下标: 1

---------------------------------------------------------------
[ 2023-08-24T20:56:58+08:00 ] [ log ] at888.icu/99/ [运行时间：0.010731s][吞吐率：93.19req/s] [内存消耗：1,864.80kb] [文件加载：51]
[ error ] [8]未定义数组下标: 1

---------------------------------------------------------------
[ 2023-08-24T20:56:59+08:00 ] [ log ] at888.icu/99/favicon.ico [运行时间：0.009856s][吞吐率：101.46req/s] [内存消耗：1,650.74kb] [文件加载：44]
[ error ] [8]未定义数组下标: 1

---------------------------------------------------------------
[ 2023-08-24T20:57:04+08:00 ] [ log ] at888.icu/99/index/open.html [运行时间：0.011427s][吞吐率：87.51req/s] [内存消耗：1,865.12kb] [文件加载：50]
[ error ] [8]未定义数组下标: 1

---------------------------------------------------------------
[ 2023-08-24T21:45:29+08:00 ] [ log ] at888.icu/99/ [运行时间：0.017844s][吞吐率：56.04req/s] [内存消耗：1,865.34kb] [文件加载：51]
[ error ] [8]未定义数组下标: 1

---------------------------------------------------------------
[ 2023-08-24T21:45:30+08:00 ] [ log ] at888.icu/99/favicon.ico [运行时间：0.028748s][吞吐率：34.78req/s] [内存消耗：1,650.74kb] [文件加载：44]
[ error ] [8]未定义数组下标: 1

---------------------------------------------------------------
[ 2023-08-24T21:45:32+08:00 ] [ log ] at888.icu/99/index/open.html [运行时间：0.039511s][吞吐率：25.31req/s] [内存消耗：1,865.12kb] [文件加载：50]
[ error ] [8]未定义数组下标: 1

---------------------------------------------------------------
