[ 2023-08-25T04:20:26+08:00 ] [ log ] at666.icu/99/ [运行时间：0.011084s][吞吐率：90.22req/s] [内存消耗：1,865.34kb] [文件加载：51]
[ error ] [8]未定义数组下标: 1

---------------------------------------------------------------
[ 2023-08-25T04:21:00+08:00 ] [ log ] at666.icu/99/ [运行时间：0.011422s][吞吐率：87.55req/s] [内存消耗：1,865.34kb] [文件加载：51]
[ error ] [8]未定义数组下标: 1

---------------------------------------------------------------
[ 2023-08-25T04:21:01+08:00 ] [ log ] at666.icu/99/favicon.ico [运行时间：0.009436s][吞吐率：105.98req/s] [内存消耗：1,650.74kb] [文件加载：44]
[ error ] [8]未定义数组下标: 1

---------------------------------------------------------------
[ 2023-08-25T04:21:04+08:00 ] [ log ] at666.icu/99/index/open.html [运行时间：0.011332s][吞吐率：88.25req/s] [内存消耗：1,865.12kb] [文件加载：50]
[ error ] [8]未定义数组下标: 1

---------------------------------------------------------------
[ 2023-08-25T04:55:05+08:00 ] [ log ] at666.icu/99/ [运行时间：0.011566s][吞吐率：86.46req/s] [内存消耗：1,864.80kb] [文件加载：51]
[ error ] [8]未定义数组下标: 1

---------------------------------------------------------------
[ 2023-08-25T04:55:06+08:00 ] [ log ] at666.icu/99/favicon.ico [运行时间：0.010182s][吞吐率：98.21req/s] [内存消耗：1,650.74kb] [文件加载：44]
[ error ] [8]未定义数组下标: 1

---------------------------------------------------------------
[ 2023-08-25T04:55:08+08:00 ] [ log ] at666.icu/99/index/open.html [运行时间：0.011334s][吞吐率：88.23req/s] [内存消耗：1,865.12kb] [文件加载：50]
[ error ] [8]未定义数组下标: 1

---------------------------------------------------------------
[ 2023-08-25T04:55:21+08:00 ] [ log ] at666.icu/99/index/open.html [运行时间：0.032779s][吞吐率：30.51req/s] [内存消耗：1,865.12kb] [文件加载：50]
[ error ] [8]未定义数组下标: 1

---------------------------------------------------------------
[ 2023-08-25T04:55:39+08:00 ] [ log ] at666.icu/99/index/open.html [运行时间：0.010842s][吞吐率：92.24req/s] [内存消耗：1,865.12kb] [文件加载：50]
[ error ] [8]未定义数组下标: 1

---------------------------------------------------------------
[ 2023-08-25T04:57:01+08:00 ] [ log ] at666.icu/99/ [运行时间：0.011429s][吞吐率：87.50req/s] [内存消耗：1,864.80kb] [文件加载：51]
[ error ] [8]未定义数组下标: 1

---------------------------------------------------------------
[ 2023-08-25T04:57:02+08:00 ] [ log ] at666.icu/99/favicon.ico [运行时间：0.010297s][吞吐率：97.12req/s] [内存消耗：1,650.74kb] [文件加载：44]
[ error ] [8]未定义数组下标: 1

---------------------------------------------------------------
[ 2023-08-25T04:57:05+08:00 ] [ log ] at666.icu/99/index/open.html [运行时间：0.015343s][吞吐率：65.18req/s] [内存消耗：1,865.12kb] [文件加载：50]
[ error ] [8]未定义数组下标: 1

---------------------------------------------------------------
[ 2023-08-25T06:50:29+08:00 ] [ log ] at888.icu/99/ [运行时间：0.010957s][吞吐率：91.27req/s] [内存消耗：1,865.34kb] [文件加载：51]
[ error ] [8]未定义数组下标: 1

---------------------------------------------------------------
[ 2023-08-25T06:50:30+08:00 ] [ log ] at888.icu/99/favicon.ico [运行时间：0.013353s][吞吐率：74.89req/s] [内存消耗：1,650.74kb] [文件加载：44]
[ error ] [8]未定义数组下标: 1

---------------------------------------------------------------
[ 2023-08-25T06:50:33+08:00 ] [ log ] at888.icu/99/index/open.html [运行时间：0.011348s][吞吐率：88.12req/s] [内存消耗：1,865.12kb] [文件加载：50]
[ error ] [8]未定义数组下标: 1

---------------------------------------------------------------
[ 2023-08-25T09:42:47+08:00 ] [ log ] at888.icu/99/ [运行时间：0.011009s][吞吐率：90.83req/s] [内存消耗：1,865.34kb] [文件加载：51]
[ error ] [8]未定义数组下标: 1

---------------------------------------------------------------
[ 2023-08-25T09:42:49+08:00 ] [ log ] at888.icu/99/favicon.ico [运行时间：0.014081s][吞吐率：71.02req/s] [内存消耗：1,650.74kb] [文件加载：44]
[ error ] [8]未定义数组下标: 1

---------------------------------------------------------------
[ 2023-08-25T09:42:53+08:00 ] [ log ] at888.icu/99/index/open.html [运行时间：0.011346s][吞吐率：88.14req/s] [内存消耗：1,865.12kb] [文件加载：50]
[ error ] [8]未定义数组下标: 1

---------------------------------------------------------------
[ 2023-08-25T09:56:59+08:00 ] [ log ] at888.icu/99/ [运行时间：0.015981s][吞吐率：62.57req/s] [内存消耗：1,865.34kb] [文件加载：51]
[ error ] [8]未定义数组下标: 1

---------------------------------------------------------------
[ 2023-08-25T09:57:00+08:00 ] [ log ] at888.icu/99/favicon.ico [运行时间：0.010900s][吞吐率：91.74req/s] [内存消耗：1,650.74kb] [文件加载：44]
[ error ] [8]未定义数组下标: 1

---------------------------------------------------------------
[ 2023-08-25T09:57:03+08:00 ] [ log ] at888.icu/99/index/open.html [运行时间：0.014775s][吞吐率：67.68req/s] [内存消耗：1,865.12kb] [文件加载：50]
[ error ] [8]未定义数组下标: 1

---------------------------------------------------------------
[ 2023-08-25T10:31:50+08:00 ] [ log ] at888.icu/99/?uc_sm=1 [运行时间：0.010828s][吞吐率：92.35req/s] [内存消耗：1,865.97kb] [文件加载：51]
[ error ] [8]未定义数组下标: 1

---------------------------------------------------------------
[ 2023-08-25T10:31:50+08:00 ] [ log ] at888.icu/99/ [运行时间：0.010952s][吞吐率：91.31req/s] [内存消耗：1,865.34kb] [文件加载：51]
[ error ] [8]未定义数组下标: 1

---------------------------------------------------------------
[ 2023-08-25T10:31:53+08:00 ] [ log ] at888.icu/99/favicon.ico [运行时间：0.009509s][吞吐率：105.16req/s] [内存消耗：1,650.74kb] [文件加载：44]
[ error ] [8]未定义数组下标: 1

---------------------------------------------------------------
[ 2023-08-25T10:31:57+08:00 ] [ log ] at888.icu/99/index/open.html [运行时间：0.013596s][吞吐率：73.55req/s] [内存消耗：1,865.12kb] [文件加载：50]
[ error ] [8]未定义数组下标: 1

---------------------------------------------------------------
[ 2023-08-25T10:37:20+08:00 ] [ log ] at888.icu/99/ [运行时间：0.011077s][吞吐率：90.28req/s] [内存消耗：1,865.34kb] [文件加载：51]
[ error ] [8]未定义数组下标: 1

---------------------------------------------------------------
[ 2023-08-25T10:37:25+08:00 ] [ log ] at888.icu/99/index/open.html [运行时间：0.014173s][吞吐率：70.56req/s] [内存消耗：1,865.12kb] [文件加载：50]
[ error ] [8]未定义数组下标: 1

---------------------------------------------------------------
[ 2023-08-25T10:37:37+08:00 ] [ log ] at888.icu/99/index/open.html [运行时间：0.011196s][吞吐率：89.32req/s] [内存消耗：1,865.12kb] [文件加载：50]
[ error ] [8]未定义数组下标: 1

---------------------------------------------------------------
[ 2023-08-25T10:48:03+08:00 ] [ log ] at888.icu/99/ [运行时间：0.010612s][吞吐率：94.23req/s] [内存消耗：1,864.80kb] [文件加载：51]
[ error ] [8]未定义数组下标: 1

---------------------------------------------------------------
[ 2023-08-25T10:48:05+08:00 ] [ log ] at888.icu/99/favicon.ico [运行时间：0.009431s][吞吐率：106.03req/s] [内存消耗：1,650.74kb] [文件加载：44]
[ error ] [8]未定义数组下标: 1

---------------------------------------------------------------
[ 2023-08-25T10:55:13+08:00 ] [ log ] at888.icu/99/index/open.html [运行时间：0.010919s][吞吐率：91.58req/s] [内存消耗：1,865.12kb] [文件加载：50]
[ error ] [8]未定义数组下标: 1

---------------------------------------------------------------
[ 2023-08-25T10:55:14+08:00 ] [ log ] at888.icu/99/ [运行时间：0.013340s][吞吐率：74.96req/s] [内存消耗：1,864.80kb] [文件加载：51]
[ error ] [8]未定义数组下标: 1

---------------------------------------------------------------
[ 2023-08-25T10:55:37+08:00 ] [ log ] at888.icu/99/index/open.html [运行时间：0.018125s][吞吐率：55.17req/s] [内存消耗：1,865.12kb] [文件加载：50]
[ error ] [8]未定义数组下标: 1

---------------------------------------------------------------
[ 2023-08-25T11:03:32+08:00 ] [ log ] at888.icu/99/?uc_sm=1&from=wh10331 [运行时间：0.010921s][吞吐率：91.57req/s] [内存消耗：1,865.45kb] [文件加载：51]
[ error ] [8]未定义数组下标: 1

---------------------------------------------------------------
[ 2023-08-25T11:03:32+08:00 ] [ log ] at888.icu/99/ [运行时间：0.010770s][吞吐率：92.85req/s] [内存消耗：1,864.80kb] [文件加载：51]
[ error ] [8]未定义数组下标: 1

---------------------------------------------------------------
[ 2023-08-25T11:03:33+08:00 ] [ log ] at888.icu/99/favicon.ico [运行时间：0.012466s][吞吐率：80.22req/s] [内存消耗：1,650.74kb] [文件加载：44]
[ error ] [8]未定义数组下标: 1

---------------------------------------------------------------
[ 2023-08-25T11:03:35+08:00 ] [ log ] at888.icu/99/index/open.html [运行时间：0.011170s][吞吐率：89.52req/s] [内存消耗：1,865.12kb] [文件加载：50]
[ error ] [8]未定义数组下标: 1

---------------------------------------------------------------
[ 2023-08-25T11:28:01+08:00 ] [ log ] at888.icu/99/ [运行时间：0.010971s][吞吐率：91.15req/s] [内存消耗：1,865.34kb] [文件加载：51]
[ error ] [8]未定义数组下标: 1

---------------------------------------------------------------
[ 2023-08-25T11:28:02+08:00 ] [ log ] at888.icu/99/favicon.ico [运行时间：0.009475s][吞吐率：105.54req/s] [内存消耗：1,650.74kb] [文件加载：44]
[ error ] [8]未定义数组下标: 1

---------------------------------------------------------------
[ 2023-08-25T11:28:04+08:00 ] [ log ] at888.icu/99/index/open.html [运行时间：0.011216s][吞吐率：89.16req/s] [内存消耗：1,865.12kb] [文件加载：50]
[ error ] [8]未定义数组下标: 1

---------------------------------------------------------------
[ 2023-08-25T11:36:00+08:00 ] [ log ] at888.icu/99/ [运行时间：0.011763s][吞吐率：85.01req/s] [内存消耗：1,864.80kb] [文件加载：51]
[ error ] [8]未定义数组下标: 1

---------------------------------------------------------------
[ 2023-08-25T11:36:01+08:00 ] [ log ] at888.icu/99/favicon.ico [运行时间：0.013782s][吞吐率：72.56req/s] [内存消耗：1,650.74kb] [文件加载：44]
[ error ] [8]未定义数组下标: 1

---------------------------------------------------------------
[ 2023-08-25T11:36:03+08:00 ] [ log ] at888.icu/99/index/open.html [运行时间：0.012533s][吞吐率：79.79req/s] [内存消耗：1,865.12kb] [文件加载：50]
[ error ] [8]未定义数组下标: 1

---------------------------------------------------------------
[ 2023-08-25T11:45:59+08:00 ] [ log ] at888.icu/99/ [运行时间：0.010981s][吞吐率：91.07req/s] [内存消耗：1,864.80kb] [文件加载：51]
[ error ] [8]未定义数组下标: 1

---------------------------------------------------------------
[ 2023-08-25T11:46:00+08:00 ] [ log ] at888.icu/99/favicon.ico [运行时间：0.016572s][吞吐率：60.34req/s] [内存消耗：1,650.74kb] [文件加载：44]
[ error ] [8]未定义数组下标: 1

---------------------------------------------------------------
[ 2023-08-25T11:46:01+08:00 ] [ log ] at888.icu/99/index/open.html [运行时间：0.011560s][吞吐率：86.51req/s] [内存消耗：1,865.12kb] [文件加载：50]
[ error ] [8]未定义数组下标: 1

---------------------------------------------------------------
[ 2023-08-25T12:01:52+08:00 ] [ log ] at888.icu/99/ [运行时间：0.011386s][吞吐率：87.83req/s] [内存消耗：1,864.80kb] [文件加载：51]
[ error ] [8]未定义数组下标: 1

---------------------------------------------------------------
[ 2023-08-25T12:01:53+08:00 ] [ log ] at888.icu/99/favicon.ico [运行时间：0.010079s][吞吐率：99.22req/s] [内存消耗：1,650.74kb] [文件加载：44]
[ error ] [8]未定义数组下标: 1

---------------------------------------------------------------
[ 2023-08-25T12:44:22+08:00 ] [ log ] at888.icu/99/ [运行时间：0.020938s][吞吐率：47.76req/s] [内存消耗：1,865.34kb] [文件加载：51]
[ error ] [8]未定义数组下标: 1

---------------------------------------------------------------
[ 2023-08-25T12:44:22+08:00 ] [ log ] at888.icu/99/favicon.ico [运行时间：0.010015s][吞吐率：99.85req/s] [内存消耗：1,650.74kb] [文件加载：44]
[ error ] [8]未定义数组下标: 1

---------------------------------------------------------------
[ 2023-08-25T12:44:24+08:00 ] [ log ] at888.icu/99/index/open.html [运行时间：0.015190s][吞吐率：65.83req/s] [内存消耗：1,865.12kb] [文件加载：50]
[ error ] [8]未定义数组下标: 1

---------------------------------------------------------------
[ 2023-08-25T13:31:38+08:00 ] [ log ] at1666.com/99/ [运行时间：0.012719s][吞吐率：78.62req/s] [内存消耗：1,865.34kb] [文件加载：51]
[ error ] [8]未定义数组下标: 1

---------------------------------------------------------------
[ 2023-08-25T13:31:42+08:00 ] [ log ] at1666.com/99/favicon.ico [运行时间：0.015824s][吞吐率：63.19req/s] [内存消耗：1,650.74kb] [文件加载：44]
[ error ] [8]未定义数组下标: 1

---------------------------------------------------------------
[ 2023-08-25T13:31:45+08:00 ] [ log ] at1666.com/99/index/open.html [运行时间：0.015632s][吞吐率：63.97req/s] [内存消耗：1,865.12kb] [文件加载：50]
[ error ] [8]未定义数组下标: 1

---------------------------------------------------------------
[ 2023-08-25T13:39:20+08:00 ] [ log ] at888.icu/99/ [运行时间：0.011048s][吞吐率：90.52req/s] [内存消耗：1,865.34kb] [文件加载：51]
[ error ] [8]未定义数组下标: 1

---------------------------------------------------------------
[ 2023-08-25T13:39:21+08:00 ] [ log ] at888.icu/99/favicon.ico [运行时间：0.012370s][吞吐率：80.84req/s] [内存消耗：1,650.74kb] [文件加载：44]
[ error ] [8]未定义数组下标: 1

---------------------------------------------------------------
[ 2023-08-25T13:39:25+08:00 ] [ log ] at888.icu/99/index/open.html [运行时间：0.011245s][吞吐率：88.93req/s] [内存消耗：1,865.12kb] [文件加载：50]
[ error ] [8]未定义数组下标: 1

---------------------------------------------------------------
[ 2023-08-25T15:06:29+08:00 ] [ log ] at888.icu/99/ [运行时间：0.014686s][吞吐率：68.09req/s] [内存消耗：1,865.34kb] [文件加载：51]
[ error ] [8]未定义数组下标: 1

---------------------------------------------------------------
[ 2023-08-25T15:06:33+08:00 ] [ log ] at888.icu/99/index/open.html [运行时间：0.011520s][吞吐率：86.81req/s] [内存消耗：1,865.12kb] [文件加载：50]
[ error ] [8]未定义数组下标: 1

---------------------------------------------------------------
[ 2023-08-25T15:35:07+08:00 ] [ log ] at444.icu/99/ [运行时间：0.011017s][吞吐率：90.77req/s] [内存消耗：1,865.34kb] [文件加载：51]
[ error ] [8]未定义数组下标: 1

---------------------------------------------------------------
[ 2023-08-25T15:35:08+08:00 ] [ log ] at444.icu/99/favicon.ico [运行时间：0.009455s][吞吐率：105.76req/s] [内存消耗：1,650.74kb] [文件加载：44]
[ error ] [8]未定义数组下标: 1

---------------------------------------------------------------
[ 2023-08-25T15:35:11+08:00 ] [ log ] at444.icu/99/index/open.html [运行时间：0.014994s][吞吐率：66.69req/s] [内存消耗：1,865.12kb] [文件加载：50]
[ error ] [8]未定义数组下标: 1

---------------------------------------------------------------
[ 2023-08-25T15:35:49+08:00 ] [ log ] at555.icu/99/home [运行时间：0.011186s][吞吐率：89.40req/s] [内存消耗：1,651.21kb] [文件加载：44]
[ error ] [8]未定义数组下标: 1

---------------------------------------------------------------
[ 2023-08-25T15:36:00+08:00 ] [ log ] at444.icu/99/ [运行时间：0.033334s][吞吐率：30.00req/s] [内存消耗：1,864.80kb] [文件加载：51]
[ error ] [8]未定义数组下标: 1

---------------------------------------------------------------
[ 2023-08-25T15:36:22+08:00 ] [ log ] at666.icu/99/ [运行时间：0.010839s][吞吐率：92.26req/s] [内存消耗：1,865.34kb] [文件加载：51]
[ error ] [8]未定义数组下标: 1

---------------------------------------------------------------
[ 2023-08-25T15:36:23+08:00 ] [ log ] at666.icu/99/favicon.ico [运行时间：0.029210s][吞吐率：34.23req/s] [内存消耗：1,650.74kb] [文件加载：44]
[ error ] [8]未定义数组下标: 1

---------------------------------------------------------------
[ 2023-08-25T15:36:25+08:00 ] [ log ] at666.icu/99/index/open.html [运行时间：0.017173s][吞吐率：58.23req/s] [内存消耗：1,865.12kb] [文件加载：50]
[ error ] [8]未定义数组下标: 1

---------------------------------------------------------------
[ 2023-08-25T15:41:49+08:00 ] [ log ] at222.icu/99/ [运行时间：0.010911s][吞吐率：91.65req/s] [内存消耗：1,865.34kb] [文件加载：51]
[ error ] [8]未定义数组下标: 1

---------------------------------------------------------------
[ 2023-08-25T15:41:50+08:00 ] [ log ] at222.icu/99/favicon.ico [运行时间：0.010125s][吞吐率：98.77req/s] [内存消耗：1,650.74kb] [文件加载：44]
[ error ] [8]未定义数组下标: 1

---------------------------------------------------------------
[ 2023-08-25T15:41:53+08:00 ] [ log ] at222.icu/99/index/open.html [运行时间：0.011539s][吞吐率：86.66req/s] [内存消耗：1,865.12kb] [文件加载：50]
[ error ] [8]未定义数组下标: 1

---------------------------------------------------------------
[ 2023-08-25T15:41:58+08:00 ] [ log ] at222.icu/99/ [运行时间：0.011494s][吞吐率：87.00req/s] [内存消耗：1,864.80kb] [文件加载：51]
[ error ] [8]未定义数组下标: 1

---------------------------------------------------------------
[ 2023-08-25T16:57:26+08:00 ] [ log ] at888.icu/99/ [运行时间：0.017027s][吞吐率：58.73req/s] [内存消耗：1,865.34kb] [文件加载：51]
[ error ] [8]未定义数组下标: 1

---------------------------------------------------------------
[ 2023-08-25T16:57:29+08:00 ] [ log ] at888.icu/99/index/open.html [运行时间：0.015342s][吞吐率：65.18req/s] [内存消耗：1,865.12kb] [文件加载：50]
[ error ] [8]未定义数组下标: 1

---------------------------------------------------------------
[ 2023-08-25T17:22:26+08:00 ] [ log ] at888.icu/99/index/open.html [运行时间：0.012523s][吞吐率：79.85req/s] [内存消耗：1,865.12kb] [文件加载：50]
[ error ] [8]未定义数组下标: 1

---------------------------------------------------------------
[ 2023-08-25T17:22:26+08:00 ] [ log ] at888.icu/99/index/open.html [运行时间：0.014963s][吞吐率：66.83req/s] [内存消耗：1,865.12kb] [文件加载：50]
[ error ] [8]未定义数组下标: 1

---------------------------------------------------------------
[ 2023-08-25T17:24:36+08:00 ] [ log ] at888.icu/99/ [运行时间：0.011429s][吞吐率：87.50req/s] [内存消耗：1,864.80kb] [文件加载：51]
[ error ] [8]未定义数组下标: 1

---------------------------------------------------------------
[ 2023-08-25T17:25:04+08:00 ] [ log ] at888.icu/99/index/open.html [运行时间：0.010826s][吞吐率：92.37req/s] [内存消耗：1,865.12kb] [文件加载：50]
[ error ] [8]未定义数组下标: 1

---------------------------------------------------------------
[ 2023-08-25T17:42:08+08:00 ] [ log ] at888.icu/99/ [运行时间：0.010712s][吞吐率：93.35req/s] [内存消耗：1,864.80kb] [文件加载：51]
[ error ] [8]未定义数组下标: 1

---------------------------------------------------------------
[ 2023-08-25T17:42:11+08:00 ] [ log ] at888.icu/99/index/open.html [运行时间：0.034610s][吞吐率：28.89req/s] [内存消耗：1,865.12kb] [文件加载：50]
[ error ] [8]未定义数组下标: 1

---------------------------------------------------------------
[ 2023-08-25T17:44:23+08:00 ] [ log ] at888.icu/99/ [运行时间：0.012685s][吞吐率：78.83req/s] [内存消耗：1,865.34kb] [文件加载：51]
[ error ] [8]未定义数组下标: 1

---------------------------------------------------------------
[ 2023-08-25T17:44:24+08:00 ] [ log ] at888.icu/99/favicon.ico [运行时间：0.018568s][吞吐率：53.86req/s] [内存消耗：1,650.74kb] [文件加载：44]
[ error ] [8]未定义数组下标: 1

---------------------------------------------------------------
[ 2023-08-25T17:44:27+08:00 ] [ log ] at888.icu/99/index/open.html [运行时间：0.019296s][吞吐率：51.82req/s] [内存消耗：1,865.12kb] [文件加载：50]
[ error ] [8]未定义数组下标: 1

---------------------------------------------------------------
[ 2023-08-25T17:49:50+08:00 ] [ log ] at888.icu/99/?uc_sm=1&from=wh10331 [运行时间：0.015176s][吞吐率：65.89req/s] [内存消耗：1,865.98kb] [文件加载：51]
[ error ] [8]未定义数组下标: 1

---------------------------------------------------------------
[ 2023-08-25T17:49:50+08:00 ] [ log ] at888.icu/99/ [运行时间：0.015834s][吞吐率：63.16req/s] [内存消耗：1,865.34kb] [文件加载：51]
[ error ] [8]未定义数组下标: 1

---------------------------------------------------------------
[ 2023-08-25T17:49:51+08:00 ] [ log ] at888.icu/99/favicon.ico [运行时间：0.017524s][吞吐率：57.06req/s] [内存消耗：1,650.74kb] [文件加载：44]
[ error ] [8]未定义数组下标: 1

---------------------------------------------------------------
[ 2023-08-25T17:49:52+08:00 ] [ log ] at888.icu/99/index/open.html [运行时间：0.011410s][吞吐率：87.64req/s] [内存消耗：1,865.12kb] [文件加载：50]
[ error ] [8]未定义数组下标: 1

---------------------------------------------------------------
[ 2023-08-25T17:52:11+08:00 ] [ log ] at666.icu/99/ [运行时间：0.010834s][吞吐率：92.30req/s] [内存消耗：1,865.34kb] [文件加载：51]
[ error ] [8]未定义数组下标: 1

---------------------------------------------------------------
[ 2023-08-25T17:52:12+08:00 ] [ log ] at666.icu/99/favicon.ico [运行时间：0.009504s][吞吐率：105.22req/s] [内存消耗：1,650.74kb] [文件加载：44]
[ error ] [8]未定义数组下标: 1

---------------------------------------------------------------
[ 2023-08-25T17:52:24+08:00 ] [ log ] at666.icu/99/index/open.html [运行时间：0.017727s][吞吐率：56.41req/s] [内存消耗：1,865.12kb] [文件加载：50]
[ error ] [8]未定义数组下标: 1

---------------------------------------------------------------
[ 2023-08-25T18:00:28+08:00 ] [ log ] at888.icu/99/?uc_sm=1&from=wh10331 [运行时间：0.011021s][吞吐率：90.73req/s] [内存消耗：1,865.45kb] [文件加载：51]
[ error ] [8]未定义数组下标: 1

---------------------------------------------------------------
[ 2023-08-25T18:00:28+08:00 ] [ log ] at888.icu/99/ [运行时间：0.014787s][吞吐率：67.63req/s] [内存消耗：1,864.80kb] [文件加载：51]
[ error ] [8]未定义数组下标: 1

---------------------------------------------------------------
[ 2023-08-25T18:00:29+08:00 ] [ log ] at888.icu/99/favicon.ico [运行时间：0.009875s][吞吐率：101.27req/s] [内存消耗：1,650.74kb] [文件加载：44]
[ error ] [8]未定义数组下标: 1

---------------------------------------------------------------
[ 2023-08-25T18:00:31+08:00 ] [ log ] at888.icu/99/index/open.html [运行时间：0.010524s][吞吐率：95.02req/s] [内存消耗：1,865.12kb] [文件加载：50]
[ error ] [8]未定义数组下标: 1

---------------------------------------------------------------
[ 2023-08-25T18:13:43+08:00 ] [ log ] at666.icu/99/ [运行时间：0.010944s][吞吐率：91.37req/s] [内存消耗：1,865.34kb] [文件加载：51]
[ error ] [8]未定义数组下标: 1

---------------------------------------------------------------
[ 2023-08-25T18:13:47+08:00 ] [ log ] at666.icu/99/index/open.html [运行时间：0.040685s][吞吐率：24.58req/s] [内存消耗：1,865.12kb] [文件加载：50]
[ error ] [8]未定义数组下标: 1

---------------------------------------------------------------
[ 2023-08-25T18:26:17+08:00 ] [ log ] at888.icu/99/index/open.html [运行时间：0.010493s][吞吐率：95.30req/s] [内存消耗：1,865.66kb] [文件加载：50]
[ error ] [8]未定义数组下标: 1

---------------------------------------------------------------
[ 2023-08-25T18:26:17+08:00 ] [ log ] at888.icu/99/ [运行时间：0.023350s][吞吐率：42.83req/s] [内存消耗：1,864.80kb] [文件加载：51]
[ error ] [8]未定义数组下标: 1

---------------------------------------------------------------
[ 2023-08-25T18:26:23+08:00 ] [ log ] at888.icu/99/index/open.html [运行时间：0.010732s][吞吐率：93.18req/s] [内存消耗：1,865.12kb] [文件加载：50]
[ error ] [8]未定义数组下标: 1

---------------------------------------------------------------
[ 2023-08-25T18:45:46+08:00 ] [ log ] at888.icu/99/ [运行时间：0.020246s][吞吐率：49.39req/s] [内存消耗：1,865.34kb] [文件加载：51]
[ error ] [8]未定义数组下标: 1

---------------------------------------------------------------
[ 2023-08-25T18:57:08+08:00 ] [ log ] at888.icu/99/ [运行时间：0.011415s][吞吐率：87.60req/s] [内存消耗：1,865.34kb] [文件加载：51]
[ error ] [8]未定义数组下标: 1

---------------------------------------------------------------
[ 2023-08-25T18:57:10+08:00 ] [ log ] at888.icu/99/favicon.ico [运行时间：0.009576s][吞吐率：104.43req/s] [内存消耗：1,650.74kb] [文件加载：44]
[ error ] [8]未定义数组下标: 1

---------------------------------------------------------------
[ 2023-08-25T18:57:16+08:00 ] [ log ] at888.icu/99/index/open.html [运行时间：0.010950s][吞吐率：91.33req/s] [内存消耗：1,865.12kb] [文件加载：50]
[ error ] [8]未定义数组下标: 1

---------------------------------------------------------------
[ 2023-08-25T19:27:18+08:00 ] [ log ] at888.icu/99/ [运行时间：0.011364s][吞吐率：88.00req/s] [内存消耗：1,865.34kb] [文件加载：51]
[ error ] [8]未定义数组下标: 1

---------------------------------------------------------------
[ 2023-08-25T19:27:18+08:00 ] [ log ] at888.icu/99/favicon.ico [运行时间：0.010193s][吞吐率：98.11req/s] [内存消耗：1,650.74kb] [文件加载：44]
[ error ] [8]未定义数组下标: 1

---------------------------------------------------------------
[ 2023-08-25T19:27:21+08:00 ] [ log ] at888.icu/99/index/open.html [运行时间：0.010909s][吞吐率：91.67req/s] [内存消耗：1,865.12kb] [文件加载：50]
[ error ] [8]未定义数组下标: 1

---------------------------------------------------------------
[ 2023-08-25T19:27:30+08:00 ] [ log ] at888.icu/99/index/open.html [运行时间：0.010709s][吞吐率：93.38req/s] [内存消耗：1,865.12kb] [文件加载：50]
[ error ] [8]未定义数组下标: 1

---------------------------------------------------------------
[ 2023-08-25T19:27:38+08:00 ] [ log ] at888.icu/99/index/open.html [运行时间：0.017462s][吞吐率：57.27req/s] [内存消耗：1,865.12kb] [文件加载：50]
[ error ] [8]未定义数组下标: 1

---------------------------------------------------------------
[ 2023-08-25T19:29:04+08:00 ] [ log ] at888.icu/99/ [运行时间：0.011320s][吞吐率：88.34req/s] [内存消耗：1,864.80kb] [文件加载：51]
[ error ] [8]未定义数组下标: 1

---------------------------------------------------------------
[ 2023-08-25T19:29:05+08:00 ] [ log ] at888.icu/99/favicon.ico [运行时间：0.013217s][吞吐率：75.66req/s] [内存消耗：1,650.74kb] [文件加载：44]
[ error ] [8]未定义数组下标: 1

---------------------------------------------------------------
[ 2023-08-25T19:29:08+08:00 ] [ log ] at888.icu/99/index/open.html [运行时间：0.011114s][吞吐率：89.98req/s] [内存消耗：1,865.12kb] [文件加载：50]
[ error ] [8]未定义数组下标: 1

---------------------------------------------------------------
[ 2023-08-25T19:29:58+08:00 ] [ log ] at888.icu/99/index/open.html [运行时间：0.010567s][吞吐率：94.63req/s] [内存消耗：1,865.12kb] [文件加载：50]
[ error ] [8]未定义数组下标: 1

---------------------------------------------------------------
[ 2023-08-25T19:30:08+08:00 ] [ log ] at888.icu/99/index/open.html [运行时间：0.010875s][吞吐率：91.95req/s] [内存消耗：1,865.12kb] [文件加载：50]
[ error ] [8]未定义数组下标: 1

---------------------------------------------------------------
[ 2023-08-25T19:34:13+08:00 ] [ log ] at888.icu/99/ [运行时间：0.017768s][吞吐率：56.28req/s] [内存消耗：1,865.34kb] [文件加载：51]
[ error ] [8]未定义数组下标: 1

---------------------------------------------------------------
[ 2023-08-25T19:34:16+08:00 ] [ log ] at888.icu/99/favicon.ico [运行时间：0.013693s][吞吐率：73.03req/s] [内存消耗：1,650.74kb] [文件加载：44]
[ error ] [8]未定义数组下标: 1

---------------------------------------------------------------
[ 2023-08-25T19:34:18+08:00 ] [ log ] at888.icu/99/index/open.html [运行时间：0.010750s][吞吐率：93.02req/s] [内存消耗：1,865.12kb] [文件加载：50]
[ error ] [8]未定义数组下标: 1

---------------------------------------------------------------
[ 2023-08-25T19:35:08+08:00 ] [ log ] at888.icu/99/ [运行时间：0.010869s][吞吐率：92.00req/s] [内存消耗：1,865.34kb] [文件加载：51]
[ error ] [8]未定义数组下标: 1

---------------------------------------------------------------
[ 2023-08-25T19:35:45+08:00 ] [ log ] at888.icu/99/ [运行时间：0.030219s][吞吐率：33.09req/s] [内存消耗：1,864.80kb] [文件加载：51]
[ error ] [8]未定义数组下标: 1

---------------------------------------------------------------
[ 2023-08-25T19:35:47+08:00 ] [ log ] at888.icu/99/favicon.ico [运行时间：0.013531s][吞吐率：73.90req/s] [内存消耗：1,650.74kb] [文件加载：44]
[ error ] [8]未定义数组下标: 1

---------------------------------------------------------------
[ 2023-08-25T19:35:49+08:00 ] [ log ] at888.icu/99/index/open.html [运行时间：0.017511s][吞吐率：57.11req/s] [内存消耗：1,865.12kb] [文件加载：50]
[ error ] [8]未定义数组下标: 1

---------------------------------------------------------------
[ 2023-08-25T19:40:40+08:00 ] [ log ] at888.icu/99/ [运行时间：0.039094s][吞吐率：25.58req/s] [内存消耗：1,864.80kb] [文件加载：51]
[ error ] [8]未定义数组下标: 1

---------------------------------------------------------------
[ 2023-08-25T19:40:41+08:00 ] [ log ] at888.icu/99/favicon.ico [运行时间：0.028181s][吞吐率：35.48req/s] [内存消耗：1,650.74kb] [文件加载：44]
[ error ] [8]未定义数组下标: 1

---------------------------------------------------------------
[ 2023-08-25T19:40:43+08:00 ] [ log ] at888.icu/99/index/open.html [运行时间：0.012422s][吞吐率：80.50req/s] [内存消耗：1,865.12kb] [文件加载：50]
[ error ] [8]未定义数组下标: 1

---------------------------------------------------------------
[ 2023-08-25T19:41:41+08:00 ] [ log ] at888.icu/99/ [运行时间：0.010763s][吞吐率：92.91req/s] [内存消耗：1,864.80kb] [文件加载：51]
[ error ] [8]未定义数组下标: 1

---------------------------------------------------------------
[ 2023-08-25T19:41:42+08:00 ] [ log ] at888.icu/99/favicon.ico [运行时间：0.011106s][吞吐率：90.04req/s] [内存消耗：1,650.74kb] [文件加载：44]
[ error ] [8]未定义数组下标: 1

---------------------------------------------------------------
[ 2023-08-25T19:41:44+08:00 ] [ log ] at888.icu/99/index/open.html [运行时间：0.019560s][吞吐率：51.12req/s] [内存消耗：1,865.12kb] [文件加载：50]
[ error ] [8]未定义数组下标: 1

---------------------------------------------------------------
[ 2023-08-25T19:42:48+08:00 ] [ log ] at888.icu/99/ [运行时间：0.028298s][吞吐率：35.34req/s] [内存消耗：1,864.80kb] [文件加载：51]
[ error ] [8]未定义数组下标: 1

---------------------------------------------------------------
[ 2023-08-25T19:42:51+08:00 ] [ log ] at888.icu/99/index/open.html [运行时间：0.014079s][吞吐率：71.03req/s] [内存消耗：1,865.12kb] [文件加载：50]
[ error ] [8]未定义数组下标: 1

---------------------------------------------------------------
[ 2023-08-25T19:43:46+08:00 ] [ log ] at888.icu/99/ [运行时间：0.011550s][吞吐率：86.58req/s] [内存消耗：1,864.80kb] [文件加载：51]
[ error ] [8]未定义数组下标: 1

---------------------------------------------------------------
[ 2023-08-25T19:43:47+08:00 ] [ log ] at888.icu/99/favicon.ico [运行时间：0.009542s][吞吐率：104.80req/s] [内存消耗：1,650.74kb] [文件加载：44]
[ error ] [8]未定义数组下标: 1

---------------------------------------------------------------
[ 2023-08-25T19:43:49+08:00 ] [ log ] at888.icu/99/index/open.html [运行时间：0.011354s][吞吐率：88.07req/s] [内存消耗：1,865.12kb] [文件加载：50]
[ error ] [8]未定义数组下标: 1

---------------------------------------------------------------
[ 2023-08-25T19:46:03+08:00 ] [ log ] at888.icu/99/ [运行时间：0.011474s][吞吐率：87.15req/s] [内存消耗：1,864.80kb] [文件加载：51]
[ error ] [8]未定义数组下标: 1

---------------------------------------------------------------
[ 2023-08-25T19:46:03+08:00 ] [ log ] at888.icu/99/favicon.ico [运行时间：0.009561s][吞吐率：104.59req/s] [内存消耗：1,650.74kb] [文件加载：44]
[ error ] [8]未定义数组下标: 1

---------------------------------------------------------------
[ 2023-08-25T19:46:05+08:00 ] [ log ] at888.icu/99/index/open.html [运行时间：0.010833s][吞吐率：92.31req/s] [内存消耗：1,865.12kb] [文件加载：50]
[ error ] [8]未定义数组下标: 1

---------------------------------------------------------------
[ 2023-08-25T19:47:44+08:00 ] [ log ] at888.icu/99/ [运行时间：0.016821s][吞吐率：59.45req/s] [内存消耗：1,864.80kb] [文件加载：51]
[ error ] [8]未定义数组下标: 1

---------------------------------------------------------------
[ 2023-08-25T19:47:44+08:00 ] [ log ] at888.icu/99/favicon.ico [运行时间：0.009730s][吞吐率：102.77req/s] [内存消耗：1,650.74kb] [文件加载：44]
[ error ] [8]未定义数组下标: 1

---------------------------------------------------------------
[ 2023-08-25T19:47:46+08:00 ] [ log ] at888.icu/99/index/open.html [运行时间：0.014140s][吞吐率：70.72req/s] [内存消耗：1,865.12kb] [文件加载：50]
[ error ] [8]未定义数组下标: 1

---------------------------------------------------------------
[ 2023-08-25T19:48:10+08:00 ] [ log ] at888.icu/99/ [运行时间：0.010823s][吞吐率：92.40req/s] [内存消耗：1,864.80kb] [文件加载：51]
[ error ] [8]未定义数组下标: 1

---------------------------------------------------------------
[ 2023-08-25T19:48:11+08:00 ] [ log ] at888.icu/99/favicon.ico [运行时间：0.009271s][吞吐率：107.86req/s] [内存消耗：1,650.74kb] [文件加载：44]
[ error ] [8]未定义数组下标: 1

---------------------------------------------------------------
[ 2023-08-25T19:48:18+08:00 ] [ log ] at888.icu/99/index/open.html [运行时间：0.013718s][吞吐率：72.90req/s] [内存消耗：1,865.12kb] [文件加载：50]
[ error ] [8]未定义数组下标: 1

---------------------------------------------------------------
[ 2023-08-25T19:49:11+08:00 ] [ log ] at888.icu/99/ [运行时间：0.011019s][吞吐率：90.75req/s] [内存消耗：1,864.80kb] [文件加载：51]
[ error ] [8]未定义数组下标: 1

---------------------------------------------------------------
[ 2023-08-25T19:49:12+08:00 ] [ log ] at888.icu/99/favicon.ico [运行时间：0.010119s][吞吐率：98.82req/s] [内存消耗：1,650.74kb] [文件加载：44]
[ error ] [8]未定义数组下标: 1

---------------------------------------------------------------
[ 2023-08-25T19:49:15+08:00 ] [ log ] at888.icu/99/index/open.html [运行时间：0.010677s][吞吐率：93.66req/s] [内存消耗：1,865.12kb] [文件加载：50]
[ error ] [8]未定义数组下标: 1

---------------------------------------------------------------
[ 2023-08-25T19:52:37+08:00 ] [ log ] at888.icu/99/ [运行时间：0.018252s][吞吐率：54.79req/s] [内存消耗：1,864.80kb] [文件加载：51]
[ error ] [8]未定义数组下标: 1

---------------------------------------------------------------
[ 2023-08-25T19:52:37+08:00 ] [ log ] at888.icu/99/ [运行时间：0.012931s][吞吐率：77.33req/s] [内存消耗：1,864.80kb] [文件加载：51]
[ error ] [8]未定义数组下标: 1

---------------------------------------------------------------
[ 2023-08-25T19:52:39+08:00 ] [ log ] at888.icu/99/favicon.ico [运行时间：0.009861s][吞吐率：101.41req/s] [内存消耗：1,650.74kb] [文件加载：44]
[ error ] [8]未定义数组下标: 1

---------------------------------------------------------------
[ 2023-08-25T19:52:41+08:00 ] [ log ] at888.icu/99/index/open.html [运行时间：0.037314s][吞吐率：26.80req/s] [内存消耗：1,865.12kb] [文件加载：50]
[ error ] [8]未定义数组下标: 1

---------------------------------------------------------------
[ 2023-08-25T20:02:33+08:00 ] [ log ] at888.icu/99/ [运行时间：0.023520s][吞吐率：42.52req/s] [内存消耗：1,865.34kb] [文件加载：51]
[ error ] [8]未定义数组下标: 1

---------------------------------------------------------------
[ 2023-08-25T20:02:34+08:00 ] [ log ] at888.icu/99/favicon.ico [运行时间：0.035629s][吞吐率：28.07req/s] [内存消耗：1,650.74kb] [文件加载：44]
[ error ] [8]未定义数组下标: 1

---------------------------------------------------------------
[ 2023-08-25T20:02:36+08:00 ] [ log ] at888.icu/99/index/open.html [运行时间：0.010837s][吞吐率：92.28req/s] [内存消耗：1,865.12kb] [文件加载：50]
[ error ] [8]未定义数组下标: 1

---------------------------------------------------------------
[ 2023-08-25T20:03:14+08:00 ] [ log ] at888.icu/99/ [运行时间：0.011347s][吞吐率：88.13req/s] [内存消耗：1,864.80kb] [文件加载：51]
[ error ] [8]未定义数组下标: 1

---------------------------------------------------------------
[ 2023-08-25T20:03:14+08:00 ] [ log ] at888.icu/99/favicon.ico [运行时间：0.009373s][吞吐率：106.69req/s] [内存消耗：1,650.74kb] [文件加载：44]
[ error ] [8]未定义数组下标: 1

---------------------------------------------------------------
[ 2023-08-25T20:03:19+08:00 ] [ log ] at888.icu/99/index/open.html [运行时间：0.017737s][吞吐率：56.38req/s] [内存消耗：1,865.12kb] [文件加载：50]
[ error ] [8]未定义数组下标: 1

---------------------------------------------------------------
[ 2023-08-25T20:03:59+08:00 ] [ log ] at888.icu/99/favicon.ico [运行时间：0.022359s][吞吐率：44.72req/s] [内存消耗：1,651.28kb] [文件加载：44]
[ error ] [8]未定义数组下标: 1

---------------------------------------------------------------
[ 2023-08-25T20:04:53+08:00 ] [ log ] at888.icu/99/ [运行时间：0.015892s][吞吐率：62.92req/s] [内存消耗：1,864.80kb] [文件加载：51]
[ error ] [8]未定义数组下标: 1

---------------------------------------------------------------
[ 2023-08-25T20:04:54+08:00 ] [ log ] at888.icu/99/favicon.ico [运行时间：0.010055s][吞吐率：99.45req/s] [内存消耗：1,650.74kb] [文件加载：44]
[ error ] [8]未定义数组下标: 1

---------------------------------------------------------------
[ 2023-08-25T20:04:58+08:00 ] [ log ] at888.icu/99/index/open.html [运行时间：0.014560s][吞吐率：68.68req/s] [内存消耗：1,865.12kb] [文件加载：50]
[ error ] [8]未定义数组下标: 1

---------------------------------------------------------------
[ 2023-08-25T20:07:27+08:00 ] [ log ] at888.icu/99/ [运行时间：0.011041s][吞吐率：90.57req/s] [内存消耗：1,864.80kb] [文件加载：51]
[ error ] [8]未定义数组下标: 1

---------------------------------------------------------------
[ 2023-08-25T20:07:27+08:00 ] [ log ] at888.icu/99/favicon.ico [运行时间：0.009341s][吞吐率：107.05req/s] [内存消耗：1,650.74kb] [文件加载：44]
[ error ] [8]未定义数组下标: 1

---------------------------------------------------------------
[ 2023-08-25T20:07:29+08:00 ] [ log ] at888.icu/99/index/open.html [运行时间：0.025237s][吞吐率：39.62req/s] [内存消耗：1,865.12kb] [文件加载：50]
[ error ] [8]未定义数组下标: 1

---------------------------------------------------------------
[ 2023-08-25T20:08:57+08:00 ] [ log ] at888.icu/99/ [运行时间：0.015102s][吞吐率：66.22req/s] [内存消耗：1,864.80kb] [文件加载：51]
[ error ] [8]未定义数组下标: 1

---------------------------------------------------------------
[ 2023-08-25T20:08:58+08:00 ] [ log ] at888.icu/99/favicon.ico [运行时间：0.009527s][吞吐率：104.97req/s] [内存消耗：1,650.74kb] [文件加载：44]
[ error ] [8]未定义数组下标: 1

---------------------------------------------------------------
[ 2023-08-25T20:09:00+08:00 ] [ log ] at888.icu/99/index/open.html [运行时间：0.013449s][吞吐率：74.36req/s] [内存消耗：1,865.12kb] [文件加载：50]
[ error ] [8]未定义数组下标: 1

---------------------------------------------------------------
[ 2023-08-25T20:10:48+08:00 ] [ log ] at888.icu/99/ [运行时间：0.011189s][吞吐率：89.37req/s] [内存消耗：1,864.80kb] [文件加载：51]
[ error ] [8]未定义数组下标: 1

---------------------------------------------------------------
[ 2023-08-25T20:10:48+08:00 ] [ log ] at888.icu/99/favicon.ico [运行时间：0.012335s][吞吐率：81.07req/s] [内存消耗：1,650.74kb] [文件加载：44]
[ error ] [8]未定义数组下标: 1

---------------------------------------------------------------
[ 2023-08-25T20:10:50+08:00 ] [ log ] at888.icu/99/index/open.html [运行时间：0.011146s][吞吐率：89.72req/s] [内存消耗：1,865.12kb] [文件加载：50]
[ error ] [8]未定义数组下标: 1

---------------------------------------------------------------
[ 2023-08-25T20:12:34+08:00 ] [ log ] at888.icu/99/ [运行时间：0.013465s][吞吐率：74.27req/s] [内存消耗：1,864.80kb] [文件加载：51]
[ error ] [8]未定义数组下标: 1

---------------------------------------------------------------
[ 2023-08-25T20:12:35+08:00 ] [ log ] at888.icu/99/favicon.ico [运行时间：0.010033s][吞吐率：99.67req/s] [内存消耗：1,650.74kb] [文件加载：44]
[ error ] [8]未定义数组下标: 1

---------------------------------------------------------------
[ 2023-08-25T20:12:37+08:00 ] [ log ] at888.icu/99/index/open.html [运行时间：0.013642s][吞吐率：73.30req/s] [内存消耗：1,865.12kb] [文件加载：50]
[ error ] [8]未定义数组下标: 1

---------------------------------------------------------------
[ 2023-08-25T20:13:42+08:00 ] [ log ] at888.icu/99/ [运行时间：0.014853s][吞吐率：67.33req/s] [内存消耗：1,865.34kb] [文件加载：51]
[ error ] [8]未定义数组下标: 1

---------------------------------------------------------------
[ 2023-08-25T20:16:36+08:00 ] [ log ] at888.icu/99/ [运行时间：0.016980s][吞吐率：58.89req/s] [内存消耗：1,865.34kb] [文件加载：51]
[ error ] [8]未定义数组下标: 1

---------------------------------------------------------------
[ 2023-08-25T20:16:37+08:00 ] [ log ] at888.icu/99/favicon.ico [运行时间：0.009389s][吞吐率：106.51req/s] [内存消耗：1,650.74kb] [文件加载：44]
[ error ] [8]未定义数组下标: 1

---------------------------------------------------------------
[ 2023-08-25T20:16:38+08:00 ] [ log ] at888.icu/99/index/open.html [运行时间：0.014105s][吞吐率：70.90req/s] [内存消耗：1,865.12kb] [文件加载：50]
[ error ] [8]未定义数组下标: 1

---------------------------------------------------------------
[ 2023-08-25T20:17:28+08:00 ] [ log ] at888.icu/99/ [运行时间：0.010505s][吞吐率：95.19req/s] [内存消耗：1,864.80kb] [文件加载：51]
[ error ] [8]未定义数组下标: 1

---------------------------------------------------------------
[ 2023-08-25T20:17:32+08:00 ] [ log ] at888.icu/99/index/open.html [运行时间：0.011043s][吞吐率：90.55req/s] [内存消耗：1,865.12kb] [文件加载：50]
[ error ] [8]未定义数组下标: 1

---------------------------------------------------------------
[ 2023-08-25T20:18:07+08:00 ] [ log ] at888.icu/99/favicon.ico [运行时间：0.009360s][吞吐率：106.84req/s] [内存消耗：1,650.74kb] [文件加载：44]
[ error ] [8]未定义数组下标: 1

---------------------------------------------------------------
[ 2023-08-25T20:19:40+08:00 ] [ log ] at888.icu/99/ [运行时间：0.015553s][吞吐率：64.30req/s] [内存消耗：1,864.80kb] [文件加载：51]
[ error ] [8]未定义数组下标: 1

---------------------------------------------------------------
[ 2023-08-25T20:19:40+08:00 ] [ log ] at888.icu/99/ [运行时间：0.010981s][吞吐率：91.07req/s] [内存消耗：1,864.80kb] [文件加载：51]
[ error ] [8]未定义数组下标: 1

---------------------------------------------------------------
[ 2023-08-25T20:19:41+08:00 ] [ log ] at888.icu/99/favicon.ico [运行时间：0.009648s][吞吐率：103.65req/s] [内存消耗：1,650.74kb] [文件加载：44]
[ error ] [8]未定义数组下标: 1

---------------------------------------------------------------
[ 2023-08-25T20:19:43+08:00 ] [ log ] at888.icu/99/index/open.html [运行时间：0.010945s][吞吐率：91.37req/s] [内存消耗：1,865.12kb] [文件加载：50]
[ error ] [8]未定义数组下标: 1

---------------------------------------------------------------
[ 2023-08-25T20:20:36+08:00 ] [ log ] at888.icu/99/ [运行时间：0.038985s][吞吐率：25.65req/s] [内存消耗：1,864.80kb] [文件加载：51]
[ error ] [8]未定义数组下标: 1

---------------------------------------------------------------
[ 2023-08-25T20:20:37+08:00 ] [ log ] at888.icu/99/favicon.ico [运行时间：0.010148s][吞吐率：98.54req/s] [内存消耗：1,650.74kb] [文件加载：44]
[ error ] [8]未定义数组下标: 1

---------------------------------------------------------------
[ 2023-08-25T20:20:39+08:00 ] [ log ] at888.icu/99/index/open.html [运行时间：0.015863s][吞吐率：63.04req/s] [内存消耗：1,865.12kb] [文件加载：50]
[ error ] [8]未定义数组下标: 1

---------------------------------------------------------------
[ 2023-08-25T20:21:36+08:00 ] [ log ] at888.icu/99/ [运行时间：0.011502s][吞吐率：86.94req/s] [内存消耗：1,864.80kb] [文件加载：51]
[ error ] [8]未定义数组下标: 1

---------------------------------------------------------------
[ 2023-08-25T20:21:37+08:00 ] [ log ] at888.icu/99/favicon.ico [运行时间：0.009175s][吞吐率：108.99req/s] [内存消耗：1,650.74kb] [文件加载：44]
[ error ] [8]未定义数组下标: 1

---------------------------------------------------------------
[ 2023-08-25T20:21:39+08:00 ] [ log ] at888.icu/99/index/open.html [运行时间：0.010851s][吞吐率：92.16req/s] [内存消耗：1,865.12kb] [文件加载：50]
[ error ] [8]未定义数组下标: 1

---------------------------------------------------------------
[ 2023-08-25T20:22:59+08:00 ] [ log ] at888.icu/99/ [运行时间：0.039883s][吞吐率：25.07req/s] [内存消耗：1,864.80kb] [文件加载：51]
[ error ] [8]未定义数组下标: 1

---------------------------------------------------------------
[ 2023-08-25T20:23:00+08:00 ] [ log ] at888.icu/99/favicon.ico [运行时间：0.011286s][吞吐率：88.61req/s] [内存消耗：1,650.74kb] [文件加载：44]
[ error ] [8]未定义数组下标: 1

---------------------------------------------------------------
[ 2023-08-25T20:23:02+08:00 ] [ log ] at888.icu/99/index/open.html [运行时间：0.011230s][吞吐率：89.05req/s] [内存消耗：1,865.12kb] [文件加载：50]
[ error ] [8]未定义数组下标: 1

---------------------------------------------------------------
[ 2023-08-25T20:24:55+08:00 ] [ log ] at888.icu/99/ [运行时间：0.016328s][吞吐率：61.24req/s] [内存消耗：1,864.80kb] [文件加载：51]
[ error ] [8]未定义数组下标: 1

---------------------------------------------------------------
[ 2023-08-25T20:24:56+08:00 ] [ log ] at888.icu/99/favicon.ico [运行时间：0.009837s][吞吐率：101.66req/s] [内存消耗：1,650.74kb] [文件加载：44]
[ error ] [8]未定义数组下标: 1

---------------------------------------------------------------
[ 2023-08-25T20:24:59+08:00 ] [ log ] at888.icu/99/index/open.html [运行时间：0.010836s][吞吐率：92.28req/s] [内存消耗：1,865.12kb] [文件加载：50]
[ error ] [8]未定义数组下标: 1

---------------------------------------------------------------
[ 2023-08-25T20:25:36+08:00 ] [ log ] at888.icu/99/ [运行时间：0.029637s][吞吐率：33.74req/s] [内存消耗：1,864.80kb] [文件加载：51]
[ error ] [8]未定义数组下标: 1

---------------------------------------------------------------
[ 2023-08-25T20:25:37+08:00 ] [ log ] at888.icu/99/favicon.ico [运行时间：0.034695s][吞吐率：28.82req/s] [内存消耗：1,650.74kb] [文件加载：44]
[ error ] [8]未定义数组下标: 1

---------------------------------------------------------------
[ 2023-08-25T20:25:39+08:00 ] [ log ] at888.icu/99/index/open.html [运行时间：0.010678s][吞吐率：93.65req/s] [内存消耗：1,865.12kb] [文件加载：50]
[ error ] [8]未定义数组下标: 1

---------------------------------------------------------------
[ 2023-08-25T20:26:16+08:00 ] [ log ] at888.icu/99/ [运行时间：0.010941s][吞吐率：91.40req/s] [内存消耗：1,864.80kb] [文件加载：51]
[ error ] [8]未定义数组下标: 1

---------------------------------------------------------------
[ 2023-08-25T20:26:16+08:00 ] [ log ] at888.icu/99/favicon.ico [运行时间：0.009455s][吞吐率：105.76req/s] [内存消耗：1,650.74kb] [文件加载：44]
[ error ] [8]未定义数组下标: 1

---------------------------------------------------------------
[ 2023-08-25T20:26:20+08:00 ] [ log ] at888.icu/99/index/open.html [运行时间：0.010974s][吞吐率：91.13req/s] [内存消耗：1,865.12kb] [文件加载：50]
[ error ] [8]未定义数组下标: 1

---------------------------------------------------------------
[ 2023-08-25T20:28:17+08:00 ] [ log ] at888.icu/99/ [运行时间：0.026189s][吞吐率：38.18req/s] [内存消耗：1,864.80kb] [文件加载：51]
[ error ] [8]未定义数组下标: 1

---------------------------------------------------------------
[ 2023-08-25T20:28:17+08:00 ] [ log ] at888.icu/99/favicon.ico [运行时间：0.035376s][吞吐率：28.27req/s] [内存消耗：1,650.74kb] [文件加载：44]
[ error ] [8]未定义数组下标: 1

---------------------------------------------------------------
[ 2023-08-25T20:28:20+08:00 ] [ log ] at888.icu/99/index/open.html [运行时间：0.015871s][吞吐率：63.01req/s] [内存消耗：1,865.12kb] [文件加载：50]
[ error ] [8]未定义数组下标: 1

---------------------------------------------------------------
[ 2023-08-25T20:28:57+08:00 ] [ log ] at888.icu/99/ [运行时间：0.011492s][吞吐率：87.02req/s] [内存消耗：1,864.80kb] [文件加载：51]
[ error ] [8]未定义数组下标: 1

---------------------------------------------------------------
[ 2023-08-25T20:28:58+08:00 ] [ log ] at888.icu/99/favicon.ico [运行时间：0.009471s][吞吐率：105.58req/s] [内存消耗：1,650.74kb] [文件加载：44]
[ error ] [8]未定义数组下标: 1

---------------------------------------------------------------
[ 2023-08-25T20:29:16+08:00 ] [ log ] at888.icu/99/ [运行时间：0.010643s][吞吐率：93.96req/s] [内存消耗：1,864.80kb] [文件加载：51]
[ error ] [8]未定义数组下标: 1

---------------------------------------------------------------
[ 2023-08-25T20:29:17+08:00 ] [ log ] at888.icu/99/favicon.ico [运行时间：0.009336s][吞吐率：107.11req/s] [内存消耗：1,650.74kb] [文件加载：44]
[ error ] [8]未定义数组下标: 1

---------------------------------------------------------------
[ 2023-08-25T20:29:19+08:00 ] [ log ] at888.icu/99/index/open.html [运行时间：0.011046s][吞吐率：90.53req/s] [内存消耗：1,865.12kb] [文件加载：50]
[ error ] [8]未定义数组下标: 1

---------------------------------------------------------------
[ 2023-08-25T20:30:10+08:00 ] [ log ] at888.icu/99/ [运行时间：0.034063s][吞吐率：29.36req/s] [内存消耗：1,864.80kb] [文件加载：51]
[ error ] [8]未定义数组下标: 1

---------------------------------------------------------------
[ 2023-08-25T20:30:11+08:00 ] [ log ] at888.icu/99/favicon.ico [运行时间：0.009653s][吞吐率：103.59req/s] [内存消耗：1,650.74kb] [文件加载：44]
[ error ] [8]未定义数组下标: 1

---------------------------------------------------------------
[ 2023-08-25T20:30:13+08:00 ] [ log ] at888.icu/99/index/open.html [运行时间：0.015110s][吞吐率：66.18req/s] [内存消耗：1,865.12kb] [文件加载：50]
[ error ] [8]未定义数组下标: 1

---------------------------------------------------------------
[ 2023-08-25T20:31:10+08:00 ] [ log ] at888.icu/99/ [运行时间：0.038511s][吞吐率：25.97req/s] [内存消耗：1,864.80kb] [文件加载：51]
[ error ] [8]未定义数组下标: 1

---------------------------------------------------------------
[ 2023-08-25T20:31:11+08:00 ] [ log ] at888.icu/99/favicon.ico [运行时间：0.035200s][吞吐率：28.41req/s] [内存消耗：1,650.74kb] [文件加载：44]
[ error ] [8]未定义数组下标: 1

---------------------------------------------------------------
[ 2023-08-25T20:31:13+08:00 ] [ log ] at888.icu/99/index/open.html [运行时间：0.014796s][吞吐率：67.59req/s] [内存消耗：1,865.12kb] [文件加载：50]
[ error ] [8]未定义数组下标: 1

---------------------------------------------------------------
[ 2023-08-25T20:32:52+08:00 ] [ log ] at888.icu/99/ [运行时间：0.011592s][吞吐率：86.27req/s] [内存消耗：1,864.80kb] [文件加载：51]
[ error ] [8]未定义数组下标: 1

---------------------------------------------------------------
[ 2023-08-25T20:32:53+08:00 ] [ log ] at888.icu/99/favicon.ico [运行时间：0.009213s][吞吐率：108.54req/s] [内存消耗：1,650.74kb] [文件加载：44]
[ error ] [8]未定义数组下标: 1

---------------------------------------------------------------
[ 2023-08-25T20:32:57+08:00 ] [ log ] at888.icu/99/index/open.html [运行时间：0.038901s][吞吐率：25.71req/s] [内存消耗：1,865.12kb] [文件加载：50]
[ error ] [8]未定义数组下标: 1

---------------------------------------------------------------
[ 2023-08-25T20:35:06+08:00 ] [ log ] at888.icu/99/ [运行时间：0.011622s][吞吐率：86.04req/s] [内存消耗：1,865.34kb] [文件加载：51]
[ error ] [8]未定义数组下标: 1

---------------------------------------------------------------
[ 2023-08-25T20:35:07+08:00 ] [ log ] at888.icu/99/favicon.ico [运行时间：0.010307s][吞吐率：97.02req/s] [内存消耗：1,650.74kb] [文件加载：44]
[ error ] [8]未定义数组下标: 1

---------------------------------------------------------------
[ 2023-08-25T20:35:13+08:00 ] [ log ] at888.icu/99/index/open.html [运行时间：0.011179s][吞吐率：89.45req/s] [内存消耗：1,865.12kb] [文件加载：50]
[ error ] [8]未定义数组下标: 1

---------------------------------------------------------------
[ 2023-08-25T20:39:35+08:00 ] [ log ] at888.icu/99/ [运行时间：0.016994s][吞吐率：58.84req/s] [内存消耗：1,865.34kb] [文件加载：51]
[ error ] [8]未定义数组下标: 1

---------------------------------------------------------------
[ 2023-08-25T20:39:35+08:00 ] [ log ] at888.icu/99/favicon.ico [运行时间：0.010926s][吞吐率：91.52req/s] [内存消耗：1,650.74kb] [文件加载：44]
[ error ] [8]未定义数组下标: 1

---------------------------------------------------------------
[ 2023-08-25T20:39:41+08:00 ] [ log ] at888.icu/99/index/open.html [运行时间：0.010800s][吞吐率：92.59req/s] [内存消耗：1,865.12kb] [文件加载：50]
[ error ] [8]未定义数组下标: 1

---------------------------------------------------------------
[ 2023-08-25T20:43:37+08:00 ] [ log ] at888.icu/99/ [运行时间：0.015403s][吞吐率：64.92req/s] [内存消耗：1,864.80kb] [文件加载：51]
[ error ] [8]未定义数组下标: 1

---------------------------------------------------------------
[ 2023-08-25T20:43:38+08:00 ] [ log ] at888.icu/99/favicon.ico [运行时间：0.009407s][吞吐率：106.30req/s] [内存消耗：1,650.74kb] [文件加载：44]
[ error ] [8]未定义数组下标: 1

---------------------------------------------------------------
[ 2023-08-25T20:43:40+08:00 ] [ log ] at888.icu/99/index/open.html [运行时间：0.011362s][吞吐率：88.01req/s] [内存消耗：1,865.12kb] [文件加载：50]
[ error ] [8]未定义数组下标: 1

---------------------------------------------------------------
[ 2023-08-25T20:52:55+08:00 ] [ log ] at888.icu/99/ [运行时间：0.021551s][吞吐率：46.40req/s] [内存消耗：1,864.80kb] [文件加载：51]
[ error ] [8]未定义数组下标: 1

---------------------------------------------------------------
[ 2023-08-25T20:52:56+08:00 ] [ log ] at888.icu/99/favicon.ico [运行时间：0.010070s][吞吐率：99.30req/s] [内存消耗：1,650.74kb] [文件加载：44]
[ error ] [8]未定义数组下标: 1

---------------------------------------------------------------
[ 2023-08-25T20:53:59+08:00 ] [ log ] at888.icu/99/ [运行时间：0.016125s][吞吐率：62.02req/s] [内存消耗：1,864.80kb] [文件加载：51]
[ error ] [8]未定义数组下标: 1

---------------------------------------------------------------
[ 2023-08-25T20:53:59+08:00 ] [ log ] at888.icu/99/favicon.ico [运行时间：0.010330s][吞吐率：96.81req/s] [内存消耗：1,650.74kb] [文件加载：44]
[ error ] [8]未定义数组下标: 1

---------------------------------------------------------------
[ 2023-08-25T20:54:02+08:00 ] [ log ] at888.icu/99/index/open.html [运行时间：0.011077s][吞吐率：90.28req/s] [内存消耗：1,865.12kb] [文件加载：50]
[ error ] [8]未定义数组下标: 1

---------------------------------------------------------------
[ 2023-08-25T21:16:18+08:00 ] [ log ] at888.icu/99/ [运行时间：0.011086s][吞吐率：90.20req/s] [内存消耗：1,864.80kb] [文件加载：51]
[ error ] [8]未定义数组下标: 1

---------------------------------------------------------------
[ 2023-08-25T21:34:02+08:00 ] [ log ] at888.icu/99/ [运行时间：0.011334s][吞吐率：88.23req/s] [内存消耗：1,864.80kb] [文件加载：51]
[ error ] [8]未定义数组下标: 1

---------------------------------------------------------------
[ 2023-08-25T21:34:03+08:00 ] [ log ] at888.icu/99/favicon.ico [运行时间：0.034025s][吞吐率：29.39req/s] [内存消耗：1,650.74kb] [文件加载：44]
[ error ] [8]未定义数组下标: 1

---------------------------------------------------------------
[ 2023-08-25T21:34:05+08:00 ] [ log ] at888.icu/99/index/open.html [运行时间：0.011252s][吞吐率：88.87req/s] [内存消耗：1,865.12kb] [文件加载：50]
[ error ] [8]未定义数组下标: 1

---------------------------------------------------------------
