[ 2023-08-26T02:03:08+08:00 ] [ log ] at888.icu/99/ [运行时间：0.010939s][吞吐率：91.42req/s] [内存消耗：1,865.34kb] [文件加载：51]
[ error ] [8]未定义数组下标: 1

---------------------------------------------------------------
[ 2023-08-26T02:03:08+08:00 ] [ log ] at888.icu/99/favicon.ico [运行时间：0.009501s][吞吐率：105.25req/s] [内存消耗：1,650.74kb] [文件加载：44]
[ error ] [8]未定义数组下标: 1

---------------------------------------------------------------
[ 2023-08-26T02:03:12+08:00 ] [ log ] at888.icu/99/index/open.html [运行时间：0.014421s][吞吐率：69.34req/s] [内存消耗：1,865.12kb] [文件加载：50]
[ error ] [8]未定义数组下标: 1

---------------------------------------------------------------
[ 2023-08-26T02:05:13+08:00 ] [ log ] at888.icu/99/ [运行时间：0.019680s][吞吐率：50.81req/s] [内存消耗：1,864.80kb] [文件加载：51]
[ error ] [8]未定义数组下标: 1

---------------------------------------------------------------
[ 2023-08-26T02:05:17+08:00 ] [ log ] at888.icu/99/index/open.html [运行时间：0.011058s][吞吐率：90.43req/s] [内存消耗：1,865.12kb] [文件加载：50]
[ error ] [8]未定义数组下标: 1

---------------------------------------------------------------
[ 2023-08-26T03:34:37+08:00 ] [ log ] at888.icu/99/ [运行时间：0.011527s][吞吐率：86.75req/s] [内存消耗：1,865.34kb] [文件加载：51]
[ error ] [8]未定义数组下标: 1

---------------------------------------------------------------
[ 2023-08-26T03:34:38+08:00 ] [ log ] at888.icu/99/?uc_sm=1 [运行时间：0.011365s][吞吐率：87.99req/s] [内存消耗：1,865.44kb] [文件加载：51]
[ error ] [8]未定义数组下标: 1

---------------------------------------------------------------
[ 2023-08-26T03:34:39+08:00 ] [ log ] at888.icu/99/favicon.ico [运行时间：0.009351s][吞吐率：106.94req/s] [内存消耗：1,650.74kb] [文件加载：44]
[ error ] [8]未定义数组下标: 1

---------------------------------------------------------------
[ 2023-08-26T03:34:58+08:00 ] [ log ] at888.icu/99/?uc_sm=1 [运行时间：0.010649s][吞吐率：93.91req/s] [内存消耗：1,865.44kb] [文件加载：51]
[ error ] [8]未定义数组下标: 1

---------------------------------------------------------------
[ 2023-08-26T03:34:58+08:00 ] [ log ] at888.icu/99/ [运行时间：0.011038s][吞吐率：90.60req/s] [内存消耗：1,864.80kb] [文件加载：51]
[ error ] [8]未定义数组下标: 1

---------------------------------------------------------------
[ 2023-08-26T03:34:58+08:00 ] [ log ] at888.icu/99/favicon.ico [运行时间：0.010279s][吞吐率：97.28req/s] [内存消耗：1,650.74kb] [文件加载：44]
[ error ] [8]未定义数组下标: 1

---------------------------------------------------------------
[ 2023-08-26T03:35:01+08:00 ] [ log ] at888.icu/99/index/open.html [运行时间：0.010750s][吞吐率：93.02req/s] [内存消耗：1,865.12kb] [文件加载：50]
[ error ] [8]未定义数组下标: 1

---------------------------------------------------------------
[ 2023-08-26T04:19:02+08:00 ] [ log ] at777.icu/99/ [运行时间：0.011528s][吞吐率：86.75req/s] [内存消耗：1,865.34kb] [文件加载：51]
[ error ] [8]未定义数组下标: 1

---------------------------------------------------------------
[ 2023-08-26T04:19:04+08:00 ] [ log ] at777.icu/99/favicon.ico [运行时间：0.011065s][吞吐率：90.38req/s] [内存消耗：1,650.74kb] [文件加载：44]
[ error ] [8]未定义数组下标: 1

---------------------------------------------------------------
[ 2023-08-26T04:19:07+08:00 ] [ log ] at777.icu/99/index/open.html [运行时间：0.011144s][吞吐率：89.73req/s] [内存消耗：1,865.12kb] [文件加载：50]
[ error ] [8]未定义数组下标: 1

---------------------------------------------------------------
[ 2023-08-26T04:21:23+08:00 ] [ log ] at777.icu/99/index/open.html [运行时间：0.011321s][吞吐率：88.33req/s] [内存消耗：1,865.12kb] [文件加载：50]
[ error ] [8]未定义数组下标: 1

---------------------------------------------------------------
[ 2023-08-26T04:25:11+08:00 ] [ log ] at777.icu/99/ [运行时间：0.034681s][吞吐率：28.83req/s] [内存消耗：1,864.80kb] [文件加载：51]
[ error ] [8]未定义数组下标: 1

---------------------------------------------------------------
[ 2023-08-26T04:25:19+08:00 ] [ log ] at777.icu/99/index/open.html [运行时间：0.010625s][吞吐率：94.12req/s] [内存消耗：1,865.12kb] [文件加载：50]
[ error ] [8]未定义数组下标: 1

---------------------------------------------------------------
[ 2023-08-26T07:14:02+08:00 ] [ log ] at888.icu/99/ [运行时间：0.010994s][吞吐率：90.96req/s] [内存消耗：1,865.34kb] [文件加载：51]
[ error ] [8]未定义数组下标: 1

---------------------------------------------------------------
[ 2023-08-26T07:14:02+08:00 ] [ log ] at888.icu/99/favicon.ico [运行时间：0.012836s][吞吐率：77.90req/s] [内存消耗：1,650.74kb] [文件加载：44]
[ error ] [8]未定义数组下标: 1

---------------------------------------------------------------
[ 2023-08-26T07:14:07+08:00 ] [ log ] at888.icu/99/index/open.html [运行时间：0.010857s][吞吐率：92.11req/s] [内存消耗：1,865.12kb] [文件加载：50]
[ error ] [8]未定义数组下标: 1

---------------------------------------------------------------
[ 2023-08-26T08:06:03+08:00 ] [ log ] at888.icu/99/ [运行时间：0.011378s][吞吐率：87.89req/s] [内存消耗：1,864.84kb] [文件加载：51]
[ error ] [8]未定义数组下标: 1

---------------------------------------------------------------
[ 2023-08-26T09:13:20+08:00 ] [ log ] at888.icu/99/ [运行时间：0.015768s][吞吐率：63.42req/s] [内存消耗：1,865.34kb] [文件加载：51]
[ error ] [8]未定义数组下标: 1

---------------------------------------------------------------
[ 2023-08-26T09:13:21+08:00 ] [ log ] at888.icu/99/favicon.ico [运行时间：0.009943s][吞吐率：100.57req/s] [内存消耗：1,650.74kb] [文件加载：44]
[ error ] [8]未定义数组下标: 1

---------------------------------------------------------------
[ 2023-08-26T09:13:46+08:00 ] [ log ] at888.icu/99/index/open.html [运行时间：0.014393s][吞吐率：69.48req/s] [内存消耗：1,865.12kb] [文件加载：50]
[ error ] [8]未定义数组下标: 1

---------------------------------------------------------------
[ 2023-08-26T09:34:25+08:00 ] [ log ] at888.icu/99/ [运行时间：0.015694s][吞吐率：63.72req/s] [内存消耗：1,865.34kb] [文件加载：51]
[ error ] [8]未定义数组下标: 1

---------------------------------------------------------------
[ 2023-08-26T09:34:29+08:00 ] [ log ] at888.icu/99/index/open.html [运行时间：0.032803s][吞吐率：30.48req/s] [内存消耗：1,865.12kb] [文件加载：50]
[ error ] [8]未定义数组下标: 1

---------------------------------------------------------------
[ 2023-08-26T09:39:12+08:00 ] [ log ] at888.icu/99/ [运行时间：0.033546s][吞吐率：29.81req/s] [内存消耗：1,865.34kb] [文件加载：51]
[ error ] [8]未定义数组下标: 1

---------------------------------------------------------------
[ 2023-08-26T09:39:12+08:00 ] [ log ] at888.icu/99/?uc_sm=1 [运行时间：0.011993s][吞吐率：83.38req/s] [内存消耗：1,865.97kb] [文件加载：51]
[ error ] [8]未定义数组下标: 1

---------------------------------------------------------------
[ 2023-08-26T09:39:12+08:00 ] [ log ] at888.icu/99/favicon.ico [运行时间：0.009563s][吞吐率：104.57req/s] [内存消耗：1,650.74kb] [文件加载：44]
[ error ] [8]未定义数组下标: 1

---------------------------------------------------------------
[ 2023-08-26T09:39:15+08:00 ] [ log ] at888.icu/99/index/open.html [运行时间：0.021430s][吞吐率：46.66req/s] [内存消耗：1,865.12kb] [文件加载：50]
[ error ] [8]未定义数组下标: 1

---------------------------------------------------------------
[ 2023-08-26T09:39:39+08:00 ] [ log ] at888.icu/99/ [运行时间：0.011017s][吞吐率：90.77req/s] [内存消耗：1,864.80kb] [文件加载：51]
[ error ] [8]未定义数组下标: 1

---------------------------------------------------------------
[ 2023-08-26T09:39:41+08:00 ] [ log ] at888.icu/99/favicon.ico [运行时间：0.010608s][吞吐率：94.27req/s] [内存消耗：1,650.74kb] [文件加载：44]
[ error ] [8]未定义数组下标: 1

---------------------------------------------------------------
[ 2023-08-26T09:39:51+08:00 ] [ log ] at888.icu/99/index/open.html [运行时间：0.010643s][吞吐率：93.96req/s] [内存消耗：1,865.12kb] [文件加载：50]
[ error ] [8]未定义数组下标: 1

---------------------------------------------------------------
[ 2023-08-26T10:33:18+08:00 ] [ log ] at888.icu/99/ [运行时间：0.014571s][吞吐率：68.63req/s] [内存消耗：1,864.80kb] [文件加载：51]
[ error ] [8]未定义数组下标: 1

---------------------------------------------------------------
[ 2023-08-26T10:33:21+08:00 ] [ log ] at888.icu/99/?uc_sm=1 [运行时间：0.011203s][吞吐率：89.26req/s] [内存消耗：1,865.44kb] [文件加载：51]
[ error ] [8]未定义数组下标: 1

---------------------------------------------------------------
[ 2023-08-26T10:33:22+08:00 ] [ log ] at888.icu/99/favicon.ico [运行时间：0.009292s][吞吐率：107.62req/s] [内存消耗：1,650.74kb] [文件加载：44]
[ error ] [8]未定义数组下标: 1

---------------------------------------------------------------
[ 2023-08-26T10:33:30+08:00 ] [ log ] at888.icu/99/index/open.html [运行时间：0.012814s][吞吐率：78.04req/s] [内存消耗：1,865.12kb] [文件加载：50]
[ error ] [8]未定义数组下标: 1

---------------------------------------------------------------
[ 2023-08-26T10:33:31+08:00 ] [ log ] at888.icu/99/favicon.ico [运行时间：0.009984s][吞吐率：100.16req/s] [内存消耗：1,650.74kb] [文件加载：44]
[ error ] [8]未定义数组下标: 1

---------------------------------------------------------------
[ 2023-08-26T10:34:02+08:00 ] [ log ] at888.icu/99/favicon.ico [运行时间：0.009215s][吞吐率：108.52req/s] [内存消耗：1,651.28kb] [文件加载：44]
[ error ] [8]未定义数组下标: 1

---------------------------------------------------------------
[ 2023-08-26T10:35:17+08:00 ] [ log ] at888.icu/99/ [运行时间：0.010910s][吞吐率：91.66req/s] [内存消耗：1,864.80kb] [文件加载：51]
[ error ] [8]未定义数组下标: 1

---------------------------------------------------------------
[ 2023-08-26T10:35:19+08:00 ] [ log ] at888.icu/99/favicon.ico [运行时间：0.009472s][吞吐率：105.58req/s] [内存消耗：1,650.74kb] [文件加载：44]
[ error ] [8]未定义数组下标: 1

---------------------------------------------------------------
[ 2023-08-26T10:35:44+08:00 ] [ log ] at888.icu/99/index/open.html [运行时间：0.010944s][吞吐率：91.38req/s] [内存消耗：1,865.12kb] [文件加载：50]
[ error ] [8]未定义数组下标: 1

---------------------------------------------------------------
[ 2023-08-26T10:35:48+08:00 ] [ log ] at888.icu/99/favicon.ico [运行时间：0.009476s][吞吐率：105.53req/s] [内存消耗：1,650.74kb] [文件加载：44]
[ error ] [8]未定义数组下标: 1

---------------------------------------------------------------
[ 2023-08-26T10:36:44+08:00 ] [ log ] at888.icu/99/ [运行时间：0.011190s][吞吐率：89.37req/s] [内存消耗：1,864.80kb] [文件加载：51]
[ error ] [8]未定义数组下标: 1

---------------------------------------------------------------
[ 2023-08-26T10:36:50+08:00 ] [ log ] at888.icu/99/favicon.ico [运行时间：0.012773s][吞吐率：78.29req/s] [内存消耗：1,650.74kb] [文件加载：44]
[ error ] [8]未定义数组下标: 1

---------------------------------------------------------------
[ 2023-08-26T10:36:59+08:00 ] [ log ] at888.icu/99/index/open.html [运行时间：0.025740s][吞吐率：38.85req/s] [内存消耗：1,865.12kb] [文件加载：50]
[ error ] [8]未定义数组下标: 1

---------------------------------------------------------------
[ 2023-08-26T10:38:45+08:00 ] [ log ] at888.icu/99/index/open.html [运行时间：0.016734s][吞吐率：59.76req/s] [内存消耗：1,865.12kb] [文件加载：50]
[ error ] [8]未定义数组下标: 1

---------------------------------------------------------------
[ 2023-08-26T10:40:10+08:00 ] [ log ] at888.icu/99/ [运行时间：0.010997s][吞吐率：90.93req/s] [内存消耗：1,865.34kb] [文件加载：51]
[ error ] [8]未定义数组下标: 1

---------------------------------------------------------------
[ 2023-08-26T10:40:11+08:00 ] [ log ] at888.icu/99/favicon.ico [运行时间：0.015464s][吞吐率：64.67req/s] [内存消耗：1,650.74kb] [文件加载：44]
[ error ] [8]未定义数组下标: 1

---------------------------------------------------------------
[ 2023-08-26T10:40:13+08:00 ] [ log ] at888.icu/99/index/open.html [运行时间：0.010964s][吞吐率：91.21req/s] [内存消耗：1,865.12kb] [文件加载：50]
[ error ] [8]未定义数组下标: 1

---------------------------------------------------------------
[ 2023-08-26T10:51:13+08:00 ] [ log ] at888.icu/99/ [运行时间：0.010705s][吞吐率：93.41req/s] [内存消耗：1,865.34kb] [文件加载：51]
[ error ] [8]未定义数组下标: 1

---------------------------------------------------------------
[ 2023-08-26T10:51:17+08:00 ] [ log ] at888.icu/99/favicon.ico [运行时间：0.015592s][吞吐率：64.14req/s] [内存消耗：1,650.74kb] [文件加载：44]
[ error ] [8]未定义数组下标: 1

---------------------------------------------------------------
[ 2023-08-26T10:51:18+08:00 ] [ log ] at888.icu/99/index/open.html [运行时间：0.010870s][吞吐率：92.00req/s] [内存消耗：1,865.12kb] [文件加载：50]
[ error ] [8]未定义数组下标: 1

---------------------------------------------------------------
[ 2023-08-26T11:32:45+08:00 ] [ log ] at888.icu/99/ [运行时间：0.011242s][吞吐率：88.95req/s] [内存消耗：1,865.34kb] [文件加载：51]
[ error ] [8]未定义数组下标: 1

---------------------------------------------------------------
[ 2023-08-26T11:32:46+08:00 ] [ log ] at888.icu/99/favicon.ico [运行时间：0.009256s][吞吐率：108.04req/s] [内存消耗：1,650.74kb] [文件加载：44]
[ error ] [8]未定义数组下标: 1

---------------------------------------------------------------
[ 2023-08-26T11:32:48+08:00 ] [ log ] at888.icu/99/index/open.html [运行时间：0.010722s][吞吐率：93.27req/s] [内存消耗：1,865.12kb] [文件加载：50]
[ error ] [8]未定义数组下标: 1

---------------------------------------------------------------
[ 2023-08-26T11:35:47+08:00 ] [ log ] at888.icu/99/ [运行时间：0.011580s][吞吐率：86.36req/s] [内存消耗：1,864.80kb] [文件加载：51]
[ error ] [8]未定义数组下标: 1

---------------------------------------------------------------
[ 2023-08-26T11:35:47+08:00 ] [ log ] at888.icu/99/favicon.ico [运行时间：0.009451s][吞吐率：105.81req/s] [内存消耗：1,650.74kb] [文件加载：44]
[ error ] [8]未定义数组下标: 1

---------------------------------------------------------------
[ 2023-08-26T11:35:50+08:00 ] [ log ] at888.icu/99/index/open.html [运行时间：0.011327s][吞吐率：88.28req/s] [内存消耗：1,865.12kb] [文件加载：50]
[ error ] [8]未定义数组下标: 1

---------------------------------------------------------------
[ 2023-08-26T11:37:02+08:00 ] [ log ] at888.icu/99/ [运行时间：0.030400s][吞吐率：32.89req/s] [内存消耗：1,864.80kb] [文件加载：51]
[ error ] [8]未定义数组下标: 1

---------------------------------------------------------------
[ 2023-08-26T11:37:06+08:00 ] [ log ] at888.icu/99/index/open.html [运行时间：0.016737s][吞吐率：59.75req/s] [内存消耗：1,865.12kb] [文件加载：50]
[ error ] [8]未定义数组下标: 1

---------------------------------------------------------------
[ 2023-08-26T11:39:11+08:00 ] [ log ] at888.icu/99/ [运行时间：0.021674s][吞吐率：46.14req/s] [内存消耗：1,864.80kb] [文件加载：51]
[ error ] [8]未定义数组下标: 1

---------------------------------------------------------------
[ 2023-08-26T11:39:11+08:00 ] [ log ] at888.icu/99/favicon.ico [运行时间：0.025773s][吞吐率：38.80req/s] [内存消耗：1,650.74kb] [文件加载：44]
[ error ] [8]未定义数组下标: 1

---------------------------------------------------------------
[ 2023-08-26T11:39:13+08:00 ] [ log ] at888.icu/99/index/open.html [运行时间：0.011240s][吞吐率：88.97req/s] [内存消耗：1,865.12kb] [文件加载：50]
[ error ] [8]未定义数组下标: 1

---------------------------------------------------------------
[ 2023-08-26T11:39:53+08:00 ] [ log ] at888.icu/99/ [运行时间：0.010850s][吞吐率：92.17req/s] [内存消耗：1,864.80kb] [文件加载：51]
[ error ] [8]未定义数组下标: 1

---------------------------------------------------------------
[ 2023-08-26T11:40:25+08:00 ] [ log ] at888.icu/99/ [运行时间：0.010739s][吞吐率：93.12req/s] [内存消耗：1,864.80kb] [文件加载：51]
[ error ] [8]未定义数组下标: 1

---------------------------------------------------------------
[ 2023-08-26T11:40:26+08:00 ] [ log ] at888.icu/99/favicon.ico [运行时间：0.017039s][吞吐率：58.69req/s] [内存消耗：1,650.74kb] [文件加载：44]
[ error ] [8]未定义数组下标: 1

---------------------------------------------------------------
[ 2023-08-26T11:40:28+08:00 ] [ log ] at888.icu/99/index/open.html [运行时间：0.010995s][吞吐率：90.95req/s] [内存消耗：1,865.12kb] [文件加载：50]
[ error ] [8]未定义数组下标: 1

---------------------------------------------------------------
[ 2023-08-26T11:49:00+08:00 ] [ log ] at888.icu/99/ [运行时间：0.011200s][吞吐率：89.28req/s] [内存消耗：1,865.34kb] [文件加载：51]
[ error ] [8]未定义数组下标: 1

---------------------------------------------------------------
[ 2023-08-26T11:49:01+08:00 ] [ log ] at888.icu/99/favicon.ico [运行时间：0.010708s][吞吐率：93.39req/s] [内存消耗：1,650.74kb] [文件加载：44]
[ error ] [8]未定义数组下标: 1

---------------------------------------------------------------
[ 2023-08-26T11:49:04+08:00 ] [ log ] at888.icu/99/index/open.html [运行时间：0.010533s][吞吐率：94.94req/s] [内存消耗：1,865.12kb] [文件加载：50]
[ error ] [8]未定义数组下标: 1

---------------------------------------------------------------
[ 2023-08-26T11:49:08+08:00 ] [ log ] at888.icu/99/ [运行时间：0.014820s][吞吐率：67.48req/s] [内存消耗：1,864.80kb] [文件加载：51]
[ error ] [8]未定义数组下标: 1

---------------------------------------------------------------
[ 2023-08-26T11:49:09+08:00 ] [ log ] at888.icu/99/favicon.ico [运行时间：0.035557s][吞吐率：28.12req/s] [内存消耗：1,650.74kb] [文件加载：44]
[ error ] [8]未定义数组下标: 1

---------------------------------------------------------------
[ 2023-08-26T11:49:13+08:00 ] [ log ] at888.icu/99/index/open.html [运行时间：0.036453s][吞吐率：27.43req/s] [内存消耗：1,865.12kb] [文件加载：50]
[ error ] [8]未定义数组下标: 1

---------------------------------------------------------------
[ 2023-08-26T11:50:39+08:00 ] [ log ] at888.icu/99/ [运行时间：0.017344s][吞吐率：57.66req/s] [内存消耗：1,864.80kb] [文件加载：51]
[ error ] [8]未定义数组下标: 1

---------------------------------------------------------------
[ 2023-08-26T11:50:40+08:00 ] [ log ] at888.icu/99/favicon.ico [运行时间：0.029368s][吞吐率：34.05req/s] [内存消耗：1,650.74kb] [文件加载：44]
[ error ] [8]未定义数组下标: 1

---------------------------------------------------------------
[ 2023-08-26T11:50:42+08:00 ] [ log ] at888.icu/99/index/open.html [运行时间：0.011361s][吞吐率：88.02req/s] [内存消耗：1,865.12kb] [文件加载：50]
[ error ] [8]未定义数组下标: 1

---------------------------------------------------------------
[ 2023-08-26T11:54:59+08:00 ] [ log ] at888.icu/99/ [运行时间：0.010821s][吞吐率：92.41req/s] [内存消耗：1,864.80kb] [文件加载：51]
[ error ] [8]未定义数组下标: 1

---------------------------------------------------------------
[ 2023-08-26T11:55:00+08:00 ] [ log ] at888.icu/99/favicon.ico [运行时间：0.010962s][吞吐率：91.22req/s] [内存消耗：1,650.74kb] [文件加载：44]
[ error ] [8]未定义数组下标: 1

---------------------------------------------------------------
[ 2023-08-26T11:55:02+08:00 ] [ log ] at888.icu/99/index/open.html [运行时间：0.011138s][吞吐率：89.78req/s] [内存消耗：1,865.12kb] [文件加载：50]
[ error ] [8]未定义数组下标: 1

---------------------------------------------------------------
[ 2023-08-26T11:57:20+08:00 ] [ log ] at888.icu/99/ [运行时间：0.012851s][吞吐率：77.81req/s] [内存消耗：1,864.80kb] [文件加载：51]
[ error ] [8]未定义数组下标: 1

---------------------------------------------------------------
[ 2023-08-26T11:57:21+08:00 ] [ log ] at888.icu/99/favicon.ico [运行时间：0.009237s][吞吐率：108.26req/s] [内存消耗：1,650.74kb] [文件加载：44]
[ error ] [8]未定义数组下标: 1

---------------------------------------------------------------
[ 2023-08-26T11:57:24+08:00 ] [ log ] at888.icu/99/index/open.html [运行时间：0.023339s][吞吐率：42.85req/s] [内存消耗：1,865.12kb] [文件加载：50]
[ error ] [8]未定义数组下标: 1

---------------------------------------------------------------
[ 2023-08-26T11:57:32+08:00 ] [ log ] at888.icu/99/ [运行时间：0.011370s][吞吐率：87.95req/s] [内存消耗：1,864.80kb] [文件加载：51]
[ error ] [8]未定义数组下标: 1

---------------------------------------------------------------
[ 2023-08-26T11:57:32+08:00 ] [ log ] at888.icu/99/favicon.ico [运行时间：0.010072s][吞吐率：99.29req/s] [内存消耗：1,650.74kb] [文件加载：44]
[ error ] [8]未定义数组下标: 1

---------------------------------------------------------------
[ 2023-08-26T11:57:35+08:00 ] [ log ] at888.icu/99/index/open.html [运行时间：0.010841s][吞吐率：92.24req/s] [内存消耗：1,865.12kb] [文件加载：50]
[ error ] [8]未定义数组下标: 1

---------------------------------------------------------------
[ 2023-08-26T11:58:21+08:00 ] [ log ] at888.icu/99/index/open.html [运行时间：0.010567s][吞吐率：94.63req/s] [内存消耗：1,865.12kb] [文件加载：50]
[ error ] [8]未定义数组下标: 1

---------------------------------------------------------------
[ 2023-08-26T12:03:06+08:00 ] [ log ] at888.icu/99/ [运行时间：0.010929s][吞吐率：91.50req/s] [内存消耗：1,864.80kb] [文件加载：51]
[ error ] [8]未定义数组下标: 1

---------------------------------------------------------------
[ 2023-08-26T12:03:07+08:00 ] [ log ] at888.icu/99/favicon.ico [运行时间：0.009408s][吞吐率：106.29req/s] [内存消耗：1,650.74kb] [文件加载：44]
[ error ] [8]未定义数组下标: 1

---------------------------------------------------------------
[ 2023-08-26T12:03:09+08:00 ] [ log ] at888.icu/99/index/open.html [运行时间：0.011019s][吞吐率：90.75req/s] [内存消耗：1,865.12kb] [文件加载：50]
[ error ] [8]未定义数组下标: 1

---------------------------------------------------------------
[ 2023-08-26T12:04:47+08:00 ] [ log ] at888.icu/99/ [运行时间：0.011510s][吞吐率：86.88req/s] [内存消耗：1,864.80kb] [文件加载：51]
[ error ] [8]未定义数组下标: 1

---------------------------------------------------------------
[ 2023-08-26T12:04:48+08:00 ] [ log ] at888.icu/99/favicon.ico [运行时间：0.010067s][吞吐率：99.33req/s] [内存消耗：1,650.74kb] [文件加载：44]
[ error ] [8]未定义数组下标: 1

---------------------------------------------------------------
[ 2023-08-26T12:04:50+08:00 ] [ log ] at888.icu/99/index/open.html [运行时间：0.010547s][吞吐率：94.81req/s] [内存消耗：1,865.12kb] [文件加载：50]
[ error ] [8]未定义数组下标: 1

---------------------------------------------------------------
[ 2023-08-26T12:23:47+08:00 ] [ log ] at444.icu/99/ [运行时间：0.010731s][吞吐率：93.19req/s] [内存消耗：1,865.34kb] [文件加载：51]
[ error ] [8]未定义数组下标: 1

---------------------------------------------------------------
[ 2023-08-26T12:23:47+08:00 ] [ log ] at444.icu/99/ [运行时间：0.012634s][吞吐率：79.15req/s] [内存消耗：1,865.34kb] [文件加载：51]
[ error ] [8]未定义数组下标: 1

---------------------------------------------------------------
[ 2023-08-26T12:45:09+08:00 ] [ log ] at888.icu/99/ [运行时间：0.011011s][吞吐率：90.82req/s] [内存消耗：1,864.80kb] [文件加载：51]
[ error ] [8]未定义数组下标: 1

---------------------------------------------------------------
[ 2023-08-26T12:45:09+08:00 ] [ log ] at888.icu/99/favicon.ico [运行时间：0.011326s][吞吐率：88.29req/s] [内存消耗：1,650.74kb] [文件加载：44]
[ error ] [8]未定义数组下标: 1

---------------------------------------------------------------
[ 2023-08-26T12:45:12+08:00 ] [ log ] at888.icu/99/index/open.html [运行时间：0.014682s][吞吐率：68.11req/s] [内存消耗：1,865.12kb] [文件加载：50]
[ error ] [8]未定义数组下标: 1

---------------------------------------------------------------
[ 2023-08-26T13:37:34+08:00 ] [ log ] at888.icu/99/ [运行时间：0.011218s][吞吐率：89.14req/s] [内存消耗：1,865.34kb] [文件加载：51]
[ error ] [8]未定义数组下标: 1

---------------------------------------------------------------
[ 2023-08-26T13:37:40+08:00 ] [ log ] at888.icu/99/index/open.html [运行时间：0.037679s][吞吐率：26.54req/s] [内存消耗：1,865.12kb] [文件加载：50]
[ error ] [8]未定义数组下标: 1

---------------------------------------------------------------
[ 2023-08-26T15:39:26+08:00 ] [ log ] at888.icu/99/ [运行时间：0.016288s][吞吐率：61.39req/s] [内存消耗：1,865.34kb] [文件加载：51]
[ error ] [8]未定义数组下标: 1

---------------------------------------------------------------
[ 2023-08-26T15:39:29+08:00 ] [ log ] at888.icu/99/index/open.html [运行时间：0.011840s][吞吐率：84.46req/s] [内存消耗：1,865.12kb] [文件加载：50]
[ error ] [8]未定义数组下标: 1

---------------------------------------------------------------
[ 2023-08-26T17:09:43+08:00 ] [ log ] at888.icu/99/ [运行时间：0.011615s][吞吐率：86.10req/s] [内存消耗：1,865.34kb] [文件加载：51]
[ error ] [8]未定义数组下标: 1

---------------------------------------------------------------
[ 2023-08-26T17:09:44+08:00 ] [ log ] at888.icu/99/favicon.ico [运行时间：0.014301s][吞吐率：69.92req/s] [内存消耗：1,650.74kb] [文件加载：44]
[ error ] [8]未定义数组下标: 1

---------------------------------------------------------------
[ 2023-08-26T17:09:47+08:00 ] [ log ] at888.icu/99/index/open.html [运行时间：0.012796s][吞吐率：78.15req/s] [内存消耗：1,865.12kb] [文件加载：50]
[ error ] [8]未定义数组下标: 1

---------------------------------------------------------------
[ 2023-08-26T17:34:52+08:00 ] [ log ] at888.icu/99/ [运行时间：0.014727s][吞吐率：67.90req/s] [内存消耗：1,865.34kb] [文件加载：51]
[ error ] [8]未定义数组下标: 1

---------------------------------------------------------------
[ 2023-08-26T17:34:53+08:00 ] [ log ] at888.icu/99/favicon.ico [运行时间：0.009849s][吞吐率：101.53req/s] [内存消耗：1,650.74kb] [文件加载：44]
[ error ] [8]未定义数组下标: 1

---------------------------------------------------------------
[ 2023-08-26T17:34:55+08:00 ] [ log ] at888.icu/99/index/open.html [运行时间：0.010845s][吞吐率：92.21req/s] [内存消耗：1,865.12kb] [文件加载：50]
[ error ] [8]未定义数组下标: 1

---------------------------------------------------------------
[ 2023-08-26T17:36:01+08:00 ] [ log ] at888.icu/99/ [运行时间：0.018236s][吞吐率：54.84req/s] [内存消耗：1,865.34kb] [文件加载：51]
[ error ] [8]未定义数组下标: 1

---------------------------------------------------------------
[ 2023-08-26T17:36:01+08:00 ] [ log ] at888.icu/99/?uc_sm=1 [运行时间：0.012118s][吞吐率：82.52req/s] [内存消耗：1,865.97kb] [文件加载：51]
[ error ] [8]未定义数组下标: 1

---------------------------------------------------------------
[ 2023-08-26T17:36:02+08:00 ] [ log ] at888.icu/99/favicon.ico [运行时间：0.009585s][吞吐率：104.33req/s] [内存消耗：1,650.74kb] [文件加载：44]
[ error ] [8]未定义数组下标: 1

---------------------------------------------------------------
[ 2023-08-26T17:36:07+08:00 ] [ log ] at888.icu/99/index/open.html [运行时间：0.014879s][吞吐率：67.21req/s] [内存消耗：1,865.12kb] [文件加载：50]
[ error ] [8]未定义数组下标: 1

---------------------------------------------------------------
[ 2023-08-26T17:41:54+08:00 ] [ log ] at888.icu/99/ [运行时间：0.011102s][吞吐率：90.07req/s] [内存消耗：1,864.80kb] [文件加载：51]
[ error ] [8]未定义数组下标: 1

---------------------------------------------------------------
[ 2023-08-26T17:41:54+08:00 ] [ log ] at888.icu/99/favicon.ico [运行时间：0.009761s][吞吐率：102.45req/s] [内存消耗：1,650.74kb] [文件加载：44]
[ error ] [8]未定义数组下标: 1

---------------------------------------------------------------
[ 2023-08-26T17:41:58+08:00 ] [ log ] at888.icu/99/index/open.html [运行时间：0.011005s][吞吐率：90.87req/s] [内存消耗：1,865.12kb] [文件加载：50]
[ error ] [8]未定义数组下标: 1

---------------------------------------------------------------
[ 2023-08-26T17:51:25+08:00 ] [ log ] at888.icu/99/ [运行时间：0.015580s][吞吐率：64.18req/s] [内存消耗：1,864.80kb] [文件加载：51]
[ error ] [8]未定义数组下标: 1

---------------------------------------------------------------
[ 2023-08-26T17:51:26+08:00 ] [ log ] at888.icu/99/favicon.ico [运行时间：0.022970s][吞吐率：43.54req/s] [内存消耗：1,650.74kb] [文件加载：44]
[ error ] [8]未定义数组下标: 1

---------------------------------------------------------------
[ 2023-08-26T17:51:28+08:00 ] [ log ] at888.icu/99/index/open.html [运行时间：0.010927s][吞吐率：91.52req/s] [内存消耗：1,865.12kb] [文件加载：50]
[ error ] [8]未定义数组下标: 1

---------------------------------------------------------------
[ 2023-08-26T17:54:49+08:00 ] [ log ] at888.icu/99/ [运行时间：0.010907s][吞吐率：91.68req/s] [内存消耗：1,864.80kb] [文件加载：51]
[ error ] [8]未定义数组下标: 1

---------------------------------------------------------------
[ 2023-08-26T17:54:50+08:00 ] [ log ] at888.icu/99/favicon.ico [运行时间：0.009551s][吞吐率：104.70req/s] [内存消耗：1,650.74kb] [文件加载：44]
[ error ] [8]未定义数组下标: 1

---------------------------------------------------------------
[ 2023-08-26T17:54:53+08:00 ] [ log ] at888.icu/99/index/open.html [运行时间：0.010794s][吞吐率：92.64req/s] [内存消耗：1,865.12kb] [文件加载：50]
[ error ] [8]未定义数组下标: 1

---------------------------------------------------------------
[ 2023-08-26T17:58:09+08:00 ] [ log ] at888.icu/99/ [运行时间：0.011526s][吞吐率：86.76req/s] [内存消耗：1,865.34kb] [文件加载：51]
[ error ] [8]未定义数组下标: 1

---------------------------------------------------------------
[ 2023-08-26T17:58:11+08:00 ] [ log ] at888.icu/99/favicon.ico [运行时间：0.012069s][吞吐率：82.86req/s] [内存消耗：1,650.74kb] [文件加载：44]
[ error ] [8]未定义数组下标: 1

---------------------------------------------------------------
[ 2023-08-26T17:58:13+08:00 ] [ log ] at888.icu/99/index/open.html [运行时间：0.010889s][吞吐率：91.84req/s] [内存消耗：1,865.12kb] [文件加载：50]
[ error ] [8]未定义数组下标: 1

---------------------------------------------------------------
[ 2023-08-26T18:02:18+08:00 ] [ log ] at888.icu/99/ [运行时间：0.039185s][吞吐率：25.52req/s] [内存消耗：1,864.80kb] [文件加载：51]
[ error ] [8]未定义数组下标: 1

---------------------------------------------------------------
[ 2023-08-26T18:02:19+08:00 ] [ log ] at888.icu/99/favicon.ico [运行时间：0.014555s][吞吐率：68.71req/s] [内存消耗：1,650.74kb] [文件加载：44]
[ error ] [8]未定义数组下标: 1

---------------------------------------------------------------
[ 2023-08-26T18:02:21+08:00 ] [ log ] at888.icu/99/index/open.html [运行时间：0.011220s][吞吐率：89.13req/s] [内存消耗：1,865.12kb] [文件加载：50]
[ error ] [8]未定义数组下标: 1

---------------------------------------------------------------
[ 2023-08-26T18:24:13+08:00 ] [ log ] at888.icu/99/ [运行时间：0.011406s][吞吐率：87.67req/s] [内存消耗：1,865.34kb] [文件加载：51]
[ error ] [8]未定义数组下标: 1

---------------------------------------------------------------
[ 2023-08-26T18:24:14+08:00 ] [ log ] at888.icu/99/favicon.ico [运行时间：0.009736s][吞吐率：102.71req/s] [内存消耗：1,650.74kb] [文件加载：44]
[ error ] [8]未定义数组下标: 1

---------------------------------------------------------------
[ 2023-08-26T18:24:16+08:00 ] [ log ] at888.icu/99/index/open.html [运行时间：0.010591s][吞吐率：94.42req/s] [内存消耗：1,865.12kb] [文件加载：50]
[ error ] [8]未定义数组下标: 1

---------------------------------------------------------------
[ 2023-08-26T18:29:46+08:00 ] [ log ] at1666.com/99/ [运行时间：0.010643s][吞吐率：93.96req/s] [内存消耗：1,865.34kb] [文件加载：51]
[ error ] [8]未定义数组下标: 1

---------------------------------------------------------------
[ 2023-08-26T18:30:00+08:00 ] [ log ] at1666.com/99/index/open.html [运行时间：0.034206s][吞吐率：29.23req/s] [内存消耗：1,865.12kb] [文件加载：50]
[ error ] [8]未定义数组下标: 1

---------------------------------------------------------------
[ 2023-08-26T18:54:16+08:00 ] [ log ] at888.icu/99/ [运行时间：0.011471s][吞吐率：87.18req/s] [内存消耗：1,865.34kb] [文件加载：51]
[ error ] [8]未定义数组下标: 1

---------------------------------------------------------------
[ 2023-08-26T18:54:20+08:00 ] [ log ] at888.icu/99/favicon.ico [运行时间：0.020249s][吞吐率：49.38req/s] [内存消耗：1,650.74kb] [文件加载：44]
[ error ] [8]未定义数组下标: 1

---------------------------------------------------------------
[ 2023-08-26T18:54:22+08:00 ] [ log ] at888.icu/99/index/open.html [运行时间：0.016901s][吞吐率：59.17req/s] [内存消耗：1,865.12kb] [文件加载：50]
[ error ] [8]未定义数组下标: 1

---------------------------------------------------------------
[ 2023-08-26T18:54:54+08:00 ] [ log ] at888.icu/99/index/open.html [运行时间：0.013646s][吞吐率：73.28req/s] [内存消耗：1,865.12kb] [文件加载：50]
[ error ] [8]未定义数组下标: 1

---------------------------------------------------------------
[ 2023-08-26T18:55:20+08:00 ] [ log ] at888.icu/99/index/open.html [运行时间：0.011185s][吞吐率：89.41req/s] [内存消耗：1,865.12kb] [文件加载：50]
[ error ] [8]未定义数组下标: 1

---------------------------------------------------------------
[ 2023-08-26T18:57:34+08:00 ] [ log ] at888.icu/99/ [运行时间：0.011537s][吞吐率：86.68req/s] [内存消耗：1,864.80kb] [文件加载：51]
[ error ] [8]未定义数组下标: 1

---------------------------------------------------------------
[ 2023-08-26T18:57:34+08:00 ] [ log ] at888.icu/99/favicon.ico [运行时间：0.009998s][吞吐率：100.02req/s] [内存消耗：1,650.74kb] [文件加载：44]
[ error ] [8]未定义数组下标: 1

---------------------------------------------------------------
[ 2023-08-26T18:57:37+08:00 ] [ log ] at888.icu/99/index/open.html [运行时间：0.010999s][吞吐率：90.92req/s] [内存消耗：1,865.12kb] [文件加载：50]
[ error ] [8]未定义数组下标: 1

---------------------------------------------------------------
[ 2023-08-26T19:19:59+08:00 ] [ log ] at888.icu/99/favicon.ico [运行时间：0.012213s][吞吐率：81.88req/s] [内存消耗：1,651.28kb] [文件加载：44]
[ error ] [8]未定义数组下标: 1

---------------------------------------------------------------
[ 2023-08-26T19:21:58+08:00 ] [ log ] at888.icu/99/ [运行时间：0.011340s][吞吐率：88.18req/s] [内存消耗：1,864.80kb] [文件加载：51]
[ error ] [8]未定义数组下标: 1

---------------------------------------------------------------
[ 2023-08-26T19:22:00+08:00 ] [ log ] at888.icu/99/favicon.ico [运行时间：0.009485s][吞吐率：105.43req/s] [内存消耗：1,650.74kb] [文件加载：44]
[ error ] [8]未定义数组下标: 1

---------------------------------------------------------------
[ 2023-08-26T19:22:01+08:00 ] [ log ] at888.icu/99/index/open.html [运行时间：0.011747s][吞吐率：85.13req/s] [内存消耗：1,865.12kb] [文件加载：50]
[ error ] [8]未定义数组下标: 1

---------------------------------------------------------------
[ 2023-08-26T19:24:08+08:00 ] [ log ] at888.icu/99/ [运行时间：0.010806s][吞吐率：92.54req/s] [内存消耗：1,865.34kb] [文件加载：51]
[ error ] [8]未定义数组下标: 1

---------------------------------------------------------------
[ 2023-08-26T19:24:09+08:00 ] [ log ] at888.icu/99/favicon.ico [运行时间：0.010449s][吞吐率：95.70req/s] [内存消耗：1,650.74kb] [文件加载：44]
[ error ] [8]未定义数组下标: 1

---------------------------------------------------------------
[ 2023-08-26T19:24:12+08:00 ] [ log ] at888.icu/99/index/open.html [运行时间：0.014993s][吞吐率：66.70req/s] [内存消耗：1,865.12kb] [文件加载：50]
[ error ] [8]未定义数组下标: 1

---------------------------------------------------------------
[ 2023-08-26T19:41:13+08:00 ] [ log ] at888.icu/99/ [运行时间：0.011084s][吞吐率：90.22req/s] [内存消耗：1,864.80kb] [文件加载：51]
[ error ] [8]未定义数组下标: 1

---------------------------------------------------------------
[ 2023-08-26T19:41:13+08:00 ] [ log ] at888.icu/99/favicon.ico [运行时间：0.026691s][吞吐率：37.47req/s] [内存消耗：1,650.74kb] [文件加载：44]
[ error ] [8]未定义数组下标: 1

---------------------------------------------------------------
[ 2023-08-26T19:45:50+08:00 ] [ log ] at888.icu/99/ [运行时间：0.010844s][吞吐率：92.22req/s] [内存消耗：1,865.34kb] [文件加载：51]
[ error ] [8]未定义数组下标: 1

---------------------------------------------------------------
[ 2023-08-26T19:45:51+08:00 ] [ log ] at888.icu/99/favicon.ico [运行时间：0.009541s][吞吐率：104.81req/s] [内存消耗：1,650.74kb] [文件加载：44]
[ error ] [8]未定义数组下标: 1

---------------------------------------------------------------
[ 2023-08-26T19:45:54+08:00 ] [ log ] at888.icu/99/index/open.html [运行时间：0.027483s][吞吐率：36.39req/s] [内存消耗：1,865.12kb] [文件加载：50]
[ error ] [8]未定义数组下标: 1

---------------------------------------------------------------
[ 2023-08-26T19:51:45+08:00 ] [ log ] at888.icu/99/ [运行时间：0.011095s][吞吐率：90.13req/s] [内存消耗：1,864.80kb] [文件加载：51]
[ error ] [8]未定义数组下标: 1

---------------------------------------------------------------
[ 2023-08-26T19:51:46+08:00 ] [ log ] at888.icu/99/favicon.ico [运行时间：0.010014s][吞吐率：99.86req/s] [内存消耗：1,650.74kb] [文件加载：44]
[ error ] [8]未定义数组下标: 1

---------------------------------------------------------------
[ 2023-08-26T19:52:57+08:00 ] [ log ] at888.icu/99/index/open.html [运行时间：0.011182s][吞吐率：89.43req/s] [内存消耗：1,865.12kb] [文件加载：50]
[ error ] [8]未定义数组下标: 1

---------------------------------------------------------------
[ 2023-08-26T19:53:21+08:00 ] [ log ] at888.icu/99/ [运行时间：0.019836s][吞吐率：50.41req/s] [内存消耗：1,865.34kb] [文件加载：51]
[ error ] [8]未定义数组下标: 1

---------------------------------------------------------------
[ 2023-08-26T19:53:22+08:00 ] [ log ] at888.icu/99/favicon.ico [运行时间：0.009503s][吞吐率：105.23req/s] [内存消耗：1,650.74kb] [文件加载：44]
[ error ] [8]未定义数组下标: 1

---------------------------------------------------------------
[ 2023-08-26T19:53:24+08:00 ] [ log ] at888.icu/99/index/open.html [运行时间：0.018575s][吞吐率：53.84req/s] [内存消耗：1,865.12kb] [文件加载：50]
[ error ] [8]未定义数组下标: 1

---------------------------------------------------------------
[ 2023-08-26T19:56:34+08:00 ] [ log ] at888.icu/99/ [运行时间：0.011215s][吞吐率：89.17req/s] [内存消耗：1,864.80kb] [文件加载：51]
[ error ] [8]未定义数组下标: 1

---------------------------------------------------------------
[ 2023-08-26T19:56:35+08:00 ] [ log ] at888.icu/99/favicon.ico [运行时间：0.009898s][吞吐率：101.03req/s] [内存消耗：1,650.74kb] [文件加载：44]
[ error ] [8]未定义数组下标: 1

---------------------------------------------------------------
[ 2023-08-26T19:56:37+08:00 ] [ log ] at888.icu/99/index/open.html [运行时间：0.011468s][吞吐率：87.20req/s] [内存消耗：1,865.12kb] [文件加载：50]
[ error ] [8]未定义数组下标: 1

---------------------------------------------------------------
[ 2023-08-26T19:59:13+08:00 ] [ log ] at888.icu/99/ [运行时间：0.011081s][吞吐率：90.24req/s] [内存消耗：1,864.80kb] [文件加载：51]
[ error ] [8]未定义数组下标: 1

---------------------------------------------------------------
[ 2023-08-26T19:59:14+08:00 ] [ log ] at888.icu/99/favicon.ico [运行时间：0.009863s][吞吐率：101.39req/s] [内存消耗：1,650.74kb] [文件加载：44]
[ error ] [8]未定义数组下标: 1

---------------------------------------------------------------
[ 2023-08-26T19:59:16+08:00 ] [ log ] at888.icu/99/index/open.html [运行时间：0.011198s][吞吐率：89.30req/s] [内存消耗：1,865.12kb] [文件加载：50]
[ error ] [8]未定义数组下标: 1

---------------------------------------------------------------
[ 2023-08-26T20:00:48+08:00 ] [ log ] at888.icu/99/ [运行时间：0.011385s][吞吐率：87.83req/s] [内存消耗：1,864.80kb] [文件加载：51]
[ error ] [8]未定义数组下标: 1

---------------------------------------------------------------
[ 2023-08-26T20:00:49+08:00 ] [ log ] at888.icu/99/favicon.ico [运行时间：0.012290s][吞吐率：81.37req/s] [内存消耗：1,650.74kb] [文件加载：44]
[ error ] [8]未定义数组下标: 1

---------------------------------------------------------------
[ 2023-08-26T20:00:51+08:00 ] [ log ] at888.icu/99/index/open.html [运行时间：0.015490s][吞吐率：64.56req/s] [内存消耗：1,865.12kb] [文件加载：50]
[ error ] [8]未定义数组下标: 1

---------------------------------------------------------------
[ 2023-08-26T20:04:00+08:00 ] [ log ] at888.icu/99/ [运行时间：0.011561s][吞吐率：86.50req/s] [内存消耗：1,865.34kb] [文件加载：51]
[ error ] [8]未定义数组下标: 1

---------------------------------------------------------------
[ 2023-08-26T20:04:02+08:00 ] [ log ] at888.icu/99/favicon.ico [运行时间：0.009600s][吞吐率：104.16req/s] [内存消耗：1,650.74kb] [文件加载：44]
[ error ] [8]未定义数组下标: 1

---------------------------------------------------------------
[ 2023-08-26T20:04:06+08:00 ] [ log ] at888.icu/99/index/open.html [运行时间：0.010853s][吞吐率：92.14req/s] [内存消耗：1,865.12kb] [文件加载：50]
[ error ] [8]未定义数组下标: 1

---------------------------------------------------------------
[ 2023-08-26T20:10:04+08:00 ] [ log ] at888.icu/99/ [运行时间：0.011444s][吞吐率：87.38req/s] [内存消耗：1,864.80kb] [文件加载：51]
[ error ] [8]未定义数组下标: 1

---------------------------------------------------------------
[ 2023-08-26T20:10:05+08:00 ] [ log ] at888.icu/99/favicon.ico [运行时间：0.026472s][吞吐率：37.78req/s] [内存消耗：1,650.74kb] [文件加载：44]
[ error ] [8]未定义数组下标: 1

---------------------------------------------------------------
[ 2023-08-26T20:10:07+08:00 ] [ log ] at888.icu/99/index/open.html [运行时间：0.015126s][吞吐率：66.11req/s] [内存消耗：1,865.12kb] [文件加载：50]
[ error ] [8]未定义数组下标: 1

---------------------------------------------------------------
[ 2023-08-26T20:11:11+08:00 ] [ log ] at888.icu/99/ [运行时间：0.041243s][吞吐率：24.25req/s] [内存消耗：1,864.80kb] [文件加载：51]
[ error ] [8]未定义数组下标: 1

---------------------------------------------------------------
[ 2023-08-26T20:11:12+08:00 ] [ log ] at888.icu/99/favicon.ico [运行时间：0.010277s][吞吐率：97.30req/s] [内存消耗：1,650.74kb] [文件加载：44]
[ error ] [8]未定义数组下标: 1

---------------------------------------------------------------
[ 2023-08-26T20:11:14+08:00 ] [ log ] at888.icu/99/index/open.html [运行时间：0.011244s][吞吐率：88.94req/s] [内存消耗：1,865.12kb] [文件加载：50]
[ error ] [8]未定义数组下标: 1

---------------------------------------------------------------
[ 2023-08-26T20:12:27+08:00 ] [ log ] at888.icu/99/ [运行时间：0.036238s][吞吐率：27.60req/s] [内存消耗：1,864.80kb] [文件加载：51]
[ error ] [8]未定义数组下标: 1

---------------------------------------------------------------
[ 2023-08-26T20:12:28+08:00 ] [ log ] at888.icu/99/favicon.ico [运行时间：0.010055s][吞吐率：99.45req/s] [内存消耗：1,650.74kb] [文件加载：44]
[ error ] [8]未定义数组下标: 1

---------------------------------------------------------------
[ 2023-08-26T20:12:30+08:00 ] [ log ] at888.icu/99/index/open.html [运行时间：0.010799s][吞吐率：92.60req/s] [内存消耗：1,865.12kb] [文件加载：50]
[ error ] [8]未定义数组下标: 1

---------------------------------------------------------------
[ 2023-08-26T20:14:15+08:00 ] [ log ] at888.icu/99/ [运行时间：0.010914s][吞吐率：91.63req/s] [内存消耗：1,864.80kb] [文件加载：51]
[ error ] [8]未定义数组下标: 1

---------------------------------------------------------------
[ 2023-08-26T20:14:16+08:00 ] [ log ] at888.icu/99/favicon.ico [运行时间：0.012523s][吞吐率：79.85req/s] [内存消耗：1,650.74kb] [文件加载：44]
[ error ] [8]未定义数组下标: 1

---------------------------------------------------------------
[ 2023-08-26T20:14:18+08:00 ] [ log ] at888.icu/99/index/open.html [运行时间：0.031533s][吞吐率：31.71req/s] [内存消耗：1,865.12kb] [文件加载：50]
[ error ] [8]未定义数组下标: 1

---------------------------------------------------------------
[ 2023-08-26T20:19:42+08:00 ] [ log ] at888.icu/99/ [运行时间：0.010691s][吞吐率：93.54req/s] [内存消耗：1,864.80kb] [文件加载：51]
[ error ] [8]未定义数组下标: 1

---------------------------------------------------------------
[ 2023-08-26T20:19:43+08:00 ] [ log ] at888.icu/99/favicon.ico [运行时间：0.009427s][吞吐率：106.08req/s] [内存消耗：1,650.74kb] [文件加载：44]
[ error ] [8]未定义数组下标: 1

---------------------------------------------------------------
[ 2023-08-26T20:19:45+08:00 ] [ log ] at888.icu/99/index/open.html [运行时间：0.010818s][吞吐率：92.44req/s] [内存消耗：1,865.12kb] [文件加载：50]
[ error ] [8]未定义数组下标: 1

---------------------------------------------------------------
[ 2023-08-26T20:20:05+08:00 ] [ log ] at888.icu/99/ [运行时间：0.036856s][吞吐率：27.13req/s] [内存消耗：1,864.80kb] [文件加载：51]
[ error ] [8]未定义数组下标: 1

---------------------------------------------------------------
[ 2023-08-26T20:20:06+08:00 ] [ log ] at888.icu/99/favicon.ico [运行时间：0.040547s][吞吐率：24.66req/s] [内存消耗：1,650.74kb] [文件加载：44]
[ error ] [8]未定义数组下标: 1

---------------------------------------------------------------
[ 2023-08-26T20:20:10+08:00 ] [ log ] at888.icu/99/index/open.html [运行时间：0.013058s][吞吐率：76.58req/s] [内存消耗：1,865.12kb] [文件加载：50]
[ error ] [8]未定义数组下标: 1

---------------------------------------------------------------
[ 2023-08-26T20:21:05+08:00 ] [ log ] at888.icu/99/ [运行时间：0.011095s][吞吐率：90.13req/s] [内存消耗：1,864.80kb] [文件加载：51]
[ error ] [8]未定义数组下标: 1

---------------------------------------------------------------
[ 2023-08-26T20:21:06+08:00 ] [ log ] at888.icu/99/favicon.ico [运行时间：0.009785s][吞吐率：102.20req/s] [内存消耗：1,650.74kb] [文件加载：44]
[ error ] [8]未定义数组下标: 1

---------------------------------------------------------------
[ 2023-08-26T20:21:09+08:00 ] [ log ] at888.icu/99/index/open.html [运行时间：0.013234s][吞吐率：75.56req/s] [内存消耗：1,865.12kb] [文件加载：50]
[ error ] [8]未定义数组下标: 1

---------------------------------------------------------------
[ 2023-08-26T20:24:47+08:00 ] [ log ] at888.icu/99/ [运行时间：0.017677s][吞吐率：56.57req/s] [内存消耗：1,864.80kb] [文件加载：51]
[ error ] [8]未定义数组下标: 1

---------------------------------------------------------------
[ 2023-08-26T20:24:48+08:00 ] [ log ] at888.icu/99/favicon.ico [运行时间：0.014204s][吞吐率：70.40req/s] [内存消耗：1,650.74kb] [文件加载：44]
[ error ] [8]未定义数组下标: 1

---------------------------------------------------------------
[ 2023-08-26T20:24:55+08:00 ] [ log ] at888.icu/99/index/open.html [运行时间：0.010651s][吞吐率：93.89req/s] [内存消耗：1,865.12kb] [文件加载：50]
[ error ] [8]未定义数组下标: 1

---------------------------------------------------------------
[ 2023-08-26T20:27:03+08:00 ] [ log ] at888.icu/99/ [运行时间：0.010954s][吞吐率：91.29req/s] [内存消耗：1,864.80kb] [文件加载：51]
[ error ] [8]未定义数组下标: 1

---------------------------------------------------------------
[ 2023-08-26T20:27:04+08:00 ] [ log ] at888.icu/99/favicon.ico [运行时间：0.009497s][吞吐率：105.30req/s] [内存消耗：1,650.74kb] [文件加载：44]
[ error ] [8]未定义数组下标: 1

---------------------------------------------------------------
[ 2023-08-26T20:27:06+08:00 ] [ log ] at888.icu/99/index/open.html [运行时间：0.011372s][吞吐率：87.93req/s] [内存消耗：1,865.12kb] [文件加载：50]
[ error ] [8]未定义数组下标: 1

---------------------------------------------------------------
[ 2023-08-26T20:30:40+08:00 ] [ log ] at888.icu/99/ [运行时间：0.015128s][吞吐率：66.10req/s] [内存消耗：1,864.80kb] [文件加载：51]
[ error ] [8]未定义数组下标: 1

---------------------------------------------------------------
[ 2023-08-26T20:30:41+08:00 ] [ log ] at888.icu/99/favicon.ico [运行时间：0.009553s][吞吐率：104.68req/s] [内存消耗：1,650.74kb] [文件加载：44]
[ error ] [8]未定义数组下标: 1

---------------------------------------------------------------
[ 2023-08-26T20:30:43+08:00 ] [ log ] at888.icu/99/index/open.html [运行时间：0.014659s][吞吐率：68.22req/s] [内存消耗：1,865.12kb] [文件加载：50]
[ error ] [8]未定义数组下标: 1

---------------------------------------------------------------
[ 2023-08-26T20:32:47+08:00 ] [ log ] at888.icu/99/ [运行时间：0.011143s][吞吐率：89.74req/s] [内存消耗：1,864.80kb] [文件加载：51]
[ error ] [8]未定义数组下标: 1

---------------------------------------------------------------
[ 2023-08-26T20:32:48+08:00 ] [ log ] at888.icu/99/favicon.ico [运行时间：0.009585s][吞吐率：104.33req/s] [内存消耗：1,650.74kb] [文件加载：44]
[ error ] [8]未定义数组下标: 1

---------------------------------------------------------------
[ 2023-08-26T20:32:50+08:00 ] [ log ] at888.icu/99/index/open.html [运行时间：0.011465s][吞吐率：87.22req/s] [内存消耗：1,865.12kb] [文件加载：50]
[ error ] [8]未定义数组下标: 1

---------------------------------------------------------------
[ 2023-08-26T20:34:16+08:00 ] [ log ] at888.icu/99/ [运行时间：0.011394s][吞吐率：87.77req/s] [内存消耗：1,864.80kb] [文件加载：51]
[ error ] [8]未定义数组下标: 1

---------------------------------------------------------------
[ 2023-08-26T20:34:17+08:00 ] [ log ] at888.icu/99/favicon.ico [运行时间：0.009289s][吞吐率：107.65req/s] [内存消耗：1,650.74kb] [文件加载：44]
[ error ] [8]未定义数组下标: 1

---------------------------------------------------------------
[ 2023-08-26T20:34:20+08:00 ] [ log ] at888.icu/99/index/open.html [运行时间：0.012939s][吞吐率：77.29req/s] [内存消耗：1,865.12kb] [文件加载：50]
[ error ] [8]未定义数组下标: 1

---------------------------------------------------------------
[ 2023-08-26T20:36:09+08:00 ] [ log ] at888.icu/99/ [运行时间：0.011064s][吞吐率：90.38req/s] [内存消耗：1,864.80kb] [文件加载：51]
[ error ] [8]未定义数组下标: 1

---------------------------------------------------------------
[ 2023-08-26T20:36:10+08:00 ] [ log ] at888.icu/99/favicon.ico [运行时间：0.010496s][吞吐率：95.28req/s] [内存消耗：1,650.74kb] [文件加载：44]
[ error ] [8]未定义数组下标: 1

---------------------------------------------------------------
[ 2023-08-26T20:36:12+08:00 ] [ log ] at888.icu/99/index/open.html [运行时间：0.023290s][吞吐率：42.94req/s] [内存消耗：1,865.12kb] [文件加载：50]
[ error ] [8]未定义数组下标: 1

---------------------------------------------------------------
[ 2023-08-26T20:39:49+08:00 ] [ log ] at888.icu/99/ [运行时间：0.011213s][吞吐率：89.18req/s] [内存消耗：1,864.80kb] [文件加载：51]
[ error ] [8]未定义数组下标: 1

---------------------------------------------------------------
[ 2023-08-26T20:39:50+08:00 ] [ log ] at888.icu/99/favicon.ico [运行时间：0.009534s][吞吐率：104.89req/s] [内存消耗：1,650.74kb] [文件加载：44]
[ error ] [8]未定义数组下标: 1

---------------------------------------------------------------
[ 2023-08-26T20:39:52+08:00 ] [ log ] at888.icu/99/index/open.html [运行时间：0.017320s][吞吐率：57.74req/s] [内存消耗：1,865.12kb] [文件加载：50]
[ error ] [8]未定义数组下标: 1

---------------------------------------------------------------
[ 2023-08-26T20:42:52+08:00 ] [ log ] at888.icu/99/ [运行时间：0.010752s][吞吐率：93.01req/s] [内存消耗：1,865.34kb] [文件加载：51]
[ error ] [8]未定义数组下标: 1

---------------------------------------------------------------
[ 2023-08-26T20:42:53+08:00 ] [ log ] at888.icu/99/favicon.ico [运行时间：0.010098s][吞吐率：99.03req/s] [内存消耗：1,650.74kb] [文件加载：44]
[ error ] [8]未定义数组下标: 1

---------------------------------------------------------------
[ 2023-08-26T20:42:57+08:00 ] [ log ] at888.icu/99/index/open.html [运行时间：0.015860s][吞吐率：63.05req/s] [内存消耗：1,865.12kb] [文件加载：50]
[ error ] [8]未定义数组下标: 1

---------------------------------------------------------------
[ 2023-08-26T20:45:56+08:00 ] [ log ] at555.icu/99/ [运行时间：0.011017s][吞吐率：90.77req/s] [内存消耗：1,865.34kb] [文件加载：51]
[ error ] [8]未定义数组下标: 1

---------------------------------------------------------------
[ 2023-08-26T20:45:58+08:00 ] [ log ] at555.icu/99/favicon.ico [运行时间：0.009398s][吞吐率：106.41req/s] [内存消耗：1,650.74kb] [文件加载：44]
[ error ] [8]未定义数组下标: 1

---------------------------------------------------------------
[ 2023-08-26T20:46:00+08:00 ] [ log ] at555.icu/99/index/open.html [运行时间：0.011501s][吞吐率：86.95req/s] [内存消耗：1,865.12kb] [文件加载：50]
[ error ] [8]未定义数组下标: 1

---------------------------------------------------------------
[ 2023-08-26T20:48:08+08:00 ] [ log ] at555.icu/99/ [运行时间：0.010913s][吞吐率：91.63req/s] [内存消耗：1,865.34kb] [文件加载：51]
[ error ] [8]未定义数组下标: 1

---------------------------------------------------------------
[ 2023-08-26T20:48:12+08:00 ] [ log ] at555.icu/99/index/open.html [运行时间：0.040149s][吞吐率：24.91req/s] [内存消耗：1,865.12kb] [文件加载：50]
[ error ] [8]未定义数组下标: 1

---------------------------------------------------------------
[ 2023-08-26T20:48:38+08:00 ] [ log ] at555.icu/99/ [运行时间：0.016101s][吞吐率：62.11req/s] [内存消耗：1,864.80kb] [文件加载：51]
[ error ] [8]未定义数组下标: 1

---------------------------------------------------------------
[ 2023-08-26T20:48:43+08:00 ] [ log ] at555.icu/99/index/open.html [运行时间：0.026092s][吞吐率：38.33req/s] [内存消耗：1,865.12kb] [文件加载：50]
[ error ] [8]未定义数组下标: 1

---------------------------------------------------------------
[ 2023-08-26T20:48:54+08:00 ] [ log ] at444.icu/99/ [运行时间：0.011026s][吞吐率：90.70req/s] [内存消耗：1,865.34kb] [文件加载：51]
[ error ] [8]未定义数组下标: 1

---------------------------------------------------------------
[ 2023-08-26T20:49:00+08:00 ] [ log ] at444.icu/99/index/open.html [运行时间：0.010687s][吞吐率：93.57req/s] [内存消耗：1,865.12kb] [文件加载：50]
[ error ] [8]未定义数组下标: 1

---------------------------------------------------------------
[ 2023-08-26T20:51:05+08:00 ] [ log ] at888.icu/99/ [运行时间：0.011610s][吞吐率：86.13req/s] [内存消耗：1,865.34kb] [文件加载：51]
[ error ] [8]未定义数组下标: 1

---------------------------------------------------------------
[ 2023-08-26T20:51:08+08:00 ] [ log ] at888.icu/99/index/open.html [运行时间：0.014993s][吞吐率：66.70req/s] [内存消耗：1,865.12kb] [文件加载：50]
[ error ] [8]未定义数组下标: 1

---------------------------------------------------------------
[ 2023-08-26T20:51:23+08:00 ] [ log ] at666.icu/99/ [运行时间：0.010641s][吞吐率：93.98req/s] [内存消耗：1,865.34kb] [文件加载：51]
[ error ] [8]未定义数组下标: 1

---------------------------------------------------------------
[ 2023-08-26T20:51:23+08:00 ] [ log ] at666.icu/99/favicon.ico [运行时间：0.009499s][吞吐率：105.28req/s] [内存消耗：1,650.74kb] [文件加载：44]
[ error ] [8]未定义数组下标: 1

---------------------------------------------------------------
[ 2023-08-26T20:51:26+08:00 ] [ log ] at666.icu/99/index/open.html [运行时间：0.013311s][吞吐率：75.13req/s] [内存消耗：1,865.12kb] [文件加载：50]
[ error ] [8]未定义数组下标: 1

---------------------------------------------------------------
[ 2023-08-26T20:51:42+08:00 ] [ log ] at999.icu/99/ [运行时间：0.011222s][吞吐率：89.11req/s] [内存消耗：1,865.34kb] [文件加载：51]
[ error ] [8]未定义数组下标: 1

---------------------------------------------------------------
[ 2023-08-26T20:51:43+08:00 ] [ log ] at999.icu/99/favicon.ico [运行时间：0.014163s][吞吐率：70.61req/s] [内存消耗：1,650.74kb] [文件加载：44]
[ error ] [8]未定义数组下标: 1

---------------------------------------------------------------
[ 2023-08-26T20:52:34+08:00 ] [ log ] at999.icu/99/index/open.html [运行时间：0.018419s][吞吐率：54.29req/s] [内存消耗：1,865.12kb] [文件加载：50]
[ error ] [8]未定义数组下标: 1

---------------------------------------------------------------
[ 2023-08-26T20:54:00+08:00 ] [ log ] at888.icu/99/ [运行时间：0.011930s][吞吐率：83.82req/s] [内存消耗：1,864.80kb] [文件加载：51]
[ error ] [8]未定义数组下标: 1

---------------------------------------------------------------
[ 2023-08-26T20:54:01+08:00 ] [ log ] at888.icu/99/favicon.ico [运行时间：0.027270s][吞吐率：36.67req/s] [内存消耗：1,650.74kb] [文件加载：44]
[ error ] [8]未定义数组下标: 1

---------------------------------------------------------------
[ 2023-08-26T20:54:05+08:00 ] [ log ] at888.icu/99/index/open.html [运行时间：0.013755s][吞吐率：72.70req/s] [内存消耗：1,865.12kb] [文件加载：50]
[ error ] [8]未定义数组下标: 1

---------------------------------------------------------------
[ 2023-08-26T20:57:23+08:00 ] [ log ] at888.icu/99/ [运行时间：0.039258s][吞吐率：25.47req/s] [内存消耗：1,865.34kb] [文件加载：51]
[ error ] [8]未定义数组下标: 1

---------------------------------------------------------------
[ 2023-08-26T20:57:24+08:00 ] [ log ] at888.icu/99/favicon.ico [运行时间：0.035583s][吞吐率：28.10req/s] [内存消耗：1,650.74kb] [文件加载：44]
[ error ] [8]未定义数组下标: 1

---------------------------------------------------------------
[ 2023-08-26T20:57:26+08:00 ] [ log ] at888.icu/99/index/open.html [运行时间：0.040493s][吞吐率：24.70req/s] [内存消耗：1,865.12kb] [文件加载：50]
[ error ] [8]未定义数组下标: 1

---------------------------------------------------------------
[ 2023-08-26T21:10:11+08:00 ] [ log ] at1666.com/99/ [运行时间：0.018942s][吞吐率：52.79req/s] [内存消耗：1,865.34kb] [文件加载：51]
[ error ] [8]未定义数组下标: 1

---------------------------------------------------------------
[ 2023-08-26T21:10:12+08:00 ] [ log ] at1666.com/99/favicon.ico [运行时间：0.009286s][吞吐率：107.69req/s] [内存消耗：1,650.74kb] [文件加载：44]
[ error ] [8]未定义数组下标: 1

---------------------------------------------------------------
[ 2023-08-26T21:10:14+08:00 ] [ log ] at1666.com/99/index/open.html [运行时间：0.010641s][吞吐率：93.98req/s] [内存消耗：1,865.12kb] [文件加载：50]
[ error ] [8]未定义数组下标: 1

---------------------------------------------------------------
[ 2023-08-26T21:26:03+08:00 ] [ log ] at888.icu/99/ [运行时间：0.012301s][吞吐率：81.29req/s] [内存消耗：1,865.34kb] [文件加载：51]
[ error ] [8]未定义数组下标: 1

---------------------------------------------------------------
[ 2023-08-26T21:26:07+08:00 ] [ log ] at888.icu/99/ [运行时间：0.028201s][吞吐率：35.46req/s] [内存消耗：1,864.80kb] [文件加载：51]
[ error ] [8]未定义数组下标: 1

---------------------------------------------------------------
[ 2023-08-26T21:26:08+08:00 ] [ log ] at888.icu/99/favicon.ico [运行时间：0.009295s][吞吐率：107.58req/s] [内存消耗：1,650.74kb] [文件加载：44]
[ error ] [8]未定义数组下标: 1

---------------------------------------------------------------
[ 2023-08-26T21:26:11+08:00 ] [ log ] at888.icu/99/index/open.html [运行时间：0.010698s][吞吐率：93.47req/s] [内存消耗：1,865.12kb] [文件加载：50]
[ error ] [8]未定义数组下标: 1

---------------------------------------------------------------
[ 2023-08-26T21:26:48+08:00 ] [ log ] at888.icu/99/ [运行时间：0.011050s][吞吐率：90.50req/s] [内存消耗：1,865.34kb] [文件加载：51]
[ error ] [8]未定义数组下标: 1

---------------------------------------------------------------
[ 2023-08-26T21:26:55+08:00 ] [ log ] at888.icu/99/favicon.ico [运行时间：0.013189s][吞吐率：75.82req/s] [内存消耗：1,650.74kb] [文件加载：44]
[ error ] [8]未定义数组下标: 1

---------------------------------------------------------------
[ 2023-08-26T21:27:01+08:00 ] [ log ] at888.icu/99/index/open.html [运行时间：0.038580s][吞吐率：25.92req/s] [内存消耗：1,865.12kb] [文件加载：50]
[ error ] [8]未定义数组下标: 1

---------------------------------------------------------------
[ 2023-08-26T21:38:06+08:00 ] [ log ] at888.icu/99/ [运行时间：0.010965s][吞吐率：91.20req/s] [内存消耗：1,864.80kb] [文件加载：51]
[ error ] [8]未定义数组下标: 1

---------------------------------------------------------------
[ 2023-08-26T21:38:06+08:00 ] [ log ] at888.icu/99/favicon.ico [运行时间：0.009638s][吞吐率：103.76req/s] [内存消耗：1,650.74kb] [文件加载：44]
[ error ] [8]未定义数组下标: 1

---------------------------------------------------------------
[ 2023-08-26T21:38:10+08:00 ] [ log ] at888.icu/99/index/open.html [运行时间：0.010733s][吞吐率：93.17req/s] [内存消耗：1,865.12kb] [文件加载：50]
[ error ] [8]未定义数组下标: 1

---------------------------------------------------------------
[ 2023-08-26T21:41:15+08:00 ] [ log ] at888.icu/99/ [运行时间：0.010957s][吞吐率：91.27req/s] [内存消耗：1,864.80kb] [文件加载：51]
[ error ] [8]未定义数组下标: 1

---------------------------------------------------------------
[ 2023-08-26T21:41:15+08:00 ] [ log ] at888.icu/99/?uc_sm=1 [运行时间：0.010669s][吞吐率：93.73req/s] [内存消耗：1,865.44kb] [文件加载：51]
[ error ] [8]未定义数组下标: 1

---------------------------------------------------------------
[ 2023-08-26T21:41:16+08:00 ] [ log ] at888.icu/99/favicon.ico [运行时间：0.009923s][吞吐率：100.78req/s] [内存消耗：1,650.74kb] [文件加载：44]
[ error ] [8]未定义数组下标: 1

---------------------------------------------------------------
[ 2023-08-26T21:41:18+08:00 ] [ log ] at888.icu/99/index/open.html [运行时间：0.033244s][吞吐率：30.08req/s] [内存消耗：1,865.12kb] [文件加载：50]
[ error ] [8]未定义数组下标: 1

---------------------------------------------------------------
[ 2023-08-26T21:45:06+08:00 ] [ log ] at666.icu/99/ [运行时间：0.027999s][吞吐率：35.72req/s] [内存消耗：1,865.34kb] [文件加载：51]
[ error ] [8]未定义数组下标: 1

---------------------------------------------------------------
[ 2023-08-26T21:45:08+08:00 ] [ log ] at666.icu/99/favicon.ico [运行时间：0.019440s][吞吐率：51.44req/s] [内存消耗：1,650.74kb] [文件加载：44]
[ error ] [8]未定义数组下标: 1

---------------------------------------------------------------
[ 2023-08-26T21:45:12+08:00 ] [ log ] at666.icu/99/index/open.html [运行时间：0.025389s][吞吐率：39.39req/s] [内存消耗：1,865.12kb] [文件加载：50]
[ error ] [8]未定义数组下标: 1

---------------------------------------------------------------
[ 2023-08-26T21:46:53+08:00 ] [ log ] at666.icu/99/ [运行时间：0.029683s][吞吐率：33.69req/s] [内存消耗：1,864.80kb] [文件加载：51]
[ error ] [8]未定义数组下标: 1

---------------------------------------------------------------
[ 2023-08-26T21:46:54+08:00 ] [ log ] at666.icu/99/favicon.ico [运行时间：0.009732s][吞吐率：102.76req/s] [内存消耗：1,650.74kb] [文件加载：44]
[ error ] [8]未定义数组下标: 1

---------------------------------------------------------------
