[ 2023-08-27T00:56:37+08:00 ] [ log ] at888.icu/99/ [运行时间：0.015927s][吞吐率：62.79req/s] [内存消耗：1,865.34kb] [文件加载：51]
[ error ] [8]未定义数组下标: 1

---------------------------------------------------------------
[ 2023-08-27T00:56:38+08:00 ] [ log ] at888.icu/99/favicon.ico [运行时间：0.009507s][吞吐率：105.19req/s] [内存消耗：1,650.74kb] [文件加载：44]
[ error ] [8]未定义数组下标: 1

---------------------------------------------------------------
[ 2023-08-27T00:56:41+08:00 ] [ log ] at888.icu/99/index/open.html [运行时间：0.015893s][吞吐率：62.92req/s] [内存消耗：1,865.12kb] [文件加载：50]
[ error ] [8]未定义数组下标: 1

---------------------------------------------------------------
[ 2023-08-27T04:17:22+08:00 ] [ log ] at888.icu/99/ [运行时间：0.010792s][吞吐率：92.66req/s] [内存消耗：1,865.34kb] [文件加载：51]
[ error ] [8]未定义数组下标: 1

---------------------------------------------------------------
[ 2023-08-27T04:17:26+08:00 ] [ log ] at888.icu/99/index/open.html [运行时间：0.010837s][吞吐率：92.28req/s] [内存消耗：1,865.12kb] [文件加载：50]
[ error ] [8]未定义数组下标: 1

---------------------------------------------------------------
[ 2023-08-27T04:17:57+08:00 ] [ log ] at777.icu/99/ [运行时间：0.013645s][吞吐率：73.29req/s] [内存消耗：1,865.34kb] [文件加载：51]
[ error ] [8]未定义数组下标: 1

---------------------------------------------------------------
[ 2023-08-27T04:18:00+08:00 ] [ log ] at777.icu/99/favicon.ico [运行时间：0.009404s][吞吐率：106.34req/s] [内存消耗：1,650.74kb] [文件加载：44]
[ error ] [8]未定义数组下标: 1

---------------------------------------------------------------
[ 2023-08-27T04:18:03+08:00 ] [ log ] at777.icu/99/index/open.html [运行时间：0.010677s][吞吐率：93.66req/s] [内存消耗：1,865.12kb] [文件加载：50]
[ error ] [8]未定义数组下标: 1

---------------------------------------------------------------
[ 2023-08-27T04:20:03+08:00 ] [ log ] at777.icu/99/index/open.html [运行时间：0.011250s][吞吐率：88.89req/s] [内存消耗：1,865.12kb] [文件加载：50]
[ error ] [8]未定义数组下标: 1

---------------------------------------------------------------
[ 2023-08-27T04:21:02+08:00 ] [ log ] at1777.com/99/ [运行时间：0.015487s][吞吐率：64.57req/s] [内存消耗：1,865.34kb] [文件加载：51]
[ error ] [8]未定义数组下标: 1

---------------------------------------------------------------
[ 2023-08-27T04:21:04+08:00 ] [ log ] at1777.com/99/favicon.ico [运行时间：0.009437s][吞吐率：105.96req/s] [内存消耗：1,650.74kb] [文件加载：44]
[ error ] [8]未定义数组下标: 1

---------------------------------------------------------------
[ 2023-08-27T04:21:06+08:00 ] [ log ] at1777.com/99/index/open.html [运行时间：0.011466s][吞吐率：87.21req/s] [内存消耗：1,865.12kb] [文件加载：50]
[ error ] [8]未定义数组下标: 1

---------------------------------------------------------------
[ 2023-08-27T04:38:13+08:00 ] [ log ] at888.icu/99/?uc_sm=1 [运行时间：0.011014s][吞吐率：90.79req/s] [内存消耗：1,865.97kb] [文件加载：51]
[ error ] [8]未定义数组下标: 1

---------------------------------------------------------------
[ 2023-08-27T04:38:13+08:00 ] [ log ] at888.icu/99/ [运行时间：0.013384s][吞吐率：74.72req/s] [内存消耗：1,865.34kb] [文件加载：51]
[ error ] [8]未定义数组下标: 1

---------------------------------------------------------------
[ 2023-08-27T04:38:14+08:00 ] [ log ] at888.icu/99/favicon.ico [运行时间：0.009926s][吞吐率：100.74req/s] [内存消耗：1,650.74kb] [文件加载：44]
[ error ] [8]未定义数组下标: 1

---------------------------------------------------------------
[ 2023-08-27T04:38:17+08:00 ] [ log ] at888.icu/99/index/open.html [运行时间：0.017395s][吞吐率：57.49req/s] [内存消耗：1,865.12kb] [文件加载：50]
[ error ] [8]未定义数组下标: 1

---------------------------------------------------------------
[ 2023-08-27T06:59:40+08:00 ] [ log ] at888.icu/99/ [运行时间：0.010689s][吞吐率：93.55req/s] [内存消耗：1,865.34kb] [文件加载：51]
[ error ] [8]未定义数组下标: 1

---------------------------------------------------------------
[ 2023-08-27T06:59:41+08:00 ] [ log ] at888.icu/99/favicon.ico [运行时间：0.015537s][吞吐率：64.36req/s] [内存消耗：1,650.74kb] [文件加载：44]
[ error ] [8]未定义数组下标: 1

---------------------------------------------------------------
[ 2023-08-27T06:59:43+08:00 ] [ log ] at888.icu/99/index/open.html [运行时间：0.011187s][吞吐率：89.39req/s] [内存消耗：1,865.12kb] [文件加载：50]
[ error ] [8]未定义数组下标: 1

---------------------------------------------------------------
[ 2023-08-27T08:31:29+08:00 ] [ log ] at888.icu/99/ [运行时间：0.015082s][吞吐率：66.30req/s] [内存消耗：1,865.34kb] [文件加载：51]
[ error ] [8]未定义数组下标: 1

---------------------------------------------------------------
[ 2023-08-27T08:31:32+08:00 ] [ log ] at888.icu/99/index/open.html [运行时间：0.014070s][吞吐率：71.07req/s] [内存消耗：1,865.12kb] [文件加载：50]
[ error ] [8]未定义数组下标: 1

---------------------------------------------------------------
[ 2023-08-27T10:12:18+08:00 ] [ log ] at888.icu/99/ [运行时间：0.015244s][吞吐率：65.60req/s] [内存消耗：1,865.34kb] [文件加载：51]
[ error ] [8]未定义数组下标: 1

---------------------------------------------------------------
[ 2023-08-27T10:12:19+08:00 ] [ log ] at888.icu/99/favicon.ico [运行时间：0.014824s][吞吐率：67.46req/s] [内存消耗：1,650.74kb] [文件加载：44]
[ error ] [8]未定义数组下标: 1

---------------------------------------------------------------
[ 2023-08-27T10:12:21+08:00 ] [ log ] at888.icu/99/index/open.html [运行时间：0.039528s][吞吐率：25.30req/s] [内存消耗：1,865.12kb] [文件加载：50]
[ error ] [8]未定义数组下标: 1

---------------------------------------------------------------
[ 2023-08-27T10:28:59+08:00 ] [ log ] at888.icu/99/ [运行时间：0.012031s][吞吐率：83.12req/s] [内存消耗：1,864.80kb] [文件加载：51]
[ error ] [8]未定义数组下标: 1

---------------------------------------------------------------
[ 2023-08-27T10:29:00+08:00 ] [ log ] at888.icu/99/favicon.ico [运行时间：0.011684s][吞吐率：85.59req/s] [内存消耗：1,650.74kb] [文件加载：44]
[ error ] [8]未定义数组下标: 1

---------------------------------------------------------------
[ 2023-08-27T10:29:04+08:00 ] [ log ] at888.icu/99/index/open.html [运行时间：0.010887s][吞吐率：91.85req/s] [内存消耗：1,865.12kb] [文件加载：50]
[ error ] [8]未定义数组下标: 1

---------------------------------------------------------------
[ 2023-08-27T10:30:32+08:00 ] [ log ] at888.icu/99/ [运行时间：0.022064s][吞吐率：45.32req/s] [内存消耗：1,865.34kb] [文件加载：51]
[ error ] [8]未定义数组下标: 1

---------------------------------------------------------------
[ 2023-08-27T10:30:35+08:00 ] [ log ] at888.icu/99/index/open.html [运行时间：0.010942s][吞吐率：91.39req/s] [内存消耗：1,865.12kb] [文件加载：50]
[ error ] [8]未定义数组下标: 1

---------------------------------------------------------------
[ 2023-08-27T10:44:54+08:00 ] [ log ] at888.icu/99/ [运行时间：0.011436s][吞吐率：87.44req/s] [内存消耗：1,864.80kb] [文件加载：51]
[ error ] [8]未定义数组下标: 1

---------------------------------------------------------------
[ 2023-08-27T10:44:54+08:00 ] [ log ] at888.icu/99/favicon.ico [运行时间：0.009671s][吞吐率：103.40req/s] [内存消耗：1,650.74kb] [文件加载：44]
[ error ] [8]未定义数组下标: 1

---------------------------------------------------------------
[ 2023-08-27T10:44:56+08:00 ] [ log ] at888.icu/99/index/open.html [运行时间：0.013729s][吞吐率：72.84req/s] [内存消耗：1,865.12kb] [文件加载：50]
[ error ] [8]未定义数组下标: 1

---------------------------------------------------------------
[ 2023-08-27T10:53:43+08:00 ] [ log ] at888.icu/99/favicon.ico [运行时间：0.024925s][吞吐率：40.12req/s] [内存消耗：1,651.28kb] [文件加载：44]
[ error ] [8]未定义数组下标: 1

---------------------------------------------------------------
[ 2023-08-27T10:53:45+08:00 ] [ log ] at888.icu/99/ [运行时间：0.010865s][吞吐率：92.04req/s] [内存消耗：1,865.34kb] [文件加载：51]
[ error ] [8]未定义数组下标: 1

---------------------------------------------------------------
[ 2023-08-27T10:53:48+08:00 ] [ log ] at888.icu/99/favicon.ico [运行时间：0.010084s][吞吐率：99.17req/s] [内存消耗：1,650.74kb] [文件加载：44]
[ error ] [8]未定义数组下标: 1

---------------------------------------------------------------
[ 2023-08-27T10:53:53+08:00 ] [ log ] at888.icu/99/index/open.html [运行时间：0.010841s][吞吐率：92.24req/s] [内存消耗：1,865.12kb] [文件加载：50]
[ error ] [8]未定义数组下标: 1

---------------------------------------------------------------
[ 2023-08-27T10:59:27+08:00 ] [ log ] at888.icu/99/index/open.html [运行时间：0.011099s][吞吐率：90.10req/s] [内存消耗：1,865.12kb] [文件加载：50]
[ error ] [8]未定义数组下标: 1

---------------------------------------------------------------
[ 2023-08-27T11:02:24+08:00 ] [ log ] at888.icu/99/ [运行时间：0.011130s][吞吐率：89.85req/s] [内存消耗：1,864.80kb] [文件加载：51]
[ error ] [8]未定义数组下标: 1

---------------------------------------------------------------
[ 2023-08-27T11:02:26+08:00 ] [ log ] at888.icu/99/favicon.ico [运行时间：0.010612s][吞吐率：94.23req/s] [内存消耗：1,650.74kb] [文件加载：44]
[ error ] [8]未定义数组下标: 1

---------------------------------------------------------------
[ 2023-08-27T11:02:28+08:00 ] [ log ] at888.icu/99/index/open.html [运行时间：0.010739s][吞吐率：93.12req/s] [内存消耗：1,865.12kb] [文件加载：50]
[ error ] [8]未定义数组下标: 1

---------------------------------------------------------------
[ 2023-08-27T11:04:11+08:00 ] [ log ] at888.icu/99/ [运行时间：0.016105s][吞吐率：62.09req/s] [内存消耗：1,865.34kb] [文件加载：51]
[ error ] [8]未定义数组下标: 1

---------------------------------------------------------------
[ 2023-08-27T11:04:12+08:00 ] [ log ] at888.icu/99/favicon.ico [运行时间：0.010459s][吞吐率：95.61req/s] [内存消耗：1,650.74kb] [文件加载：44]
[ error ] [8]未定义数组下标: 1

---------------------------------------------------------------
[ 2023-08-27T11:04:14+08:00 ] [ log ] at888.icu/99/index/open.html [运行时间：0.013913s][吞吐率：71.88req/s] [内存消耗：1,865.12kb] [文件加载：50]
[ error ] [8]未定义数组下标: 1

---------------------------------------------------------------
[ 2023-08-27T11:36:31+08:00 ] [ log ] at888.icu/99/ [运行时间：0.011170s][吞吐率：89.53req/s] [内存消耗：1,865.34kb] [文件加载：51]
[ error ] [8]未定义数组下标: 1

---------------------------------------------------------------
[ 2023-08-27T11:36:31+08:00 ] [ log ] at888.icu/99/favicon.ico [运行时间：0.010457s][吞吐率：95.63req/s] [内存消耗：1,650.74kb] [文件加载：44]
[ error ] [8]未定义数组下标: 1

---------------------------------------------------------------
[ 2023-08-27T11:36:34+08:00 ] [ log ] at888.icu/99/index/open.html [运行时间：0.010895s][吞吐率：91.79req/s] [内存消耗：1,865.12kb] [文件加载：50]
[ error ] [8]未定义数组下标: 1

---------------------------------------------------------------
[ 2023-08-27T11:48:39+08:00 ] [ log ] at888.icu/99/ [运行时间：0.011258s][吞吐率：88.83req/s] [内存消耗：1,864.80kb] [文件加载：51]
[ error ] [8]未定义数组下标: 1

---------------------------------------------------------------
[ 2023-08-27T11:48:39+08:00 ] [ log ] at888.icu/99/favicon.ico [运行时间：0.009594s][吞吐率：104.23req/s] [内存消耗：1,650.74kb] [文件加载：44]
[ error ] [8]未定义数组下标: 1

---------------------------------------------------------------
[ 2023-08-27T11:48:41+08:00 ] [ log ] at888.icu/99/index/open.html [运行时间：0.013442s][吞吐率：74.39req/s] [内存消耗：1,865.12kb] [文件加载：50]
[ error ] [8]未定义数组下标: 1

---------------------------------------------------------------
[ 2023-08-27T11:50:07+08:00 ] [ log ] at888.icu/99/ [运行时间：0.011387s][吞吐率：87.82req/s] [内存消耗：1,864.80kb] [文件加载：51]
[ error ] [8]未定义数组下标: 1

---------------------------------------------------------------
[ 2023-08-27T11:50:08+08:00 ] [ log ] at888.icu/99/favicon.ico [运行时间：0.009491s][吞吐率：105.36req/s] [内存消耗：1,650.74kb] [文件加载：44]
[ error ] [8]未定义数组下标: 1

---------------------------------------------------------------
[ 2023-08-27T11:50:10+08:00 ] [ log ] at888.icu/99/index/open.html [运行时间：0.010866s][吞吐率：92.03req/s] [内存消耗：1,865.12kb] [文件加载：50]
[ error ] [8]未定义数组下标: 1

---------------------------------------------------------------
[ 2023-08-27T11:51:42+08:00 ] [ log ] at888.icu/99/ [运行时间：0.041113s][吞吐率：24.32req/s] [内存消耗：1,864.80kb] [文件加载：51]
[ error ] [8]未定义数组下标: 1

---------------------------------------------------------------
[ 2023-08-27T11:51:42+08:00 ] [ log ] at888.icu/99/favicon.ico [运行时间：0.034658s][吞吐率：28.85req/s] [内存消耗：1,650.74kb] [文件加载：44]
[ error ] [8]未定义数组下标: 1

---------------------------------------------------------------
[ 2023-08-27T11:51:44+08:00 ] [ log ] at888.icu/99/index/open.html [运行时间：0.012639s][吞吐率：79.12req/s] [内存消耗：1,865.12kb] [文件加载：50]
[ error ] [8]未定义数组下标: 1

---------------------------------------------------------------
[ 2023-08-27T11:53:47+08:00 ] [ log ] at888.icu/99/ [运行时间：0.015360s][吞吐率：65.10req/s] [内存消耗：1,864.80kb] [文件加载：51]
[ error ] [8]未定义数组下标: 1

---------------------------------------------------------------
[ 2023-08-27T11:53:47+08:00 ] [ log ] at888.icu/99/favicon.ico [运行时间：0.009815s][吞吐率：101.89req/s] [内存消耗：1,650.74kb] [文件加载：44]
[ error ] [8]未定义数组下标: 1

---------------------------------------------------------------
[ 2023-08-27T11:53:50+08:00 ] [ log ] at888.icu/99/index/open.html [运行时间：0.011457s][吞吐率：87.28req/s] [内存消耗：1,865.12kb] [文件加载：50]
[ error ] [8]未定义数组下标: 1

---------------------------------------------------------------
[ 2023-08-27T11:54:10+08:00 ] [ log ] at888.icu/99/ [运行时间：0.011068s][吞吐率：90.35req/s] [内存消耗：1,864.80kb] [文件加载：51]
[ error ] [8]未定义数组下标: 1

---------------------------------------------------------------
[ 2023-08-27T11:56:28+08:00 ] [ log ] at888.icu/99/ [运行时间：0.010761s][吞吐率：92.93req/s] [内存消耗：1,864.80kb] [文件加载：51]
[ error ] [8]未定义数组下标: 1

---------------------------------------------------------------
[ 2023-08-27T11:56:29+08:00 ] [ log ] at888.icu/99/favicon.ico [运行时间：0.009309s][吞吐率：107.42req/s] [内存消耗：1,650.74kb] [文件加载：44]
[ error ] [8]未定义数组下标: 1

---------------------------------------------------------------
[ 2023-08-27T11:56:32+08:00 ] [ log ] at888.icu/99/index/open.html [运行时间：0.011219s][吞吐率：89.13req/s] [内存消耗：1,865.12kb] [文件加载：50]
[ error ] [8]未定义数组下标: 1

---------------------------------------------------------------
[ 2023-08-27T12:02:03+08:00 ] [ log ] at888.icu/99/ [运行时间：0.010631s][吞吐率：94.06req/s] [内存消耗：1,864.80kb] [文件加载：51]
[ error ] [8]未定义数组下标: 1

---------------------------------------------------------------
[ 2023-08-27T12:02:04+08:00 ] [ log ] at888.icu/99/favicon.ico [运行时间：0.009907s][吞吐率：100.94req/s] [内存消耗：1,650.74kb] [文件加载：44]
[ error ] [8]未定义数组下标: 1

---------------------------------------------------------------
[ 2023-08-27T12:02:06+08:00 ] [ log ] at888.icu/99/index/open.html [运行时间：0.010638s][吞吐率：94.00req/s] [内存消耗：1,865.12kb] [文件加载：50]
[ error ] [8]未定义数组下标: 1

---------------------------------------------------------------
[ 2023-08-27T12:06:12+08:00 ] [ log ] at888.icu/99/ [运行时间：0.011316s][吞吐率：88.37req/s] [内存消耗：1,865.34kb] [文件加载：51]
[ error ] [8]未定义数组下标: 1

---------------------------------------------------------------
[ 2023-08-27T12:06:13+08:00 ] [ log ] at888.icu/99/favicon.ico [运行时间：0.035265s][吞吐率：28.36req/s] [内存消耗：1,650.74kb] [文件加载：44]
[ error ] [8]未定义数组下标: 1

---------------------------------------------------------------
[ 2023-08-27T12:06:15+08:00 ] [ log ] at888.icu/99/index/open.html [运行时间：0.015801s][吞吐率：63.29req/s] [内存消耗：1,865.12kb] [文件加载：50]
[ error ] [8]未定义数组下标: 1

---------------------------------------------------------------
[ 2023-08-27T12:28:04+08:00 ] [ log ] at888.icu/99/ [运行时间：0.010979s][吞吐率：91.08req/s] [内存消耗：1,864.80kb] [文件加载：51]
[ error ] [8]未定义数组下标: 1

---------------------------------------------------------------
[ 2023-08-27T12:28:04+08:00 ] [ log ] at888.icu/99/favicon.ico [运行时间：0.009502s][吞吐率：105.24req/s] [内存消耗：1,650.74kb] [文件加载：44]
[ error ] [8]未定义数组下标: 1

---------------------------------------------------------------
[ 2023-08-27T12:28:06+08:00 ] [ log ] at888.icu/99/index/open.html [运行时间：0.014792s][吞吐率：67.60req/s] [内存消耗：1,865.12kb] [文件加载：50]
[ error ] [8]未定义数组下标: 1

---------------------------------------------------------------
[ 2023-08-27T12:35:52+08:00 ] [ log ] at888.icu/99/index/open.html [运行时间：0.011637s][吞吐率：85.93req/s] [内存消耗：1,865.15kb] [文件加载：50]
[ error ] [8]未定义数组下标: 1

---------------------------------------------------------------
[ 2023-08-27T12:36:15+08:00 ] [ log ] at888.icu/99/ [运行时间：0.027069s][吞吐率：36.94req/s] [内存消耗：1,864.80kb] [文件加载：51]
[ error ] [8]未定义数组下标: 1

---------------------------------------------------------------
[ 2023-08-27T12:36:16+08:00 ] [ log ] at888.icu/99/favicon.ico [运行时间：0.025476s][吞吐率：39.25req/s] [内存消耗：1,650.74kb] [文件加载：44]
[ error ] [8]未定义数组下标: 1

---------------------------------------------------------------
[ 2023-08-27T12:36:18+08:00 ] [ log ] at888.icu/99/index/open.html [运行时间：0.010919s][吞吐率：91.58req/s] [内存消耗：1,865.12kb] [文件加载：50]
[ error ] [8]未定义数组下标: 1

---------------------------------------------------------------
[ 2023-08-27T12:49:39+08:00 ] [ log ] at888.icu/99/ [运行时间：0.037307s][吞吐率：26.80req/s] [内存消耗：1,865.34kb] [文件加载：51]
[ error ] [8]未定义数组下标: 1

---------------------------------------------------------------
[ 2023-08-27T12:49:41+08:00 ] [ log ] at888.icu/99/favicon.ico [运行时间：0.028641s][吞吐率：34.91req/s] [内存消耗：1,650.74kb] [文件加载：44]
[ error ] [8]未定义数组下标: 1

---------------------------------------------------------------
[ 2023-08-27T12:49:48+08:00 ] [ log ] at888.icu/99/index/open.html [运行时间：0.010850s][吞吐率：92.17req/s] [内存消耗：1,865.12kb] [文件加载：50]
[ error ] [8]未定义数组下标: 1

---------------------------------------------------------------
[ 2023-08-27T13:14:31+08:00 ] [ log ] at888.icu/99/ [运行时间：0.011557s][吞吐率：86.53req/s] [内存消耗：1,864.80kb] [文件加载：51]
[ error ] [8]未定义数组下标: 1

---------------------------------------------------------------
[ 2023-08-27T13:14:32+08:00 ] [ log ] at888.icu/99/favicon.ico [运行时间：0.009384s][吞吐率：106.57req/s] [内存消耗：1,650.74kb] [文件加载：44]
[ error ] [8]未定义数组下标: 1

---------------------------------------------------------------
[ 2023-08-27T13:14:39+08:00 ] [ log ] at888.icu/99/index/open.html [运行时间：0.010797s][吞吐率：92.62req/s] [内存消耗：1,865.12kb] [文件加载：50]
[ error ] [8]未定义数组下标: 1

---------------------------------------------------------------
[ 2023-08-27T13:17:07+08:00 ] [ log ] at1666.com/99/ [运行时间：0.016653s][吞吐率：60.05req/s] [内存消耗：1,865.34kb] [文件加载：51]
[ error ] [8]未定义数组下标: 1

---------------------------------------------------------------
[ 2023-08-27T13:17:08+08:00 ] [ log ] at1666.com/99/favicon.ico [运行时间：0.044759s][吞吐率：22.34req/s] [内存消耗：1,650.74kb] [文件加载：44]
[ error ] [8]未定义数组下标: 1

---------------------------------------------------------------
[ 2023-08-27T13:17:11+08:00 ] [ log ] at1666.com/99/index/open.html [运行时间：0.014529s][吞吐率：68.83req/s] [内存消耗：1,865.12kb] [文件加载：50]
[ error ] [8]未定义数组下标: 1

---------------------------------------------------------------
[ 2023-08-27T13:18:24+08:00 ] [ log ] at888.icu/99/ [运行时间：0.010755s][吞吐率：92.98req/s] [内存消耗：1,864.80kb] [文件加载：51]
[ error ] [8]未定义数组下标: 1

---------------------------------------------------------------
[ 2023-08-27T13:18:24+08:00 ] [ log ] at888.icu/99/favicon.ico [运行时间：0.010757s][吞吐率：92.96req/s] [内存消耗：1,650.74kb] [文件加载：44]
[ error ] [8]未定义数组下标: 1

---------------------------------------------------------------
[ 2023-08-27T13:18:26+08:00 ] [ log ] at888.icu/99/index/open.html [运行时间：0.030396s][吞吐率：32.90req/s] [内存消耗：1,865.12kb] [文件加载：50]
[ error ] [8]未定义数组下标: 1

---------------------------------------------------------------
[ 2023-08-27T13:20:07+08:00 ] [ log ] at888.icu/99/ [运行时间：0.010758s][吞吐率：92.95req/s] [内存消耗：1,864.80kb] [文件加载：51]
[ error ] [8]未定义数组下标: 1

---------------------------------------------------------------
[ 2023-08-27T13:20:07+08:00 ] [ log ] at888.icu/99/favicon.ico [运行时间：0.020136s][吞吐率：49.66req/s] [内存消耗：1,650.74kb] [文件加载：44]
[ error ] [8]未定义数组下标: 1

---------------------------------------------------------------
[ 2023-08-27T13:36:34+08:00 ] [ log ] at888.icu/99/ [运行时间：0.011350s][吞吐率：88.10req/s] [内存消耗：1,864.80kb] [文件加载：51]
[ error ] [8]未定义数组下标: 1

---------------------------------------------------------------
[ 2023-08-27T13:36:35+08:00 ] [ log ] at888.icu/99/favicon.ico [运行时间：0.011885s][吞吐率：84.14req/s] [内存消耗：1,650.74kb] [文件加载：44]
[ error ] [8]未定义数组下标: 1

---------------------------------------------------------------
[ 2023-08-27T13:36:38+08:00 ] [ log ] at888.icu/99/index/open.html [运行时间：0.010907s][吞吐率：91.68req/s] [内存消耗：1,865.12kb] [文件加载：50]
[ error ] [8]未定义数组下标: 1

---------------------------------------------------------------
[ 2023-08-27T13:37:27+08:00 ] [ log ] at888.icu/99/ [运行时间：0.013799s][吞吐率：72.47req/s] [内存消耗：1,864.80kb] [文件加载：51]
[ error ] [8]未定义数组下标: 1

---------------------------------------------------------------
[ 2023-08-27T13:37:27+08:00 ] [ log ] at888.icu/99/favicon.ico [运行时间：0.013058s][吞吐率：76.58req/s] [内存消耗：1,650.74kb] [文件加载：44]
[ error ] [8]未定义数组下标: 1

---------------------------------------------------------------
[ 2023-08-27T13:37:29+08:00 ] [ log ] at888.icu/99/index/open.html [运行时间：0.025073s][吞吐率：39.88req/s] [内存消耗：1,865.12kb] [文件加载：50]
[ error ] [8]未定义数组下标: 1

---------------------------------------------------------------
[ 2023-08-27T13:40:56+08:00 ] [ log ] at888.icu/99/ [运行时间：0.010973s][吞吐率：91.13req/s] [内存消耗：1,864.80kb] [文件加载：51]
[ error ] [8]未定义数组下标: 1

---------------------------------------------------------------
[ 2023-08-27T13:40:56+08:00 ] [ log ] at888.icu/99/favicon.ico [运行时间：0.011943s][吞吐率：83.73req/s] [内存消耗：1,650.74kb] [文件加载：44]
[ error ] [8]未定义数组下标: 1

---------------------------------------------------------------
[ 2023-08-27T14:02:07+08:00 ] [ log ] at888.icu/99/ [运行时间：0.013005s][吞吐率：76.89req/s] [内存消耗：1,865.34kb] [文件加载：51]
[ error ] [8]未定义数组下标: 1

---------------------------------------------------------------
[ 2023-08-27T14:02:11+08:00 ] [ log ] at888.icu/99/favicon.ico [运行时间：0.029601s][吞吐率：33.78req/s] [内存消耗：1,650.74kb] [文件加载：44]
[ error ] [8]未定义数组下标: 1

---------------------------------------------------------------
[ 2023-08-27T14:02:13+08:00 ] [ log ] at888.icu/99/index/open.html [运行时间：0.013526s][吞吐率：73.93req/s] [内存消耗：1,865.12kb] [文件加载：50]
[ error ] [8]未定义数组下标: 1

---------------------------------------------------------------
[ 2023-08-27T14:19:32+08:00 ] [ log ] at888.icu/99/ [运行时间：0.010888s][吞吐率：91.84req/s] [内存消耗：1,864.80kb] [文件加载：51]
[ error ] [8]未定义数组下标: 1

---------------------------------------------------------------
[ 2023-08-27T14:19:32+08:00 ] [ log ] at888.icu/99/favicon.ico [运行时间：0.013452s][吞吐率：74.34req/s] [内存消耗：1,650.74kb] [文件加载：44]
[ error ] [8]未定义数组下标: 1

---------------------------------------------------------------
[ 2023-08-27T14:53:28+08:00 ] [ log ] at888.icu/99/ [运行时间：0.026235s][吞吐率：38.12req/s] [内存消耗：1,865.34kb] [文件加载：51]
[ error ] [8]未定义数组下标: 1

---------------------------------------------------------------
[ 2023-08-27T14:53:29+08:00 ] [ log ] at888.icu/99/favicon.ico [运行时间：0.027557s][吞吐率：36.29req/s] [内存消耗：1,650.74kb] [文件加载：44]
[ error ] [8]未定义数组下标: 1

---------------------------------------------------------------
[ 2023-08-27T14:53:32+08:00 ] [ log ] at888.icu/99/index/open.html [运行时间：0.015815s][吞吐率：63.23req/s] [内存消耗：1,865.12kb] [文件加载：50]
[ error ] [8]未定义数组下标: 1

---------------------------------------------------------------
[ 2023-08-27T17:24:16+08:00 ] [ log ] at888.icu/99/ [运行时间：0.011062s][吞吐率：90.40req/s] [内存消耗：1,865.34kb] [文件加载：51]
[ error ] [8]未定义数组下标: 1

---------------------------------------------------------------
[ 2023-08-27T17:24:17+08:00 ] [ log ] at888.icu/99/?uc_sm=1&from=wh10331 [运行时间：0.011317s][吞吐率：88.36req/s] [内存消耗：1,865.98kb] [文件加载：51]
[ error ] [8]未定义数组下标: 1

---------------------------------------------------------------
[ 2023-08-27T17:24:17+08:00 ] [ log ] at888.icu/99/favicon.ico [运行时间：0.009393s][吞吐率：106.46req/s] [内存消耗：1,650.74kb] [文件加载：44]
[ error ] [8]未定义数组下标: 1

---------------------------------------------------------------
[ 2023-08-27T17:24:20+08:00 ] [ log ] at888.icu/99/index/open.html [运行时间：0.010730s][吞吐率：93.20req/s] [内存消耗：1,865.12kb] [文件加载：50]
[ error ] [8]未定义数组下标: 1

---------------------------------------------------------------
[ 2023-08-27T17:33:40+08:00 ] [ log ] at888.icu/99/ [运行时间：0.010785s][吞吐率：92.72req/s] [内存消耗：1,865.34kb] [文件加载：51]
[ error ] [8]未定义数组下标: 1

---------------------------------------------------------------
[ 2023-08-27T17:53:15+08:00 ] [ log ] at666.icu/99/?uc_sm=1&from=wh10331 [运行时间：0.013477s][吞吐率：74.20req/s] [内存消耗：1,865.98kb] [文件加载：51]
[ error ] [8]未定义数组下标: 1

---------------------------------------------------------------
[ 2023-08-27T17:53:15+08:00 ] [ log ] at666.icu/99/ [运行时间：0.020918s][吞吐率：47.81req/s] [内存消耗：1,865.34kb] [文件加载：51]
[ error ] [8]未定义数组下标: 1

---------------------------------------------------------------
[ 2023-08-27T17:53:17+08:00 ] [ log ] at666.icu/99/favicon.ico [运行时间：0.009265s][吞吐率：107.93req/s] [内存消耗：1,650.74kb] [文件加载：44]
[ error ] [8]未定义数组下标: 1

---------------------------------------------------------------
[ 2023-08-27T17:53:29+08:00 ] [ log ] at888.icu/99/ [运行时间：0.016037s][吞吐率：62.36req/s] [内存消耗：1,864.80kb] [文件加载：51]
[ error ] [8]未定义数组下标: 1

---------------------------------------------------------------
[ 2023-08-27T17:53:31+08:00 ] [ log ] at888.icu/99/favicon.ico [运行时间：0.009332s][吞吐率：107.16req/s] [内存消耗：1,650.74kb] [文件加载：44]
[ error ] [8]未定义数组下标: 1

---------------------------------------------------------------
[ 2023-08-27T17:53:34+08:00 ] [ log ] at888.icu/99/index/open.html [运行时间：0.010714s][吞吐率：93.34req/s] [内存消耗：1,865.12kb] [文件加载：50]
[ error ] [8]未定义数组下标: 1

---------------------------------------------------------------
[ 2023-08-27T18:00:14+08:00 ] [ log ] at888.icu/99/index/open.html [运行时间：0.038485s][吞吐率：25.98req/s] [内存消耗：1,865.12kb] [文件加载：50]
[ error ] [8]未定义数组下标: 1

---------------------------------------------------------------
[ 2023-08-27T18:02:10+08:00 ] [ log ] at888.icu/99/?uc_sm=1 [运行时间：0.033210s][吞吐率：30.11req/s] [内存消耗：1,865.44kb] [文件加载：51]
[ error ] [8]未定义数组下标: 1

---------------------------------------------------------------
[ 2023-08-27T18:02:10+08:00 ] [ log ] at888.icu/99/ [运行时间：0.014719s][吞吐率：67.94req/s] [内存消耗：1,864.80kb] [文件加载：51]
[ error ] [8]未定义数组下标: 1

---------------------------------------------------------------
[ 2023-08-27T18:02:11+08:00 ] [ log ] at888.icu/99/favicon.ico [运行时间：0.009838s][吞吐率：101.65req/s] [内存消耗：1,650.74kb] [文件加载：44]
[ error ] [8]未定义数组下标: 1

---------------------------------------------------------------
[ 2023-08-27T18:02:14+08:00 ] [ log ] at888.icu/99/index/open.html [运行时间：0.016901s][吞吐率：59.17req/s] [内存消耗：1,865.12kb] [文件加载：50]
[ error ] [8]未定义数组下标: 1

---------------------------------------------------------------
[ 2023-08-27T18:05:55+08:00 ] [ log ] at888.icu/99/?uc_sm=1 [运行时间：0.010729s][吞吐率：93.20req/s] [内存消耗：1,865.44kb] [文件加载：51]
[ error ] [8]未定义数组下标: 1

---------------------------------------------------------------
[ 2023-08-27T18:05:55+08:00 ] [ log ] at888.icu/99/ [运行时间：0.010783s][吞吐率：92.74req/s] [内存消耗：1,864.80kb] [文件加载：51]
[ error ] [8]未定义数组下标: 1

---------------------------------------------------------------
[ 2023-08-27T18:05:56+08:00 ] [ log ] at888.icu/99/favicon.ico [运行时间：0.028367s][吞吐率：35.25req/s] [内存消耗：1,650.74kb] [文件加载：44]
[ error ] [8]未定义数组下标: 1

---------------------------------------------------------------
[ 2023-08-27T18:05:58+08:00 ] [ log ] at888.icu/99/index/open.html [运行时间：0.013185s][吞吐率：75.84req/s] [内存消耗：1,865.12kb] [文件加载：50]
[ error ] [8]未定义数组下标: 1

---------------------------------------------------------------
[ 2023-08-27T18:30:17+08:00 ] [ log ] at888.icu/99/favicon.ico [运行时间：0.009868s][吞吐率：101.34req/s] [内存消耗：1,651.28kb] [文件加载：44]
[ error ] [8]未定义数组下标: 1

---------------------------------------------------------------
[ 2023-08-27T18:30:19+08:00 ] [ log ] at888.icu/99/favicon.ico [运行时间：0.009735s][吞吐率：102.72req/s] [内存消耗：1,650.74kb] [文件加载：44]
[ error ] [8]未定义数组下标: 1

---------------------------------------------------------------
[ 2023-08-27T18:30:20+08:00 ] [ log ] at888.icu/99/favicon.ico [运行时间：0.017634s][吞吐率：56.71req/s] [内存消耗：1,650.74kb] [文件加载：44]
[ error ] [8]未定义数组下标: 1

---------------------------------------------------------------
[ 2023-08-27T18:30:22+08:00 ] [ log ] at888.icu/99/favicon.ico [运行时间：0.009934s][吞吐率：100.66req/s] [内存消耗：1,650.74kb] [文件加载：44]
[ error ] [8]未定义数组下标: 1

---------------------------------------------------------------
[ 2023-08-27T18:30:33+08:00 ] [ log ] at888.icu/99/?uc_sm=1 [运行时间：0.011360s][吞吐率：88.03req/s] [内存消耗：1,865.97kb] [文件加载：51]
[ error ] [8]未定义数组下标: 1

---------------------------------------------------------------
[ 2023-08-27T18:30:34+08:00 ] [ log ] at888.icu/99/ [运行时间：0.011549s][吞吐率：86.59req/s] [内存消耗：1,865.34kb] [文件加载：51]
[ error ] [8]未定义数组下标: 1

---------------------------------------------------------------
[ 2023-08-27T18:30:34+08:00 ] [ log ] at888.icu/99/favicon.ico [运行时间：0.028736s][吞吐率：34.80req/s] [内存消耗：1,650.74kb] [文件加载：44]
[ error ] [8]未定义数组下标: 1

---------------------------------------------------------------
[ 2023-08-27T18:30:36+08:00 ] [ log ] at888.icu/99/index/open.html [运行时间：0.015759s][吞吐率：63.46req/s] [内存消耗：1,865.12kb] [文件加载：50]
[ error ] [8]未定义数组下标: 1

---------------------------------------------------------------
[ 2023-08-27T18:31:00+08:00 ] [ log ] at888.icu/99/favicon.ico [运行时间：0.019863s][吞吐率：50.34req/s] [内存消耗：1,650.74kb] [文件加载：44]
[ error ] [8]未定义数组下标: 1

---------------------------------------------------------------
[ 2023-08-27T18:31:07+08:00 ] [ log ] at888.icu/99/?uc_sm=1 [运行时间：0.015132s][吞吐率：66.09req/s] [内存消耗：1,865.44kb] [文件加载：51]
[ error ] [8]未定义数组下标: 1

---------------------------------------------------------------
[ 2023-08-27T18:31:07+08:00 ] [ log ] at888.icu/99/ [运行时间：0.010738s][吞吐率：93.13req/s] [内存消耗：1,864.80kb] [文件加载：51]
[ error ] [8]未定义数组下标: 1

---------------------------------------------------------------
[ 2023-08-27T18:31:08+08:00 ] [ log ] at888.icu/99/favicon.ico [运行时间：0.009506s][吞吐率：105.19req/s] [内存消耗：1,650.74kb] [文件加载：44]
[ error ] [8]未定义数组下标: 1

---------------------------------------------------------------
[ 2023-08-27T18:31:10+08:00 ] [ log ] at888.icu/99/index/open.html [运行时间：0.013640s][吞吐率：73.31req/s] [内存消耗：1,865.12kb] [文件加载：50]
[ error ] [8]未定义数组下标: 1

---------------------------------------------------------------
[ 2023-08-27T18:38:24+08:00 ] [ log ] at888.icu/99/ [运行时间：0.011767s][吞吐率：84.98req/s] [内存消耗：1,865.34kb] [文件加载：51]
[ error ] [8]未定义数组下标: 1

---------------------------------------------------------------
[ 2023-08-27T18:38:25+08:00 ] [ log ] at888.icu/99/favicon.ico [运行时间：0.009597s][吞吐率：104.20req/s] [内存消耗：1,650.74kb] [文件加载：44]
[ error ] [8]未定义数组下标: 1

---------------------------------------------------------------
[ 2023-08-27T18:38:29+08:00 ] [ log ] at888.icu/99/index/open.html [运行时间：0.012602s][吞吐率：79.35req/s] [内存消耗：1,865.12kb] [文件加载：50]
[ error ] [8]未定义数组下标: 1

---------------------------------------------------------------
[ 2023-08-27T18:39:12+08:00 ] [ log ] at888.icu/99/ [运行时间：0.010715s][吞吐率：93.33req/s] [内存消耗：1,865.34kb] [文件加载：51]
[ error ] [8]未定义数组下标: 1

---------------------------------------------------------------
[ 2023-08-27T18:39:12+08:00 ] [ log ] at888.icu/99/favicon.ico [运行时间：0.009260s][吞吐率：107.99req/s] [内存消耗：1,650.74kb] [文件加载：44]
[ error ] [8]未定义数组下标: 1

---------------------------------------------------------------
[ 2023-08-27T18:39:17+08:00 ] [ log ] at888.icu/99/index/open.html [运行时间：0.018196s][吞吐率：54.96req/s] [内存消耗：1,865.12kb] [文件加载：50]
[ error ] [8]未定义数组下标: 1

---------------------------------------------------------------
[ 2023-08-27T19:03:10+08:00 ] [ log ] at888.icu/99/ [运行时间：0.011154s][吞吐率：89.65req/s] [内存消耗：1,864.80kb] [文件加载：51]
[ error ] [8]未定义数组下标: 1

---------------------------------------------------------------
[ 2023-08-27T19:03:10+08:00 ] [ log ] at888.icu/99/favicon.ico [运行时间：0.037302s][吞吐率：26.81req/s] [内存消耗：1,650.74kb] [文件加载：44]
[ error ] [8]未定义数组下标: 1

---------------------------------------------------------------
[ 2023-08-27T19:03:12+08:00 ] [ log ] at888.icu/99/index/open.html [运行时间：0.010882s][吞吐率：91.89req/s] [内存消耗：1,865.12kb] [文件加载：50]
[ error ] [8]未定义数组下标: 1

---------------------------------------------------------------
[ 2023-08-27T19:03:58+08:00 ] [ log ] at888.icu/99/ [运行时间：0.010968s][吞吐率：91.17req/s] [内存消耗：1,864.80kb] [文件加载：51]
[ error ] [8]未定义数组下标: 1

---------------------------------------------------------------
[ 2023-08-27T19:04:00+08:00 ] [ log ] at888.icu/99/favicon.ico [运行时间：0.012475s][吞吐率：80.16req/s] [内存消耗：1,650.74kb] [文件加载：44]
[ error ] [8]未定义数组下标: 1

---------------------------------------------------------------
[ 2023-08-27T19:04:02+08:00 ] [ log ] at888.icu/99/index/open.html [运行时间：0.015268s][吞吐率：65.50req/s] [内存消耗：1,865.12kb] [文件加载：50]
[ error ] [8]未定义数组下标: 1

---------------------------------------------------------------
[ 2023-08-27T19:11:19+08:00 ] [ log ] at888.icu/99/ [运行时间：0.010874s][吞吐率：91.96req/s] [内存消耗：1,864.80kb] [文件加载：51]
[ error ] [8]未定义数组下标: 1

---------------------------------------------------------------
[ 2023-08-27T19:11:19+08:00 ] [ log ] at888.icu/99/favicon.ico [运行时间：0.009623s][吞吐率：103.92req/s] [内存消耗：1,650.74kb] [文件加载：44]
[ error ] [8]未定义数组下标: 1

---------------------------------------------------------------
[ 2023-08-27T19:11:21+08:00 ] [ log ] at888.icu/99/index/open.html [运行时间：0.010937s][吞吐率：91.43req/s] [内存消耗：1,865.12kb] [文件加载：50]
[ error ] [8]未定义数组下标: 1

---------------------------------------------------------------
[ 2023-08-27T20:13:52+08:00 ] [ log ] at888.icu/99/ [运行时间：0.011316s][吞吐率：88.37req/s] [内存消耗：1,865.34kb] [文件加载：51]
[ error ] [8]未定义数组下标: 1

---------------------------------------------------------------
[ 2023-08-27T20:13:53+08:00 ] [ log ] at888.icu/99/ [运行时间：0.015713s][吞吐率：63.64req/s] [内存消耗：1,865.34kb] [文件加载：51]
[ error ] [8]未定义数组下标: 1

---------------------------------------------------------------
[ 2023-08-27T20:13:53+08:00 ] [ log ] at888.icu/99/favicon.ico [运行时间：0.009837s][吞吐率：101.66req/s] [内存消耗：1,650.74kb] [文件加载：44]
[ error ] [8]未定义数组下标: 1

---------------------------------------------------------------
[ 2023-08-27T20:13:56+08:00 ] [ log ] at888.icu/99/index/open.html [运行时间：0.011315s][吞吐率：88.38req/s] [内存消耗：1,865.12kb] [文件加载：50]
[ error ] [8]未定义数组下标: 1

---------------------------------------------------------------
[ 2023-08-27T20:21:56+08:00 ] [ log ] at888.icu/99/ [运行时间：0.014988s][吞吐率：66.72req/s] [内存消耗：1,864.80kb] [文件加载：51]
[ error ] [8]未定义数组下标: 1

---------------------------------------------------------------
[ 2023-08-27T20:21:57+08:00 ] [ log ] at888.icu/99/favicon.ico [运行时间：0.034428s][吞吐率：29.05req/s] [内存消耗：1,650.74kb] [文件加载：44]
[ error ] [8]未定义数组下标: 1

---------------------------------------------------------------
[ 2023-08-27T20:21:59+08:00 ] [ log ] at888.icu/99/index/open.html [运行时间：0.035160s][吞吐率：28.44req/s] [内存消耗：1,865.12kb] [文件加载：50]
[ error ] [8]未定义数组下标: 1

---------------------------------------------------------------
[ 2023-08-27T20:22:28+08:00 ] [ log ] at888.icu/99/ [运行时间：0.014946s][吞吐率：66.91req/s] [内存消耗：1,864.80kb] [文件加载：51]
[ error ] [8]未定义数组下标: 1

---------------------------------------------------------------
[ 2023-08-27T20:23:26+08:00 ] [ log ] at888.icu/99/ [运行时间：0.011476s][吞吐率：87.14req/s] [内存消耗：1,865.34kb] [文件加载：51]
[ error ] [8]未定义数组下标: 1

---------------------------------------------------------------
[ 2023-08-27T20:23:27+08:00 ] [ log ] at888.icu/99/favicon.ico [运行时间：0.013516s][吞吐率：73.99req/s] [内存消耗：1,650.74kb] [文件加载：44]
[ error ] [8]未定义数组下标: 1

---------------------------------------------------------------
[ 2023-08-27T20:23:30+08:00 ] [ log ] at888.icu/99/index/open.html [运行时间：0.010642s][吞吐率：93.97req/s] [内存消耗：1,865.12kb] [文件加载：50]
[ error ] [8]未定义数组下标: 1

---------------------------------------------------------------
[ 2023-08-27T20:29:08+08:00 ] [ log ] at888.icu/99/ [运行时间：0.014758s][吞吐率：67.76req/s] [内存消耗：1,865.34kb] [文件加载：51]
[ error ] [8]未定义数组下标: 1

---------------------------------------------------------------
[ 2023-08-27T20:29:14+08:00 ] [ log ] at888.icu/99/ [运行时间：0.011240s][吞吐率：88.97req/s] [内存消耗：1,864.80kb] [文件加载：51]
[ error ] [8]未定义数组下标: 1

---------------------------------------------------------------
[ 2023-08-27T20:29:15+08:00 ] [ log ] at888.icu/99/favicon.ico [运行时间：0.009925s][吞吐率：100.76req/s] [内存消耗：1,650.74kb] [文件加载：44]
[ error ] [8]未定义数组下标: 1

---------------------------------------------------------------
[ 2023-08-27T20:29:17+08:00 ] [ log ] at888.icu/99/index/open.html [运行时间：0.010796s][吞吐率：92.63req/s] [内存消耗：1,865.12kb] [文件加载：50]
[ error ] [8]未定义数组下标: 1

---------------------------------------------------------------
[ 2023-08-27T20:34:56+08:00 ] [ log ] at888.icu/99/ [运行时间：0.021585s][吞吐率：46.33req/s] [内存消耗：1,864.80kb] [文件加载：51]
[ error ] [8]未定义数组下标: 1

---------------------------------------------------------------
[ 2023-08-27T20:34:57+08:00 ] [ log ] at888.icu/99/ [运行时间：0.019705s][吞吐率：50.75req/s] [内存消耗：1,864.80kb] [文件加载：51]
[ error ] [8]未定义数组下标: 1

---------------------------------------------------------------
[ 2023-08-27T20:34:57+08:00 ] [ log ] at888.icu/99/favicon.ico [运行时间：0.034765s][吞吐率：28.76req/s] [内存消耗：1,650.74kb] [文件加载：44]
[ error ] [8]未定义数组下标: 1

---------------------------------------------------------------
[ 2023-08-27T20:35:00+08:00 ] [ log ] at888.icu/99/index/open.html [运行时间：0.015235s][吞吐率：65.64req/s] [内存消耗：1,865.12kb] [文件加载：50]
[ error ] [8]未定义数组下标: 1

---------------------------------------------------------------
[ 2023-08-27T20:44:28+08:00 ] [ log ] at888.icu/99/?uc_sm=1&from=wh10331 [运行时间：0.010947s][吞吐率：91.35req/s] [内存消耗：1,865.98kb] [文件加载：51]
[ error ] [8]未定义数组下标: 1

---------------------------------------------------------------
[ 2023-08-27T20:44:29+08:00 ] [ log ] at888.icu/99/ [运行时间：0.011408s][吞吐率：87.66req/s] [内存消耗：1,865.34kb] [文件加载：51]
[ error ] [8]未定义数组下标: 1

---------------------------------------------------------------
[ 2023-08-27T20:44:30+08:00 ] [ log ] at888.icu/99/favicon.ico [运行时间：0.009272s][吞吐率：107.85req/s] [内存消耗：1,650.74kb] [文件加载：44]
[ error ] [8]未定义数组下标: 1

---------------------------------------------------------------
[ 2023-08-27T20:44:33+08:00 ] [ log ] at888.icu/99/index/open.html [运行时间：0.039624s][吞吐率：25.24req/s] [内存消耗：1,865.12kb] [文件加载：50]
[ error ] [8]未定义数组下标: 1

---------------------------------------------------------------
[ 2023-08-27T20:49:24+08:00 ] [ log ] at666.icu/99/?uc_sm=1&from=wh10331 [运行时间：0.010766s][吞吐率：92.88req/s] [内存消耗：1,865.98kb] [文件加载：51]
[ error ] [8]未定义数组下标: 1

---------------------------------------------------------------
[ 2023-08-27T20:49:24+08:00 ] [ log ] at666.icu/99/ [运行时间：0.021746s][吞吐率：45.99req/s] [内存消耗：1,865.34kb] [文件加载：51]
[ error ] [8]未定义数组下标: 1

---------------------------------------------------------------
[ 2023-08-27T20:49:27+08:00 ] [ log ] at666.icu/99/favicon.ico [运行时间：0.010978s][吞吐率：91.09req/s] [内存消耗：1,650.74kb] [文件加载：44]
[ error ] [8]未定义数组下标: 1

---------------------------------------------------------------
[ 2023-08-27T20:49:28+08:00 ] [ log ] at666.icu/99/index/open.html [运行时间：0.011241s][吞吐率：88.96req/s] [内存消耗：1,865.12kb] [文件加载：50]
[ error ] [8]未定义数组下标: 1

---------------------------------------------------------------
[ 2023-08-27T20:49:48+08:00 ] [ log ] at888.icu/99/?uc_sm=1&from=wh10331 [运行时间：0.040601s][吞吐率：24.63req/s] [内存消耗：1,865.45kb] [文件加载：51]
[ error ] [8]未定义数组下标: 1

---------------------------------------------------------------
[ 2023-08-27T20:49:48+08:00 ] [ log ] at888.icu/99/ [运行时间：0.020799s][吞吐率：48.08req/s] [内存消耗：1,864.80kb] [文件加载：51]
[ error ] [8]未定义数组下标: 1

---------------------------------------------------------------
[ 2023-08-27T20:49:49+08:00 ] [ log ] at888.icu/99/favicon.ico [运行时间：0.028354s][吞吐率：35.27req/s] [内存消耗：1,650.74kb] [文件加载：44]
[ error ] [8]未定义数组下标: 1

---------------------------------------------------------------
[ 2023-08-27T20:49:51+08:00 ] [ log ] at888.icu/99/index/open.html [运行时间：0.022762s][吞吐率：43.93req/s] [内存消耗：1,865.12kb] [文件加载：50]
[ error ] [8]未定义数组下标: 1

---------------------------------------------------------------
[ 2023-08-27T20:51:39+08:00 ] [ log ] at888.icu/99/ [运行时间：0.015730s][吞吐率：63.57req/s] [内存消耗：1,864.80kb] [文件加载：51]
[ error ] [8]未定义数组下标: 1

---------------------------------------------------------------
[ 2023-08-27T20:51:42+08:00 ] [ log ] at888.icu/99/favicon.ico [运行时间：0.010070s][吞吐率：99.30req/s] [内存消耗：1,650.74kb] [文件加载：44]
[ error ] [8]未定义数组下标: 1

---------------------------------------------------------------
[ 2023-08-27T20:51:45+08:00 ] [ log ] at888.icu/99/index/open.html [运行时间：0.014037s][吞吐率：71.24req/s] [内存消耗：1,865.12kb] [文件加载：50]
[ error ] [8]未定义数组下标: 1

---------------------------------------------------------------
[ 2023-08-27T20:57:43+08:00 ] [ log ] at888.icu/99/ [运行时间：0.014779s][吞吐率：67.66req/s] [内存消耗：1,864.80kb] [文件加载：51]
[ error ] [8]未定义数组下标: 1

---------------------------------------------------------------
[ 2023-08-27T20:59:21+08:00 ] [ log ] at888.icu/99/ [运行时间：0.010937s][吞吐率：91.43req/s] [内存消耗：1,864.80kb] [文件加载：51]
[ error ] [8]未定义数组下标: 1

---------------------------------------------------------------
[ 2023-08-27T20:59:22+08:00 ] [ log ] at888.icu/99/favicon.ico [运行时间：0.010330s][吞吐率：96.81req/s] [内存消耗：1,650.74kb] [文件加载：44]
[ error ] [8]未定义数组下标: 1

---------------------------------------------------------------
[ 2023-08-27T20:59:23+08:00 ] [ log ] at888.icu/99/index/open.html [运行时间：0.011226s][吞吐率：89.08req/s] [内存消耗：1,865.12kb] [文件加载：50]
[ error ] [8]未定义数组下标: 1

---------------------------------------------------------------
[ 2023-08-27T21:01:15+08:00 ] [ log ] at888.icu/99/ [运行时间：0.015898s][吞吐率：62.90req/s] [内存消耗：1,864.80kb] [文件加载：51]
[ error ] [8]未定义数组下标: 1

---------------------------------------------------------------
[ 2023-08-27T21:01:15+08:00 ] [ log ] at888.icu/99/favicon.ico [运行时间：0.010134s][吞吐率：98.68req/s] [内存消耗：1,650.74kb] [文件加载：44]
[ error ] [8]未定义数组下标: 1

---------------------------------------------------------------
[ 2023-08-27T21:01:47+08:00 ] [ log ] at888.icu/99/?uc_sm=1&from=wh10331 [运行时间：0.011341s][吞吐率：88.17req/s] [内存消耗：1,865.45kb] [文件加载：51]
[ error ] [8]未定义数组下标: 1

---------------------------------------------------------------
[ 2023-08-27T21:01:47+08:00 ] [ log ] at888.icu/99/ [运行时间：0.010927s][吞吐率：91.52req/s] [内存消耗：1,864.80kb] [文件加载：51]
[ error ] [8]未定义数组下标: 1

---------------------------------------------------------------
[ 2023-08-27T21:01:48+08:00 ] [ log ] at888.icu/99/favicon.ico [运行时间：0.017575s][吞吐率：56.90req/s] [内存消耗：1,650.74kb] [文件加载：44]
[ error ] [8]未定义数组下标: 1

---------------------------------------------------------------
[ 2023-08-27T21:08:56+08:00 ] [ log ] at888.icu/99/ [运行时间：0.011424s][吞吐率：87.53req/s] [内存消耗：1,865.34kb] [文件加载：51]
[ error ] [8]未定义数组下标: 1

---------------------------------------------------------------
[ 2023-08-27T21:08:56+08:00 ] [ log ] at888.icu/99/favicon.ico [运行时间：0.009695s][吞吐率：103.15req/s] [内存消耗：1,650.74kb] [文件加载：44]
[ error ] [8]未定义数组下标: 1

---------------------------------------------------------------
[ 2023-08-27T21:08:58+08:00 ] [ log ] at888.icu/99/index/open.html [运行时间：0.010939s][吞吐率：91.42req/s] [内存消耗：1,865.12kb] [文件加载：50]
[ error ] [8]未定义数组下标: 1

---------------------------------------------------------------
[ 2023-08-27T21:15:23+08:00 ] [ log ] at888.icu/99/index/open.html [运行时间：0.038653s][吞吐率：25.87req/s] [内存消耗：1,865.12kb] [文件加载：50]
[ error ] [8]未定义数组下标: 1

---------------------------------------------------------------
[ 2023-08-27T22:22:25+08:00 ] [ log ] at666.icu/99/ [运行时间：0.010781s][吞吐率：92.76req/s] [内存消耗：1,864.84kb] [文件加载：51]
[ error ] [8]未定义数组下标: 1

---------------------------------------------------------------
[ 2023-08-27T22:22:52+08:00 ] [ log ] at666.icu/99/ [运行时间：0.010819s][吞吐率：92.43req/s] [内存消耗：1,864.84kb] [文件加载：51]
[ error ] [8]未定义数组下标: 1

---------------------------------------------------------------
[ 2023-08-27T22:23:06+08:00 ] [ log ] at888.icu/99/?_360safeparam=113865 [运行时间：0.010713s][吞吐率：93.35req/s] [内存消耗：1,865.98kb] [文件加载：51]
[ error ] [8]未定义数组下标: 1

---------------------------------------------------------------
[ 2023-08-27T22:23:09+08:00 ] [ log ] at888.icu/99/favicon.ico [运行时间：0.009470s][吞吐率：105.60req/s] [内存消耗：1,650.74kb] [文件加载：44]
[ error ] [8]未定义数组下标: 1

---------------------------------------------------------------
[ 2023-08-27T22:25:02+08:00 ] [ log ] at888.icu/99/index/open.html [运行时间：0.011233s][吞吐率：89.02req/s] [内存消耗：1,865.12kb] [文件加载：50]
[ error ] [8]未定义数组下标: 1

---------------------------------------------------------------
