[ 2023-08-28T05:13:50+08:00 ] [ log ] at1777.com/99/ [运行时间：0.012327s][吞吐率：81.12req/s] [内存消耗：1,865.34kb] [文件加载：51]
[ error ] [8]未定义数组下标: 1

---------------------------------------------------------------
[ 2023-08-28T05:13:52+08:00 ] [ log ] at1777.com/99/favicon.ico [运行时间：0.009950s][吞吐率：100.50req/s] [内存消耗：1,650.74kb] [文件加载：44]
[ error ] [8]未定义数组下标: 1

---------------------------------------------------------------
[ 2023-08-28T05:13:55+08:00 ] [ log ] at1777.com/99/index/open.html [运行时间：0.010878s][吞吐率：91.93req/s] [内存消耗：1,865.12kb] [文件加载：50]
[ error ] [8]未定义数组下标: 1

---------------------------------------------------------------
[ 2023-08-28T05:39:07+08:00 ] [ log ] at888.icu/99/ [运行时间：0.011816s][吞吐率：84.63req/s] [内存消耗：1,865.34kb] [文件加载：51]
[ error ] [8]未定义数组下标: 1

---------------------------------------------------------------
[ 2023-08-28T05:39:12+08:00 ] [ log ] at888.icu/99/index/open.html [运行时间：0.012804s][吞吐率：78.10req/s] [内存消耗：1,865.12kb] [文件加载：50]
[ error ] [8]未定义数组下标: 1

---------------------------------------------------------------
[ 2023-08-28T06:29:21+08:00 ] [ log ] at888.icu/99/ [运行时间：0.014036s][吞吐率：71.25req/s] [内存消耗：1,865.34kb] [文件加载：51]
[ error ] [8]未定义数组下标: 1

---------------------------------------------------------------
[ 2023-08-28T06:29:23+08:00 ] [ log ] at888.icu/99/favicon.ico [运行时间：0.009756s][吞吐率：102.50req/s] [内存消耗：1,650.74kb] [文件加载：44]
[ error ] [8]未定义数组下标: 1

---------------------------------------------------------------
[ 2023-08-28T06:29:25+08:00 ] [ log ] at888.icu/99/index/open.html [运行时间：0.014132s][吞吐率：70.76req/s] [内存消耗：1,865.12kb] [文件加载：50]
[ error ] [8]未定义数组下标: 1

---------------------------------------------------------------
[ 2023-08-28T08:23:28+08:00 ] [ log ] at444.icu/99/ [运行时间：0.014236s][吞吐率：70.24req/s] [内存消耗：1,857.63kb] [文件加载：48]
[ error ] [8]Undefined offset: 1

---------------------------------------------------------------
[ 2023-08-28T08:23:29+08:00 ] [ log ] at444.icu/99/favicon.ico [运行时间：0.009354s][吞吐率：106.91req/s] [内存消耗：1,650.77kb] [文件加载：44]
[ error ] [8]未定义数组下标: 1

---------------------------------------------------------------
[ 2023-08-28T08:52:24+08:00 ] [ log ] at888.icu/99/ [运行时间：0.010726s][吞吐率：93.23req/s] [内存消耗：1,865.34kb] [文件加载：51]
[ error ] [8]未定义数组下标: 1

---------------------------------------------------------------
[ 2023-08-28T08:52:29+08:00 ] [ log ] at888.icu/99/index/open.html [运行时间：0.010542s][吞吐率：94.86req/s] [内存消耗：1,865.12kb] [文件加载：50]
[ error ] [8]未定义数组下标: 1

---------------------------------------------------------------
[ 2023-08-28T08:58:25+08:00 ] [ log ] asd123111.icu/99/ [运行时间：0.011081s][吞吐率：90.24req/s] [内存消耗：1,865.34kb] [文件加载：51]
[ error ] [8]未定义数组下标: 1

---------------------------------------------------------------
[ 2023-08-28T08:58:28+08:00 ] [ log ] asd123111.icu/99/favicon.ico [运行时间：0.009659s][吞吐率：103.53req/s] [内存消耗：1,650.74kb] [文件加载：44]
[ error ] [8]未定义数组下标: 1

---------------------------------------------------------------
[ 2023-08-28T08:58:30+08:00 ] [ log ] asd123111.icu/99/index/open.html [运行时间：0.011150s][吞吐率：89.69req/s] [内存消耗：1,865.13kb] [文件加载：50]
[ error ] [8]未定义数组下标: 1

---------------------------------------------------------------
[ 2023-08-28T08:58:41+08:00 ] [ log ] asd123111.icu/99/ [运行时间：0.040407s][吞吐率：24.75req/s] [内存消耗：1,864.81kb] [文件加载：51]
[ error ] [8]未定义数组下标: 1

---------------------------------------------------------------
[ 2023-08-28T09:03:58+08:00 ] [ log ] at666.icu/99/ [运行时间：0.011189s][吞吐率：89.37req/s] [内存消耗：1,865.34kb] [文件加载：51]
[ error ] [8]未定义数组下标: 1

---------------------------------------------------------------
[ 2023-08-28T09:04:09+08:00 ] [ log ] at666.icu/99/index/open.html [运行时间：0.010967s][吞吐率：91.18req/s] [内存消耗：1,865.12kb] [文件加载：50]
[ error ] [8]未定义数组下标: 1

---------------------------------------------------------------
[ 2023-08-28T09:38:06+08:00 ] [ log ] at888.icu/99/ [运行时间：0.010813s][吞吐率：92.48req/s] [内存消耗：1,865.34kb] [文件加载：51]
[ error ] [8]未定义数组下标: 1

---------------------------------------------------------------
[ 2023-08-28T09:38:08+08:00 ] [ log ] at888.icu/99/favicon.ico [运行时间：0.009604s][吞吐率：104.12req/s] [内存消耗：1,650.74kb] [文件加载：44]
[ error ] [8]未定义数组下标: 1

---------------------------------------------------------------
[ 2023-08-28T09:38:10+08:00 ] [ log ] at888.icu/99/index/open.html [运行时间：0.010668s][吞吐率：93.74req/s] [内存消耗：1,865.12kb] [文件加载：50]
[ error ] [8]未定义数组下标: 1

---------------------------------------------------------------
[ 2023-08-28T09:47:19+08:00 ] [ log ] at888.icu/99/ [运行时间：0.013656s][吞吐率：73.23req/s] [内存消耗：1,865.34kb] [文件加载：51]
[ error ] [8]未定义数组下标: 1

---------------------------------------------------------------
[ 2023-08-28T09:47:22+08:00 ] [ log ] at888.icu/99/favicon.ico [运行时间：0.009866s][吞吐率：101.36req/s] [内存消耗：1,650.74kb] [文件加载：44]
[ error ] [8]未定义数组下标: 1

---------------------------------------------------------------
[ 2023-08-28T09:47:26+08:00 ] [ log ] at888.icu/99/index/open.html [运行时间：0.039938s][吞吐率：25.04req/s] [内存消耗：1,865.12kb] [文件加载：50]
[ error ] [8]未定义数组下标: 1

---------------------------------------------------------------
[ 2023-08-28T10:46:56+08:00 ] [ log ] at888.icu/99/ [运行时间：0.011103s][吞吐率：90.07req/s] [内存消耗：1,865.34kb] [文件加载：51]
[ error ] [8]未定义数组下标: 1

---------------------------------------------------------------
[ 2023-08-28T10:46:57+08:00 ] [ log ] at888.icu/99/favicon.ico [运行时间：0.009725s][吞吐率：102.83req/s] [内存消耗：1,650.74kb] [文件加载：44]
[ error ] [8]未定义数组下标: 1

---------------------------------------------------------------
[ 2023-08-28T10:46:59+08:00 ] [ log ] at888.icu/99/index/open.html [运行时间：0.040635s][吞吐率：24.61req/s] [内存消耗：1,865.12kb] [文件加载：50]
[ error ] [8]未定义数组下标: 1

---------------------------------------------------------------
[ 2023-08-28T10:51:03+08:00 ] [ log ] at666.icu/99/ [运行时间：0.011330s][吞吐率：88.26req/s] [内存消耗：1,865.34kb] [文件加载：51]
[ error ] [8]未定义数组下标: 1

---------------------------------------------------------------
[ 2023-08-28T10:51:04+08:00 ] [ log ] at666.icu/99/?uc_sm=1&from=wh10331 [运行时间：0.010774s][吞吐率：92.82req/s] [内存消耗：1,865.98kb] [文件加载：51]
[ error ] [8]未定义数组下标: 1

---------------------------------------------------------------
[ 2023-08-28T10:51:05+08:00 ] [ log ] at666.icu/99/favicon.ico [运行时间：0.009913s][吞吐率：100.88req/s] [内存消耗：1,650.74kb] [文件加载：44]
[ error ] [8]未定义数组下标: 1

---------------------------------------------------------------
[ 2023-08-28T10:51:25+08:00 ] [ log ] at888.icu/99/?uc_sm=1&from=wh10331 [运行时间：0.011816s][吞吐率：84.63req/s] [内存消耗：1,865.98kb] [文件加载：51]
[ error ] [8]未定义数组下标: 1

---------------------------------------------------------------
[ 2023-08-28T10:51:25+08:00 ] [ log ] at888.icu/99/ [运行时间：0.011115s][吞吐率：89.97req/s] [内存消耗：1,865.34kb] [文件加载：51]
[ error ] [8]未定义数组下标: 1

---------------------------------------------------------------
[ 2023-08-28T10:51:28+08:00 ] [ log ] at888.icu/99/favicon.ico [运行时间：0.024499s][吞吐率：40.82req/s] [内存消耗：1,650.74kb] [文件加载：44]
[ error ] [8]未定义数组下标: 1

---------------------------------------------------------------
[ 2023-08-28T10:51:30+08:00 ] [ log ] at888.icu/99/index/open.html [运行时间：0.010878s][吞吐率：91.93req/s] [内存消耗：1,865.12kb] [文件加载：50]
[ error ] [8]未定义数组下标: 1

---------------------------------------------------------------
[ 2023-08-28T10:55:08+08:00 ] [ log ] at888.icu/99/?uc_sm=1&from=wh10331 [运行时间：0.010984s][吞吐率：91.04req/s] [内存消耗：1,865.45kb] [文件加载：51]
[ error ] [8]未定义数组下标: 1

---------------------------------------------------------------
[ 2023-08-28T10:55:08+08:00 ] [ log ] at888.icu/99/favicon.ico [运行时间：0.011870s][吞吐率：84.24req/s] [内存消耗：1,651.28kb] [文件加载：44]
[ error ] [8]未定义数组下标: 1

---------------------------------------------------------------
[ 2023-08-28T10:55:09+08:00 ] [ log ] at888.icu/99/ [运行时间：0.010977s][吞吐率：91.10req/s] [内存消耗：1,864.80kb] [文件加载：51]
[ error ] [8]未定义数组下标: 1

---------------------------------------------------------------
[ 2023-08-28T10:55:12+08:00 ] [ log ] at888.icu/99/favicon.ico [运行时间：0.009973s][吞吐率：100.27req/s] [内存消耗：1,650.74kb] [文件加载：44]
[ error ] [8]未定义数组下标: 1

---------------------------------------------------------------
[ 2023-08-28T10:55:23+08:00 ] [ log ] at888.icu/99/index/open.html [运行时间：0.011228s][吞吐率：89.06req/s] [内存消耗：1,865.12kb] [文件加载：50]
[ error ] [8]未定义数组下标: 1

---------------------------------------------------------------
[ 2023-08-28T11:01:23+08:00 ] [ log ] at777.icu/99/ [运行时间：0.011348s][吞吐率：88.12req/s] [内存消耗：1,865.34kb] [文件加载：51]
[ error ] [8]未定义数组下标: 1

---------------------------------------------------------------
[ 2023-08-28T11:01:28+08:00 ] [ log ] at777.icu/99/favicon.ico [运行时间：0.009346s][吞吐率：107.00req/s] [内存消耗：1,650.74kb] [文件加载：44]
[ error ] [8]未定义数组下标: 1

---------------------------------------------------------------
[ 2023-08-28T11:01:30+08:00 ] [ log ] at666.icu/99/ [运行时间：0.040112s][吞吐率：24.93req/s] [内存消耗：1,865.34kb] [文件加载：51]
[ error ] [8]未定义数组下标: 1

---------------------------------------------------------------
[ 2023-08-28T11:01:31+08:00 ] [ log ] at777.icu/99/index/open.html [运行时间：0.015524s][吞吐率：64.42req/s] [内存消耗：1,865.12kb] [文件加载：50]
[ error ] [8]未定义数组下标: 1

---------------------------------------------------------------
[ 2023-08-28T11:01:33+08:00 ] [ log ] at666.icu/99/index/open.html [运行时间：0.010980s][吞吐率：91.07req/s] [内存消耗：1,865.12kb] [文件加载：50]
[ error ] [8]未定义数组下标: 1

---------------------------------------------------------------
[ 2023-08-28T11:01:35+08:00 ] [ log ] at777.icu/99/ [运行时间：0.010867s][吞吐率：92.02req/s] [内存消耗：1,864.80kb] [文件加载：51]
[ error ] [8]未定义数组下标: 1

---------------------------------------------------------------
[ 2023-08-28T11:01:39+08:00 ] [ log ] at777.icu/99/index/open.html [运行时间：0.010876s][吞吐率：91.94req/s] [内存消耗：1,865.12kb] [文件加载：50]
[ error ] [8]未定义数组下标: 1

---------------------------------------------------------------
[ 2023-08-28T11:01:42+08:00 ] [ log ] at777.icu/99/ [运行时间：0.023191s][吞吐率：43.12req/s] [内存消耗：1,864.80kb] [文件加载：51]
[ error ] [8]未定义数组下标: 1

---------------------------------------------------------------
[ 2023-08-28T11:01:47+08:00 ] [ log ] at777.icu/99/index/open.html [运行时间：0.011377s][吞吐率：87.90req/s] [内存消耗：1,865.12kb] [文件加载：50]
[ error ] [8]未定义数组下标: 1

---------------------------------------------------------------
[ 2023-08-28T11:02:25+08:00 ] [ log ] at1777.com/99/ [运行时间：0.011545s][吞吐率：86.62req/s] [内存消耗：1,865.34kb] [文件加载：51]
[ error ] [8]未定义数组下标: 1

---------------------------------------------------------------
[ 2023-08-28T11:02:26+08:00 ] [ log ] at1777.com/99/ [运行时间：0.010666s][吞吐率：93.75req/s] [内存消耗：1,864.80kb] [文件加载：51]
[ error ] [8]未定义数组下标: 1

---------------------------------------------------------------
[ 2023-08-28T11:02:27+08:00 ] [ log ] at1777.com/99/favicon.ico [运行时间：0.009211s][吞吐率：108.57req/s] [内存消耗：1,650.74kb] [文件加载：44]
[ error ] [8]未定义数组下标: 1

---------------------------------------------------------------
[ 2023-08-28T11:02:27+08:00 ] [ log ] at1777.com/99/favicon.ico [运行时间：0.009481s][吞吐率：105.47req/s] [内存消耗：1,650.74kb] [文件加载：44]
[ error ] [8]未定义数组下标: 1

---------------------------------------------------------------
[ 2023-08-28T11:02:29+08:00 ] [ log ] at1777.com/99/index/open.html [运行时间：0.010856s][吞吐率：92.12req/s] [内存消耗：1,865.12kb] [文件加载：50]
[ error ] [8]未定义数组下标: 1

---------------------------------------------------------------
[ 2023-08-28T11:02:39+08:00 ] [ log ] at1777.com/99/index/open.html [运行时间：0.011905s][吞吐率：84.00req/s] [内存消耗：1,865.12kb] [文件加载：50]
[ error ] [8]未定义数组下标: 1

---------------------------------------------------------------
[ 2023-08-28T11:05:58+08:00 ] [ log ] at777.icu/99/ [运行时间：0.036326s][吞吐率：27.53req/s] [内存消耗：1,864.80kb] [文件加载：51]
[ error ] [8]未定义数组下标: 1

---------------------------------------------------------------
[ 2023-08-28T11:05:59+08:00 ] [ log ] at777.icu/99/favicon.ico [运行时间：0.009487s][吞吐率：105.41req/s] [内存消耗：1,650.74kb] [文件加载：44]
[ error ] [8]未定义数组下标: 1

---------------------------------------------------------------
[ 2023-08-28T11:06:01+08:00 ] [ log ] at777.icu/99/index/open.html [运行时间：0.011067s][吞吐率：90.36req/s] [内存消耗：1,865.12kb] [文件加载：50]
[ error ] [8]未定义数组下标: 1

---------------------------------------------------------------
[ 2023-08-28T11:06:50+08:00 ] [ log ] at777.icu/99/ [运行时间：0.012702s][吞吐率：78.73req/s] [内存消耗：1,864.80kb] [文件加载：51]
[ error ] [8]未定义数组下标: 1

---------------------------------------------------------------
[ 2023-08-28T11:06:54+08:00 ] [ log ] at777.icu/99/index/open.html [运行时间：0.010857s][吞吐率：92.11req/s] [内存消耗：1,865.12kb] [文件加载：50]
[ error ] [8]未定义数组下标: 1

---------------------------------------------------------------
[ 2023-08-28T11:07:47+08:00 ] [ log ] at777.icu/99/ [运行时间：0.010547s][吞吐率：94.81req/s] [内存消耗：1,864.80kb] [文件加载：51]
[ error ] [8]未定义数组下标: 1

---------------------------------------------------------------
[ 2023-08-28T11:07:50+08:00 ] [ log ] at777.icu/99/index/open.html [运行时间：0.037457s][吞吐率：26.70req/s] [内存消耗：1,865.12kb] [文件加载：50]
[ error ] [8]未定义数组下标: 1

---------------------------------------------------------------
[ 2023-08-28T11:08:36+08:00 ] [ log ] at777.icu/99/index/open.html [运行时间：0.010925s][吞吐率：91.53req/s] [内存消耗：1,865.12kb] [文件加载：50]
[ error ] [8]未定义数组下标: 1

---------------------------------------------------------------
[ 2023-08-28T11:09:29+08:00 ] [ log ] at777.icu/99/ [运行时间：0.015221s][吞吐率：65.70req/s] [内存消耗：1,864.80kb] [文件加载：51]
[ error ] [8]未定义数组下标: 1

---------------------------------------------------------------
[ 2023-08-28T11:09:30+08:00 ] [ log ] at777.icu/99/favicon.ico [运行时间：0.026449s][吞吐率：37.81req/s] [内存消耗：1,650.74kb] [文件加载：44]
[ error ] [8]未定义数组下标: 1

---------------------------------------------------------------
[ 2023-08-28T11:09:32+08:00 ] [ log ] at777.icu/99/index/open.html [运行时间：0.011236s][吞吐率：89.00req/s] [内存消耗：1,865.12kb] [文件加载：50]
[ error ] [8]未定义数组下标: 1

---------------------------------------------------------------
[ 2023-08-28T11:10:18+08:00 ] [ log ] at777.icu/99/index/open.html [运行时间：0.010851s][吞吐率：92.16req/s] [内存消耗：1,865.12kb] [文件加载：50]
[ error ] [8]未定义数组下标: 1

---------------------------------------------------------------
[ 2023-08-28T11:19:25+08:00 ] [ log ] at777.icu/99/ [运行时间：0.014545s][吞吐率：68.75req/s] [内存消耗：1,864.80kb] [文件加载：51]
[ error ] [8]未定义数组下标: 1

---------------------------------------------------------------
[ 2023-08-28T11:19:27+08:00 ] [ log ] at777.icu/99/favicon.ico [运行时间：0.010044s][吞吐率：99.56req/s] [内存消耗：1,650.74kb] [文件加载：44]
[ error ] [8]未定义数组下标: 1

---------------------------------------------------------------
[ 2023-08-28T11:19:29+08:00 ] [ log ] at777.icu/99/index/open.html [运行时间：0.011141s][吞吐率：89.76req/s] [内存消耗：1,865.12kb] [文件加载：50]
[ error ] [8]未定义数组下标: 1

---------------------------------------------------------------
[ 2023-08-28T11:19:54+08:00 ] [ log ] at777.icu/99/index/open.html [运行时间：0.011191s][吞吐率：89.36req/s] [内存消耗：1,865.12kb] [文件加载：50]
[ error ] [8]未定义数组下标: 1

---------------------------------------------------------------
[ 2023-08-28T11:20:33+08:00 ] [ log ] at777.icu/99/ [运行时间：0.010915s][吞吐率：91.62req/s] [内存消耗：1,864.80kb] [文件加载：51]
[ error ] [8]未定义数组下标: 1

---------------------------------------------------------------
[ 2023-08-28T11:20:36+08:00 ] [ log ] at777.icu/99/index/open.html [运行时间：0.011081s][吞吐率：90.24req/s] [内存消耗：1,865.12kb] [文件加载：50]
[ error ] [8]未定义数组下标: 1

---------------------------------------------------------------
[ 2023-08-28T11:30:52+08:00 ] [ log ] at888.icu/99/ [运行时间：0.010754s][吞吐率：92.99req/s] [内存消耗：1,865.34kb] [文件加载：51]
[ error ] [8]未定义数组下标: 1

---------------------------------------------------------------
[ 2023-08-28T11:30:53+08:00 ] [ log ] at888.icu/99/favicon.ico [运行时间：0.009885s][吞吐率：101.16req/s] [内存消耗：1,650.74kb] [文件加载：44]
[ error ] [8]未定义数组下标: 1

---------------------------------------------------------------
[ 2023-08-28T11:30:54+08:00 ] [ log ] at888.icu/99/index/open.html [运行时间：0.010868s][吞吐率：92.01req/s] [内存消耗：1,865.12kb] [文件加载：50]
[ error ] [8]未定义数组下标: 1

---------------------------------------------------------------
[ 2023-08-28T11:57:28+08:00 ] [ log ] at888.icu/99/ [运行时间：0.014986s][吞吐率：66.73req/s] [内存消耗：1,865.34kb] [文件加载：51]
[ error ] [8]未定义数组下标: 1

---------------------------------------------------------------
[ 2023-08-28T11:57:29+08:00 ] [ log ] at888.icu/99/favicon.ico [运行时间：0.014552s][吞吐率：68.72req/s] [内存消耗：1,650.74kb] [文件加载：44]
[ error ] [8]未定义数组下标: 1

---------------------------------------------------------------
[ 2023-08-28T11:57:31+08:00 ] [ log ] at888.icu/99/index/open.html [运行时间：0.010743s][吞吐率：93.08req/s] [内存消耗：1,865.12kb] [文件加载：50]
[ error ] [8]未定义数组下标: 1

---------------------------------------------------------------
[ 2023-08-28T11:59:36+08:00 ] [ log ] at888.icu/99/ [运行时间：0.010988s][吞吐率：91.01req/s] [内存消耗：1,865.34kb] [文件加载：51]
[ error ] [8]未定义数组下标: 1

---------------------------------------------------------------
[ 2023-08-28T11:59:39+08:00 ] [ log ] at888.icu/99/favicon.ico [运行时间：0.009282s][吞吐率：107.74req/s] [内存消耗：1,650.74kb] [文件加载：44]
[ error ] [8]未定义数组下标: 1

---------------------------------------------------------------
[ 2023-08-28T11:59:42+08:00 ] [ log ] at888.icu/99/index/open.html [运行时间：0.011323s][吞吐率：88.32req/s] [内存消耗：1,865.12kb] [文件加载：50]
[ error ] [8]未定义数组下标: 1

---------------------------------------------------------------
[ 2023-08-28T12:17:51+08:00 ] [ log ] at888.icu/99/ [运行时间：0.011111s][吞吐率：90.00req/s] [内存消耗：1,864.80kb] [文件加载：51]
[ error ] [8]未定义数组下标: 1

---------------------------------------------------------------
[ 2023-08-28T12:17:51+08:00 ] [ log ] at888.icu/99/favicon.ico [运行时间：0.020757s][吞吐率：48.18req/s] [内存消耗：1,650.74kb] [文件加载：44]
[ error ] [8]未定义数组下标: 1

---------------------------------------------------------------
[ 2023-08-28T12:19:59+08:00 ] [ log ] at888.icu/99/ [运行时间：0.011559s][吞吐率：86.51req/s] [内存消耗：1,865.34kb] [文件加载：51]
[ error ] [8]未定义数组下标: 1

---------------------------------------------------------------
[ 2023-08-28T12:20:03+08:00 ] [ log ] at888.icu/99/index/open.html [运行时间：0.011374s][吞吐率：87.92req/s] [内存消耗：1,865.12kb] [文件加载：50]
[ error ] [8]未定义数组下标: 1

---------------------------------------------------------------
[ 2023-08-28T12:22:39+08:00 ] [ log ] at888.icu/99/ [运行时间：0.011432s][吞吐率：87.47req/s] [内存消耗：1,864.80kb] [文件加载：51]
[ error ] [8]未定义数组下标: 1

---------------------------------------------------------------
[ 2023-08-28T12:22:40+08:00 ] [ log ] at888.icu/99/favicon.ico [运行时间：0.009427s][吞吐率：106.08req/s] [内存消耗：1,650.74kb] [文件加载：44]
[ error ] [8]未定义数组下标: 1

---------------------------------------------------------------
[ 2023-08-28T12:22:42+08:00 ] [ log ] at888.icu/99/index/open.html [运行时间：0.014872s][吞吐率：67.24req/s] [内存消耗：1,865.12kb] [文件加载：50]
[ error ] [8]未定义数组下标: 1

---------------------------------------------------------------
[ 2023-08-28T12:24:09+08:00 ] [ log ] at888.icu/99/?_360safeparam=13473899 [运行时间：0.015105s][吞吐率：66.20req/s] [内存消耗：1,865.98kb] [文件加载：51]
[ error ] [8]未定义数组下标: 1

---------------------------------------------------------------
[ 2023-08-28T12:24:11+08:00 ] [ log ] at888.icu/99/favicon.ico [运行时间：0.009400s][吞吐率：106.38req/s] [内存消耗：1,650.74kb] [文件加载：44]
[ error ] [8]未定义数组下标: 1

---------------------------------------------------------------
[ 2023-08-28T12:24:18+08:00 ] [ log ] at888.icu/99/index/open.html [运行时间：0.012199s][吞吐率：81.97req/s] [内存消耗：1,865.12kb] [文件加载：50]
[ error ] [8]未定义数组下标: 1

---------------------------------------------------------------
[ 2023-08-28T12:57:04+08:00 ] [ log ] at888.icu/99/ [运行时间：0.011619s][吞吐率：86.07req/s] [内存消耗：1,864.80kb] [文件加载：51]
[ error ] [8]未定义数组下标: 1

---------------------------------------------------------------
[ 2023-08-28T12:57:06+08:00 ] [ log ] at888.icu/99/favicon.ico [运行时间：0.009332s][吞吐率：107.16req/s] [内存消耗：1,650.74kb] [文件加载：44]
[ error ] [8]未定义数组下标: 1

---------------------------------------------------------------
[ 2023-08-28T12:57:11+08:00 ] [ log ] at888.icu/99/index/open.html [运行时间：0.012107s][吞吐率：82.60req/s] [内存消耗：1,865.12kb] [文件加载：50]
[ error ] [8]未定义数组下标: 1

---------------------------------------------------------------
[ 2023-08-28T15:24:04+08:00 ] [ log ] at888.icu/99/ [运行时间：0.013494s][吞吐率：74.11req/s] [内存消耗：1,865.34kb] [文件加载：51]
[ error ] [8]未定义数组下标: 1

---------------------------------------------------------------
[ 2023-08-28T15:24:06+08:00 ] [ log ] at888.icu/99/favicon.ico [运行时间：0.031870s][吞吐率：31.38req/s] [内存消耗：1,650.74kb] [文件加载：44]
[ error ] [8]未定义数组下标: 1

---------------------------------------------------------------
[ 2023-08-28T15:24:08+08:00 ] [ log ] at888.icu/99/index/open.html [运行时间：0.025390s][吞吐率：39.39req/s] [内存消耗：1,865.12kb] [文件加载：50]
[ error ] [8]未定义数组下标: 1

---------------------------------------------------------------
[ 2023-08-28T15:57:13+08:00 ] [ log ] at888.icu/99/?uc_sm=1&from=wh10331 [运行时间：0.011444s][吞吐率：87.38req/s] [内存消耗：1,865.98kb] [文件加载：51]
[ error ] [8]未定义数组下标: 1

---------------------------------------------------------------
[ 2023-08-28T15:57:14+08:00 ] [ log ] at888.icu/99/ [运行时间：0.014709s][吞吐率：67.99req/s] [内存消耗：1,865.34kb] [文件加载：51]
[ error ] [8]未定义数组下标: 1

---------------------------------------------------------------
[ 2023-08-28T15:57:14+08:00 ] [ log ] at888.icu/99/favicon.ico [运行时间：0.009579s][吞吐率：104.40req/s] [内存消耗：1,650.74kb] [文件加载：44]
[ error ] [8]未定义数组下标: 1

---------------------------------------------------------------
[ 2023-08-28T15:57:20+08:00 ] [ log ] at888.icu/99/index/open.html [运行时间：0.010824s][吞吐率：92.39req/s] [内存消耗：1,865.12kb] [文件加载：50]
[ error ] [8]未定义数组下标: 1

---------------------------------------------------------------
[ 2023-08-28T16:47:16+08:00 ] [ log ] at888.icu/99/ [运行时间：0.018702s][吞吐率：53.47req/s] [内存消耗：1,865.34kb] [文件加载：51]
[ error ] [8]未定义数组下标: 1

---------------------------------------------------------------
[ 2023-08-28T16:47:19+08:00 ] [ log ] at888.icu/99/index/open.html [运行时间：0.010738s][吞吐率：93.13req/s] [内存消耗：1,865.12kb] [文件加载：50]
[ error ] [8]未定义数组下标: 1

---------------------------------------------------------------
[ 2023-08-28T17:19:11+08:00 ] [ log ] at888.icu/99/ [运行时间：0.016550s][吞吐率：60.42req/s] [内存消耗：1,864.80kb] [文件加载：51]
[ error ] [8]未定义数组下标: 1

---------------------------------------------------------------
[ 2023-08-28T17:19:15+08:00 ] [ log ] at888.icu/99/index/open.html [运行时间：0.012007s][吞吐率：83.28req/s] [内存消耗：1,865.12kb] [文件加载：50]
[ error ] [8]未定义数组下标: 1

---------------------------------------------------------------
[ 2023-08-28T17:19:50+08:00 ] [ log ] at888.icu/99/ [运行时间：0.011650s][吞吐率：85.84req/s] [内存消耗：1,865.34kb] [文件加载：51]
[ error ] [8]未定义数组下标: 1

---------------------------------------------------------------
[ 2023-08-28T17:19:51+08:00 ] [ log ] at888.icu/99/favicon.ico [运行时间：0.009978s][吞吐率：100.22req/s] [内存消耗：1,650.74kb] [文件加载：44]
[ error ] [8]未定义数组下标: 1

---------------------------------------------------------------
[ 2023-08-28T17:20:59+08:00 ] [ log ] at888.icu/99/ [运行时间：0.011891s][吞吐率：84.10req/s] [内存消耗：1,864.80kb] [文件加载：51]
[ error ] [8]未定义数组下标: 1

---------------------------------------------------------------
[ 2023-08-28T17:21:03+08:00 ] [ log ] at888.icu/99/index/open.html [运行时间：0.012767s][吞吐率：78.33req/s] [内存消耗：1,865.12kb] [文件加载：50]
[ error ] [8]未定义数组下标: 1

---------------------------------------------------------------
[ 2023-08-28T17:48:49+08:00 ] [ log ] at888.icu/99/?uc_sm=1&from=wh10331 [运行时间：0.011247s][吞吐率：88.91req/s] [内存消耗：1,865.98kb] [文件加载：51]
[ error ] [8]未定义数组下标: 1

---------------------------------------------------------------
[ 2023-08-28T17:48:54+08:00 ] [ log ] at888.icu/99/ [运行时间：0.011441s][吞吐率：87.41req/s] [内存消耗：1,865.34kb] [文件加载：51]
[ error ] [8]未定义数组下标: 1

---------------------------------------------------------------
[ 2023-08-28T17:48:57+08:00 ] [ log ] at888.icu/99/favicon.ico [运行时间：0.011525s][吞吐率：86.77req/s] [内存消耗：1,650.74kb] [文件加载：44]
[ error ] [8]未定义数组下标: 1

---------------------------------------------------------------
[ 2023-08-28T17:50:06+08:00 ] [ log ] at888.icu/99/index/open.html [运行时间：0.019037s][吞吐率：52.53req/s] [内存消耗：1,865.12kb] [文件加载：50]
[ error ] [8]未定义数组下标: 1

---------------------------------------------------------------
[ 2023-08-28T18:09:06+08:00 ] [ log ] at888.icu/99/ [运行时间：0.011303s][吞吐率：88.47req/s] [内存消耗：1,864.80kb] [文件加载：51]
[ error ] [8]未定义数组下标: 1

---------------------------------------------------------------
[ 2023-08-28T18:09:08+08:00 ] [ log ] at888.icu/99/favicon.ico [运行时间：0.009774s][吞吐率：102.31req/s] [内存消耗：1,650.74kb] [文件加载：44]
[ error ] [8]未定义数组下标: 1

---------------------------------------------------------------
[ 2023-08-28T18:09:10+08:00 ] [ log ] at888.icu/99/index/open.html [运行时间：0.010653s][吞吐率：93.87req/s] [内存消耗：1,865.12kb] [文件加载：50]
[ error ] [8]未定义数组下标: 1

---------------------------------------------------------------
[ 2023-08-28T18:29:12+08:00 ] [ log ] at888.icu/99/ [运行时间：0.011944s][吞吐率：83.72req/s] [内存消耗：1,864.80kb] [文件加载：51]
[ error ] [8]未定义数组下标: 1

---------------------------------------------------------------
[ 2023-08-28T18:29:12+08:00 ] [ log ] at888.icu/99/?uc_sm=1 [运行时间：0.010624s][吞吐率：94.13req/s] [内存消耗：1,865.44kb] [文件加载：51]
[ error ] [8]未定义数组下标: 1

---------------------------------------------------------------
[ 2023-08-28T18:29:13+08:00 ] [ log ] at888.icu/99/favicon.ico [运行时间：0.013057s][吞吐率：76.59req/s] [内存消耗：1,650.74kb] [文件加载：44]
[ error ] [8]未定义数组下标: 1

---------------------------------------------------------------
[ 2023-08-28T18:29:22+08:00 ] [ log ] at888.icu/99/index/open.html [运行时间：0.010911s][吞吐率：91.65req/s] [内存消耗：1,865.12kb] [文件加载：50]
[ error ] [8]未定义数组下标: 1

---------------------------------------------------------------
[ 2023-08-28T18:32:21+08:00 ] [ log ] at888.icu/99/ [运行时间：0.014565s][吞吐率：68.66req/s] [内存消耗：1,864.80kb] [文件加载：51]
[ error ] [8]未定义数组下标: 1

---------------------------------------------------------------
[ 2023-08-28T18:32:22+08:00 ] [ log ] at888.icu/99/favicon.ico [运行时间：0.012620s][吞吐率：79.24req/s] [内存消耗：1,650.74kb] [文件加载：44]
[ error ] [8]未定义数组下标: 1

---------------------------------------------------------------
[ 2023-08-28T18:32:23+08:00 ] [ log ] at888.icu/99/index/open.html [运行时间：0.010788s][吞吐率：92.70req/s] [内存消耗：1,865.12kb] [文件加载：50]
[ error ] [8]未定义数组下标: 1

---------------------------------------------------------------
[ 2023-08-28T18:32:25+08:00 ] [ log ] at888.icu/99/?uc_sm=1 [运行时间：0.010653s][吞吐率：93.87req/s] [内存消耗：1,865.44kb] [文件加载：51]
[ error ] [8]未定义数组下标: 1

---------------------------------------------------------------
[ 2023-08-28T18:38:29+08:00 ] [ log ] at888.icu/99/ [运行时间：0.011403s][吞吐率：87.70req/s] [内存消耗：1,865.34kb] [文件加载：51]
[ error ] [8]未定义数组下标: 1

---------------------------------------------------------------
[ 2023-08-28T18:38:35+08:00 ] [ log ] at888.icu/99/ [运行时间：0.011132s][吞吐率：89.83req/s] [内存消耗：1,864.80kb] [文件加载：51]
[ error ] [8]未定义数组下标: 1

---------------------------------------------------------------
[ 2023-08-28T18:38:47+08:00 ] [ log ] at888.icu/99/favicon.ico [运行时间：0.009366s][吞吐率：106.77req/s] [内存消耗：1,650.74kb] [文件加载：44]
[ error ] [8]未定义数组下标: 1

---------------------------------------------------------------
[ 2023-08-28T18:38:50+08:00 ] [ log ] at888.icu/99/index/open.html [运行时间：0.010850s][吞吐率：92.17req/s] [内存消耗：1,865.12kb] [文件加载：50]
[ error ] [8]未定义数组下标: 1

---------------------------------------------------------------
[ 2023-08-28T18:41:58+08:00 ] [ log ] at888.icu/99/ [运行时间：0.011071s][吞吐率：90.33req/s] [内存消耗：1,865.34kb] [文件加载：51]
[ error ] [8]未定义数组下标: 1

---------------------------------------------------------------
[ 2023-08-28T18:42:00+08:00 ] [ log ] at888.icu/99/favicon.ico [运行时间：0.009830s][吞吐率：101.73req/s] [内存消耗：1,650.74kb] [文件加载：44]
[ error ] [8]未定义数组下标: 1

---------------------------------------------------------------
[ 2023-08-28T18:42:03+08:00 ] [ log ] at888.icu/99/index/open.html [运行时间：0.010668s][吞吐率：93.74req/s] [内存消耗：1,865.12kb] [文件加载：50]
[ error ] [8]未定义数组下标: 1

---------------------------------------------------------------
[ 2023-08-28T18:49:37+08:00 ] [ log ] at888.icu/99/ [运行时间：0.011048s][吞吐率：90.51req/s] [内存消耗：1,864.80kb] [文件加载：51]
[ error ] [8]未定义数组下标: 1

---------------------------------------------------------------
[ 2023-08-28T18:49:39+08:00 ] [ log ] at888.icu/99/favicon.ico [运行时间：0.009734s][吞吐率：102.73req/s] [内存消耗：1,650.74kb] [文件加载：44]
[ error ] [8]未定义数组下标: 1

---------------------------------------------------------------
[ 2023-08-28T18:49:43+08:00 ] [ log ] at888.icu/99/index/open.html [运行时间：0.015528s][吞吐率：64.40req/s] [内存消耗：1,865.12kb] [文件加载：50]
[ error ] [8]未定义数组下标: 1

---------------------------------------------------------------
[ 2023-08-28T19:00:45+08:00 ] [ log ] at888.icu/99/ [运行时间：0.010761s][吞吐率：92.93req/s] [内存消耗：1,864.80kb] [文件加载：51]
[ error ] [8]未定义数组下标: 1

---------------------------------------------------------------
[ 2023-08-28T19:00:46+08:00 ] [ log ] at888.icu/99/favicon.ico [运行时间：0.009561s][吞吐率：104.59req/s] [内存消耗：1,650.74kb] [文件加载：44]
[ error ] [8]未定义数组下标: 1

---------------------------------------------------------------
[ 2023-08-28T19:00:48+08:00 ] [ log ] at888.icu/99/index/open.html [运行时间：0.011314s][吞吐率：88.38req/s] [内存消耗：1,865.12kb] [文件加载：50]
[ error ] [8]未定义数组下标: 1

---------------------------------------------------------------
[ 2023-08-28T19:02:16+08:00 ] [ log ] at888.icu/99/ [运行时间：0.011078s][吞吐率：90.27req/s] [内存消耗：1,864.80kb] [文件加载：51]
[ error ] [8]未定义数组下标: 1

---------------------------------------------------------------
[ 2023-08-28T19:02:16+08:00 ] [ log ] at888.icu/99/favicon.ico [运行时间：0.010047s][吞吐率：99.53req/s] [内存消耗：1,650.74kb] [文件加载：44]
[ error ] [8]未定义数组下标: 1

---------------------------------------------------------------
[ 2023-08-28T19:02:18+08:00 ] [ log ] at888.icu/99/index/open.html [运行时间：0.010789s][吞吐率：92.69req/s] [内存消耗：1,865.12kb] [文件加载：50]
[ error ] [8]未定义数组下标: 1

---------------------------------------------------------------
[ 2023-08-28T19:34:20+08:00 ] [ log ] at888.icu/99/ [运行时间：0.016445s][吞吐率：60.81req/s] [内存消耗：1,865.34kb] [文件加载：51]
[ error ] [8]未定义数组下标: 1

---------------------------------------------------------------
[ 2023-08-28T19:34:24+08:00 ] [ log ] at888.icu/99/index/open.html [运行时间：0.037169s][吞吐率：26.90req/s] [内存消耗：1,865.12kb] [文件加载：50]
[ error ] [8]未定义数组下标: 1

---------------------------------------------------------------
[ 2023-08-28T19:45:45+08:00 ] [ log ] at888.icu/99/ [运行时间：0.032505s][吞吐率：30.76req/s] [内存消耗：1,865.34kb] [文件加载：51]
[ error ] [8]未定义数组下标: 1

---------------------------------------------------------------
[ 2023-08-28T19:45:46+08:00 ] [ log ] at888.icu/99/favicon.ico [运行时间：0.010472s][吞吐率：95.49req/s] [内存消耗：1,650.74kb] [文件加载：44]
[ error ] [8]未定义数组下标: 1

---------------------------------------------------------------
[ 2023-08-28T19:54:56+08:00 ] [ log ] at888.icu/99/index/open.html [运行时间：0.011025s][吞吐率：90.70req/s] [内存消耗：1,865.12kb] [文件加载：50]
[ error ] [8]未定义数组下标: 1

---------------------------------------------------------------
[ 2023-08-28T20:25:57+08:00 ] [ log ] at888.icu/99/ [运行时间：0.010841s][吞吐率：92.24req/s] [内存消耗：1,865.34kb] [文件加载：51]
[ error ] [8]未定义数组下标: 1

---------------------------------------------------------------
[ 2023-08-28T20:26:04+08:00 ] [ log ] at888.icu/99/favicon.ico [运行时间：0.015845s][吞吐率：63.11req/s] [内存消耗：1,650.74kb] [文件加载：44]
[ error ] [8]未定义数组下标: 1

---------------------------------------------------------------
[ 2023-08-28T20:26:17+08:00 ] [ log ] at888.icu/99/index/open.html [运行时间：0.015248s][吞吐率：65.58req/s] [内存消耗：1,865.12kb] [文件加载：50]
[ error ] [8]未定义数组下标: 1

---------------------------------------------------------------
[ 2023-08-28T20:35:08+08:00 ] [ log ] at888.icu/99/ [运行时间：0.010709s][吞吐率：93.38req/s] [内存消耗：1,864.80kb] [文件加载：51]
[ error ] [8]未定义数组下标: 1

---------------------------------------------------------------
[ 2023-08-28T20:35:12+08:00 ] [ log ] at888.icu/99/favicon.ico [运行时间：0.037713s][吞吐率：26.52req/s] [内存消耗：1,650.74kb] [文件加载：44]
[ error ] [8]未定义数组下标: 1

---------------------------------------------------------------
[ 2023-08-28T20:35:15+08:00 ] [ log ] at888.icu/99/index/open.html [运行时间：0.010616s][吞吐率：94.20req/s] [内存消耗：1,865.12kb] [文件加载：50]
[ error ] [8]未定义数组下标: 1

---------------------------------------------------------------
[ 2023-08-28T21:09:36+08:00 ] [ log ] at888.icu/99/ [运行时间：0.010803s][吞吐率：92.57req/s] [内存消耗：1,864.80kb] [文件加载：51]
[ error ] [8]未定义数组下标: 1

---------------------------------------------------------------
[ 2023-08-28T21:09:38+08:00 ] [ log ] at888.icu/99/favicon.ico [运行时间：0.009867s][吞吐率：101.35req/s] [内存消耗：1,650.74kb] [文件加载：44]
[ error ] [8]未定义数组下标: 1

---------------------------------------------------------------
[ 2023-08-28T21:09:41+08:00 ] [ log ] at888.icu/99/index/open.html [运行时间：0.010562s][吞吐率：94.68req/s] [内存消耗：1,865.12kb] [文件加载：50]
[ error ] [8]未定义数组下标: 1

---------------------------------------------------------------
[ 2023-08-28T21:23:08+08:00 ] [ log ] at888.icu/99/ [运行时间：0.012301s][吞吐率：81.29req/s] [内存消耗：1,865.34kb] [文件加载：51]
[ error ] [8]未定义数组下标: 1

---------------------------------------------------------------
[ 2023-08-28T21:23:10+08:00 ] [ log ] at888.icu/99/favicon.ico [运行时间：0.010008s][吞吐率：99.92req/s] [内存消耗：1,650.74kb] [文件加载：44]
[ error ] [8]未定义数组下标: 1

---------------------------------------------------------------
[ 2023-08-28T21:23:13+08:00 ] [ log ] at888.icu/99/index/open.html [运行时间：0.011425s][吞吐率：87.53req/s] [内存消耗：1,865.12kb] [文件加载：50]
[ error ] [8]未定义数组下标: 1

---------------------------------------------------------------
[ 2023-08-28T21:55:27+08:00 ] [ log ] at888.icu/99/ [运行时间：0.013943s][吞吐率：71.72req/s] [内存消耗：1,865.34kb] [文件加载：51]
[ error ] [8]未定义数组下标: 1

---------------------------------------------------------------
[ 2023-08-28T21:55:28+08:00 ] [ log ] at888.icu/99/ [运行时间：0.040282s][吞吐率：24.82req/s] [内存消耗：1,865.34kb] [文件加载：51]
[ error ] [8]未定义数组下标: 1

---------------------------------------------------------------
[ 2023-08-28T21:55:31+08:00 ] [ log ] at888.icu/99/favicon.ico [运行时间：0.012826s][吞吐率：77.97req/s] [内存消耗：1,650.74kb] [文件加载：44]
[ error ] [8]未定义数组下标: 1

---------------------------------------------------------------
[ 2023-08-28T21:55:40+08:00 ] [ log ] at888.icu/99/index/open.html [运行时间：0.011667s][吞吐率：85.71req/s] [内存消耗：1,865.12kb] [文件加载：50]
[ error ] [8]未定义数组下标: 1

---------------------------------------------------------------
[ 2023-08-28T22:56:05+08:00 ] [ log ] at888.icu/99/ [运行时间：0.015877s][吞吐率：62.98req/s] [内存消耗：1,865.34kb] [文件加载：51]
[ error ] [8]未定义数组下标: 1

---------------------------------------------------------------
[ 2023-08-28T22:56:10+08:00 ] [ log ] at888.icu/99/favicon.ico [运行时间：0.013719s][吞吐率：72.89req/s] [内存消耗：1,650.74kb] [文件加载：44]
[ error ] [8]未定义数组下标: 1

---------------------------------------------------------------
[ 2023-08-28T22:56:12+08:00 ] [ log ] at888.icu/99/index/open.html [运行时间：0.010897s][吞吐率：91.77req/s] [内存消耗：1,865.12kb] [文件加载：50]
[ error ] [8]未定义数组下标: 1

---------------------------------------------------------------
