[ 2023-08-29T01:18:38+08:00 ] [ log ] at888.icu/99/ [运行时间：0.014106s][吞吐率：70.89req/s] [内存消耗：1,865.34kb] [文件加载：51]
[ error ] [8]未定义数组下标: 1

---------------------------------------------------------------
[ 2023-08-29T01:18:41+08:00 ] [ log ] at888.icu/99/favicon.ico [运行时间：0.009503s][吞吐率：105.23req/s] [内存消耗：1,650.74kb] [文件加载：44]
[ error ] [8]未定义数组下标: 1

---------------------------------------------------------------
[ 2023-08-29T01:18:43+08:00 ] [ log ] at888.icu/99/index/open.html [运行时间：0.011318s][吞吐率：88.35req/s] [内存消耗：1,865.12kb] [文件加载：50]
[ error ] [8]未定义数组下标: 1

---------------------------------------------------------------
[ 2023-08-29T01:25:41+08:00 ] [ log ] at888.icu/99/ [运行时间：0.011231s][吞吐率：89.04req/s] [内存消耗：1,865.34kb] [文件加载：51]
[ error ] [8]未定义数组下标: 1

---------------------------------------------------------------
[ 2023-08-29T01:25:45+08:00 ] [ log ] at888.icu/99/favicon.ico [运行时间：0.009669s][吞吐率：103.42req/s] [内存消耗：1,650.74kb] [文件加载：44]
[ error ] [8]未定义数组下标: 1

---------------------------------------------------------------
[ 2023-08-29T01:25:48+08:00 ] [ log ] at888.icu/99/index/open.html [运行时间：0.011001s][吞吐率：90.90req/s] [内存消耗：1,865.12kb] [文件加载：50]
[ error ] [8]未定义数组下标: 1

---------------------------------------------------------------
[ 2023-08-29T01:29:31+08:00 ] [ log ] at888.icu/99/ [运行时间：0.010872s][吞吐率：91.98req/s] [内存消耗：1,864.80kb] [文件加载：51]
[ error ] [8]未定义数组下标: 1

---------------------------------------------------------------
[ 2023-08-29T01:29:32+08:00 ] [ log ] at888.icu/99/favicon.ico [运行时间：0.013886s][吞吐率：72.02req/s] [内存消耗：1,650.74kb] [文件加载：44]
[ error ] [8]未定义数组下标: 1

---------------------------------------------------------------
[ 2023-08-29T01:43:23+08:00 ] [ log ] at888.icu/99/ [运行时间：0.013714s][吞吐率：72.92req/s] [内存消耗：1,865.34kb] [文件加载：51]
[ error ] [8]未定义数组下标: 1

---------------------------------------------------------------
[ 2023-08-29T01:43:30+08:00 ] [ log ] at888.icu/99/favicon.ico [运行时间：0.025473s][吞吐率：39.26req/s] [内存消耗：1,650.74kb] [文件加载：44]
[ error ] [8]未定义数组下标: 1

---------------------------------------------------------------
[ 2023-08-29T01:43:34+08:00 ] [ log ] at888.icu/99/index/open.html [运行时间：0.011259s][吞吐率：88.82req/s] [内存消耗：1,865.12kb] [文件加载：50]
[ error ] [8]未定义数组下标: 1

---------------------------------------------------------------
[ 2023-08-29T02:09:29+08:00 ] [ log ] at888.icu/99/ [运行时间：0.011977s][吞吐率：83.49req/s] [内存消耗：1,864.80kb] [文件加载：51]
[ error ] [8]未定义数组下标: 1

---------------------------------------------------------------
[ 2023-08-29T02:09:30+08:00 ] [ log ] at888.icu/99/favicon.ico [运行时间：0.020519s][吞吐率：48.74req/s] [内存消耗：1,650.74kb] [文件加载：44]
[ error ] [8]未定义数组下标: 1

---------------------------------------------------------------
[ 2023-08-29T02:09:32+08:00 ] [ log ] at888.icu/99/index/open.html [运行时间：0.010858s][吞吐率：92.10req/s] [内存消耗：1,865.12kb] [文件加载：50]
[ error ] [8]未定义数组下标: 1

---------------------------------------------------------------
[ 2023-08-29T02:10:17+08:00 ] [ log ] at888.icu/99/ [运行时间：0.011495s][吞吐率：86.99req/s] [内存消耗：1,864.80kb] [文件加载：51]
[ error ] [8]未定义数组下标: 1

---------------------------------------------------------------
[ 2023-08-29T02:10:18+08:00 ] [ log ] at888.icu/99/favicon.ico [运行时间：0.009847s][吞吐率：101.55req/s] [内存消耗：1,650.74kb] [文件加载：44]
[ error ] [8]未定义数组下标: 1

---------------------------------------------------------------
[ 2023-08-29T02:10:20+08:00 ] [ log ] at888.icu/99/index/open.html [运行时间：0.011556s][吞吐率：86.54req/s] [内存消耗：1,865.12kb] [文件加载：50]
[ error ] [8]未定义数组下标: 1

---------------------------------------------------------------
[ 2023-08-29T05:33:08+08:00 ] [ log ] at777.icu/99/ [运行时间：0.016458s][吞吐率：60.76req/s] [内存消耗：1,865.34kb] [文件加载：51]
[ error ] [8]未定义数组下标: 1

---------------------------------------------------------------
[ 2023-08-29T05:33:10+08:00 ] [ log ] at777.icu/99/favicon.ico [运行时间：0.009495s][吞吐率：105.32req/s] [内存消耗：1,650.74kb] [文件加载：44]
[ error ] [8]未定义数组下标: 1

---------------------------------------------------------------
[ 2023-08-29T05:33:13+08:00 ] [ log ] at777.icu/99/index/open.html [运行时间：0.013839s][吞吐率：72.26req/s] [内存消耗：1,865.12kb] [文件加载：50]
[ error ] [8]未定义数组下标: 1

---------------------------------------------------------------
[ 2023-08-29T05:33:44+08:00 ] [ log ] at777.icu/99/ [运行时间：0.016233s][吞吐率：61.60req/s] [内存消耗：1,864.80kb] [文件加载：51]
[ error ] [8]未定义数组下标: 1

---------------------------------------------------------------
[ 2023-08-29T05:33:45+08:00 ] [ log ] at777.icu/99/favicon.ico [运行时间：0.009868s][吞吐率：101.34req/s] [内存消耗：1,650.74kb] [文件加载：44]
[ error ] [8]未定义数组下标: 1

---------------------------------------------------------------
[ 2023-08-29T05:40:10+08:00 ] [ log ] at999.icu/99/ [运行时间：0.011023s][吞吐率：90.72req/s] [内存消耗：1,865.34kb] [文件加载：51]
[ error ] [8]未定义数组下标: 1

---------------------------------------------------------------
[ 2023-08-29T05:40:12+08:00 ] [ log ] at999.icu/99/favicon.ico [运行时间：0.033915s][吞吐率：29.49req/s] [内存消耗：1,650.74kb] [文件加载：44]
[ error ] [8]未定义数组下标: 1

---------------------------------------------------------------
[ 2023-08-29T05:40:15+08:00 ] [ log ] at999.icu/99/index/open.html [运行时间：0.010849s][吞吐率：92.17req/s] [内存消耗：1,865.12kb] [文件加载：50]
[ error ] [8]未定义数组下标: 1

---------------------------------------------------------------
[ 2023-08-29T05:41:14+08:00 ] [ log ] at999.icu/99/index/open.html [运行时间：0.010697s][吞吐率：93.49req/s] [内存消耗：1,865.12kb] [文件加载：50]
[ error ] [8]未定义数组下标: 1

---------------------------------------------------------------
[ 2023-08-29T05:42:43+08:00 ] [ log ] at999.icu/99/ [运行时间：0.015323s][吞吐率：65.26req/s] [内存消耗：1,864.80kb] [文件加载：51]
[ error ] [8]未定义数组下标: 1

---------------------------------------------------------------
[ 2023-08-29T05:42:47+08:00 ] [ log ] at999.icu/99/index/open.html [运行时间：0.011137s][吞吐率：89.79req/s] [内存消耗：1,865.12kb] [文件加载：50]
[ error ] [8]未定义数组下标: 1

---------------------------------------------------------------
[ 2023-08-29T05:43:38+08:00 ] [ log ] at999.icu/99/ [运行时间：0.013915s][吞吐率：71.86req/s] [内存消耗：1,864.80kb] [文件加载：51]
[ error ] [8]未定义数组下标: 1

---------------------------------------------------------------
[ 2023-08-29T05:43:43+08:00 ] [ log ] at999.icu/99/index/open.html [运行时间：0.019850s][吞吐率：50.38req/s] [内存消耗：1,865.12kb] [文件加载：50]
[ error ] [8]未定义数组下标: 1

---------------------------------------------------------------
[ 2023-08-29T06:06:42+08:00 ] [ log ] at999.icu/99/ [运行时间：0.018436s][吞吐率：54.24req/s] [内存消耗：1,864.80kb] [文件加载：51]
[ error ] [8]未定义数组下标: 1

---------------------------------------------------------------
[ 2023-08-29T06:06:43+08:00 ] [ log ] at999.icu/99/favicon.ico [运行时间：0.009434s][吞吐率：106.00req/s] [内存消耗：1,650.74kb] [文件加载：44]
[ error ] [8]未定义数组下标: 1

---------------------------------------------------------------
[ 2023-08-29T06:06:45+08:00 ] [ log ] at999.icu/99/index/open.html [运行时间：0.011429s][吞吐率：87.50req/s] [内存消耗：1,865.12kb] [文件加载：50]
[ error ] [8]未定义数组下标: 1

---------------------------------------------------------------
[ 2023-08-29T06:06:59+08:00 ] [ log ] at999.icu/99/index/open.html [运行时间：0.010934s][吞吐率：91.46req/s] [内存消耗：1,865.12kb] [文件加载：50]
[ error ] [8]未定义数组下标: 1

---------------------------------------------------------------
[ 2023-08-29T06:07:37+08:00 ] [ log ] at999.icu/99/index/open.html [运行时间：0.018740s][吞吐率：53.36req/s] [内存消耗：1,865.12kb] [文件加载：50]
[ error ] [8]未定义数组下标: 1

---------------------------------------------------------------
[ 2023-08-29T06:08:30+08:00 ] [ log ] at999.icu/99/ [运行时间：0.014523s][吞吐率：68.86req/s] [内存消耗：1,864.80kb] [文件加载：51]
[ error ] [8]未定义数组下标: 1

---------------------------------------------------------------
[ 2023-08-29T06:08:33+08:00 ] [ log ] at999.icu/99/index/open.html [运行时间：0.011117s][吞吐率：89.95req/s] [内存消耗：1,865.12kb] [文件加载：50]
[ error ] [8]未定义数组下标: 1

---------------------------------------------------------------
[ 2023-08-29T06:09:30+08:00 ] [ log ] at999.icu/99/ [运行时间：0.014686s][吞吐率：68.09req/s] [内存消耗：1,864.80kb] [文件加载：51]
[ error ] [8]未定义数组下标: 1

---------------------------------------------------------------
[ 2023-08-29T06:09:32+08:00 ] [ log ] at999.icu/99/favicon.ico [运行时间：0.009999s][吞吐率：100.01req/s] [内存消耗：1,650.74kb] [文件加载：44]
[ error ] [8]未定义数组下标: 1

---------------------------------------------------------------
[ 2023-08-29T06:09:34+08:00 ] [ log ] at999.icu/99/index/open.html [运行时间：0.010479s][吞吐率：95.43req/s] [内存消耗：1,865.12kb] [文件加载：50]
[ error ] [8]未定义数组下标: 1

---------------------------------------------------------------
[ 2023-08-29T06:12:28+08:00 ] [ log ] at999.icu/99/ [运行时间：0.011125s][吞吐率：89.89req/s] [内存消耗：1,864.80kb] [文件加载：51]
[ error ] [8]未定义数组下标: 1

---------------------------------------------------------------
[ 2023-08-29T06:12:29+08:00 ] [ log ] at999.icu/99/favicon.ico [运行时间：0.009341s][吞吐率：107.05req/s] [内存消耗：1,650.74kb] [文件加载：44]
[ error ] [8]未定义数组下标: 1

---------------------------------------------------------------
[ 2023-08-29T06:12:31+08:00 ] [ log ] at999.icu/99/index/open.html [运行时间：0.012381s][吞吐率：80.77req/s] [内存消耗：1,865.12kb] [文件加载：50]
[ error ] [8]未定义数组下标: 1

---------------------------------------------------------------
[ 2023-08-29T07:01:03+08:00 ] [ log ] at888.icu/99/ [运行时间：0.011616s][吞吐率：86.09req/s] [内存消耗：1,865.34kb] [文件加载：51]
[ error ] [8]未定义数组下标: 1

---------------------------------------------------------------
[ 2023-08-29T07:01:07+08:00 ] [ log ] at888.icu/99/favicon.ico [运行时间：0.011973s][吞吐率：83.52req/s] [内存消耗：1,650.74kb] [文件加载：44]
[ error ] [8]未定义数组下标: 1

---------------------------------------------------------------
[ 2023-08-29T07:01:08+08:00 ] [ log ] at888.icu/99/index/open.html [运行时间：0.010648s][吞吐率：93.91req/s] [内存消耗：1,865.12kb] [文件加载：50]
[ error ] [8]未定义数组下标: 1

---------------------------------------------------------------
[ 2023-08-29T08:29:42+08:00 ] [ log ] at888.icu/99/ [运行时间：0.014896s][吞吐率：67.13req/s] [内存消耗：1,865.34kb] [文件加载：51]
[ error ] [8]未定义数组下标: 1

---------------------------------------------------------------
[ 2023-08-29T08:29:43+08:00 ] [ log ] at888.icu/99/favicon.ico [运行时间：0.009488s][吞吐率：105.40req/s] [内存消耗：1,650.74kb] [文件加载：44]
[ error ] [8]未定义数组下标: 1

---------------------------------------------------------------
[ 2023-08-29T08:29:45+08:00 ] [ log ] at888.icu/99/index/open.html [运行时间：0.011384s][吞吐率：87.84req/s] [内存消耗：1,865.12kb] [文件加载：50]
[ error ] [8]未定义数组下标: 1

---------------------------------------------------------------
[ 2023-08-29T08:48:01+08:00 ] [ log ] at888.icu/99/ [运行时间：0.028690s][吞吐率：34.86req/s] [内存消耗：1,864.80kb] [文件加载：51]
[ error ] [8]未定义数组下标: 1

---------------------------------------------------------------
[ 2023-08-29T08:48:02+08:00 ] [ log ] at888.icu/99/favicon.ico [运行时间：0.022258s][吞吐率：44.93req/s] [内存消耗：1,650.74kb] [文件加载：44]
[ error ] [8]未定义数组下标: 1

---------------------------------------------------------------
[ 2023-08-29T08:48:04+08:00 ] [ log ] at888.icu/99/index/open.html [运行时间：0.010675s][吞吐率：93.68req/s] [内存消耗：1,865.12kb] [文件加载：50]
[ error ] [8]未定义数组下标: 1

---------------------------------------------------------------
[ 2023-08-29T11:16:53+08:00 ] [ log ] at888.icu/99/ [运行时间：0.014939s][吞吐率：66.94req/s] [内存消耗：1,865.34kb] [文件加载：51]
[ error ] [8]未定义数组下标: 1

---------------------------------------------------------------
[ 2023-08-29T11:16:54+08:00 ] [ log ] at888.icu/99/favicon.ico [运行时间：0.009442s][吞吐率：105.91req/s] [内存消耗：1,650.74kb] [文件加载：44]
[ error ] [8]未定义数组下标: 1

---------------------------------------------------------------
[ 2023-08-29T11:16:55+08:00 ] [ log ] at888.icu/99/index/open.html [运行时间：0.010883s][吞吐率：91.89req/s] [内存消耗：1,865.12kb] [文件加载：50]
[ error ] [8]未定义数组下标: 1

---------------------------------------------------------------
[ 2023-08-29T11:53:03+08:00 ] [ log ] at888.icu/99/?uc_sm=1 [运行时间：0.011158s][吞吐率：89.62req/s] [内存消耗：1,865.97kb] [文件加载：51]
[ error ] [8]未定义数组下标: 1

---------------------------------------------------------------
[ 2023-08-29T11:53:03+08:00 ] [ log ] at888.icu/99/ [运行时间：0.011111s][吞吐率：90.00req/s] [内存消耗：1,865.34kb] [文件加载：51]
[ error ] [8]未定义数组下标: 1

---------------------------------------------------------------
[ 2023-08-29T11:53:05+08:00 ] [ log ] at888.icu/99/favicon.ico [运行时间：0.015882s][吞吐率：62.96req/s] [内存消耗：1,650.74kb] [文件加载：44]
[ error ] [8]未定义数组下标: 1

---------------------------------------------------------------
[ 2023-08-29T11:53:07+08:00 ] [ log ] at888.icu/99/index/open.html [运行时间：0.011551s][吞吐率：86.57req/s] [内存消耗：1,865.12kb] [文件加载：50]
[ error ] [8]未定义数组下标: 1

---------------------------------------------------------------
[ 2023-08-29T12:16:44+08:00 ] [ log ] at888.icu/99/ [运行时间：0.011595s][吞吐率：86.24req/s] [内存消耗：1,865.34kb] [文件加载：51]
[ error ] [8]未定义数组下标: 1

---------------------------------------------------------------
[ 2023-08-29T12:16:47+08:00 ] [ log ] at888.icu/99/favicon.ico [运行时间：0.009369s][吞吐率：106.74req/s] [内存消耗：1,650.74kb] [文件加载：44]
[ error ] [8]未定义数组下标: 1

---------------------------------------------------------------
[ 2023-08-29T12:16:52+08:00 ] [ log ] at888.icu/99/index/open.html [运行时间：0.010621s][吞吐率：94.15req/s] [内存消耗：1,865.12kb] [文件加载：50]
[ error ] [8]未定义数组下标: 1

---------------------------------------------------------------
[ 2023-08-29T12:41:16+08:00 ] [ log ] at888.icu/99/ [运行时间：0.011325s][吞吐率：88.30req/s] [内存消耗：1,864.80kb] [文件加载：51]
[ error ] [8]未定义数组下标: 1

---------------------------------------------------------------
[ 2023-08-29T12:42:15+08:00 ] [ log ] at888.icu/99/ [运行时间：0.023201s][吞吐率：43.10req/s] [内存消耗：1,864.80kb] [文件加载：51]
[ error ] [8]未定义数组下标: 1

---------------------------------------------------------------
[ 2023-08-29T12:42:16+08:00 ] [ log ] at888.icu/99/favicon.ico [运行时间：0.012350s][吞吐率：80.97req/s] [内存消耗：1,650.74kb] [文件加载：44]
[ error ] [8]未定义数组下标: 1

---------------------------------------------------------------
[ 2023-08-29T12:42:19+08:00 ] [ log ] at888.icu/99/index/open.html [运行时间：0.010984s][吞吐率：91.04req/s] [内存消耗：1,865.12kb] [文件加载：50]
[ error ] [8]未定义数组下标: 1

---------------------------------------------------------------
[ 2023-08-29T12:44:22+08:00 ] [ log ] at888.icu/99/ [运行时间：0.024450s][吞吐率：40.90req/s] [内存消耗：1,865.34kb] [文件加载：51]
[ error ] [8]未定义数组下标: 1

---------------------------------------------------------------
[ 2023-08-29T12:44:23+08:00 ] [ log ] at888.icu/99/favicon.ico [运行时间：0.025843s][吞吐率：38.70req/s] [内存消耗：1,650.74kb] [文件加载：44]
[ error ] [8]未定义数组下标: 1

---------------------------------------------------------------
[ 2023-08-29T12:44:25+08:00 ] [ log ] at888.icu/99/index/open.html [运行时间：0.016374s][吞吐率：61.07req/s] [内存消耗：1,865.12kb] [文件加载：50]
[ error ] [8]未定义数组下标: 1

---------------------------------------------------------------
[ 2023-08-29T14:01:41+08:00 ] [ log ] at1777.com/99/ [运行时间：0.016605s][吞吐率：60.22req/s] [内存消耗：1,865.34kb] [文件加载：51]
[ error ] [8]未定义数组下标: 1

---------------------------------------------------------------
[ 2023-08-29T14:01:42+08:00 ] [ log ] at1777.com/99/favicon.ico [运行时间：0.030370s][吞吐率：32.93req/s] [内存消耗：1,650.74kb] [文件加载：44]
[ error ] [8]未定义数组下标: 1

---------------------------------------------------------------
[ 2023-08-29T14:01:45+08:00 ] [ log ] at1777.com/99/index/open.html [运行时间：0.014846s][吞吐率：67.36req/s] [内存消耗：1,865.12kb] [文件加载：50]
[ error ] [8]未定义数组下标: 1

---------------------------------------------------------------
[ 2023-08-29T14:01:56+08:00 ] [ log ] at1777.com/99/index/open.html [运行时间：0.011373s][吞吐率：87.93req/s] [内存消耗：1,865.12kb] [文件加载：50]
[ error ] [8]未定义数组下标: 1

---------------------------------------------------------------
[ 2023-08-29T14:05:13+08:00 ] [ log ] at1777.com/99/ [运行时间：0.010940s][吞吐率：91.41req/s] [内存消耗：1,864.80kb] [文件加载：51]
[ error ] [8]未定义数组下标: 1

---------------------------------------------------------------
[ 2023-08-29T14:05:14+08:00 ] [ log ] at1777.com/99/favicon.ico [运行时间：0.009532s][吞吐率：104.91req/s] [内存消耗：1,650.74kb] [文件加载：44]
[ error ] [8]未定义数组下标: 1

---------------------------------------------------------------
[ 2023-08-29T14:05:16+08:00 ] [ log ] at1777.com/99/index/open.html [运行时间：0.010974s][吞吐率：91.12req/s] [内存消耗：1,865.12kb] [文件加载：50]
[ error ] [8]未定义数组下标: 1

---------------------------------------------------------------
[ 2023-08-29T14:05:30+08:00 ] [ log ] at1777.com/99/ [运行时间：0.034935s][吞吐率：28.62req/s] [内存消耗：1,864.80kb] [文件加载：51]
[ error ] [8]未定义数组下标: 1

---------------------------------------------------------------
[ 2023-08-29T14:05:31+08:00 ] [ log ] at1777.com/99/favicon.ico [运行时间：0.010034s][吞吐率：99.66req/s] [内存消耗：1,650.74kb] [文件加载：44]
[ error ] [8]未定义数组下标: 1

---------------------------------------------------------------
[ 2023-08-29T14:05:33+08:00 ] [ log ] at1777.com/99/index/open.html [运行时间：0.015484s][吞吐率：64.58req/s] [内存消耗：1,865.12kb] [文件加载：50]
[ error ] [8]未定义数组下标: 1

---------------------------------------------------------------
[ 2023-08-29T14:13:59+08:00 ] [ log ] at888.icu/99/ [运行时间：0.010949s][吞吐率：91.33req/s] [内存消耗：1,865.34kb] [文件加载：51]
[ error ] [8]未定义数组下标: 1

---------------------------------------------------------------
[ 2023-08-29T14:14:00+08:00 ] [ log ] at888.icu/99/favicon.ico [运行时间：0.034679s][吞吐率：28.84req/s] [内存消耗：1,650.74kb] [文件加载：44]
[ error ] [8]未定义数组下标: 1

---------------------------------------------------------------
[ 2023-08-29T14:14:05+08:00 ] [ log ] at888.icu/99/index/open.html [运行时间：0.016204s][吞吐率：61.71req/s] [内存消耗：1,865.12kb] [文件加载：50]
[ error ] [8]未定义数组下标: 1

---------------------------------------------------------------
[ 2023-08-29T16:02:21+08:00 ] [ log ] at888.icu/99/ [运行时间：0.010913s][吞吐率：91.63req/s] [内存消耗：1,865.34kb] [文件加载：51]
[ error ] [8]未定义数组下标: 1

---------------------------------------------------------------
[ 2023-08-29T16:02:23+08:00 ] [ log ] at888.icu/99/favicon.ico [运行时间：0.012759s][吞吐率：78.38req/s] [内存消耗：1,650.74kb] [文件加载：44]
[ error ] [8]未定义数组下标: 1

---------------------------------------------------------------
[ 2023-08-29T16:02:25+08:00 ] [ log ] at888.icu/99/index/open.html [运行时间：0.010851s][吞吐率：92.16req/s] [内存消耗：1,865.12kb] [文件加载：50]
[ error ] [8]未定义数组下标: 1

---------------------------------------------------------------
[ 2023-08-29T16:38:35+08:00 ] [ log ] at888.icu/99/ [运行时间：0.011355s][吞吐率：88.07req/s] [内存消耗：1,864.80kb] [文件加载：51]
[ error ] [8]未定义数组下标: 1

---------------------------------------------------------------
[ 2023-08-29T16:38:36+08:00 ] [ log ] at888.icu/99/favicon.ico [运行时间：0.013123s][吞吐率：76.20req/s] [内存消耗：1,650.74kb] [文件加载：44]
[ error ] [8]未定义数组下标: 1

---------------------------------------------------------------
[ 2023-08-29T16:38:38+08:00 ] [ log ] at888.icu/99/index/open.html [运行时间：0.010641s][吞吐率：93.98req/s] [内存消耗：1,865.12kb] [文件加载：50]
[ error ] [8]未定义数组下标: 1

---------------------------------------------------------------
[ 2023-08-29T17:04:53+08:00 ] [ log ] at888.icu/99/ [运行时间：0.011413s][吞吐率：87.62req/s] [内存消耗：1,865.34kb] [文件加载：51]
[ error ] [8]未定义数组下标: 1

---------------------------------------------------------------
[ 2023-08-29T17:04:54+08:00 ] [ log ] at888.icu/99/favicon.ico [运行时间：0.009496s][吞吐率：105.31req/s] [内存消耗：1,650.74kb] [文件加载：44]
[ error ] [8]未定义数组下标: 1

---------------------------------------------------------------
[ 2023-08-29T17:04:56+08:00 ] [ log ] at888.icu/99/index/open.html [运行时间：0.010673s][吞吐率：93.70req/s] [内存消耗：1,865.12kb] [文件加载：50]
[ error ] [8]未定义数组下标: 1

---------------------------------------------------------------
[ 2023-08-29T17:41:21+08:00 ] [ log ] at888.icu/99/ [运行时间：0.010956s][吞吐率：91.27req/s] [内存消耗：1,864.80kb] [文件加载：51]
[ error ] [8]未定义数组下标: 1

---------------------------------------------------------------
[ 2023-08-29T17:41:22+08:00 ] [ log ] at888.icu/99/favicon.ico [运行时间：0.011697s][吞吐率：85.49req/s] [内存消耗：1,650.74kb] [文件加载：44]
[ error ] [8]未定义数组下标: 1

---------------------------------------------------------------
[ 2023-08-29T17:41:24+08:00 ] [ log ] at888.icu/99/index/open.html [运行时间：0.010701s][吞吐率：93.45req/s] [内存消耗：1,865.12kb] [文件加载：50]
[ error ] [8]未定义数组下标: 1

---------------------------------------------------------------
[ 2023-08-29T17:53:35+08:00 ] [ log ] at888.icu/99/ [运行时间：0.016926s][吞吐率：59.08req/s] [内存消耗：1,865.34kb] [文件加载：51]
[ error ] [8]未定义数组下标: 1

---------------------------------------------------------------
[ 2023-08-29T17:53:39+08:00 ] [ log ] at888.icu/99/favicon.ico [运行时间：0.009395s][吞吐率：106.44req/s] [内存消耗：1,650.74kb] [文件加载：44]
[ error ] [8]未定义数组下标: 1

---------------------------------------------------------------
[ 2023-08-29T17:53:43+08:00 ] [ log ] at888.icu/99/index/open.html [运行时间：0.011546s][吞吐率：86.61req/s] [内存消耗：1,865.12kb] [文件加载：50]
[ error ] [8]未定义数组下标: 1

---------------------------------------------------------------
[ 2023-08-29T17:57:13+08:00 ] [ log ] at888.icu/99/?uc_sm=1 [运行时间：0.031632s][吞吐率：31.61req/s] [内存消耗：1,865.97kb] [文件加载：51]
[ error ] [8]未定义数组下标: 1

---------------------------------------------------------------
[ 2023-08-29T17:57:35+08:00 ] [ log ] at888.icu/99/?uc_sm=1&from=wh10331 [运行时间：0.012744s][吞吐率：78.47req/s] [内存消耗：1,865.98kb] [文件加载：51]
[ error ] [8]未定义数组下标: 1

---------------------------------------------------------------
[ 2023-08-29T17:57:35+08:00 ] [ log ] at888.icu/99/ [运行时间：0.010962s][吞吐率：91.22req/s] [内存消耗：1,865.34kb] [文件加载：51]
[ error ] [8]未定义数组下标: 1

---------------------------------------------------------------
[ 2023-08-29T17:57:37+08:00 ] [ log ] at888.icu/99/favicon.ico [运行时间：0.009643s][吞吐率：103.70req/s] [内存消耗：1,650.74kb] [文件加载：44]
[ error ] [8]未定义数组下标: 1

---------------------------------------------------------------
[ 2023-08-29T17:57:38+08:00 ] [ log ] at888.icu/99/index/open.html [运行时间：0.011123s][吞吐率：89.90req/s] [内存消耗：1,865.12kb] [文件加载：50]
[ error ] [8]未定义数组下标: 1

---------------------------------------------------------------
[ 2023-08-29T18:22:50+08:00 ] [ log ] at888.icu/99/ [运行时间：0.011409s][吞吐率：87.65req/s] [内存消耗：1,864.80kb] [文件加载：51]
[ error ] [8]未定义数组下标: 1

---------------------------------------------------------------
[ 2023-08-29T18:22:50+08:00 ] [ log ] at888.icu/99/favicon.ico [运行时间：0.015134s][吞吐率：66.08req/s] [内存消耗：1,650.74kb] [文件加载：44]
[ error ] [8]未定义数组下标: 1

---------------------------------------------------------------
[ 2023-08-29T18:23:03+08:00 ] [ log ] at888.icu/99/index/open.html [运行时间：0.011387s][吞吐率：87.82req/s] [内存消耗：1,865.12kb] [文件加载：50]
[ error ] [8]未定义数组下标: 1

---------------------------------------------------------------
[ 2023-08-29T18:49:55+08:00 ] [ log ] at888.icu/99/ [运行时间：0.011138s][吞吐率：89.78req/s] [内存消耗：1,864.80kb] [文件加载：51]
[ error ] [8]未定义数组下标: 1

---------------------------------------------------------------
[ 2023-08-29T19:34:45+08:00 ] [ log ] at888.icu/99/ [运行时间：0.015098s][吞吐率：66.23req/s] [内存消耗：1,865.34kb] [文件加载：51]
[ error ] [8]未定义数组下标: 1

---------------------------------------------------------------
[ 2023-08-29T19:34:48+08:00 ] [ log ] at888.icu/99/favicon.ico [运行时间：0.034644s][吞吐率：28.87req/s] [内存消耗：1,650.74kb] [文件加载：44]
[ error ] [8]未定义数组下标: 1

---------------------------------------------------------------
[ 2023-08-29T19:34:50+08:00 ] [ log ] at888.icu/99/index/open.html [运行时间：0.011539s][吞吐率：86.66req/s] [内存消耗：1,865.12kb] [文件加载：50]
[ error ] [8]未定义数组下标: 1

---------------------------------------------------------------
[ 2023-08-29T19:43:28+08:00 ] [ log ] at888.icu/99/ [运行时间：0.010964s][吞吐率：91.21req/s] [内存消耗：1,864.80kb] [文件加载：51]
[ error ] [8]未定义数组下标: 1

---------------------------------------------------------------
[ 2023-08-29T19:43:28+08:00 ] [ log ] at888.icu/99/favicon.ico [运行时间：0.009479s][吞吐率：105.50req/s] [内存消耗：1,650.74kb] [文件加载：44]
[ error ] [8]未定义数组下标: 1

---------------------------------------------------------------
[ 2023-08-29T20:22:04+08:00 ] [ log ] at888.icu/99/ [运行时间：0.010586s][吞吐率：94.47req/s] [内存消耗：1,864.80kb] [文件加载：51]
[ error ] [8]未定义数组下标: 1

---------------------------------------------------------------
[ 2023-08-29T20:22:09+08:00 ] [ log ] at888.icu/99/favicon.ico [运行时间：0.013367s][吞吐率：74.81req/s] [内存消耗：1,650.74kb] [文件加载：44]
[ error ] [8]未定义数组下标: 1

---------------------------------------------------------------
[ 2023-08-29T20:22:10+08:00 ] [ log ] at888.icu/99/index/open.html [运行时间：0.010586s][吞吐率：94.46req/s] [内存消耗：1,865.12kb] [文件加载：50]
[ error ] [8]未定义数组下标: 1

---------------------------------------------------------------
[ 2023-08-29T20:25:31+08:00 ] [ log ] at888.icu/99/ [运行时间：0.014478s][吞吐率：69.07req/s] [内存消耗：1,864.80kb] [文件加载：51]
[ error ] [8]未定义数组下标: 1

---------------------------------------------------------------
[ 2023-08-29T20:25:33+08:00 ] [ log ] at888.icu/99/favicon.ico [运行时间：0.009354s][吞吐率：106.91req/s] [内存消耗：1,650.74kb] [文件加载：44]
[ error ] [8]未定义数组下标: 1

---------------------------------------------------------------
[ 2023-08-29T20:25:36+08:00 ] [ log ] at888.icu/99/index/open.html [运行时间：0.027628s][吞吐率：36.19req/s] [内存消耗：1,865.12kb] [文件加载：50]
[ error ] [8]未定义数组下标: 1

---------------------------------------------------------------
[ 2023-08-29T21:15:52+08:00 ] [ log ] at888.icu/99/ [运行时间：0.011669s][吞吐率：85.70req/s] [内存消耗：1,865.34kb] [文件加载：51]
[ error ] [8]未定义数组下标: 1

---------------------------------------------------------------
[ 2023-08-29T21:15:53+08:00 ] [ log ] at888.icu/99/favicon.ico [运行时间：0.009566s][吞吐率：104.54req/s] [内存消耗：1,650.74kb] [文件加载：44]
[ error ] [8]未定义数组下标: 1

---------------------------------------------------------------
[ 2023-08-29T21:15:55+08:00 ] [ log ] at888.icu/99/index/open.html [运行时间：0.016687s][吞吐率：59.93req/s] [内存消耗：1,865.12kb] [文件加载：50]
[ error ] [8]未定义数组下标: 1

---------------------------------------------------------------
[ 2023-08-29T21:16:58+08:00 ] [ log ] at888.icu/99/ [运行时间：0.010771s][吞吐率：92.84req/s] [内存消耗：1,865.34kb] [文件加载：51]
[ error ] [8]未定义数组下标: 1

---------------------------------------------------------------
[ 2023-08-29T21:17:00+08:00 ] [ log ] at888.icu/99/favicon.ico [运行时间：0.009350s][吞吐率：106.95req/s] [内存消耗：1,650.74kb] [文件加载：44]
[ error ] [8]未定义数组下标: 1

---------------------------------------------------------------
[ 2023-08-29T21:17:05+08:00 ] [ log ] at888.icu/99/index/open.html [运行时间：0.011026s][吞吐率：90.70req/s] [内存消耗：1,865.12kb] [文件加载：50]
[ error ] [8]未定义数组下标: 1

---------------------------------------------------------------
[ 2023-08-29T21:24:08+08:00 ] [ log ] at888.icu/99/ [运行时间：0.015418s][吞吐率：64.86req/s] [内存消耗：1,864.80kb] [文件加载：51]
[ error ] [8]未定义数组下标: 1

---------------------------------------------------------------
[ 2023-08-29T21:24:09+08:00 ] [ log ] at888.icu/99/favicon.ico [运行时间：0.013542s][吞吐率：73.84req/s] [内存消耗：1,650.74kb] [文件加载：44]
[ error ] [8]未定义数组下标: 1

---------------------------------------------------------------
[ 2023-08-29T21:24:12+08:00 ] [ log ] at888.icu/99/index/open.html [运行时间：0.029547s][吞吐率：33.84req/s] [内存消耗：1,865.12kb] [文件加载：50]
[ error ] [8]未定义数组下标: 1

---------------------------------------------------------------
[ 2023-08-29T21:35:30+08:00 ] [ log ] at888.icu/99/ [运行时间：0.011132s][吞吐率：89.83req/s] [内存消耗：1,865.34kb] [文件加载：51]
[ error ] [8]未定义数组下标: 1

---------------------------------------------------------------
[ 2023-08-29T21:35:32+08:00 ] [ log ] at888.icu/99/favicon.ico [运行时间：0.010009s][吞吐率：99.91req/s] [内存消耗：1,650.74kb] [文件加载：44]
[ error ] [8]未定义数组下标: 1

---------------------------------------------------------------
[ 2023-08-29T21:35:39+08:00 ] [ log ] at888.icu/99/index/open.html [运行时间：0.013083s][吞吐率：76.43req/s] [内存消耗：1,865.12kb] [文件加载：50]
[ error ] [8]未定义数组下标: 1

---------------------------------------------------------------
[ 2023-08-29T21:37:21+08:00 ] [ log ] at888.icu/99/ [运行时间：0.011300s][吞吐率：88.49req/s] [内存消耗：1,864.80kb] [文件加载：51]
[ error ] [8]未定义数组下标: 1

---------------------------------------------------------------
[ 2023-08-29T21:37:22+08:00 ] [ log ] at888.icu/99/favicon.ico [运行时间：0.010030s][吞吐率：99.70req/s] [内存消耗：1,650.74kb] [文件加载：44]
[ error ] [8]未定义数组下标: 1

---------------------------------------------------------------
[ 2023-08-29T21:37:25+08:00 ] [ log ] at888.icu/99/index/open.html [运行时间：0.012512s][吞吐率：79.92req/s] [内存消耗：1,865.12kb] [文件加载：50]
[ error ] [8]未定义数组下标: 1

---------------------------------------------------------------
[ 2023-08-29T21:37:50+08:00 ] [ log ] at888.icu/99/ [运行时间：0.025824s][吞吐率：38.72req/s] [内存消耗：1,864.80kb] [文件加载：51]
[ error ] [8]未定义数组下标: 1

---------------------------------------------------------------
[ 2023-08-29T21:37:51+08:00 ] [ log ] at888.icu/99/favicon.ico [运行时间：0.009402s][吞吐率：106.36req/s] [内存消耗：1,650.74kb] [文件加载：44]
[ error ] [8]未定义数组下标: 1

---------------------------------------------------------------
[ 2023-08-29T21:37:53+08:00 ] [ log ] at888.icu/99/index/open.html [运行时间：0.017146s][吞吐率：58.32req/s] [内存消耗：1,865.12kb] [文件加载：50]
[ error ] [8]未定义数组下标: 1

---------------------------------------------------------------
[ 2023-08-29T22:43:38+08:00 ] [ log ] at888.icu/99/ [运行时间：0.011014s][吞吐率：90.79req/s] [内存消耗：1,865.34kb] [文件加载：51]
[ error ] [8]未定义数组下标: 1

---------------------------------------------------------------
[ 2023-08-29T22:43:39+08:00 ] [ log ] at888.icu/99/favicon.ico [运行时间：0.033360s][吞吐率：29.98req/s] [内存消耗：1,650.74kb] [文件加载：44]
[ error ] [8]未定义数组下标: 1

---------------------------------------------------------------
[ 2023-08-29T22:43:43+08:00 ] [ log ] at888.icu/99/index/open.html [运行时间：0.010593s][吞吐率：94.40req/s] [内存消耗：1,865.12kb] [文件加载：50]
[ error ] [8]未定义数组下标: 1

---------------------------------------------------------------
[ 2023-08-29T22:49:05+08:00 ] [ log ] at888.icu/99/ [运行时间：0.011062s][吞吐率：90.40req/s] [内存消耗：1,865.34kb] [文件加载：51]
[ error ] [8]未定义数组下标: 1

---------------------------------------------------------------
[ 2023-08-29T22:49:05+08:00 ] [ log ] at888.icu/99/?uc_sm=1&from=wh10331 [运行时间：0.015498s][吞吐率：64.52req/s] [内存消耗：1,865.98kb] [文件加载：51]
[ error ] [8]未定义数组下标: 1

---------------------------------------------------------------
[ 2023-08-29T22:49:07+08:00 ] [ log ] at888.icu/99/favicon.ico [运行时间：0.009290s][吞吐率：107.64req/s] [内存消耗：1,650.74kb] [文件加载：44]
[ error ] [8]未定义数组下标: 1

---------------------------------------------------------------
[ 2023-08-29T22:49:09+08:00 ] [ log ] at888.icu/99/index/open.html [运行时间：0.015116s][吞吐率：66.16req/s] [内存消耗：1,865.12kb] [文件加载：50]
[ error ] [8]未定义数组下标: 1

---------------------------------------------------------------
[ 2023-08-29T22:51:49+08:00 ] [ log ] at888.icu/99/ [运行时间：0.012621s][吞吐率：79.23req/s] [内存消耗：1,864.80kb] [文件加载：51]
[ error ] [8]未定义数组下标: 1

---------------------------------------------------------------
[ 2023-08-29T22:52:00+08:00 ] [ log ] at888.icu/99/favicon.ico [运行时间：0.009382s][吞吐率：106.59req/s] [内存消耗：1,650.74kb] [文件加载：44]
[ error ] [8]未定义数组下标: 1

---------------------------------------------------------------
[ 2023-08-29T22:52:15+08:00 ] [ log ] at888.icu/99/index/open.html [运行时间：0.010675s][吞吐率：93.68req/s] [内存消耗：1,865.12kb] [文件加载：50]
[ error ] [8]未定义数组下标: 1

---------------------------------------------------------------
[ 2023-08-29T22:54:30+08:00 ] [ log ] at888.icu/99/?uc_sm=1&from=wh10331 [运行时间：0.010691s][吞吐率：93.54req/s] [内存消耗：1,865.45kb] [文件加载：51]
[ error ] [8]未定义数组下标: 1

---------------------------------------------------------------
[ 2023-08-29T22:54:45+08:00 ] [ log ] at888.icu/99/?uc_sm=1&from=wh10331 [运行时间：0.010707s][吞吐率：93.40req/s] [内存消耗：1,865.45kb] [文件加载：51]
[ error ] [8]未定义数组下标: 1

---------------------------------------------------------------
[ 2023-08-29T22:55:11+08:00 ] [ log ] at888.icu/99/ [运行时间：0.012069s][吞吐率：82.86req/s] [内存消耗：1,864.80kb] [文件加载：51]
[ error ] [8]未定义数组下标: 1

---------------------------------------------------------------
[ 2023-08-29T22:55:15+08:00 ] [ log ] at888.icu/99/favicon.ico [运行时间：0.010056s][吞吐率：99.44req/s] [内存消耗：1,650.74kb] [文件加载：44]
[ error ] [8]未定义数组下标: 1

---------------------------------------------------------------
[ 2023-08-29T23:03:36+08:00 ] [ log ] at888.icu/99/ [运行时间：0.010819s][吞吐率：92.43req/s] [内存消耗：1,864.80kb] [文件加载：51]
[ error ] [8]未定义数组下标: 1

---------------------------------------------------------------
[ 2023-08-29T23:03:37+08:00 ] [ log ] at888.icu/99/favicon.ico [运行时间：0.009643s][吞吐率：103.70req/s] [内存消耗：1,650.74kb] [文件加载：44]
[ error ] [8]未定义数组下标: 1

---------------------------------------------------------------
[ 2023-08-29T23:03:39+08:00 ] [ log ] at888.icu/99/index/open.html [运行时间：0.011526s][吞吐率：86.76req/s] [内存消耗：1,865.12kb] [文件加载：50]
[ error ] [8]未定义数组下标: 1

---------------------------------------------------------------
