[ 2023-08-30T07:37:08+08:00 ] [ log ] at888.icu/99/ [运行时间：0.015108s][吞吐率：66.19req/s] [内存消耗：1,865.34kb] [文件加载：51]
[ error ] [8]未定义数组下标: 1

---------------------------------------------------------------
[ 2023-08-30T07:37:09+08:00 ] [ log ] at888.icu/99/favicon.ico [运行时间：0.010071s][吞吐率：99.29req/s] [内存消耗：1,650.74kb] [文件加载：44]
[ error ] [8]未定义数组下标: 1

---------------------------------------------------------------
[ 2023-08-30T07:37:11+08:00 ] [ log ] at888.icu/99/index/open.html [运行时间：0.014954s][吞吐率：66.87req/s] [内存消耗：1,865.12kb] [文件加载：50]
[ error ] [8]未定义数组下标: 1

---------------------------------------------------------------
[ 2023-08-30T08:35:36+08:00 ] [ log ] asd123111.icu/99/ [运行时间：0.011338s][吞吐率：88.20req/s] [内存消耗：1,865.34kb] [文件加载：51]
[ error ] [8]未定义数组下标: 1

---------------------------------------------------------------
[ 2023-08-30T08:35:37+08:00 ] [ log ] asd123111.icu/99/favicon.ico [运行时间：0.040567s][吞吐率：24.65req/s] [内存消耗：1,650.74kb] [文件加载：44]
[ error ] [8]未定义数组下标: 1

---------------------------------------------------------------
[ 2023-08-30T08:35:39+08:00 ] [ log ] asd123111.icu/99/index/open.html [运行时间：0.011358s][吞吐率：88.04req/s] [内存消耗：1,865.13kb] [文件加载：50]
[ error ] [8]未定义数组下标: 1

---------------------------------------------------------------
[ 2023-08-30T08:35:50+08:00 ] [ log ] asd123111.icu/99/ [运行时间：0.011172s][吞吐率：89.51req/s] [内存消耗：1,864.81kb] [文件加载：51]
[ error ] [8]未定义数组下标: 1

---------------------------------------------------------------
[ 2023-08-30T10:02:13+08:00 ] [ log ] at666.icu/99/ [运行时间：0.010855s][吞吐率：92.12req/s] [内存消耗：1,865.34kb] [文件加载：51]
[ error ] [8]未定义数组下标: 1

---------------------------------------------------------------
[ 2023-08-30T10:02:14+08:00 ] [ log ] at666.icu/99/favicon.ico [运行时间：0.015347s][吞吐率：65.16req/s] [内存消耗：1,650.74kb] [文件加载：44]
[ error ] [8]未定义数组下标: 1

---------------------------------------------------------------
[ 2023-08-30T10:02:17+08:00 ] [ log ] at666.icu/99/index/open.html [运行时间：0.011503s][吞吐率：86.93req/s] [内存消耗：1,865.12kb] [文件加载：50]
[ error ] [8]未定义数组下标: 1

---------------------------------------------------------------
[ 2023-08-30T10:06:09+08:00 ] [ log ] at666.icu/99/ [运行时间：0.035383s][吞吐率：28.26req/s] [内存消耗：1,865.34kb] [文件加载：51]
[ error ] [8]未定义数组下标: 1

---------------------------------------------------------------
[ 2023-08-30T10:06:13+08:00 ] [ log ] at666.icu/99/index/open.html [运行时间：0.011107s][吞吐率：90.03req/s] [内存消耗：1,865.12kb] [文件加载：50]
[ error ] [8]未定义数组下标: 1

---------------------------------------------------------------
[ 2023-08-30T10:07:40+08:00 ] [ log ] at888.icu/99/ [运行时间：0.014139s][吞吐率：70.73req/s] [内存消耗：1,864.84kb] [文件加载：51]
[ error ] [8]未定义数组下标: 1

---------------------------------------------------------------
[ 2023-08-30T10:25:29+08:00 ] [ log ] at888.icu/99/ [运行时间：0.011585s][吞吐率：86.32req/s] [内存消耗：1,865.34kb] [文件加载：51]
[ error ] [8]未定义数组下标: 1

---------------------------------------------------------------
[ 2023-08-30T10:25:34+08:00 ] [ log ] at888.icu/99/favicon.ico [运行时间：0.009496s][吞吐率：105.31req/s] [内存消耗：1,650.74kb] [文件加载：44]
[ error ] [8]未定义数组下标: 1

---------------------------------------------------------------
[ 2023-08-30T10:25:39+08:00 ] [ log ] at888.icu/99/index/open.html [运行时间：0.022941s][吞吐率：43.59req/s] [内存消耗：1,865.12kb] [文件加载：50]
[ error ] [8]未定义数组下标: 1

---------------------------------------------------------------
[ 2023-08-30T10:53:10+08:00 ] [ log ] at888.icu/99/?uc_sm=1&from=wh10331 [运行时间：0.010605s][吞吐率：94.29req/s] [内存消耗：1,865.45kb] [文件加载：51]
[ error ] [8]未定义数组下标: 1

---------------------------------------------------------------
[ 2023-08-30T10:53:10+08:00 ] [ log ] at888.icu/99/ [运行时间：0.010853s][吞吐率：92.14req/s] [内存消耗：1,864.80kb] [文件加载：51]
[ error ] [8]未定义数组下标: 1

---------------------------------------------------------------
[ 2023-08-30T10:53:13+08:00 ] [ log ] at888.icu/99/favicon.ico [运行时间：0.017177s][吞吐率：58.22req/s] [内存消耗：1,650.74kb] [文件加载：44]
[ error ] [8]未定义数组下标: 1

---------------------------------------------------------------
[ 2023-08-30T10:53:13+08:00 ] [ log ] at888.icu/99/index/open.html [运行时间：0.015134s][吞吐率：66.08req/s] [内存消耗：1,865.12kb] [文件加载：50]
[ error ] [8]未定义数组下标: 1

---------------------------------------------------------------
[ 2023-08-30T10:53:54+08:00 ] [ log ] at888.icu/99/?uc_sm=1&from=wh10331 [运行时间：0.010724s][吞吐率：93.25req/s] [内存消耗：1,865.45kb] [文件加载：51]
[ error ] [8]未定义数组下标: 1

---------------------------------------------------------------
[ 2023-08-30T10:53:54+08:00 ] [ log ] at888.icu/99/ [运行时间：0.015934s][吞吐率：62.76req/s] [内存消耗：1,864.80kb] [文件加载：51]
[ error ] [8]未定义数组下标: 1

---------------------------------------------------------------
[ 2023-08-30T10:53:55+08:00 ] [ log ] at888.icu/99/favicon.ico [运行时间：0.010405s][吞吐率：96.11req/s] [内存消耗：1,650.74kb] [文件加载：44]
[ error ] [8]未定义数组下标: 1

---------------------------------------------------------------
[ 2023-08-30T10:53:57+08:00 ] [ log ] at888.icu/99/index/open.html [运行时间：0.011370s][吞吐率：87.95req/s] [内存消耗：1,865.12kb] [文件加载：50]
[ error ] [8]未定义数组下标: 1

---------------------------------------------------------------
[ 2023-08-30T11:01:08+08:00 ] [ log ] asd123111.icu/99/ [运行时间：0.041405s][吞吐率：24.15req/s] [内存消耗：1,865.34kb] [文件加载：51]
[ error ] [8]未定义数组下标: 1

---------------------------------------------------------------
[ 2023-08-30T11:01:09+08:00 ] [ log ] asd123111.icu/99/favicon.ico [运行时间：0.009350s][吞吐率：106.95req/s] [内存消耗：1,650.74kb] [文件加载：44]
[ error ] [8]未定义数组下标: 1

---------------------------------------------------------------
[ 2023-08-30T11:01:12+08:00 ] [ log ] asd123111.icu/99/index/open.html [运行时间：0.013359s][吞吐率：74.86req/s] [内存消耗：1,865.13kb] [文件加载：50]
[ error ] [8]未定义数组下标: 1

---------------------------------------------------------------
[ 2023-08-30T11:03:54+08:00 ] [ log ] asd123111.icu/99/ [运行时间：0.016521s][吞吐率：60.53req/s] [内存消耗：1,864.81kb] [文件加载：51]
[ error ] [8]未定义数组下标: 1

---------------------------------------------------------------
[ 2023-08-30T11:51:10+08:00 ] [ log ] at888.icu/99/ [运行时间：0.010803s][吞吐率：92.57req/s] [内存消耗：1,865.34kb] [文件加载：51]
[ error ] [8]未定义数组下标: 1

---------------------------------------------------------------
[ 2023-08-30T11:51:13+08:00 ] [ log ] at888.icu/99/favicon.ico [运行时间：0.010098s][吞吐率：99.03req/s] [内存消耗：1,650.74kb] [文件加载：44]
[ error ] [8]未定义数组下标: 1

---------------------------------------------------------------
[ 2023-08-30T11:51:15+08:00 ] [ log ] at888.icu/99/index/open.html [运行时间：0.014507s][吞吐率：68.93req/s] [内存消耗：1,865.12kb] [文件加载：50]
[ error ] [8]未定义数组下标: 1

---------------------------------------------------------------
[ 2023-08-30T12:18:53+08:00 ] [ log ] at888.icu/99/ [运行时间：0.013601s][吞吐率：73.52req/s] [内存消耗：1,865.34kb] [文件加载：51]
[ error ] [8]未定义数组下标: 1

---------------------------------------------------------------
[ 2023-08-30T12:18:54+08:00 ] [ log ] at888.icu/99/favicon.ico [运行时间：0.009742s][吞吐率：102.65req/s] [内存消耗：1,650.74kb] [文件加载：44]
[ error ] [8]未定义数组下标: 1

---------------------------------------------------------------
[ 2023-08-30T12:18:56+08:00 ] [ log ] at888.icu/99/index/open.html [运行时间：0.014215s][吞吐率：70.35req/s] [内存消耗：1,865.12kb] [文件加载：50]
[ error ] [8]未定义数组下标: 1

---------------------------------------------------------------
[ 2023-08-30T12:49:17+08:00 ] [ log ] at666.icu/99/ [运行时间：0.011595s][吞吐率：86.24req/s] [内存消耗：1,865.34kb] [文件加载：51]
[ error ] [8]未定义数组下标: 1

---------------------------------------------------------------
[ 2023-08-30T12:49:20+08:00 ] [ log ] at666.icu/99/index/open.html [运行时间：0.013307s][吞吐率：75.15req/s] [内存消耗：1,865.12kb] [文件加载：50]
[ error ] [8]未定义数组下标: 1

---------------------------------------------------------------
[ 2023-08-30T12:50:36+08:00 ] [ log ] asd123111.icu/99/ [运行时间：0.010751s][吞吐率：93.01req/s] [内存消耗：1,865.34kb] [文件加载：51]
[ error ] [8]未定义数组下标: 1

---------------------------------------------------------------
[ 2023-08-30T12:50:36+08:00 ] [ log ] asd123111.icu/99/favicon.ico [运行时间：0.009881s][吞吐率：101.20req/s] [内存消耗：1,650.74kb] [文件加载：44]
[ error ] [8]未定义数组下标: 1

---------------------------------------------------------------
[ 2023-08-30T12:50:38+08:00 ] [ log ] asd123111.icu/99/index/open.html [运行时间：0.011406s][吞吐率：87.67req/s] [内存消耗：1,865.13kb] [文件加载：50]
[ error ] [8]未定义数组下标: 1

---------------------------------------------------------------
[ 2023-08-30T12:51:19+08:00 ] [ log ] asd123111.icu/99/ [运行时间：0.010898s][吞吐率：91.76req/s] [内存消耗：1,864.81kb] [文件加载：51]
[ error ] [8]未定义数组下标: 1

---------------------------------------------------------------
[ 2023-08-30T12:54:47+08:00 ] [ log ] at888.icu/99/?uc_sm=1 [运行时间：0.027622s][吞吐率：36.20req/s] [内存消耗：1,865.97kb] [文件加载：51]
[ error ] [8]未定义数组下标: 1

---------------------------------------------------------------
[ 2023-08-30T12:54:47+08:00 ] [ log ] at888.icu/99/ [运行时间：0.014485s][吞吐率：69.04req/s] [内存消耗：1,865.34kb] [文件加载：51]
[ error ] [8]未定义数组下标: 1

---------------------------------------------------------------
[ 2023-08-30T12:54:52+08:00 ] [ log ] at888.icu/99/index/open.html [运行时间：0.011297s][吞吐率：88.52req/s] [内存消耗：1,865.12kb] [文件加载：50]
[ error ] [8]未定义数组下标: 1

---------------------------------------------------------------
[ 2023-08-30T12:54:55+08:00 ] [ log ] at888.icu/99/favicon.ico [运行时间：0.009490s][吞吐率：105.37req/s] [内存消耗：1,650.74kb] [文件加载：44]
[ error ] [8]未定义数组下标: 1

---------------------------------------------------------------
[ 2023-08-30T12:55:59+08:00 ] [ log ] at888.icu/99/favicon.ico [运行时间：0.013469s][吞吐率：74.24req/s] [内存消耗：1,650.74kb] [文件加载：44]
[ error ] [8]未定义数组下标: 1

---------------------------------------------------------------
[ 2023-08-30T13:11:34+08:00 ] [ log ] at1666.com/99/ [运行时间：0.012294s][吞吐率：81.34req/s] [内存消耗：1,865.34kb] [文件加载：51]
[ error ] [8]未定义数组下标: 1

---------------------------------------------------------------
[ 2023-08-30T13:11:41+08:00 ] [ log ] at1666.com/99/favicon.ico [运行时间：0.009581s][吞吐率：104.37req/s] [内存消耗：1,650.74kb] [文件加载：44]
[ error ] [8]未定义数组下标: 1

---------------------------------------------------------------
[ 2023-08-30T13:11:42+08:00 ] [ log ] at1666.com/99/index/open.html [运行时间：0.010757s][吞吐率：92.96req/s] [内存消耗：1,865.12kb] [文件加载：50]
[ error ] [8]未定义数组下标: 1

---------------------------------------------------------------
[ 2023-08-30T13:11:43+08:00 ] [ log ] at1666.com/99/favicon.ico [运行时间：0.009364s][吞吐率：106.79req/s] [内存消耗：1,650.74kb] [文件加载：44]
[ error ] [8]未定义数组下标: 1

---------------------------------------------------------------
[ 2023-08-30T13:12:05+08:00 ] [ log ] at888.icu/99/ [运行时间：0.011659s][吞吐率：85.77req/s] [内存消耗：1,865.34kb] [文件加载：51]
[ error ] [8]未定义数组下标: 1

---------------------------------------------------------------
[ 2023-08-30T13:12:10+08:00 ] [ log ] at888.icu/99/favicon.ico [运行时间：0.013252s][吞吐率：75.46req/s] [内存消耗：1,650.74kb] [文件加载：44]
[ error ] [8]未定义数组下标: 1

---------------------------------------------------------------
[ 2023-08-30T13:12:13+08:00 ] [ log ] at888.icu/99/index/open.html [运行时间：0.010695s][吞吐率：93.50req/s] [内存消耗：1,865.12kb] [文件加载：50]
[ error ] [8]未定义数组下标: 1

---------------------------------------------------------------
[ 2023-08-30T15:04:03+08:00 ] [ log ] at888.icu/99/ [运行时间：0.025913s][吞吐率：38.59req/s] [内存消耗：1,865.34kb] [文件加载：51]
[ error ] [8]未定义数组下标: 1

---------------------------------------------------------------
[ 2023-08-30T15:04:04+08:00 ] [ log ] at888.icu/99/favicon.ico [运行时间：0.029196s][吞吐率：34.25req/s] [内存消耗：1,650.74kb] [文件加载：44]
[ error ] [8]未定义数组下标: 1

---------------------------------------------------------------
[ 2023-08-30T15:04:06+08:00 ] [ log ] at888.icu/99/index/open.html [运行时间：0.014754s][吞吐率：67.78req/s] [内存消耗：1,865.12kb] [文件加载：50]
[ error ] [8]未定义数组下标: 1

---------------------------------------------------------------
[ 2023-08-30T15:20:07+08:00 ] [ log ] at888.icu/99/ [运行时间：0.011235s][吞吐率：89.01req/s] [内存消耗：1,865.34kb] [文件加载：51]
[ error ] [8]未定义数组下标: 1

---------------------------------------------------------------
[ 2023-08-30T15:20:08+08:00 ] [ log ] at888.icu/99/favicon.ico [运行时间：0.009287s][吞吐率：107.68req/s] [内存消耗：1,650.74kb] [文件加载：44]
[ error ] [8]未定义数组下标: 1

---------------------------------------------------------------
[ 2023-08-30T15:20:11+08:00 ] [ log ] at888.icu/99/index/open.html [运行时间：0.018514s][吞吐率：54.01req/s] [内存消耗：1,865.12kb] [文件加载：50]
[ error ] [8]未定义数组下标: 1

---------------------------------------------------------------
[ 2023-08-30T15:36:04+08:00 ] [ log ] asd123111.icu/99/ [运行时间：0.011293s][吞吐率：88.55req/s] [内存消耗：1,865.34kb] [文件加载：51]
[ error ] [8]未定义数组下标: 1

---------------------------------------------------------------
[ 2023-08-30T15:36:05+08:00 ] [ log ] asd123111.icu/99/favicon.ico [运行时间：0.009434s][吞吐率：106.00req/s] [内存消耗：1,650.74kb] [文件加载：44]
[ error ] [8]未定义数组下标: 1

---------------------------------------------------------------
[ 2023-08-30T15:36:07+08:00 ] [ log ] asd123111.icu/99/index/open.html [运行时间：0.010809s][吞吐率：92.52req/s] [内存消耗：1,865.13kb] [文件加载：50]
[ error ] [8]未定义数组下标: 1

---------------------------------------------------------------
[ 2023-08-30T15:37:05+08:00 ] [ log ] asd123111.icu/99/ [运行时间：0.011447s][吞吐率：87.36req/s] [内存消耗：1,864.81kb] [文件加载：51]
[ error ] [8]未定义数组下标: 1

---------------------------------------------------------------
[ 2023-08-30T16:28:12+08:00 ] [ log ] at888.icu/99/?uc_sm=1 [运行时间：0.011440s][吞吐率：87.41req/s] [内存消耗：1,865.97kb] [文件加载：51]
[ error ] [8]未定义数组下标: 1

---------------------------------------------------------------
[ 2023-08-30T16:28:13+08:00 ] [ log ] at888.icu/99/ [运行时间：0.010892s][吞吐率：91.81req/s] [内存消耗：1,865.34kb] [文件加载：51]
[ error ] [8]未定义数组下标: 1

---------------------------------------------------------------
[ 2023-08-30T16:28:14+08:00 ] [ log ] at888.icu/99/favicon.ico [运行时间：0.010109s][吞吐率：98.92req/s] [内存消耗：1,650.74kb] [文件加载：44]
[ error ] [8]未定义数组下标: 1

---------------------------------------------------------------
[ 2023-08-30T16:28:16+08:00 ] [ log ] at888.icu/99/index/open.html [运行时间：0.010713s][吞吐率：93.34req/s] [内存消耗：1,865.12kb] [文件加载：50]
[ error ] [8]未定义数组下标: 1

---------------------------------------------------------------
[ 2023-08-30T16:38:05+08:00 ] [ log ] asd123111.icu/99/index/open.html [运行时间：0.011221s][吞吐率：89.12req/s] [内存消耗：1,865.66kb] [文件加载：50]
[ error ] [8]未定义数组下标: 1

---------------------------------------------------------------
[ 2023-08-30T17:24:21+08:00 ] [ log ] at888.icu/99/ [运行时间：0.010715s][吞吐率：93.33req/s] [内存消耗：1,864.80kb] [文件加载：51]
[ error ] [8]未定义数组下标: 1

---------------------------------------------------------------
[ 2023-08-30T17:33:29+08:00 ] [ log ] at888.icu/99/ [运行时间：0.011223s][吞吐率：89.10req/s] [内存消耗：1,865.34kb] [文件加载：51]
[ error ] [8]未定义数组下标: 1

---------------------------------------------------------------
[ 2023-08-30T17:33:29+08:00 ] [ log ] at888.icu/99/favicon.ico [运行时间：0.009690s][吞吐率：103.20req/s] [内存消耗：1,650.74kb] [文件加载：44]
[ error ] [8]未定义数组下标: 1

---------------------------------------------------------------
[ 2023-08-30T17:42:18+08:00 ] [ log ] at666.icu/99/ [运行时间：0.019934s][吞吐率：50.17req/s] [内存消耗：1,865.34kb] [文件加载：51]
[ error ] [8]未定义数组下标: 1

---------------------------------------------------------------
[ 2023-08-30T17:42:23+08:00 ] [ log ] at666.icu/99/index/open.html [运行时间：0.013019s][吞吐率：76.81req/s] [内存消耗：1,865.12kb] [文件加载：50]
[ error ] [8]未定义数组下标: 1

---------------------------------------------------------------
[ 2023-08-30T17:49:24+08:00 ] [ log ] at888.icu/99/ [运行时间：0.014227s][吞吐率：70.29req/s] [内存消耗：1,864.80kb] [文件加载：51]
[ error ] [8]未定义数组下标: 1

---------------------------------------------------------------
[ 2023-08-30T17:49:24+08:00 ] [ log ] at888.icu/99/favicon.ico [运行时间：0.013087s][吞吐率：76.41req/s] [内存消耗：1,650.74kb] [文件加载：44]
[ error ] [8]未定义数组下标: 1

---------------------------------------------------------------
[ 2023-08-30T17:52:11+08:00 ] [ log ] at888.icu/99/index/open.html [运行时间：0.013390s][吞吐率：74.68req/s] [内存消耗：1,865.12kb] [文件加载：50]
[ error ] [8]未定义数组下标: 1

---------------------------------------------------------------
[ 2023-08-30T18:08:40+08:00 ] [ log ] at888.icu/99/ [运行时间：0.010878s][吞吐率：91.93req/s] [内存消耗：1,864.80kb] [文件加载：51]
[ error ] [8]未定义数组下标: 1

---------------------------------------------------------------
[ 2023-08-30T18:08:44+08:00 ] [ log ] at888.icu/99/favicon.ico [运行时间：0.009245s][吞吐率：108.16req/s] [内存消耗：1,650.74kb] [文件加载：44]
[ error ] [8]未定义数组下标: 1

---------------------------------------------------------------
[ 2023-08-30T18:08:45+08:00 ] [ log ] at888.icu/99/index/open.html [运行时间：0.010686s][吞吐率：93.58req/s] [内存消耗：1,865.12kb] [文件加载：50]
[ error ] [8]未定义数组下标: 1

---------------------------------------------------------------
[ 2023-08-30T18:08:54+08:00 ] [ log ] at888.icu/99/?uc_sm=1&from=wh10331 [运行时间：0.011434s][吞吐率：87.46req/s] [内存消耗：1,865.45kb] [文件加载：51]
[ error ] [8]未定义数组下标: 1

---------------------------------------------------------------
[ 2023-08-30T18:09:47+08:00 ] [ log ] at888.icu/99/ [运行时间：0.039620s][吞吐率：25.24req/s] [内存消耗：1,864.80kb] [文件加载：51]
[ error ] [8]未定义数组下标: 1

---------------------------------------------------------------
[ 2023-08-30T18:09:48+08:00 ] [ log ] at888.icu/99/favicon.ico [运行时间：0.024055s][吞吐率：41.57req/s] [内存消耗：1,650.74kb] [文件加载：44]
[ error ] [8]未定义数组下标: 1

---------------------------------------------------------------
[ 2023-08-30T18:09:50+08:00 ] [ log ] at888.icu/99/index/open.html [运行时间：0.011173s][吞吐率：89.50req/s] [内存消耗：1,865.12kb] [文件加载：50]
[ error ] [8]未定义数组下标: 1

---------------------------------------------------------------
[ 2023-08-30T18:32:48+08:00 ] [ log ] asd123111.icu/99/ [运行时间：0.010761s][吞吐率：92.93req/s] [内存消耗：1,865.34kb] [文件加载：51]
[ error ] [8]未定义数组下标: 1

---------------------------------------------------------------
[ 2023-08-30T18:32:49+08:00 ] [ log ] asd123111.icu/99/favicon.ico [运行时间：0.012902s][吞吐率：77.51req/s] [内存消耗：1,650.74kb] [文件加载：44]
[ error ] [8]未定义数组下标: 1

---------------------------------------------------------------
[ 2023-08-30T18:32:52+08:00 ] [ log ] asd123111.icu/99/index/open.html [运行时间：0.036415s][吞吐率：27.46req/s] [内存消耗：1,865.13kb] [文件加载：50]
[ error ] [8]未定义数组下标: 1

---------------------------------------------------------------
[ 2023-08-30T18:33:18+08:00 ] [ log ] asd123111.icu/99/ [运行时间：0.010711s][吞吐率：93.36req/s] [内存消耗：1,864.81kb] [文件加载：51]
[ error ] [8]未定义数组下标: 1

---------------------------------------------------------------
[ 2023-08-30T18:33:24+08:00 ] [ log ] asd123111.icu/99/index/open.html [运行时间：0.039495s][吞吐率：25.32req/s] [内存消耗：1,865.13kb] [文件加载：50]
[ error ] [8]未定义数组下标: 1

---------------------------------------------------------------
[ 2023-08-30T18:33:35+08:00 ] [ log ] at888.icu/99/ [运行时间：0.011000s][吞吐率：90.91req/s] [内存消耗：1,865.34kb] [文件加载：51]
[ error ] [8]未定义数组下标: 1

---------------------------------------------------------------
[ 2023-08-30T18:33:37+08:00 ] [ log ] at888.icu/99/favicon.ico [运行时间：0.009762s][吞吐率：102.44req/s] [内存消耗：1,650.74kb] [文件加载：44]
[ error ] [8]未定义数组下标: 1

---------------------------------------------------------------
[ 2023-08-30T18:33:42+08:00 ] [ log ] at888.icu/99/index/open.html [运行时间：0.010931s][吞吐率：91.48req/s] [内存消耗：1,865.12kb] [文件加载：50]
[ error ] [8]未定义数组下标: 1

---------------------------------------------------------------
[ 2023-08-30T18:47:06+08:00 ] [ log ] at888.icu/99/?uc_sm=1&from=wh10331 [运行时间：0.010842s][吞吐率：92.23req/s] [内存消耗：1,865.98kb] [文件加载：51]
[ error ] [8]未定义数组下标: 1

---------------------------------------------------------------
[ 2023-08-30T18:47:06+08:00 ] [ log ] at888.icu/99/ [运行时间：0.011181s][吞吐率：89.44req/s] [内存消耗：1,865.34kb] [文件加载：51]
[ error ] [8]未定义数组下标: 1

---------------------------------------------------------------
[ 2023-08-30T18:47:07+08:00 ] [ log ] at888.icu/99/favicon.ico [运行时间：0.009453s][吞吐率：105.79req/s] [内存消耗：1,650.74kb] [文件加载：44]
[ error ] [8]未定义数组下标: 1

---------------------------------------------------------------
[ 2023-08-30T18:47:10+08:00 ] [ log ] at888.icu/99/index/open.html [运行时间：0.011060s][吞吐率：90.42req/s] [内存消耗：1,865.12kb] [文件加载：50]
[ error ] [8]未定义数组下标: 1

---------------------------------------------------------------
[ 2023-08-30T18:49:16+08:00 ] [ log ] at888.icu/99/?uc_sm=1&from=wh10331 [运行时间：0.011409s][吞吐率：87.65req/s] [内存消耗：1,865.45kb] [文件加载：51]
[ error ] [8]未定义数组下标: 1

---------------------------------------------------------------
[ 2023-08-30T18:49:16+08:00 ] [ log ] at888.icu/99/ [运行时间：0.011202s][吞吐率：89.27req/s] [内存消耗：1,864.80kb] [文件加载：51]
[ error ] [8]未定义数组下标: 1

---------------------------------------------------------------
[ 2023-08-30T18:49:16+08:00 ] [ log ] at888.icu/99/favicon.ico [运行时间：0.009443s][吞吐率：105.90req/s] [内存消耗：1,650.74kb] [文件加载：44]
[ error ] [8]未定义数组下标: 1

---------------------------------------------------------------
[ 2023-08-30T18:49:18+08:00 ] [ log ] at888.icu/99/index/open.html [运行时间：0.013978s][吞吐率：71.54req/s] [内存消耗：1,865.12kb] [文件加载：50]
[ error ] [8]未定义数组下标: 1

---------------------------------------------------------------
[ 2023-08-30T18:50:16+08:00 ] [ log ] asd123111.icu/99/ [运行时间：0.014979s][吞吐率：66.76req/s] [内存消耗：1,864.81kb] [文件加载：51]
[ error ] [8]未定义数组下标: 1

---------------------------------------------------------------
[ 2023-08-30T18:50:17+08:00 ] [ log ] asd123111.icu/99/favicon.ico [运行时间：0.011945s][吞吐率：83.72req/s] [内存消耗：1,650.74kb] [文件加载：44]
[ error ] [8]未定义数组下标: 1

---------------------------------------------------------------
[ 2023-08-30T18:50:19+08:00 ] [ log ] asd123111.icu/99/index/open.html [运行时间：0.010498s][吞吐率：95.26req/s] [内存消耗：1,865.13kb] [文件加载：50]
[ error ] [8]未定义数组下标: 1

---------------------------------------------------------------
[ 2023-08-30T18:50:44+08:00 ] [ log ] asd123111.icu/99/ [运行时间：0.010722s][吞吐率：93.27req/s] [内存消耗：1,864.81kb] [文件加载：51]
[ error ] [8]未定义数组下标: 1

---------------------------------------------------------------
[ 2023-08-30T18:50:54+08:00 ] [ log ] asd123111.icu/99/index/open.html [运行时间：0.011449s][吞吐率：87.34req/s] [内存消耗：1,865.13kb] [文件加载：50]
[ error ] [8]未定义数组下标: 1

---------------------------------------------------------------
[ 2023-08-30T19:03:56+08:00 ] [ log ] at888.icu/99/ [运行时间：0.015617s][吞吐率：64.03req/s] [内存消耗：1,865.34kb] [文件加载：51]
[ error ] [8]未定义数组下标: 1

---------------------------------------------------------------
[ 2023-08-30T19:03:57+08:00 ] [ log ] at888.icu/99/favicon.ico [运行时间：0.010100s][吞吐率：99.01req/s] [内存消耗：1,650.74kb] [文件加载：44]
[ error ] [8]未定义数组下标: 1

---------------------------------------------------------------
[ 2023-08-30T19:03:59+08:00 ] [ log ] at888.icu/99/index/open.html [运行时间：0.011368s][吞吐率：87.97req/s] [内存消耗：1,865.12kb] [文件加载：50]
[ error ] [8]未定义数组下标: 1

---------------------------------------------------------------
[ 2023-08-30T19:34:50+08:00 ] [ log ] at888.icu/99/ [运行时间：0.011064s][吞吐率：90.38req/s] [内存消耗：1,865.34kb] [文件加载：51]
[ error ] [8]未定义数组下标: 1

---------------------------------------------------------------
[ 2023-08-30T19:34:54+08:00 ] [ log ] at888.icu/99/favicon.ico [运行时间：0.033929s][吞吐率：29.47req/s] [内存消耗：1,650.74kb] [文件加载：44]
[ error ] [8]未定义数组下标: 1

---------------------------------------------------------------
[ 2023-08-30T19:34:58+08:00 ] [ log ] at888.icu/99/index/open.html [运行时间：0.011696s][吞吐率：85.50req/s] [内存消耗：1,865.12kb] [文件加载：50]
[ error ] [8]未定义数组下标: 1

---------------------------------------------------------------
[ 2023-08-30T19:44:06+08:00 ] [ log ] at888.icu/99/ [运行时间：0.010818s][吞吐率：92.44req/s] [内存消耗：1,865.34kb] [文件加载：51]
[ error ] [8]未定义数组下标: 1

---------------------------------------------------------------
[ 2023-08-30T19:44:07+08:00 ] [ log ] at888.icu/99/favicon.ico [运行时间：0.009372s][吞吐率：106.70req/s] [内存消耗：1,650.74kb] [文件加载：44]
[ error ] [8]未定义数组下标: 1

---------------------------------------------------------------
[ 2023-08-30T19:44:10+08:00 ] [ log ] at888.icu/99/index/open.html [运行时间：0.010624s][吞吐率：94.12req/s] [内存消耗：1,865.12kb] [文件加载：50]
[ error ] [8]未定义数组下标: 1

---------------------------------------------------------------
[ 2023-08-30T19:51:41+08:00 ] [ log ] at888.icu/99/ [运行时间：0.011810s][吞吐率：84.67req/s] [内存消耗：1,864.80kb] [文件加载：51]
[ error ] [8]未定义数组下标: 1

---------------------------------------------------------------
[ 2023-08-30T19:51:41+08:00 ] [ log ] at888.icu/99/favicon.ico [运行时间：0.035977s][吞吐率：27.80req/s] [内存消耗：1,650.74kb] [文件加载：44]
[ error ] [8]未定义数组下标: 1

---------------------------------------------------------------
[ 2023-08-30T20:33:07+08:00 ] [ log ] at888.icu/99/ [运行时间：0.017353s][吞吐率：57.63req/s] [内存消耗：1,864.80kb] [文件加载：51]
[ error ] [8]未定义数组下标: 1

---------------------------------------------------------------
[ 2023-08-30T20:33:08+08:00 ] [ log ] at888.icu/99/favicon.ico [运行时间：0.013457s][吞吐率：74.31req/s] [内存消耗：1,650.74kb] [文件加载：44]
[ error ] [8]未定义数组下标: 1

---------------------------------------------------------------
[ 2023-08-30T20:33:14+08:00 ] [ log ] at888.icu/99/index/open.html [运行时间：0.026579s][吞吐率：37.62req/s] [内存消耗：1,865.12kb] [文件加载：50]
[ error ] [8]未定义数组下标: 1

---------------------------------------------------------------
[ 2023-08-30T20:49:13+08:00 ] [ log ] at888.icu/99/ [运行时间：0.010821s][吞吐率：92.41req/s] [内存消耗：1,865.34kb] [文件加载：51]
[ error ] [8]未定义数组下标: 1

---------------------------------------------------------------
[ 2023-08-30T20:49:13+08:00 ] [ log ] at888.icu/99/favicon.ico [运行时间：0.009322s][吞吐率：107.27req/s] [内存消耗：1,650.74kb] [文件加载：44]
[ error ] [8]未定义数组下标: 1

---------------------------------------------------------------
[ 2023-08-30T20:49:15+08:00 ] [ log ] at888.icu/99/index/open.html [运行时间：0.030961s][吞吐率：32.30req/s] [内存消耗：1,865.12kb] [文件加载：50]
[ error ] [8]未定义数组下标: 1

---------------------------------------------------------------
[ 2023-08-30T20:51:11+08:00 ] [ log ] at888.icu/99/ [运行时间：0.011364s][吞吐率：88.00req/s] [内存消耗：1,864.80kb] [文件加载：51]
[ error ] [8]未定义数组下标: 1

---------------------------------------------------------------
[ 2023-08-30T20:51:15+08:00 ] [ log ] at888.icu/99/index/open.html [运行时间：0.034692s][吞吐率：28.83req/s] [内存消耗：1,865.12kb] [文件加载：50]
[ error ] [8]未定义数组下标: 1

---------------------------------------------------------------
[ 2023-08-30T20:58:14+08:00 ] [ log ] at888.icu/99/ [运行时间：0.010670s][吞吐率：93.72req/s] [内存消耗：1,864.80kb] [文件加载：51]
[ error ] [8]未定义数组下标: 1

---------------------------------------------------------------
[ 2023-08-30T20:58:15+08:00 ] [ log ] at888.icu/99/favicon.ico [运行时间：0.009696s][吞吐率：103.14req/s] [内存消耗：1,650.74kb] [文件加载：44]
[ error ] [8]未定义数组下标: 1

---------------------------------------------------------------
[ 2023-08-30T20:58:18+08:00 ] [ log ] at888.icu/99/index/open.html [运行时间：0.025769s][吞吐率：38.81req/s] [内存消耗：1,865.12kb] [文件加载：50]
[ error ] [8]未定义数组下标: 1

---------------------------------------------------------------
[ 2023-08-30T20:59:48+08:00 ] [ log ] at888.icu/99/ [运行时间：0.022361s][吞吐率：44.72req/s] [内存消耗：1,865.34kb] [文件加载：51]
[ error ] [8]未定义数组下标: 1

---------------------------------------------------------------
[ 2023-08-30T20:59:52+08:00 ] [ log ] at888.icu/99/index/open.html [运行时间：0.011428s][吞吐率：87.50req/s] [内存消耗：1,865.12kb] [文件加载：50]
[ error ] [8]未定义数组下标: 1

---------------------------------------------------------------
[ 2023-08-30T21:01:49+08:00 ] [ log ] at888.icu/99/ [运行时间：0.025749s][吞吐率：38.84req/s] [内存消耗：1,864.80kb] [文件加载：51]
[ error ] [8]未定义数组下标: 1

---------------------------------------------------------------
[ 2023-08-30T21:01:54+08:00 ] [ log ] at888.icu/99/index/open.html [运行时间：0.010674s][吞吐率：93.69req/s] [内存消耗：1,865.12kb] [文件加载：50]
[ error ] [8]未定义数组下标: 1

---------------------------------------------------------------
[ 2023-08-30T21:03:03+08:00 ] [ log ] at888.icu/99/ [运行时间：0.011224s][吞吐率：89.09req/s] [内存消耗：1,865.34kb] [文件加载：51]
[ error ] [8]未定义数组下标: 1

---------------------------------------------------------------
[ 2023-08-30T21:03:09+08:00 ] [ log ] at888.icu/99/favicon.ico [运行时间：0.009517s][吞吐率：105.08req/s] [内存消耗：1,650.74kb] [文件加载：44]
[ error ] [8]未定义数组下标: 1

---------------------------------------------------------------
[ 2023-08-30T21:03:10+08:00 ] [ log ] at888.icu/99/favicon.ico [运行时间：0.009263s][吞吐率：107.96req/s] [内存消耗：1,650.74kb] [文件加载：44]
[ error ] [8]未定义数组下标: 1

---------------------------------------------------------------
[ 2023-08-30T21:03:13+08:00 ] [ log ] at888.icu/99/index/open.html [运行时间：0.017824s][吞吐率：56.10req/s] [内存消耗：1,865.12kb] [文件加载：50]
[ error ] [8]未定义数组下标: 1

---------------------------------------------------------------
[ 2023-08-30T21:08:22+08:00 ] [ log ] at888.icu/99/ [运行时间：0.011225s][吞吐率：89.09req/s] [内存消耗：1,864.80kb] [文件加载：51]
[ error ] [8]未定义数组下标: 1

---------------------------------------------------------------
[ 2023-08-30T21:08:27+08:00 ] [ log ] at888.icu/99/index/open.html [运行时间：0.014181s][吞吐率：70.52req/s] [内存消耗：1,865.12kb] [文件加载：50]
[ error ] [8]未定义数组下标: 1

---------------------------------------------------------------
[ 2023-08-30T21:13:04+08:00 ] [ log ] at888.icu/99/ [运行时间：0.011632s][吞吐率：85.97req/s] [内存消耗：1,864.80kb] [文件加载：51]
[ error ] [8]未定义数组下标: 1

---------------------------------------------------------------
[ 2023-08-30T21:13:09+08:00 ] [ log ] at888.icu/99/index/open.html [运行时间：0.010824s][吞吐率：92.39req/s] [内存消耗：1,865.12kb] [文件加载：50]
[ error ] [8]未定义数组下标: 1

---------------------------------------------------------------
[ 2023-08-30T21:15:17+08:00 ] [ log ] at888.icu/99/ [运行时间：0.015320s][吞吐率：65.27req/s] [内存消耗：1,864.80kb] [文件加载：51]
[ error ] [8]未定义数组下标: 1

---------------------------------------------------------------
[ 2023-08-30T21:15:21+08:00 ] [ log ] at888.icu/99/index/open.html [运行时间：0.011260s][吞吐率：88.81req/s] [内存消耗：1,865.12kb] [文件加载：50]
[ error ] [8]未定义数组下标: 1

---------------------------------------------------------------
[ 2023-08-30T21:15:53+08:00 ] [ log ] at888.icu/99/ [运行时间：0.011362s][吞吐率：88.01req/s] [内存消耗：1,864.80kb] [文件加载：51]
[ error ] [8]未定义数组下标: 1

---------------------------------------------------------------
[ 2023-08-30T21:15:57+08:00 ] [ log ] at888.icu/99/index/open.html [运行时间：0.010843s][吞吐率：92.23req/s] [内存消耗：1,865.12kb] [文件加载：50]
[ error ] [8]未定义数组下标: 1

---------------------------------------------------------------
[ 2023-08-30T21:29:00+08:00 ] [ log ] at888.icu/99/ [运行时间：0.011056s][吞吐率：90.45req/s] [内存消耗：1,865.34kb] [文件加载：51]
[ error ] [8]未定义数组下标: 1

---------------------------------------------------------------
[ 2023-08-30T21:29:01+08:00 ] [ log ] at888.icu/99/favicon.ico [运行时间：0.009259s][吞吐率：108.00req/s] [内存消耗：1,650.74kb] [文件加载：44]
[ error ] [8]未定义数组下标: 1

---------------------------------------------------------------
[ 2023-08-30T21:29:03+08:00 ] [ log ] at888.icu/99/index/open.html [运行时间：0.013470s][吞吐率：74.24req/s] [内存消耗：1,865.12kb] [文件加载：50]
[ error ] [8]未定义数组下标: 1

---------------------------------------------------------------
[ 2023-08-30T21:30:48+08:00 ] [ log ] at888.icu/99/ [运行时间：0.011837s][吞吐率：84.48req/s] [内存消耗：1,864.80kb] [文件加载：51]
[ error ] [8]未定义数组下标: 1

---------------------------------------------------------------
[ 2023-08-30T21:31:11+08:00 ] [ log ] at888.icu/99/index/open.html [运行时间：0.015272s][吞吐率：65.48req/s] [内存消耗：1,865.12kb] [文件加载：50]
[ error ] [8]未定义数组下标: 1

---------------------------------------------------------------
