[ 2024-07-29T23:01:28+08:00 ] [ log ] swiss012.com/99/ [运行时间：0.036593s][吞吐率：27.33req/s] [内存消耗：2,038.61kb] [文件加载：54]
[ error ] [8]未定义数组下标: 1

---------------------------------------------------------------
[ 2024-07-29T23:01:34+08:00 ] [ log ] swiss012.com/99/ [运行时间：0.033619s][吞吐率：29.74req/s] [内存消耗：1,904.74kb] [文件加载：51]
[ error ] [8]未定义数组下标: 1

---------------------------------------------------------------
[ 2024-07-29T23:01:35+08:00 ] [ log ] swiss012.com/99/favicon.ico [运行时间：0.024951s][吞吐率：40.08req/s] [内存消耗：1,673.32kb] [文件加载：44]
[ error ] [8]未定义数组下标: 1

---------------------------------------------------------------
[ 2024-07-29T23:01:35+08:00 ] [ log ] swiss012.com/99/favicon.ico [运行时间：0.028791s][吞吐率：34.73req/s] [内存消耗：1,673.32kb] [文件加载：44]
[ error ] [8]未定义数组下标: 1

---------------------------------------------------------------
[ 2024-07-29T23:01:40+08:00 ] [ log ] swiss012.com/99/index/open.html [运行时间：0.033577s][吞吐率：29.78req/s] [内存消耗：1,903.92kb] [文件加载：50]
[ error ] [8]未定义数组下标: 1

---------------------------------------------------------------
[ 2024-07-29T23:05:29+08:00 ] [ log ] six012.com/99/ [运行时间：0.033192s][吞吐率：30.13req/s] [内存消耗：1,904.73kb] [文件加载：51]
[ error ] [8]未定义数组下标: 1

---------------------------------------------------------------
[ 2024-07-29T23:05:29+08:00 ] [ log ] six012.com/99/favicon.ico [运行时间：0.023443s][吞吐率：42.66req/s] [内存消耗：1,673.32kb] [文件加载：44]
[ error ] [8]未定义数组下标: 1

---------------------------------------------------------------
[ 2024-07-29T23:05:30+08:00 ] [ log ] six012.com/99/favicon.ico [运行时间：0.024130s][吞吐率：41.44req/s] [内存消耗：1,673.32kb] [文件加载：44]
[ error ] [8]未定义数组下标: 1

---------------------------------------------------------------
[ 2024-07-29T23:05:31+08:00 ] [ log ] six012.com/99/index/open.html [运行时间：0.030772s][吞吐率：32.50req/s] [内存消耗：1,903.92kb] [文件加载：50]
[ error ] [8]未定义数组下标: 1

---------------------------------------------------------------
[ 2024-07-29T23:42:44+08:00 ] [ log ] swiss012.com/99/ [运行时间：0.032169s][吞吐率：31.09req/s] [内存消耗：1,904.17kb] [文件加载：51]
[ error ] [8]未定义数组下标: 1

---------------------------------------------------------------
[ 2024-07-29T23:42:45+08:00 ] [ log ] swiss012.com/99/favicon.ico [运行时间：0.024527s][吞吐率：40.77req/s] [内存消耗：1,673.32kb] [文件加载：44]
[ error ] [8]未定义数组下标: 1

---------------------------------------------------------------
[ 2024-07-29T23:43:32+08:00 ] [ log ] swiss012.com/99/ [运行时间：0.031732s][吞吐率：31.51req/s] [内存消耗：1,904.74kb] [文件加载：51]
[ error ] [8]未定义数组下标: 1

---------------------------------------------------------------
[ 2024-07-29T23:44:10+08:00 ] [ log ] swiss012.com/99/ [运行时间：0.031603s][吞吐率：31.64req/s] [内存消耗：1,896.78kb] [文件加载：48]
[ error ] [8]Undefined offset: 1

---------------------------------------------------------------
