[ 2024-07-30T11:53:46+08:00 ] [ log ] www.six012.com/99/ [运行时间：0.032490s][吞吐率：30.78req/s] [内存消耗：1,904.74kb] [文件加载：51]
[ error ] [8]未定义数组下标: 1

---------------------------------------------------------------
[ 2024-07-30T11:53:47+08:00 ] [ log ] www.six012.com/99/favicon.ico [运行时间：0.024668s][吞吐率：40.54req/s] [内存消耗：1,673.32kb] [文件加载：44]
[ error ] [8]未定义数组下标: 1

---------------------------------------------------------------
[ 2024-07-30T11:53:49+08:00 ] [ log ] www.six012.com/99/index/open.html [运行时间：0.030989s][吞吐率：32.27req/s] [内存消耗：1,903.93kb] [文件加载：50]
[ error ] [8]未定义数组下标: 1

---------------------------------------------------------------
[ 2024-07-30T12:21:16+08:00 ] [ log ] www.six012.com/99/ [运行时间：0.033867s][吞吐率：29.53req/s] [内存消耗：1,904.74kb] [文件加载：51]
[ error ] [8]未定义数组下标: 1

---------------------------------------------------------------
[ 2024-07-30T12:21:17+08:00 ] [ log ] www.six012.com/99/favicon.ico [运行时间：0.024323s][吞吐率：41.11req/s] [内存消耗：1,673.32kb] [文件加载：44]
[ error ] [8]未定义数组下标: 1

---------------------------------------------------------------
[ 2024-07-30T12:21:20+08:00 ] [ log ] www.six012.com/99/index/open.html [运行时间：0.028966s][吞吐率：34.52req/s] [内存消耗：1,903.93kb] [文件加载：50]
[ error ] [8]未定义数组下标: 1

---------------------------------------------------------------
[ 2024-07-30T12:47:37+08:00 ] [ log ] www.six012.com/99/ [运行时间：0.032466s][吞吐率：30.80req/s] [内存消耗：1,904.74kb] [文件加载：51]
[ error ] [8]未定义数组下标: 1

---------------------------------------------------------------
[ 2024-07-30T12:47:42+08:00 ] [ log ] www.six012.com/99/index/open.html [运行时间：0.029437s][吞吐率：33.97req/s] [内存消耗：1,903.93kb] [文件加载：50]
[ error ] [8]未定义数组下标: 1

---------------------------------------------------------------
[ 2024-07-30T12:47:51+08:00 ] [ log ] www.six012.com/99/ [运行时间：0.031933s][吞吐率：31.32req/s] [内存消耗：1,904.17kb] [文件加载：51]
[ error ] [8]未定义数组下标: 1

---------------------------------------------------------------
[ 2024-07-30T12:47:57+08:00 ] [ log ] www.six012.com/99/index/open.html [运行时间：0.028852s][吞吐率：34.66req/s] [内存消耗：1,903.93kb] [文件加载：50]
[ error ] [8]未定义数组下标: 1

---------------------------------------------------------------
[ 2024-07-30T12:50:21+08:00 ] [ log ] www.six012.com/99/ [运行时间：0.031454s][吞吐率：31.79req/s] [内存消耗：1,904.74kb] [文件加载：51]
[ error ] [8]未定义数组下标: 1

---------------------------------------------------------------
[ 2024-07-30T12:50:28+08:00 ] [ log ] www.six012.com/99/index/open.html [运行时间：0.031559s][吞吐率：31.69req/s] [内存消耗：1,903.93kb] [文件加载：50]
[ error ] [8]未定义数组下标: 1

---------------------------------------------------------------
[ 2024-07-30T12:59:26+08:00 ] [ log ] six012.com/99/ [运行时间：0.032907s][吞吐率：30.39req/s] [内存消耗：1,904.73kb] [文件加载：51]
[ error ] [8]未定义数组下标: 1

---------------------------------------------------------------
[ 2024-07-30T12:59:29+08:00 ] [ log ] six012.com/99/index/open.html [运行时间：0.048088s][吞吐率：20.80req/s] [内存消耗：1,903.92kb] [文件加载：50]
[ error ] [8]未定义数组下标: 1

---------------------------------------------------------------
